OpenROAD 41a51eaf4ca2171c92ff38afb91eb37bbd3f36da 
This program is licensed under the BSD-3 license. See the LICENSE file for details.
Components of this program may be licensed under more restrictive licenses which must be honored.
[INFO]: Reading ODB at '/openlane/designs/part1_alu/runs/RUN_2026.05.15_10.29.37/results/placement/alu.odb'…
define_corners Slowest Typical Fastest
read_liberty -corner Slowest /Users/egehuriel/.ciel/sky130A/libs.ref/sky130_fd_sc_hd/lib/sky130_fd_sc_hd__ss_100C_1v60.lib
read_liberty -corner Typical /Users/egehuriel/.ciel/sky130A/libs.ref/sky130_fd_sc_hd/lib/sky130_fd_sc_hd__tt_025C_1v80.lib
read_liberty -corner Fastest /Users/egehuriel/.ciel/sky130A/libs.ref/sky130_fd_sc_hd/lib/sky130_fd_sc_hd__ff_n40C_1v95.lib
Using 1e-12 for capacitance...
Using 1e+03 for resistance...
Using 1e-09 for time...
Using 1e+00 for voltage...
Using 1e-03 for current...
Using 1e-09 for power...
Using 1e-06 for distance...
Reading design constraints file at '/openlane/designs/part1_alu/runs/RUN_2026.05.15_10.29.37/tmp/placement/8-resizer.sdc'…
[WARNING STA-0357] virtual clock __VIRTUAL_CLK__ can not be propagated.
[INFO]: Setting RC values...
[INFO RSZ-0040] Inserted 23 buffers.
[INFO RSZ-0041] Resized 45 instances.
[WARNING RSZ-0062] Unable to repair all setup violations.
[INFO RSZ-0033] No hold violations found.
Placement Analysis
---------------------------------
total displacement        136.9 u
average displacement        0.1 u
max displacement            6.9 u
original HPWL           91689.4 u
legalized HPWL          92215.6 u
delta HPWL                    1 %

[INFO DPL-0020] Mirrored 352 instances
[INFO DPL-0021] HPWL before           92215.6 u
[INFO DPL-0022] HPWL after            91622.3 u
[INFO DPL-0023] HPWL delta               -0.6 %
Setting global connections for newly added cells…
Writing OpenROAD database to '/openlane/designs/part1_alu/runs/RUN_2026.05.15_10.29.37/tmp/cts/11-alu.resized.odb'…
Writing netlist to '/openlane/designs/part1_alu/runs/RUN_2026.05.15_10.29.37/tmp/cts/11-alu.resized.nl.v'…
Writing powered netlist to '/openlane/designs/part1_alu/runs/RUN_2026.05.15_10.29.37/tmp/cts/11-alu.resized.pnl.v'…
Writing layout to '/openlane/designs/part1_alu/runs/RUN_2026.05.15_10.29.37/tmp/cts/11-alu.resized.def'…
Writing timing constraints to '/openlane/designs/part1_alu/runs/RUN_2026.05.15_10.29.37/tmp/cts/11-alu.resized.sdc'…
area_report

===========================================================================
report_design_area
============================================================================
Design area 7079 u^2 40% utilization.
area_report_end
