
===========================================================================
report_checks -unconstrained
===========================================================================
======================= Typical Corner ===================================

Startpoint: B[0] (input port clocked by __VIRTUAL_CLK__)
Endpoint: Y[0] (output port clocked by __VIRTUAL_CLK__)
Path Group: __VIRTUAL_CLK__
Path Type: max

Fanout     Cap    Slew   Delay    Time   Description
-----------------------------------------------------------------------------
                  0.00    0.00    0.00   clock __VIRTUAL_CLK__ (rise edge)
                          0.00    0.00   clock network delay (ideal)
                          2.00    2.00 ^ input external delay
                  0.03    0.02    2.02 ^ B[0] (in)
     1    0.01                           B[0] (net)
                  0.03    0.00    2.02 ^ input9/A (sky130_fd_sc_hd__buf_6)
                  0.28    0.27    2.29 ^ input9/X (sky130_fd_sc_hd__buf_6)
     3    0.14                           net9 (net)
                  0.28    0.01    2.30 ^ _0664_/B_N (sky130_fd_sc_hd__or2b_4)
                  0.18    0.46    2.77 v _0664_/X (sky130_fd_sc_hd__or2b_4)
     2    0.11                           _0374_ (net)
                  0.18    0.02    2.79 v _0665_/A2 (sky130_fd_sc_hd__a21oi_4)
                  0.52    0.52    3.31 ^ _0665_/Y (sky130_fd_sc_hd__a21oi_4)
     3    0.07                           _0385_ (net)
                  0.52    0.01    3.32 ^ _0667_/A2 (sky130_fd_sc_hd__o31a_4)
                  0.40    0.50    3.82 ^ _0667_/X (sky130_fd_sc_hd__o31a_4)
     4    0.14                           _0406_ (net)
                  0.40    0.01    3.83 ^ _0668_/B (sky130_fd_sc_hd__or2_4)
                  0.39    0.46    4.29 ^ _0668_/X (sky130_fd_sc_hd__or2_4)
     4    0.13                           _0417_ (net)
                  0.39    0.03    4.32 ^ _0676_/A2 (sky130_fd_sc_hd__a31o_4)
                  0.31    0.44    4.76 ^ _0676_/X (sky130_fd_sc_hd__a31o_4)
     5    0.10                           _0503_ (net)
                  0.31    0.02    4.77 ^ _0687_/D_N (sky130_fd_sc_hd__or4b_4)
                  0.23    0.73    5.50 v _0687_/X (sky130_fd_sc_hd__or4b_4)
     3    0.11                           _0619_ (net)
                  0.23    0.01    5.51 v _0690_/A3 (sky130_fd_sc_hd__a32o_4)
                  0.16    0.53    6.05 v _0690_/X (sky130_fd_sc_hd__a32o_4)
     3    0.10                           _0626_ (net)
                  0.16    0.01    6.06 v _0692_/A3 (sky130_fd_sc_hd__a31o_2)
                  0.10    0.37    6.43 v _0692_/X (sky130_fd_sc_hd__a31o_2)
     1    0.03                           _0628_ (net)
                  0.10    0.00    6.43 v _0693_/A2 (sky130_fd_sc_hd__a211oi_4)
                  0.36    0.42    6.85 ^ _0693_/Y (sky130_fd_sc_hd__a211oi_4)
     3    0.03                           _0629_ (net)
                  0.36    0.00    6.85 ^ max_cap52/A (sky130_fd_sc_hd__clkbuf_2)
                  0.22    0.32    7.17 ^ max_cap52/X (sky130_fd_sc_hd__clkbuf_2)
     2    0.04                           net52 (net)
                  0.22    0.00    7.17 ^ max_cap50/A (sky130_fd_sc_hd__clkbuf_2)
                  0.12    0.23    7.40 ^ max_cap50/X (sky130_fd_sc_hd__clkbuf_2)
     1    0.02                           net50 (net)
                  0.12    0.00    7.40 ^ _0716_/A (sky130_fd_sc_hd__nand2_8)
                  0.13    0.14    7.55 v _0716_/Y (sky130_fd_sc_hd__nand2_8)
     3    0.09                           _0652_ (net)
                  0.13    0.01    7.55 v _0717_/S (sky130_fd_sc_hd__mux2_8)
                  0.14    0.48    8.04 v _0717_/X (sky130_fd_sc_hd__mux2_8)
     4    0.13                           _0653_ (net)
                  0.15    0.02    8.05 v _0720_/A2 (sky130_fd_sc_hd__a22oi_4)
                  0.57    0.58    8.63 ^ _0720_/Y (sky130_fd_sc_hd__a22oi_4)
     2    0.08                           _0002_ (net)
                  0.57    0.01    8.64 ^ _0730_/A2 (sky130_fd_sc_hd__o31ai_1)
                  0.14    0.21    8.85 v _0730_/Y (sky130_fd_sc_hd__o31ai_1)
     1    0.01                           _0012_ (net)
                  0.14    0.00    8.85 v wire44/A (sky130_fd_sc_hd__buf_2)
                  0.12    0.25    9.10 v wire44/X (sky130_fd_sc_hd__buf_2)
     2    0.05                           net44 (net)
                  0.12    0.00    9.10 v _0732_/A2 (sky130_fd_sc_hd__a21oi_4)
                  0.61    0.56    9.67 ^ _0732_/Y (sky130_fd_sc_hd__a21oi_4)
     5    0.09                           _0014_ (net)
                  0.61    0.01    9.68 ^ _0733_/S (sky130_fd_sc_hd__mux2_4)
                  0.15    0.49   10.17 v _0733_/X (sky130_fd_sc_hd__mux2_4)
     3    0.08                           _0015_ (net)
                  0.15    0.00   10.17 v _0746_/B (sky130_fd_sc_hd__xnor2_1)
                  0.15    0.20   10.37 ^ _0746_/Y (sky130_fd_sc_hd__xnor2_1)
     1    0.00                           _0028_ (net)
                  0.15    0.00   10.37 ^ wire40/A (sky130_fd_sc_hd__buf_4)
                  0.27    0.31   10.68 ^ wire40/X (sky130_fd_sc_hd__buf_4)
     3    0.10                           net40 (net)
                  0.27    0.01   10.69 ^ _0763_/A1 (sky130_fd_sc_hd__a21o_4)
                  0.17    0.28   10.97 ^ _0763_/X (sky130_fd_sc_hd__a21o_4)
     2    0.06                           _0045_ (net)
                  0.17    0.01   10.98 ^ _0765_/A2 (sky130_fd_sc_hd__a21o_4)
                  0.40    0.42   11.40 ^ _0765_/X (sky130_fd_sc_hd__a21o_4)
     4    0.15                           _0047_ (net)
                  0.40    0.02   11.42 ^ _0776_/A1 (sky130_fd_sc_hd__a32oi_4)
                  0.24    0.31   11.73 v _0776_/Y (sky130_fd_sc_hd__a32oi_4)
     4    0.05                           _0058_ (net)
                  0.24    0.00   11.73 v _0780_/A2 (sky130_fd_sc_hd__a21oi_4)
                  0.36    0.43   12.16 ^ _0780_/Y (sky130_fd_sc_hd__a21oi_4)
     2    0.05                           _0062_ (net)
                  0.36    0.00   12.16 ^ max_cap38/A (sky130_fd_sc_hd__buf_4)
                  0.22    0.33   12.49 ^ max_cap38/X (sky130_fd_sc_hd__buf_4)
     4    0.08                           net38 (net)
                  0.22    0.01   12.51 ^ max_cap37/A (sky130_fd_sc_hd__buf_4)
                  0.24    0.32   12.82 ^ max_cap37/X (sky130_fd_sc_hd__buf_4)
     5    0.09                           net37 (net)
                  0.24    0.01   12.84 ^ _0794_/S (sky130_fd_sc_hd__mux2_4)
                  0.12    0.44   13.28 v _0794_/X (sky130_fd_sc_hd__mux2_4)
     3    0.06                           _0076_ (net)
                  0.12    0.01   13.28 v _0807_/B (sky130_fd_sc_hd__nor2_4)
                  0.49    0.44   13.72 ^ _0807_/Y (sky130_fd_sc_hd__nor2_4)
     2    0.08                           _0089_ (net)
                  0.49    0.01   13.73 ^ _0808_/B1 (sky130_fd_sc_hd__a21o_4)
                  0.28    0.33   14.06 ^ _0808_/X (sky130_fd_sc_hd__a21o_4)
     4    0.10                           _0090_ (net)
                  0.28    0.03   14.09 ^ _0835_/A1 (sky130_fd_sc_hd__a41o_4)
                  0.24    0.43   14.52 ^ _0835_/X (sky130_fd_sc_hd__a41o_4)
     3    0.08                           _0117_ (net)
                  0.24    0.00   14.52 ^ _0836_/B (sky130_fd_sc_hd__and2_2)
                  0.36    0.44   14.96 ^ _0836_/X (sky130_fd_sc_hd__and2_2)
     1    0.07                           _0118_ (net)
                  0.36    0.01   14.97 ^ _0837_/A (sky130_fd_sc_hd__buf_6)
                  0.29    0.35   15.32 ^ _0837_/X (sky130_fd_sc_hd__buf_6)
     8    0.15                           _0119_ (net)
                  0.30    0.04   15.35 ^ _0850_/S (sky130_fd_sc_hd__mux2_2)
                  0.13    0.51   15.86 v _0850_/X (sky130_fd_sc_hd__mux2_2)
     2    0.04                           _0132_ (net)
                  0.13    0.00   15.87 v _0861_/A2 (sky130_fd_sc_hd__a221o_1)
                  0.13    0.48   16.35 v _0861_/X (sky130_fd_sc_hd__a221o_1)
     1    0.02                           _0143_ (net)
                  0.13    0.00   16.35 v _0863_/A2 (sky130_fd_sc_hd__a21o_1)
                  0.04    0.23   16.58 v _0863_/X (sky130_fd_sc_hd__a21o_1)
     1    0.00                           _0145_ (net)
                  0.04    0.00   16.58 v _0871_/A2 (sky130_fd_sc_hd__a21o_1)
                  0.11    0.25   16.83 v _0871_/X (sky130_fd_sc_hd__a21o_1)
     1    0.02                           _0153_ (net)
                  0.11    0.00   16.83 v _0881_/A1 (sky130_fd_sc_hd__a21oi_4)
                  0.43    0.42   17.25 ^ _0881_/Y (sky130_fd_sc_hd__a21oi_4)
     2    0.06                           _0163_ (net)
                  0.43    0.00   17.26 ^ _0895_/A (sky130_fd_sc_hd__or4_2)
                  0.21    0.36   17.61 ^ _0895_/X (sky130_fd_sc_hd__or4_2)
     1    0.04                           _0177_ (net)
                  0.21    0.01   17.62 ^ _0896_/A (sky130_fd_sc_hd__clkbuf_2)
                  0.19    0.27   17.89 ^ _0896_/X (sky130_fd_sc_hd__clkbuf_2)
     2    0.03                           net20 (net)
                  0.19    0.00   17.89 ^ output20/A (sky130_fd_sc_hd__buf_2)
                  0.17    0.26   18.15 ^ output20/X (sky130_fd_sc_hd__buf_2)
     1    0.03                           Y[0] (net)
                  0.17    0.00   18.15 ^ Y[0] (out)
                                 18.15   data arrival time

                  0.00   10.00   10.00   clock __VIRTUAL_CLK__ (rise edge)
                          0.00   10.00   clock network delay (ideal)
                         -0.25    9.75   clock uncertainty
                          0.00    9.75   clock reconvergence pessimism
                         -2.00    7.75   output external delay
                                  7.75   data required time
-----------------------------------------------------------------------------
                                  7.75   data required time
                                -18.15   data arrival time
-----------------------------------------------------------------------------
                                -10.40   slack (VIOLATED)




===========================================================================
report_checks --slack_max -0.01
============================================================================
======================= Typical Corner ===================================

Startpoint: B[0] (input port clocked by __VIRTUAL_CLK__)
Endpoint: Y[0] (output port clocked by __VIRTUAL_CLK__)
Path Group: __VIRTUAL_CLK__
Path Type: max

Fanout     Cap    Slew   Delay    Time   Description
-----------------------------------------------------------------------------
                  0.00    0.00    0.00   clock __VIRTUAL_CLK__ (rise edge)
                          0.00    0.00   clock network delay (ideal)
                          2.00    2.00 ^ input external delay
                  0.03    0.02    2.02 ^ B[0] (in)
     1    0.01                           B[0] (net)
                  0.03    0.00    2.02 ^ input9/A (sky130_fd_sc_hd__buf_6)
                  0.28    0.27    2.29 ^ input9/X (sky130_fd_sc_hd__buf_6)
     3    0.14                           net9 (net)
                  0.28    0.01    2.30 ^ _0664_/B_N (sky130_fd_sc_hd__or2b_4)
                  0.18    0.46    2.77 v _0664_/X (sky130_fd_sc_hd__or2b_4)
     2    0.11                           _0374_ (net)
                  0.18    0.02    2.79 v _0665_/A2 (sky130_fd_sc_hd__a21oi_4)
                  0.52    0.52    3.31 ^ _0665_/Y (sky130_fd_sc_hd__a21oi_4)
     3    0.07                           _0385_ (net)
                  0.52    0.01    3.32 ^ _0667_/A2 (sky130_fd_sc_hd__o31a_4)
                  0.40    0.50    3.82 ^ _0667_/X (sky130_fd_sc_hd__o31a_4)
     4    0.14                           _0406_ (net)
                  0.40    0.01    3.83 ^ _0668_/B (sky130_fd_sc_hd__or2_4)
                  0.39    0.46    4.29 ^ _0668_/X (sky130_fd_sc_hd__or2_4)
     4    0.13                           _0417_ (net)
                  0.39    0.03    4.32 ^ _0676_/A2 (sky130_fd_sc_hd__a31o_4)
                  0.31    0.44    4.76 ^ _0676_/X (sky130_fd_sc_hd__a31o_4)
     5    0.10                           _0503_ (net)
                  0.31    0.02    4.77 ^ _0687_/D_N (sky130_fd_sc_hd__or4b_4)
                  0.23    0.73    5.50 v _0687_/X (sky130_fd_sc_hd__or4b_4)
     3    0.11                           _0619_ (net)
                  0.23    0.01    5.51 v _0690_/A3 (sky130_fd_sc_hd__a32o_4)
                  0.16    0.53    6.05 v _0690_/X (sky130_fd_sc_hd__a32o_4)
     3    0.10                           _0626_ (net)
                  0.16    0.01    6.06 v _0692_/A3 (sky130_fd_sc_hd__a31o_2)
                  0.10    0.37    6.43 v _0692_/X (sky130_fd_sc_hd__a31o_2)
     1    0.03                           _0628_ (net)
                  0.10    0.00    6.43 v _0693_/A2 (sky130_fd_sc_hd__a211oi_4)
                  0.36    0.42    6.85 ^ _0693_/Y (sky130_fd_sc_hd__a211oi_4)
     3    0.03                           _0629_ (net)
                  0.36    0.00    6.85 ^ max_cap52/A (sky130_fd_sc_hd__clkbuf_2)
                  0.22    0.32    7.17 ^ max_cap52/X (sky130_fd_sc_hd__clkbuf_2)
     2    0.04                           net52 (net)
                  0.22    0.00    7.17 ^ max_cap50/A (sky130_fd_sc_hd__clkbuf_2)
                  0.12    0.23    7.40 ^ max_cap50/X (sky130_fd_sc_hd__clkbuf_2)
     1    0.02                           net50 (net)
                  0.12    0.00    7.40 ^ _0716_/A (sky130_fd_sc_hd__nand2_8)
                  0.13    0.14    7.55 v _0716_/Y (sky130_fd_sc_hd__nand2_8)
     3    0.09                           _0652_ (net)
                  0.13    0.01    7.55 v _0717_/S (sky130_fd_sc_hd__mux2_8)
                  0.14    0.48    8.04 v _0717_/X (sky130_fd_sc_hd__mux2_8)
     4    0.13                           _0653_ (net)
                  0.15    0.02    8.05 v _0720_/A2 (sky130_fd_sc_hd__a22oi_4)
                  0.57    0.58    8.63 ^ _0720_/Y (sky130_fd_sc_hd__a22oi_4)
     2    0.08                           _0002_ (net)
                  0.57    0.01    8.64 ^ _0730_/A2 (sky130_fd_sc_hd__o31ai_1)
                  0.14    0.21    8.85 v _0730_/Y (sky130_fd_sc_hd__o31ai_1)
     1    0.01                           _0012_ (net)
                  0.14    0.00    8.85 v wire44/A (sky130_fd_sc_hd__buf_2)
                  0.12    0.25    9.10 v wire44/X (sky130_fd_sc_hd__buf_2)
     2    0.05                           net44 (net)
                  0.12    0.00    9.10 v _0732_/A2 (sky130_fd_sc_hd__a21oi_4)
                  0.61    0.56    9.67 ^ _0732_/Y (sky130_fd_sc_hd__a21oi_4)
     5    0.09                           _0014_ (net)
                  0.61    0.01    9.68 ^ _0733_/S (sky130_fd_sc_hd__mux2_4)
                  0.15    0.49   10.17 v _0733_/X (sky130_fd_sc_hd__mux2_4)
     3    0.08                           _0015_ (net)
                  0.15    0.00   10.17 v _0746_/B (sky130_fd_sc_hd__xnor2_1)
                  0.15    0.20   10.37 ^ _0746_/Y (sky130_fd_sc_hd__xnor2_1)
     1    0.00                           _0028_ (net)
                  0.15    0.00   10.37 ^ wire40/A (sky130_fd_sc_hd__buf_4)
                  0.27    0.31   10.68 ^ wire40/X (sky130_fd_sc_hd__buf_4)
     3    0.10                           net40 (net)
                  0.27    0.01   10.69 ^ _0763_/A1 (sky130_fd_sc_hd__a21o_4)
                  0.17    0.28   10.97 ^ _0763_/X (sky130_fd_sc_hd__a21o_4)
     2    0.06                           _0045_ (net)
                  0.17    0.01   10.98 ^ _0765_/A2 (sky130_fd_sc_hd__a21o_4)
                  0.40    0.42   11.40 ^ _0765_/X (sky130_fd_sc_hd__a21o_4)
     4    0.15                           _0047_ (net)
                  0.40    0.02   11.42 ^ _0776_/A1 (sky130_fd_sc_hd__a32oi_4)
                  0.24    0.31   11.73 v _0776_/Y (sky130_fd_sc_hd__a32oi_4)
     4    0.05                           _0058_ (net)
                  0.24    0.00   11.73 v _0780_/A2 (sky130_fd_sc_hd__a21oi_4)
                  0.36    0.43   12.16 ^ _0780_/Y (sky130_fd_sc_hd__a21oi_4)
     2    0.05                           _0062_ (net)
                  0.36    0.00   12.16 ^ max_cap38/A (sky130_fd_sc_hd__buf_4)
                  0.22    0.33   12.49 ^ max_cap38/X (sky130_fd_sc_hd__buf_4)
     4    0.08                           net38 (net)
                  0.22    0.01   12.51 ^ max_cap37/A (sky130_fd_sc_hd__buf_4)
                  0.24    0.32   12.82 ^ max_cap37/X (sky130_fd_sc_hd__buf_4)
     5    0.09                           net37 (net)
                  0.24    0.01   12.84 ^ _0794_/S (sky130_fd_sc_hd__mux2_4)
                  0.12    0.44   13.28 v _0794_/X (sky130_fd_sc_hd__mux2_4)
     3    0.06                           _0076_ (net)
                  0.12    0.01   13.28 v _0807_/B (sky130_fd_sc_hd__nor2_4)
                  0.49    0.44   13.72 ^ _0807_/Y (sky130_fd_sc_hd__nor2_4)
     2    0.08                           _0089_ (net)
                  0.49    0.01   13.73 ^ _0808_/B1 (sky130_fd_sc_hd__a21o_4)
                  0.28    0.33   14.06 ^ _0808_/X (sky130_fd_sc_hd__a21o_4)
     4    0.10                           _0090_ (net)
                  0.28    0.03   14.09 ^ _0835_/A1 (sky130_fd_sc_hd__a41o_4)
                  0.24    0.43   14.52 ^ _0835_/X (sky130_fd_sc_hd__a41o_4)
     3    0.08                           _0117_ (net)
                  0.24    0.00   14.52 ^ _0836_/B (sky130_fd_sc_hd__and2_2)
                  0.36    0.44   14.96 ^ _0836_/X (sky130_fd_sc_hd__and2_2)
     1    0.07                           _0118_ (net)
                  0.36    0.01   14.97 ^ _0837_/A (sky130_fd_sc_hd__buf_6)
                  0.29    0.35   15.32 ^ _0837_/X (sky130_fd_sc_hd__buf_6)
     8    0.15                           _0119_ (net)
                  0.30    0.04   15.35 ^ _0850_/S (sky130_fd_sc_hd__mux2_2)
                  0.13    0.51   15.86 v _0850_/X (sky130_fd_sc_hd__mux2_2)
     2    0.04                           _0132_ (net)
                  0.13    0.00   15.87 v _0861_/A2 (sky130_fd_sc_hd__a221o_1)
                  0.13    0.48   16.35 v _0861_/X (sky130_fd_sc_hd__a221o_1)
     1    0.02                           _0143_ (net)
                  0.13    0.00   16.35 v _0863_/A2 (sky130_fd_sc_hd__a21o_1)
                  0.04    0.23   16.58 v _0863_/X (sky130_fd_sc_hd__a21o_1)
     1    0.00                           _0145_ (net)
                  0.04    0.00   16.58 v _0871_/A2 (sky130_fd_sc_hd__a21o_1)
                  0.11    0.25   16.83 v _0871_/X (sky130_fd_sc_hd__a21o_1)
     1    0.02                           _0153_ (net)
                  0.11    0.00   16.83 v _0881_/A1 (sky130_fd_sc_hd__a21oi_4)
                  0.43    0.42   17.25 ^ _0881_/Y (sky130_fd_sc_hd__a21oi_4)
     2    0.06                           _0163_ (net)
                  0.43    0.00   17.26 ^ _0895_/A (sky130_fd_sc_hd__or4_2)
                  0.21    0.36   17.61 ^ _0895_/X (sky130_fd_sc_hd__or4_2)
     1    0.04                           _0177_ (net)
                  0.21    0.01   17.62 ^ _0896_/A (sky130_fd_sc_hd__clkbuf_2)
                  0.19    0.27   17.89 ^ _0896_/X (sky130_fd_sc_hd__clkbuf_2)
     2    0.03                           net20 (net)
                  0.19    0.00   17.89 ^ output20/A (sky130_fd_sc_hd__buf_2)
                  0.17    0.26   18.15 ^ output20/X (sky130_fd_sc_hd__buf_2)
     1    0.03                           Y[0] (net)
                  0.17    0.00   18.15 ^ Y[0] (out)
                                 18.15   data arrival time

                  0.00   10.00   10.00   clock __VIRTUAL_CLK__ (rise edge)
                          0.00   10.00   clock network delay (ideal)
                         -0.25    9.75   clock uncertainty
                          0.00    9.75   clock reconvergence pessimism
                         -2.00    7.75   output external delay
                                  7.75   data required time
-----------------------------------------------------------------------------
                                  7.75   data required time
                                -18.15   data arrival time
-----------------------------------------------------------------------------
                                -10.40   slack (VIOLATED)




===========================================================================
 report_check_types -max_slew -max_cap -max_fanout -violators
============================================================================
======================= Typical Corner ===================================

max slew

Pin                                    Limit    Slew   Slack
------------------------------------------------------------
_0929_/A2                               0.75    0.83   -0.08 (VIOLATED)
_0899_/B                                0.75    0.83   -0.08 (VIOLATED)
_0898_/Y                                0.75    0.83   -0.08 (VIOLATED)
_0866_/A                                0.75    0.76   -0.01 (VIOLATED)
ANTENNA_16/DIODE                        0.75    0.76   -0.01 (VIOLATED)
_0867_/A1                               0.75    0.76   -0.01 (VIOLATED)
ANTENNA_17/DIODE                        0.75    0.76   -0.01 (VIOLATED)
_0864_/Y                                0.75    0.76   -0.01 (VIOLATED)
_1252_/B1                               0.75    0.75   -0.00 (VIOLATED)
ANTENNA_50/DIODE                        0.75    0.75   -0.00 (VIOLATED)
_1251_/C                                0.75    0.75   -0.00 (VIOLATED)
_1250_/Y                                0.75    0.75   -0.00 (VIOLATED)



===========================================================================
report_parasitic_annotation -report_unannotated
============================================================================
Found 0 unannotated drivers.
Found 0 partially unannotated drivers.

===========================================================================
max slew violation count 12
max fanout violation count 0
max cap violation count 0
============================================================================

===========================================================================
check_setup -verbose -unconstrained_endpoints -multiple_clock -no_clock -no_input_delay -loops -generated_clocks
===========================================================================
