Instance name,  X location,  Y location,  Voltage 
FILLER_0_100_601, 285.52, 285.6, 1.79918
FILLER_0_101_613, 285.52, 285.6, 1.79918
FILLER_0_101_617, 285.52, 285.6, 1.79918
_1102_, 285.52, 280.16, 1.79916
ANTENNA_59, 285.52, 280.16, 1.79916
FILLER_0_99_609, 285.52, 280.16, 1.79916
FILLER_0_99_617, 285.52, 280.16, 1.79916
FILLER_0_97_609, 285.52, 274.72, 1.79917
FILLER_0_97_617, 285.52, 274.72, 1.79917
_0801_, 285.52, 269.28, 1.79916
FILLER_0_95_608, 285.52, 269.28, 1.79916
FILLER_0_95_617, 285.52, 269.28, 1.79916
_0880_, 285.52, 263.84, 1.79916
_0967_, 285.52, 263.84, 1.79916
FILLER_0_92_597, 285.52, 263.84, 1.79916
FILLER_0_93_597, 285.52, 263.84, 1.79916
FILLER_0_93_617, 285.52, 263.84, 1.79916
FILLER_0_91_609, 285.52, 258.4, 1.79918
FILLER_0_91_617, 285.52, 258.4, 1.79918
_0684_, 285.52, 252.96, 1.79918
FILLER_0_89_609, 285.52, 252.96, 1.79918
FILLER_0_89_617, 285.52, 252.96, 1.79918
FILLER_0_90_613, 285.52, 252.96, 1.79918
FILLER_0_87_609, 285.52, 247.52, 1.79918
_1228_, 285.52, 242.08, 1.79919
FILLER_0_85_609, 285.52, 242.08, 1.79919
FILLER_0_85_617, 285.52, 242.08, 1.79919
FILLER_0_83_609, 285.52, 236.64, 1.79919
FILLER_0_83_617, 285.52, 236.64, 1.79919
FILLER_0_84_616, 285.52, 236.64, 1.79919
FILLER_0_81_612, 285.52, 231.2, 1.79919
FILLER_0_81_617, 285.52, 231.2, 1.79919
_0851_, 285.52, 225.76, 1.79918
ANTENNA_63, 285.52, 225.76, 1.79918
FILLER_0_78_601, 285.52, 225.76, 1.79918
FILLER_0_80_614, 285.52, 225.76, 1.79918
_1125_, 285.52, 220.32, 1.7992
_1161_, 285.52, 220.32, 1.7992
ANTENNA_41, 285.52, 220.32, 1.7992
FILLER_0_77_617, 285.52, 220.32, 1.7992
_0812_, 285.52, 214.88, 1.7992
FILLER_0_74_608, 285.52, 214.88, 1.7992
FILLER_0_75_609, 285.52, 214.88, 1.7992
FILLER_0_75_617, 285.52, 214.88, 1.7992
_0865_, 285.52, 209.44, 1.79918
ANTENNA_64, 285.52, 209.44, 1.79918
FILLER_0_73_609, 285.52, 209.44, 1.79918
FILLER_0_73_617, 285.52, 209.44, 1.79918
FILLER_0_71_609, 285.52, 204, 1.79921
FILLER_0_71_617, 285.52, 204, 1.79921
_0959_, 285.52, 198.56, 1.79921
FILLER_0_69_609, 285.52, 198.56, 1.79921
FILLER_0_67_609, 285.52, 193.12, 1.79921
FILLER_0_67_617, 285.52, 193.12, 1.79921
FILLER_0_65_609, 285.52, 187.68, 1.79922
FILLER_0_65_617, 285.52, 187.68, 1.79922
_0873_, 285.52, 182.24, 1.7992
ANTENNA_10, 285.52, 182.24, 1.7992
FILLER_0_63_609, 285.52, 182.24, 1.7992
FILLER_0_63_617, 285.52, 182.24, 1.7992
FILLER_0_61_617, 285.52, 176.8, 1.79921
FILLER_0_59_610, 285.52, 171.36, 1.79922
FILLER_0_59_617, 285.52, 171.36, 1.79922
FILLER_0_60_615, 285.52, 171.36, 1.79922
_1293_, 285.52, 165.92, 1.7992
FILLER_0_57_609, 285.52, 165.92, 1.7992
FILLER_0_57_617, 285.52, 165.92, 1.7992
FILLER_0_55_609, 285.52, 160.48, 1.79922
FILLER_0_55_617, 285.52, 160.48, 1.79922
FILLER_0_56_615, 285.52, 160.48, 1.79922
_0770_, 285.52, 155.04, 1.79922
ANTENNA_5, 285.52, 155.04, 1.79922
ANTENNA_65, 285.52, 155.04, 1.79922
FILLER_0_53_617, 285.52, 155.04, 1.79922
FILLER_0_51_609, 285.52, 149.6, 1.79924
FILLER_0_51_617, 285.52, 149.6, 1.79924
FILLER_0_49_612, 285.52, 144.16, 1.79922
FILLER_0_49_617, 285.52, 144.16, 1.79922
FILLER_0_47_609, 285.52, 138.72, 1.79924
FILLER_0_47_617, 285.52, 138.72, 1.79924
FILLER_0_48_618, 285.52, 138.72, 1.79924
_0969_, 285.52, 133.28, 1.79924
FILLER_0_45_600, 285.52, 133.28, 1.79924
FILLER_0_45_617, 285.52, 133.28, 1.79924
_0983_, 285.52, 127.84, 1.79923
FILLER_0_43_609, 285.52, 127.84, 1.79923
FILLER_0_43_617, 285.52, 127.84, 1.79923
FILLER_0_44_618, 285.52, 127.84, 1.79923
_0928_, 285.52, 122.4, 1.79923
FILLER_0_40_601, 285.52, 122.4, 1.79923
FILLER_0_41_609, 285.52, 122.4, 1.79923
FILLER_0_41_617, 285.52, 122.4, 1.79923
FILLER_0_39_610, 285.52, 116.96, 1.79924
FILLER_0_39_617, 285.52, 116.96, 1.79924
FILLER_0_40_615, 285.52, 116.96, 1.79924
_1027_, 285.52, 111.52, 1.79922
_1051_, 285.52, 111.52, 1.79922
_1066_, 285.52, 111.52, 1.79922
ANTENNA_30, 285.52, 111.52, 1.79922
FILLER_0_36_601, 285.52, 111.52, 1.79922
FILLER_0_37_596, 285.52, 111.52, 1.79922
FILLER_0_35_606, 285.52, 106.08, 1.79923
FILLER_0_35_617, 285.52, 106.08, 1.79923
FILLER_0_36_614, 285.52, 106.08, 1.79923
_0838_, 285.52, 100.64, 1.79922
FILLER_0_33_609, 285.52, 100.64, 1.79922
_1241_, 285.52, 95.2, 1.79924
FILLER_0_31_597, 285.52, 95.2, 1.79924
FILLER_0_31_610, 285.52, 95.2, 1.79924
FILLER_0_31_617, 285.52, 95.2, 1.79924
_0866_, 285.52, 89.76, 1.79923
FILLER_0_28_601, 285.52, 89.76, 1.79923
FILLER_0_29_609, 285.52, 89.76, 1.79923
FILLER_0_29_617, 285.52, 89.76, 1.79923
_1120_, 285.52, 84.32, 1.79921
ANTENNA_60, 285.52, 84.32, 1.79921
ANTENNA_69, 285.52, 84.32, 1.79921
FILLER_0_27_617, 285.52, 84.32, 1.79921
FILLER_0_28_609, 285.52, 84.32, 1.79921
FILLER_0_25_609, 285.52, 78.88, 1.79923
FILLER_0_25_617, 285.52, 78.88, 1.79923
FILLER_0_26_618, 285.52, 78.88, 1.79923
FILLER_0_23_609, 285.52, 73.44, 1.79923
FILLER_0_23_617, 285.52, 73.44, 1.79923
_0714_, 285.52, 68, 1.79923
ANTENNA_58, 285.52, 68, 1.79923
FILLER_0_21_604, 285.52, 68, 1.79923
FILLER_0_21_617, 285.52, 68, 1.79923
FILLER_0_22_613, 285.52, 68, 1.79923
FILLER_0_19_609, 285.52, 62.56, 1.79923
FILLER_0_19_617, 285.52, 62.56, 1.79923
FILLER_0_17_613, 285.52, 57.12, 1.79922
FILLER_0_17_617, 285.52, 57.12, 1.79922
_1288_, 285.52, 51.68, 1.79923
ANTENNA_61, 285.52, 51.68, 1.79923
ANTENNA_62, 285.52, 51.68, 1.79923
FILLER_0_15_597, 285.52, 51.68, 1.79923
FILLER_0_15_605, 285.52, 51.68, 1.79923
FILLER_0_15_617, 285.52, 51.68, 1.79923
FILLER_0_16_613, 285.52, 51.68, 1.79923
FILLER_0_13_609, 285.52, 46.24, 1.79922
FILLER_0_13_617, 285.52, 46.24, 1.79922
FILLER_0_14_616, 285.52, 46.24, 1.79922
FILLER_0_11_609, 285.52, 40.8, 1.79923
FILLER_0_11_617, 285.52, 40.8, 1.79923
FILLER_0_9_609, 285.52, 35.36, 1.79923
FILLER_0_6_601, 285.52, 29.92, 1.79923
FILLER_0_7_609, 285.52, 29.92, 1.79923
FILLER_0_7_617, 285.52, 29.92, 1.79923
_1097_, 285.52, 24.48, 1.79922
_1106_, 285.52, 24.48, 1.79922
ANTENNA_67, 285.52, 24.48, 1.79922
FILLER_0_5_609, 285.52, 24.48, 1.79922
FILLER_0_5_617, 285.52, 24.48, 1.79922
FILLER_0_6_609, 285.52, 24.48, 1.79922
_0993_, 285.52, 19.04, 1.79922
FILLER_0_3_610, 285.52, 19.04, 1.79922
FILLER_0_3_617, 285.52, 19.04, 1.79922
FILLER_0_0_613, 285.52, 13.6, 1.79923
FILLER_0_0_617, 285.52, 13.6, 1.79923
FILLER_0_1_609, 285.52, 13.6, 1.79923
FILLER_0_1_617, 285.52, 13.6, 1.79923
FILLER_0_2_613, 285.52, 13.6, 1.79923
FILLER_0_101_557, 260.52, 285.6, 1.79918
_1143_, 260.52, 280.16, 1.79915
FILLER_0_99_553, 260.52, 280.16, 1.79915
FILLER_0_100_557, 260.52, 280.16, 1.79915
_0740_, 260.52, 274.72, 1.79917
FILLER_0_97_553, 260.52, 274.72, 1.79917
_0742_, 260.52, 269.28, 1.79916
_0850_, 260.52, 269.28, 1.79916
FILLER_0_95_552, 260.52, 269.28, 1.79916
FILLER_0_95_561, 260.52, 269.28, 1.79916
_1039_, 260.52, 263.84, 1.79916
ANTENNA_32, 260.52, 263.84, 1.79916
FILLER_0_93_541, 260.52, 263.84, 1.79916
FILLER_0_93_557, 260.52, 263.84, 1.79916
FILLER_0_91_553, 260.52, 258.4, 1.79918
FILLER_0_89_553, 260.52, 252.96, 1.79917
FILLER_0_87_554, 260.52, 247.52, 1.79918
_0885_, 260.52, 242.08, 1.79919
ANTENNA_25, 260.52, 242.08, 1.79919
ANTENNA_27, 260.52, 242.08, 1.79919
FILLER_0_84_545, 260.52, 242.08, 1.79919
FILLER_0_85_553, 260.52, 242.08, 1.79919
FILLER_0_86_557, 260.52, 242.08, 1.79919
FILLER_0_83_553, 260.52, 236.64, 1.79919
_0677_, 260.52, 231.2, 1.79919
max_cap39, 260.52, 231.2, 1.79919
FILLER_0_80_549, 260.52, 231.2, 1.79919
FILLER_0_81_553, 260.52, 231.2, 1.79919
FILLER_0_81_561, 260.52, 231.2, 1.79919
_1253_, 260.52, 225.76, 1.79919
FILLER_0_79_549, 260.52, 225.76, 1.79919
FILLER_0_79_557, 260.52, 225.76, 1.79919
_0793_, 260.52, 220.32, 1.7992
FILLER_0_77_557, 260.52, 220.32, 1.7992
_0945_, 260.52, 214.88, 1.79921
FILLER_0_75_541, 260.52, 214.88, 1.79921
FILLER_0_73_553, 260.52, 209.44, 1.79921
_1206_, 260.52, 204, 1.79921
FILLER_0_71_553, 260.52, 204, 1.79921
FILLER_0_69_553, 260.52, 198.56, 1.79922
_1037_, 260.52, 193.12, 1.79922
FILLER_0_66_545, 260.52, 193.12, 1.79922
FILLER_0_67_553, 260.52, 193.12, 1.79922
_0739_, 260.52, 187.68, 1.79922
FILLER_0_65_553, 260.52, 187.68, 1.79922
FILLER_0_63_552, 260.52, 182.24, 1.79922
FILLER_0_61_553, 260.52, 176.8, 1.79922
FILLER_0_61_561, 260.52, 176.8, 1.79922
_0982_, 260.52, 171.36, 1.79923
_1098_, 260.52, 171.36, 1.79923
FILLER_0_57_555, 260.52, 165.92, 1.79921
FILLER_0_55_553, 260.52, 160.48, 1.79924
FILLER_0_53_553, 260.52, 155.04, 1.79924
_0934_, 260.52, 149.6, 1.79924
FILLER_0_51_553, 260.52, 149.6, 1.79924
FILLER_0_52_557, 260.52, 149.6, 1.79924
FILLER_0_49_553, 260.52, 144.16, 1.79924
_0886_, 260.52, 133.28, 1.79924
FILLER_0_45_553, 260.52, 133.28, 1.79924
FILLER_0_45_561, 260.52, 133.28, 1.79924
_1105_, 260.52, 122.4, 1.79924
FILLER_0_40_548, 260.52, 122.4, 1.79924
FILLER_0_41_553, 260.52, 122.4, 1.79924
FILLER_0_39_553, 260.52, 116.96, 1.79925
FILLER_0_39_561, 260.52, 116.96, 1.79925
FILLER_0_37_556, 260.52, 111.52, 1.79923
_0666_, 260.52, 106.08, 1.79924
_0920_, 260.52, 106.08, 1.79924
FILLER_0_35_552, 260.52, 106.08, 1.79924
FILLER_0_33_556, 260.52, 100.64, 1.79924
FILLER_0_34_557, 260.52, 100.64, 1.79924
FILLER_0_34_565, 260.52, 100.64, 1.79924
FILLER_0_31_553, 260.52, 95.2, 1.79924
FILLER_0_29_556, 260.52, 89.76, 1.79923
FILLER_0_27_553, 260.52, 84.32, 1.79923
_1112_, 260.52, 78.88, 1.79924
FILLER_0_26_557, 260.52, 78.88, 1.79924
FILLER_0_23_553, 260.52, 73.44, 1.79924
_1025_, 260.52, 68, 1.79923
FILLER_0_21_549, 260.52, 68, 1.79923
FILLER_0_21_557, 260.52, 68, 1.79923
FILLER_0_21_561, 260.52, 68, 1.79923
_1011_, 260.52, 62.56, 1.79924
FILLER_0_19_553, 260.52, 62.56, 1.79924
FILLER_0_20_564, 260.52, 62.56, 1.79924
_0961_, 260.52, 57.12, 1.79922
FILLER_0_16_550, 260.52, 57.12, 1.79922
FILLER_0_17_553, 260.52, 57.12, 1.79922
_0780_, 260.52, 51.68, 1.79923
_0925_, 260.52, 51.68, 1.79923
FILLER_0_15_541, 260.52, 51.68, 1.79923
FILLER_0_15_556, 260.52, 51.68, 1.79923
FILLER_0_16_558, 260.52, 51.68, 1.79923
FILLER_0_13_549, 260.52, 46.24, 1.79922
FILLER_0_13_557, 260.52, 46.24, 1.79922
FILLER_0_11_553, 260.52, 40.8, 1.79923
FILLER_0_9_553, 260.52, 35.36, 1.79923
_1153_, 260.52, 29.92, 1.79923
FILLER_0_7_553, 260.52, 29.92, 1.79923
FILLER_0_8_557, 260.52, 29.92, 1.79923
_0877_, 260.52, 24.48, 1.79922
FILLER_0_5_553, 260.52, 24.48, 1.79922
_0811_, 260.52, 19.04, 1.79923
FILLER_0_3_552, 260.52, 19.04, 1.79923
FILLER_0_0_557, 260.52, 13.6, 1.79923
FILLER_0_1_553, 260.52, 13.6, 1.79923
FILLER_0_101_501, 235.52, 285.6, 1.79918
_0664_, 235.52, 280.16, 1.79917
FILLER_0_99_497, 235.52, 280.16, 1.79917
FILLER_0_98_513, 235.52, 274.72, 1.79918
_0816_, 235.52, 269.28, 1.79917
FILLER_0_95_488, 235.52, 269.28, 1.79917
FILLER_0_95_501, 235.52, 269.28, 1.79917
FILLER_0_96_513, 235.52, 269.28, 1.79917
FILLER_0_93_495, 235.52, 263.84, 1.79916
FILLER_0_91_494, 235.52, 258.4, 1.79918
_0843_, 235.52, 252.96, 1.79915
_0869_, 235.52, 252.96, 1.79915
FILLER_0_88_489, 235.52, 252.96, 1.79915
FILLER_0_89_505, 235.52, 252.96, 1.79915
FILLER_0_87_497, 235.52, 247.52, 1.79919
FILLER_0_88_506, 235.52, 247.52, 1.79919
FILLER_0_85_497, 235.52, 242.08, 1.7992
_0690_, 235.52, 236.64, 1.7992
wire61, 235.52, 236.64, 1.7992
FILLER_0_81_497, 235.52, 231.2, 1.79921
FILLER_0_79_498, 235.52, 225.76, 1.7992
ANTENNA_4, 235.52, 220.32, 1.79922
FILLER_0_77_497, 235.52, 220.32, 1.79922
FILLER_0_77_505, 235.52, 220.32, 1.79922
FILLER_0_78_513, 235.52, 220.32, 1.79922
_1243_, 235.52, 214.88, 1.79922
FILLER_0_75_497, 235.52, 214.88, 1.79922
FILLER_0_71_497, 235.52, 204, 1.79923
FILLER_0_67_497, 235.52, 193.12, 1.79924
FILLER_0_65_497, 235.52, 187.68, 1.79924
_0976_, 235.52, 182.24, 1.79924
ANTENNA_24, 235.52, 182.24, 1.79924
FILLER_0_63_497, 235.52, 182.24, 1.79924
FILLER_0_64_501, 235.52, 182.24, 1.79924
_0941_, 235.52, 176.8, 1.79924
_1190_, 235.52, 176.8, 1.79924
max_cap41, 235.52, 176.8, 1.79924
FILLER_0_60_489, 235.52, 176.8, 1.79924
_0979_, 235.52, 171.36, 1.79924
_1113_, 235.52, 171.36, 1.79924
FILLER_0_58_489, 235.52, 171.36, 1.79924
FILLER_0_59_494, 235.52, 171.36, 1.79924
FILLER_0_57_497, 235.52, 165.92, 1.79924
FILLER_0_55_497, 235.52, 160.48, 1.79925
_1088_, 235.52, 155.04, 1.79925
FILLER_0_51_497, 235.52, 149.6, 1.79926
FILLER_0_49_497, 235.52, 144.16, 1.79926
_1271_, 235.52, 138.72, 1.79925
FILLER_0_47_497, 235.52, 138.72, 1.79925
FILLER_0_47_505, 235.52, 138.72, 1.79925
FILLER_0_45_497, 235.52, 133.28, 1.79926
_0657_, 235.52, 127.84, 1.79926
_0957_, 235.52, 127.84, 1.79926
_1096_, 235.52, 127.84, 1.79926
FILLER_0_43_497, 235.52, 127.84, 1.79926
FILLER_0_43_505, 235.52, 127.84, 1.79926
FILLER_0_44_501, 235.52, 127.84, 1.79926
FILLER_0_41_497, 235.52, 122.4, 1.79926
FILLER_0_39_497, 235.52, 116.96, 1.79926
FILLER_0_37_505, 235.52, 111.52, 1.79925
_0797_, 235.52, 106.08, 1.79925
_0907_, 235.52, 106.08, 1.79925
FILLER_0_35_500, 235.52, 106.08, 1.79925
FILLER_0_36_504, 235.52, 106.08, 1.79925
_0772_, 235.52, 100.64, 1.79925
FILLER_0_33_497, 235.52, 100.64, 1.79925
_1276_, 235.52, 95.2, 1.79925
FILLER_0_30_489, 235.52, 95.2, 1.79925
FILLER_0_31_497, 235.52, 95.2, 1.79925
_1296_, 235.52, 89.76, 1.79924
FILLER_0_27_495, 235.52, 84.32, 1.79925
FILLER_0_25_497, 235.52, 78.88, 1.79925
FILLER_0_23_497, 235.52, 73.44, 1.79925
_1055_, 235.52, 62.56, 1.79924
FILLER_0_19_497, 235.52, 62.56, 1.79924
FILLER_0_20_501, 235.52, 62.56, 1.79924
_0852_, 235.52, 57.12, 1.79924
FILLER_0_16_489, 235.52, 57.12, 1.79924
FILLER_0_17_495, 235.52, 57.12, 1.79924
FILLER_0_15_497, 235.52, 51.68, 1.79924
FILLER_0_13_505, 235.52, 46.24, 1.79923
FILLER_0_13_513, 235.52, 46.24, 1.79923
_1086_, 235.52, 40.8, 1.79924
FILLER_0_11_497, 235.52, 40.8, 1.79924
_0723_, 235.52, 35.36, 1.79923
FILLER_0_8_489, 235.52, 35.36, 1.79923
FILLER_0_9_495, 235.52, 35.36, 1.79923
_1068_, 235.52, 29.92, 1.79923
FILLER_0_7_495, 235.52, 29.92, 1.79923
FILLER_0_5_497, 235.52, 24.48, 1.79923
_1104_, 235.52, 19.04, 1.79923
FILLER_0_3_497, 235.52, 19.04, 1.79923
FILLER_0_3_505, 235.52, 19.04, 1.79923
_0800_, 235.52, 13.6, 1.79923
FILLER_0_0_501, 235.52, 13.6, 1.79923
_1229_, 210.52, 285.6, 1.79919
FILLER_0_101_445, 210.52, 285.6, 1.79919
FILLER_0_99_441, 210.52, 280.16, 1.79919
_1274_, 210.52, 274.72, 1.79918
ANTENNA_51, 210.52, 274.72, 1.79918
FILLER_0_96_433, 210.52, 274.72, 1.79918
FILLER_0_97_438, 210.52, 274.72, 1.79918
_0681_, 210.52, 269.28, 1.79919
_1165_, 210.52, 269.28, 1.79919
_1219_, 210.52, 269.28, 1.79919
FILLER_0_94_435, 210.52, 269.28, 1.79919
FILLER_0_95_439, 210.52, 269.28, 1.79919
FILLER_0_95_449, 210.52, 269.28, 1.79919
_1247_, 210.52, 263.84, 1.79917
FILLER_0_92_433, 210.52, 263.84, 1.79917
FILLER_0_93_441, 210.52, 263.84, 1.79917
max_cap63, 210.52, 258.4, 1.7992
FILLER_0_91_444, 210.52, 258.4, 1.7992
FILLER_0_92_454, 210.52, 258.4, 1.7992
_1029_, 210.52, 252.96, 1.79918
FILLER_0_89_438, 210.52, 252.96, 1.79918
FILLER_0_89_449, 210.52, 252.96, 1.79918
FILLER_0_86_445, 210.52, 247.52, 1.79921
FILLER_0_87_441, 210.52, 247.52, 1.79921
_1046_, 210.52, 242.08, 1.79921
ANTENNA_33, 210.52, 242.08, 1.79921
FILLER_0_85_437, 210.52, 242.08, 1.79921
FILLER_0_85_445, 210.52, 242.08, 1.79921
FILLER_0_83_441, 210.52, 236.64, 1.79921
_0820_, 210.52, 225.76, 1.79921
FILLER_0_79_445, 210.52, 225.76, 1.79921
FILLER_0_79_449, 210.52, 225.76, 1.79921
FILLER_0_79_457, 210.52, 225.76, 1.79921
FILLER_0_77_443, 210.52, 220.32, 1.79923
FILLER_0_75_437, 210.52, 214.88, 1.79923
FILLER_0_75_445, 210.52, 214.88, 1.79923
_0903_, 210.52, 209.44, 1.79924
FILLER_0_73_441, 210.52, 209.44, 1.79924
_1297_, 210.52, 204, 1.79923
FILLER_0_70_433, 210.52, 204, 1.79923
FILLER_0_71_441, 210.52, 204, 1.79923
_0845_, 210.52, 198.56, 1.79923
FILLER_0_69_441, 210.52, 198.56, 1.79923
FILLER_0_69_449, 210.52, 198.56, 1.79923
FILLER_0_66_445, 210.52, 193.12, 1.79925
FILLER_0_67_441, 210.52, 193.12, 1.79925
_1301_, 210.52, 187.68, 1.79926
_0706_, 210.52, 182.24, 1.79926
FILLER_0_61_445, 210.52, 176.8, 1.79926
FILLER_0_59_441, 210.52, 171.36, 1.79927
FILLER_0_57_438, 210.52, 165.92, 1.79927
FILLER_0_55_444, 210.52, 160.48, 1.79928
FILLER_0_53_441, 210.52, 155.04, 1.79928
ANTENNA_15, 210.52, 149.6, 1.79929
FILLER_0_50_433, 210.52, 149.6, 1.79929
FILLER_0_51_441, 210.52, 149.6, 1.79929
_0861_, 210.52, 144.16, 1.79929
FILLER_0_49_445, 210.52, 144.16, 1.79929
_1300_, 210.52, 138.72, 1.79928
FILLER_0_47_444, 210.52, 138.72, 1.79928
_0922_, 210.52, 133.28, 1.79928
FILLER_0_45_445, 210.52, 133.28, 1.79928
FILLER_0_45_449, 210.52, 133.28, 1.79928
FILLER_0_43_441, 210.52, 127.84, 1.79929
FILLER_0_40_445, 210.52, 122.4, 1.79928
FILLER_0_41_442, 210.52, 122.4, 1.79928
_1199_, 210.52, 116.96, 1.79927
_1226_, 210.52, 116.96, 1.79927
FILLER_0_38_433, 210.52, 116.96, 1.79927
FILLER_0_37_441, 210.52, 111.52, 1.79928
FILLER_0_35_441, 210.52, 106.08, 1.79927
FILLER_0_33_441, 210.52, 100.64, 1.79928
FILLER_0_32_457, 210.52, 95.2, 1.79927
_0710_, 210.52, 89.76, 1.79926
FILLER_0_29_449, 210.52, 89.76, 1.79926
FILLER_0_25_441, 210.52, 78.88, 1.79926
_0804_, 210.52, 73.44, 1.79926
_1034_, 210.52, 68, 1.79925
FILLER_0_21_449, 210.52, 68, 1.79925
FILLER_0_21_457, 210.52, 68, 1.79925
_1173_, 210.52, 57.12, 1.79925
_1320_, 210.52, 57.12, 1.79925
FILLER_0_15_441, 210.52, 51.68, 1.79925
FILLER_0_13_441, 210.52, 46.24, 1.79925
FILLER_0_11_441, 210.52, 40.8, 1.79924
_1284_, 210.52, 35.36, 1.79924
_0958_, 210.52, 29.92, 1.79923
FILLER_0_6_433, 210.52, 29.92, 1.79923
FILLER_0_6_444, 210.52, 29.92, 1.79923
_1280_, 210.52, 24.48, 1.79924
FILLER_0_3_437, 210.52, 19.04, 1.79924
FILLER_0_3_445, 210.52, 19.04, 1.79924
_0671_, 210.52, 13.6, 1.79923
FILLER_0_0_445, 210.52, 13.6, 1.79923
FILLER_0_1_441, 210.52, 13.6, 1.79923
FILLER_0_101_389, 185.52, 285.6, 1.79921
FILLER_0_99_385, 185.52, 280.16, 1.79921
FILLER_0_100_401, 185.52, 280.16, 1.79921
FILLER_0_97_385, 185.52, 274.72, 1.79921
FILLER_0_95_385, 185.52, 269.28, 1.79921
_1114_, 185.52, 263.84, 1.7992
FILLER_0_93_379, 185.52, 263.84, 1.7992
_0754_, 185.52, 258.4, 1.79921
FILLER_0_91_385, 185.52, 258.4, 1.79921
FILLER_0_89_385, 185.52, 252.96, 1.79921
FILLER_0_87_383, 185.52, 247.52, 1.79922
_0833_, 185.52, 242.08, 1.79922
_1248_, 185.52, 242.08, 1.79922
_0798_, 185.52, 236.64, 1.79921
_1152_, 185.52, 236.64, 1.79921
FILLER_0_83_389, 185.52, 236.64, 1.79921
_0832_, 185.52, 231.2, 1.79923
FILLER_0_81_385, 185.52, 231.2, 1.79923
_0795_, 185.52, 220.32, 1.79924
FILLER_0_77_385, 185.52, 220.32, 1.79924
FILLER_0_77_393, 185.52, 220.32, 1.79924
_0757_, 185.52, 214.88, 1.79925
FILLER_0_75_385, 185.52, 214.88, 1.79925
FILLER_0_75_393, 185.52, 214.88, 1.79925
FILLER_0_72_389, 185.52, 209.44, 1.79926
FILLER_0_73_385, 185.52, 209.44, 1.79926
_0919_, 185.52, 204, 1.79926
FILLER_0_71_383, 185.52, 204, 1.79926
FILLER_0_69_385, 185.52, 198.56, 1.79927
FILLER_0_67_385, 185.52, 193.12, 1.79928
FILLER_0_65_389, 185.52, 187.68, 1.79928
_1174_, 185.52, 182.24, 1.79928
FILLER_0_63_385, 185.52, 182.24, 1.79928
FILLER_0_61_385, 185.52, 176.8, 1.79929
FILLER_0_59_385, 185.52, 171.36, 1.7993
_1158_, 185.52, 165.92, 1.7993
FILLER_0_58_401, 185.52, 165.92, 1.7993
_1107_, 185.52, 160.48, 1.7993
ANTENNA_40, 185.52, 160.48, 1.7993
FILLER_0_55_385, 185.52, 160.48, 1.7993
max_cap48, 185.52, 155.04, 1.79931
FILLER_0_53_385, 185.52, 155.04, 1.79931
_1144_, 185.52, 149.6, 1.79932
FILLER_0_51_385, 185.52, 149.6, 1.79932
_1261_, 185.52, 144.16, 1.79932
FILLER_0_49_385, 185.52, 144.16, 1.79932
FILLER_0_49_393, 185.52, 144.16, 1.79932
FILLER_0_49_401, 185.52, 144.16, 1.79932
_1136_, 185.52, 138.72, 1.79931
FILLER_0_47_385, 185.52, 138.72, 1.79931
FILLER_0_45_383, 185.52, 133.28, 1.79932
_0984_, 185.52, 127.84, 1.79931
FILLER_0_43_389, 185.52, 127.84, 1.79931
_0915_, 185.52, 122.4, 1.79931
_0971_, 185.52, 122.4, 1.79931
_1321_, 185.52, 122.4, 1.79931
ANTENNA_20, 185.52, 122.4, 1.79931
FILLER_0_40_384, 185.52, 122.4, 1.79931
FILLER_0_41_385, 185.52, 122.4, 1.79931
_1129_, 185.52, 116.96, 1.7993
max_cap49, 185.52, 116.96, 1.7993
FILLER_0_38_389, 185.52, 116.96, 1.7993
_0960_, 185.52, 111.52, 1.79931
FILLER_0_37_385, 185.52, 111.52, 1.79931
FILLER_0_35_387, 185.52, 106.08, 1.7993
FILLER_0_33_385, 185.52, 100.64, 1.7993
_0889_, 185.52, 95.2, 1.7993
FILLER_0_31_385, 185.52, 95.2, 1.7993
FILLER_0_29_385, 185.52, 89.76, 1.79929
_1072_, 185.52, 84.32, 1.79928
FILLER_0_27_385, 185.52, 84.32, 1.79928
FILLER_0_27_393, 185.52, 84.32, 1.79928
_0760_, 185.52, 78.88, 1.79927
FILLER_0_25_385, 185.52, 78.88, 1.79927
FILLER_0_26_401, 185.52, 78.88, 1.79927
FILLER_0_21_385, 185.52, 68, 1.79927
_1005_, 185.52, 62.56, 1.79927
_1195_, 185.52, 62.56, 1.79927
FILLER_0_19_385, 185.52, 62.56, 1.79927
FILLER_0_19_393, 185.52, 62.56, 1.79927
FILLER_0_17_385, 185.52, 57.12, 1.79927
FILLER_0_15_382, 185.52, 51.68, 1.79926
FILLER_0_13_385, 185.52, 46.24, 1.79926
_0699_, 185.52, 40.8, 1.79924
_0878_, 185.52, 40.8, 1.79924
FILLER_0_10_388, 185.52, 40.8, 1.79924
_1078_, 185.52, 35.36, 1.79923
FILLER_0_9_385, 185.52, 35.36, 1.79923
FILLER_0_10_398, 185.52, 35.36, 1.79923
_1310_, 185.52, 29.92, 1.79923
FILLER_0_7_382, 185.52, 29.92, 1.79923
FILLER_0_7_393, 185.52, 29.92, 1.79923
FILLER_0_5_385, 185.52, 24.48, 1.79925
FILLER_0_6_401, 185.52, 24.48, 1.79925
_0773_, 185.52, 19.04, 1.79923
FILLER_0_3_389, 185.52, 19.04, 1.79923
FILLER_0_3_393, 185.52, 19.04, 1.79923
FILLER_0_3_401, 185.52, 19.04, 1.79923
FILLER_0_0_389, 185.52, 13.6, 1.79925
FILLER_0_1_385, 185.52, 13.6, 1.79925
FILLER_0_101_333, 160.52, 285.6, 1.79923
_0707_, 160.52, 280.16, 1.79923
_1047_, 160.52, 280.16, 1.79923
FILLER_0_97_329, 160.52, 274.72, 1.79922
FILLER_0_95_329, 160.52, 269.28, 1.79923
_1117_, 160.52, 263.84, 1.79922
FILLER_0_93_337, 160.52, 263.84, 1.79922
FILLER_0_90_333, 160.52, 258.4, 1.79923
FILLER_0_91_326, 160.52, 258.4, 1.79923
_0695_, 160.52, 252.96, 1.79924
FILLER_0_89_329, 160.52, 252.96, 1.79924
_0892_, 160.52, 247.52, 1.79924
FILLER_0_87_329, 160.52, 247.52, 1.79924
FILLER_0_85_326, 160.52, 242.08, 1.79924
_0803_, 160.52, 236.64, 1.79923
_1159_, 160.52, 236.64, 1.79923
FILLER_0_83_329, 160.52, 236.64, 1.79923
FILLER_0_83_349, 160.52, 236.64, 1.79923
_0782_, 160.52, 231.2, 1.79924
FILLER_0_81_329, 160.52, 231.2, 1.79924
_0787_, 160.52, 225.76, 1.79924
FILLER_0_79_329, 160.52, 225.76, 1.79924
FILLER_0_77_333, 160.52, 220.32, 1.79926
FILLER_0_75_329, 160.52, 214.88, 1.79927
FILLER_0_73_329, 160.52, 209.44, 1.79927
_1070_, 160.52, 204, 1.79928
ANTENNA_35, 160.52, 204, 1.79928
FILLER_0_71_329, 160.52, 204, 1.79928
ANTENNA_37, 160.52, 198.56, 1.7993
ANTENNA_70, 160.52, 198.56, 1.7993
FILLER_0_69_329, 160.52, 198.56, 1.7993
FILLER_0_67_326, 160.52, 193.12, 1.79929
_0716_, 160.52, 187.68, 1.7993
FILLER_0_65_329, 160.52, 187.68, 1.7993
FILLER_0_62_333, 160.52, 182.24, 1.79931
FILLER_0_63_329, 160.52, 182.24, 1.79931
_1254_, 160.52, 176.8, 1.79932
FILLER_0_61_325, 160.52, 176.8, 1.79932
FILLER_0_61_333, 160.52, 176.8, 1.79932
FILLER_0_62_341, 160.52, 176.8, 1.79932
FILLER_0_59_329, 160.52, 171.36, 1.79934
max_cap50, 160.52, 165.92, 1.79934
FILLER_0_56_333, 160.52, 165.92, 1.79934
FILLER_0_57_329, 160.52, 165.92, 1.79934
_0909_, 160.52, 160.48, 1.79935
_1063_, 160.52, 160.48, 1.79935
FILLER_0_55_329, 160.52, 160.48, 1.79935
FILLER_0_53_329, 160.52, 155.04, 1.79936
FILLER_0_51_329, 160.52, 149.6, 1.79937
_1053_, 160.52, 144.16, 1.79937
FILLER_0_46_333, 160.52, 138.72, 1.79937
FILLER_0_47_325, 160.52, 138.72, 1.79937
FILLER_0_47_333, 160.52, 138.72, 1.79937
_0813_, 160.52, 133.28, 1.79937
FILLER_0_45_329, 160.52, 133.28, 1.79937
_1323_, 160.52, 127.84, 1.79936
FILLER_0_43_329, 160.52, 127.84, 1.79936
FILLER_0_41_329, 160.52, 122.4, 1.79936
FILLER_0_39_329, 160.52, 116.96, 1.79935
FILLER_0_37_329, 160.52, 111.52, 1.79935
FILLER_0_33_325, 160.52, 100.64, 1.79933
FILLER_0_33_333, 160.52, 100.64, 1.79933
FILLER_0_31_329, 160.52, 95.2, 1.79933
FILLER_0_29_329, 160.52, 89.76, 1.79932
FILLER_0_27_329, 160.52, 84.32, 1.79931
FILLER_0_25_329, 160.52, 78.88, 1.7993
_0940_, 160.52, 73.44, 1.79929
FILLER_0_23_327, 160.52, 73.44, 1.79929
FILLER_0_23_349, 160.52, 73.44, 1.79929
FILLER_0_24_345, 160.52, 73.44, 1.79929
FILLER_0_21_325, 160.52, 68, 1.79929
FILLER_0_21_333, 160.52, 68, 1.79929
FILLER_0_19_329, 160.52, 62.56, 1.79928
_1075_, 160.52, 57.12, 1.79928
ANTENNA_36, 160.52, 57.12, 1.79928
FILLER_0_16_333, 160.52, 57.12, 1.79928
_0991_, 160.52, 51.68, 1.79926
_1026_, 160.52, 51.68, 1.79926
_1121_, 160.52, 51.68, 1.79926
FILLER_0_13_327, 160.52, 46.24, 1.79927
FILLER_0_11_329, 160.52, 40.8, 1.79927
FILLER_0_9_329, 160.52, 35.36, 1.79926
_1130_, 160.52, 29.92, 1.79926
FILLER_0_7_329, 160.52, 29.92, 1.79926
FILLER_0_5_327, 160.52, 24.48, 1.79926
_0756_, 160.52, 19.04, 1.79925
_0654_, 160.52, 13.6, 1.79925
FILLER_0_0_333, 160.52, 13.6, 1.79925
FILLER_0_1_329, 160.52, 13.6, 1.79925
FILLER_0_2_345, 160.52, 13.6, 1.79925
FILLER_0_101_277, 135.52, 285.6, 1.79924
_1278_, 135.52, 280.16, 1.79924
FILLER_0_99_273, 135.52, 280.16, 1.79924
FILLER_0_99_281, 135.52, 280.16, 1.79924
FILLER_0_99_289, 135.52, 280.16, 1.79924
FILLER_0_97_276, 135.52, 274.72, 1.79923
FILLER_0_95_273, 135.52, 269.28, 1.79925
_0703_, 135.52, 263.84, 1.79924
_1082_, 135.52, 263.84, 1.79924
FILLER_0_93_273, 135.52, 263.84, 1.79924
FILLER_0_93_281, 135.52, 263.84, 1.79924
_1014_, 135.52, 258.4, 1.79925
FILLER_0_91_273, 135.52, 258.4, 1.79925
FILLER_0_91_293, 135.52, 258.4, 1.79925
FILLER_0_87_273, 135.52, 247.52, 1.79925
FILLER_0_85_273, 135.52, 242.08, 1.79926
FILLER_0_85_293, 135.52, 242.08, 1.79926
FILLER_0_83_273, 135.52, 236.64, 1.79926
FILLER_0_81_273, 135.52, 231.2, 1.79927
FILLER_0_79_273, 135.52, 225.76, 1.79926
FILLER_0_77_273, 135.52, 220.32, 1.79928
_0672_, 135.52, 214.88, 1.79929
FILLER_0_75_273, 135.52, 214.88, 1.79929
_0810_, 135.52, 209.44, 1.79927
_1187_, 135.52, 209.44, 1.79927
FILLER_0_72_273, 135.52, 209.44, 1.79927
FILLER_0_73_274, 135.52, 209.44, 1.79927
_0788_, 135.52, 204, 1.7993
FILLER_0_70_277, 135.52, 204, 1.7993
FILLER_0_71_273, 135.52, 204, 1.7993
FILLER_0_69_273, 135.52, 198.56, 1.79932
FILLER_0_67_273, 135.52, 193.12, 1.79932
FILLER_0_65_277, 135.52, 187.68, 1.79933
FILLER_0_66_293, 135.52, 187.68, 1.79933
_0848_, 135.52, 182.24, 1.79935
FILLER_0_63_273, 135.52, 182.24, 1.79935
FILLER_0_61_275, 135.52, 176.8, 1.79936
FILLER_0_59_273, 135.52, 171.36, 1.79938
FILLER_0_57_277, 135.52, 165.92, 1.79939
_0883_, 135.52, 160.48, 1.7994
FILLER_0_55_273, 135.52, 160.48, 1.7994
FILLER_0_55_293, 135.52, 160.48, 1.7994
FILLER_0_52_277, 135.52, 155.04, 1.79942
FILLER_0_53_273, 135.52, 155.04, 1.79942
_0989_, 135.52, 149.6, 1.79943
_1168_, 135.52, 149.6, 1.79943
FILLER_0_51_273, 135.52, 149.6, 1.79943
_1249_, 135.52, 144.16, 1.79943
FILLER_0_48_277, 135.52, 144.16, 1.79943
FILLER_0_49_273, 135.52, 144.16, 1.79943
FILLER_0_47_271, 135.52, 138.72, 1.79945
_1279_, 135.52, 133.28, 1.79944
FILLER_0_45_273, 135.52, 133.28, 1.79944
FILLER_0_46_289, 135.52, 133.28, 1.79944
_1057_, 135.52, 127.84, 1.79942
FILLER_0_43_273, 135.52, 127.84, 1.79942
FILLER_0_41_273, 135.52, 122.4, 1.79941
_0955_, 135.52, 116.96, 1.7994
FILLER_0_39_273, 135.52, 116.96, 1.7994
FILLER_0_37_271, 135.52, 111.52, 1.79939
FILLER_0_35_273, 135.52, 106.08, 1.79938
FILLER_0_33_273, 135.52, 100.64, 1.79937
FILLER_0_31_276, 135.52, 95.2, 1.79935
_1038_, 135.52, 89.76, 1.79933
FILLER_0_28_277, 135.52, 89.76, 1.79933
FILLER_0_29_276, 135.52, 89.76, 1.79933
FILLER_0_27_273, 135.52, 84.32, 1.79933
_1260_, 135.52, 78.88, 1.79932
FILLER_0_24_277, 135.52, 78.88, 1.79932
_1262_, 135.52, 73.44, 1.7993
FILLER_0_23_293, 135.52, 73.44, 1.7993
_0769_, 135.52, 68, 1.79929
_0995_, 135.52, 68, 1.79929
FILLER_0_21_272, 135.52, 68, 1.79929
FILLER_0_21_281, 135.52, 68, 1.79929
_0768_, 135.52, 62.56, 1.7993
FILLER_0_19_274, 135.52, 62.56, 1.7993
FILLER_0_17_273, 135.52, 57.12, 1.7993
_1240_, 135.52, 51.68, 1.79928
FILLER_0_15_272, 135.52, 51.68, 1.79928
_1032_, 135.52, 46.24, 1.79927
_1306_, 135.52, 46.24, 1.79927
ANTENNA_31, 135.52, 46.24, 1.79927
FILLER_0_12_273, 135.52, 46.24, 1.79927
FILLER_0_13_293, 135.52, 46.24, 1.79927
FILLER_0_14_289, 135.52, 46.24, 1.79927
FILLER_0_11_273, 135.52, 40.8, 1.79928
_0749_, 135.52, 35.36, 1.79927
FILLER_0_9_273, 135.52, 35.36, 1.79927
_0717_, 135.52, 29.92, 1.79926
FILLER_0_7_276, 135.52, 29.92, 1.79926
_0778_, 135.52, 24.48, 1.79925
_0951_, 135.52, 24.48, 1.79925
_0879_, 135.52, 19.04, 1.79926
FILLER_0_3_277, 135.52, 19.04, 1.79926
FILLER_0_0_277, 135.52, 13.6, 1.79927
FILLER_0_1_271, 135.52, 13.6, 1.79927
_0806_, 110.52, 285.6, 1.79925
_0923_, 110.52, 285.6, 1.79925
_1305_, 110.52, 285.6, 1.79925
FILLER_0_100_217, 110.52, 285.6, 1.79925
FILLER_0_101_221, 110.52, 285.6, 1.79925
FILLER_0_98_221, 110.52, 280.16, 1.79926
FILLER_0_99_217, 110.52, 280.16, 1.79926
_1109_, 110.52, 274.72, 1.79925
FILLER_0_97_217, 110.52, 274.72, 1.79925
FILLER_0_97_237, 110.52, 274.72, 1.79925
FILLER_0_98_229, 110.52, 274.72, 1.79925
FILLER_0_95_217, 110.52, 269.28, 1.79926
FILLER_0_93_216, 110.52, 263.84, 1.79926
FILLER_0_91_217, 110.52, 258.4, 1.79926
_1122_, 110.52, 252.96, 1.79926
_1167_, 110.52, 252.96, 1.79926
FILLER_0_89_225, 110.52, 252.96, 1.79926
FILLER_0_87_217, 110.52, 247.52, 1.79927
FILLER_0_87_237, 110.52, 247.52, 1.79927
FILLER_0_85_221, 110.52, 242.08, 1.79928
_0755_, 110.52, 236.64, 1.79927
_0809_, 110.52, 236.64, 1.79927
_0902_, 110.52, 236.64, 1.79927
ANTENNA_14, 110.52, 236.64, 1.79927
FILLER_0_83_217, 110.52, 236.64, 1.79927
FILLER_0_83_236, 110.52, 236.64, 1.79927
FILLER_0_81_217, 110.52, 231.2, 1.79929
max_cap57, 110.52, 225.76, 1.79928
FILLER_0_79_221, 110.52, 225.76, 1.79928
FILLER_0_80_241, 110.52, 225.76, 1.79928
FILLER_0_77_217, 110.52, 220.32, 1.79931
FILLER_0_75_217, 110.52, 214.88, 1.79931
_1074_, 110.52, 209.44, 1.79931
FILLER_0_73_217, 110.52, 209.44, 1.79931
_0747_, 110.52, 204, 1.79933
FILLER_0_71_217, 110.52, 204, 1.79933
FILLER_0_72_229, 110.52, 204, 1.79933
FILLER_0_67_217, 110.52, 193.12, 1.79936
_1227_, 110.52, 187.68, 1.79935
FILLER_0_65_217, 110.52, 187.68, 1.79935
FILLER_0_65_225, 110.52, 187.68, 1.79935
_0825_, 110.52, 182.24, 1.79938
FILLER_0_63_217, 110.52, 182.24, 1.79938
FILLER_0_61_218, 110.52, 176.8, 1.7994
FILLER_0_59_221, 110.52, 171.36, 1.79943
_1186_, 110.52, 165.92, 1.79942
max_cap52, 110.52, 165.92, 1.79942
FILLER_0_57_215, 110.52, 165.92, 1.79942
FILLER_0_57_225, 110.52, 165.92, 1.79942
_0992_, 110.52, 160.48, 1.79946
_1193_, 110.52, 160.48, 1.79946
FILLER_0_54_221, 110.52, 160.48, 1.79946
FILLER_0_55_221, 110.52, 160.48, 1.79946
FILLER_0_55_225, 110.52, 160.48, 1.79946
FILLER_0_53_217, 110.52, 155.04, 1.7995
FILLER_0_51_217, 110.52, 149.6, 1.79952
FILLER_0_49_217, 110.52, 144.16, 1.79954
_1065_, 110.52, 138.72, 1.79955
FILLER_0_47_217, 110.52, 138.72, 1.79955
FILLER_0_45_220, 110.52, 133.28, 1.79953
_1318_, 110.52, 127.84, 1.79949
FILLER_0_43_217, 110.52, 127.84, 1.79949
FILLER_0_44_233, 110.52, 127.84, 1.79949
FILLER_0_40_221, 110.52, 122.4, 1.79948
FILLER_0_41_217, 110.52, 122.4, 1.79948
_1089_, 110.52, 116.96, 1.79945
FILLER_0_39_221, 110.52, 116.96, 1.79945
FILLER_0_40_229, 110.52, 116.96, 1.79945
_0882_, 110.52, 111.52, 1.79943
_0944_, 110.52, 111.52, 1.79943
FILLER_0_36_221, 110.52, 111.52, 1.79943
FILLER_0_37_217, 110.52, 111.52, 1.79943
FILLER_0_37_237, 110.52, 111.52, 1.79943
_0853_, 110.52, 95.2, 1.79938
_0894_, 110.52, 95.2, 1.79938
FILLER_0_31_217, 110.52, 95.2, 1.79938
_1015_, 110.52, 89.76, 1.79936
FILLER_0_29_217, 110.52, 89.76, 1.79936
_1091_, 110.52, 84.32, 1.79935
FILLER_0_27_217, 110.52, 84.32, 1.79935
FILLER_0_28_241, 110.52, 84.32, 1.79935
_1077_, 110.52, 78.88, 1.79933
_1225_, 110.52, 78.88, 1.79933
FILLER_0_25_217, 110.52, 78.88, 1.79933
FILLER_0_26_233, 110.52, 78.88, 1.79933
_0819_, 110.52, 73.44, 1.79932
FILLER_0_23_217, 110.52, 73.44, 1.79932
FILLER_0_23_225, 110.52, 73.44, 1.79932
_1083_, 110.52, 68, 1.7993
FILLER_0_21_217, 110.52, 68, 1.7993
_0726_, 110.52, 62.56, 1.79931
FILLER_0_19_225, 110.52, 62.56, 1.79931
FILLER_0_17_217, 110.52, 57.12, 1.79931
_0704_, 110.52, 51.68, 1.79928
_1035_, 110.52, 51.68, 1.79928
FILLER_0_15_217, 110.52, 51.68, 1.79928
_1155_, 110.52, 46.24, 1.79929
FILLER_0_13_217, 110.52, 46.24, 1.79929
FILLER_0_11_217, 110.52, 40.8, 1.79929
FILLER_0_8_221, 110.52, 35.36, 1.79928
FILLER_0_9_217, 110.52, 35.36, 1.79928
_1149_, 110.52, 29.92, 1.79926
FILLER_0_7_237, 110.52, 29.92, 1.79926
FILLER_0_5_217, 110.52, 24.48, 1.79927
FILLER_0_3_218, 110.52, 19.04, 1.79927
FILLER_0_0_221, 110.52, 13.6, 1.79928
FILLER_0_1_219, 110.52, 13.6, 1.79928
FILLER_0_101_165, 85.52, 285.6, 1.79927
FILLER_0_98_165, 85.52, 280.16, 1.79927
FILLER_0_99_161, 85.52, 280.16, 1.79927
_1313_, 85.52, 274.72, 1.79926
FILLER_0_95_161, 85.52, 269.28, 1.79927
_1200_, 85.52, 263.84, 1.79927
FILLER_0_89_161, 85.52, 252.96, 1.79928
FILLER_0_87_161, 85.52, 247.52, 1.79928
_0752_, 85.52, 242.08, 1.79929
FILLER_0_85_161, 85.52, 242.08, 1.79929
FILLER_0_81_162, 85.52, 231.2, 1.7993
FILLER_0_80_181, 85.52, 225.76, 1.7993
FILLER_0_77_163, 85.52, 220.32, 1.79932
_0701_, 85.52, 214.88, 1.79933
FILLER_0_76_177, 85.52, 214.88, 1.79933
FILLER_0_73_161, 85.52, 209.44, 1.79934
FILLER_0_71_163, 85.52, 204, 1.79935
_0911_, 85.52, 198.56, 1.79937
FILLER_0_69_161, 85.52, 198.56, 1.79937
FILLER_0_69_181, 85.52, 198.56, 1.79937
FILLER_0_66_165, 85.52, 193.12, 1.79938
FILLER_0_67_163, 85.52, 193.12, 1.79938
FILLER_0_68_185, 85.52, 193.12, 1.79938
_1126_, 85.52, 187.68, 1.79939
_1314_, 85.52, 187.68, 1.79939
ANTENNA_39, 85.52, 187.68, 1.79939
FILLER_0_64_161, 85.52, 187.68, 1.79939
FILLER_0_65_161, 85.52, 187.68, 1.79939
_0725_, 85.52, 182.24, 1.79942
FILLER_0_63_161, 85.52, 182.24, 1.79942
FILLER_0_64_174, 85.52, 182.24, 1.79942
FILLER_0_64_185, 85.52, 182.24, 1.79942
_0766_, 85.52, 176.8, 1.79943
FILLER_0_61_161, 85.52, 176.8, 1.79943
_1139_, 85.52, 171.36, 1.79946
FILLER_0_59_164, 85.52, 171.36, 1.79946
FILLER_0_59_169, 85.52, 171.36, 1.79946
_0981_, 85.52, 165.92, 1.79946
_1148_, 85.52, 165.92, 1.79946
FILLER_0_57_161, 85.52, 165.92, 1.79946
FILLER_0_57_185, 85.52, 165.92, 1.79946
_0794_, 85.52, 160.48, 1.79951
_0956_, 85.52, 160.48, 1.79951
ANTENNA_6, 85.52, 160.48, 1.79951
FILLER_0_53_161, 85.52, 155.04, 1.79956
FILLER_0_51_165, 85.52, 149.6, 1.7996
FILLER_0_47_161, 85.52, 138.72, 1.79965
_0732_, 85.52, 133.28, 1.7996
max_cap42, 85.52, 133.28, 1.7996
FILLER_0_45_161, 85.52, 133.28, 1.7996
FILLER_0_45_181, 85.52, 133.28, 1.7996
FILLER_0_46_177, 85.52, 133.28, 1.7996
FILLER_0_43_161, 85.52, 127.84, 1.79956
FILLER_0_41_161, 85.52, 122.4, 1.79953
_0750_, 85.52, 116.96, 1.79948
FILLER_0_39_163, 85.52, 116.96, 1.79948
FILLER_0_37_161, 85.52, 111.52, 1.79947
_0860_, 85.52, 106.08, 1.79945
FILLER_0_35_161, 85.52, 106.08, 1.79945
FILLER_0_33_161, 85.52, 100.64, 1.79942
FILLER_0_31_161, 85.52, 95.2, 1.79941
FILLER_0_32_186, 85.52, 95.2, 1.79941
_1285_, 85.52, 89.76, 1.79939
FILLER_0_29_161, 85.52, 89.76, 1.79939
FILLER_0_30_177, 85.52, 89.76, 1.79939
_1163_, 85.52, 84.32, 1.79937
FILLER_0_27_161, 85.52, 84.32, 1.79937
_0837_, 85.52, 78.88, 1.79934
FILLER_0_25_161, 85.52, 78.88, 1.79934
FILLER_0_25_169, 85.52, 78.88, 1.79934
_0808_, 85.52, 73.44, 1.79933
FILLER_0_23_165, 85.52, 73.44, 1.79933
FILLER_0_24_187, 85.52, 73.44, 1.79933
_0916_, 85.52, 62.56, 1.79931
_0977_, 85.52, 62.56, 1.79931
FILLER_0_19_165, 85.52, 62.56, 1.79931
FILLER_0_19_169, 85.52, 62.56, 1.79931
FILLER_0_20_177, 85.52, 62.56, 1.79931
_0905_, 85.52, 57.12, 1.79932
FILLER_0_17_164, 85.52, 57.12, 1.79932
FILLER_0_18_185, 85.52, 57.12, 1.79932
_0711_, 85.52, 51.68, 1.7993
FILLER_0_13_161, 85.52, 46.24, 1.7993
_1177_, 85.52, 40.8, 1.79929
FILLER_0_11_164, 85.52, 40.8, 1.79929
FILLER_0_12_177, 85.52, 40.8, 1.79929
_1222_, 85.52, 35.36, 1.79927
FILLER_0_9_163, 85.52, 35.36, 1.79927
_1299_, 85.52, 29.92, 1.79928
FILLER_0_7_169, 85.52, 29.92, 1.79928
_0926_, 85.52, 24.48, 1.79928
ANTENNA_21, 85.52, 24.48, 1.79928
FILLER_0_4_165, 85.52, 24.48, 1.79928
FILLER_0_5_161, 85.52, 24.48, 1.79928
FILLER_0_3_161, 85.52, 19.04, 1.79928
_0986_, 85.52, 13.6, 1.79928
FILLER_0_0_165, 85.52, 13.6, 1.79928
FILLER_0_1_161, 85.52, 13.6, 1.79928
_1257_, 60.52, 285.6, 1.79927
FILLER_0_101_109, 60.52, 285.6, 1.79927
FILLER_0_100_133, 60.52, 280.16, 1.79928
_0823_, 60.52, 274.72, 1.79927
FILLER_0_97_113, 60.52, 274.72, 1.79927
FILLER_0_98_133, 60.52, 274.72, 1.79927
FILLER_0_96_133, 60.52, 269.28, 1.79928
_0678_, 60.52, 263.84, 1.79928
_1092_, 60.52, 263.84, 1.79928
max_cap62, 60.52, 263.84, 1.79928
FILLER_0_92_109, 60.52, 263.84, 1.79928
FILLER_0_94_121, 60.52, 263.84, 1.79928
_1211_, 60.52, 258.4, 1.79928
FILLER_0_92_131, 60.52, 258.4, 1.79928
FILLER_0_90_130, 60.52, 252.96, 1.79929
_1111_, 60.52, 242.08, 1.7993
_0937_, 60.52, 236.64, 1.7993
_1312_, 60.52, 236.64, 1.7993
ANTENNA_55, 60.52, 236.64, 1.7993
_1180_, 60.52, 231.2, 1.79929
wire59, 60.52, 231.2, 1.79929
_1224_, 60.52, 225.76, 1.79931
FILLER_0_80_133, 60.52, 225.76, 1.79931
_0829_, 60.52, 220.32, 1.79933
_1073_, 60.52, 220.32, 1.79933
ANTENNA_11, 60.52, 220.32, 1.79933
_0790_, 60.52, 214.88, 1.79934
FILLER_0_75_125, 60.52, 214.88, 1.79934
FILLER_0_76_133, 60.52, 214.88, 1.79934
_1213_, 60.52, 209.44, 1.79934
FILLER_0_73_108, 60.52, 209.44, 1.79934
FILLER_0_74_130, 60.52, 209.44, 1.79934
_1079_, 60.52, 204, 1.79935
_0918_, 60.52, 198.56, 1.79937
FILLER_0_69_113, 60.52, 198.56, 1.79937
FILLER_0_70_133, 60.52, 198.56, 1.79937
FILLER_0_67_108, 60.52, 193.12, 1.79939
FILLER_0_67_125, 60.52, 193.12, 1.79939
FILLER_0_68_133, 60.52, 193.12, 1.79939
FILLER_0_66_133, 60.52, 187.68, 1.7994
FILLER_0_64_133, 60.52, 182.24, 1.79942
FILLER_0_62_133, 60.52, 176.8, 1.79944
_1050_, 60.52, 171.36, 1.79945
FILLER_0_59_109, 60.52, 171.36, 1.79945
FILLER_0_59_125, 60.52, 171.36, 1.79945
FILLER_0_60_133, 60.52, 171.36, 1.79945
_1151_, 60.52, 165.92, 1.79947
FILLER_0_58_121, 60.52, 165.92, 1.79947
_1023_, 60.52, 160.48, 1.7995
FILLER_0_55_113, 60.52, 160.48, 1.7995
FILLER_0_56_133, 60.52, 160.48, 1.7995
_0965_, 60.52, 155.04, 1.79953
FILLER_0_52_109, 60.52, 155.04, 1.79953
FILLER_0_54_133, 60.52, 155.04, 1.79953
_0784_, 60.52, 149.6, 1.79955
FILLER_0_50_109, 60.52, 149.6, 1.79955
_1172_, 60.52, 144.16, 1.79957
_1303_, 60.52, 144.16, 1.79957
FILLER_0_48_113, 60.52, 144.16, 1.79957
FILLER_0_46_133, 60.52, 133.28, 1.79955
_0821_, 60.52, 127.84, 1.79952
FILLER_0_42_109, 60.52, 127.84, 1.79952
FILLER_0_43_106, 60.52, 127.84, 1.79952
FILLER_0_44_133, 60.52, 127.84, 1.79952
_0930_, 60.52, 116.96, 1.79946
FILLER_0_40_133, 60.52, 116.96, 1.79946
FILLER_0_38_129, 60.52, 111.52, 1.79946
FILLER_0_36_133, 60.52, 106.08, 1.79944
FILLER_0_34_133, 60.52, 100.64, 1.79942
FILLER_0_32_133, 60.52, 95.2, 1.7994
FILLER_0_29_106, 60.52, 89.76, 1.79938
FILLER_0_30_131, 60.52, 89.76, 1.79938
FILLER_0_28_133, 60.52, 84.32, 1.79937
FILLER_0_25_106, 60.52, 78.88, 1.79935
_1238_, 60.52, 73.44, 1.79933
max_cap58, 60.52, 73.44, 1.79933
FILLER_0_23_113, 60.52, 73.44, 1.79933
FILLER_0_24_130, 60.52, 73.44, 1.79933
_0697_, 60.52, 68, 1.79933
FILLER_0_22_132, 60.52, 68, 1.79933
FILLER_0_19_108, 60.52, 62.56, 1.79932
FILLER_0_20_133, 60.52, 62.56, 1.79932
_1004_, 60.52, 57.12, 1.79932
FILLER_0_17_113, 60.52, 57.12, 1.79932
_1309_, 60.52, 51.68, 1.7993
FILLER_0_14_133, 60.52, 46.24, 1.79931
_0862_, 60.52, 40.8, 1.79929
ANTENNA_12, 60.52, 40.8, 1.79929
_0973_, 60.52, 35.36, 1.79928
_1273_, 60.52, 35.36, 1.79928
ANTENNA_54, 60.52, 35.36, 1.79928
FILLER_0_10_133, 60.52, 35.36, 1.79928
FILLER_0_8_131, 60.52, 29.92, 1.79929
_1071_, 60.52, 24.48, 1.79928
FILLER_0_6_133, 60.52, 24.48, 1.79928
_1223_, 60.52, 19.04, 1.79927
FILLER_0_4_131, 60.52, 19.04, 1.79927
FILLER_0_0_109, 60.52, 13.6, 1.79928
FILLER_0_1_107, 60.52, 13.6, 1.79928
_0682_, 35.52, 285.6, 1.79927
FILLER_0_101_52, 35.52, 285.6, 1.79927
FILLER_0_101_57, 35.52, 285.6, 1.79927
_0855_, 35.52, 280.16, 1.79928
FILLER_0_100_77, 35.52, 280.16, 1.79928
FILLER_0_98_77, 35.52, 274.72, 1.79928
FILLER_0_96_77, 35.52, 269.28, 1.79929
FILLER_0_94_77, 35.52, 263.84, 1.79929
_0805_, 35.52, 258.4, 1.79929
_1210_, 35.52, 258.4, 1.79929
ANTENNA_9, 35.52, 258.4, 1.79929
_1269_, 35.52, 252.96, 1.79929
ANTENNA_53, 35.52, 252.96, 1.79929
FILLER_0_88_53, 35.52, 252.96, 1.79929
FILLER_0_90_77, 35.52, 252.96, 1.79929
FILLER_0_84_75, 35.52, 236.64, 1.79931
_0686_, 35.52, 231.2, 1.7993
FILLER_0_82_77, 35.52, 231.2, 1.7993
_1085_, 35.52, 225.76, 1.79932
FILLER_0_78_77, 35.52, 220.32, 1.79933
_0791_, 35.52, 209.44, 1.79935
FILLER_0_73_69, 35.52, 209.44, 1.79935
FILLER_0_74_77, 35.52, 209.44, 1.79935
FILLER_0_72_77, 35.52, 204, 1.79936
FILLER_0_70_77, 35.52, 198.56, 1.79938
_0943_, 35.52, 193.12, 1.79939
_1231_, 35.52, 193.12, 1.79939
max_cap60, 35.52, 193.12, 1.79939
FILLER_0_67_57, 35.52, 193.12, 1.79939
FILLER_0_67_69, 35.52, 193.12, 1.79939
FILLER_0_68_77, 35.52, 193.12, 1.79939
FILLER_0_64_77, 35.52, 182.24, 1.79942
_0765_, 35.52, 176.8, 1.79942
FILLER_0_60_54, 35.52, 176.8, 1.79942
FILLER_0_62_77, 35.52, 176.8, 1.79942
_1103_, 35.52, 165.92, 1.79946
_1101_, 35.52, 160.48, 1.79947
FILLER_0_54_53, 35.52, 160.48, 1.79947
FILLER_0_56_77, 35.52, 160.48, 1.79947
_0844_, 35.52, 155.04, 1.79948
_1049_, 35.52, 155.04, 1.79948
FILLER_0_53_57, 35.52, 155.04, 1.79948
FILLER_0_54_77, 35.52, 155.04, 1.79948
_0988_, 35.52, 149.6, 1.7995
_0994_, 35.52, 149.6, 1.7995
FILLER_0_50_53, 35.52, 149.6, 1.7995
FILLER_0_51_53, 35.52, 149.6, 1.7995
FILLER_0_52_75, 35.52, 149.6, 1.7995
FILLER_0_48_74, 35.52, 138.72, 1.79953
_1076_, 35.52, 133.28, 1.7995
FILLER_0_46_77, 35.52, 133.28, 1.7995
FILLER_0_44_75, 35.52, 127.84, 1.79948
FILLER_0_41_52, 35.52, 122.4, 1.79947
FILLER_0_42_77, 35.52, 122.4, 1.79947
_0999_, 35.52, 116.96, 1.79944
FILLER_0_38_61, 35.52, 116.96, 1.79944
FILLER_0_40_77, 35.52, 116.96, 1.79944
_0743_, 35.52, 111.52, 1.79942
FILLER_0_37_53, 35.52, 111.52, 1.79942
FILLER_0_37_57, 35.52, 111.52, 1.79942
FILLER_0_38_73, 35.52, 111.52, 1.79942
FILLER_0_35_52, 35.52, 106.08, 1.79942
FILLER_0_34_77, 35.52, 100.64, 1.79941
_0748_, 35.52, 95.2, 1.79938
_1292_, 35.52, 95.2, 1.79938
FILLER_0_31_57, 35.52, 95.2, 1.79938
FILLER_0_32_77, 35.52, 95.2, 1.79938
_1230_, 35.52, 89.76, 1.79937
FILLER_0_29_53, 35.52, 89.76, 1.79937
FILLER_0_28_77, 35.52, 84.32, 1.79937
_0859_, 35.52, 73.44, 1.79933
_1013_, 35.52, 73.44, 1.79933
FILLER_0_24_77, 35.52, 73.44, 1.79933
FILLER_0_21_53, 35.52, 68, 1.79933
FILLER_0_22_75, 35.52, 68, 1.79933
FILLER_0_20_77, 35.52, 62.56, 1.79933
FILLER_0_17_53, 35.52, 57.12, 1.79932
FILLER_0_18_73, 35.52, 57.12, 1.79932
FILLER_0_14_77, 35.52, 46.24, 1.79931
FILLER_0_12_76, 35.52, 40.8, 1.7993
FILLER_0_10_73, 35.52, 35.36, 1.7993
FILLER_0_8_75, 35.52, 29.92, 1.79928
_0929_, 35.52, 19.04, 1.79927
FILLER_0_2_56, 35.52, 19.04, 1.79927
FILLER_0_4_77, 35.52, 19.04, 1.79927
_1128_, 35.52, 13.6, 1.79928
FILLER_0_0_53, 35.52, 13.6, 1.79928
FILLER_0_1_52, 35.52, 13.6, 1.79928
FILLER_0_1_57, 35.52, 13.6, 1.79928
FILLER_0_2_77, 35.52, 13.6, 1.79928
FILLER_0_101_21, 10.52, 285.6, 1.79927
FILLER_0_100_21, 10.52, 280.16, 1.79929
_1265_, 10.52, 258.4, 1.79929
_1099_, 10.52, 252.96, 1.7993
ANTENNA_66, 10.52, 252.96, 1.7993
ANTENNA_71, 10.52, 252.96, 1.7993
FILLER_0_90_21, 10.52, 252.96, 1.7993
FILLER_0_84_24, 10.52, 236.64, 1.79931
ANTENNA_43, 10.52, 231.2, 1.79931
ANTENNA_73, 10.52, 231.2, 1.79931
_0997_, 10.52, 220.32, 1.79933
FILLER_0_77_15, 10.52, 220.32, 1.79933
FILLER_0_78_18, 10.52, 220.32, 1.79933
_0900_, 10.52, 198.56, 1.79938
FILLER_0_70_15, 10.52, 198.56, 1.79938
_0689_, 10.52, 187.68, 1.7994
FILLER_0_66_15, 10.52, 187.68, 1.7994
FILLER_0_62_24, 10.52, 176.8, 1.79942
wire46, 10.52, 165.92, 1.79945
_0692_, 10.52, 144.16, 1.79946
_1221_, 10.52, 144.16, 1.79946
_0724_, 10.52, 138.72, 1.79949
FILLER_0_46_23, 10.52, 133.28, 1.79947
_1036_, 10.52, 127.84, 1.79947
FILLER_0_44_11, 10.52, 127.84, 1.79947
FILLER_0_44_21, 10.52, 127.84, 1.79947
FILLER_0_41_15, 10.52, 122.4, 1.79946
FILLER_0_41_23, 10.52, 122.4, 1.79946
_0734_, 10.52, 116.96, 1.79941
_1216_, 10.52, 116.96, 1.79941
FILLER_0_39_15, 10.52, 116.96, 1.79941
FILLER_0_40_22, 10.52, 116.96, 1.79941
_0667_, 10.52, 111.52, 1.7994
_1179_, 10.52, 111.52, 1.7994
ANTENNA_38, 10.52, 111.52, 1.7994
FILLER_0_37_11, 10.52, 111.52, 1.7994
FILLER_0_38_20, 10.52, 111.52, 1.7994
_0975_, 10.52, 106.08, 1.79941
FILLER_0_36_24, 10.52, 106.08, 1.79941
FILLER_0_34_23, 10.52, 100.64, 1.7994
_1277_, 10.52, 89.76, 1.79936
_0874_, 10.52, 73.44, 1.79932
FILLER_0_24_23, 10.52, 73.44, 1.79932
_1282_, 10.52, 68, 1.79933
FILLER_0_18_19, 10.52, 57.12, 1.79932
ANTENNA_46, 10.52, 51.68, 1.7993
ANTENNA_52, 10.52, 51.68, 1.7993
ANTENNA_75, 10.52, 51.68, 1.7993
FILLER_0_15_15, 10.52, 51.68, 1.7993
FILLER_0_16_22, 10.52, 51.68, 1.7993
_0972_, 10.52, 40.8, 1.7993
_0939_, 10.52, 35.36, 1.7993
_0733_, 10.52, 29.92, 1.79925
_0736_, 10.52, 29.92, 1.79925
_0932_, 10.52, 29.92, 1.79925
ANTENNA_57, 10.52, 29.92, 1.79925
FILLER_0_7_15, 10.52, 29.92, 1.79925
FILLER_0_8_11, 10.52, 29.92, 1.79925
FILLER_0_6_22, 10.52, 24.48, 1.79929
_0746_, 10.52, 13.6, 1.79928
FILLER_0_2_24, 10.52, 13.6, 1.79928
_1156_, 5.52, 285.6, 1.79926
PHY_200, 5.52, 285.6, 1.79926
PHY_202, 5.52, 285.6, 1.79926
PHY_201, 294.4, 285.6, 1.79918
PHY_203, 294.4, 285.6, 1.79918
_0727_, 23.02, 285.6, 1.79926
FILLER_0_101_29, 23.02, 285.6, 1.79926
FILLER_0_101_37, 23.02, 285.6, 1.79926
_0662_, 48.02, 285.6, 1.79926
FILLER_0_101_135, 73.02, 285.6, 1.79927
FILLER_0_100_189, 98.02, 285.6, 1.79926
FILLER_0_101_193, 98.02, 285.6, 1.79926
FILLER_0_100_244, 123.02, 285.6, 1.79925
FILLER_0_101_248, 123.02, 285.6, 1.79925
FILLER_0_100_301, 148.02, 285.6, 1.79924
FILLER_0_101_305, 148.02, 285.6, 1.79924
FILLER_0_100_353, 173.02, 285.6, 1.79922
FILLER_0_100_361, 173.02, 285.6, 1.79922
FILLER_0_101_361, 173.02, 285.6, 1.79922
_1203_, 198.02, 285.6, 1.7992
FILLER_0_100_415, 198.02, 285.6, 1.7992
FILLER_0_101_417, 198.02, 285.6, 1.7992
FILLER_0_100_471, 223.02, 285.6, 1.79919
FILLER_0_101_473, 223.02, 285.6, 1.79919
FILLER_0_100_526, 248.02, 285.6, 1.79918
FILLER_0_101_529, 248.02, 285.6, 1.79918
FILLER_0_101_585, 273.02, 285.6, 1.79918
PHY_196, 5.52, 280.16, 1.79928
PHY_198, 5.52, 280.16, 1.79928
input17, 5.52, 280.16, 1.79928
PHY_197, 294.4, 280.16, 1.79915
PHY_199, 294.4, 280.16, 1.79915
output20, 294.4, 280.16, 1.79915
FILLER_0_99_51, 23.02, 280.16, 1.79928
FILLER_0_98_141, 73.02, 280.16, 1.79928
FILLER_0_100_209, 98.02, 280.16, 1.79927
FILLER_0_98_301, 148.02, 280.16, 1.79923
FILLER_0_98_309, 148.02, 280.16, 1.79923
FILLER_0_98_358, 173.02, 280.16, 1.79922
_1118_, 223.02, 280.16, 1.79918
_1131_, 223.02, 280.16, 1.79918
FILLER_0_98_469, 223.02, 280.16, 1.79918
_0777_, 248.02, 280.16, 1.79915
FILLER_0_98_581, 273.02, 280.16, 1.79916
_0946_, 5.52, 274.72, 1.79929
PHY_192, 5.52, 274.72, 1.79929
PHY_194, 5.52, 274.72, 1.79929
PHY_193, 294.4, 274.72, 1.79917
PHY_195, 294.4, 274.72, 1.79917
FILLER_0_97_51, 23.02, 274.72, 1.79929
FILLER_0_97_105, 48.02, 274.72, 1.79928
_1084_, 73.02, 274.72, 1.79926
FILLER_0_96_189, 98.02, 274.72, 1.79926
_1220_, 123.02, 274.72, 1.79922
FILLER_0_96_245, 123.02, 274.72, 1.79922
_0796_, 148.02, 274.72, 1.79922
FILLER_0_96_301, 148.02, 274.72, 1.79922
_1295_, 173.02, 274.72, 1.79921
FILLER_0_96_357, 173.02, 274.72, 1.79921
_0679_, 198.02, 274.72, 1.79919
FILLER_0_96_413, 198.02, 274.72, 1.79919
FILLER_0_97_405, 198.02, 274.72, 1.79919
FILLER_0_97_413, 198.02, 274.72, 1.79919
_0963_, 223.02, 274.72, 1.79918
FILLER_0_96_469, 223.02, 274.72, 1.79918
_0764_, 248.02, 274.72, 1.79917
PHY_188, 5.52, 269.28, 1.79928
PHY_190, 5.52, 269.28, 1.79928
input18, 5.52, 269.28, 1.79928
PHY_189, 294.4, 269.28, 1.79916
PHY_191, 294.4, 269.28, 1.79916
_1290_, 23.02, 269.28, 1.79928
FILLER_0_95_38, 23.02, 269.28, 1.79928
FILLER_0_95_46, 23.02, 269.28, 1.79928
FILLER_0_95_105, 48.02, 269.28, 1.79928
_1237_, 73.02, 269.28, 1.79927
FILLER_0_94_245, 123.02, 269.28, 1.79926
FILLER_0_94_301, 148.02, 269.28, 1.79924
FILLER_0_94_357, 173.02, 269.28, 1.79922
ANTENNA_42, 198.02, 269.28, 1.7992
FILLER_0_94_410, 198.02, 269.28, 1.7992
FILLER_0_94_471, 223.02, 269.28, 1.79918
_0737_, 248.02, 269.28, 1.79916
ANTENNA_13, 248.02, 269.28, 1.79916
FILLER_0_94_522, 248.02, 269.28, 1.79916
FILLER_0_95_529, 248.02, 269.28, 1.79916
FILLER_0_96_533, 248.02, 269.28, 1.79916
_0914_, 273.02, 269.28, 1.79916
ANTENNA_2, 273.02, 269.28, 1.79916
FILLER_0_96_585, 273.02, 269.28, 1.79916
PHY_184, 5.52, 263.84, 1.79929
PHY_186, 5.52, 263.84, 1.79929
PHY_185, 294.4, 263.84, 1.79915
PHY_187, 294.4, 263.84, 1.79915
output27, 294.4, 263.84, 1.79915
FILLER_0_92_621, 294.4, 263.84, 1.79915
FILLER_0_93_51, 23.02, 263.84, 1.79929
FILLER_0_93_105, 48.02, 263.84, 1.79929
ANTENNA_48, 73.02, 263.84, 1.79928
FILLER_0_92_189, 98.02, 263.84, 1.79927
FILLER_0_92_245, 123.02, 263.84, 1.79925
FILLER_0_92_299, 148.02, 263.84, 1.79923
_1017_, 173.02, 263.84, 1.79921
FILLER_0_92_357, 173.02, 263.84, 1.79921
_1307_, 198.02, 263.84, 1.79918
_0814_, 223.02, 263.84, 1.79913
_1192_, 223.02, 263.84, 1.79913
_1251_, 223.02, 263.84, 1.79913
ANTENNA_44, 223.02, 263.84, 1.79913
ANTENNA_45, 223.02, 263.84, 1.79913
_0835_, 248.02, 263.84, 1.79914
FILLER_0_92_525, 248.02, 263.84, 1.79914
PHY_180, 5.52, 258.4, 1.79929
PHY_182, 5.52, 258.4, 1.79929
FILLER_0_91_3, 5.52, 258.4, 1.79929
PHY_181, 294.4, 258.4, 1.79918
PHY_183, 294.4, 258.4, 1.79918
_0762_, 23.02, 258.4, 1.79929
FILLER_0_90_29, 23.02, 258.4, 1.79929
FILLER_0_91_47, 23.02, 258.4, 1.79929
_1019_, 48.02, 258.4, 1.79928
FILLER_0_91_105, 48.02, 258.4, 1.79928
FILLER_0_91_159, 73.02, 258.4, 1.79928
_1188_, 98.02, 258.4, 1.79926
FILLER_0_90_189, 98.02, 258.4, 1.79926
FILLER_0_90_245, 123.02, 258.4, 1.79925
_1067_, 148.02, 258.4, 1.79923
FILLER_0_90_305, 148.02, 258.4, 1.79923
_0836_, 173.02, 258.4, 1.79921
FILLER_0_90_359, 173.02, 258.4, 1.79921
_0659_, 198.02, 258.4, 1.7992
ANTENNA_3, 198.02, 258.4, 1.7992
FILLER_0_90_417, 198.02, 258.4, 1.7992
FILLER_0_91_423, 198.02, 258.4, 1.7992
_1087_, 223.02, 258.4, 1.79918
FILLER_0_90_469, 223.02, 258.4, 1.79918
FILLER_0_91_467, 223.02, 258.4, 1.79918
FILLER_0_92_473, 223.02, 258.4, 1.79918
_0901_, 248.02, 258.4, 1.79918
FILLER_0_90_525, 248.02, 258.4, 1.79918
FILLER_0_92_533, 248.02, 258.4, 1.79918
_1064_, 273.02, 258.4, 1.79917
_1242_, 273.02, 258.4, 1.79917
ANTENNA_49, 273.02, 258.4, 1.79917
PHY_176, 5.52, 252.96, 1.79929
PHY_178, 5.52, 252.96, 1.79929
input19, 5.52, 252.96, 1.79929
FILLER_0_89_3, 5.52, 252.96, 1.79929
PHY_177, 294.4, 252.96, 1.79918
PHY_179, 294.4, 252.96, 1.79918
FILLER_0_89_48, 23.02, 252.96, 1.79929
_1322_, 48.02, 252.96, 1.79929
FILLER_0_88_85, 48.02, 252.96, 1.79929
FILLER_0_89_105, 48.02, 252.96, 1.79929
FILLER_0_88_137, 73.02, 252.96, 1.79928
_0735_, 98.02, 252.96, 1.79926
_1202_, 98.02, 252.96, 1.79926
FILLER_0_88_188, 98.02, 252.96, 1.79926
FILLER_0_88_197, 98.02, 252.96, 1.79926
FILLER_0_88_247, 123.02, 252.96, 1.79925
FILLER_0_88_301, 148.02, 252.96, 1.79924
_1048_, 173.02, 252.96, 1.79922
FILLER_0_88_357, 173.02, 252.96, 1.79922
FILLER_0_90_365, 173.02, 252.96, 1.79922
FILLER_0_90_373, 173.02, 252.96, 1.79922
_0857_, 198.02, 252.96, 1.79919
FILLER_0_88_413, 198.02, 252.96, 1.79919
FILLER_0_88_471, 223.02, 252.96, 1.79917
_0669_, 248.02, 252.96, 1.79915
_0785_, 248.02, 252.96, 1.79915
FILLER_0_88_523, 248.02, 252.96, 1.79915
FILLER_0_90_583, 273.02, 252.96, 1.79917
PHY_172, 5.52, 247.52, 1.7993
PHY_174, 5.52, 247.52, 1.7993
PHY_173, 294.4, 247.52, 1.79917
PHY_175, 294.4, 247.52, 1.79917
output28, 294.4, 247.52, 1.79917
_1052_, 23.02, 247.52, 1.79929
FILLER_0_87_51, 23.02, 247.52, 1.79929
ANTENNA_56, 48.02, 247.52, 1.79929
FILLER_0_86_79, 48.02, 247.52, 1.79929
FILLER_0_87_105, 48.02, 247.52, 1.79929
_0761_, 73.02, 247.52, 1.79928
_1115_, 73.02, 247.52, 1.79928
FILLER_0_86_141, 73.02, 247.52, 1.79928
FILLER_0_88_153, 73.02, 247.52, 1.79928
_0912_, 98.02, 247.52, 1.79928
FILLER_0_86_188, 98.02, 247.52, 1.79928
FILLER_0_88_205, 98.02, 247.52, 1.79928
_0817_, 123.02, 247.52, 1.79926
FILLER_0_86_245, 123.02, 247.52, 1.79926
_0751_, 148.02, 247.52, 1.79924
_0856_, 148.02, 247.52, 1.79924
_1133_, 173.02, 247.52, 1.79922
FILLER_0_86_355, 173.02, 247.52, 1.79922
FILLER_0_87_361, 173.02, 247.52, 1.79922
_0674_, 198.02, 247.52, 1.79921
FILLER_0_86_413, 198.02, 247.52, 1.79921
ANTENNA_34, 223.02, 247.52, 1.7992
FILLER_0_86_472, 223.02, 247.52, 1.7992
_0698_, 248.02, 247.52, 1.79918
_0792_, 248.02, 247.52, 1.79918
FILLER_0_86_525, 248.02, 247.52, 1.79918
FILLER_0_87_517, 248.02, 247.52, 1.79918
_0952_, 273.02, 247.52, 1.79917
ANTENNA_26, 273.02, 247.52, 1.79917
FILLER_0_86_580, 273.02, 247.52, 1.79917
FILLER_0_88_585, 273.02, 247.52, 1.79917
PHY_168, 5.52, 242.08, 1.79931
PHY_170, 5.52, 242.08, 1.79931
PHY_169, 294.4, 242.08, 1.79919
PHY_171, 294.4, 242.08, 1.79919
_1054_, 23.02, 242.08, 1.7993
FILLER_0_84_29, 23.02, 242.08, 1.7993
FILLER_0_85_51, 23.02, 242.08, 1.7993
FILLER_0_85_105, 48.02, 242.08, 1.7993
FILLER_0_84_189, 98.02, 242.08, 1.79928
FILLER_0_85_213, 98.02, 242.08, 1.79928
_0953_, 123.02, 242.08, 1.79927
FILLER_0_84_245, 123.02, 242.08, 1.79927
FILLER_0_85_249, 123.02, 242.08, 1.79927
_0996_, 148.02, 242.08, 1.79925
FILLER_0_84_301, 148.02, 242.08, 1.79925
FILLER_0_84_309, 148.02, 242.08, 1.79925
FILLER_0_84_359, 173.02, 242.08, 1.79923
_1245_, 198.02, 242.08, 1.79921
FILLER_0_84_412, 198.02, 242.08, 1.79921
FILLER_0_85_429, 198.02, 242.08, 1.79921
FILLER_0_84_469, 223.02, 242.08, 1.7992
PHY_164, 5.52, 236.64, 1.79931
PHY_166, 5.52, 236.64, 1.79931
input9, 5.52, 236.64, 1.79931
PHY_165, 294.4, 236.64, 1.79919
PHY_167, 294.4, 236.64, 1.79919
FILLER_0_83_51, 23.02, 236.64, 1.79931
FILLER_0_83_105, 48.02, 236.64, 1.7993
_1116_, 73.02, 236.64, 1.79929
FILLER_0_83_149, 73.02, 236.64, 1.79929
FILLER_0_83_160, 73.02, 236.64, 1.79929
FILLER_0_82_189, 98.02, 236.64, 1.79928
FILLER_0_82_245, 123.02, 236.64, 1.79926
_1304_, 148.02, 236.64, 1.79924
FILLER_0_82_301, 148.02, 236.64, 1.79924
_0998_, 173.02, 236.64, 1.79921
_1191_, 173.02, 236.64, 1.79921
FILLER_0_82_357, 173.02, 236.64, 1.79921
FILLER_0_84_377, 173.02, 236.64, 1.79921
FILLER_0_82_413, 198.02, 236.64, 1.79921
FILLER_0_82_469, 223.02, 236.64, 1.7992
FILLER_0_82_525, 248.02, 236.64, 1.7992
_0834_, 273.02, 236.64, 1.79919
FILLER_0_82_569, 273.02, 236.64, 1.79919
FILLER_0_82_577, 273.02, 236.64, 1.79919
FILLER_0_84_584, 273.02, 236.64, 1.79919
_1198_, 5.52, 231.2, 1.7993
PHY_160, 5.52, 231.2, 1.7993
PHY_162, 5.52, 231.2, 1.7993
PHY_161, 294.4, 231.2, 1.79918
PHY_163, 294.4, 231.2, 1.79918
output29, 294.4, 231.2, 1.79918
_0904_, 23.02, 231.2, 1.7993
_0864_, 48.02, 231.2, 1.79928
FILLER_0_80_80, 48.02, 231.2, 1.79928
FILLER_0_81_81, 48.02, 231.2, 1.79928
FILLER_0_82_97, 48.02, 231.2, 1.79928
FILLER_0_82_105, 48.02, 231.2, 1.79928
_0718_, 73.02, 231.2, 1.79929
_1217_, 98.02, 231.2, 1.79929
FILLER_0_80_193, 98.02, 231.2, 1.79929
FILLER_0_80_197, 98.02, 231.2, 1.79929
FILLER_0_80_249, 123.02, 231.2, 1.79928
FILLER_0_80_253, 123.02, 231.2, 1.79928
FILLER_0_82_321, 148.02, 231.2, 1.79926
FILLER_0_80_358, 173.02, 231.2, 1.79924
FILLER_0_80_413, 198.02, 231.2, 1.79923
FILLER_0_80_469, 223.02, 231.2, 1.79921
FILLER_0_80_525, 248.02, 231.2, 1.7992
PHY_156, 5.52, 225.76, 1.79932
PHY_158, 5.52, 225.76, 1.79932
input10, 5.52, 225.76, 1.79932
PHY_157, 294.4, 225.76, 1.79918
PHY_159, 294.4, 225.76, 1.79918
FILLER_0_79_102, 48.02, 225.76, 1.79932
FILLER_0_79_159, 73.02, 225.76, 1.79931
_0966_, 98.02, 225.76, 1.79928
wire43, 98.02, 225.76, 1.79928
FILLER_0_78_189, 98.02, 225.76, 1.79928
FILLER_0_78_197, 98.02, 225.76, 1.79928
FILLER_0_79_205, 98.02, 225.76, 1.79928
FILLER_0_80_205, 98.02, 225.76, 1.79928
_0824_, 123.02, 225.76, 1.79926
wire36, 123.02, 225.76, 1.79926
_0786_, 148.02, 225.76, 1.79925
_0807_, 148.02, 225.76, 1.79925
_1272_, 173.02, 225.76, 1.79922
FILLER_0_78_357, 173.02, 225.76, 1.79922
FILLER_0_78_413, 198.02, 225.76, 1.79922
FILLER_0_79_429, 198.02, 225.76, 1.79922
_0676_, 223.02, 225.76, 1.7992
FILLER_0_78_469, 223.02, 225.76, 1.7992
_0738_, 248.02, 225.76, 1.79918
_0758_, 248.02, 225.76, 1.79918
_0759_, 248.02, 225.76, 1.79918
FILLER_0_79_529, 248.02, 225.76, 1.79918
_0771_, 273.02, 225.76, 1.79918
FILLER_0_78_581, 273.02, 225.76, 1.79918
FILLER_0_80_582, 273.02, 225.76, 1.79918
FILLER_0_80_589, 273.02, 225.76, 1.79918
PHY_152, 5.52, 220.32, 1.79933
PHY_154, 5.52, 220.32, 1.79933
FILLER_0_78_3, 5.52, 220.32, 1.79933
PHY_153, 294.4, 220.32, 1.7992
PHY_155, 294.4, 220.32, 1.7992
_0687_, 23.02, 220.32, 1.79933
_0745_, 23.02, 220.32, 1.79933
_1100_, 23.02, 220.32, 1.79933
FILLER_0_76_34, 23.02, 220.32, 1.79933
FILLER_0_77_48, 23.02, 220.32, 1.79933
FILLER_0_77_105, 48.02, 220.32, 1.79933
_1018_, 98.02, 220.32, 1.79931
FILLER_0_76_197, 98.02, 220.32, 1.79931
FILLER_0_78_205, 98.02, 220.32, 1.79931
FILLER_0_76_243, 123.02, 220.32, 1.7993
FILLER_0_76_253, 123.02, 220.32, 1.7993
_1012_, 148.02, 220.32, 1.79927
FILLER_0_76_305, 148.02, 220.32, 1.79927
FILLER_0_76_357, 173.02, 220.32, 1.79925
FILLER_0_76_413, 198.02, 220.32, 1.79924
FILLER_0_76_469, 223.02, 220.32, 1.79922
_0783_, 248.02, 220.32, 1.79921
FILLER_0_76_525, 248.02, 220.32, 1.79921
FILLER_0_78_529, 248.02, 220.32, 1.79921
FILLER_0_76_581, 273.02, 220.32, 1.7992
FILLER_0_77_595, 273.02, 220.32, 1.7992
PHY_148, 5.52, 214.88, 1.79935
PHY_150, 5.52, 214.88, 1.79935
PHY_149, 294.4, 214.88, 1.7992
PHY_151, 294.4, 214.88, 1.7992
FILLER_0_75_51, 23.02, 214.88, 1.79935
_0974_, 48.02, 214.88, 1.79934
FILLER_0_74_85, 48.02, 214.88, 1.79934
FILLER_0_75_105, 48.02, 214.88, 1.79934
FILLER_0_75_159, 73.02, 214.88, 1.79934
_0898_, 98.02, 214.88, 1.79932
FILLER_0_74_189, 98.02, 214.88, 1.79932
_0924_, 123.02, 214.88, 1.7993
FILLER_0_74_245, 123.02, 214.88, 1.7993
FILLER_0_74_357, 173.02, 214.88, 1.79926
_1058_, 198.02, 214.88, 1.79924
FILLER_0_74_413, 198.02, 214.88, 1.79924
FILLER_0_75_417, 198.02, 214.88, 1.79924
FILLER_0_74_469, 223.02, 214.88, 1.79923
FILLER_0_74_581, 273.02, 214.88, 1.7992
PHY_144, 5.52, 209.44, 1.79935
PHY_146, 5.52, 209.44, 1.79935
input11, 5.52, 209.44, 1.79935
PHY_145, 294.4, 209.44, 1.79918
PHY_147, 294.4, 209.44, 1.79918
output30, 294.4, 209.44, 1.79918
FILLER_0_72_622, 294.4, 209.44, 1.79918
_1215_, 23.02, 209.44, 1.79935
FILLER_0_73_36, 23.02, 209.44, 1.79935
_0895_, 48.02, 209.44, 1.79934
ANTENNA_18, 48.02, 209.44, 1.79934
FILLER_0_73_91, 48.02, 209.44, 1.79934
FILLER_0_72_135, 73.02, 209.44, 1.79934
FILLER_0_72_189, 98.02, 209.44, 1.79933
_0731_, 123.02, 209.44, 1.79929
FILLER_0_74_265, 123.02, 209.44, 1.79929
FILLER_0_72_297, 148.02, 209.44, 1.79927
FILLER_0_72_305, 148.02, 209.44, 1.79927
FILLER_0_72_357, 173.02, 209.44, 1.79927
FILLER_0_72_469, 223.02, 209.44, 1.79923
FILLER_0_72_525, 248.02, 209.44, 1.79922
FILLER_0_74_529, 248.02, 209.44, 1.79922
FILLER_0_72_581, 273.02, 209.44, 1.7992
PHY_140, 5.52, 204, 1.79937
PHY_142, 5.52, 204, 1.79937
PHY_141, 294.4, 204, 1.79921
PHY_143, 294.4, 204, 1.79921
FILLER_0_70_25, 23.02, 204, 1.79937
FILLER_0_71_51, 23.02, 204, 1.79937
_1319_, 48.02, 204, 1.79935
FILLER_0_71_105, 48.02, 204, 1.79935
FILLER_0_72_97, 48.02, 204, 1.79935
_1204_, 73.02, 204, 1.79935
FILLER_0_71_149, 73.02, 204, 1.79935
FILLER_0_70_189, 98.02, 204, 1.79934
FILLER_0_70_245, 123.02, 204, 1.79931
FILLER_0_72_265, 123.02, 204, 1.79931
_1150_, 173.02, 204, 1.79926
FILLER_0_70_359, 173.02, 204, 1.79926
FILLER_0_70_413, 198.02, 204, 1.79924
FILLER_0_70_468, 223.02, 204, 1.79923
FILLER_0_70_527, 248.02, 204, 1.79922
_1316_, 273.02, 204, 1.79921
PHY_136, 5.52, 198.56, 1.79938
PHY_138, 5.52, 198.56, 1.79938
PHY_137, 294.4, 198.56, 1.79921
PHY_139, 294.4, 198.56, 1.79921
FILLER_0_69_51, 23.02, 198.56, 1.79938
FILLER_0_69_105, 48.02, 198.56, 1.79938
_1258_, 98.02, 198.56, 1.79936
FILLER_0_68_193, 98.02, 198.56, 1.79936
FILLER_0_68_245, 123.02, 198.56, 1.79934
FILLER_0_68_301, 148.02, 198.56, 1.79931
FILLER_0_68_357, 173.02, 198.56, 1.79928
FILLER_0_68_413, 198.02, 198.56, 1.79925
_0655_, 223.02, 198.56, 1.79921
_0815_, 223.02, 198.56, 1.79921
FILLER_0_68_469, 223.02, 198.56, 1.79921
FILLER_0_69_467, 223.02, 198.56, 1.79921
FILLER_0_68_525, 248.02, 198.56, 1.79922
FILLER_0_70_533, 248.02, 198.56, 1.79922
FILLER_0_68_581, 273.02, 198.56, 1.79921
PHY_132, 5.52, 193.12, 1.79938
PHY_134, 5.52, 193.12, 1.79938
input12, 5.52, 193.12, 1.79938
PHY_133, 294.4, 193.12, 1.79921
PHY_135, 294.4, 193.12, 1.79921
output31, 294.4, 193.12, 1.79921
FILLER_0_67_51, 23.02, 193.12, 1.79938
_0887_, 48.02, 193.12, 1.79939
ANTENNA_68, 48.02, 193.12, 1.79939
FILLER_0_66_80, 48.02, 193.12, 1.79939
FILLER_0_67_89, 48.02, 193.12, 1.79939
_1030_, 73.02, 193.12, 1.79938
max_cap45, 123.02, 193.12, 1.79933
FILLER_0_66_245, 123.02, 193.12, 1.79933
_0744_, 148.02, 193.12, 1.79929
_1246_, 148.02, 193.12, 1.79929
FILLER_0_66_303, 148.02, 193.12, 1.79929
FILLER_0_66_309, 148.02, 193.12, 1.79929
FILLER_0_66_413, 198.02, 193.12, 1.79927
FILLER_0_66_525, 248.02, 193.12, 1.79923
PHY_128, 5.52, 187.68, 1.7994
PHY_130, 5.52, 187.68, 1.7994
PHY_129, 294.4, 187.68, 1.79922
PHY_131, 294.4, 187.68, 1.79922
FILLER_0_64_622, 294.4, 187.68, 1.79922
FILLER_0_65_51, 23.02, 187.68, 1.7994
FILLER_0_65_105, 48.02, 187.68, 1.7994
_0658_, 98.02, 187.68, 1.79935
_1147_, 98.02, 187.68, 1.79935
FILLER_0_64_193, 98.02, 187.68, 1.79935
FILLER_0_65_193, 98.02, 187.68, 1.79935
_1244_, 123.02, 187.68, 1.79934
FILLER_0_64_249, 123.02, 187.68, 1.79934
FILLER_0_64_253, 123.02, 187.68, 1.79934
FILLER_0_65_269, 123.02, 187.68, 1.79934
_0680_, 148.02, 187.68, 1.79931
_0767_, 148.02, 187.68, 1.79931
FILLER_0_66_317, 148.02, 187.68, 1.79931
FILLER_0_64_358, 173.02, 187.68, 1.79929
_1059_, 198.02, 187.68, 1.79927
FILLER_0_64_417, 198.02, 187.68, 1.79927
FILLER_0_65_405, 198.02, 187.68, 1.79927
FILLER_0_64_469, 223.02, 187.68, 1.79925
FILLER_0_64_581, 273.02, 187.68, 1.79922
PHY_124, 5.52, 182.24, 1.79942
PHY_126, 5.52, 182.24, 1.79942
PHY_125, 294.4, 182.24, 1.7992
PHY_127, 294.4, 182.24, 1.7992
FILLER_0_63_51, 23.02, 182.24, 1.79942
FILLER_0_63_105, 48.02, 182.24, 1.79942
FILLER_0_64_153, 73.02, 182.24, 1.79942
FILLER_0_62_189, 98.02, 182.24, 1.7994
_1021_, 123.02, 182.24, 1.79936
FILLER_0_62_245, 123.02, 182.24, 1.79936
FILLER_0_62_299, 148.02, 182.24, 1.79933
_0685_, 173.02, 182.24, 1.79929
FILLER_0_62_353, 173.02, 182.24, 1.79929
FILLER_0_62_361, 173.02, 182.24, 1.79929
FILLER_0_64_365, 173.02, 182.24, 1.79929
FILLER_0_62_413, 198.02, 182.24, 1.79927
FILLER_0_62_470, 223.02, 182.24, 1.79925
_0964_, 248.02, 182.24, 1.79922
FILLER_0_62_525, 248.02, 182.24, 1.79922
FILLER_0_63_517, 248.02, 182.24, 1.79922
FILLER_0_63_525, 248.02, 182.24, 1.79922
FILLER_0_64_529, 248.02, 182.24, 1.79922
_0720_, 273.02, 182.24, 1.7992
FILLER_0_62_581, 273.02, 182.24, 1.7992
FILLER_0_64_589, 273.02, 182.24, 1.7992
PHY_120, 5.52, 176.8, 1.79941
PHY_122, 5.52, 176.8, 1.79941
input13, 5.52, 176.8, 1.79941
PHY_121, 294.4, 176.8, 1.79921
PHY_123, 294.4, 176.8, 1.79921
output32, 294.4, 176.8, 1.79921
_1137_, 23.02, 176.8, 1.79941
FILLER_0_61_51, 23.02, 176.8, 1.79941
FILLER_0_61_105, 48.02, 176.8, 1.79943
_1184_, 98.02, 176.8, 1.7994
FILLER_0_60_189, 98.02, 176.8, 1.7994
FILLER_0_61_191, 98.02, 176.8, 1.7994
_1008_, 123.02, 176.8, 1.79938
ANTENNA_29, 123.02, 176.8, 1.79938
FILLER_0_60_245, 123.02, 176.8, 1.79938
_1197_, 148.02, 176.8, 1.79934
FILLER_0_60_301, 148.02, 176.8, 1.79934
FILLER_0_60_357, 173.02, 176.8, 1.7993
_0708_, 198.02, 176.8, 1.79927
_1119_, 198.02, 176.8, 1.79927
FILLER_0_60_413, 198.02, 176.8, 1.79927
FILLER_0_61_405, 198.02, 176.8, 1.79927
FILLER_0_62_428, 198.02, 176.8, 1.79927
FILLER_0_60_470, 223.02, 176.8, 1.79925
_1267_, 248.02, 176.8, 1.79923
ANTENNA_22, 248.02, 176.8, 1.79923
FILLER_0_61_528, 248.02, 176.8, 1.79923
_0858_, 273.02, 176.8, 1.79921
_1234_, 273.02, 176.8, 1.79921
FILLER_0_62_589, 273.02, 176.8, 1.79921
PHY_116, 5.52, 171.36, 1.79944
PHY_118, 5.52, 171.36, 1.79944
PHY_117, 294.4, 171.36, 1.79922
PHY_119, 294.4, 171.36, 1.79922
_1235_, 23.02, 171.36, 1.79944
ANTENNA_72, 23.02, 171.36, 1.79944
FILLER_0_58_29, 23.02, 171.36, 1.79944
FILLER_0_59_51, 23.02, 171.36, 1.79944
_1201_, 48.02, 171.36, 1.79944
FILLER_0_59_93, 48.02, 171.36, 1.79944
_0933_, 73.02, 171.36, 1.79945
_0935_, 73.02, 171.36, 1.79945
FILLER_0_59_151, 73.02, 171.36, 1.79945
FILLER_0_58_245, 123.02, 171.36, 1.7994
FILLER_0_58_301, 148.02, 171.36, 1.79936
FILLER_0_58_357, 173.02, 171.36, 1.79932
_0775_, 198.02, 171.36, 1.79928
_1315_, 198.02, 171.36, 1.79928
FILLER_0_58_409, 198.02, 171.36, 1.79928
_1283_, 223.02, 171.36, 1.79925
FILLER_0_58_467, 223.02, 171.36, 1.79925
FILLER_0_59_461, 223.02, 171.36, 1.79925
FILLER_0_59_469, 223.02, 171.36, 1.79925
_0683_, 273.02, 171.36, 1.79921
_1263_, 273.02, 171.36, 1.79921
FILLER_0_58_577, 273.02, 171.36, 1.79921
FILLER_0_59_585, 273.02, 171.36, 1.79921
PHY_112, 5.52, 165.92, 1.79945
PHY_114, 5.52, 165.92, 1.79945
input14, 5.52, 165.92, 1.79945
PHY_113, 294.4, 165.92, 1.7992
PHY_115, 294.4, 165.92, 1.7992
FILLER_0_57_47, 23.02, 165.92, 1.79945
FILLER_0_57_105, 48.02, 165.92, 1.79946
_0978_, 98.02, 165.92, 1.79944
_1209_, 98.02, 165.92, 1.79944
max_cap51, 98.02, 165.92, 1.79944
FILLER_0_56_189, 98.02, 165.92, 1.79944
FILLER_0_56_197, 98.02, 165.92, 1.79944
FILLER_0_57_193, 98.02, 165.92, 1.79944
FILLER_0_56_247, 123.02, 165.92, 1.79941
FILLER_0_56_301, 148.02, 165.92, 1.79937
_0896_, 198.02, 165.92, 1.79927
_1033_, 198.02, 165.92, 1.79927
FILLER_0_56_409, 198.02, 165.92, 1.79927
FILLER_0_56_417, 198.02, 165.92, 1.79927
FILLER_0_58_421, 198.02, 165.92, 1.79927
FILLER_0_56_469, 223.02, 165.92, 1.79926
_0921_, 248.02, 165.92, 1.79922
_1176_, 248.02, 165.92, 1.79922
FILLER_0_57_517, 248.02, 165.92, 1.79922
_1250_, 273.02, 165.92, 1.79917
FILLER_0_56_581, 273.02, 165.92, 1.79917
FILLER_0_58_585, 273.02, 165.92, 1.79917
PHY_108, 5.52, 160.48, 1.79946
PHY_110, 5.52, 160.48, 1.79946
_0872_, 294.4, 160.48, 1.79921
PHY_109, 294.4, 160.48, 1.79921
PHY_111, 294.4, 160.48, 1.79921
output33, 294.4, 160.48, 1.79921
FILLER_0_55_51, 23.02, 160.48, 1.79947
FILLER_0_55_105, 48.02, 160.48, 1.79948
FILLER_0_55_160, 73.02, 160.48, 1.7995
_0693_, 98.02, 160.48, 1.79948
FILLER_0_54_189, 98.02, 160.48, 1.79948
FILLER_0_54_242, 123.02, 160.48, 1.79943
FILLER_0_54_301, 148.02, 160.48, 1.79937
_0826_, 173.02, 160.48, 1.79932
_0985_, 173.02, 160.48, 1.79932
ANTENNA_28, 173.02, 160.48, 1.79932
FILLER_0_54_357, 173.02, 160.48, 1.79932
FILLER_0_55_361, 173.02, 160.48, 1.79932
FILLER_0_56_365, 173.02, 160.48, 1.79932
_1208_, 198.02, 160.48, 1.79929
FILLER_0_54_416, 198.02, 160.48, 1.79929
FILLER_0_55_417, 198.02, 160.48, 1.79929
max_cap37, 223.02, 160.48, 1.79926
FILLER_0_54_525, 248.02, 160.48, 1.79924
_0828_, 273.02, 160.48, 1.79922
FILLER_0_54_581, 273.02, 160.48, 1.79922
FILLER_0_56_589, 273.02, 160.48, 1.79922
_1090_, 5.52, 155.04, 1.79947
PHY_104, 5.52, 155.04, 1.79947
PHY_106, 5.52, 155.04, 1.79947
PHY_105, 294.4, 155.04, 1.79922
PHY_107, 294.4, 155.04, 1.79922
_0700_, 48.02, 155.04, 1.7995
FILLER_0_53_84, 48.02, 155.04, 1.7995
FILLER_0_52_136, 73.02, 155.04, 1.79954
FILLER_0_52_189, 98.02, 155.04, 1.79953
FILLER_0_52_245, 123.02, 155.04, 1.79946
FILLER_0_52_303, 148.02, 155.04, 1.79939
FILLER_0_52_357, 173.02, 155.04, 1.79934
FILLER_0_54_377, 173.02, 155.04, 1.79934
_0987_, 198.02, 155.04, 1.79929
FILLER_0_52_413, 198.02, 155.04, 1.79929
FILLER_0_52_466, 223.02, 155.04, 1.79927
FILLER_0_53_485, 223.02, 155.04, 1.79927
FILLER_0_52_525, 248.02, 155.04, 1.79925
_0665_, 273.02, 155.04, 1.79922
_1044_, 273.02, 155.04, 1.79922
FILLER_0_53_594, 273.02, 155.04, 1.79922
PHY_100, 5.52, 149.6, 1.79948
PHY_102, 5.52, 149.6, 1.79948
input15, 5.52, 149.6, 1.79948
PHY_101, 294.4, 149.6, 1.79924
PHY_103, 294.4, 149.6, 1.79924
FILLER_0_51_45, 23.02, 149.6, 1.79949
_0712_, 48.02, 149.6, 1.79952
FILLER_0_51_87, 48.02, 149.6, 1.79952
FILLER_0_51_103, 48.02, 149.6, 1.79952
_0913_, 73.02, 149.6, 1.79957
FILLER_0_50_136, 73.02, 149.6, 1.79957
FILLER_0_51_149, 73.02, 149.6, 1.79957
FILLER_0_50_189, 98.02, 149.6, 1.79956
FILLER_0_50_245, 123.02, 149.6, 1.79948
FILLER_0_50_356, 173.02, 149.6, 1.79935
_1135_, 198.02, 149.6, 1.7993
FILLER_0_50_414, 198.02, 149.6, 1.7993
FILLER_0_50_466, 223.02, 149.6, 1.79927
FILLER_0_50_525, 248.02, 149.6, 1.79925
FILLER_0_50_581, 273.02, 149.6, 1.79924
PHY_96, 5.52, 144.16, 1.79946
PHY_98, 5.52, 144.16, 1.79946
FILLER_0_49_3, 5.52, 144.16, 1.79946
PHY_97, 294.4, 144.16, 1.79922
PHY_99, 294.4, 144.16, 1.79922
output34, 294.4, 144.16, 1.79922
_1233_, 23.02, 144.16, 1.79949
FILLER_0_49_51, 23.02, 144.16, 1.79949
_1281_, 48.02, 144.16, 1.79954
FILLER_0_49_105, 48.02, 144.16, 1.79954
_0962_, 73.02, 144.16, 1.7996
FILLER_0_49_159, 73.02, 144.16, 1.7996
_0842_, 123.02, 144.16, 1.79948
FILLER_0_48_245, 123.02, 144.16, 1.79948
_0728_, 148.02, 144.16, 1.79939
_1289_, 148.02, 144.16, 1.79939
FILLER_0_48_303, 148.02, 144.16, 1.79939
FILLER_0_49_311, 148.02, 144.16, 1.79939
FILLER_0_48_357, 173.02, 144.16, 1.79935
FILLER_0_48_417, 198.02, 144.16, 1.79931
FILLER_0_48_469, 223.02, 144.16, 1.79928
FILLER_0_48_525, 248.02, 144.16, 1.79925
_1183_, 273.02, 144.16, 1.79922
FILLER_0_48_581, 273.02, 144.16, 1.79922
FILLER_0_49_573, 273.02, 144.16, 1.79922
PHY_92, 5.52, 138.72, 1.79949
PHY_94, 5.52, 138.72, 1.79949
FILLER_0_47_3, 5.52, 138.72, 1.79949
PHY_93, 294.4, 138.72, 1.79924
PHY_95, 294.4, 138.72, 1.79924
FILLER_0_47_50, 23.02, 138.72, 1.79951
FILLER_0_47_105, 48.02, 138.72, 1.79956
_1259_, 73.02, 138.72, 1.79962
FILLER_0_46_245, 123.02, 138.72, 1.7995
_1178_, 148.02, 138.72, 1.79941
FILLER_0_46_302, 148.02, 138.72, 1.79941
_1028_, 173.02, 138.72, 1.79932
_1185_, 173.02, 138.72, 1.79932
FILLER_0_47_373, 173.02, 138.72, 1.79932
FILLER_0_48_365, 173.02, 138.72, 1.79932
FILLER_0_46_413, 198.02, 138.72, 1.7993
FILLER_0_47_426, 198.02, 138.72, 1.7993
FILLER_0_46_469, 223.02, 138.72, 1.79927
_0799_, 248.02, 138.72, 1.79924
ANTENNA_76, 248.02, 138.72, 1.79924
FILLER_0_46_526, 248.02, 138.72, 1.79924
_0910_, 273.02, 138.72, 1.79924
FILLER_0_46_581, 273.02, 138.72, 1.79924
PHY_88, 5.52, 133.28, 1.79947
PHY_90, 5.52, 133.28, 1.79947
input16, 5.52, 133.28, 1.79947
PHY_89, 294.4, 133.28, 1.79924
PHY_91, 294.4, 133.28, 1.79924
FILLER_0_45_51, 23.02, 133.28, 1.79948
_0713_, 48.02, 133.28, 1.79952
_1138_, 48.02, 133.28, 1.79952
FILLER_0_44_85, 48.02, 133.28, 1.79952
FILLER_0_45_104, 48.02, 133.28, 1.79952
FILLER_0_44_189, 98.02, 133.28, 1.79956
FILLER_0_44_249, 123.02, 133.28, 1.79948
FILLER_0_44_301, 148.02, 133.28, 1.7994
_1123_, 173.02, 133.28, 1.79934
FILLER_0_44_357, 173.02, 133.28, 1.79934
_0875_, 198.02, 133.28, 1.79929
FILLER_0_44_417, 198.02, 133.28, 1.79929
FILLER_0_45_417, 198.02, 133.28, 1.79929
_0840_, 223.02, 133.28, 1.79926
FILLER_0_44_469, 223.02, 133.28, 1.79926
FILLER_0_44_522, 248.02, 133.28, 1.79925
FILLER_0_44_581, 273.02, 133.28, 1.79924
FILLER_0_45_592, 273.02, 133.28, 1.79924
PHY_84, 5.52, 127.84, 1.79947
PHY_86, 5.52, 127.84, 1.79947
FILLER_0_44_3, 5.52, 127.84, 1.79947
PHY_85, 294.4, 127.84, 1.79923
PHY_87, 294.4, 127.84, 1.79923
FILLER_0_43_51, 23.02, 127.84, 1.79947
_0950_, 48.02, 127.84, 1.79949
_1287_, 48.02, 127.84, 1.79949
FILLER_0_43_81, 48.02, 127.84, 1.79949
FILLER_0_43_92, 48.02, 127.84, 1.79949
_0661_, 73.02, 127.84, 1.79953
_1062_, 73.02, 127.84, 1.79953
FILLER_0_43_137, 73.02, 127.84, 1.79953
_0719_, 123.02, 127.84, 1.79945
FILLER_0_42_245, 123.02, 127.84, 1.79945
FILLER_0_42_297, 148.02, 127.84, 1.79939
FILLER_0_42_305, 148.02, 127.84, 1.79939
_1294_, 173.02, 127.84, 1.79933
FILLER_0_42_357, 173.02, 127.84, 1.79933
FILLER_0_44_365, 173.02, 127.84, 1.79933
FILLER_0_42_410, 198.02, 127.84, 1.7993
FILLER_0_42_467, 223.02, 127.84, 1.79927
_1175_, 248.02, 127.84, 1.79925
FILLER_0_43_531, 248.02, 127.84, 1.79925
_0779_, 273.02, 127.84, 1.79924
_1094_, 273.02, 127.84, 1.79924
FILLER_0_42_569, 273.02, 127.84, 1.79924
PHY_80, 5.52, 122.4, 1.79946
PHY_82, 5.52, 122.4, 1.79946
PHY_81, 294.4, 122.4, 1.79923
PHY_83, 294.4, 122.4, 1.79923
output35, 294.4, 122.4, 1.79923
_1160_, 23.02, 122.4, 1.79946
FILLER_0_41_105, 48.02, 122.4, 1.79949
FILLER_0_40_141, 73.02, 122.4, 1.79952
FILLER_0_40_190, 98.02, 122.4, 1.79951
_1205_, 123.02, 122.4, 1.79944
_1256_, 148.02, 122.4, 1.79938
FILLER_0_40_297, 148.02, 122.4, 1.79938
FILLER_0_40_305, 148.02, 122.4, 1.79938
FILLER_0_40_359, 173.02, 122.4, 1.79934
FILLER_0_42_377, 173.02, 122.4, 1.79934
_0980_, 198.02, 122.4, 1.7993
FILLER_0_40_409, 198.02, 122.4, 1.7993
FILLER_0_40_417, 198.02, 122.4, 1.7993
_1298_, 223.02, 122.4, 1.79927
FILLER_0_40_469, 223.02, 122.4, 1.79927
FILLER_0_40_525, 248.02, 122.4, 1.79925
FILLER_0_40_579, 273.02, 122.4, 1.79924
FILLER_0_42_584, 273.02, 122.4, 1.79924
PHY_76, 5.52, 116.96, 1.79941
PHY_78, 5.52, 116.96, 1.79941
input1, 5.52, 116.96, 1.79941
PHY_77, 294.4, 116.96, 1.79924
PHY_79, 294.4, 116.96, 1.79924
_0893_, 23.02, 116.96, 1.79942
FILLER_0_38_29, 23.02, 116.96, 1.79942
FILLER_0_38_37, 23.02, 116.96, 1.79942
FILLER_0_39_34, 23.02, 116.96, 1.79942
FILLER_0_38_81, 48.02, 116.96, 1.79945
FILLER_0_39_105, 48.02, 116.96, 1.79945
_0741_, 73.02, 116.96, 1.79944
wire47, 73.02, 116.96, 1.79944
wire53, 73.02, 116.96, 1.79944
FILLER_0_39_138, 73.02, 116.96, 1.79944
FILLER_0_38_189, 98.02, 116.96, 1.79946
FILLER_0_38_245, 123.02, 116.96, 1.79942
FILLER_0_38_301, 148.02, 116.96, 1.79937
_1093_, 173.02, 116.96, 1.79933
FILLER_0_38_357, 173.02, 116.96, 1.79933
_1270_, 198.02, 116.96, 1.79928
FILLER_0_38_405, 198.02, 116.96, 1.79928
FILLER_0_38_466, 223.02, 116.96, 1.79926
_0906_, 248.02, 116.96, 1.79925
FILLER_0_38_523, 248.02, 116.96, 1.79925
FILLER_0_40_533, 248.02, 116.96, 1.79925
_0863_, 273.02, 116.96, 1.79924
FILLER_0_38_581, 273.02, 116.96, 1.79924
_1189_, 5.52, 111.52, 1.79939
PHY_72, 5.52, 111.52, 1.79939
PHY_74, 5.52, 111.52, 1.79939
FILLER_0_37_3, 5.52, 111.52, 1.79939
_1182_, 294.4, 111.52, 1.79921
PHY_73, 294.4, 111.52, 1.79921
PHY_75, 294.4, 111.52, 1.79921
_1181_, 23.02, 111.52, 1.79939
_1275_, 23.02, 111.52, 1.79939
FILLER_0_37_45, 23.02, 111.52, 1.79939
_1110_, 48.02, 111.52, 1.79944
FILLER_0_36_81, 48.02, 111.52, 1.79944
FILLER_0_36_189, 98.02, 111.52, 1.79945
FILLER_0_36_301, 148.02, 111.52, 1.79937
FILLER_0_36_357, 173.02, 111.52, 1.79933
FILLER_0_36_413, 198.02, 111.52, 1.79929
_0822_, 223.02, 111.52, 1.79926
_0954_, 223.02, 111.52, 1.79926
FILLER_0_36_469, 223.02, 111.52, 1.79926
FILLER_0_38_477, 223.02, 111.52, 1.79926
_0847_, 248.02, 111.52, 1.79923
_0871_, 248.02, 111.52, 1.79923
_1308_, 248.02, 111.52, 1.79923
FILLER_0_36_527, 248.02, 111.52, 1.79923
FILLER_0_37_526, 248.02, 111.52, 1.79923
_0908_, 273.02, 111.52, 1.79921
_1218_, 273.02, 111.52, 1.79921
ANTENNA_19, 273.02, 111.52, 1.79921
FILLER_0_36_578, 273.02, 111.52, 1.79921
FILLER_0_37_573, 273.02, 111.52, 1.79921
FILLER_0_37_588, 273.02, 111.52, 1.79921
PHY_68, 5.52, 106.08, 1.79941
PHY_70, 5.52, 106.08, 1.79941
FILLER_0_35_3, 5.52, 106.08, 1.79941
FILLER_0_36_3, 5.52, 106.08, 1.79941
PHY_69, 294.4, 106.08, 1.79923
PHY_71, 294.4, 106.08, 1.79923
output21, 294.4, 106.08, 1.79923
_1142_, 23.02, 106.08, 1.79942
FILLER_0_35_40, 23.02, 106.08, 1.79942
_1010_, 48.02, 106.08, 1.79942
FILLER_0_35_81, 48.02, 106.08, 1.79942
FILLER_0_35_105, 48.02, 106.08, 1.79942
FILLER_0_34_189, 98.02, 106.08, 1.79943
FILLER_0_34_245, 123.02, 106.08, 1.7994
FILLER_0_34_253, 123.02, 106.08, 1.7994
_1214_, 148.02, 106.08, 1.79935
FILLER_0_34_297, 148.02, 106.08, 1.79935
FILLER_0_34_305, 148.02, 106.08, 1.79935
_1132_, 173.02, 106.08, 1.79932
FILLER_0_34_357, 173.02, 106.08, 1.79932
FILLER_0_34_413, 198.02, 106.08, 1.79929
_0818_, 223.02, 106.08, 1.79924
_1003_, 223.02, 106.08, 1.79924
FILLER_0_34_469, 223.02, 106.08, 1.79924
FILLER_0_35_473, 223.02, 106.08, 1.79924
max_cap54, 248.02, 106.08, 1.79924
FILLER_0_34_527, 248.02, 106.08, 1.79924
FILLER_0_35_537, 248.02, 106.08, 1.79924
_1007_, 273.02, 106.08, 1.79923
PHY_64, 5.52, 100.64, 1.79939
PHY_66, 5.52, 100.64, 1.79939
input2, 5.52, 100.64, 1.79939
_0694_, 294.4, 100.64, 1.79922
PHY_65, 294.4, 100.64, 1.79922
PHY_67, 294.4, 100.64, 1.79922
FILLER_0_32_622, 294.4, 100.64, 1.79922
FILLER_0_33_51, 23.02, 100.64, 1.79941
FILLER_0_33_105, 48.02, 100.64, 1.79942
_1302_, 73.02, 100.64, 1.79942
_0897_, 98.02, 100.64, 1.79941
_1212_, 98.02, 100.64, 1.79941
FILLER_0_33_205, 98.02, 100.64, 1.79941
_1164_, 123.02, 100.64, 1.79938
_1171_, 123.02, 100.64, 1.79938
FILLER_0_34_261, 123.02, 100.64, 1.79938
_1042_, 148.02, 100.64, 1.79935
FILLER_0_32_301, 148.02, 100.64, 1.79935
FILLER_0_33_317, 148.02, 100.64, 1.79935
FILLER_0_32_357, 173.02, 100.64, 1.79932
FILLER_0_32_413, 198.02, 100.64, 1.79929
_1000_, 223.02, 100.64, 1.79926
FILLER_0_32_467, 223.02, 100.64, 1.79926
_0696_, 248.02, 100.64, 1.79924
FILLER_0_32_525, 248.02, 100.64, 1.79924
FILLER_0_32_581, 273.02, 100.64, 1.79923
PHY_60, 5.52, 95.2, 1.79939
PHY_62, 5.52, 95.2, 1.79939
PHY_61, 294.4, 95.2, 1.79924
PHY_63, 294.4, 95.2, 1.79924
FILLER_0_31_51, 23.02, 95.2, 1.79939
_1060_, 48.02, 95.2, 1.79939
FILLER_0_30_85, 48.02, 95.2, 1.79939
FILLER_0_30_190, 98.02, 95.2, 1.79939
_0841_, 123.02, 95.2, 1.79936
FILLER_0_30_249, 123.02, 95.2, 1.79936
FILLER_0_31_261, 123.02, 95.2, 1.79936
FILLER_0_30_301, 148.02, 95.2, 1.79934
FILLER_0_30_357, 173.02, 95.2, 1.79931
FILLER_0_30_413, 198.02, 95.2, 1.79929
FILLER_0_30_469, 223.02, 95.2, 1.79926
FILLER_0_30_581, 273.02, 95.2, 1.79924
FILLER_0_32_589, 273.02, 95.2, 1.79924
PHY_56, 5.52, 89.76, 1.79936
PHY_58, 5.52, 89.76, 1.79936
FILLER_0_29_3, 5.52, 89.76, 1.79936
PHY_57, 294.4, 89.76, 1.79923
PHY_59, 294.4, 89.76, 1.79923
FILLER_0_29_45, 23.02, 89.76, 1.79937
_1081_, 48.02, 89.76, 1.79936
FILLER_0_29_81, 48.02, 89.76, 1.79936
FILLER_0_28_188, 98.02, 89.76, 1.79937
_0668_, 123.02, 89.76, 1.79934
FILLER_0_28_249, 123.02, 89.76, 1.79934
FILLER_0_29_249, 123.02, 89.76, 1.79934
FILLER_0_28_301, 148.02, 89.76, 1.79932
FILLER_0_28_357, 173.02, 89.76, 1.7993
_0881_, 198.02, 89.76, 1.79927
FILLER_0_28_413, 198.02, 89.76, 1.79927
FILLER_0_29_417, 198.02, 89.76, 1.79927
_0722_, 223.02, 89.76, 1.79925
FILLER_0_28_469, 223.02, 89.76, 1.79925
FILLER_0_29_465, 223.02, 89.76, 1.79925
_1196_, 248.02, 89.76, 1.79922
max_cap56, 248.02, 89.76, 1.79922
FILLER_0_28_525, 248.02, 89.76, 1.79922
FILLER_0_29_517, 248.02, 89.76, 1.79922
FILLER_0_29_530, 248.02, 89.76, 1.79922
FILLER_0_28_581, 273.02, 89.76, 1.79923
PHY_52, 5.52, 84.32, 1.79936
PHY_54, 5.52, 84.32, 1.79936
input3, 5.52, 84.32, 1.79936
PHY_53, 294.4, 84.32, 1.79921
PHY_55, 294.4, 84.32, 1.79921
output22, 294.4, 84.32, 1.79921
_0849_, 23.02, 84.32, 1.79935
FILLER_0_26_29, 23.02, 84.32, 1.79935
FILLER_0_27_51, 23.02, 84.32, 1.79935
_0675_, 48.02, 84.32, 1.79936
FILLER_0_26_81, 48.02, 84.32, 1.79936
FILLER_0_27_103, 48.02, 84.32, 1.79936
FILLER_0_26_134, 73.02, 84.32, 1.79937
FILLER_0_26_189, 98.02, 84.32, 1.79936
FILLER_0_28_209, 98.02, 84.32, 1.79936
FILLER_0_26_253, 123.02, 84.32, 1.79934
FILLER_0_26_304, 148.02, 84.32, 1.79932
FILLER_0_26_357, 173.02, 84.32, 1.7993
_0839_, 198.02, 84.32, 1.79927
FILLER_0_26_412, 198.02, 84.32, 1.79927
_0729_, 223.02, 84.32, 1.79926
FILLER_0_26_469, 223.02, 84.32, 1.79926
FILLER_0_27_461, 223.02, 84.32, 1.79926
FILLER_0_26_525, 248.02, 84.32, 1.79924
_0942_, 273.02, 84.32, 1.79921
_1145_, 273.02, 84.32, 1.79921
ANTENNA_16, 273.02, 84.32, 1.79921
FILLER_0_26_568, 273.02, 84.32, 1.79921
FILLER_0_26_581, 273.02, 84.32, 1.79921
FILLER_0_27_585, 273.02, 84.32, 1.79921
FILLER_0_28_589, 273.02, 84.32, 1.79921
_0949_, 5.52, 78.88, 1.79935
PHY_48, 5.52, 78.88, 1.79935
PHY_50, 5.52, 78.88, 1.79935
PHY_49, 294.4, 78.88, 1.79923
PHY_51, 294.4, 78.88, 1.79923
FILLER_0_25_48, 23.02, 78.88, 1.79935
_0870_, 48.02, 78.88, 1.79933
_0990_, 48.02, 78.88, 1.79933
FILLER_0_25_93, 48.02, 78.88, 1.79933
FILLER_0_26_97, 48.02, 78.88, 1.79933
_0789_, 123.02, 78.88, 1.79931
FILLER_0_24_245, 123.02, 78.88, 1.79931
FILLER_0_24_356, 173.02, 78.88, 1.79929
_1134_, 198.02, 78.88, 1.79927
FILLER_0_24_413, 198.02, 78.88, 1.79927
FILLER_0_25_417, 198.02, 78.88, 1.79927
FILLER_0_24_469, 223.02, 78.88, 1.79926
_1236_, 248.02, 78.88, 1.79924
FILLER_0_24_525, 248.02, 78.88, 1.79924
FILLER_0_25_529, 248.02, 78.88, 1.79924
_1056_, 273.02, 78.88, 1.79923
FILLER_0_24_581, 273.02, 78.88, 1.79923
FILLER_0_26_589, 273.02, 78.88, 1.79923
PHY_44, 5.52, 73.44, 1.79932
PHY_46, 5.52, 73.44, 1.79932
input4, 5.52, 73.44, 1.79932
FILLER_0_23_3, 5.52, 73.44, 1.79932
PHY_45, 294.4, 73.44, 1.79923
PHY_47, 294.4, 73.44, 1.79923
output23, 294.4, 73.44, 1.79923
FILLER_0_23_50, 23.02, 73.44, 1.79933
_0721_, 48.02, 73.44, 1.79932
FILLER_0_23_104, 48.02, 73.44, 1.79932
_0831_, 73.02, 73.44, 1.79932
_1286_, 73.02, 73.44, 1.79932
FILLER_0_22_141, 73.02, 73.44, 1.79932
FILLER_0_23_157, 73.02, 73.44, 1.79932
FILLER_0_24_153, 73.02, 73.44, 1.79932
FILLER_0_22_189, 98.02, 73.44, 1.79932
FILLER_0_22_197, 98.02, 73.44, 1.79932
FILLER_0_22_249, 123.02, 73.44, 1.79931
wire44, 148.02, 73.44, 1.79929
FILLER_0_22_299, 148.02, 73.44, 1.79929
_1045_, 173.02, 73.44, 1.79928
FILLER_0_22_357, 173.02, 73.44, 1.79928
_0827_, 198.02, 73.44, 1.79927
ANTENNA_8, 198.02, 73.44, 1.79927
FILLER_0_23_427, 198.02, 73.44, 1.79927
FILLER_0_22_525, 248.02, 73.44, 1.79925
FILLER_0_22_581, 273.02, 73.44, 1.79924
PHY_40, 5.52, 68, 1.79933
PHY_42, 5.52, 68, 1.79933
FILLER_0_21_3, 5.52, 68, 1.79933
PHY_41, 294.4, 68, 1.79923
PHY_43, 294.4, 68, 1.79923
_1009_, 23.02, 68, 1.79932
FILLER_0_22_41, 23.02, 68, 1.79932
_0888_, 48.02, 68, 1.79933
FILLER_0_21_105, 48.02, 68, 1.79933
FILLER_0_22_97, 48.02, 68, 1.79933
_0691_, 73.02, 68, 1.79932
_0774_, 98.02, 68, 1.7993
_0936_, 98.02, 68, 1.7993
_0876_, 123.02, 68, 1.79929
FILLER_0_20_246, 123.02, 68, 1.79929
FILLER_0_20_301, 148.02, 68, 1.79929
_1140_, 173.02, 68, 1.79927
_1232_, 173.02, 68, 1.79927
FILLER_0_20_357, 173.02, 68, 1.79927
FILLER_0_22_365, 173.02, 68, 1.79927
_0830_, 198.02, 68, 1.79926
FILLER_0_20_413, 198.02, 68, 1.79926
FILLER_0_21_429, 198.02, 68, 1.79926
_0702_, 223.02, 68, 1.79925
FILLER_0_20_469, 223.02, 68, 1.79925
_0927_, 248.02, 68, 1.79924
_1041_, 273.02, 68, 1.79923
_1239_, 273.02, 68, 1.79923
ANTENNA_74, 273.02, 68, 1.79923
PHY_36, 5.52, 62.56, 1.79933
PHY_38, 5.52, 62.56, 1.79933
PHY_37, 294.4, 62.56, 1.79923
PHY_39, 294.4, 62.56, 1.79923
FILLER_0_19_51, 23.02, 62.56, 1.79933
_0673_, 48.02, 62.56, 1.79932
_0948_, 48.02, 62.56, 1.79932
FILLER_0_18_81, 48.02, 62.56, 1.79932
FILLER_0_18_85, 48.02, 62.56, 1.79932
FILLER_0_19_93, 48.02, 62.56, 1.79932
_0899_, 73.02, 62.56, 1.79931
_1069_, 73.02, 62.56, 1.79931
FILLER_0_18_135, 73.02, 62.56, 1.79931
FILLER_0_19_146, 73.02, 62.56, 1.79931
FILLER_0_19_157, 73.02, 62.56, 1.79931
FILLER_0_18_193, 98.02, 62.56, 1.79931
FILLER_0_18_245, 123.02, 62.56, 1.7993
FILLER_0_20_265, 123.02, 62.56, 1.7993
_0670_, 148.02, 62.56, 1.79929
FILLER_0_18_303, 148.02, 62.56, 1.79929
FILLER_0_18_361, 173.02, 62.56, 1.79927
FILLER_0_18_410, 198.02, 62.56, 1.79926
FILLER_0_18_469, 223.02, 62.56, 1.79925
FILLER_0_18_525, 248.02, 62.56, 1.79924
FILLER_0_20_533, 248.02, 62.56, 1.79924
_1291_, 5.52, 57.12, 1.79931
PHY_32, 5.52, 57.12, 1.79931
PHY_34, 5.52, 57.12, 1.79931
input5, 5.52, 57.12, 1.79931
PHY_33, 294.4, 57.12, 1.79922
PHY_35, 294.4, 57.12, 1.79922
_1124_, 23.02, 57.12, 1.79931
FILLER_0_17_45, 23.02, 57.12, 1.79931
FILLER_0_18_41, 23.02, 57.12, 1.79931
_0968_, 48.02, 57.12, 1.79932
FILLER_0_16_81, 48.02, 57.12, 1.79932
FILLER_0_17_105, 48.02, 57.12, 1.79932
FILLER_0_16_136, 73.02, 57.12, 1.79932
FILLER_0_16_189, 98.02, 57.12, 1.79931
FILLER_0_16_245, 123.02, 57.12, 1.7993
FILLER_0_18_265, 123.02, 57.12, 1.7993
FILLER_0_16_301, 148.02, 57.12, 1.79929
FILLER_0_17_317, 148.02, 57.12, 1.79929
FILLER_0_16_356, 173.02, 57.12, 1.79927
FILLER_0_16_413, 198.02, 57.12, 1.79926
FILLER_0_17_429, 198.02, 57.12, 1.79926
FILLER_0_16_469, 223.02, 57.12, 1.79924
_0688_, 248.02, 57.12, 1.79923
FILLER_0_16_523, 248.02, 57.12, 1.79923
_1080_, 273.02, 57.12, 1.79921
max_cap38, 273.02, 57.12, 1.79921
FILLER_0_16_580, 273.02, 57.12, 1.79921
FILLER_0_17_573, 273.02, 57.12, 1.79921
_1266_, 5.52, 51.68, 1.7993
PHY_28, 5.52, 51.68, 1.7993
PHY_30, 5.52, 51.68, 1.7993
PHY_29, 294.4, 51.68, 1.79922
PHY_31, 294.4, 51.68, 1.79922
output24, 294.4, 51.68, 1.79922
_0917_, 23.02, 51.68, 1.79928
_1252_, 23.02, 51.68, 1.79928
ANTENNA_50, 23.02, 51.68, 1.79928
FILLER_0_16_41, 23.02, 51.68, 1.79928
_0753_, 48.02, 51.68, 1.7993
FILLER_0_15_105, 48.02, 51.68, 1.7993
FILLER_0_16_97, 48.02, 51.68, 1.7993
_1141_, 98.02, 51.68, 1.79929
FILLER_0_14_189, 98.02, 51.68, 1.79929
FILLER_0_15_197, 98.02, 51.68, 1.79929
_0884_, 123.02, 51.68, 1.79928
_0730_, 148.02, 51.68, 1.79927
_1022_, 148.02, 51.68, 1.79927
ANTENNA_1, 148.02, 51.68, 1.79927
FILLER_0_14_357, 173.02, 51.68, 1.79926
FILLER_0_14_416, 198.02, 51.68, 1.79926
FILLER_0_14_469, 223.02, 51.68, 1.79925
FILLER_0_14_525, 248.02, 51.68, 1.79924
FILLER_0_16_533, 248.02, 51.68, 1.79924
PHY_24, 5.52, 46.24, 1.7993
PHY_26, 5.52, 46.24, 1.7993
input6, 5.52, 46.24, 1.7993
PHY_25, 294.4, 46.24, 1.79922
PHY_27, 294.4, 46.24, 1.79922
FILLER_0_13_51, 23.02, 46.24, 1.79931
FILLER_0_13_105, 48.02, 46.24, 1.79931
FILLER_0_12_134, 73.02, 46.24, 1.79931
FILLER_0_12_188, 98.02, 46.24, 1.7993
FILLER_0_12_245, 123.02, 46.24, 1.79928
FILLER_0_12_297, 148.02, 46.24, 1.79927
FILLER_0_12_305, 148.02, 46.24, 1.79927
_1024_, 173.02, 46.24, 1.79927
FILLER_0_12_357, 173.02, 46.24, 1.79927
_1317_, 223.02, 46.24, 1.79923
FILLER_0_12_469, 223.02, 46.24, 1.79923
FILLER_0_13_461, 223.02, 46.24, 1.79923
_0776_, 248.02, 46.24, 1.79922
_1095_, 248.02, 46.24, 1.79922
FILLER_0_14_533, 248.02, 46.24, 1.79922
_0781_, 273.02, 46.24, 1.79921
_1061_, 273.02, 46.24, 1.79921
FILLER_0_12_569, 273.02, 46.24, 1.79921
FILLER_0_12_577, 273.02, 46.24, 1.79921
FILLER_0_14_583, 273.02, 46.24, 1.79921
FILLER_0_14_589, 273.02, 46.24, 1.79921
PHY_20, 5.52, 40.8, 1.7993
PHY_22, 5.52, 40.8, 1.7993
PHY_21, 294.4, 40.8, 1.79923
PHY_23, 294.4, 40.8, 1.79923
_0854_, 23.02, 40.8, 1.7993
FILLER_0_11_51, 23.02, 40.8, 1.7993
FILLER_0_12_41, 23.02, 40.8, 1.7993
_0891_, 48.02, 40.8, 1.79929
FILLER_0_10_81, 48.02, 40.8, 1.79929
FILLER_0_11_104, 48.02, 40.8, 1.79929
_1255_, 73.02, 40.8, 1.79929
FILLER_0_11_149, 73.02, 40.8, 1.79929
FILLER_0_10_245, 123.02, 40.8, 1.79929
FILLER_0_12_265, 123.02, 40.8, 1.79929
_0660_, 173.02, 40.8, 1.79925
FILLER_0_10_357, 173.02, 40.8, 1.79925
FILLER_0_11_373, 173.02, 40.8, 1.79925
_1166_, 198.02, 40.8, 1.79924
FILLER_0_10_412, 198.02, 40.8, 1.79924
FILLER_0_10_469, 223.02, 40.8, 1.79924
FILLER_0_10_526, 248.02, 40.8, 1.79923
FILLER_0_10_581, 273.02, 40.8, 1.79923
FILLER_0_12_585, 273.02, 40.8, 1.79923
PHY_16, 5.52, 35.36, 1.7993
PHY_18, 5.52, 35.36, 1.7993
FILLER_0_10_3, 5.52, 35.36, 1.7993
PHY_17, 294.4, 35.36, 1.79922
PHY_19, 294.4, 35.36, 1.79922
output25, 294.4, 35.36, 1.79922
_1031_, 23.02, 35.36, 1.79929
ANTENNA_17, 23.02, 35.36, 1.79929
FILLER_0_8_29, 23.02, 35.36, 1.79929
FILLER_0_9_48, 23.02, 35.36, 1.79929
FILLER_0_9_105, 48.02, 35.36, 1.79929
_0931_, 73.02, 35.36, 1.79927
FILLER_0_10_153, 73.02, 35.36, 1.79927
FILLER_0_8_189, 98.02, 35.36, 1.79928
FILLER_0_8_301, 148.02, 35.36, 1.79927
_0846_, 173.02, 35.36, 1.79924
FILLER_0_8_357, 173.02, 35.36, 1.79924
FILLER_0_10_365, 173.02, 35.36, 1.79924
FILLER_0_8_412, 198.02, 35.36, 1.79923
FILLER_0_9_429, 198.02, 35.36, 1.79923
_0715_, 223.02, 35.36, 1.79923
_1016_, 223.02, 35.36, 1.79923
FILLER_0_8_469, 223.02, 35.36, 1.79923
FILLER_0_9_461, 223.02, 35.36, 1.79923
FILLER_0_10_477, 223.02, 35.36, 1.79923
_1170_, 273.02, 35.36, 1.79922
FILLER_0_10_589, 273.02, 35.36, 1.79922
PHY_12, 5.52, 29.92, 1.79925
PHY_14, 5.52, 29.92, 1.79925
input7, 5.52, 29.92, 1.79925
FILLER_0_8_3, 5.52, 29.92, 1.79925
PHY_13, 294.4, 29.92, 1.79923
PHY_15, 294.4, 29.92, 1.79923
_0802_, 23.02, 29.92, 1.79925
_0867_, 23.02, 29.92, 1.79925
ANTENNA_7, 23.02, 29.92, 1.79925
FILLER_0_7_32, 23.02, 29.92, 1.79925
FILLER_0_7_105, 48.02, 29.92, 1.79928
FILLER_0_8_97, 48.02, 29.92, 1.79928
_0656_, 73.02, 29.92, 1.79928
FILLER_0_7_137, 73.02, 29.92, 1.79928
FILLER_0_6_189, 98.02, 29.92, 1.79927
FILLER_0_7_214, 98.02, 29.92, 1.79927
_0890_, 123.02, 29.92, 1.79926
FILLER_0_6_245, 123.02, 29.92, 1.79926
FILLER_0_6_253, 123.02, 29.92, 1.79926
FILLER_0_6_304, 148.02, 29.92, 1.79926
FILLER_0_6_357, 173.02, 29.92, 1.79924
FILLER_0_8_377, 173.02, 29.92, 1.79924
_1154_, 198.02, 29.92, 1.79923
_1020_, 223.02, 29.92, 1.79923
_1108_, 223.02, 29.92, 1.79923
FILLER_0_7_461, 223.02, 29.92, 1.79923
FILLER_0_6_525, 248.02, 29.92, 1.79923
FILLER_0_8_528, 248.02, 29.92, 1.79923
FILLER_0_6_581, 273.02, 29.92, 1.79923
FILLER_0_8_584, 273.02, 29.92, 1.79923
PHY_8, 5.52, 24.48, 1.79929
PHY_10, 5.52, 24.48, 1.79929
FILLER_0_6_3, 5.52, 24.48, 1.79929
PHY_9, 294.4, 24.48, 1.79922
PHY_11, 294.4, 24.48, 1.79922
FILLER_0_4_622, 294.4, 24.48, 1.79922
_1127_, 23.02, 24.48, 1.79928
FILLER_0_5_51, 23.02, 24.48, 1.79928
_1162_, 48.02, 24.48, 1.79928
FILLER_0_5_105, 48.02, 24.48, 1.79928
_1194_, 73.02, 24.48, 1.79927
FILLER_0_5_149, 73.02, 24.48, 1.79927
FILLER_0_4_193, 98.02, 24.48, 1.79927
_0705_, 123.02, 24.48, 1.79924
_1043_, 123.02, 24.48, 1.79924
_1157_, 123.02, 24.48, 1.79924
FILLER_0_4_245, 123.02, 24.48, 1.79924
FILLER_0_4_253, 123.02, 24.48, 1.79924
FILLER_0_5_249, 123.02, 24.48, 1.79924
FILLER_0_4_305, 148.02, 24.48, 1.79926
FILLER_0_4_357, 173.02, 24.48, 1.79925
_1207_, 198.02, 24.48, 1.79924
FILLER_0_4_413, 198.02, 24.48, 1.79924
FILLER_0_4_469, 223.02, 24.48, 1.79924
FILLER_0_6_473, 223.02, 24.48, 1.79924
FILLER_0_4_525, 248.02, 24.48, 1.79923
FILLER_0_4_578, 273.02, 24.48, 1.79922
PHY_4, 5.52, 19.04, 1.79928
PHY_6, 5.52, 19.04, 1.79928
PHY_5, 294.4, 19.04, 1.79922
PHY_7, 294.4, 19.04, 1.79922
output26, 294.4, 19.04, 1.79922
wire40, 23.02, 19.04, 1.79927
FILLER_0_2_29, 23.02, 19.04, 1.79927
FILLER_0_3_51, 23.02, 19.04, 1.79927
_0709_, 48.02, 19.04, 1.79925
_1146_, 48.02, 19.04, 1.79925
FILLER_0_3_93, 48.02, 19.04, 1.79925
FILLER_0_3_105, 48.02, 19.04, 1.79925
FILLER_0_4_94, 48.02, 19.04, 1.79925
FILLER_0_2_134, 73.02, 19.04, 1.79927
_0763_, 98.02, 19.04, 1.79927
FILLER_0_2_189, 98.02, 19.04, 1.79927
_0947_, 123.02, 19.04, 1.79926
_1169_, 123.02, 19.04, 1.79926
ANTENNA_23, 123.02, 19.04, 1.79926
FILLER_0_2_245, 123.02, 19.04, 1.79926
FILLER_0_3_261, 123.02, 19.04, 1.79926
max_cap55, 148.02, 19.04, 1.79925
FILLER_0_2_301, 148.02, 19.04, 1.79925
_1006_, 173.02, 19.04, 1.79923
_1311_, 173.02, 19.04, 1.79923
FILLER_0_2_357, 173.02, 19.04, 1.79923
FILLER_0_3_366, 173.02, 19.04, 1.79923
FILLER_0_3_374, 173.02, 19.04, 1.79923
_0868_, 198.02, 19.04, 1.79923
FILLER_0_2_413, 198.02, 19.04, 1.79923
FILLER_0_2_470, 223.02, 19.04, 1.79923
_1040_, 248.02, 19.04, 1.79923
FILLER_0_2_525, 248.02, 19.04, 1.79923
FILLER_0_3_530, 248.02, 19.04, 1.79923
FILLER_0_4_533, 248.02, 19.04, 1.79923
_0970_, 273.02, 19.04, 1.79922
FILLER_0_2_581, 273.02, 19.04, 1.79922
FILLER_0_3_573, 273.02, 19.04, 1.79922
PHY_0, 5.52, 13.6, 1.79928
PHY_2, 5.52, 13.6, 1.79928
input8, 5.52, 13.6, 1.79928
FILLER_0_1_3, 5.52, 13.6, 1.79928
PHY_1, 294.4, 13.6, 1.79923
PHY_3, 294.4, 13.6, 1.79923
_1002_, 23.02, 13.6, 1.79928
FILLER_0_0_41, 23.02, 13.6, 1.79928
_0663_, 48.02, 13.6, 1.79928
_0938_, 48.02, 13.6, 1.79928
FILLER_0_0_81, 48.02, 13.6, 1.79928
FILLER_0_1_93, 48.02, 13.6, 1.79928
FILLER_0_0_137, 73.02, 13.6, 1.79928
FILLER_0_0_193, 98.02, 13.6, 1.79928
_1001_, 123.02, 13.6, 1.79927
FILLER_0_0_249, 123.02, 13.6, 1.79927
FILLER_0_0_305, 148.02, 13.6, 1.79926
FILLER_0_0_354, 173.02, 13.6, 1.79925
_1264_, 198.02, 13.6, 1.79924
ANTENNA_47, 198.02, 13.6, 1.79924
FILLER_0_0_417, 198.02, 13.6, 1.79924
_1268_, 223.02, 13.6, 1.79922
FILLER_0_0_470, 223.02, 13.6, 1.79922
FILLER_0_1_485, 223.02, 13.6, 1.79922
FILLER_0_0_529, 248.02, 13.6, 1.79923
FILLER_0_0_585, 273.02, 13.6, 1.79923

