Partial/Required:  6.07, Required:    400.0, Partial:  2428.06, Net: _0578_, Pin: _0712_/A, Layer: met3
Partial/Required:  3.53, Required:    400.0, Partial:  1412.85, Net: _0267_, Pin: _1037_/A, Layer: met3
Partial/Required:  2.36, Required:    400.0, Partial:   944.39, Net: _0038_, Pin: _0792_/B_N, Layer: met2
Partial/Required:  2.27, Required:    400.0, Partial:   908.56, Net: _0627_, Pin: _0723_/A_N, Layer: met1
Partial/Required:  1.82, Required:    400.0, Partial:   729.78, Net: _0537_, Pin: _1240_/B_N, Layer: met1
Partial/Required:  1.62, Required:    400.0, Partial:   646.28, Net: net19, Pin: _0882_/C, Layer: met1
Partial/Required:  1.60, Required:    400.0, Partial:   640.58, Net: _0252_, Pin: _0985_/A1, Layer: met3
Partial/Required:  1.57, Required:    400.0, Partial:   627.56, Net: _0288_, Pin: _0775_/A_N, Layer: met1
Partial/Required:  1.56, Required:    400.0, Partial:   624.33, Net: net18, Pin: _0882_/A_N, Layer: met1
Partial/Required:  1.55, Required:    400.0, Partial:    619.0, Net: _0272_, Pin: _1230_/A, Layer: met1
Partial/Required:  1.45, Required:    400.0, Partial:   579.67, Net: _0599_, Pin: _0694_/A, Layer: met1
Partial/Required:  1.40, Required:    400.0, Partial:   560.51, Net: _0192_, Pin: _0914_/B, Layer: met1
Partial/Required:  1.38, Required:    400.0, Partial:   551.89, Net: _0412_, Pin: _1126_/A, Layer: met1
Partial/Required:  1.34, Required:    400.0, Partial:   535.79, Net: net6, Pin: _1025_/B, Layer: met1
Partial/Required:  1.33, Required:    400.0, Partial:    531.0, Net: _0140_, Pin: _0860_/C, Layer: met2
Partial/Required:  1.32, Required:    400.0, Partial:   528.38, Net: _0389_, Pin: _1109_/A1, Layer: met1
Partial/Required:  1.26, Required:    400.0, Partial:   503.89, Net: _0090_, Pin: _0810_/A, Layer: met1
Partial/Required:  1.21, Required:    400.0, Partial:   485.79, Net: _0096_, Pin: _0832_/A2, Layer: met1
Partial/Required:  1.20, Required:    400.0, Partial:   478.99, Net: net26, Pin: output26/A, Layer: met1
Partial/Required:  1.20, Required:    400.0, Partial:   478.71, Net: _0539_, Pin: _1270_/A1, Layer: met3
Partial/Required:  1.17, Required:    400.0, Partial:   469.11, Net: _0276_, Pin: _1004_/A, Layer: met1
Partial/Required:  1.12, Required:    400.0, Partial:   446.44, Net: _0157_, Pin: _0891_/B_N, Layer: met1
Partial/Required:  1.11, Required:    400.0, Partial:   443.56, Net: _0081_, Pin: _0925_/A, Layer: met1
Partial/Required:  1.09, Required:    400.0, Partial:   436.44, Net: _0240_, Pin: _0971_/A, Layer: met1
Partial/Required:  1.08, Required:    400.0, Partial:   433.33, Net: _0180_, Pin: _0900_/C, Layer: met1
Partial/Required:  1.07, Required:    400.0, Partial:   426.22, Net: _0363_, Pin: _1135_/A, Layer: met1
Partial/Required:  1.05, Required:    400.0, Partial:   421.47, Net: _0392_, Pin: _1110_/A2, Layer: met1
Partial/Required:  1.04, Required:    400.0, Partial:   417.89, Net: _0599_, Pin: _1136_/B2, Layer: met1
Partial/Required:  1.02, Required:    400.0, Partial:   406.22, Net: _0283_, Pin: _1004_/B, Layer: met1
