
 /----------------------------------------------------------------------------\
 |                                                                            |
 |  yosys -- Yosys Open SYnthesis Suite                                       |
 |                                                                            |
 |  Copyright (C) 2012 - 2020  Claire Xenia Wolf <claire@yosyshq.com>         |
 |                                                                            |
 |  Permission to use, copy, modify, and/or distribute this software for any  |
 |  purpose with or without fee is hereby granted, provided that the above    |
 |  copyright notice and this permission notice appear in all copies.         |
 |                                                                            |
 |  THE SOFTWARE IS PROVIDED "AS IS" AND THE AUTHOR DISCLAIMS ALL WARRANTIES  |
 |  WITH REGARD TO THIS SOFTWARE INCLUDING ALL IMPLIED WARRANTIES OF          |
 |  MERCHANTABILITY AND FITNESS. IN NO EVENT SHALL THE AUTHOR BE LIABLE FOR   |
 |  ANY SPECIAL, DIRECT, INDIRECT, OR CONSEQUENTIAL DAMAGES OR ANY DAMAGES    |
 |  WHATSOEVER RESULTING FROM LOSS OF USE, DATA OR PROFITS, WHETHER IN AN     |
 |  ACTION OF CONTRACT, NEGLIGENCE OR OTHER TORTIOUS ACTION, ARISING OUT OF   |
 |  OR IN CONNECTION WITH THE USE OR PERFORMANCE OF THIS SOFTWARE.            |
 |                                                                            |
 \----------------------------------------------------------------------------/

 Yosys 0.30+48 (git sha1 14d50a176d5, gcc 8.3.1 -fPIC -Os)

[TCL: yosys -import] Command name collision: found pre-existing command `cd' -> skip.
[TCL: yosys -import] Command name collision: found pre-existing command `eval' -> skip.
[TCL: yosys -import] Command name collision: found pre-existing command `exec' -> skip.
[TCL: yosys -import] Command name collision: found pre-existing command `read' -> skip.
[TCL: yosys -import] Command name collision: found pre-existing command `trace' -> skip.

1. Executing Verilog-2005 frontend: /openlane/designs/part4_halfcpu/src/alu.v
Parsing SystemVerilog input from `/openlane/designs/part4_halfcpu/src/alu.v' to AST representation.
Generating RTLIL representation for module `\alu'.
Successfully finished Verilog frontend.

2. Executing Verilog-2005 frontend: /openlane/designs/part4_halfcpu/src/decoder.v
Parsing SystemVerilog input from `/openlane/designs/part4_halfcpu/src/decoder.v' to AST representation.
Generating RTLIL representation for module `\decoder'.
Successfully finished Verilog frontend.

3. Executing Verilog-2005 frontend: /openlane/designs/part4_halfcpu/src/cpu_top.v
Parsing SystemVerilog input from `/openlane/designs/part4_halfcpu/src/cpu_top.v' to AST representation.
Generating RTLIL representation for module `\cpu_top'.
/openlane/designs/part4_halfcpu/src/cpu_top.v:33: Warning: Identifier `\instruction' is implicitly declared.
Successfully finished Verilog frontend.

4. Executing Verilog-2005 frontend: /openlane/designs/part4_halfcpu/src/register_file.v
Parsing SystemVerilog input from `/openlane/designs/part4_halfcpu/src/register_file.v' to AST representation.
Generating RTLIL representation for module `\register_file'.
Successfully finished Verilog frontend.

5. Generating Graphviz representation of design.
Writing dot description to `/openlane/designs/part4_halfcpu/runs/RUN_2026.05.16_10.29.34/tmp/synthesis/hierarchy.dot'.
Dumping module cpu_top to page 1.

6. Executing HIERARCHY pass (managing design hierarchy).

6.1. Analyzing design hierarchy..
Top module:  \cpu_top
Used module:     \register_file
Used module:     \alu
Used module:     \decoder

6.2. Analyzing design hierarchy..
Top module:  \cpu_top
Used module:     \register_file
Used module:     \alu
Used module:     \decoder
Removed 0 unused modules.
Warning: Resizing cell port cpu_top.dec.instruction from 1 bits to 16 bits.
Warning: Resizing cell port cpu_top.instr_mem.data_out from 1 bits to 16 bits.

7. Executing TRIBUF pass.

8. Executing HIERARCHY pass (managing design hierarchy).

8.1. Analyzing design hierarchy..
Top module:  \cpu_top
Used module:     \register_file
Used module:     \alu
Used module:     \decoder

8.2. Analyzing design hierarchy..
Top module:  \cpu_top
Used module:     \register_file
Used module:     \alu
Used module:     \decoder
Removed 0 unused modules.

9. Executing PROC_CLEAN pass (remove empty switches from decision trees).
Cleaned up 0 empty switches.

10. Executing PROC_RMDEAD pass (remove dead branches from decision trees).
Marked 2 switch rules as full_case in process $proc$/openlane/designs/part4_halfcpu/src/register_file.v:16$32 in module register_file.
Marked 1 switch rules as full_case in process $proc$/openlane/designs/part4_halfcpu/src/cpu_top.v:78$11 in module cpu_top.
Removed 1 dead cases from process $proc$/openlane/designs/part4_halfcpu/src/alu.v:20$1 in module alu.
Marked 1 switch rules as full_case in process $proc$/openlane/designs/part4_halfcpu/src/alu.v:20$1 in module alu.
Removed a total of 1 dead cases.

11. Executing PROC_PRUNE pass (remove redundant assignments in processes).
Removed 0 redundant assignments.
Promoted 37 assignments to connections.

12. Executing PROC_INIT pass (extract init attributes).

13. Executing PROC_ARST pass (detect async resets in processes).

14. Executing PROC_ROM pass (convert switches to ROMs).
Converted 0 switches.
<suppressed ~5 debug messages>

15. Executing PROC_MUX pass (convert decision trees to multiplexers).
Creating decoders for process `\register_file.$proc$/openlane/designs/part4_halfcpu/src/register_file.v:16$32'.
     1/39: $2$memwr$\regs$/openlane/designs/part4_halfcpu/src/register_file.v:21$31_EN[15:0]$105
     2/39: $2$memwr$\regs$/openlane/designs/part4_halfcpu/src/register_file.v:21$31_DATA[15:0]$104
     3/39: $2$memwr$\regs$/openlane/designs/part4_halfcpu/src/register_file.v:21$31_ADDR[3:0]$103
     4/39: $1\i[31:0]
     5/39: $1$memwr$\regs$/openlane/designs/part4_halfcpu/src/register_file.v:19$30_EN[15:0]$99
     6/39: $1$memwr$\regs$/openlane/designs/part4_halfcpu/src/register_file.v:19$30_DATA[15:0]$98
     7/39: $1$memwr$\regs$/openlane/designs/part4_halfcpu/src/register_file.v:19$29_EN[15:0]$97
     8/39: $1$memwr$\regs$/openlane/designs/part4_halfcpu/src/register_file.v:19$29_DATA[15:0]$96
     9/39: $1$memwr$\regs$/openlane/designs/part4_halfcpu/src/register_file.v:19$28_EN[15:0]$95
    10/39: $1$memwr$\regs$/openlane/designs/part4_halfcpu/src/register_file.v:19$28_DATA[15:0]$94
    11/39: $1$memwr$\regs$/openlane/designs/part4_halfcpu/src/register_file.v:19$27_EN[15:0]$93
    12/39: $1$memwr$\regs$/openlane/designs/part4_halfcpu/src/register_file.v:19$27_DATA[15:0]$92
    13/39: $1$memwr$\regs$/openlane/designs/part4_halfcpu/src/register_file.v:19$26_EN[15:0]$91
    14/39: $1$memwr$\regs$/openlane/designs/part4_halfcpu/src/register_file.v:19$26_DATA[15:0]$90
    15/39: $1$memwr$\regs$/openlane/designs/part4_halfcpu/src/register_file.v:19$25_EN[15:0]$89
    16/39: $1$memwr$\regs$/openlane/designs/part4_halfcpu/src/register_file.v:19$25_DATA[15:0]$88
    17/39: $1$memwr$\regs$/openlane/designs/part4_halfcpu/src/register_file.v:19$24_EN[15:0]$87
    18/39: $1$memwr$\regs$/openlane/designs/part4_halfcpu/src/register_file.v:19$24_DATA[15:0]$86
    19/39: $1$memwr$\regs$/openlane/designs/part4_halfcpu/src/register_file.v:19$23_EN[15:0]$85
    20/39: $1$memwr$\regs$/openlane/designs/part4_halfcpu/src/register_file.v:19$23_DATA[15:0]$84
    21/39: $1$memwr$\regs$/openlane/designs/part4_halfcpu/src/register_file.v:19$22_EN[15:0]$83
    22/39: $1$memwr$\regs$/openlane/designs/part4_halfcpu/src/register_file.v:19$22_DATA[15:0]$82
    23/39: $1$memwr$\regs$/openlane/designs/part4_halfcpu/src/register_file.v:19$21_EN[15:0]$81
    24/39: $1$memwr$\regs$/openlane/designs/part4_halfcpu/src/register_file.v:19$21_DATA[15:0]$80
    25/39: $1$memwr$\regs$/openlane/designs/part4_halfcpu/src/register_file.v:19$20_EN[15:0]$79
    26/39: $1$memwr$\regs$/openlane/designs/part4_halfcpu/src/register_file.v:19$20_DATA[15:0]$78
    27/39: $1$memwr$\regs$/openlane/designs/part4_halfcpu/src/register_file.v:19$19_EN[15:0]$77
    28/39: $1$memwr$\regs$/openlane/designs/part4_halfcpu/src/register_file.v:19$19_DATA[15:0]$76
    29/39: $1$memwr$\regs$/openlane/designs/part4_halfcpu/src/register_file.v:19$18_EN[15:0]$75
    30/39: $1$memwr$\regs$/openlane/designs/part4_halfcpu/src/register_file.v:19$18_DATA[15:0]$74
    31/39: $1$memwr$\regs$/openlane/designs/part4_halfcpu/src/register_file.v:19$17_EN[15:0]$73
    32/39: $1$memwr$\regs$/openlane/designs/part4_halfcpu/src/register_file.v:19$17_DATA[15:0]$72
    33/39: $1$memwr$\regs$/openlane/designs/part4_halfcpu/src/register_file.v:19$16_EN[15:0]$71
    34/39: $1$memwr$\regs$/openlane/designs/part4_halfcpu/src/register_file.v:19$16_DATA[15:0]$70
    35/39: $1$memwr$\regs$/openlane/designs/part4_halfcpu/src/register_file.v:19$15_EN[15:0]$69
    36/39: $1$memwr$\regs$/openlane/designs/part4_halfcpu/src/register_file.v:19$15_DATA[15:0]$68
    37/39: $1$memwr$\regs$/openlane/designs/part4_halfcpu/src/register_file.v:21$31_EN[15:0]$102
    38/39: $1$memwr$\regs$/openlane/designs/part4_halfcpu/src/register_file.v:21$31_DATA[15:0]$101
    39/39: $1$memwr$\regs$/openlane/designs/part4_halfcpu/src/register_file.v:21$31_ADDR[3:0]$100
Creating decoders for process `\cpu_top.$proc$/openlane/designs/part4_halfcpu/src/cpu_top.v:78$11'.
     1/1: $0\pc[15:0]
Creating decoders for process `\alu.$proc$/openlane/designs/part4_halfcpu/src/alu.v:20$1'.
     1/1: $1\Y[7:0]

16. Executing PROC_DLATCH pass (convert process syncs to latches).
No latch inferred for signal `\alu.\Y' from process `\alu.$proc$/openlane/designs/part4_halfcpu/src/alu.v:20$1'.

17. Executing PROC_DFF pass (convert process syncs to FFs).
Creating register for signal `\register_file.\i' using process `\register_file.$proc$/openlane/designs/part4_halfcpu/src/register_file.v:16$32'.
  created $dff cell `$procdff$248' with positive edge clock.
Creating register for signal `\register_file.$memwr$\regs$/openlane/designs/part4_halfcpu/src/register_file.v:19$15_DATA' using process `\register_file.$proc$/openlane/designs/part4_halfcpu/src/register_file.v:16$32'.
  created $dff cell `$procdff$249' with positive edge clock.
Creating register for signal `\register_file.$memwr$\regs$/openlane/designs/part4_halfcpu/src/register_file.v:19$15_EN' using process `\register_file.$proc$/openlane/designs/part4_halfcpu/src/register_file.v:16$32'.
  created $dff cell `$procdff$250' with positive edge clock.
Creating register for signal `\register_file.$memwr$\regs$/openlane/designs/part4_halfcpu/src/register_file.v:19$16_DATA' using process `\register_file.$proc$/openlane/designs/part4_halfcpu/src/register_file.v:16$32'.
  created $dff cell `$procdff$251' with positive edge clock.
Creating register for signal `\register_file.$memwr$\regs$/openlane/designs/part4_halfcpu/src/register_file.v:19$16_EN' using process `\register_file.$proc$/openlane/designs/part4_halfcpu/src/register_file.v:16$32'.
  created $dff cell `$procdff$252' with positive edge clock.
Creating register for signal `\register_file.$memwr$\regs$/openlane/designs/part4_halfcpu/src/register_file.v:19$17_DATA' using process `\register_file.$proc$/openlane/designs/part4_halfcpu/src/register_file.v:16$32'.
  created $dff cell `$procdff$253' with positive edge clock.
Creating register for signal `\register_file.$memwr$\regs$/openlane/designs/part4_halfcpu/src/register_file.v:19$17_EN' using process `\register_file.$proc$/openlane/designs/part4_halfcpu/src/register_file.v:16$32'.
  created $dff cell `$procdff$254' with positive edge clock.
Creating register for signal `\register_file.$memwr$\regs$/openlane/designs/part4_halfcpu/src/register_file.v:19$18_DATA' using process `\register_file.$proc$/openlane/designs/part4_halfcpu/src/register_file.v:16$32'.
  created $dff cell `$procdff$255' with positive edge clock.
Creating register for signal `\register_file.$memwr$\regs$/openlane/designs/part4_halfcpu/src/register_file.v:19$18_EN' using process `\register_file.$proc$/openlane/designs/part4_halfcpu/src/register_file.v:16$32'.
  created $dff cell `$procdff$256' with positive edge clock.
Creating register for signal `\register_file.$memwr$\regs$/openlane/designs/part4_halfcpu/src/register_file.v:19$19_DATA' using process `\register_file.$proc$/openlane/designs/part4_halfcpu/src/register_file.v:16$32'.
  created $dff cell `$procdff$257' with positive edge clock.
Creating register for signal `\register_file.$memwr$\regs$/openlane/designs/part4_halfcpu/src/register_file.v:19$19_EN' using process `\register_file.$proc$/openlane/designs/part4_halfcpu/src/register_file.v:16$32'.
  created $dff cell `$procdff$258' with positive edge clock.
Creating register for signal `\register_file.$memwr$\regs$/openlane/designs/part4_halfcpu/src/register_file.v:19$20_DATA' using process `\register_file.$proc$/openlane/designs/part4_halfcpu/src/register_file.v:16$32'.
  created $dff cell `$procdff$259' with positive edge clock.
Creating register for signal `\register_file.$memwr$\regs$/openlane/designs/part4_halfcpu/src/register_file.v:19$20_EN' using process `\register_file.$proc$/openlane/designs/part4_halfcpu/src/register_file.v:16$32'.
  created $dff cell `$procdff$260' with positive edge clock.
Creating register for signal `\register_file.$memwr$\regs$/openlane/designs/part4_halfcpu/src/register_file.v:19$21_DATA' using process `\register_file.$proc$/openlane/designs/part4_halfcpu/src/register_file.v:16$32'.
  created $dff cell `$procdff$261' with positive edge clock.
Creating register for signal `\register_file.$memwr$\regs$/openlane/designs/part4_halfcpu/src/register_file.v:19$21_EN' using process `\register_file.$proc$/openlane/designs/part4_halfcpu/src/register_file.v:16$32'.
  created $dff cell `$procdff$262' with positive edge clock.
Creating register for signal `\register_file.$memwr$\regs$/openlane/designs/part4_halfcpu/src/register_file.v:19$22_DATA' using process `\register_file.$proc$/openlane/designs/part4_halfcpu/src/register_file.v:16$32'.
  created $dff cell `$procdff$263' with positive edge clock.
Creating register for signal `\register_file.$memwr$\regs$/openlane/designs/part4_halfcpu/src/register_file.v:19$22_EN' using process `\register_file.$proc$/openlane/designs/part4_halfcpu/src/register_file.v:16$32'.
  created $dff cell `$procdff$264' with positive edge clock.
Creating register for signal `\register_file.$memwr$\regs$/openlane/designs/part4_halfcpu/src/register_file.v:19$23_DATA' using process `\register_file.$proc$/openlane/designs/part4_halfcpu/src/register_file.v:16$32'.
  created $dff cell `$procdff$265' with positive edge clock.
Creating register for signal `\register_file.$memwr$\regs$/openlane/designs/part4_halfcpu/src/register_file.v:19$23_EN' using process `\register_file.$proc$/openlane/designs/part4_halfcpu/src/register_file.v:16$32'.
  created $dff cell `$procdff$266' with positive edge clock.
Creating register for signal `\register_file.$memwr$\regs$/openlane/designs/part4_halfcpu/src/register_file.v:19$24_DATA' using process `\register_file.$proc$/openlane/designs/part4_halfcpu/src/register_file.v:16$32'.
  created $dff cell `$procdff$267' with positive edge clock.
Creating register for signal `\register_file.$memwr$\regs$/openlane/designs/part4_halfcpu/src/register_file.v:19$24_EN' using process `\register_file.$proc$/openlane/designs/part4_halfcpu/src/register_file.v:16$32'.
  created $dff cell `$procdff$268' with positive edge clock.
Creating register for signal `\register_file.$memwr$\regs$/openlane/designs/part4_halfcpu/src/register_file.v:19$25_DATA' using process `\register_file.$proc$/openlane/designs/part4_halfcpu/src/register_file.v:16$32'.
  created $dff cell `$procdff$269' with positive edge clock.
Creating register for signal `\register_file.$memwr$\regs$/openlane/designs/part4_halfcpu/src/register_file.v:19$25_EN' using process `\register_file.$proc$/openlane/designs/part4_halfcpu/src/register_file.v:16$32'.
  created $dff cell `$procdff$270' with positive edge clock.
Creating register for signal `\register_file.$memwr$\regs$/openlane/designs/part4_halfcpu/src/register_file.v:19$26_DATA' using process `\register_file.$proc$/openlane/designs/part4_halfcpu/src/register_file.v:16$32'.
  created $dff cell `$procdff$271' with positive edge clock.
Creating register for signal `\register_file.$memwr$\regs$/openlane/designs/part4_halfcpu/src/register_file.v:19$26_EN' using process `\register_file.$proc$/openlane/designs/part4_halfcpu/src/register_file.v:16$32'.
  created $dff cell `$procdff$272' with positive edge clock.
Creating register for signal `\register_file.$memwr$\regs$/openlane/designs/part4_halfcpu/src/register_file.v:19$27_DATA' using process `\register_file.$proc$/openlane/designs/part4_halfcpu/src/register_file.v:16$32'.
  created $dff cell `$procdff$273' with positive edge clock.
Creating register for signal `\register_file.$memwr$\regs$/openlane/designs/part4_halfcpu/src/register_file.v:19$27_EN' using process `\register_file.$proc$/openlane/designs/part4_halfcpu/src/register_file.v:16$32'.
  created $dff cell `$procdff$274' with positive edge clock.
Creating register for signal `\register_file.$memwr$\regs$/openlane/designs/part4_halfcpu/src/register_file.v:19$28_DATA' using process `\register_file.$proc$/openlane/designs/part4_halfcpu/src/register_file.v:16$32'.
  created $dff cell `$procdff$275' with positive edge clock.
Creating register for signal `\register_file.$memwr$\regs$/openlane/designs/part4_halfcpu/src/register_file.v:19$28_EN' using process `\register_file.$proc$/openlane/designs/part4_halfcpu/src/register_file.v:16$32'.
  created $dff cell `$procdff$276' with positive edge clock.
Creating register for signal `\register_file.$memwr$\regs$/openlane/designs/part4_halfcpu/src/register_file.v:19$29_DATA' using process `\register_file.$proc$/openlane/designs/part4_halfcpu/src/register_file.v:16$32'.
  created $dff cell `$procdff$277' with positive edge clock.
Creating register for signal `\register_file.$memwr$\regs$/openlane/designs/part4_halfcpu/src/register_file.v:19$29_EN' using process `\register_file.$proc$/openlane/designs/part4_halfcpu/src/register_file.v:16$32'.
  created $dff cell `$procdff$278' with positive edge clock.
Creating register for signal `\register_file.$memwr$\regs$/openlane/designs/part4_halfcpu/src/register_file.v:19$30_DATA' using process `\register_file.$proc$/openlane/designs/part4_halfcpu/src/register_file.v:16$32'.
  created $dff cell `$procdff$279' with positive edge clock.
Creating register for signal `\register_file.$memwr$\regs$/openlane/designs/part4_halfcpu/src/register_file.v:19$30_EN' using process `\register_file.$proc$/openlane/designs/part4_halfcpu/src/register_file.v:16$32'.
  created $dff cell `$procdff$280' with positive edge clock.
Creating register for signal `\register_file.$memwr$\regs$/openlane/designs/part4_halfcpu/src/register_file.v:21$31_ADDR' using process `\register_file.$proc$/openlane/designs/part4_halfcpu/src/register_file.v:16$32'.
  created $dff cell `$procdff$281' with positive edge clock.
Creating register for signal `\register_file.$memwr$\regs$/openlane/designs/part4_halfcpu/src/register_file.v:21$31_DATA' using process `\register_file.$proc$/openlane/designs/part4_halfcpu/src/register_file.v:16$32'.
  created $dff cell `$procdff$282' with positive edge clock.
Creating register for signal `\register_file.$memwr$\regs$/openlane/designs/part4_halfcpu/src/register_file.v:21$31_EN' using process `\register_file.$proc$/openlane/designs/part4_halfcpu/src/register_file.v:16$32'.
  created $dff cell `$procdff$283' with positive edge clock.
Creating register for signal `\cpu_top.\pc' using process `\cpu_top.$proc$/openlane/designs/part4_halfcpu/src/cpu_top.v:78$11'.
  created $dff cell `$procdff$284' with positive edge clock.

18. Executing PROC_MEMWR pass (convert process memory writes to cells).

19. Executing PROC_CLEAN pass (remove empty switches from decision trees).
Found and cleaned up 2 empty switches in `\register_file.$proc$/openlane/designs/part4_halfcpu/src/register_file.v:16$32'.
Removing empty process `register_file.$proc$/openlane/designs/part4_halfcpu/src/register_file.v:16$32'.
Found and cleaned up 2 empty switches in `\cpu_top.$proc$/openlane/designs/part4_halfcpu/src/cpu_top.v:78$11'.
Removing empty process `cpu_top.$proc$/openlane/designs/part4_halfcpu/src/cpu_top.v:78$11'.
Found and cleaned up 1 empty switch in `\alu.$proc$/openlane/designs/part4_halfcpu/src/alu.v:20$1'.
Removing empty process `alu.$proc$/openlane/designs/part4_halfcpu/src/alu.v:20$1'.
Cleaned up 5 empty switches.

20. Executing CHECK pass (checking for obvious problems).
Checking module register_file...
Checking module cpu_top...
Warning: Wire cpu_top.\result [7] is used but has no driver.
Warning: Wire cpu_top.\result [6] is used but has no driver.
Warning: Wire cpu_top.\result [5] is used but has no driver.
Warning: Wire cpu_top.\result [4] is used but has no driver.
Warning: Wire cpu_top.\result [3] is used but has no driver.
Warning: Wire cpu_top.\result [2] is used but has no driver.
Warning: Wire cpu_top.\result [1] is used but has no driver.
Warning: Wire cpu_top.\result [0] is used but has no driver.
Checking module decoder...
Checking module alu...
Found and reported 8 problems.

21. Executing OPT_EXPR pass (perform const folding).
Optimizing module register_file.
Optimizing module cpu_top.
Optimizing module decoder.
Optimizing module alu.
<suppressed ~3 debug messages>

22. Executing FLATTEN pass (flatten design).
Deleting now unused module register_file.
Deleting now unused module decoder.
Deleting now unused module alu.
<suppressed ~6 debug messages>

23. Executing OPT_EXPR pass (perform const folding).
Optimizing module cpu_top.
<suppressed ~44 debug messages>

24. Executing OPT_CLEAN pass (remove unused cells and wires).
Finding unused cells or wires in module \cpu_top..
Removed 367 unused cells and 819 unused wires.
<suppressed ~385 debug messages>

25. Executing OPT pass (performing simple optimizations).

25.1. Executing OPT_EXPR pass (perform const folding).
Optimizing module cpu_top.

25.2. Executing OPT_MERGE pass (detect identical cells).
Finding identical cells in module `\cpu_top'.
Removed a total of 0 cells.

25.3. Executing OPT_MUXTREE pass (detect dead branches in mux trees).
Running muxtree optimizer on module \cpu_top..
  Creating internal representation of mux trees.
  Evaluating internal representation of mux trees.
  Analyzing evaluation results.
Removed 0 multiplexer ports.
<suppressed ~1 debug messages>

25.4. Executing OPT_REDUCE pass (consolidate $*mux and $reduce_* inputs).
  Optimizing cells in module \cpu_top.
Performed a total of 0 changes.

25.5. Executing OPT_MERGE pass (detect identical cells).
Finding identical cells in module `\cpu_top'.
Removed a total of 0 cells.

25.6. Executing OPT_DFF pass (perform DFF optimizations).

25.7. Executing OPT_CLEAN pass (remove unused cells and wires).
Finding unused cells or wires in module \cpu_top..

25.8. Executing OPT_EXPR pass (perform const folding).
Optimizing module cpu_top.

25.9. Finished OPT passes. (There is nothing left to do.)

26. Executing FSM pass (extract and optimize FSM).

26.1. Executing FSM_DETECT pass (finding FSMs in design).

26.2. Executing FSM_EXTRACT pass (extracting FSM from design).

26.3. Executing FSM_OPT pass (simple optimizations of FSMs).

26.4. Executing OPT_CLEAN pass (remove unused cells and wires).
Finding unused cells or wires in module \cpu_top..

26.5. Executing FSM_OPT pass (simple optimizations of FSMs).

26.6. Executing FSM_RECODE pass (re-assigning FSM state encoding).

26.7. Executing FSM_INFO pass (dumping all available information on FSM cells).

26.8. Executing FSM_MAP pass (mapping FSMs to basic logic).

27. Executing OPT pass (performing simple optimizations).

27.1. Executing OPT_EXPR pass (perform const folding).
Optimizing module cpu_top.

27.2. Executing OPT_MERGE pass (detect identical cells).
Finding identical cells in module `\cpu_top'.
Removed a total of 0 cells.

27.3. Executing OPT_MUXTREE pass (detect dead branches in mux trees).
Running muxtree optimizer on module \cpu_top..
  Creating internal representation of mux trees.
  Evaluating internal representation of mux trees.
  Analyzing evaluation results.
Removed 0 multiplexer ports.
<suppressed ~1 debug messages>

27.4. Executing OPT_REDUCE pass (consolidate $*mux and $reduce_* inputs).
  Optimizing cells in module \cpu_top.
Performed a total of 0 changes.

27.5. Executing OPT_MERGE pass (detect identical cells).
Finding identical cells in module `\cpu_top'.
Removed a total of 0 cells.

27.6. Executing OPT_DFF pass (perform DFF optimizations).
Adding SRST signal on $procdff$284 ($dff) from module cpu_top (D = $add$/openlane/designs/part4_halfcpu/src/cpu_top.v:82$13_Y, Q = \pc, rval = 16'0000000000000000).

27.7. Executing OPT_CLEAN pass (remove unused cells and wires).
Finding unused cells or wires in module \cpu_top..
Removed 1 unused cells and 1 unused wires.
<suppressed ~2 debug messages>

27.8. Executing OPT_EXPR pass (perform const folding).
Optimizing module cpu_top.

27.9. Rerunning OPT passes. (Maybe there is more to do..)

27.10. Executing OPT_MUXTREE pass (detect dead branches in mux trees).
Running muxtree optimizer on module \cpu_top..
  Creating internal representation of mux trees.
  No muxes found in this module.
Removed 0 multiplexer ports.

27.11. Executing OPT_REDUCE pass (consolidate $*mux and $reduce_* inputs).
  Optimizing cells in module \cpu_top.
Performed a total of 0 changes.

27.12. Executing OPT_MERGE pass (detect identical cells).
Finding identical cells in module `\cpu_top'.
Removed a total of 0 cells.

27.13. Executing OPT_DFF pass (perform DFF optimizations).

27.14. Executing OPT_CLEAN pass (remove unused cells and wires).
Finding unused cells or wires in module \cpu_top..

27.15. Executing OPT_EXPR pass (perform const folding).
Optimizing module cpu_top.

27.16. Finished OPT passes. (There is nothing left to do.)

28. Executing WREDUCE pass (reducing word size of cells).
Removed top 15 bits (of 16) from port B of cell cpu_top.$add$/openlane/designs/part4_halfcpu/src/cpu_top.v:82$13 ($add).

29. Executing PEEPOPT pass (run peephole optimizers).

30. Executing OPT_CLEAN pass (remove unused cells and wires).
Finding unused cells or wires in module \cpu_top..

31. Executing ALUMACC pass (create $alu and $macc cells).
Extracting $alu and $macc cells in module cpu_top:
  creating $macc model for $add$/openlane/designs/part4_halfcpu/src/cpu_top.v:82$13 ($add).
  creating $alu model for $macc $add$/openlane/designs/part4_halfcpu/src/cpu_top.v:82$13.
  creating $alu cell for $add$/openlane/designs/part4_halfcpu/src/cpu_top.v:82$13: $auto$alumacc.cc:485:replace_alu$303
  created 1 $alu and 0 $macc cells.

32. Executing SHARE pass (SAT-based resource sharing).

33. Executing OPT pass (performing simple optimizations).

33.1. Executing OPT_EXPR pass (perform const folding).
Optimizing module cpu_top.

33.2. Executing OPT_MERGE pass (detect identical cells).
Finding identical cells in module `\cpu_top'.
Removed a total of 0 cells.

33.3. Executing OPT_MUXTREE pass (detect dead branches in mux trees).
Running muxtree optimizer on module \cpu_top..
  Creating internal representation of mux trees.
  No muxes found in this module.
Removed 0 multiplexer ports.

33.4. Executing OPT_REDUCE pass (consolidate $*mux and $reduce_* inputs).
  Optimizing cells in module \cpu_top.
Performed a total of 0 changes.

33.5. Executing OPT_MERGE pass (detect identical cells).
Finding identical cells in module `\cpu_top'.
Removed a total of 0 cells.

33.6. Executing OPT_DFF pass (perform DFF optimizations).

33.7. Executing OPT_CLEAN pass (remove unused cells and wires).
Finding unused cells or wires in module \cpu_top..

33.8. Executing OPT_EXPR pass (perform const folding).
Optimizing module cpu_top.

33.9. Finished OPT passes. (There is nothing left to do.)

34. Executing MEMORY pass.

34.1. Executing OPT_MEM pass (optimize memories).
Performed a total of 0 transformations.

34.2. Executing OPT_MEM_PRIORITY pass (removing unnecessary memory write priority relations).
Performed a total of 0 transformations.

34.3. Executing OPT_MEM_FEEDBACK pass (finding memory read-to-write feedback paths).

34.4. Executing MEMORY_BMUX2ROM pass (converting muxes to ROMs).

34.5. Executing MEMORY_DFF pass (merging $dff cells to $memrd).

34.6. Executing OPT_CLEAN pass (remove unused cells and wires).
Finding unused cells or wires in module \cpu_top..

34.7. Executing MEMORY_SHARE pass (consolidating $memrd/$memwr cells).

34.8. Executing OPT_MEM_WIDEN pass (optimize memories where all ports are wide).
Performed a total of 0 transformations.

34.9. Executing OPT_CLEAN pass (remove unused cells and wires).
Finding unused cells or wires in module \cpu_top..

34.10. Executing MEMORY_COLLECT pass (generating $mem cells).

35. Executing OPT_CLEAN pass (remove unused cells and wires).
Finding unused cells or wires in module \cpu_top..

36. Executing OPT pass (performing simple optimizations).

36.1. Executing OPT_EXPR pass (perform const folding).
Optimizing module cpu_top.
<suppressed ~9 debug messages>

36.2. Executing OPT_MERGE pass (detect identical cells).
Finding identical cells in module `\cpu_top'.
Removed a total of 0 cells.

36.3. Executing OPT_DFF pass (perform DFF optimizations).

36.4. Executing OPT_CLEAN pass (remove unused cells and wires).
Finding unused cells or wires in module \cpu_top..

36.5. Finished fast OPT passes.

37. Executing MEMORY_MAP pass (converting memories to logic and flip-flops).

38. Executing OPT pass (performing simple optimizations).

38.1. Executing OPT_EXPR pass (perform const folding).
Optimizing module cpu_top.

38.2. Executing OPT_MERGE pass (detect identical cells).
Finding identical cells in module `\cpu_top'.
Removed a total of 0 cells.

38.3. Executing OPT_MUXTREE pass (detect dead branches in mux trees).
Running muxtree optimizer on module \cpu_top..
  Creating internal representation of mux trees.
  No muxes found in this module.
Removed 0 multiplexer ports.

38.4. Executing OPT_REDUCE pass (consolidate $*mux and $reduce_* inputs).
  Optimizing cells in module \cpu_top.
Performed a total of 0 changes.

38.5. Executing OPT_MERGE pass (detect identical cells).
Finding identical cells in module `\cpu_top'.
Removed a total of 0 cells.

38.6. Executing OPT_SHARE pass.

38.7. Executing OPT_DFF pass (perform DFF optimizations).

38.8. Executing OPT_CLEAN pass (remove unused cells and wires).
Finding unused cells or wires in module \cpu_top..

38.9. Executing OPT_EXPR pass (perform const folding).
Optimizing module cpu_top.

38.10. Finished OPT passes. (There is nothing left to do.)

39. Executing TECHMAP pass (map to technology primitives).

39.1. Executing Verilog-2005 frontend: /build/bin/../share/yosys/techmap.v
Parsing Verilog input from `/build/bin/../share/yosys/techmap.v' to AST representation.
Generating RTLIL representation for module `\_90_simplemap_bool_ops'.
Generating RTLIL representation for module `\_90_simplemap_reduce_ops'.
Generating RTLIL representation for module `\_90_simplemap_logic_ops'.
Generating RTLIL representation for module `\_90_simplemap_compare_ops'.
Generating RTLIL representation for module `\_90_simplemap_various'.
Generating RTLIL representation for module `\_90_simplemap_registers'.
Generating RTLIL representation for module `\_90_shift_ops_shr_shl_sshl_sshr'.
Generating RTLIL representation for module `\_90_shift_shiftx'.
Generating RTLIL representation for module `\_90_fa'.
Generating RTLIL representation for module `\_90_lcu'.
Generating RTLIL representation for module `\_90_alu'.
Generating RTLIL representation for module `\_90_macc'.
Generating RTLIL representation for module `\_90_alumacc'.
Generating RTLIL representation for module `\$__div_mod_u'.
Generating RTLIL representation for module `\$__div_mod_trunc'.
Generating RTLIL representation for module `\_90_div'.
Generating RTLIL representation for module `\_90_mod'.
Generating RTLIL representation for module `\$__div_mod_floor'.
Generating RTLIL representation for module `\_90_divfloor'.
Generating RTLIL representation for module `\_90_modfloor'.
Generating RTLIL representation for module `\_90_pow'.
Generating RTLIL representation for module `\_90_pmux'.
Generating RTLIL representation for module `\_90_demux'.
Generating RTLIL representation for module `\_90_lut'.
Successfully finished Verilog frontend.

39.2. Continuing TECHMAP pass.
Using extmapper simplemap for cells of type $sdff.
Using template $paramod$2af30114e9bd4ccb04dad757b3f0a8f6bf0615b0\_90_alu for cells of type $alu.
Using extmapper simplemap for cells of type $not.
Using extmapper simplemap for cells of type $mux.
Using extmapper simplemap for cells of type $pos.
Using template $paramod\_90_lcu\WIDTH=32'00000000000000000000000000010000 for cells of type $lcu.
Using extmapper simplemap for cells of type $and.
Using extmapper simplemap for cells of type $xor.
Using extmapper simplemap for cells of type $or.
No more expansions possible.
<suppressed ~288 debug messages>

40. Executing OPT pass (performing simple optimizations).

40.1. Executing OPT_EXPR pass (perform const folding).
Optimizing module cpu_top.
<suppressed ~89 debug messages>

40.2. Executing OPT_MERGE pass (detect identical cells).
Finding identical cells in module `\cpu_top'.
<suppressed ~3 debug messages>
Removed a total of 1 cells.

40.3. Executing OPT_DFF pass (perform DFF optimizations).

40.4. Executing OPT_CLEAN pass (remove unused cells and wires).
Finding unused cells or wires in module \cpu_top..
Removed 19 unused cells and 67 unused wires.
<suppressed ~20 debug messages>

40.5. Finished fast OPT passes.

41. Executing ABC pass (technology mapping using ABC).

41.1. Extracting gate netlist of module `\cpu_top' to `<abc-temp-dir>/input.blif'..
Extracted 38 gates and 54 wires to a netlist network with 16 inputs and 16 outputs.

41.1.1. Executing ABC.
Running ABC command: "<yosys-exe-dir>/yosys-abc" -s -f <abc-temp-dir>/abc.script 2>&1
ABC: ABC command line: "source <abc-temp-dir>/abc.script".
ABC: 
ABC: + read_blif <abc-temp-dir>/input.blif 
ABC: + read_library <abc-temp-dir>/stdcells.genlib 
ABC: Entered genlib library with 13 gates from file "<abc-temp-dir>/stdcells.genlib".
ABC: + strash 
ABC: + dretime 
ABC: + map 
ABC: + write_blif <abc-temp-dir>/output.blif 

41.1.2. Re-integrating ABC results.
ABC RESULTS:               NOT cells:        1
ABC RESULTS:              NAND cells:        7
ABC RESULTS:                OR cells:        8
ABC RESULTS:              XNOR cells:        7
ABC RESULTS:            ANDNOT cells:        7
ABC RESULTS:               XOR cells:        8
ABC RESULTS:        internal signals:       22
ABC RESULTS:           input signals:       16
ABC RESULTS:          output signals:       16
Removing temp directory.

42. Executing OPT pass (performing simple optimizations).

42.1. Executing OPT_EXPR pass (perform const folding).
Optimizing module cpu_top.

42.2. Executing OPT_MERGE pass (detect identical cells).
Finding identical cells in module `\cpu_top'.
Removed a total of 0 cells.

42.3. Executing OPT_DFF pass (perform DFF optimizations).

42.4. Executing OPT_CLEAN pass (remove unused cells and wires).
Finding unused cells or wires in module \cpu_top..
Removed 0 unused cells and 41 unused wires.
<suppressed ~1 debug messages>

42.5. Finished fast OPT passes.

43. Executing HIERARCHY pass (managing design hierarchy).

43.1. Analyzing design hierarchy..
Top module:  \cpu_top

43.2. Analyzing design hierarchy..
Top module:  \cpu_top
Removed 0 unused modules.

44. Printing statistics.

=== cpu_top ===

   Number of wires:                 63
   Number of wire bits:            260
   Number of public wires:          39
   Number of public wire bits:     206
   Number of memories:               0
   Number of memory bits:            0
   Number of processes:              0
   Number of cells:                 54
     $_ANDNOT_                       7
     $_NAND_                         7
     $_NOT_                          1
     $_OR_                           8
     $_SDFF_PP0_                    16
     $_XNOR_                         7
     $_XOR_                          8

45. Executing CHECK pass (checking for obvious problems).
Checking module cpu_top...
Found and reported 0 problems.

46. Generating Graphviz representation of design.
Writing dot description to `/openlane/designs/part4_halfcpu/runs/RUN_2026.05.16_10.29.34/tmp/synthesis/post_techmap.dot'.
Dumping module cpu_top to page 1.

47. Executing SHARE pass (SAT-based resource sharing).

48. Executing OPT pass (performing simple optimizations).

48.1. Executing OPT_EXPR pass (perform const folding).
Optimizing module cpu_top.

48.2. Executing OPT_MERGE pass (detect identical cells).
Finding identical cells in module `\cpu_top'.
Removed a total of 0 cells.

48.3. Executing OPT_MUXTREE pass (detect dead branches in mux trees).
Running muxtree optimizer on module \cpu_top..
  Creating internal representation of mux trees.
  No muxes found in this module.
Removed 0 multiplexer ports.

48.4. Executing OPT_REDUCE pass (consolidate $*mux and $reduce_* inputs).
  Optimizing cells in module \cpu_top.
Performed a total of 0 changes.

48.5. Executing OPT_MERGE pass (detect identical cells).
Finding identical cells in module `\cpu_top'.
Removed a total of 0 cells.

48.6. Executing OPT_DFF pass (perform DFF optimizations).

48.7. Executing OPT_CLEAN pass (remove unused cells and wires).
Finding unused cells or wires in module \cpu_top..

48.8. Executing OPT_EXPR pass (perform const folding).
Optimizing module cpu_top.

48.9. Finished OPT passes. (There is nothing left to do.)

49. Executing OPT_CLEAN pass (remove unused cells and wires).
Finding unused cells or wires in module \cpu_top..
Removed 0 unused cells and 35 unused wires.
<suppressed ~35 debug messages>

50. Printing statistics.

=== cpu_top ===

   Number of wires:                 28
   Number of wire bits:             80
   Number of public wires:           4
   Number of public wire bits:      26
   Number of memories:               0
   Number of memory bits:            0
   Number of processes:              0
   Number of cells:                 54
     $_ANDNOT_                       7
     $_NAND_                         7
     $_NOT_                          1
     $_OR_                           8
     $_SDFF_PP0_                    16
     $_XNOR_                         7
     $_XOR_                          8

mapping tbuf

51. Executing TECHMAP pass (map to technology primitives).

51.1. Executing Verilog-2005 frontend: /Users/egehuriel/.ciel/sky130A/libs.tech/openlane/sky130_fd_sc_hd/tribuff_map.v
Parsing Verilog input from `/Users/egehuriel/.ciel/sky130A/libs.tech/openlane/sky130_fd_sc_hd/tribuff_map.v' to AST representation.
Generating RTLIL representation for module `\$_TBUF_'.
Successfully finished Verilog frontend.

51.2. Continuing TECHMAP pass.
No more expansions possible.
<suppressed ~3 debug messages>

52. Executing SIMPLEMAP pass (map simple cells to gate primitives).

53. Executing TECHMAP pass (map to technology primitives).

53.1. Executing Verilog-2005 frontend: /Users/egehuriel/.ciel/sky130A/libs.tech/openlane/sky130_fd_sc_hd/latch_map.v
Parsing Verilog input from `/Users/egehuriel/.ciel/sky130A/libs.tech/openlane/sky130_fd_sc_hd/latch_map.v' to AST representation.
Generating RTLIL representation for module `\$_DLATCH_P_'.
Generating RTLIL representation for module `\$_DLATCH_N_'.
Successfully finished Verilog frontend.

53.2. Continuing TECHMAP pass.
No more expansions possible.
<suppressed ~4 debug messages>

54. Executing SIMPLEMAP pass (map simple cells to gate primitives).

55. Executing DFFLIBMAP pass (mapping DFF cells to sequential cells from liberty file).
  cell sky130_fd_sc_hd__dfxtp_2 (noninv, pins=3, area=21.27) is a direct match for cell type $_DFF_P_.
  cell sky130_fd_sc_hd__dfrtp_2 (noninv, pins=4, area=26.28) is a direct match for cell type $_DFF_PN0_.
  cell sky130_fd_sc_hd__dfstp_2 (noninv, pins=4, area=26.28) is a direct match for cell type $_DFF_PN1_.
  cell sky130_fd_sc_hd__dfbbn_2 (noninv, pins=6, area=35.03) is a direct match for cell type $_DFFSR_NNN_.
  final dff cell mappings:
    unmapped dff cell: $_DFF_N_
    \sky130_fd_sc_hd__dfxtp_2 _DFF_P_ (.CLK( C), .D( D), .Q( Q));
    unmapped dff cell: $_DFF_NN0_
    unmapped dff cell: $_DFF_NN1_
    unmapped dff cell: $_DFF_NP0_
    unmapped dff cell: $_DFF_NP1_
    \sky130_fd_sc_hd__dfrtp_2 _DFF_PN0_ (.CLK( C), .D( D), .Q( Q), .RESET_B( R));
    \sky130_fd_sc_hd__dfstp_2 _DFF_PN1_ (.CLK( C), .D( D), .Q( Q), .SET_B( R));
    unmapped dff cell: $_DFF_PP0_
    unmapped dff cell: $_DFF_PP1_
    \sky130_fd_sc_hd__dfbbn_2 _DFFSR_NNN_ (.CLK_N( C), .D( D), .Q( Q), .Q_N(~Q), .RESET_B( R), .SET_B( S));
    unmapped dff cell: $_DFFSR_NNP_
    unmapped dff cell: $_DFFSR_NPN_
    unmapped dff cell: $_DFFSR_NPP_
    unmapped dff cell: $_DFFSR_PNN_
    unmapped dff cell: $_DFFSR_PNP_
    unmapped dff cell: $_DFFSR_PPN_
    unmapped dff cell: $_DFFSR_PPP_

55.1. Executing DFFLEGALIZE pass (convert FFs to types supported by the target).
Mapping DFF cells in module `\cpu_top':
  mapped 16 $_DFF_P_ cells to \sky130_fd_sc_hd__dfxtp_2 cells.

56. Printing statistics.

=== cpu_top ===

   Number of wires:                 44
   Number of wire bits:             96
   Number of public wires:           4
   Number of public wire bits:      26
   Number of memories:               0
   Number of memory bits:            0
   Number of processes:              0
   Number of cells:                 70
     $_ANDNOT_                       7
     $_MUX_                         16
     $_NAND_                         7
     $_NOT_                          1
     $_OR_                           8
     $_XNOR_                         7
     $_XOR_                          8
     sky130_fd_sc_hd__dfxtp_2       16

[INFO]: USING STRATEGY AREA 0

57. Executing ABC pass (technology mapping using ABC).

57.1. Extracting gate netlist of module `\cpu_top' to `/tmp/yosys-abc-wTw1iW/input.blif'..
Extracted 54 gates and 72 wires to a netlist network with 17 inputs and 16 outputs.

57.1.1. Executing ABC.
Running ABC command: "/build/bin/yosys-abc" -s -f /tmp/yosys-abc-wTw1iW/abc.script 2>&1
ABC: ABC command line: "source /tmp/yosys-abc-wTw1iW/abc.script".
ABC: 
ABC: + read_blif /tmp/yosys-abc-wTw1iW/input.blif 
ABC: + read_lib -w /openlane/designs/part4_halfcpu/runs/RUN_2026.05.16_10.29.34/tmp/synthesis/trimmed.lib 
ABC: Parsing finished successfully.  Parsing time =     0.04 sec
ABC: Scl_LibertyReadGenlib() skipped sequential cell "sky130_fd_sc_hd__dfbbn_2".
ABC: Scl_LibertyReadGenlib() skipped sequential cell "sky130_fd_sc_hd__dfrbp_2".
ABC: Scl_LibertyReadGenlib() skipped sequential cell "sky130_fd_sc_hd__dfrtp_2".
ABC: Scl_LibertyReadGenlib() skipped sequential cell "sky130_fd_sc_hd__dfrtp_4".
ABC: Scl_LibertyReadGenlib() skipped sequential cell "sky130_fd_sc_hd__dfsbp_2".
ABC: Scl_LibertyReadGenlib() skipped sequential cell "sky130_fd_sc_hd__dfstp_2".
ABC: Scl_LibertyReadGenlib() skipped sequential cell "sky130_fd_sc_hd__dfstp_4".
ABC: Scl_LibertyReadGenlib() skipped sequential cell "sky130_fd_sc_hd__dfxbp_2".
ABC: Scl_LibertyReadGenlib() skipped sequential cell "sky130_fd_sc_hd__dfxtp_2".
ABC: Scl_LibertyReadGenlib() skipped sequential cell "sky130_fd_sc_hd__dfxtp_4".
ABC: Scl_LibertyReadGenlib() skipped sequential cell "sky130_fd_sc_hd__dlxtn_1".
ABC: Scl_LibertyReadGenlib() skipped sequential cell "sky130_fd_sc_hd__dlxtn_2".
ABC: Scl_LibertyReadGenlib() skipped sequential cell "sky130_fd_sc_hd__dlxtn_4".
ABC: Scl_LibertyReadGenlib() skipped sequential cell "sky130_fd_sc_hd__dlxtp_1".
ABC: Scl_LibertyReadGenlib() skipped three-state cell "sky130_fd_sc_hd__ebufn_2".
ABC: Scl_LibertyReadGenlib() skipped three-state cell "sky130_fd_sc_hd__ebufn_4".
ABC: Scl_LibertyReadGenlib() skipped three-state cell "sky130_fd_sc_hd__ebufn_8".
ABC: Library "sky130A_merged" from "/openlane/designs/part4_halfcpu/runs/RUN_2026.05.16_10.29.34/tmp/synthesis/trimmed.lib" has 175 cells (17 skipped: 14 seq; 3 tri-state; 0 no func; 0 dont_use).  Time =     0.06 sec
ABC: Memory =    9.54 MB. Time =     0.06 sec
ABC: Warning: Detected 2 multi-output gates (for example, "sky130_fd_sc_hd__fa_1").
ABC: + read_constr -v /openlane/designs/part4_halfcpu/runs/RUN_2026.05.16_10.29.34/tmp/synthesis/synthesis.sdc 
ABC: Setting driving cell to be "sky130_fd_sc_hd__inv_2".
ABC: Setting output load to be 33.442001.
ABC: + read_constr /openlane/designs/part4_halfcpu/runs/RUN_2026.05.16_10.29.34/tmp/synthesis/synthesis.sdc 
ABC: + fx 
ABC: + mfs 
ABC: + strash 
ABC: + refactor 
ABC: + balance 
ABC: + rewrite 
ABC: + refactor 
ABC: + balance 
ABC: + rewrite 
ABC: + rewrite -z 
ABC: + balance 
ABC: + refactor -z 
ABC: + rewrite -z 
ABC: + balance 
ABC: + retime -D -D 10000 -M 5 
ABC: + scleanup 
ABC: Error: The network is combinational.
ABC: + fraig_store 
ABC: + balance 
ABC: + fraig_store 
ABC: + balance 
ABC: + rewrite 
ABC: + refactor 
ABC: + balance 
ABC: + rewrite 
ABC: + rewrite -z 
ABC: + balance 
ABC: + refactor -z 
ABC: + rewrite -z 
ABC: + balance 
ABC: + fraig_store 
ABC: + balance 
ABC: + rewrite 
ABC: + refactor 
ABC: + balance 
ABC: + rewrite 
ABC: + rewrite -z 
ABC: + balance 
ABC: + refactor -z 
ABC: + rewrite -z 
ABC: + balance 
ABC: + fraig_store 
ABC: + balance 
ABC: + rewrite 
ABC: + refactor 
ABC: + balance 
ABC: + rewrite 
ABC: + rewrite -z 
ABC: + balance 
ABC: + refactor -z 
ABC: + rewrite -z 
ABC: + balance 
ABC: + fraig_store 
ABC: + fraig_restore 
ABC: + amap -m -Q 0.1 -F 20 -A 20 -C 5000 
ABC: + retime -D -D 10000 
ABC: + &get -n 
ABC: + &st 
ABC: + &dch 
ABC: + &nf 
ABC: + &put 
ABC: + buffer -N 10 -S 750.0 
ABC: + upsize -D 10000 
ABC: Current delay (2000.93 ps) does not exceed the target delay (10000.00 ps). Upsizing is not performed.
ABC: + dnsize -D 10000 
ABC: + stime -p 
ABC: WireLoad = "none"  Gates =     48 ( 14.6 %)   Cap = 14.7 ff (  3.4 %)   Area =      391.63 ( 85.4 %)   Delay =  2543.67 ps  ( 35.4 %)               
ABC: Path  0 --       1 : 0    6 pi                        A =   0.00  Df =  63.0  -34.3 ps  S =  94.0 ps  Cin =  0.0 ff  Cout =  19.2 ff  Cmax =   0.0 ff  G =    0  
ABC: Path  1 --      41 : 4    1 sky130_fd_sc_hd__and4_2   A =  10.01  Df = 259.3  -46.5 ps  S =  47.3 ps  Cin =  1.5 ff  Cout =   2.2 ff  Cmax = 300.3 ff  G =  138  
ABC: Path  2 --      42 : 1    7 sky130_fd_sc_hd__buf_1    A =   3.75  Df = 526.2 -139.5 ps  S = 313.4 ps  Cin =  2.1 ff  Cout =  26.2 ff  Cmax = 130.0 ff  G = 1180  
ABC: Path  3 --      51 : 4    1 sky130_fd_sc_hd__and4_2   A =  10.01  Df = 781.1 -131.7 ps  S =  48.3 ps  Cin =  1.5 ff  Cout =   2.2 ff  Cmax = 300.3 ff  G =  138  
ABC: Path  4 --      52 : 1    6 sky130_fd_sc_hd__buf_1    A =   3.75  Df =1004.1 -202.1 ps  S = 248.9 ps  Cin =  2.1 ff  Cout =  20.5 ff  Cmax = 130.0 ff  G =  925  
ABC: Path  5 --      59 : 4    5 sky130_fd_sc_hd__and4_2   A =  10.01  Df =1333.2 -229.9 ps  S = 128.9 ps  Cin =  1.5 ff  Cout =  19.0 ff  Cmax = 300.3 ff  G = 1186  
ABC: Path  6 --      65 : 3    1 sky130_fd_sc_hd__and3_2   A =   7.51  Df =1514.9 -202.0 ps  S =  40.1 ps  Cin =  1.5 ff  Cout =   2.2 ff  Cmax = 309.5 ff  G =  141  
ABC: Path  7 --      66 : 1    9 sky130_fd_sc_hd__buf_1    A =   3.75  Df =1839.4 -324.5 ps  S = 400.8 ps  Cin =  2.1 ff  Cout =  33.8 ff  Cmax = 130.0 ff  G = 1527  
ABC: Path  8 --      71 : 2    1 sky130_fd_sc_hd__nand2_2  A =   6.26  Df =1931.0 -296.9 ps  S =  73.1 ps  Cin =  4.4 ff  Cout =   5.0 ff  Cmax = 295.7 ff  G =  107  
ABC: Path  9 --      73 : 5    1 sky130_fd_sc_hd__a221oi_2 A =  15.01  Df =2543.7 -486.4 ps  S = 679.7 ps  Cin =  4.5 ff  Cout =  33.4 ff  Cmax =  96.1 ff  G =  746  
ABC: Start-point = pi0 (\pc_out [0]).  End-point = po13 ($auto$rtlil.cc:2607:MuxGate$700).
ABC: + print_stats -m 
ABC: netlist                       : i/o =   17/   16  lat =    0  nd =    48  edge =    133  area =391.66  delay =10.00  lev = 10
ABC: + write_blif /tmp/yosys-abc-wTw1iW/output.blif 

57.1.2. Re-integrating ABC results.
ABC RESULTS:   sky130_fd_sc_hd__a31oi_2 cells:        1
ABC RESULTS:   sky130_fd_sc_hd__and4_2 cells:        3
ABC RESULTS:   sky130_fd_sc_hd__nor2_2 cells:        4
ABC RESULTS:   sky130_fd_sc_hd__and3_2 cells:        3
ABC RESULTS:   sky130_fd_sc_hd__nor3_2 cells:        4
ABC RESULTS:   sky130_fd_sc_hd__a21oi_2 cells:        9
ABC RESULTS:   sky130_fd_sc_hd__o21a_2 cells:        7
ABC RESULTS:   sky130_fd_sc_hd__inv_2 cells:        1
ABC RESULTS:   sky130_fd_sc_hd__nand2_2 cells:        1
ABC RESULTS:   sky130_fd_sc_hd__and2_2 cells:        1
ABC RESULTS:   sky130_fd_sc_hd__a221oi_2 cells:        1
ABC RESULTS:   sky130_fd_sc_hd__a21o_2 cells:        1
ABC RESULTS:   sky130_fd_sc_hd__and2b_2 cells:        1
ABC RESULTS:   sky130_fd_sc_hd__nand4_2 cells:        1
ABC RESULTS:   sky130_fd_sc_hd__a31o_2 cells:        3
ABC RESULTS:   sky130_fd_sc_hd__and3b_2 cells:        1
ABC RESULTS:   sky130_fd_sc_hd__buf_1 cells:        6
ABC RESULTS:        internal signals:       39
ABC RESULTS:           input signals:       17
ABC RESULTS:          output signals:       16
Removing temp directory.

58. Executing SETUNDEF pass (replace undef values with defined constants).

59. Executing HILOMAP pass (mapping to constant drivers).

60. Executing SPLITNETS pass (splitting up multi-bit signals).

61. Executing OPT_CLEAN pass (remove unused cells and wires).
Finding unused cells or wires in module \cpu_top..
Removed 0 unused cells and 95 unused wires.
<suppressed ~1 debug messages>

62. Executing INSBUF pass (insert buffer cells for connected wires).

63. Executing CHECK pass (checking for obvious problems).
Checking module cpu_top...
Warning: Wire cpu_top.\result [7] is used but has no driver.
Warning: Wire cpu_top.\result [6] is used but has no driver.
Warning: Wire cpu_top.\result [5] is used but has no driver.
Warning: Wire cpu_top.\result [4] is used but has no driver.
Warning: Wire cpu_top.\result [3] is used but has no driver.
Warning: Wire cpu_top.\result [2] is used but has no driver.
Warning: Wire cpu_top.\result [1] is used but has no driver.
Warning: Wire cpu_top.\result [0] is used but has no driver.
Warning: Wire cpu_top.\pc_out [15] is used but has no driver.
Warning: Wire cpu_top.\pc_out [14] is used but has no driver.
Warning: Wire cpu_top.\pc_out [13] is used but has no driver.
Warning: Wire cpu_top.\pc_out [12] is used but has no driver.
Warning: Wire cpu_top.\pc_out [11] is used but has no driver.
Warning: Wire cpu_top.\pc_out [10] is used but has no driver.
Warning: Wire cpu_top.\pc_out [9] is used but has no driver.
Warning: Wire cpu_top.\pc_out [8] is used but has no driver.
Warning: Wire cpu_top.\pc_out [7] is used but has no driver.
Warning: Wire cpu_top.\pc_out [6] is used but has no driver.
Warning: Wire cpu_top.\pc_out [5] is used but has no driver.
Warning: Wire cpu_top.\pc_out [4] is used but has no driver.
Warning: Wire cpu_top.\pc_out [3] is used but has no driver.
Warning: Wire cpu_top.\pc_out [2] is used but has no driver.
Warning: Wire cpu_top.\pc_out [1] is used but has no driver.
Warning: Wire cpu_top.\pc_out [0] is used but has no driver.
Found and reported 24 problems.

64. Printing statistics.

=== cpu_top ===

   Number of wires:                 52
   Number of wire bits:             74
   Number of public wires:           4
   Number of public wire bits:      26
   Number of memories:               0
   Number of memory bits:            0
   Number of processes:              0
   Number of cells:                 72
     sky130_fd_sc_hd__a21o_2         1
     sky130_fd_sc_hd__a21oi_2        9
     sky130_fd_sc_hd__a221oi_2       1
     sky130_fd_sc_hd__a31o_2         3
     sky130_fd_sc_hd__a31oi_2        1
     sky130_fd_sc_hd__and2_2         1
     sky130_fd_sc_hd__and2b_2        1
     sky130_fd_sc_hd__and3_2         3
     sky130_fd_sc_hd__and3b_2        1
     sky130_fd_sc_hd__and4_2         3
     sky130_fd_sc_hd__buf_1          6
     sky130_fd_sc_hd__conb_1         8
     sky130_fd_sc_hd__dfxtp_2       16
     sky130_fd_sc_hd__inv_2          1
     sky130_fd_sc_hd__nand2_2        1
     sky130_fd_sc_hd__nand4_2        1
     sky130_fd_sc_hd__nor2_2         4
     sky130_fd_sc_hd__nor3_2         4
     sky130_fd_sc_hd__o21a_2         7

   Chip area for module '\cpu_top': 761.980800

65. Executing Verilog backend.
Dumping module `\cpu_top'.

Warnings: 27 unique messages, 35 total
End of script. Logfile hash: eb7d2e183d, CPU: user 0.27s system 0.03s, MEM: 28.65 MB peak
Yosys 0.30+48 (git sha1 14d50a176d5, gcc 8.3.1 -fPIC -Os)
Time spent: 42% 2x abc (0 sec), 16% 4x stat (0 sec), ...
