
 /----------------------------------------------------------------------------\
 |                                                                            |
 |  yosys -- Yosys Open SYnthesis Suite                                       |
 |                                                                            |
 |  Copyright (C) 2012 - 2020  Claire Xenia Wolf <claire@yosyshq.com>         |
 |                                                                            |
 |  Permission to use, copy, modify, and/or distribute this software for any  |
 |  purpose with or without fee is hereby granted, provided that the above    |
 |  copyright notice and this permission notice appear in all copies.         |
 |                                                                            |
 |  THE SOFTWARE IS PROVIDED "AS IS" AND THE AUTHOR DISCLAIMS ALL WARRANTIES  |
 |  WITH REGARD TO THIS SOFTWARE INCLUDING ALL IMPLIED WARRANTIES OF          |
 |  MERCHANTABILITY AND FITNESS. IN NO EVENT SHALL THE AUTHOR BE LIABLE FOR   |
 |  ANY SPECIAL, DIRECT, INDIRECT, OR CONSEQUENTIAL DAMAGES OR ANY DAMAGES    |
 |  WHATSOEVER RESULTING FROM LOSS OF USE, DATA OR PROFITS, WHETHER IN AN     |
 |  ACTION OF CONTRACT, NEGLIGENCE OR OTHER TORTIOUS ACTION, ARISING OUT OF   |
 |  OR IN CONNECTION WITH THE USE OR PERFORMANCE OF THIS SOFTWARE.            |
 |                                                                            |
 \----------------------------------------------------------------------------/

 Yosys 0.30+48 (git sha1 14d50a176d5, gcc 8.3.1 -fPIC -Os)

[TCL: yosys -import] Command name collision: found pre-existing command `cd' -> skip.
[TCL: yosys -import] Command name collision: found pre-existing command `eval' -> skip.
[TCL: yosys -import] Command name collision: found pre-existing command `exec' -> skip.
[TCL: yosys -import] Command name collision: found pre-existing command `read' -> skip.
[TCL: yosys -import] Command name collision: found pre-existing command `trace' -> skip.

1. Executing Verilog-2005 frontend: /openlane/designs/part3_regfile/src/register_file.v
Parsing SystemVerilog input from `/openlane/designs/part3_regfile/src/register_file.v' to AST representation.
Generating RTLIL representation for module `\register_file'.
Successfully finished Verilog frontend.

2. Generating Graphviz representation of design.
Writing dot description to `/openlane/designs/part3_regfile/runs/RUN_2026.05.16_09.06.11/tmp/synthesis/hierarchy.dot'.
Dumping module register_file to page 1.

3. Executing HIERARCHY pass (managing design hierarchy).

3.1. Analyzing design hierarchy..
Top module:  \register_file

3.2. Analyzing design hierarchy..
Top module:  \register_file
Removed 0 unused modules.

4. Executing TRIBUF pass.

5. Executing HIERARCHY pass (managing design hierarchy).

5.1. Analyzing design hierarchy..
Top module:  \register_file

5.2. Analyzing design hierarchy..
Top module:  \register_file
Removed 0 unused modules.

6. Executing PROC_CLEAN pass (remove empty switches from decision trees).
Cleaned up 0 empty switches.

7. Executing PROC_RMDEAD pass (remove dead branches from decision trees).
Marked 2 switch rules as full_case in process $proc$/openlane/designs/part3_regfile/src/register_file.v:15$2 in module register_file.
Removed a total of 0 dead cases.

8. Executing PROC_PRUNE pass (remove redundant assignments in processes).
Removed 1 redundant assignment.
Promoted 3 assignments to connections.

9. Executing PROC_INIT pass (extract init attributes).

10. Executing PROC_ARST pass (detect async resets in processes).

11. Executing PROC_ROM pass (convert switches to ROMs).
Converted 0 switches.
<suppressed ~2 debug messages>

12. Executing PROC_MUX pass (convert decision trees to multiplexers).
Creating decoders for process `\register_file.$proc$/openlane/designs/part3_regfile/src/register_file.v:15$2'.
     1/7: $2$memwr$\mem$/openlane/designs/part3_regfile/src/register_file.v:20$1_EN[15:0]$11
     2/7: $2$memwr$\mem$/openlane/designs/part3_regfile/src/register_file.v:20$1_DATA[15:0]$10
     3/7: $2$memwr$\mem$/openlane/designs/part3_regfile/src/register_file.v:20$1_ADDR[15:0]$9
     4/7: $0\data_out[15:0]
     5/7: $1$memwr$\mem$/openlane/designs/part3_regfile/src/register_file.v:20$1_EN[15:0]$8
     6/7: $1$memwr$\mem$/openlane/designs/part3_regfile/src/register_file.v:20$1_DATA[15:0]$7
     7/7: $1$memwr$\mem$/openlane/designs/part3_regfile/src/register_file.v:20$1_ADDR[15:0]$6

13. Executing PROC_DLATCH pass (convert process syncs to latches).

14. Executing PROC_DFF pass (convert process syncs to FFs).
Creating register for signal `\register_file.\data_out' using process `\register_file.$proc$/openlane/designs/part3_regfile/src/register_file.v:15$2'.
  created $dff cell `$procdff$43' with positive edge clock.
Creating register for signal `\register_file.$memwr$\mem$/openlane/designs/part3_regfile/src/register_file.v:20$1_ADDR' using process `\register_file.$proc$/openlane/designs/part3_regfile/src/register_file.v:15$2'.
  created $dff cell `$procdff$44' with positive edge clock.
Creating register for signal `\register_file.$memwr$\mem$/openlane/designs/part3_regfile/src/register_file.v:20$1_DATA' using process `\register_file.$proc$/openlane/designs/part3_regfile/src/register_file.v:15$2'.
  created $dff cell `$procdff$45' with positive edge clock.
Creating register for signal `\register_file.$memwr$\mem$/openlane/designs/part3_regfile/src/register_file.v:20$1_EN' using process `\register_file.$proc$/openlane/designs/part3_regfile/src/register_file.v:15$2'.
  created $dff cell `$procdff$46' with positive edge clock.

15. Executing PROC_MEMWR pass (convert process memory writes to cells).

16. Executing PROC_CLEAN pass (remove empty switches from decision trees).
Found and cleaned up 2 empty switches in `\register_file.$proc$/openlane/designs/part3_regfile/src/register_file.v:15$2'.
Removing empty process `register_file.$proc$/openlane/designs/part3_regfile/src/register_file.v:15$2'.
Cleaned up 2 empty switches.

17. Executing CHECK pass (checking for obvious problems).
Checking module register_file...
Found and reported 0 problems.

18. Executing OPT_EXPR pass (perform const folding).
Optimizing module register_file.

19. Executing FLATTEN pass (flatten design).

20. Executing OPT_EXPR pass (perform const folding).
Optimizing module register_file.

21. Executing OPT_CLEAN pass (remove unused cells and wires).
Finding unused cells or wires in module \register_file..
Removed 3 unused cells and 23 unused wires.
<suppressed ~4 debug messages>

22. Executing OPT pass (performing simple optimizations).

22.1. Executing OPT_EXPR pass (perform const folding).
Optimizing module register_file.

22.2. Executing OPT_MERGE pass (detect identical cells).
Finding identical cells in module `\register_file'.
Removed a total of 0 cells.

22.3. Executing OPT_MUXTREE pass (detect dead branches in mux trees).
Running muxtree optimizer on module \register_file..
  Creating internal representation of mux trees.
  Evaluating internal representation of mux trees.
  Analyzing evaluation results.
    dead port 1/2 on $mux $procmux$17.
    dead port 1/2 on $mux $procmux$23.
    dead port 1/2 on $mux $procmux$29.
Removed 3 multiplexer ports.
<suppressed ~4 debug messages>

22.4. Executing OPT_REDUCE pass (consolidate $*mux and $reduce_* inputs).
  Optimizing cells in module \register_file.
    Consolidated identical input bits for $mux cell $procmux$14:
      Old ports: A=16'0000000000000000, B=16'1111111111111111, Y=$procmux$14_Y
      New ports: A=1'0, B=1'1, Y=$procmux$14_Y [0]
      New connections: $procmux$14_Y [15:1] = { $procmux$14_Y [0] $procmux$14_Y [0] $procmux$14_Y [0] $procmux$14_Y [0] $procmux$14_Y [0] $procmux$14_Y [0] $procmux$14_Y [0] $procmux$14_Y [0] $procmux$14_Y [0] $procmux$14_Y [0] $procmux$14_Y [0] $procmux$14_Y [0] $procmux$14_Y [0] $procmux$14_Y [0] $procmux$14_Y [0] }
  Optimizing cells in module \register_file.
    Consolidated identical input bits for $mux cell $procmux$35:
      Old ports: A=$2$memwr$\mem$/openlane/designs/part3_regfile/src/register_file.v:20$1_EN[15:0]$11, B=16'0000000000000000, Y=$0$memwr$\mem$/openlane/designs/part3_regfile/src/register_file.v:20$1_EN[15:0]$5
      New ports: A=$procmux$14_Y [0], B=1'0, Y=$0$memwr$\mem$/openlane/designs/part3_regfile/src/register_file.v:20$1_EN[15:0]$5 [0]
      New connections: $0$memwr$\mem$/openlane/designs/part3_regfile/src/register_file.v:20$1_EN[15:0]$5 [15:1] = { $0$memwr$\mem$/openlane/designs/part3_regfile/src/register_file.v:20$1_EN[15:0]$5 [0] $0$memwr$\mem$/openlane/designs/part3_regfile/src/register_file.v:20$1_EN[15:0]$5 [0] $0$memwr$\mem$/openlane/designs/part3_regfile/src/register_file.v:20$1_EN[15:0]$5 [0] $0$memwr$\mem$/openlane/designs/part3_regfile/src/register_file.v:20$1_EN[15:0]$5 [0] $0$memwr$\mem$/openlane/designs/part3_regfile/src/register_file.v:20$1_EN[15:0]$5 [0] $0$memwr$\mem$/openlane/designs/part3_regfile/src/register_file.v:20$1_EN[15:0]$5 [0] $0$memwr$\mem$/openlane/designs/part3_regfile/src/register_file.v:20$1_EN[15:0]$5 [0] $0$memwr$\mem$/openlane/designs/part3_regfile/src/register_file.v:20$1_EN[15:0]$5 [0] $0$memwr$\mem$/openlane/designs/part3_regfile/src/register_file.v:20$1_EN[15:0]$5 [0] $0$memwr$\mem$/openlane/designs/part3_regfile/src/register_file.v:20$1_EN[15:0]$5 [0] $0$memwr$\mem$/openlane/designs/part3_regfile/src/register_file.v:20$1_EN[15:0]$5 [0] $0$memwr$\mem$/openlane/designs/part3_regfile/src/register_file.v:20$1_EN[15:0]$5 [0] $0$memwr$\mem$/openlane/designs/part3_regfile/src/register_file.v:20$1_EN[15:0]$5 [0] $0$memwr$\mem$/openlane/designs/part3_regfile/src/register_file.v:20$1_EN[15:0]$5 [0] $0$memwr$\mem$/openlane/designs/part3_regfile/src/register_file.v:20$1_EN[15:0]$5 [0] }
  Optimizing cells in module \register_file.
Performed a total of 2 changes.

22.5. Executing OPT_MERGE pass (detect identical cells).
Finding identical cells in module `\register_file'.
Removed a total of 0 cells.

22.6. Executing OPT_DFF pass (perform DFF optimizations).

22.7. Executing OPT_CLEAN pass (remove unused cells and wires).
Finding unused cells or wires in module \register_file..
Removed 0 unused cells and 3 unused wires.
<suppressed ~1 debug messages>

22.8. Executing OPT_EXPR pass (perform const folding).
Optimizing module register_file.

22.9. Rerunning OPT passes. (Maybe there is more to do..)

22.10. Executing OPT_MUXTREE pass (detect dead branches in mux trees).
Running muxtree optimizer on module \register_file..
  Creating internal representation of mux trees.
  Evaluating internal representation of mux trees.
  Analyzing evaluation results.
Removed 0 multiplexer ports.
<suppressed ~4 debug messages>

22.11. Executing OPT_REDUCE pass (consolidate $*mux and $reduce_* inputs).
  Optimizing cells in module \register_file.
Performed a total of 0 changes.

22.12. Executing OPT_MERGE pass (detect identical cells).
Finding identical cells in module `\register_file'.
Removed a total of 0 cells.

22.13. Executing OPT_DFF pass (perform DFF optimizations).

22.14. Executing OPT_CLEAN pass (remove unused cells and wires).
Finding unused cells or wires in module \register_file..

22.15. Executing OPT_EXPR pass (perform const folding).
Optimizing module register_file.

22.16. Finished OPT passes. (There is nothing left to do.)

23. Executing FSM pass (extract and optimize FSM).

23.1. Executing FSM_DETECT pass (finding FSMs in design).

23.2. Executing FSM_EXTRACT pass (extracting FSM from design).

23.3. Executing FSM_OPT pass (simple optimizations of FSMs).

23.4. Executing OPT_CLEAN pass (remove unused cells and wires).
Finding unused cells or wires in module \register_file..

23.5. Executing FSM_OPT pass (simple optimizations of FSMs).

23.6. Executing FSM_RECODE pass (re-assigning FSM state encoding).

23.7. Executing FSM_INFO pass (dumping all available information on FSM cells).

23.8. Executing FSM_MAP pass (mapping FSMs to basic logic).

24. Executing OPT pass (performing simple optimizations).

24.1. Executing OPT_EXPR pass (perform const folding).
Optimizing module register_file.

24.2. Executing OPT_MERGE pass (detect identical cells).
Finding identical cells in module `\register_file'.
Removed a total of 0 cells.

24.3. Executing OPT_MUXTREE pass (detect dead branches in mux trees).
Running muxtree optimizer on module \register_file..
  Creating internal representation of mux trees.
  Evaluating internal representation of mux trees.
  Analyzing evaluation results.
Removed 0 multiplexer ports.
<suppressed ~4 debug messages>

24.4. Executing OPT_REDUCE pass (consolidate $*mux and $reduce_* inputs).
  Optimizing cells in module \register_file.
Performed a total of 0 changes.

24.5. Executing OPT_MERGE pass (detect identical cells).
Finding identical cells in module `\register_file'.
Removed a total of 0 cells.

24.6. Executing OPT_DFF pass (perform DFF optimizations).
Adding SRST signal on $procdff$43 ($dff) from module register_file (D = $memrd$\mem$/openlane/designs/part3_regfile/src/register_file.v:22$12_DATA, Q = \data_out, rval = 16'0000000000000000).

24.7. Executing OPT_CLEAN pass (remove unused cells and wires).
Finding unused cells or wires in module \register_file..
Removed 1 unused cells and 1 unused wires.
<suppressed ~2 debug messages>

24.8. Executing OPT_EXPR pass (perform const folding).
Optimizing module register_file.

24.9. Rerunning OPT passes. (Maybe there is more to do..)

24.10. Executing OPT_MUXTREE pass (detect dead branches in mux trees).
Running muxtree optimizer on module \register_file..
  Creating internal representation of mux trees.
  Evaluating internal representation of mux trees.
  Analyzing evaluation results.
Removed 0 multiplexer ports.
<suppressed ~3 debug messages>

24.11. Executing OPT_REDUCE pass (consolidate $*mux and $reduce_* inputs).
  Optimizing cells in module \register_file.
Performed a total of 0 changes.

24.12. Executing OPT_MERGE pass (detect identical cells).
Finding identical cells in module `\register_file'.
Removed a total of 0 cells.

24.13. Executing OPT_DFF pass (perform DFF optimizations).

24.14. Executing OPT_CLEAN pass (remove unused cells and wires).
Finding unused cells or wires in module \register_file..

24.15. Executing OPT_EXPR pass (perform const folding).
Optimizing module register_file.

24.16. Finished OPT passes. (There is nothing left to do.)

25. Executing WREDUCE pass (reducing word size of cells).

26. Executing PEEPOPT pass (run peephole optimizers).

27. Executing OPT_CLEAN pass (remove unused cells and wires).
Finding unused cells or wires in module \register_file..

28. Executing ALUMACC pass (create $alu and $macc cells).
Extracting $alu and $macc cells in module register_file:
  created 0 $alu and 0 $macc cells.

29. Executing SHARE pass (SAT-based resource sharing).

30. Executing OPT pass (performing simple optimizations).

30.1. Executing OPT_EXPR pass (perform const folding).
Optimizing module register_file.

30.2. Executing OPT_MERGE pass (detect identical cells).
Finding identical cells in module `\register_file'.
Removed a total of 0 cells.

30.3. Executing OPT_MUXTREE pass (detect dead branches in mux trees).
Running muxtree optimizer on module \register_file..
  Creating internal representation of mux trees.
  Evaluating internal representation of mux trees.
  Analyzing evaluation results.
Removed 0 multiplexer ports.
<suppressed ~3 debug messages>

30.4. Executing OPT_REDUCE pass (consolidate $*mux and $reduce_* inputs).
  Optimizing cells in module \register_file.
Performed a total of 0 changes.

30.5. Executing OPT_MERGE pass (detect identical cells).
Finding identical cells in module `\register_file'.
Removed a total of 0 cells.

30.6. Executing OPT_DFF pass (perform DFF optimizations).

30.7. Executing OPT_CLEAN pass (remove unused cells and wires).
Finding unused cells or wires in module \register_file..

30.8. Executing OPT_EXPR pass (perform const folding).
Optimizing module register_file.

30.9. Finished OPT passes. (There is nothing left to do.)

31. Executing MEMORY pass.

31.1. Executing OPT_MEM pass (optimize memories).
Performed a total of 0 transformations.

31.2. Executing OPT_MEM_PRIORITY pass (removing unnecessary memory write priority relations).
Performed a total of 0 transformations.

31.3. Executing OPT_MEM_FEEDBACK pass (finding memory read-to-write feedback paths).
  Analyzing register_file.mem write port 0.

31.4. Executing MEMORY_BMUX2ROM pass (converting muxes to ROMs).

31.5. Executing MEMORY_DFF pass (merging $dff cells to $memrd).
Checking read port `\mem'[0] in module `\register_file': merging output FF to cell.
    Write port 0: non-transparent.

31.6. Executing OPT_CLEAN pass (remove unused cells and wires).
Finding unused cells or wires in module \register_file..
Removed 1 unused cells and 17 unused wires.
<suppressed ~2 debug messages>

31.7. Executing MEMORY_SHARE pass (consolidating $memrd/$memwr cells).

31.8. Executing OPT_MEM_WIDEN pass (optimize memories where all ports are wide).
Performed a total of 0 transformations.

31.9. Executing OPT_CLEAN pass (remove unused cells and wires).
Finding unused cells or wires in module \register_file..

31.10. Executing MEMORY_COLLECT pass (generating $mem cells).

32. Executing OPT_CLEAN pass (remove unused cells and wires).
Finding unused cells or wires in module \register_file..

33. Executing OPT pass (performing simple optimizations).

33.1. Executing OPT_EXPR pass (perform const folding).
Optimizing module register_file.
<suppressed ~5 debug messages>

33.2. Executing OPT_MERGE pass (detect identical cells).
Finding identical cells in module `\register_file'.
Removed a total of 0 cells.

33.3. Executing OPT_DFF pass (perform DFF optimizations).

33.4. Executing OPT_CLEAN pass (remove unused cells and wires).
Finding unused cells or wires in module \register_file..
Removed 0 unused cells and 5 unused wires.
<suppressed ~1 debug messages>

33.5. Finished fast OPT passes.

34. Executing MEMORY_MAP pass (converting memories to logic and flip-flops).
Mapping memory \mem in module \register_file:
  created 65536 $dff cells and 0 static cells of width 16.
Extracted data FF from read port 0 of register_file.mem: $\mem$rdreg[0]
  read interface: 1 $dff and 65535 $mux cells.
  write interface: 65536 write mux blocks.

35. Executing OPT pass (performing simple optimizations).

35.1. Executing OPT_EXPR pass (perform const folding).
Optimizing module register_file.
<suppressed ~32 debug messages>

35.2. Executing OPT_MERGE pass (detect identical cells).
Finding identical cells in module `\register_file'.
Removed a total of 0 cells.

35.3. Executing OPT_MUXTREE pass (detect dead branches in mux trees).
Running muxtree optimizer on module \register_file..
  Creating internal representation of mux trees.
  Evaluating internal representation of mux trees.
  Giving up (too many iterations)
Removed 0 multiplexer ports.
<suppressed ~65536 debug messages>

35.4. Executing OPT_REDUCE pass (consolidate $*mux and $reduce_* inputs).
  Optimizing cells in module \register_file.
Performed a total of 0 changes.

35.5. Executing OPT_MERGE pass (detect identical cells).
Finding identical cells in module `\register_file'.
Removed a total of 0 cells.

35.6. Executing OPT_SHARE pass.

35.7. Executing OPT_DFF pass (perform DFF optimizations).

35.8. Executing OPT_CLEAN pass (remove unused cells and wires).
