
===========================================================================
 report_power
============================================================================
======================= Fastest Corner ===================================

Group                  Internal  Switching    Leakage      Total
                          Power      Power      Power      Power (Watts)
----------------------------------------------------------------
Sequential             1.25e-03   3.20e-04   4.51e-09   1.57e-03  29.5%
Combinational          1.78e-03   1.98e-03   2.41e-08   3.76e-03  70.5%
Macro                  0.00e+00   0.00e+00   0.00e+00   0.00e+00   0.0%
Pad                    0.00e+00   0.00e+00   0.00e+00   0.00e+00   0.0%
----------------------------------------------------------------
Total                  3.03e-03   2.30e-03   2.86e-08   5.33e-03 100.0%
                          56.8%      43.2%       0.0%

======================= Slowest Corner ===================================

Group                  Internal  Switching    Leakage      Total
                          Power      Power      Power      Power (Watts)
----------------------------------------------------------------
Sequential             8.39e-04   2.15e-04   3.94e-06   1.06e-03  29.5%
Combinational          1.21e-03   1.32e-03   4.96e-06   2.53e-03  70.5%
Macro                  0.00e+00   0.00e+00   0.00e+00   0.00e+00   0.0%
Pad                    0.00e+00   0.00e+00   0.00e+00   0.00e+00   0.0%
----------------------------------------------------------------
Total                  2.05e-03   1.53e-03   8.90e-06   3.59e-03 100.0%
                          57.1%      42.7%       0.2%

======================= Typical Corner ===================================

Group                  Internal  Switching    Leakage      Total
                          Power      Power      Power      Power (Watts)
----------------------------------------------------------------
Sequential             1.08e-03   2.73e-04   2.16e-09   1.35e-03  29.7%
Combinational          1.51e-03   1.68e-03   1.65e-08   3.19e-03  70.3%
Macro                  0.00e+00   0.00e+00   0.00e+00   0.00e+00   0.0%
Pad                    0.00e+00   0.00e+00   0.00e+00   0.00e+00   0.0%
----------------------------------------------------------------
Total                  2.58e-03   1.95e-03   1.87e-08   4.54e-03 100.0%
                          56.9%      43.1%       0.0%

