
===========================================================================
 report_power
============================================================================
======================= Fastest Corner ===================================

Group                  Internal  Switching    Leakage      Total
                          Power      Power      Power      Power (Watts)
----------------------------------------------------------------
Sequential             8.14e-05   7.89e-05   2.82e-10   1.60e-04  42.3%
Combinational          7.29e-05   1.46e-04   1.25e-08   2.19e-04  57.7%
Macro                  0.00e+00   0.00e+00   0.00e+00   0.00e+00   0.0%
Pad                    0.00e+00   0.00e+00   0.00e+00   0.00e+00   0.0%
----------------------------------------------------------------
Total                  1.54e-04   2.25e-04   1.28e-08   3.79e-04 100.0%
                          40.7%      59.3%       0.0%

======================= Slowest Corner ===================================

Group                  Internal  Switching    Leakage      Total
                          Power      Power      Power      Power (Watts)
----------------------------------------------------------------
Sequential             5.46e-05   5.30e-05   2.46e-07   1.08e-04  42.0%
Combinational          5.15e-05   9.71e-05   2.63e-07   1.49e-04  58.0%
Macro                  0.00e+00   0.00e+00   0.00e+00   0.00e+00   0.0%
Pad                    0.00e+00   0.00e+00   0.00e+00   0.00e+00   0.0%
----------------------------------------------------------------
Total                  1.06e-04   1.50e-04   5.09e-07   2.57e-04 100.0%
                          41.3%      58.5%       0.2%

======================= Typical Corner ===================================

Group                  Internal  Switching    Leakage      Total
                          Power      Power      Power      Power (Watts)
----------------------------------------------------------------
Sequential             7.04e-05   6.71e-05   1.35e-10   1.38e-04  42.3%
Combinational          6.35e-05   1.24e-04   1.21e-08   1.87e-04  57.7%
Macro                  0.00e+00   0.00e+00   0.00e+00   0.00e+00   0.0%
Pad                    0.00e+00   0.00e+00   0.00e+00   0.00e+00   0.0%
----------------------------------------------------------------
Total                  1.34e-04   1.91e-04   1.22e-08   3.25e-04 100.0%
                          41.2%      58.8%       0.0%

