
===========================================================================
report_checks -unconstrained
===========================================================================
======================= Fastest Corner ===================================

Startpoint: B[0] (input port clocked by __VIRTUAL_CLK__)
Endpoint: Y[0] (output port clocked by __VIRTUAL_CLK__)
Path Group: __VIRTUAL_CLK__
Path Type: max
Corner: Fastest

Fanout     Cap    Slew   Delay    Time   Description
-----------------------------------------------------------------------------
                  0.00    0.00    0.00   clock __VIRTUAL_CLK__ (rise edge)
                          0.00    0.00   clock network delay (ideal)
                          2.00    2.00 ^ input external delay
                  0.02    0.02    2.02 ^ B[0] (in)
     1    0.01                           B[0] (net)
                  0.02    0.00    2.02 ^ input9/A (sky130_fd_sc_hd__buf_6)
                  0.20    0.19    2.20 ^ input9/X (sky130_fd_sc_hd__buf_6)
     3    0.13                           net9 (net)
                  0.20    0.01    2.21 ^ _0664_/B_N (sky130_fd_sc_hd__or2b_4)
                  0.12    0.27    2.48 v _0664_/X (sky130_fd_sc_hd__or2b_4)
     2    0.11                           _0374_ (net)
                  0.12    0.01    2.49 v _0665_/A2 (sky130_fd_sc_hd__a21oi_4)
                  0.35    0.34    2.84 ^ _0665_/Y (sky130_fd_sc_hd__a21oi_4)
     3    0.07                           _0385_ (net)
                  0.35    0.00    2.84 ^ _0667_/A2 (sky130_fd_sc_hd__o31a_4)
                  0.28    0.30    3.14 ^ _0667_/X (sky130_fd_sc_hd__o31a_4)
     4    0.13                           _0406_ (net)
                  0.28    0.01    3.15 ^ _0668_/B (sky130_fd_sc_hd__or2_4)
                  0.27    0.28    3.43 ^ _0668_/X (sky130_fd_sc_hd__or2_4)
     4    0.12                           _0417_ (net)
                  0.27    0.02    3.45 ^ _0676_/A2 (sky130_fd_sc_hd__a31o_4)
                  0.22    0.26    3.71 ^ _0676_/X (sky130_fd_sc_hd__a31o_4)
     5    0.09                           _0503_ (net)
                  0.22    0.01    3.72 ^ _0687_/D_N (sky130_fd_sc_hd__or4b_4)
                  0.15    0.42    4.14 v _0687_/X (sky130_fd_sc_hd__or4b_4)
     3    0.10                           _0619_ (net)
                  0.15    0.00    4.14 v _0690_/A3 (sky130_fd_sc_hd__a32o_4)
                  0.11    0.30    4.44 v _0690_/X (sky130_fd_sc_hd__a32o_4)
     3    0.09                           _0626_ (net)
                  0.11    0.01    4.45 v _0692_/A3 (sky130_fd_sc_hd__a31o_2)
                  0.06    0.23    4.68 v _0692_/X (sky130_fd_sc_hd__a31o_2)
     1    0.03                           _0628_ (net)
                  0.06    0.00    4.68 v _0693_/A2 (sky130_fd_sc_hd__a211oi_4)
                  0.25    0.28    4.96 ^ _0693_/Y (sky130_fd_sc_hd__a211oi_4)
     3    0.03                           _0629_ (net)
                  0.25    0.00    4.96 ^ max_cap52/A (sky130_fd_sc_hd__clkbuf_2)
                  0.15    0.19    5.16 ^ max_cap52/X (sky130_fd_sc_hd__clkbuf_2)
     2    0.04                           net52 (net)
                  0.15    0.00    5.16 ^ max_cap50/A (sky130_fd_sc_hd__clkbuf_2)
                  0.09    0.14    5.30 ^ max_cap50/X (sky130_fd_sc_hd__clkbuf_2)
     1    0.02                           net50 (net)
                  0.09    0.00    5.30 ^ _0716_/A (sky130_fd_sc_hd__nand2_8)
                  0.09    0.09    5.39 v _0716_/Y (sky130_fd_sc_hd__nand2_8)
     3    0.08                           _0652_ (net)
                  0.09    0.00    5.39 v _0717_/S (sky130_fd_sc_hd__mux2_8)
                  0.10    0.31    5.70 v _0717_/X (sky130_fd_sc_hd__mux2_8)
     4    0.12                           _0653_ (net)
                  0.11    0.01    5.71 v _0720_/A2 (sky130_fd_sc_hd__a22oi_4)
                  0.30    0.30    6.02 ^ _0720_/Y (sky130_fd_sc_hd__a22oi_4)
     2    0.07                           _0002_ (net)
                  0.30    0.00    6.02 ^ _0730_/A2 (sky130_fd_sc_hd__o31ai_1)
                  0.08    0.09    6.11 v _0730_/Y (sky130_fd_sc_hd__o31ai_1)
     1    0.01                           _0012_ (net)
                  0.08    0.00    6.11 v wire44/A (sky130_fd_sc_hd__buf_2)
                  0.08    0.16    6.26 v wire44/X (sky130_fd_sc_hd__buf_2)
     2    0.04                           net44 (net)
                  0.08    0.00    6.27 v _0732_/A2 (sky130_fd_sc_hd__a21oi_4)
                  0.42    0.38    6.64 ^ _0732_/Y (sky130_fd_sc_hd__a21oi_4)
     5    0.08                           _0014_ (net)
                  0.42    0.01    6.65 ^ _0733_/S (sky130_fd_sc_hd__mux2_4)
                  0.11    0.27    6.92 v _0733_/X (sky130_fd_sc_hd__mux2_4)
     3    0.08                           _0015_ (net)
                  0.11    0.00    6.92 v _0746_/B (sky130_fd_sc_hd__xnor2_1)
                  0.10    0.14    7.06 ^ _0746_/Y (sky130_fd_sc_hd__xnor2_1)
     1    0.00                           _0028_ (net)
                  0.10    0.00    7.06 ^ wire40/A (sky130_fd_sc_hd__buf_4)
                  0.18    0.20    7.26 ^ wire40/X (sky130_fd_sc_hd__buf_4)
     3    0.09                           net40 (net)
                  0.18    0.00    7.26 ^ _0763_/A1 (sky130_fd_sc_hd__a21o_4)
                  0.12    0.16    7.43 ^ _0763_/X (sky130_fd_sc_hd__a21o_4)
     2    0.06                           _0045_ (net)
                  0.12    0.01    7.43 ^ _0765_/A2 (sky130_fd_sc_hd__a21o_4)
                  0.28    0.27    7.71 ^ _0765_/X (sky130_fd_sc_hd__a21o_4)
     4    0.13                           _0047_ (net)
                  0.28    0.01    7.72 ^ _0776_/A1 (sky130_fd_sc_hd__a32oi_4)
                  0.16    0.17    7.89 v _0776_/Y (sky130_fd_sc_hd__a32oi_4)
     4    0.05                           _0058_ (net)
                  0.16    0.00    7.89 v _0780_/A2 (sky130_fd_sc_hd__a21oi_4)
                  0.25    0.28    8.17 ^ _0780_/Y (sky130_fd_sc_hd__a21oi_4)
     2    0.04                           _0062_ (net)
                  0.25    0.00    8.17 ^ max_cap38/A (sky130_fd_sc_hd__buf_4)
                  0.16    0.20    8.37 ^ max_cap38/X (sky130_fd_sc_hd__buf_4)
     4    0.07                           net38 (net)
                  0.16    0.01    8.37 ^ max_cap37/A (sky130_fd_sc_hd__buf_4)
                  0.16    0.20    8.57 ^ max_cap37/X (sky130_fd_sc_hd__buf_4)
     5    0.08                           net37 (net)
                  0.16    0.01    8.58 ^ _0794_/S (sky130_fd_sc_hd__mux2_4)
                  0.10    0.26    8.84 v _0794_/X (sky130_fd_sc_hd__mux2_4)
     3    0.05                           _0076_ (net)
                  0.10    0.01    8.84 v _0807_/B (sky130_fd_sc_hd__nor2_4)
                  0.32    0.29    9.13 ^ _0807_/Y (sky130_fd_sc_hd__nor2_4)
     2    0.07                           _0089_ (net)
                  0.32    0.01    9.14 ^ _0808_/B1 (sky130_fd_sc_hd__a21o_4)
                  0.19    0.18    9.31 ^ _0808_/X (sky130_fd_sc_hd__a21o_4)
     4    0.09                           _0090_ (net)
                  0.19    0.02    9.33 ^ _0835_/A1 (sky130_fd_sc_hd__a41o_4)
                  0.16    0.26    9.59 ^ _0835_/X (sky130_fd_sc_hd__a41o_4)
     3    0.07                           _0117_ (net)
                  0.16    0.00    9.59 ^ _0836_/B (sky130_fd_sc_hd__and2_2)
                  0.24    0.27    9.86 ^ _0836_/X (sky130_fd_sc_hd__and2_2)
     1    0.06                           _0118_ (net)
                  0.24    0.01    9.87 ^ _0837_/A (sky130_fd_sc_hd__buf_6)
                  0.20    0.21   10.08 ^ _0837_/X (sky130_fd_sc_hd__buf_6)
     8    0.13                           _0119_ (net)
                  0.21    0.03   10.10 ^ _0850_/S (sky130_fd_sc_hd__mux2_2)
                  0.10    0.29   10.39 v _0850_/X (sky130_fd_sc_hd__mux2_2)
     2    0.04                           _0132_ (net)
                  0.10    0.00   10.40 v _0861_/A2 (sky130_fd_sc_hd__a221o_1)
                  0.08    0.26   10.66 v _0861_/X (sky130_fd_sc_hd__a221o_1)
     1    0.02                           _0143_ (net)
                  0.08    0.00   10.66 v _0863_/A2 (sky130_fd_sc_hd__a21o_1)
                  0.03    0.14   10.80 v _0863_/X (sky130_fd_sc_hd__a21o_1)
     1    0.00                           _0145_ (net)
                  0.03    0.00   10.80 v _0871_/A2 (sky130_fd_sc_hd__a21o_1)
                  0.07    0.16   10.97 v _0871_/X (sky130_fd_sc_hd__a21o_1)
     1    0.02                           _0153_ (net)
                  0.07    0.00   10.97 v _0881_/A1 (sky130_fd_sc_hd__a21oi_4)
                  0.29    0.27   11.24 ^ _0881_/Y (sky130_fd_sc_hd__a21oi_4)
     2    0.05                           _0163_ (net)
                  0.29    0.00   11.24 ^ _0895_/A (sky130_fd_sc_hd__or4_2)
                  0.14    0.21   11.45 ^ _0895_/X (sky130_fd_sc_hd__or4_2)
     1    0.04                           _0177_ (net)
                  0.14    0.00   11.46 ^ _0896_/A (sky130_fd_sc_hd__clkbuf_2)
                  0.13    0.17   11.62 ^ _0896_/X (sky130_fd_sc_hd__clkbuf_2)
     2    0.03                           net20 (net)
                  0.13    0.00   11.63 ^ output20/A (sky130_fd_sc_hd__buf_2)
                  0.13    0.17   11.79 ^ output20/X (sky130_fd_sc_hd__buf_2)
     1    0.03                           Y[0] (net)
                  0.13    0.00   11.79 ^ Y[0] (out)
                                 11.79   data arrival time

                  0.00   10.00   10.00   clock __VIRTUAL_CLK__ (rise edge)
                          0.00   10.00   clock network delay (ideal)
                         -0.25    9.75   clock uncertainty
                          0.00    9.75   clock reconvergence pessimism
                         -2.00    7.75   output external delay
                                  7.75   data required time
-----------------------------------------------------------------------------
                                  7.75   data required time
                                -11.79   data arrival time
-----------------------------------------------------------------------------
                                 -4.04   slack (VIOLATED)



======================= Slowest Corner ===================================

Startpoint: B[0] (input port clocked by __VIRTUAL_CLK__)
Endpoint: Y[0] (output port clocked by __VIRTUAL_CLK__)
Path Group: __VIRTUAL_CLK__
Path Type: max
Corner: Slowest

Fanout     Cap    Slew   Delay    Time   Description
-----------------------------------------------------------------------------
                  0.00    0.00    0.00   clock __VIRTUAL_CLK__ (rise edge)
                          0.00    0.00   clock network delay (ideal)
                          2.00    2.00 ^ input external delay
                  0.05    0.03    2.03 ^ B[0] (in)
     1    0.01                           B[0] (net)
                  0.05    0.00    2.03 ^ input9/A (sky130_fd_sc_hd__buf_6)
                  0.41    0.44    2.47 ^ input9/X (sky130_fd_sc_hd__buf_6)
     3    0.13                           net9 (net)
                  0.41    0.01    2.48 ^ _0664_/B_N (sky130_fd_sc_hd__or2b_4)
                  0.28    0.90    3.38 v _0664_/X (sky130_fd_sc_hd__or2b_4)
     2    0.11                           _0374_ (net)
                  0.29    0.01    3.39 v _0665_/A2 (sky130_fd_sc_hd__a21oi_4)
                  0.74    0.80    4.20 ^ _0665_/Y (sky130_fd_sc_hd__a21oi_4)
     3    0.07                           _0385_ (net)
                  0.74    0.00    4.20 ^ _0667_/A2 (sky130_fd_sc_hd__o31a_4)
                  0.58    0.92    5.12 ^ _0667_/X (sky130_fd_sc_hd__o31a_4)
     4    0.13                           _0406_ (net)
                  0.58    0.01    5.13 ^ _0668_/B (sky130_fd_sc_hd__or2_4)
                  0.56    0.82    5.95 ^ _0668_/X (sky130_fd_sc_hd__or2_4)
     4    0.12                           _0417_ (net)
                  0.56    0.02    5.97 ^ _0676_/A2 (sky130_fd_sc_hd__a31o_4)
                  0.44    0.81    6.78 ^ _0676_/X (sky130_fd_sc_hd__a31o_4)
     5    0.09                           _0503_ (net)
                  0.44    0.01    6.79 ^ _0687_/D_N (sky130_fd_sc_hd__or4b_4)
                  0.38    1.47    8.26 v _0687_/X (sky130_fd_sc_hd__or4b_4)
     3    0.10                           _0619_ (net)
                  0.38    0.00    8.26 v _0690_/A3 (sky130_fd_sc_hd__a32o_4)
                  0.26    0.93    9.19 v _0690_/X (sky130_fd_sc_hd__a32o_4)
     3    0.09                           _0626_ (net)
                  0.26    0.01    9.20 v _0692_/A3 (sky130_fd_sc_hd__a31o_2)
                  0.16    0.67    9.86 v _0692_/X (sky130_fd_sc_hd__a31o_2)
     1    0.03                           _0628_ (net)
                  0.16    0.00    9.87 v _0693_/A2 (sky130_fd_sc_hd__a211oi_4)
                  0.55    0.69   10.55 ^ _0693_/Y (sky130_fd_sc_hd__a211oi_4)
     3    0.02                           _0629_ (net)
                  0.55    0.00   10.56 ^ max_cap52/A (sky130_fd_sc_hd__clkbuf_2)
                  0.31    0.59   11.14 ^ max_cap52/X (sky130_fd_sc_hd__clkbuf_2)
     2    0.04                           net52 (net)
                  0.31    0.00   11.14 ^ max_cap50/A (sky130_fd_sc_hd__clkbuf_2)
                  0.19    0.40   11.54 ^ max_cap50/X (sky130_fd_sc_hd__clkbuf_2)
     1    0.02                           net50 (net)
                  0.19    0.00   11.54 ^ _0716_/A (sky130_fd_sc_hd__nand2_8)
                  0.22    0.26   11.81 v _0716_/Y (sky130_fd_sc_hd__nand2_8)
     3    0.08                           _0652_ (net)
                  0.22    0.00   11.81 v _0717_/S (sky130_fd_sc_hd__mux2_8)
                  0.24    0.90   12.71 v _0717_/X (sky130_fd_sc_hd__mux2_8)
     4    0.12                           _0653_ (net)
                  0.24    0.01   12.72 v _0720_/A2 (sky130_fd_sc_hd__a22oi_4)
                  0.82    0.89   13.62 ^ _0720_/Y (sky130_fd_sc_hd__a22oi_4)
     2    0.07                           _0002_ (net)
                  0.82    0.00   13.62 ^ _0730_/A2 (sky130_fd_sc_hd__o31ai_1)
                  0.21    0.46   14.08 v _0730_/Y (sky130_fd_sc_hd__o31ai_1)
     1    0.01                           _0012_ (net)
                  0.21    0.00   14.08 v wire44/A (sky130_fd_sc_hd__buf_2)
                  0.20    0.46   14.55 v wire44/X (sky130_fd_sc_hd__buf_2)
     2    0.04                           net44 (net)
                  0.20    0.00   14.55 v _0732_/A2 (sky130_fd_sc_hd__a21oi_4)
                  0.89    0.88   15.43 ^ _0732_/Y (sky130_fd_sc_hd__a21oi_4)
     5    0.08                           _0014_ (net)
                  0.89    0.01   15.44 ^ _0733_/S (sky130_fd_sc_hd__mux2_4)
                  0.25    1.01   16.45 v _0733_/X (sky130_fd_sc_hd__mux2_4)
     3    0.08                           _0015_ (net)
                  0.25    0.00   16.45 v _0746_/B (sky130_fd_sc_hd__xnor2_1)
                  0.24    0.34   16.79 ^ _0746_/Y (sky130_fd_sc_hd__xnor2_1)
     1    0.00                           _0028_ (net)
                  0.24    0.00   16.79 ^ wire40/A (sky130_fd_sc_hd__buf_4)
                  0.38    0.54   17.33 ^ wire40/X (sky130_fd_sc_hd__buf_4)
     3    0.09                           net40 (net)
                  0.38    0.00   17.33 ^ _0763_/A1 (sky130_fd_sc_hd__a21o_4)
                  0.26    0.52   17.85 ^ _0763_/X (sky130_fd_sc_hd__a21o_4)
     2    0.06                           _0045_ (net)
                  0.26    0.01   17.86 ^ _0765_/A2 (sky130_fd_sc_hd__a21o_4)
                  0.58    0.72   18.58 ^ _0765_/X (sky130_fd_sc_hd__a21o_4)
     4    0.13                           _0047_ (net)
                  0.58    0.01   18.59 ^ _0776_/A1 (sky130_fd_sc_hd__a32oi_4)
                  0.41    0.61   19.20 v _0776_/Y (sky130_fd_sc_hd__a32oi_4)
     4    0.05                           _0058_ (net)
                  0.41    0.00   19.20 v _0780_/A2 (sky130_fd_sc_hd__a21oi_4)
                  0.52    0.68   19.88 ^ _0780_/Y (sky130_fd_sc_hd__a21oi_4)
     2    0.04                           _0062_ (net)
                  0.52    0.00   19.88 ^ max_cap38/A (sky130_fd_sc_hd__buf_4)
                  0.33    0.61   20.50 ^ max_cap38/X (sky130_fd_sc_hd__buf_4)
     4    0.07                           net38 (net)
                  0.33    0.01   20.50 ^ max_cap37/A (sky130_fd_sc_hd__buf_4)
                  0.35    0.55   21.05 ^ max_cap37/X (sky130_fd_sc_hd__buf_4)
     5    0.08                           net37 (net)
                  0.35    0.01   21.06 ^ _0794_/S (sky130_fd_sc_hd__mux2_4)
                  0.20    0.83   21.89 v _0794_/X (sky130_fd_sc_hd__mux2_4)
     3    0.05                           _0076_ (net)
                  0.20    0.01   21.90 v _0807_/B (sky130_fd_sc_hd__nor2_4)
                  0.72    0.67   22.57 ^ _0807_/Y (sky130_fd_sc_hd__nor2_4)
     2    0.07                           _0089_ (net)
                  0.72    0.01   22.57 ^ _0808_/B1 (sky130_fd_sc_hd__a21o_4)
                  0.40    0.64   23.21 ^ _0808_/X (sky130_fd_sc_hd__a21o_4)
     4    0.09                           _0090_ (net)
                  0.40    0.02   23.23 ^ _0835_/A1 (sky130_fd_sc_hd__a41o_4)
                  0.36    0.80   24.03 ^ _0835_/X (sky130_fd_sc_hd__a41o_4)
     3    0.07                           _0117_ (net)
                  0.36    0.00   24.03 ^ _0836_/B (sky130_fd_sc_hd__and2_2)
                  0.51    0.75   24.79 ^ _0836_/X (sky130_fd_sc_hd__and2_2)
     1    0.06                           _0118_ (net)
                  0.51    0.01   24.79 ^ _0837_/A (sky130_fd_sc_hd__buf_6)
                  0.42    0.63   25.42 ^ _0837_/X (sky130_fd_sc_hd__buf_6)
     8    0.13                           _0119_ (net)
                  0.42    0.02   25.44 ^ _0845_/S (sky130_fd_sc_hd__mux2_4)
                  0.36    0.72   26.16 ^ _0845_/X (sky130_fd_sc_hd__mux2_4)
     3    0.08                           _0127_ (net)
                  0.36    0.01   26.17 ^ _0862_/B1 (sky130_fd_sc_hd__a22o_2)
                  0.41    0.68   26.85 ^ _0862_/X (sky130_fd_sc_hd__a22o_2)
     1    0.05                           _0144_ (net)
                  0.41    0.01   26.86 ^ _0863_/B1 (sky130_fd_sc_hd__a21o_1)
                  0.09    0.29   27.14 ^ _0863_/X (sky130_fd_sc_hd__a21o_1)
     1    0.00                           _0145_ (net)
                  0.09    0.00   27.14 ^ _0871_/A2 (sky130_fd_sc_hd__a21o_1)
                  0.28    0.40   27.55 ^ _0871_/X (sky130_fd_sc_hd__a21o_1)
     1    0.02                           _0153_ (net)
                  0.28    0.00   27.55 ^ _0881_/A1 (sky130_fd_sc_hd__a21oi_4)
                  0.25    0.33   27.88 v _0881_/Y (sky130_fd_sc_hd__a21oi_4)
     2    0.05                           _0163_ (net)
                  0.25    0.00   27.88 v _0895_/A (sky130_fd_sc_hd__or4_2)
                  0.41    2.04   29.92 v _0895_/X (sky130_fd_sc_hd__or4_2)
     1    0.04                           _0177_ (net)
                  0.41    0.00   29.92 v _0896_/A (sky130_fd_sc_hd__clkbuf_2)
                  0.22    0.49   30.41 v _0896_/X (sky130_fd_sc_hd__clkbuf_2)
     2    0.03                           net20 (net)
                  0.22    0.00   30.41 v output20/A (sky130_fd_sc_hd__buf_2)
                  0.16    0.44   30.85 v output20/X (sky130_fd_sc_hd__buf_2)
     1    0.03                           Y[0] (net)
                  0.16    0.00   30.85 v Y[0] (out)
                                 30.85   data arrival time

                  0.00   10.00   10.00   clock __VIRTUAL_CLK__ (rise edge)
                          0.00   10.00   clock network delay (ideal)
                         -0.25    9.75   clock uncertainty
                          0.00    9.75   clock reconvergence pessimism
                         -2.00    7.75   output external delay
                                  7.75   data required time
-----------------------------------------------------------------------------
                                  7.75   data required time
                                -30.85   data arrival time
-----------------------------------------------------------------------------
                                -23.10   slack (VIOLATED)



======================= Typical Corner ===================================

Startpoint: B[0] (input port clocked by __VIRTUAL_CLK__)
Endpoint: Y[0] (output port clocked by __VIRTUAL_CLK__)
Path Group: __VIRTUAL_CLK__
Path Type: max
Corner: Typical

Fanout     Cap    Slew   Delay    Time   Description
-----------------------------------------------------------------------------
                  0.00    0.00    0.00   clock __VIRTUAL_CLK__ (rise edge)
                          0.00    0.00   clock network delay (ideal)
                          2.00    2.00 ^ input external delay
                  0.03    0.02    2.02 ^ B[0] (in)
     1    0.01                           B[0] (net)
                  0.03    0.00    2.02 ^ input9/A (sky130_fd_sc_hd__buf_6)
                  0.26    0.26    2.28 ^ input9/X (sky130_fd_sc_hd__buf_6)
     3    0.13                           net9 (net)
                  0.26    0.01    2.29 ^ _0664_/B_N (sky130_fd_sc_hd__or2b_4)
                  0.16    0.45    2.74 v _0664_/X (sky130_fd_sc_hd__or2b_4)
     2    0.11                           _0374_ (net)
                  0.17    0.01    2.75 v _0665_/A2 (sky130_fd_sc_hd__a21oi_4)
                  0.47    0.48    3.24 ^ _0665_/Y (sky130_fd_sc_hd__a21oi_4)
     3    0.07                           _0385_ (net)
                  0.47    0.00    3.24 ^ _0667_/A2 (sky130_fd_sc_hd__o31a_4)
                  0.37    0.47    3.72 ^ _0667_/X (sky130_fd_sc_hd__o31a_4)
     4    0.13                           _0406_ (net)
                  0.37    0.01    3.72 ^ _0668_/B (sky130_fd_sc_hd__or2_4)
                  0.35    0.43    4.16 ^ _0668_/X (sky130_fd_sc_hd__or2_4)
     4    0.12                           _0417_ (net)
                  0.36    0.02    4.18 ^ _0676_/A2 (sky130_fd_sc_hd__a31o_4)
                  0.28    0.41    4.59 ^ _0676_/X (sky130_fd_sc_hd__a31o_4)
     5    0.09                           _0503_ (net)
                  0.28    0.01    4.60 ^ _0687_/D_N (sky130_fd_sc_hd__or4b_4)
                  0.21    0.72    5.32 v _0687_/X (sky130_fd_sc_hd__or4b_4)
     3    0.10                           _0619_ (net)
                  0.21    0.00    5.32 v _0690_/A3 (sky130_fd_sc_hd__a32o_4)
                  0.15    0.52    5.84 v _0690_/X (sky130_fd_sc_hd__a32o_4)
     3    0.09                           _0626_ (net)
                  0.15    0.01    5.85 v _0692_/A3 (sky130_fd_sc_hd__a31o_2)
                  0.09    0.36    6.21 v _0692_/X (sky130_fd_sc_hd__a31o_2)
     1    0.03                           _0628_ (net)
                  0.09    0.00    6.21 v _0693_/A2 (sky130_fd_sc_hd__a211oi_4)
                  0.34    0.41    6.62 ^ _0693_/Y (sky130_fd_sc_hd__a211oi_4)
     3    0.02                           _0629_ (net)
                  0.34    0.00    6.62 ^ max_cap52/A (sky130_fd_sc_hd__clkbuf_2)
                  0.20    0.31    6.92 ^ max_cap52/X (sky130_fd_sc_hd__clkbuf_2)
     2    0.04                           net52 (net)
                  0.20    0.00    6.92 ^ max_cap50/A (sky130_fd_sc_hd__clkbuf_2)
                  0.12    0.22    7.14 ^ max_cap50/X (sky130_fd_sc_hd__clkbuf_2)
     1    0.02                           net50 (net)
                  0.12    0.00    7.14 ^ _0716_/A (sky130_fd_sc_hd__nand2_8)
                  0.12    0.14    7.28 v _0716_/Y (sky130_fd_sc_hd__nand2_8)
     3    0.08                           _0652_ (net)
                  0.12    0.00    7.28 v _0717_/S (sky130_fd_sc_hd__mux2_8)
                  0.13    0.47    7.76 v _0717_/X (sky130_fd_sc_hd__mux2_8)
     4    0.12                           _0653_ (net)
                  0.13    0.01    7.77 v _0720_/A2 (sky130_fd_sc_hd__a22oi_4)
                  0.52    0.54    8.31 ^ _0720_/Y (sky130_fd_sc_hd__a22oi_4)
     2    0.07                           _0002_ (net)
                  0.52    0.00    8.31 ^ _0730_/A2 (sky130_fd_sc_hd__o31ai_1)
                  0.12    0.19    8.51 v _0730_/Y (sky130_fd_sc_hd__o31ai_1)
     1    0.01                           _0012_ (net)
                  0.12    0.00    8.51 v wire44/A (sky130_fd_sc_hd__buf_2)
                  0.11    0.24    8.75 v wire44/X (sky130_fd_sc_hd__buf_2)
     2    0.04                           net44 (net)
                  0.11    0.00    8.75 v _0732_/A2 (sky130_fd_sc_hd__a21oi_4)
                  0.56    0.53    9.28 ^ _0732_/Y (sky130_fd_sc_hd__a21oi_4)
     5    0.08                           _0014_ (net)
                  0.56    0.01    9.29 ^ _0733_/S (sky130_fd_sc_hd__mux2_4)
                  0.14    0.48    9.77 v _0733_/X (sky130_fd_sc_hd__mux2_4)
     3    0.08                           _0015_ (net)
                  0.14    0.00    9.77 v _0746_/B (sky130_fd_sc_hd__xnor2_1)
                  0.14    0.20    9.97 ^ _0746_/Y (sky130_fd_sc_hd__xnor2_1)
     1    0.00                           _0028_ (net)
                  0.14    0.00    9.97 ^ wire40/A (sky130_fd_sc_hd__buf_4)
                  0.24    0.29   10.26 ^ wire40/X (sky130_fd_sc_hd__buf_4)
     3    0.09                           net40 (net)
                  0.24    0.00   10.27 ^ _0763_/A1 (sky130_fd_sc_hd__a21o_4)
                  0.16    0.27   10.53 ^ _0763_/X (sky130_fd_sc_hd__a21o_4)
     2    0.06                           _0045_ (net)
                  0.16    0.01   10.54 ^ _0765_/A2 (sky130_fd_sc_hd__a21o_4)
                  0.36    0.40   10.94 ^ _0765_/X (sky130_fd_sc_hd__a21o_4)
     4    0.13                           _0047_ (net)
                  0.36    0.01   10.95 ^ _0776_/A1 (sky130_fd_sc_hd__a32oi_4)
                  0.22    0.29   11.24 v _0776_/Y (sky130_fd_sc_hd__a32oi_4)
     4    0.05                           _0058_ (net)
                  0.22    0.00   11.24 v _0780_/A2 (sky130_fd_sc_hd__a21oi_4)
                  0.33    0.40   11.64 ^ _0780_/Y (sky130_fd_sc_hd__a21oi_4)
     2    0.04                           _0062_ (net)
                  0.33    0.00   11.64 ^ max_cap38/A (sky130_fd_sc_hd__buf_4)
                  0.21    0.32   11.96 ^ max_cap38/X (sky130_fd_sc_hd__buf_4)
     4    0.07                           net38 (net)
                  0.21    0.01   11.97 ^ max_cap37/A (sky130_fd_sc_hd__buf_4)
                  0.22    0.30   12.27 ^ max_cap37/X (sky130_fd_sc_hd__buf_4)
     5    0.08                           net37 (net)
                  0.22    0.01   12.28 ^ _0794_/S (sky130_fd_sc_hd__mux2_4)
                  0.11    0.43   12.71 v _0794_/X (sky130_fd_sc_hd__mux2_4)
     3    0.05                           _0076_ (net)
                  0.11    0.01   12.71 v _0807_/B (sky130_fd_sc_hd__nor2_4)
                  0.44    0.40   13.11 ^ _0807_/Y (sky130_fd_sc_hd__nor2_4)
     2    0.07                           _0089_ (net)
                  0.44    0.01   13.12 ^ _0808_/B1 (sky130_fd_sc_hd__a21o_4)
                  0.25    0.31   13.43 ^ _0808_/X (sky130_fd_sc_hd__a21o_4)
     4    0.09                           _0090_ (net)
                  0.26    0.02   13.45 ^ _0835_/A1 (sky130_fd_sc_hd__a41o_4)
                  0.22    0.41   13.86 ^ _0835_/X (sky130_fd_sc_hd__a41o_4)
     3    0.07                           _0117_ (net)
                  0.22    0.00   13.86 ^ _0836_/B (sky130_fd_sc_hd__and2_2)
                  0.32    0.41   14.27 ^ _0836_/X (sky130_fd_sc_hd__and2_2)
     1    0.06                           _0118_ (net)
                  0.32    0.01   14.27 ^ _0837_/A (sky130_fd_sc_hd__buf_6)
                  0.27    0.33   14.60 ^ _0837_/X (sky130_fd_sc_hd__buf_6)
     8    0.13                           _0119_ (net)
                  0.27    0.03   14.63 ^ _0850_/S (sky130_fd_sc_hd__mux2_2)
                  0.13    0.50   15.13 v _0850_/X (sky130_fd_sc_hd__mux2_2)
     2    0.04                           _0132_ (net)
                  0.13    0.00   15.13 v _0861_/A2 (sky130_fd_sc_hd__a221o_1)
                  0.12    0.47   15.60 v _0861_/X (sky130_fd_sc_hd__a221o_1)
     1    0.02                           _0143_ (net)
                  0.12    0.00   15.60 v _0863_/A2 (sky130_fd_sc_hd__a21o_1)
                  0.04    0.22   15.82 v _0863_/X (sky130_fd_sc_hd__a21o_1)
     1    0.00                           _0145_ (net)
                  0.04    0.00   15.82 v _0871_/A2 (sky130_fd_sc_hd__a21o_1)
                  0.10    0.25   16.07 v _0871_/X (sky130_fd_sc_hd__a21o_1)
     1    0.02                           _0153_ (net)
                  0.10    0.00   16.07 v _0881_/A1 (sky130_fd_sc_hd__a21oi_4)
                  0.39    0.38   16.46 ^ _0881_/Y (sky130_fd_sc_hd__a21oi_4)
     2    0.05                           _0163_ (net)
                  0.39    0.00   16.46 ^ _0895_/A (sky130_fd_sc_hd__or4_2)
                  0.18    0.33   16.79 ^ _0895_/X (sky130_fd_sc_hd__or4_2)
     1    0.04                           _0177_ (net)
                  0.18    0.00   16.79 ^ _0896_/A (sky130_fd_sc_hd__clkbuf_2)
                  0.17    0.25   17.04 ^ _0896_/X (sky130_fd_sc_hd__clkbuf_2)
     2    0.03                           net20 (net)
                  0.17    0.00   17.05 ^ output20/A (sky130_fd_sc_hd__buf_2)
                  0.17    0.25   17.30 ^ output20/X (sky130_fd_sc_hd__buf_2)
     1    0.03                           Y[0] (net)
                  0.17    0.00   17.30 ^ Y[0] (out)
                                 17.30   data arrival time

                  0.00   10.00   10.00   clock __VIRTUAL_CLK__ (rise edge)
                          0.00   10.00   clock network delay (ideal)
                         -0.25    9.75   clock uncertainty
                          0.00    9.75   clock reconvergence pessimism
                         -2.00    7.75   output external delay
                                  7.75   data required time
-----------------------------------------------------------------------------
                                  7.75   data required time
                                -17.30   data arrival time
-----------------------------------------------------------------------------
                                 -9.55   slack (VIOLATED)




===========================================================================
report_checks --slack_max -0.01
============================================================================
======================= Fastest Corner ===================================

Startpoint: B[0] (input port clocked by __VIRTUAL_CLK__)
Endpoint: Y[0] (output port clocked by __VIRTUAL_CLK__)
Path Group: __VIRTUAL_CLK__
Path Type: max
Corner: Fastest

Fanout     Cap    Slew   Delay    Time   Description
-----------------------------------------------------------------------------
                  0.00    0.00    0.00   clock __VIRTUAL_CLK__ (rise edge)
                          0.00    0.00   clock network delay (ideal)
                          2.00    2.00 ^ input external delay
                  0.02    0.02    2.02 ^ B[0] (in)
     1    0.01                           B[0] (net)
                  0.02    0.00    2.02 ^ input9/A (sky130_fd_sc_hd__buf_6)
                  0.20    0.19    2.20 ^ input9/X (sky130_fd_sc_hd__buf_6)
     3    0.13                           net9 (net)
                  0.20    0.01    2.21 ^ _0664_/B_N (sky130_fd_sc_hd__or2b_4)
                  0.12    0.27    2.48 v _0664_/X (sky130_fd_sc_hd__or2b_4)
     2    0.11                           _0374_ (net)
                  0.12    0.01    2.49 v _0665_/A2 (sky130_fd_sc_hd__a21oi_4)
                  0.35    0.34    2.84 ^ _0665_/Y (sky130_fd_sc_hd__a21oi_4)
     3    0.07                           _0385_ (net)
                  0.35    0.00    2.84 ^ _0667_/A2 (sky130_fd_sc_hd__o31a_4)
                  0.28    0.30    3.14 ^ _0667_/X (sky130_fd_sc_hd__o31a_4)
     4    0.13                           _0406_ (net)
                  0.28    0.01    3.15 ^ _0668_/B (sky130_fd_sc_hd__or2_4)
                  0.27    0.28    3.43 ^ _0668_/X (sky130_fd_sc_hd__or2_4)
     4    0.12                           _0417_ (net)
                  0.27    0.02    3.45 ^ _0676_/A2 (sky130_fd_sc_hd__a31o_4)
                  0.22    0.26    3.71 ^ _0676_/X (sky130_fd_sc_hd__a31o_4)
     5    0.09                           _0503_ (net)
                  0.22    0.01    3.72 ^ _0687_/D_N (sky130_fd_sc_hd__or4b_4)
                  0.15    0.42    4.14 v _0687_/X (sky130_fd_sc_hd__or4b_4)
     3    0.10                           _0619_ (net)
                  0.15    0.00    4.14 v _0690_/A3 (sky130_fd_sc_hd__a32o_4)
                  0.11    0.30    4.44 v _0690_/X (sky130_fd_sc_hd__a32o_4)
     3    0.09                           _0626_ (net)
                  0.11    0.01    4.45 v _0692_/A3 (sky130_fd_sc_hd__a31o_2)
                  0.06    0.23    4.68 v _0692_/X (sky130_fd_sc_hd__a31o_2)
     1    0.03                           _0628_ (net)
                  0.06    0.00    4.68 v _0693_/A2 (sky130_fd_sc_hd__a211oi_4)
                  0.25    0.28    4.96 ^ _0693_/Y (sky130_fd_sc_hd__a211oi_4)
     3    0.03                           _0629_ (net)
                  0.25    0.00    4.96 ^ max_cap52/A (sky130_fd_sc_hd__clkbuf_2)
                  0.15    0.19    5.16 ^ max_cap52/X (sky130_fd_sc_hd__clkbuf_2)
     2    0.04                           net52 (net)
                  0.15    0.00    5.16 ^ max_cap50/A (sky130_fd_sc_hd__clkbuf_2)
                  0.09    0.14    5.30 ^ max_cap50/X (sky130_fd_sc_hd__clkbuf_2)
     1    0.02                           net50 (net)
                  0.09    0.00    5.30 ^ _0716_/A (sky130_fd_sc_hd__nand2_8)
                  0.09    0.09    5.39 v _0716_/Y (sky130_fd_sc_hd__nand2_8)
     3    0.08                           _0652_ (net)
                  0.09    0.00    5.39 v _0717_/S (sky130_fd_sc_hd__mux2_8)
                  0.10    0.31    5.70 v _0717_/X (sky130_fd_sc_hd__mux2_8)
     4    0.12                           _0653_ (net)
                  0.11    0.01    5.71 v _0720_/A2 (sky130_fd_sc_hd__a22oi_4)
                  0.30    0.30    6.02 ^ _0720_/Y (sky130_fd_sc_hd__a22oi_4)
     2    0.07                           _0002_ (net)
                  0.30    0.00    6.02 ^ _0730_/A2 (sky130_fd_sc_hd__o31ai_1)
                  0.08    0.09    6.11 v _0730_/Y (sky130_fd_sc_hd__o31ai_1)
     1    0.01                           _0012_ (net)
                  0.08    0.00    6.11 v wire44/A (sky130_fd_sc_hd__buf_2)
                  0.08    0.16    6.26 v wire44/X (sky130_fd_sc_hd__buf_2)
     2    0.04                           net44 (net)
                  0.08    0.00    6.27 v _0732_/A2 (sky130_fd_sc_hd__a21oi_4)
                  0.42    0.38    6.64 ^ _0732_/Y (sky130_fd_sc_hd__a21oi_4)
     5    0.08                           _0014_ (net)
                  0.42    0.01    6.65 ^ _0733_/S (sky130_fd_sc_hd__mux2_4)
                  0.11    0.27    6.92 v _0733_/X (sky130_fd_sc_hd__mux2_4)
     3    0.08                           _0015_ (net)
                  0.11    0.00    6.92 v _0746_/B (sky130_fd_sc_hd__xnor2_1)
                  0.10    0.14    7.06 ^ _0746_/Y (sky130_fd_sc_hd__xnor2_1)
     1    0.00                           _0028_ (net)
                  0.10    0.00    7.06 ^ wire40/A (sky130_fd_sc_hd__buf_4)
                  0.18    0.20    7.26 ^ wire40/X (sky130_fd_sc_hd__buf_4)
     3    0.09                           net40 (net)
                  0.18    0.00    7.26 ^ _0763_/A1 (sky130_fd_sc_hd__a21o_4)
                  0.12    0.16    7.43 ^ _0763_/X (sky130_fd_sc_hd__a21o_4)
     2    0.06                           _0045_ (net)
                  0.12    0.01    7.43 ^ _0765_/A2 (sky130_fd_sc_hd__a21o_4)
                  0.28    0.27    7.71 ^ _0765_/X (sky130_fd_sc_hd__a21o_4)
     4    0.13                           _0047_ (net)
                  0.28    0.01    7.72 ^ _0776_/A1 (sky130_fd_sc_hd__a32oi_4)
                  0.16    0.17    7.89 v _0776_/Y (sky130_fd_sc_hd__a32oi_4)
     4    0.05                           _0058_ (net)
                  0.16    0.00    7.89 v _0780_/A2 (sky130_fd_sc_hd__a21oi_4)
                  0.25    0.28    8.17 ^ _0780_/Y (sky130_fd_sc_hd__a21oi_4)
     2    0.04                           _0062_ (net)
                  0.25    0.00    8.17 ^ max_cap38/A (sky130_fd_sc_hd__buf_4)
                  0.16    0.20    8.37 ^ max_cap38/X (sky130_fd_sc_hd__buf_4)
     4    0.07                           net38 (net)
                  0.16    0.01    8.37 ^ max_cap37/A (sky130_fd_sc_hd__buf_4)
                  0.16    0.20    8.57 ^ max_cap37/X (sky130_fd_sc_hd__buf_4)
     5    0.08                           net37 (net)
                  0.16    0.01    8.58 ^ _0794_/S (sky130_fd_sc_hd__mux2_4)
                  0.10    0.26    8.84 v _0794_/X (sky130_fd_sc_hd__mux2_4)
     3    0.05                           _0076_ (net)
                  0.10    0.01    8.84 v _0807_/B (sky130_fd_sc_hd__nor2_4)
                  0.32    0.29    9.13 ^ _0807_/Y (sky130_fd_sc_hd__nor2_4)
     2    0.07                           _0089_ (net)
                  0.32    0.01    9.14 ^ _0808_/B1 (sky130_fd_sc_hd__a21o_4)
                  0.19    0.18    9.31 ^ _0808_/X (sky130_fd_sc_hd__a21o_4)
     4    0.09                           _0090_ (net)
                  0.19    0.02    9.33 ^ _0835_/A1 (sky130_fd_sc_hd__a41o_4)
                  0.16    0.26    9.59 ^ _0835_/X (sky130_fd_sc_hd__a41o_4)
     3    0.07                           _0117_ (net)
                  0.16    0.00    9.59 ^ _0836_/B (sky130_fd_sc_hd__and2_2)
                  0.24    0.27    9.86 ^ _0836_/X (sky130_fd_sc_hd__and2_2)
     1    0.06                           _0118_ (net)
                  0.24    0.01    9.87 ^ _0837_/A (sky130_fd_sc_hd__buf_6)
                  0.20    0.21   10.08 ^ _0837_/X (sky130_fd_sc_hd__buf_6)
     8    0.13                           _0119_ (net)
                  0.21    0.03   10.10 ^ _0850_/S (sky130_fd_sc_hd__mux2_2)
                  0.10    0.29   10.39 v _0850_/X (sky130_fd_sc_hd__mux2_2)
     2    0.04                           _0132_ (net)
                  0.10    0.00   10.40 v _0861_/A2 (sky130_fd_sc_hd__a221o_1)
                  0.08    0.26   10.66 v _0861_/X (sky130_fd_sc_hd__a221o_1)
     1    0.02                           _0143_ (net)
                  0.08    0.00   10.66 v _0863_/A2 (sky130_fd_sc_hd__a21o_1)
                  0.03    0.14   10.80 v _0863_/X (sky130_fd_sc_hd__a21o_1)
     1    0.00                           _0145_ (net)
                  0.03    0.00   10.80 v _0871_/A2 (sky130_fd_sc_hd__a21o_1)
                  0.07    0.16   10.97 v _0871_/X (sky130_fd_sc_hd__a21o_1)
     1    0.02                           _0153_ (net)
                  0.07    0.00   10.97 v _0881_/A1 (sky130_fd_sc_hd__a21oi_4)
                  0.29    0.27   11.24 ^ _0881_/Y (sky130_fd_sc_hd__a21oi_4)
     2    0.05                           _0163_ (net)
                  0.29    0.00   11.24 ^ _0895_/A (sky130_fd_sc_hd__or4_2)
                  0.14    0.21   11.45 ^ _0895_/X (sky130_fd_sc_hd__or4_2)
     1    0.04                           _0177_ (net)
                  0.14    0.00   11.46 ^ _0896_/A (sky130_fd_sc_hd__clkbuf_2)
                  0.13    0.17   11.62 ^ _0896_/X (sky130_fd_sc_hd__clkbuf_2)
     2    0.03                           net20 (net)
                  0.13    0.00   11.63 ^ output20/A (sky130_fd_sc_hd__buf_2)
                  0.13    0.17   11.79 ^ output20/X (sky130_fd_sc_hd__buf_2)
     1    0.03                           Y[0] (net)
                  0.13    0.00   11.79 ^ Y[0] (out)
                                 11.79   data arrival time

                  0.00   10.00   10.00   clock __VIRTUAL_CLK__ (rise edge)
                          0.00   10.00   clock network delay (ideal)
                         -0.25    9.75   clock uncertainty
                          0.00    9.75   clock reconvergence pessimism
                         -2.00    7.75   output external delay
                                  7.75   data required time
-----------------------------------------------------------------------------
                                  7.75   data required time
                                -11.79   data arrival time
-----------------------------------------------------------------------------
                                 -4.04   slack (VIOLATED)



======================= Slowest Corner ===================================

Startpoint: B[0] (input port clocked by __VIRTUAL_CLK__)
Endpoint: Y[0] (output port clocked by __VIRTUAL_CLK__)
Path Group: __VIRTUAL_CLK__
Path Type: max
Corner: Slowest

Fanout     Cap    Slew   Delay    Time   Description
-----------------------------------------------------------------------------
                  0.00    0.00    0.00   clock __VIRTUAL_CLK__ (rise edge)
                          0.00    0.00   clock network delay (ideal)
                          2.00    2.00 ^ input external delay
                  0.05    0.03    2.03 ^ B[0] (in)
     1    0.01                           B[0] (net)
                  0.05    0.00    2.03 ^ input9/A (sky130_fd_sc_hd__buf_6)
                  0.41    0.44    2.47 ^ input9/X (sky130_fd_sc_hd__buf_6)
     3    0.13                           net9 (net)
                  0.41    0.01    2.48 ^ _0664_/B_N (sky130_fd_sc_hd__or2b_4)
                  0.28    0.90    3.38 v _0664_/X (sky130_fd_sc_hd__or2b_4)
     2    0.11                           _0374_ (net)
                  0.29    0.01    3.39 v _0665_/A2 (sky130_fd_sc_hd__a21oi_4)
                  0.74    0.80    4.20 ^ _0665_/Y (sky130_fd_sc_hd__a21oi_4)
     3    0.07                           _0385_ (net)
                  0.74    0.00    4.20 ^ _0667_/A2 (sky130_fd_sc_hd__o31a_4)
                  0.58    0.92    5.12 ^ _0667_/X (sky130_fd_sc_hd__o31a_4)
     4    0.13                           _0406_ (net)
                  0.58    0.01    5.13 ^ _0668_/B (sky130_fd_sc_hd__or2_4)
                  0.56    0.82    5.95 ^ _0668_/X (sky130_fd_sc_hd__or2_4)
     4    0.12                           _0417_ (net)
                  0.56    0.02    5.97 ^ _0676_/A2 (sky130_fd_sc_hd__a31o_4)
                  0.44    0.81    6.78 ^ _0676_/X (sky130_fd_sc_hd__a31o_4)
     5    0.09                           _0503_ (net)
                  0.44    0.01    6.79 ^ _0687_/D_N (sky130_fd_sc_hd__or4b_4)
                  0.38    1.47    8.26 v _0687_/X (sky130_fd_sc_hd__or4b_4)
     3    0.10                           _0619_ (net)
                  0.38    0.00    8.26 v _0690_/A3 (sky130_fd_sc_hd__a32o_4)
                  0.26    0.93    9.19 v _0690_/X (sky130_fd_sc_hd__a32o_4)
     3    0.09                           _0626_ (net)
                  0.26    0.01    9.20 v _0692_/A3 (sky130_fd_sc_hd__a31o_2)
                  0.16    0.67    9.86 v _0692_/X (sky130_fd_sc_hd__a31o_2)
     1    0.03                           _0628_ (net)
                  0.16    0.00    9.87 v _0693_/A2 (sky130_fd_sc_hd__a211oi_4)
                  0.55    0.69   10.55 ^ _0693_/Y (sky130_fd_sc_hd__a211oi_4)
     3    0.02                           _0629_ (net)
                  0.55    0.00   10.56 ^ max_cap52/A (sky130_fd_sc_hd__clkbuf_2)
                  0.31    0.59   11.14 ^ max_cap52/X (sky130_fd_sc_hd__clkbuf_2)
     2    0.04                           net52 (net)
                  0.31    0.00   11.14 ^ max_cap50/A (sky130_fd_sc_hd__clkbuf_2)
                  0.19    0.40   11.54 ^ max_cap50/X (sky130_fd_sc_hd__clkbuf_2)
     1    0.02                           net50 (net)
                  0.19    0.00   11.54 ^ _0716_/A (sky130_fd_sc_hd__nand2_8)
                  0.22    0.26   11.81 v _0716_/Y (sky130_fd_sc_hd__nand2_8)
     3    0.08                           _0652_ (net)
                  0.22    0.00   11.81 v _0717_/S (sky130_fd_sc_hd__mux2_8)
                  0.24    0.90   12.71 v _0717_/X (sky130_fd_sc_hd__mux2_8)
     4    0.12                           _0653_ (net)
                  0.24    0.01   12.72 v _0720_/A2 (sky130_fd_sc_hd__a22oi_4)
                  0.82    0.89   13.62 ^ _0720_/Y (sky130_fd_sc_hd__a22oi_4)
     2    0.07                           _0002_ (net)
                  0.82    0.00   13.62 ^ _0730_/A2 (sky130_fd_sc_hd__o31ai_1)
                  0.21    0.46   14.08 v _0730_/Y (sky130_fd_sc_hd__o31ai_1)
     1    0.01                           _0012_ (net)
                  0.21    0.00   14.08 v wire44/A (sky130_fd_sc_hd__buf_2)
                  0.20    0.46   14.55 v wire44/X (sky130_fd_sc_hd__buf_2)
     2    0.04                           net44 (net)
                  0.20    0.00   14.55 v _0732_/A2 (sky130_fd_sc_hd__a21oi_4)
                  0.89    0.88   15.43 ^ _0732_/Y (sky130_fd_sc_hd__a21oi_4)
     5    0.08                           _0014_ (net)
                  0.89    0.01   15.44 ^ _0733_/S (sky130_fd_sc_hd__mux2_4)
                  0.25    1.01   16.45 v _0733_/X (sky130_fd_sc_hd__mux2_4)
     3    0.08                           _0015_ (net)
                  0.25    0.00   16.45 v _0746_/B (sky130_fd_sc_hd__xnor2_1)
                  0.24    0.34   16.79 ^ _0746_/Y (sky130_fd_sc_hd__xnor2_1)
     1    0.00                           _0028_ (net)
                  0.24    0.00   16.79 ^ wire40/A (sky130_fd_sc_hd__buf_4)
                  0.38    0.54   17.33 ^ wire40/X (sky130_fd_sc_hd__buf_4)
     3    0.09                           net40 (net)
                  0.38    0.00   17.33 ^ _0763_/A1 (sky130_fd_sc_hd__a21o_4)
                  0.26    0.52   17.85 ^ _0763_/X (sky130_fd_sc_hd__a21o_4)
     2    0.06                           _0045_ (net)
                  0.26    0.01   17.86 ^ _0765_/A2 (sky130_fd_sc_hd__a21o_4)
                  0.58    0.72   18.58 ^ _0765_/X (sky130_fd_sc_hd__a21o_4)
     4    0.13                           _0047_ (net)
                  0.58    0.01   18.59 ^ _0776_/A1 (sky130_fd_sc_hd__a32oi_4)
                  0.41    0.61   19.20 v _0776_/Y (sky130_fd_sc_hd__a32oi_4)
     4    0.05                           _0058_ (net)
                  0.41    0.00   19.20 v _0780_/A2 (sky130_fd_sc_hd__a21oi_4)
                  0.52    0.68   19.88 ^ _0780_/Y (sky130_fd_sc_hd__a21oi_4)
     2    0.04                           _0062_ (net)
                  0.52    0.00   19.88 ^ max_cap38/A (sky130_fd_sc_hd__buf_4)
                  0.33    0.61   20.50 ^ max_cap38/X (sky130_fd_sc_hd__buf_4)
     4    0.07                           net38 (net)
                  0.33    0.01   20.50 ^ max_cap37/A (sky130_fd_sc_hd__buf_4)
                  0.35    0.55   21.05 ^ max_cap37/X (sky130_fd_sc_hd__buf_4)
     5    0.08                           net37 (net)
                  0.35    0.01   21.06 ^ _0794_/S (sky130_fd_sc_hd__mux2_4)
                  0.20    0.83   21.89 v _0794_/X (sky130_fd_sc_hd__mux2_4)
     3    0.05                           _0076_ (net)
                  0.20    0.01   21.90 v _0807_/B (sky130_fd_sc_hd__nor2_4)
                  0.72    0.67   22.57 ^ _0807_/Y (sky130_fd_sc_hd__nor2_4)
     2    0.07                           _0089_ (net)
                  0.72    0.01   22.57 ^ _0808_/B1 (sky130_fd_sc_hd__a21o_4)
                  0.40    0.64   23.21 ^ _0808_/X (sky130_fd_sc_hd__a21o_4)
     4    0.09                           _0090_ (net)
                  0.40    0.02   23.23 ^ _0835_/A1 (sky130_fd_sc_hd__a41o_4)
                  0.36    0.80   24.03 ^ _0835_/X (sky130_fd_sc_hd__a41o_4)
     3    0.07                           _0117_ (net)
                  0.36    0.00   24.03 ^ _0836_/B (sky130_fd_sc_hd__and2_2)
                  0.51    0.75   24.79 ^ _0836_/X (sky130_fd_sc_hd__and2_2)
     1    0.06                           _0118_ (net)
                  0.51    0.01   24.79 ^ _0837_/A (sky130_fd_sc_hd__buf_6)
                  0.42    0.63   25.42 ^ _0837_/X (sky130_fd_sc_hd__buf_6)
     8    0.13                           _0119_ (net)
                  0.42    0.02   25.44 ^ _0845_/S (sky130_fd_sc_hd__mux2_4)
                  0.36    0.72   26.16 ^ _0845_/X (sky130_fd_sc_hd__mux2_4)
     3    0.08                           _0127_ (net)
                  0.36    0.01   26.17 ^ _0862_/B1 (sky130_fd_sc_hd__a22o_2)
                  0.41    0.68   26.85 ^ _0862_/X (sky130_fd_sc_hd__a22o_2)
     1    0.05                           _0144_ (net)
                  0.41    0.01   26.86 ^ _0863_/B1 (sky130_fd_sc_hd__a21o_1)
                  0.09    0.29   27.14 ^ _0863_/X (sky130_fd_sc_hd__a21o_1)
     1    0.00                           _0145_ (net)
                  0.09    0.00   27.14 ^ _0871_/A2 (sky130_fd_sc_hd__a21o_1)
                  0.28    0.40   27.55 ^ _0871_/X (sky130_fd_sc_hd__a21o_1)
     1    0.02                           _0153_ (net)
                  0.28    0.00   27.55 ^ _0881_/A1 (sky130_fd_sc_hd__a21oi_4)
                  0.25    0.33   27.88 v _0881_/Y (sky130_fd_sc_hd__a21oi_4)
     2    0.05                           _0163_ (net)
                  0.25    0.00   27.88 v _0895_/A (sky130_fd_sc_hd__or4_2)
                  0.41    2.04   29.92 v _0895_/X (sky130_fd_sc_hd__or4_2)
     1    0.04                           _0177_ (net)
                  0.41    0.00   29.92 v _0896_/A (sky130_fd_sc_hd__clkbuf_2)
                  0.22    0.49   30.41 v _0896_/X (sky130_fd_sc_hd__clkbuf_2)
     2    0.03                           net20 (net)
                  0.22    0.00   30.41 v output20/A (sky130_fd_sc_hd__buf_2)
                  0.16    0.44   30.85 v output20/X (sky130_fd_sc_hd__buf_2)
     1    0.03                           Y[0] (net)
                  0.16    0.00   30.85 v Y[0] (out)
                                 30.85   data arrival time

                  0.00   10.00   10.00   clock __VIRTUAL_CLK__ (rise edge)
                          0.00   10.00   clock network delay (ideal)
                         -0.25    9.75   clock uncertainty
                          0.00    9.75   clock reconvergence pessimism
                         -2.00    7.75   output external delay
                                  7.75   data required time
-----------------------------------------------------------------------------
                                  7.75   data required time
                                -30.85   data arrival time
-----------------------------------------------------------------------------
                                -23.10   slack (VIOLATED)



======================= Typical Corner ===================================

Startpoint: B[0] (input port clocked by __VIRTUAL_CLK__)
Endpoint: Y[0] (output port clocked by __VIRTUAL_CLK__)
Path Group: __VIRTUAL_CLK__
Path Type: max
Corner: Typical

Fanout     Cap    Slew   Delay    Time   Description
-----------------------------------------------------------------------------
                  0.00    0.00    0.00   clock __VIRTUAL_CLK__ (rise edge)
                          0.00    0.00   clock network delay (ideal)
                          2.00    2.00 ^ input external delay
                  0.03    0.02    2.02 ^ B[0] (in)
     1    0.01                           B[0] (net)
                  0.03    0.00    2.02 ^ input9/A (sky130_fd_sc_hd__buf_6)
                  0.26    0.26    2.28 ^ input9/X (sky130_fd_sc_hd__buf_6)
     3    0.13                           net9 (net)
                  0.26    0.01    2.29 ^ _0664_/B_N (sky130_fd_sc_hd__or2b_4)
                  0.16    0.45    2.74 v _0664_/X (sky130_fd_sc_hd__or2b_4)
     2    0.11                           _0374_ (net)
                  0.17    0.01    2.75 v _0665_/A2 (sky130_fd_sc_hd__a21oi_4)
                  0.47    0.48    3.24 ^ _0665_/Y (sky130_fd_sc_hd__a21oi_4)
     3    0.07                           _0385_ (net)
                  0.47    0.00    3.24 ^ _0667_/A2 (sky130_fd_sc_hd__o31a_4)
                  0.37    0.47    3.72 ^ _0667_/X (sky130_fd_sc_hd__o31a_4)
     4    0.13                           _0406_ (net)
                  0.37    0.01    3.72 ^ _0668_/B (sky130_fd_sc_hd__or2_4)
                  0.35    0.43    4.16 ^ _0668_/X (sky130_fd_sc_hd__or2_4)
     4    0.12                           _0417_ (net)
                  0.36    0.02    4.18 ^ _0676_/A2 (sky130_fd_sc_hd__a31o_4)
                  0.28    0.41    4.59 ^ _0676_/X (sky130_fd_sc_hd__a31o_4)
     5    0.09                           _0503_ (net)
                  0.28    0.01    4.60 ^ _0687_/D_N (sky130_fd_sc_hd__or4b_4)
                  0.21    0.72    5.32 v _0687_/X (sky130_fd_sc_hd__or4b_4)
     3    0.10                           _0619_ (net)
                  0.21    0.00    5.32 v _0690_/A3 (sky130_fd_sc_hd__a32o_4)
                  0.15    0.52    5.84 v _0690_/X (sky130_fd_sc_hd__a32o_4)
     3    0.09                           _0626_ (net)
                  0.15    0.01    5.85 v _0692_/A3 (sky130_fd_sc_hd__a31o_2)
                  0.09    0.36    6.21 v _0692_/X (sky130_fd_sc_hd__a31o_2)
     1    0.03                           _0628_ (net)
                  0.09    0.00    6.21 v _0693_/A2 (sky130_fd_sc_hd__a211oi_4)
                  0.34    0.41    6.62 ^ _0693_/Y (sky130_fd_sc_hd__a211oi_4)
     3    0.02                           _0629_ (net)
                  0.34    0.00    6.62 ^ max_cap52/A (sky130_fd_sc_hd__clkbuf_2)
                  0.20    0.31    6.92 ^ max_cap52/X (sky130_fd_sc_hd__clkbuf_2)
     2    0.04                           net52 (net)
                  0.20    0.00    6.92 ^ max_cap50/A (sky130_fd_sc_hd__clkbuf_2)
                  0.12    0.22    7.14 ^ max_cap50/X (sky130_fd_sc_hd__clkbuf_2)
     1    0.02                           net50 (net)
                  0.12    0.00    7.14 ^ _0716_/A (sky130_fd_sc_hd__nand2_8)
                  0.12    0.14    7.28 v _0716_/Y (sky130_fd_sc_hd__nand2_8)
     3    0.08                           _0652_ (net)
                  0.12    0.00    7.28 v _0717_/S (sky130_fd_sc_hd__mux2_8)
                  0.13    0.47    7.76 v _0717_/X (sky130_fd_sc_hd__mux2_8)
     4    0.12                           _0653_ (net)
                  0.13    0.01    7.77 v _0720_/A2 (sky130_fd_sc_hd__a22oi_4)
                  0.52    0.54    8.31 ^ _0720_/Y (sky130_fd_sc_hd__a22oi_4)
     2    0.07                           _0002_ (net)
                  0.52    0.00    8.31 ^ _0730_/A2 (sky130_fd_sc_hd__o31ai_1)
                  0.12    0.19    8.51 v _0730_/Y (sky130_fd_sc_hd__o31ai_1)
     1    0.01                           _0012_ (net)
                  0.12    0.00    8.51 v wire44/A (sky130_fd_sc_hd__buf_2)
                  0.11    0.24    8.75 v wire44/X (sky130_fd_sc_hd__buf_2)
     2    0.04                           net44 (net)
                  0.11    0.00    8.75 v _0732_/A2 (sky130_fd_sc_hd__a21oi_4)
                  0.56    0.53    9.28 ^ _0732_/Y (sky130_fd_sc_hd__a21oi_4)
     5    0.08                           _0014_ (net)
                  0.56    0.01    9.29 ^ _0733_/S (sky130_fd_sc_hd__mux2_4)
                  0.14    0.48    9.77 v _0733_/X (sky130_fd_sc_hd__mux2_4)
     3    0.08                           _0015_ (net)
                  0.14    0.00    9.77 v _0746_/B (sky130_fd_sc_hd__xnor2_1)
                  0.14    0.20    9.97 ^ _0746_/Y (sky130_fd_sc_hd__xnor2_1)
     1    0.00                           _0028_ (net)
                  0.14    0.00    9.97 ^ wire40/A (sky130_fd_sc_hd__buf_4)
                  0.24    0.29   10.26 ^ wire40/X (sky130_fd_sc_hd__buf_4)
     3    0.09                           net40 (net)
                  0.24    0.00   10.27 ^ _0763_/A1 (sky130_fd_sc_hd__a21o_4)
                  0.16    0.27   10.53 ^ _0763_/X (sky130_fd_sc_hd__a21o_4)
     2    0.06                           _0045_ (net)
                  0.16    0.01   10.54 ^ _0765_/A2 (sky130_fd_sc_hd__a21o_4)
                  0.36    0.40   10.94 ^ _0765_/X (sky130_fd_sc_hd__a21o_4)
     4    0.13                           _0047_ (net)
                  0.36    0.01   10.95 ^ _0776_/A1 (sky130_fd_sc_hd__a32oi_4)
                  0.22    0.29   11.24 v _0776_/Y (sky130_fd_sc_hd__a32oi_4)
     4    0.05                           _0058_ (net)
                  0.22    0.00   11.24 v _0780_/A2 (sky130_fd_sc_hd__a21oi_4)
                  0.33    0.40   11.64 ^ _0780_/Y (sky130_fd_sc_hd__a21oi_4)
     2    0.04                           _0062_ (net)
                  0.33    0.00   11.64 ^ max_cap38/A (sky130_fd_sc_hd__buf_4)
                  0.21    0.32   11.96 ^ max_cap38/X (sky130_fd_sc_hd__buf_4)
     4    0.07                           net38 (net)
                  0.21    0.01   11.97 ^ max_cap37/A (sky130_fd_sc_hd__buf_4)
                  0.22    0.30   12.27 ^ max_cap37/X (sky130_fd_sc_hd__buf_4)
     5    0.08                           net37 (net)
                  0.22    0.01   12.28 ^ _0794_/S (sky130_fd_sc_hd__mux2_4)
                  0.11    0.43   12.71 v _0794_/X (sky130_fd_sc_hd__mux2_4)
     3    0.05                           _0076_ (net)
                  0.11    0.01   12.71 v _0807_/B (sky130_fd_sc_hd__nor2_4)
                  0.44    0.40   13.11 ^ _0807_/Y (sky130_fd_sc_hd__nor2_4)
     2    0.07                           _0089_ (net)
                  0.44    0.01   13.12 ^ _0808_/B1 (sky130_fd_sc_hd__a21o_4)
                  0.25    0.31   13.43 ^ _0808_/X (sky130_fd_sc_hd__a21o_4)
     4    0.09                           _0090_ (net)
                  0.26    0.02   13.45 ^ _0835_/A1 (sky130_fd_sc_hd__a41o_4)
                  0.22    0.41   13.86 ^ _0835_/X (sky130_fd_sc_hd__a41o_4)
     3    0.07                           _0117_ (net)
                  0.22    0.00   13.86 ^ _0836_/B (sky130_fd_sc_hd__and2_2)
                  0.32    0.41   14.27 ^ _0836_/X (sky130_fd_sc_hd__and2_2)
     1    0.06                           _0118_ (net)
                  0.32    0.01   14.27 ^ _0837_/A (sky130_fd_sc_hd__buf_6)
                  0.27    0.33   14.60 ^ _0837_/X (sky130_fd_sc_hd__buf_6)
     8    0.13                           _0119_ (net)
                  0.27    0.03   14.63 ^ _0850_/S (sky130_fd_sc_hd__mux2_2)
                  0.13    0.50   15.13 v _0850_/X (sky130_fd_sc_hd__mux2_2)
     2    0.04                           _0132_ (net)
                  0.13    0.00   15.13 v _0861_/A2 (sky130_fd_sc_hd__a221o_1)
                  0.12    0.47   15.60 v _0861_/X (sky130_fd_sc_hd__a221o_1)
     1    0.02                           _0143_ (net)
                  0.12    0.00   15.60 v _0863_/A2 (sky130_fd_sc_hd__a21o_1)
                  0.04    0.22   15.82 v _0863_/X (sky130_fd_sc_hd__a21o_1)
     1    0.00                           _0145_ (net)
                  0.04    0.00   15.82 v _0871_/A2 (sky130_fd_sc_hd__a21o_1)
                  0.10    0.25   16.07 v _0871_/X (sky130_fd_sc_hd__a21o_1)
     1    0.02                           _0153_ (net)
                  0.10    0.00   16.07 v _0881_/A1 (sky130_fd_sc_hd__a21oi_4)
                  0.39    0.38   16.46 ^ _0881_/Y (sky130_fd_sc_hd__a21oi_4)
     2    0.05                           _0163_ (net)
                  0.39    0.00   16.46 ^ _0895_/A (sky130_fd_sc_hd__or4_2)
                  0.18    0.33   16.79 ^ _0895_/X (sky130_fd_sc_hd__or4_2)
     1    0.04                           _0177_ (net)
                  0.18    0.00   16.79 ^ _0896_/A (sky130_fd_sc_hd__clkbuf_2)
                  0.17    0.25   17.04 ^ _0896_/X (sky130_fd_sc_hd__clkbuf_2)
     2    0.03                           net20 (net)
                  0.17    0.00   17.05 ^ output20/A (sky130_fd_sc_hd__buf_2)
                  0.17    0.25   17.30 ^ output20/X (sky130_fd_sc_hd__buf_2)
     1    0.03                           Y[0] (net)
                  0.17    0.00   17.30 ^ Y[0] (out)
                                 17.30   data arrival time

                  0.00   10.00   10.00   clock __VIRTUAL_CLK__ (rise edge)
                          0.00   10.00   clock network delay (ideal)
                         -0.25    9.75   clock uncertainty
                          0.00    9.75   clock reconvergence pessimism
                         -2.00    7.75   output external delay
                                  7.75   data required time
-----------------------------------------------------------------------------
                                  7.75   data required time
                                -17.30   data arrival time
-----------------------------------------------------------------------------
                                 -9.55   slack (VIOLATED)




===========================================================================
 report_check_types -max_slew -max_cap -max_fanout -violators
============================================================================
======================= Fastest Corner ===================================


======================= Slowest Corner ===================================

max slew

Pin                                    Limit    Slew   Slack
------------------------------------------------------------
_0929_/A2                               0.75    1.24   -0.49 (VIOLATED)
_0899_/B                                0.75    1.24   -0.49 (VIOLATED)
_0898_/Y                                0.75    1.24   -0.49 (VIOLATED)
_0866_/A                                0.75    1.07   -0.32 (VIOLATED)
ANTENNA_16/DIODE                        0.75    1.07   -0.32 (VIOLATED)
ANTENNA_17/DIODE                        0.75    1.07   -0.32 (VIOLATED)
_0867_/A1                               0.75    1.07   -0.32 (VIOLATED)
_0864_/Y                                0.75    1.07   -0.32 (VIOLATED)
_1252_/B1                               0.75    1.06   -0.31 (VIOLATED)
ANTENNA_50/DIODE                        0.75    1.06   -0.31 (VIOLATED)
_1251_/C                                0.75    1.06   -0.31 (VIOLATED)
_1250_/Y                                0.75    1.06   -0.31 (VIOLATED)
ANTENNA_7/DIODE                         0.75    1.03   -0.28 (VIOLATED)
_0802_/B1                               0.75    1.03   -0.28 (VIOLATED)
ANTENNA_8/DIODE                         0.75    1.03   -0.28 (VIOLATED)
_0804_/B1                               0.75    1.03   -0.28 (VIOLATED)
_0801_/X                                0.75    1.03   -0.28 (VIOLATED)
ANTENNA_74/DIODE                        0.75    1.02   -0.27 (VIOLATED)
_1239_/A1                               0.75    1.02   -0.27 (VIOLATED)
_1213_/A                                0.75    1.02   -0.27 (VIOLATED)
_1211_/X                                0.75    1.02   -0.27 (VIOLATED)
_0676_/B1                               0.75    1.00   -0.25 (VIOLATED)
_0696_/B1                               0.75    1.00   -0.25 (VIOLATED)
_0675_/Y                                0.75    1.00   -0.25 (VIOLATED)
_0952_/B                                0.75    1.00   -0.25 (VIOLATED)
_0988_/A1                               0.75    1.00   -0.25 (VIOLATED)
_0989_/A                                0.75    1.00   -0.25 (VIOLATED)
_0951_/Y                                0.75    1.00   -0.25 (VIOLATED)
_1148_/A                                0.75    0.98   -0.23 (VIOLATED)
_1157_/B2                               0.75    0.98   -0.23 (VIOLATED)
_1120_/Y                                0.75    0.98   -0.23 (VIOLATED)
_0867_/A2                               0.75    0.97   -0.22 (VIOLATED)
_0866_/B                                0.75    0.97   -0.22 (VIOLATED)
_0865_/Y                                0.75    0.97   -0.22 (VIOLATED)
ANTENNA_31/DIODE                        0.75    0.97   -0.22 (VIOLATED)
_1032_/A                                0.75    0.97   -0.22 (VIOLATED)
_1030_/Y                                0.75    0.97   -0.22 (VIOLATED)
_1047_/A2                               0.75    0.95   -0.20 (VIOLATED)
_1109_/A2                               0.75    0.95   -0.20 (VIOLATED)
_1097_/A2                               0.75    0.95   -0.20 (VIOLATED)
_0995_/B                                0.75    0.95   -0.20 (VIOLATED)
_0926_/A2_N                             0.75    0.95   -0.20 (VIOLATED)
_0894_/B                                0.75    0.95   -0.20 (VIOLATED)
_0913_/A2                               0.75    0.95   -0.20 (VIOLATED)
_0965_/A2_N                             0.75    0.95   -0.20 (VIOLATED)
_0893_/Y                                0.75    0.95   -0.20 (VIOLATED)
_1273_/C                                0.75    0.94   -0.19 (VIOLATED)
ANTENNA_54/DIODE                        0.75    0.94   -0.19 (VIOLATED)
_1272_/Y                                0.75    0.94   -0.19 (VIOLATED)
_1274_/B1                               0.75    0.94   -0.19 (VIOLATED)
_0958_/A                                0.75    0.93   -0.18 (VIOLATED)
_0956_/Y                                0.75    0.93   -0.18 (VIOLATED)
_0895_/D                                0.75    0.91   -0.16 (VIOLATED)
_0894_/Y                                0.75    0.91   -0.16 (VIOLATED)
_1201_/A1                               0.75    0.91   -0.16 (VIOLATED)
_1170_/B                                0.75    0.91   -0.16 (VIOLATED)
_1169_/Y                                0.75    0.91   -0.16 (VIOLATED)
ANTENNA_3/DIODE                         0.75    0.90   -0.15 (VIOLATED)
_0754_/C1                               0.75    0.90   -0.15 (VIOLATED)
_0753_/Y                                0.75    0.90   -0.15 (VIOLATED)
_0934_/A                                0.75    0.90   -0.15 (VIOLATED)
_0932_/Y                                0.75    0.90   -0.15 (VIOLATED)
_0756_/A2                               0.75    0.89   -0.14 (VIOLATED)
_0733_/S                                0.75    0.89   -0.14 (VIOLATED)
_0736_/A1                               0.75    0.89   -0.14 (VIOLATED)
_0972_/B2                               0.75    0.89   -0.14 (VIOLATED)
_0732_/Y                                0.75    0.89   -0.14 (VIOLATED)
max_cap42/A                             0.75    0.89   -0.14 (VIOLATED)
_0985_/A2                               0.75    0.89   -0.14 (VIOLATED)
_1052_/A1                               0.75    0.89   -0.14 (VIOLATED)
ANTENNA_28/DIODE                        0.75    0.89   -0.14 (VIOLATED)
_0986_/B                                0.75    0.89   -0.14 (VIOLATED)
_1036_/A                                0.75    0.89   -0.14 (VIOLATED)
_0975_/Y                                0.75    0.89   -0.14 (VIOLATED)
_1031_/B                                0.75    0.89   -0.14 (VIOLATED)
_1030_/B                                0.75    0.89   -0.14 (VIOLATED)
_1029_/Y                                0.75    0.89   -0.14 (VIOLATED)
_1198_/B_N                              0.75    0.87   -0.12 (VIOLATED)
ANTENNA_43/DIODE                        0.75    0.87   -0.12 (VIOLATED)
_1184_/B                                0.75    0.87   -0.12 (VIOLATED)
_1183_/Y                                0.75    0.87   -0.12 (VIOLATED)
_0939_/B                                0.75    0.86   -0.11 (VIOLATED)
_0938_/B                                0.75    0.86   -0.11 (VIOLATED)
_0937_/Y                                0.75    0.86   -0.11 (VIOLATED)
_1177_/B                                0.75    0.85   -0.10 (VIOLATED)
_1178_/B                                0.75    0.85   -0.10 (VIOLATED)
_1176_/Y                                0.75    0.85   -0.10 (VIOLATED)
_1073_/A                                0.75    0.85   -0.10 (VIOLATED)
_1074_/A                                0.75    0.85   -0.10 (VIOLATED)
_1061_/X                                0.75    0.85   -0.10 (VIOLATED)
_1222_/B                                0.75    0.85   -0.10 (VIOLATED)
_1226_/A                                0.75    0.85   -0.10 (VIOLATED)
_1221_/Y                                0.75    0.85   -0.10 (VIOLATED)
_1247_/A1                               0.75    0.85   -0.10 (VIOLATED)
_1246_/A                                0.75    0.85   -0.10 (VIOLATED)
_1216_/B                                0.75    0.85   -0.10 (VIOLATED)
_1215_/Y                                0.75    0.85   -0.10 (VIOLATED)
_0792_/B_N                              0.75    0.85   -0.10 (VIOLATED)
_0760_/A2                               0.75    0.85   -0.10 (VIOLATED)
_0756_/Y                                0.75    0.85   -0.10 (VIOLATED)
_1267_/B1                               0.75    0.84   -0.09 (VIOLATED)
ANTENNA_75/DIODE                        0.75    0.84   -0.09 (VIOLATED)
_1266_/A                                0.75    0.84   -0.09 (VIOLATED)
_1262_/Y                                0.75    0.84   -0.09 (VIOLATED)
_0850_/A1                               0.75    0.84   -0.09 (VIOLATED)
ANTENNA_13/DIODE                        0.75    0.84   -0.09 (VIOLATED)
_0849_/Y                                0.75    0.84   -0.09 (VIOLATED)
_1002_/B1                               0.75    0.83   -0.08 (VIOLATED)
_0995_/Y                                0.75    0.83   -0.08 (VIOLATED)
_0730_/A2                               0.75    0.82   -0.07 (VIOLATED)
_0766_/B                                0.75    0.82   -0.07 (VIOLATED)
_0720_/Y                                0.75    0.82   -0.07 (VIOLATED)
_1192_/A2                               0.75    0.81   -0.06 (VIOLATED)
ANTENNA_44/DIODE                        0.75    0.81   -0.06 (VIOLATED)
_1189_/Y                                0.75    0.81   -0.06 (VIOLATED)
_1160_/A3                               0.75    0.81   -0.06 (VIOLATED)
_1132_/B                                0.75    0.81   -0.06 (VIOLATED)
_1131_/Y                                0.75    0.81   -0.06 (VIOLATED)
_0928_/A1                               0.75    0.81   -0.06 (VIOLATED)
wire61/A                                0.75    0.81   -0.06 (VIOLATED)
_0901_/Y                                0.75    0.81   -0.06 (VIOLATED)
_0967_/A1                               0.75    0.81   -0.06 (VIOLATED)
_0835_/A3                               0.75    0.81   -0.06 (VIOLATED)
_0834_/A2                               0.75    0.81   -0.06 (VIOLATED)
_0819_/Y                                0.75    0.81   -0.06 (VIOLATED)
_1125_/A                                0.75    0.81   -0.06 (VIOLATED)
_1126_/A                                0.75    0.81   -0.06 (VIOLATED)
_1123_/Y                                0.75    0.81   -0.06 (VIOLATED)
_1092_/A1                               0.75    0.81   -0.06 (VIOLATED)
_1314_/A                                0.75    0.81   -0.06 (VIOLATED)
_1090_/A                                0.75    0.81   -0.06 (VIOLATED)
_1107_/A1                               0.75    0.81   -0.06 (VIOLATED)
_1093_/B1                               0.75    0.81   -0.06 (VIOLATED)
_1091_/A1                               0.75    0.81   -0.06 (VIOLATED)
_1086_/Y                                0.75    0.81   -0.06 (VIOLATED)
_1106_/A                                0.75    0.81   -0.06 (VIOLATED)
_0802_/C1                               0.75    0.80   -0.05 (VIOLATED)
_0827_/C1                               0.75    0.80   -0.05 (VIOLATED)
_0787_/D1                               0.75    0.80   -0.05 (VIOLATED)
_0786_/Y                                0.75    0.80   -0.05 (VIOLATED)
_0817_/A                                0.75    0.80   -0.05 (VIOLATED)
ANTENNA_21/DIODE                        0.75    0.79   -0.04 (VIOLATED)
_0926_/B1                               0.75    0.79   -0.04 (VIOLATED)
_0980_/B                                0.75    0.79   -0.04 (VIOLATED)
_0921_/A                                0.75    0.79   -0.04 (VIOLATED)
_0919_/Y                                0.75    0.79   -0.04 (VIOLATED)
_1067_/B1                               0.75    0.79   -0.04 (VIOLATED)
_1068_/C                                0.75    0.79   -0.04 (VIOLATED)
_1066_/Y                                0.75    0.79   -0.04 (VIOLATED)
_1194_/A                                0.75    0.79   -0.04 (VIOLATED)
_1185_/A                                0.75    0.79   -0.04 (VIOLATED)
_1159_/Y                                0.75    0.79   -0.04 (VIOLATED)
_1115_/B1                               0.75    0.79   -0.04 (VIOLATED)
_1113_/Y                                0.75    0.79   -0.04 (VIOLATED)
_1029_/A                                0.75    0.78   -0.03 (VIOLATED)
ANTENNA_69/DIODE                        0.75    0.78   -0.03 (VIOLATED)
_1056_/A_N                              0.75    0.78   -0.03 (VIOLATED)
_1022_/Y                                0.75    0.78   -0.03 (VIOLATED)
_1172_/A                                0.75    0.78   -0.03 (VIOLATED)
_1170_/Y                                0.75    0.78   -0.03 (VIOLATED)
_1021_/B                                0.75    0.78   -0.03 (VIOLATED)
_1020_/Y                                0.75    0.78   -0.03 (VIOLATED)
_1304_/A                                0.75    0.77   -0.02 (VIOLATED)
_1305_/A                                0.75    0.77   -0.02 (VIOLATED)
_1299_/Y                                0.75    0.77   -0.02 (VIOLATED)
_1052_/B1_N                             0.75    0.77   -0.02 (VIOLATED)
_1035_/B                                0.75    0.77   -0.02 (VIOLATED)
_1034_/Y                                0.75    0.77   -0.02 (VIOLATED)
_0859_/B1                               0.75    0.77   -0.02 (VIOLATED)
_0860_/C                                0.75    0.77   -0.02 (VIOLATED)
ANTENNA_14/DIODE                        0.75    0.77   -0.02 (VIOLATED)
_0902_/A                                0.75    0.77   -0.02 (VIOLATED)
_0858_/Y                                0.75    0.77   -0.02 (VIOLATED)
_0819_/B                                0.75    0.76   -0.01 (VIOLATED)
_0833_/B                                0.75    0.76   -0.01 (VIOLATED)
_0832_/B1                               0.75    0.76   -0.01 (VIOLATED)
_0818_/Y                                0.75    0.76   -0.01 (VIOLATED)
ANTENNA_57/DIODE                        0.75    0.76   -0.01 (VIOLATED)
_0733_/A1                               0.75    0.76   -0.01 (VIOLATED)
_0708_/Y                                0.75    0.76   -0.01 (VIOLATED)
_1080_/B                                0.75    0.76   -0.01 (VIOLATED)
_1081_/A_N                              0.75    0.76   -0.01 (VIOLATED)
_1151_/C_N                              0.75    0.76   -0.01 (VIOLATED)
_1079_/X                                0.75    0.76   -0.01 (VIOLATED)
_1156_/A1                               0.75    0.75   -0.00 (VIOLATED)
_0972_/A1                               0.75    0.75   -0.00 (VIOLATED)
_0931_/B1                               0.75    0.75   -0.00 (VIOLATED)
_0914_/A                                0.75    0.75   -0.00 (VIOLATED)
_1007_/A1                               0.75    0.75   -0.00 (VIOLATED)
_1051_/A1                               0.75    0.75   -0.00 (VIOLATED)
_0908_/X                                0.75    0.75   -0.00 (VIOLATED)


======================= Typical Corner ===================================

max slew

Pin                                    Limit    Slew   Slack
------------------------------------------------------------
_0929_/A2                               0.75    0.76   -0.01 (VIOLATED)
_0899_/B                                0.75    0.76   -0.01 (VIOLATED)
_0898_/Y                                0.75    0.76   -0.01 (VIOLATED)



===========================================================================
report_parasitic_annotation -report_unannotated
============================================================================
Found 0 unannotated drivers.
Found 0 partially unannotated drivers.

===========================================================================
max slew violation count 191
max fanout violation count 0
max cap violation count 0
============================================================================

===========================================================================
check_setup -verbose -unconstrained_endpoints -multiple_clock -no_clock -no_input_delay -loops -generated_clocks
===========================================================================
