[ERROR]: during executing yosys script /openlane/scripts/yosys/synth.tcl
[ERROR]: Log: designs/part3_regfile/runs/RUN_2026.05.16_09.09.23/logs/synthesis/1-synthesis.log
[ERROR]: Last 10 lines:

38. Executing ABC pass (technology mapping using ABC).

38.1. Extracting gate netlist of module `\register_file' to `<abc-temp-dir>/input.blif'..
Extracted 1180257 gates and 2228852 wires to a netlist network with 1048594 inputs and 65552 outputs.

38.1.1. Executing ABC.
sh: line 1:   582 Killed                  "/build/bin/yosys-abc" -s -f /tmp/yosys-abc-0lqDtY/abc.script 2>&1
ERROR: ABC: execution of command ""/build/bin/yosys-abc" -s -f /tmp/yosys-abc-0lqDtY/abc.script 2>&1" failed: return code 137.
child process exited abnormally

[ERROR]: Creating issue reproducible...
[ERROR]: Step 1 (synthesis) failed with error:
-code 1 -level 0 -errorcode NONE -errorinfo {
    while executing
"throw_error"
    (procedure "run_tcl_script" line 219)
    invoked from within
"run_tcl_script -tool yosys -no_consume {*}$args"
    (procedure "run_yosys_script" line 2)
    invoked from within
"run_yosys_script $::env(SYNTH_SCRIPT) -indexed_log $arg_values(-indexed_log)"
    (procedure "run_yosys" line 44)
    invoked from within
"run_yosys -indexed_log $log"
    (procedure "run_synthesis" line 13)
    invoked from within
"run_synthesis"} -errorline 1
[ERROR]: Flow failed.
