
===========================================================================
report_checks -path_delay min (Hold)
============================================================================
======================= Typical Corner ===================================

Startpoint: op[0] (input port clocked by __VIRTUAL_CLK__)
Endpoint: Y[10] (output port clocked by __VIRTUAL_CLK__)
Path Group: __VIRTUAL_CLK__
Path Type: min

Fanout     Cap    Slew   Delay    Time   Description
-----------------------------------------------------------------------------
                  0.00    0.00    0.00   clock __VIRTUAL_CLK__ (rise edge)
                          0.00    0.00   clock network delay (ideal)
                          2.00    2.00 ^ input external delay
                  0.02    0.01    2.01 ^ op[0] (in)
     1    0.00                           op[0] (net)
                  0.02    0.00    2.01 ^ input17/A (sky130_fd_sc_hd__buf_4)
                  0.04    0.09    2.11 ^ input17/X (sky130_fd_sc_hd__buf_4)
     3    0.01                           net17 (net)
                  0.04    0.00    2.11 ^ _0878_/A (sky130_fd_sc_hd__buf_6)
                  0.08    0.12    2.23 ^ _0878_/X (sky130_fd_sc_hd__buf_6)
    10    0.04                           _0160_ (net)
                  0.08    0.00    2.23 ^ _0943_/A (sky130_fd_sc_hd__nor3b_4)
                  0.04    0.05    2.28 v _0943_/Y (sky130_fd_sc_hd__nor3b_4)
     4    0.01                           _0222_ (net)
                  0.04    0.00    2.28 v _1253_/A1 (sky130_fd_sc_hd__a31o_4)
                  0.03    0.19    2.47 v _1253_/X (sky130_fd_sc_hd__a31o_4)
     1    0.00                           net21 (net)
                  0.03    0.00    2.47 v output21/A (sky130_fd_sc_hd__buf_2)
                  0.09    0.16    2.63 v output21/X (sky130_fd_sc_hd__buf_2)
     1    0.03                           Y[10] (net)
                  0.09    0.00    2.63 v Y[10] (out)
                                  2.63   data arrival time

                  0.00    0.00    0.00   clock __VIRTUAL_CLK__ (rise edge)
                          0.00    0.00   clock network delay (ideal)
                          0.25    0.25   clock uncertainty
                          0.00    0.25   clock reconvergence pessimism
                         -2.00   -1.75   output external delay
                                 -1.75   data required time
-----------------------------------------------------------------------------
                                 -1.75   data required time
                                 -2.63   data arrival time
-----------------------------------------------------------------------------
                                  4.38   slack (MET)


Startpoint: op[0] (input port clocked by __VIRTUAL_CLK__)
Endpoint: Y[12] (output port clocked by __VIRTUAL_CLK__)
Path Group: __VIRTUAL_CLK__
Path Type: min

Fanout     Cap    Slew   Delay    Time   Description
-----------------------------------------------------------------------------
                  0.00    0.00    0.00   clock __VIRTUAL_CLK__ (rise edge)
                          0.00    0.00   clock network delay (ideal)
                          2.00    2.00 ^ input external delay
                  0.02    0.01    2.01 ^ op[0] (in)
     1    0.00                           op[0] (net)
                  0.02    0.00    2.01 ^ input17/A (sky130_fd_sc_hd__buf_4)
                  0.04    0.09    2.11 ^ input17/X (sky130_fd_sc_hd__buf_4)
     3    0.01                           net17 (net)
                  0.04    0.00    2.11 ^ _0878_/A (sky130_fd_sc_hd__buf_6)
                  0.08    0.12    2.23 ^ _0878_/X (sky130_fd_sc_hd__buf_6)
    10    0.04                           _0160_ (net)
                  0.08    0.00    2.23 ^ _0943_/A (sky130_fd_sc_hd__nor3b_4)
                  0.04    0.05    2.28 v _0943_/Y (sky130_fd_sc_hd__nor3b_4)
     4    0.01                           _0222_ (net)
                  0.04    0.00    2.28 v _1298_/A1 (sky130_fd_sc_hd__a31o_4)
                  0.03    0.19    2.47 v _1298_/X (sky130_fd_sc_hd__a31o_4)
     1    0.00                           net23 (net)
                  0.03    0.00    2.47 v output23/A (sky130_fd_sc_hd__buf_2)
                  0.09    0.16    2.63 v output23/X (sky130_fd_sc_hd__buf_2)
     1    0.03                           Y[12] (net)
                  0.09    0.00    2.63 v Y[12] (out)
                                  2.63   data arrival time

                  0.00    0.00    0.00   clock __VIRTUAL_CLK__ (rise edge)
                          0.00    0.00   clock network delay (ideal)
                          0.25    0.25   clock uncertainty
                          0.00    0.25   clock reconvergence pessimism
                         -2.00   -1.75   output external delay
                                 -1.75   data required time
-----------------------------------------------------------------------------
                                 -1.75   data required time
                                 -2.63   data arrival time
-----------------------------------------------------------------------------
                                  4.38   slack (MET)


Startpoint: op[0] (input port clocked by __VIRTUAL_CLK__)
Endpoint: Y[4] (output port clocked by __VIRTUAL_CLK__)
Path Group: __VIRTUAL_CLK__
Path Type: min

Fanout     Cap    Slew   Delay    Time   Description
-----------------------------------------------------------------------------
                  0.00    0.00    0.00   clock __VIRTUAL_CLK__ (rise edge)
                          0.00    0.00   clock network delay (ideal)
                          2.00    2.00 ^ input external delay
                  0.02    0.01    2.01 ^ op[0] (in)
     1    0.00                           op[0] (net)
                  0.02    0.00    2.01 ^ input17/A (sky130_fd_sc_hd__buf_4)
                  0.04    0.09    2.11 ^ input17/X (sky130_fd_sc_hd__buf_4)
     3    0.01                           net17 (net)
                  0.04    0.00    2.11 ^ _0878_/A (sky130_fd_sc_hd__buf_6)
                  0.08    0.12    2.23 ^ _0878_/X (sky130_fd_sc_hd__buf_6)
    10    0.04                           _0160_ (net)
                  0.08    0.00    2.23 ^ _0943_/A (sky130_fd_sc_hd__nor3b_4)
                  0.04    0.05    2.28 v _0943_/Y (sky130_fd_sc_hd__nor3b_4)
     4    0.01                           _0222_ (net)
                  0.04    0.00    2.28 v _1009_/A1 (sky130_fd_sc_hd__a31o_2)
                  0.10    0.25    2.53 v _1009_/X (sky130_fd_sc_hd__a31o_2)
     1    0.03                           net30 (net)
                  0.10    0.00    2.53 v output30/A (sky130_fd_sc_hd__buf_2)
                  0.09    0.19    2.72 v output30/X (sky130_fd_sc_hd__buf_2)
     1    0.03                           Y[4] (net)
                  0.09    0.00    2.72 v Y[4] (out)
                                  2.72   data arrival time

                  0.00    0.00    0.00   clock __VIRTUAL_CLK__ (rise edge)
                          0.00    0.00   clock network delay (ideal)
                          0.25    0.25   clock uncertainty
                          0.00    0.25   clock reconvergence pessimism
                         -2.00   -1.75   output external delay
                                 -1.75   data required time
-----------------------------------------------------------------------------
                                 -1.75   data required time
                                 -2.72   data arrival time
-----------------------------------------------------------------------------
                                  4.47   slack (MET)


Startpoint: A[7] (input port clocked by __VIRTUAL_CLK__)
Endpoint: Y[9] (output port clocked by __VIRTUAL_CLK__)
Path Group: __VIRTUAL_CLK__
Path Type: min

Fanout     Cap    Slew   Delay    Time   Description
-----------------------------------------------------------------------------
                  0.00    0.00    0.00   clock __VIRTUAL_CLK__ (rise edge)
                          0.00    0.00   clock network delay (ideal)
                          2.00    2.00 v input external delay
                  0.02    0.01    2.01 v A[7] (in)
     1    0.01                           A[7] (net)
                  0.02    0.00    2.01 v input8/A (sky130_fd_sc_hd__buf_6)
                  0.08    0.14    2.15 v input8/X (sky130_fd_sc_hd__buf_6)
     6    0.08                           net8 (net)
                  0.08    0.01    2.16 v _1102_/A (sky130_fd_sc_hd__clkbuf_16)
                  0.05    0.17    2.34 v _1102_/X (sky130_fd_sc_hd__clkbuf_16)
    10    0.05                           _0389_ (net)
                  0.05    0.00    2.34 v _1190_/A1 (sky130_fd_sc_hd__a21oi_4)
                  0.09    0.12    2.46 ^ _1190_/Y (sky130_fd_sc_hd__a21oi_4)
     3    0.01                           _0485_ (net)
                  0.09    0.00    2.46 ^ _1225_/B1 (sky130_fd_sc_hd__a31o_1)
                  0.03    0.09    2.55 ^ _1225_/X (sky130_fd_sc_hd__a31o_1)
     1    0.00                           net35 (net)
                  0.03    0.00    2.55 ^ output35/A (sky130_fd_sc_hd__buf_2)
                  0.17    0.18    2.73 ^ output35/X (sky130_fd_sc_hd__buf_2)
     1    0.03                           Y[9] (net)
                  0.17    0.00    2.73 ^ Y[9] (out)
                                  2.73   data arrival time

                  0.00    0.00    0.00   clock __VIRTUAL_CLK__ (rise edge)
                          0.00    0.00   clock network delay (ideal)
                          0.25    0.25   clock uncertainty
                          0.00    0.25   clock reconvergence pessimism
                         -2.00   -1.75   output external delay
                                 -1.75   data required time
-----------------------------------------------------------------------------
                                 -1.75   data required time
                                 -2.73   data arrival time
-----------------------------------------------------------------------------
                                  4.48   slack (MET)


Startpoint: op[0] (input port clocked by __VIRTUAL_CLK__)
Endpoint: Y[1] (output port clocked by __VIRTUAL_CLK__)
Path Group: __VIRTUAL_CLK__
Path Type: min

Fanout     Cap    Slew   Delay    Time   Description
-----------------------------------------------------------------------------
                  0.00    0.00    0.00   clock __VIRTUAL_CLK__ (rise edge)
                          0.00    0.00   clock network delay (ideal)
                          2.00    2.00 ^ input external delay
                  0.02    0.01    2.01 ^ op[0] (in)
     1    0.00                           op[0] (net)
                  0.02    0.00    2.01 ^ input17/A (sky130_fd_sc_hd__buf_4)
                  0.04    0.09    2.11 ^ input17/X (sky130_fd_sc_hd__buf_4)
     3    0.01                           net17 (net)
                  0.04    0.00    2.11 ^ _0878_/A (sky130_fd_sc_hd__buf_6)
                  0.08    0.12    2.23 ^ _0878_/X (sky130_fd_sc_hd__buf_6)
    10    0.04                           _0160_ (net)
                  0.08    0.00    2.23 ^ _0917_/B (sky130_fd_sc_hd__or3_4)
                  0.05    0.13    2.36 ^ _0917_/X (sky130_fd_sc_hd__or3_4)
     3    0.01                           _0198_ (net)
                  0.05    0.00    2.36 ^ _0918_/B2 (sky130_fd_sc_hd__o22a_4)
                  0.11    0.17    2.53 ^ _0918_/X (sky130_fd_sc_hd__o22a_4)
     1    0.03                           net27 (net)
                  0.11    0.00    2.53 ^ output27/A (sky130_fd_sc_hd__buf_2)
                  0.17    0.21    2.74 ^ output27/X (sky130_fd_sc_hd__buf_2)
     1    0.03                           Y[1] (net)
                  0.17    0.00    2.74 ^ Y[1] (out)
                                  2.74   data arrival time

                  0.00    0.00    0.00   clock __VIRTUAL_CLK__ (rise edge)
                          0.00    0.00   clock network delay (ideal)
                          0.25    0.25   clock uncertainty
                          0.00    0.25   clock reconvergence pessimism
                         -2.00   -1.75   output external delay
                                 -1.75   data required time
-----------------------------------------------------------------------------
                                 -1.75   data required time
                                 -2.74   data arrival time
-----------------------------------------------------------------------------
                                  4.49   slack (MET)


Startpoint: op[0] (input port clocked by __VIRTUAL_CLK__)
Endpoint: Y[8] (output port clocked by __VIRTUAL_CLK__)
Path Group: __VIRTUAL_CLK__
Path Type: min

Fanout     Cap    Slew   Delay    Time   Description
-----------------------------------------------------------------------------
                  0.00    0.00    0.00   clock __VIRTUAL_CLK__ (rise edge)
                          0.00    0.00   clock network delay (ideal)
                          2.00    2.00 ^ input external delay
                  0.02    0.01    2.01 ^ op[0] (in)
     1    0.00                           op[0] (net)
                  0.02    0.00    2.01 ^ input17/A (sky130_fd_sc_hd__buf_4)
                  0.04    0.09    2.11 ^ input17/X (sky130_fd_sc_hd__buf_4)
     3    0.01                           net17 (net)
                  0.04    0.00    2.11 ^ _0878_/A (sky130_fd_sc_hd__buf_6)
                  0.08    0.12    2.23 ^ _0878_/X (sky130_fd_sc_hd__buf_6)
    10    0.04                           _0160_ (net)
                  0.08    0.00    2.23 ^ _0917_/B (sky130_fd_sc_hd__or3_4)
                  0.05    0.13    2.36 ^ _0917_/X (sky130_fd_sc_hd__or3_4)
     3    0.01                           _0198_ (net)
                  0.05    0.00    2.36 ^ _1191_/B1 (sky130_fd_sc_hd__a21oi_2)
                  0.05    0.05    2.41 v _1191_/Y (sky130_fd_sc_hd__a21oi_2)
     1    0.02                           _0486_ (net)
                  0.05    0.00    2.41 v _1192_/C1 (sky130_fd_sc_hd__a211o_1)
                  0.04    0.20    2.61 v _1192_/X (sky130_fd_sc_hd__a211o_1)
     1    0.00                           net34 (net)
                  0.04    0.00    2.61 v output34/A (sky130_fd_sc_hd__buf_2)
                  0.09    0.17    2.78 v output34/X (sky130_fd_sc_hd__buf_2)
     1    0.03                           Y[8] (net)
                  0.09    0.00    2.78 v Y[8] (out)
                                  2.78   data arrival time

                  0.00    0.00    0.00   clock __VIRTUAL_CLK__ (rise edge)
                          0.00    0.00   clock network delay (ideal)
                          0.25    0.25   clock uncertainty
                          0.00    0.25   clock reconvergence pessimism
                         -2.00   -1.75   output external delay
                                 -1.75   data required time
-----------------------------------------------------------------------------
                                 -1.75   data required time
                                 -2.78   data arrival time
-----------------------------------------------------------------------------
                                  4.53   slack (MET)


Startpoint: op[0] (input port clocked by __VIRTUAL_CLK__)
Endpoint: Y[13] (output port clocked by __VIRTUAL_CLK__)
Path Group: __VIRTUAL_CLK__
Path Type: min

Fanout     Cap    Slew   Delay    Time   Description
-----------------------------------------------------------------------------
                  0.00    0.00    0.00   clock __VIRTUAL_CLK__ (rise edge)
                          0.00    0.00   clock network delay (ideal)
                          2.00    2.00 ^ input external delay
                  0.02    0.01    2.01 ^ op[0] (in)
     1    0.00                           op[0] (net)
                  0.02    0.00    2.01 ^ input17/A (sky130_fd_sc_hd__buf_4)
                  0.04    0.09    2.11 ^ input17/X (sky130_fd_sc_hd__buf_4)
     3    0.01                           net17 (net)
                  0.04    0.00    2.11 ^ _0878_/A (sky130_fd_sc_hd__buf_6)
                  0.08    0.12    2.23 ^ _0878_/X (sky130_fd_sc_hd__buf_6)
    10    0.04                           _0160_ (net)
                  0.08    0.00    2.23 ^ _0943_/A (sky130_fd_sc_hd__nor3b_4)
                  0.04    0.05    2.28 v _0943_/Y (sky130_fd_sc_hd__nor3b_4)
     4    0.01                           _0222_ (net)
                  0.04    0.00    2.28 v max_cap59/A (sky130_fd_sc_hd__clkbuf_2)
                  0.03    0.10    2.37 v max_cap59/X (sky130_fd_sc_hd__clkbuf_2)
     2    0.00                           net59 (net)
                  0.03    0.00    2.37 v _1312_/A1 (sky130_fd_sc_hd__a31o_1)
                  0.09    0.21    2.59 v _1312_/X (sky130_fd_sc_hd__a31o_1)
     1    0.02                           net24 (net)
                  0.09    0.00    2.59 v output24/A (sky130_fd_sc_hd__buf_2)
                  0.09    0.19    2.78 v output24/X (sky130_fd_sc_hd__buf_2)
     1    0.03                           Y[13] (net)
                  0.09    0.00    2.78 v Y[13] (out)
                                  2.78   data arrival time

                  0.00    0.00    0.00   clock __VIRTUAL_CLK__ (rise edge)
                          0.00    0.00   clock network delay (ideal)
                          0.25    0.25   clock uncertainty
                          0.00    0.25   clock reconvergence pessimism
                         -2.00   -1.75   output external delay
                                 -1.75   data required time
-----------------------------------------------------------------------------
                                 -1.75   data required time
                                 -2.78   data arrival time
-----------------------------------------------------------------------------
                                  4.53   slack (MET)


Startpoint: A[6] (input port clocked by __VIRTUAL_CLK__)
Endpoint: Y[7] (output port clocked by __VIRTUAL_CLK__)
Path Group: __VIRTUAL_CLK__
Path Type: min

Fanout     Cap    Slew   Delay    Time   Description
-----------------------------------------------------------------------------
                  0.00    0.00    0.00   clock __VIRTUAL_CLK__ (rise edge)
                          0.00    0.00   clock network delay (ideal)
                          2.00    2.00 v input external delay
                  0.02    0.01    2.01 v A[6] (in)
     1    0.01                           A[6] (net)
                  0.02    0.00    2.01 v input7/A (sky130_fd_sc_hd__buf_8)
                  0.04    0.12    2.13 v input7/X (sky130_fd_sc_hd__buf_8)
     9    0.04                           net7 (net)
                  0.04    0.00    2.13 v _1063_/A (sky130_fd_sc_hd__inv_6)
                  0.07    0.08    2.21 ^ _1063_/Y (sky130_fd_sc_hd__inv_6)
     6    0.03                           _0347_ (net)
                  0.07    0.00    2.21 ^ _1086_/A (sky130_fd_sc_hd__nor2_8)
                  0.03    0.06    2.26 v _1086_/Y (sky130_fd_sc_hd__nor2_8)
     7    0.03                           _0372_ (net)
                  0.03    0.00    2.26 v _1107_/A1 (sky130_fd_sc_hd__o21bai_4)
                  0.05    0.13    2.39 ^ _1107_/Y (sky130_fd_sc_hd__o21bai_4)
     2    0.01                           _0394_ (net)
                  0.05    0.00    2.39 ^ _1156_/A3 (sky130_fd_sc_hd__a311o_2)
                  0.12    0.23    2.62 ^ _1156_/X (sky130_fd_sc_hd__a311o_2)
     1    0.02                           net33 (net)
                  0.12    0.00    2.62 ^ output33/A (sky130_fd_sc_hd__clkbuf_4)
                  0.12    0.21    2.83 ^ output33/X (sky130_fd_sc_hd__clkbuf_4)
     1    0.04                           Y[7] (net)
                  0.12    0.00    2.83 ^ Y[7] (out)
                                  2.83   data arrival time

                  0.00    0.00    0.00   clock __VIRTUAL_CLK__ (rise edge)
                          0.00    0.00   clock network delay (ideal)
                          0.25    0.25   clock uncertainty
                          0.00    0.25   clock reconvergence pessimism
                         -2.00   -1.75   output external delay
                                 -1.75   data required time
-----------------------------------------------------------------------------
                                 -1.75   data required time
                                 -2.83   data arrival time
-----------------------------------------------------------------------------
                                  4.58   slack (MET)


Startpoint: op[0] (input port clocked by __VIRTUAL_CLK__)
Endpoint: Y[5] (output port clocked by __VIRTUAL_CLK__)
Path Group: __VIRTUAL_CLK__
Path Type: min

Fanout     Cap    Slew   Delay    Time   Description
-----------------------------------------------------------------------------
                  0.00    0.00    0.00   clock __VIRTUAL_CLK__ (rise edge)
                          0.00    0.00   clock network delay (ideal)
                          2.00    2.00 ^ input external delay
                  0.02    0.01    2.01 ^ op[0] (in)
     1    0.00                           op[0] (net)
                  0.02    0.00    2.01 ^ input17/A (sky130_fd_sc_hd__buf_4)
                  0.04    0.09    2.11 ^ input17/X (sky130_fd_sc_hd__buf_4)
     3    0.01                           net17 (net)
                  0.04    0.00    2.11 ^ _0878_/A (sky130_fd_sc_hd__buf_6)
                  0.08    0.12    2.23 ^ _0878_/X (sky130_fd_sc_hd__buf_6)
    10    0.04                           _0160_ (net)
                  0.08    0.00    2.23 ^ _0908_/A_N (sky130_fd_sc_hd__and2b_4)
                  0.04    0.20    2.42 v _0908_/X (sky130_fd_sc_hd__and2b_4)
     6    0.01                           _0189_ (net)
                  0.04    0.00    2.42 v _1051_/A1 (sky130_fd_sc_hd__a31o_2)
                  0.08    0.23    2.66 v _1051_/X (sky130_fd_sc_hd__a31o_2)
     1    0.02                           net31 (net)
                  0.08    0.00    2.66 v output31/A (sky130_fd_sc_hd__buf_2)
                  0.09    0.18    2.84 v output31/X (sky130_fd_sc_hd__buf_2)
     1    0.03                           Y[5] (net)
                  0.09    0.00    2.84 v Y[5] (out)
                                  2.84   data arrival time

                  0.00    0.00    0.00   clock __VIRTUAL_CLK__ (rise edge)
                          0.00    0.00   clock network delay (ideal)
                          0.25    0.25   clock uncertainty
                          0.00    0.25   clock reconvergence pessimism
                         -2.00   -1.75   output external delay
                                 -1.75   data required time
-----------------------------------------------------------------------------
                                 -1.75   data required time
                                 -2.84   data arrival time
-----------------------------------------------------------------------------
                                  4.59   slack (MET)


Startpoint: op[2] (input port clocked by __VIRTUAL_CLK__)
Endpoint: Y[6] (output port clocked by __VIRTUAL_CLK__)
Path Group: __VIRTUAL_CLK__
Path Type: min

Fanout     Cap    Slew   Delay    Time   Description
-----------------------------------------------------------------------------
                  0.00    0.00    0.00   clock __VIRTUAL_CLK__ (rise edge)
                          0.00    0.00   clock network delay (ideal)
                          2.00    2.00 ^ input external delay
                  0.03    0.02    2.02 ^ op[2] (in)
     1    0.01                           op[2] (net)
                  0.03    0.00    2.02 ^ input19/A (sky130_fd_sc_hd__clkbuf_8)
                  0.06    0.12    2.14 ^ input19/X (sky130_fd_sc_hd__clkbuf_8)
     5    0.02                           net19 (net)
                  0.06    0.00    2.14 ^ _0875_/A (sky130_fd_sc_hd__buf_8)
                  0.08    0.12    2.27 ^ _0875_/X (sky130_fd_sc_hd__buf_8)
    10    0.04                           _0157_ (net)
                  0.08    0.00    2.27 ^ _1044_/B (sky130_fd_sc_hd__or3b_4)
                  0.06    0.14    2.41 ^ _1044_/X (sky130_fd_sc_hd__or3b_4)
     3    0.01                           _0327_ (net)
                  0.06    0.00    2.41 ^ _1100_/A1 (sky130_fd_sc_hd__o31ai_4)
                  0.06    0.10    2.51 v _1100_/Y (sky130_fd_sc_hd__o31ai_4)
     1    0.02                           _0388_ (net)
                  0.06    0.00    2.51 v _1101_/B1 (sky130_fd_sc_hd__a31o_1)
                  0.03    0.17    2.68 v _1101_/X (sky130_fd_sc_hd__a31o_1)
     1    0.00                           net32 (net)
                  0.03    0.00    2.68 v output32/A (sky130_fd_sc_hd__buf_2)
                  0.09    0.16    2.84 v output32/X (sky130_fd_sc_hd__buf_2)
     1    0.03                           Y[6] (net)
                  0.09    0.00    2.85 v Y[6] (out)
                                  2.85   data arrival time

                  0.00    0.00    0.00   clock __VIRTUAL_CLK__ (rise edge)
                          0.00    0.00   clock network delay (ideal)
                          0.25    0.25   clock uncertainty
                          0.00    0.25   clock reconvergence pessimism
                         -2.00   -1.75   output external delay
                                 -1.75   data required time
-----------------------------------------------------------------------------
                                 -1.75   data required time
                                 -2.85   data arrival time
-----------------------------------------------------------------------------
                                  4.60   slack (MET)


Startpoint: A[7] (input port clocked by __VIRTUAL_CLK__)
Endpoint: Y[14] (output port clocked by __VIRTUAL_CLK__)
Path Group: __VIRTUAL_CLK__
Path Type: min

Fanout     Cap    Slew   Delay    Time   Description
-----------------------------------------------------------------------------
                  0.00    0.00    0.00   clock __VIRTUAL_CLK__ (rise edge)
                          0.00    0.00   clock network delay (ideal)
                          2.00    2.00 v input external delay
                  0.02    0.01    2.01 v A[7] (in)
     1    0.01                           A[7] (net)
                  0.02    0.00    2.01 v input8/A (sky130_fd_sc_hd__buf_6)
                  0.08    0.14    2.15 v input8/X (sky130_fd_sc_hd__buf_6)
     6    0.08                           net8 (net)
                  0.08    0.01    2.16 v _1102_/A (sky130_fd_sc_hd__clkbuf_16)
                  0.05    0.17    2.34 v _1102_/X (sky130_fd_sc_hd__clkbuf_16)
    10    0.05                           _0389_ (net)
                  0.05    0.00    2.34 v _1190_/A1 (sky130_fd_sc_hd__a21oi_4)
                  0.09    0.12    2.46 ^ _1190_/Y (sky130_fd_sc_hd__a21oi_4)
     3    0.01                           _0485_ (net)
                  0.09    0.00    2.46 ^ wire44/A (sky130_fd_sc_hd__buf_4)
                  0.07    0.14    2.60 ^ wire44/X (sky130_fd_sc_hd__buf_4)
     6    0.02                           net44 (net)
                  0.07    0.00    2.60 ^ _1320_/B1 (sky130_fd_sc_hd__a31o_2)
                  0.03    0.09    2.68 ^ _1320_/X (sky130_fd_sc_hd__a31o_2)
     1    0.00                           net25 (net)
                  0.03    0.00    2.68 ^ output25/A (sky130_fd_sc_hd__clkbuf_4)
                  0.12    0.18    2.86 ^ output25/X (sky130_fd_sc_hd__clkbuf_4)
     1    0.04                           Y[14] (net)
                  0.12    0.00    2.86 ^ Y[14] (out)
                                  2.86   data arrival time

                  0.00    0.00    0.00   clock __VIRTUAL_CLK__ (rise edge)
                          0.00    0.00   clock network delay (ideal)
                          0.25    0.25   clock uncertainty
                          0.00    0.25   clock reconvergence pessimism
                         -2.00   -1.75   output external delay
                                 -1.75   data required time
-----------------------------------------------------------------------------
                                 -1.75   data required time
                                 -2.86   data arrival time
-----------------------------------------------------------------------------
                                  4.61   slack (MET)


Startpoint: A[7] (input port clocked by __VIRTUAL_CLK__)
Endpoint: Y[11] (output port clocked by __VIRTUAL_CLK__)
Path Group: __VIRTUAL_CLK__
Path Type: min

Fanout     Cap    Slew   Delay    Time   Description
-----------------------------------------------------------------------------
                  0.00    0.00    0.00   clock __VIRTUAL_CLK__ (rise edge)
                          0.00    0.00   clock network delay (ideal)
                          2.00    2.00 v input external delay
                  0.02    0.01    2.01 v A[7] (in)
     1    0.01                           A[7] (net)
                  0.02    0.00    2.01 v input8/A (sky130_fd_sc_hd__buf_6)
                  0.08    0.14    2.15 v input8/X (sky130_fd_sc_hd__buf_6)
     6    0.08                           net8 (net)
                  0.08    0.01    2.16 v _1102_/A (sky130_fd_sc_hd__clkbuf_16)
                  0.05    0.17    2.34 v _1102_/X (sky130_fd_sc_hd__clkbuf_16)
    10    0.05                           _0389_ (net)
                  0.05    0.00    2.34 v _1190_/A1 (sky130_fd_sc_hd__a21oi_4)
                  0.09    0.12    2.46 ^ _1190_/Y (sky130_fd_sc_hd__a21oi_4)
     3    0.01                           _0485_ (net)
                  0.09    0.00    2.46 ^ wire44/A (sky130_fd_sc_hd__buf_4)
                  0.07    0.14    2.60 ^ wire44/X (sky130_fd_sc_hd__buf_4)
     6    0.02                           net44 (net)
                  0.07    0.00    2.60 ^ _1278_/B1 (sky130_fd_sc_hd__a31o_2)
                  0.03    0.09    2.68 ^ _1278_/X (sky130_fd_sc_hd__a31o_2)
     1    0.00                           net22 (net)
                  0.03    0.00    2.68 ^ output22/A (sky130_fd_sc_hd__buf_2)
                  0.17    0.18    2.86 ^ output22/X (sky130_fd_sc_hd__buf_2)
     1    0.03                           Y[11] (net)
                  0.17    0.00    2.86 ^ Y[11] (out)
                                  2.86   data arrival time

                  0.00    0.00    0.00   clock __VIRTUAL_CLK__ (rise edge)
                          0.00    0.00   clock network delay (ideal)
                          0.25    0.25   clock uncertainty
                          0.00    0.25   clock reconvergence pessimism
                         -2.00   -1.75   output external delay
                                 -1.75   data required time
-----------------------------------------------------------------------------
                                 -1.75   data required time
                                 -2.86   data arrival time
-----------------------------------------------------------------------------
                                  4.61   slack (MET)


Startpoint: A[0] (input port clocked by __VIRTUAL_CLK__)
Endpoint: Y[0] (output port clocked by __VIRTUAL_CLK__)
Path Group: __VIRTUAL_CLK__
Path Type: min

Fanout     Cap    Slew   Delay    Time   Description
-----------------------------------------------------------------------------
                  0.00    0.00    0.00   clock __VIRTUAL_CLK__ (rise edge)
                          0.00    0.00   clock network delay (ideal)
                          2.00    2.00 ^ input external delay
                  0.05    0.03    2.03 ^ A[0] (in)
     1    0.01                           A[0] (net)
                  0.05    0.00    2.03 ^ input1/A (sky130_fd_sc_hd__buf_8)
                  0.09    0.13    2.15 ^ input1/X (sky130_fd_sc_hd__buf_8)
     7    0.05                           net1 (net)
                  0.09    0.00    2.15 ^ _0857_/A (sky130_fd_sc_hd__clkbuf_16)
                  0.08    0.17    2.32 ^ _0857_/X (sky130_fd_sc_hd__clkbuf_16)
    10    0.06                           _0139_ (net)
                  0.08    0.00    2.32 ^ _0886_/B (sky130_fd_sc_hd__nand2_8)
                  0.04    0.06    2.38 v _0886_/Y (sky130_fd_sc_hd__nand2_8)
     4    0.02                           _0168_ (net)
                  0.04    0.00    2.38 v _0892_/B1 (sky130_fd_sc_hd__a21oi_1)
                  0.07    0.09    2.46 ^ _0892_/Y (sky130_fd_sc_hd__a21oi_1)
     1    0.00                           _0174_ (net)
                  0.07    0.00    2.46 ^ _0895_/C (sky130_fd_sc_hd__or4_2)
                  0.08    0.14    2.61 ^ _0895_/X (sky130_fd_sc_hd__or4_2)
     1    0.01                           _0177_ (net)
                  0.08    0.00    2.61 ^ _0896_/A (sky130_fd_sc_hd__buf_1)
                  0.10    0.12    2.73 ^ _0896_/X (sky130_fd_sc_hd__buf_1)
     1    0.01                           net20 (net)
                  0.10    0.00    2.73 ^ output20/A (sky130_fd_sc_hd__clkbuf_4)
                  0.12    0.20    2.93 ^ output20/X (sky130_fd_sc_hd__clkbuf_4)
     1    0.04                           Y[0] (net)
                  0.12    0.00    2.93 ^ Y[0] (out)
                                  2.93   data arrival time

                  0.00    0.00    0.00   clock __VIRTUAL_CLK__ (rise edge)
                          0.00    0.00   clock network delay (ideal)
                          0.25    0.25   clock uncertainty
                          0.00    0.25   clock reconvergence pessimism
                         -2.00   -1.75   output external delay
                                 -1.75   data required time
-----------------------------------------------------------------------------
                                 -1.75   data required time
                                 -2.93   data arrival time
-----------------------------------------------------------------------------
                                  4.68   slack (MET)


Startpoint: op[0] (input port clocked by __VIRTUAL_CLK__)
Endpoint: Y[3] (output port clocked by __VIRTUAL_CLK__)
Path Group: __VIRTUAL_CLK__
Path Type: min

Fanout     Cap    Slew   Delay    Time   Description
-----------------------------------------------------------------------------
                  0.00    0.00    0.00   clock __VIRTUAL_CLK__ (rise edge)
                          0.00    0.00   clock network delay (ideal)
                          2.00    2.00 ^ input external delay
                  0.02    0.01    2.01 ^ op[0] (in)
     1    0.00                           op[0] (net)
                  0.02    0.00    2.01 ^ input17/A (sky130_fd_sc_hd__buf_4)
                  0.04    0.09    2.11 ^ input17/X (sky130_fd_sc_hd__buf_4)
     3    0.01                           net17 (net)
                  0.04    0.00    2.11 ^ _0878_/A (sky130_fd_sc_hd__buf_6)
                  0.08    0.12    2.23 ^ _0878_/X (sky130_fd_sc_hd__buf_6)
    10    0.04                           _0160_ (net)
                  0.08    0.00    2.23 ^ _0904_/D (sky130_fd_sc_hd__and4b_4)
                  0.06    0.23    2.46 ^ _0904_/X (sky130_fd_sc_hd__and4b_4)
     3    0.01                           _0185_ (net)
                  0.06    0.00    2.46 ^ _0972_/B1 (sky130_fd_sc_hd__a32o_2)
                  0.04    0.11    2.56 ^ _0972_/X (sky130_fd_sc_hd__a32o_2)
     1    0.00                           _0251_ (net)
                  0.04    0.00    2.56 ^ _0973_/C1 (sky130_fd_sc_hd__a211o_1)
                  0.14    0.15    2.72 ^ _0973_/X (sky130_fd_sc_hd__a211o_1)
     1    0.02                           net29 (net)
                  0.14    0.00    2.72 ^ output29/A (sky130_fd_sc_hd__buf_2)
                  0.17    0.22    2.94 ^ output29/X (sky130_fd_sc_hd__buf_2)
     1    0.03                           Y[3] (net)
                  0.17    0.00    2.94 ^ Y[3] (out)
                                  2.94   data arrival time

                  0.00    0.00    0.00   clock __VIRTUAL_CLK__ (rise edge)
                          0.00    0.00   clock network delay (ideal)
                          0.25    0.25   clock uncertainty
                          0.00    0.25   clock reconvergence pessimism
                         -2.00   -1.75   output external delay
                                 -1.75   data required time
-----------------------------------------------------------------------------
                                 -1.75   data required time
                                 -2.94   data arrival time
-----------------------------------------------------------------------------
                                  4.69   slack (MET)


Startpoint: op[0] (input port clocked by __VIRTUAL_CLK__)
Endpoint: Y[2] (output port clocked by __VIRTUAL_CLK__)
Path Group: __VIRTUAL_CLK__
Path Type: min

Fanout     Cap    Slew   Delay    Time   Description
-----------------------------------------------------------------------------
                  0.00    0.00    0.00   clock __VIRTUAL_CLK__ (rise edge)
                          0.00    0.00   clock network delay (ideal)
                          2.00    2.00 ^ input external delay
                  0.02    0.01    2.01 ^ op[0] (in)
     1    0.00                           op[0] (net)
                  0.02    0.00    2.01 ^ input17/A (sky130_fd_sc_hd__buf_4)
                  0.04    0.09    2.11 ^ input17/X (sky130_fd_sc_hd__buf_4)
     3    0.01                           net17 (net)
                  0.04    0.00    2.11 ^ _0878_/A (sky130_fd_sc_hd__buf_6)
                  0.08    0.12    2.23 ^ _0878_/X (sky130_fd_sc_hd__buf_6)
    10    0.04                           _0160_ (net)
                  0.08    0.00    2.23 ^ _0904_/D (sky130_fd_sc_hd__and4b_4)
                  0.06    0.23    2.46 ^ _0904_/X (sky130_fd_sc_hd__and4b_4)
     3    0.01                           _0185_ (net)
                  0.06    0.00    2.46 ^ _0931_/A2 (sky130_fd_sc_hd__a22o_2)
                  0.03    0.13    2.58 ^ _0931_/X (sky130_fd_sc_hd__a22o_2)
     1    0.00                           _0211_ (net)
                  0.03    0.00    2.58 ^ _0941_/B (sky130_fd_sc_hd__or3b_1)
                  0.03    0.08    2.66 ^ _0941_/X (sky130_fd_sc_hd__or3b_1)
     1    0.00                           _0221_ (net)
                  0.03    0.00    2.66 ^ _0942_/A (sky130_fd_sc_hd__clkbuf_2)
                  0.14    0.16    2.83 ^ _0942_/X (sky130_fd_sc_hd__clkbuf_2)
     1    0.03                           net28 (net)
                  0.14    0.00    2.83 ^ output28/A (sky130_fd_sc_hd__clkbuf_4)
                  0.12    0.22    3.04 ^ output28/X (sky130_fd_sc_hd__clkbuf_4)
     1    0.04                           Y[2] (net)
                  0.12    0.00    3.04 ^ Y[2] (out)
                                  3.04   data arrival time

                  0.00    0.00    0.00   clock __VIRTUAL_CLK__ (rise edge)
                          0.00    0.00   clock network delay (ideal)
                          0.25    0.25   clock uncertainty
                          0.00    0.25   clock reconvergence pessimism
                         -2.00   -1.75   output external delay
                                 -1.75   data required time
-----------------------------------------------------------------------------
                                 -1.75   data required time
                                 -3.04   data arrival time
-----------------------------------------------------------------------------
                                  4.79   slack (MET)


Startpoint: A[7] (input port clocked by __VIRTUAL_CLK__)
Endpoint: Y[15] (output port clocked by __VIRTUAL_CLK__)
Path Group: __VIRTUAL_CLK__
Path Type: min

Fanout     Cap    Slew   Delay    Time   Description
-----------------------------------------------------------------------------
                  0.00    0.00    0.00   clock __VIRTUAL_CLK__ (rise edge)
                          0.00    0.00   clock network delay (ideal)
                          2.00    2.00 v input external delay
                  0.02    0.01    2.01 v A[7] (in)
     1    0.01                           A[7] (net)
                  0.02    0.00    2.01 v input8/A (sky130_fd_sc_hd__buf_6)
                  0.08    0.14    2.15 v input8/X (sky130_fd_sc_hd__buf_6)
     6    0.08                           net8 (net)
                  0.08    0.01    2.16 v _1102_/A (sky130_fd_sc_hd__clkbuf_16)
                  0.05    0.17    2.34 v _1102_/X (sky130_fd_sc_hd__clkbuf_16)
    10    0.05                           _0389_ (net)
                  0.05    0.00    2.34 v _1190_/A1 (sky130_fd_sc_hd__a21oi_4)
                  0.09    0.12    2.46 ^ _1190_/Y (sky130_fd_sc_hd__a21oi_4)
     3    0.01                           _0485_ (net)
                  0.09    0.00    2.46 ^ wire44/A (sky130_fd_sc_hd__buf_4)
                  0.07    0.14    2.60 ^ wire44/X (sky130_fd_sc_hd__buf_4)
     6    0.02                           net44 (net)
                  0.07    0.00    2.60 ^ _1322_/A (sky130_fd_sc_hd__or2b_2)
                  0.13    0.17    2.77 ^ _1322_/X (sky130_fd_sc_hd__or2b_2)
     1    0.03                           _0623_ (net)
                  0.13    0.00    2.77 ^ _1323_/A (sky130_fd_sc_hd__buf_2)
                  0.02    0.11    2.88 ^ _1323_/X (sky130_fd_sc_hd__buf_2)
     1    0.00                           net26 (net)
                  0.02    0.00    2.88 ^ output26/A (sky130_fd_sc_hd__buf_2)
                  0.17    0.18    3.06 ^ output26/X (sky130_fd_sc_hd__buf_2)
     1    0.03                           Y[15] (net)
                  0.17    0.00    3.06 ^ Y[15] (out)
                                  3.06   data arrival time

                  0.00    0.00    0.00   clock __VIRTUAL_CLK__ (rise edge)
                          0.00    0.00   clock network delay (ideal)
                          0.25    0.25   clock uncertainty
                          0.00    0.25   clock reconvergence pessimism
                         -2.00   -1.75   output external delay
                                 -1.75   data required time
-----------------------------------------------------------------------------
                                 -1.75   data required time
                                 -3.06   data arrival time
-----------------------------------------------------------------------------
                                  4.81   slack (MET)



