
61. Printing statistics.

=== register_file ===

   Number of wires:                824
   Number of wire bits:            869
   Number of public wires:         262
   Number of public wire bits:     307
   Number of memories:               0
   Number of memory bits:            0
   Number of processes:              0
   Number of cells:                834
     sky130_fd_sc_hd__a21bo_2       16
     sky130_fd_sc_hd__a21oi_2       14
     sky130_fd_sc_hd__a22o_2       256
     sky130_fd_sc_hd__a31oi_2        1
     sky130_fd_sc_hd__and2_2        16
     sky130_fd_sc_hd__and2b_2        1
     sky130_fd_sc_hd__and3_2         1
     sky130_fd_sc_hd__and4_2        16
     sky130_fd_sc_hd__and4b_2        1
     sky130_fd_sc_hd__and4bb_2       2
     sky130_fd_sc_hd__buf_1        100
     sky130_fd_sc_hd__dfxtp_2      256
     sky130_fd_sc_hd__inv_2          3
     sky130_fd_sc_hd__mux2_2        16
     sky130_fd_sc_hd__mux4_2        48
     sky130_fd_sc_hd__nand3b_2      16
     sky130_fd_sc_hd__nor2b_2        2
     sky130_fd_sc_hd__nor3_2         1
     sky130_fd_sc_hd__nor4b_2        2
     sky130_fd_sc_hd__o22a_2        16
     sky130_fd_sc_hd__o31a_2        17
     sky130_fd_sc_hd__or3b_2        32
     sky130_fd_sc_hd__or4b_2         1

   Chip area for module '\register_file': 11141.936000

