%Warning-PINCONNECTEMPTY: /openlane/designs/part5_full/src/cpu_top.v:78:10: Cell pin connected by name with empty reference: 'data_out'
   78 |         .data_out()
      |          ^~~~~~~~
                          ... For warning description see https://verilator.org/warn/PINCONNECTEMPTY?v=5.009
                          ... Use "/* verilator lint_off PINCONNECTEMPTY */" and lint_on around source to disable this message.
%Warning-IMPLICIT: /openlane/designs/part5_full/src/full_system.v:37:14: Signal definition not found, creating implicitly: 'cpu_results'
                                                                       : ... Suggested alternative: 'cpu_result'
   37 |     .result (cpu_results),
      |              ^~~~~~~~~~~
%Warning-WIDTHEXPAND: /openlane/designs/part5_full/src/full_system.v:37:6: Output port connection 'result' expects 8 bits on the pin connection, but pin connection's VARREF 'cpu_results' generates 1 bits.
                                                                         : ... In instance full_system
   37 |     .result (cpu_results),
      |      ^~~~~~
%Warning-UNUSEDSIGNAL: /openlane/designs/part5_full/src/full_system.v:14:6: Signal is not used: 'btn_pulse'
                                                                          : ... In instance full_system
   14 | wire btn_pulse;
      |      ^~~~~~~~~
%Warning-UNDRIVEN: /openlane/designs/part5_full/src/full_system.v:15:12: Signal is not driven: 'cpu_result'
                                                                       : ... In instance full_system
   15 | wire [7:0] cpu_result;
      |            ^~~~~~~~~~
%Warning-UNUSEDSIGNAL: /openlane/designs/part5_full/src/full_system.v:16:13: Signal is not used: 'pc_out'
                                                                           : ... In instance full_system
   16 | wire [15:0] pc_out;
      |             ^~~~~~
%Warning-UNUSEDSIGNAL: /openlane/designs/part5_full/src/full_system.v:37:14: Signal is not used: 'cpu_results'
                                                                           : ... In instance full_system
   37 |     .result (cpu_results),
      |              ^~~~~~~~~~~
%Warning-UNUSEDSIGNAL: /openlane/designs/part5_full/src/cpu_top.v:19:17: Bits of signal are not used: 'reg_a_data'[15:8]
                                                                       : ... In instance full_system.u_cpu
   19 |     wire [15:0] reg_a_data, reg_b_data;
      |                 ^~~~~~~~~~
%Warning-UNUSEDSIGNAL: /openlane/designs/part5_full/src/cpu_top.v:19:29: Bits of signal are not used: 'reg_b_data'[15:8]
                                                                       : ... In instance full_system.u_cpu
   19 |     wire [15:0] reg_a_data, reg_b_data;
      |                             ^~~~~~~~~~
%Warning-SYNCASYNCNET: /openlane/designs/part5_full/src/full_system.v:6:11: Signal flopped as both synchronous and async: 'rst'
                       /openlane/designs/part5_full/src/debouncer.v:16:13: ... Location of async usage
   16 |         if (rst) begin
      |             ^~~
                       /openlane/designs/part5_full/src/cpu_top.v:82:13: ... Location of sync usage
   82 |         if (rst)
      |             ^~~
