
 /----------------------------------------------------------------------------\
 |                                                                            |
 |  yosys -- Yosys Open SYnthesis Suite                                       |
 |                                                                            |
 |  Copyright (C) 2012 - 2020  Claire Xenia Wolf <claire@yosyshq.com>         |
 |                                                                            |
 |  Permission to use, copy, modify, and/or distribute this software for any  |
 |  purpose with or without fee is hereby granted, provided that the above    |
 |  copyright notice and this permission notice appear in all copies.         |
 |                                                                            |
 |  THE SOFTWARE IS PROVIDED "AS IS" AND THE AUTHOR DISCLAIMS ALL WARRANTIES  |
 |  WITH REGARD TO THIS SOFTWARE INCLUDING ALL IMPLIED WARRANTIES OF          |
 |  MERCHANTABILITY AND FITNESS. IN NO EVENT SHALL THE AUTHOR BE LIABLE FOR   |
 |  ANY SPECIAL, DIRECT, INDIRECT, OR CONSEQUENTIAL DAMAGES OR ANY DAMAGES    |
 |  WHATSOEVER RESULTING FROM LOSS OF USE, DATA OR PROFITS, WHETHER IN AN     |
 |  ACTION OF CONTRACT, NEGLIGENCE OR OTHER TORTIOUS ACTION, ARISING OUT OF   |
 |  OR IN CONNECTION WITH THE USE OR PERFORMANCE OF THIS SOFTWARE.            |
 |                                                                            |
 \----------------------------------------------------------------------------/

 Yosys 0.30+48 (git sha1 14d50a176d5, gcc 8.3.1 -fPIC -Os)

[TCL: yosys -import] Command name collision: found pre-existing command `cd' -> skip.
[TCL: yosys -import] Command name collision: found pre-existing command `eval' -> skip.
[TCL: yosys -import] Command name collision: found pre-existing command `exec' -> skip.
[TCL: yosys -import] Command name collision: found pre-existing command `read' -> skip.
[TCL: yosys -import] Command name collision: found pre-existing command `trace' -> skip.

1. Executing Verilog-2005 frontend: /openlane/designs/part2_alu_flags/src/alu_flags.v
Parsing SystemVerilog input from `/openlane/designs/part2_alu_flags/src/alu_flags.v' to AST representation.
Generating RTLIL representation for module `\alu_flags'.
Successfully finished Verilog frontend.

2. Generating Graphviz representation of design.
Writing dot description to `/openlane/designs/part2_alu_flags/runs/RUN_2026.05.15_10.52.19/tmp/synthesis/hierarchy.dot'.
Dumping module alu_flags to page 1.

3. Executing HIERARCHY pass (managing design hierarchy).

3.1. Analyzing design hierarchy..
Top module:  \alu_flags

3.2. Analyzing design hierarchy..
Top module:  \alu_flags
Removed 0 unused modules.

4. Executing TRIBUF pass.

5. Executing HIERARCHY pass (managing design hierarchy).

5.1. Analyzing design hierarchy..
Top module:  \alu_flags

5.2. Analyzing design hierarchy..
Top module:  \alu_flags
Removed 0 unused modules.

6. Executing PROC_CLEAN pass (remove empty switches from decision trees).
Cleaned up 0 empty switches.

7. Executing PROC_RMDEAD pass (remove dead branches from decision trees).
Removed 1 dead cases from process $proc$/openlane/designs/part2_alu_flags/src/alu_flags.v:27$1 in module alu_flags.
Marked 1 switch rules as full_case in process $proc$/openlane/designs/part2_alu_flags/src/alu_flags.v:27$1 in module alu_flags.
Removed a total of 1 dead cases.

8. Executing PROC_PRUNE pass (remove redundant assignments in processes).
Removed 0 redundant assignments.
Promoted 6 assignments to connections.

9. Executing PROC_INIT pass (extract init attributes).

10. Executing PROC_ARST pass (detect async resets in processes).

11. Executing PROC_ROM pass (convert switches to ROMs).
Converted 0 switches.
<suppressed ~1 debug messages>

12. Executing PROC_MUX pass (convert decision trees to multiplexers).
Creating decoders for process `\alu_flags.$proc$/openlane/designs/part2_alu_flags/src/alu_flags.v:27$1'.
     1/4: $1\overflow[0:0]
     2/4: $1\carry[0:0]
     3/4: $1\Y[15:0]
     4/4: $1\temp[8:0]

13. Executing PROC_DLATCH pass (convert process syncs to latches).
No latch inferred for signal `\alu_flags.\Y' from process `\alu_flags.$proc$/openlane/designs/part2_alu_flags/src/alu_flags.v:27$1'.
No latch inferred for signal `\alu_flags.\carry' from process `\alu_flags.$proc$/openlane/designs/part2_alu_flags/src/alu_flags.v:27$1'.
No latch inferred for signal `\alu_flags.\overflow' from process `\alu_flags.$proc$/openlane/designs/part2_alu_flags/src/alu_flags.v:27$1'.
No latch inferred for signal `\alu_flags.\zero' from process `\alu_flags.$proc$/openlane/designs/part2_alu_flags/src/alu_flags.v:27$1'.
No latch inferred for signal `\alu_flags.\sign' from process `\alu_flags.$proc$/openlane/designs/part2_alu_flags/src/alu_flags.v:27$1'.
No latch inferred for signal `\alu_flags.\temp' from process `\alu_flags.$proc$/openlane/designs/part2_alu_flags/src/alu_flags.v:27$1'.

14. Executing PROC_DFF pass (convert process syncs to FFs).

15. Executing PROC_MEMWR pass (convert process memory writes to cells).

16. Executing PROC_CLEAN pass (remove empty switches from decision trees).
Found and cleaned up 1 empty switch in `\alu_flags.$proc$/openlane/designs/part2_alu_flags/src/alu_flags.v:27$1'.
Removing empty process `alu_flags.$proc$/openlane/designs/part2_alu_flags/src/alu_flags.v:27$1'.
Cleaned up 1 empty switch.

17. Executing CHECK pass (checking for obvious problems).
Checking module alu_flags...
Found and reported 0 problems.

18. Executing OPT_EXPR pass (perform const folding).
Optimizing module alu_flags.
<suppressed ~7 debug messages>

19. Executing FLATTEN pass (flatten design).

20. Executing OPT_EXPR pass (perform const folding).
Optimizing module alu_flags.

21. Executing OPT_CLEAN pass (remove unused cells and wires).
Finding unused cells or wires in module \alu_flags..
Removed 9 unused cells and 24 unused wires.
<suppressed ~11 debug messages>

22. Executing OPT pass (performing simple optimizations).

22.1. Executing OPT_EXPR pass (perform const folding).
Optimizing module alu_flags.

22.2. Executing OPT_MERGE pass (detect identical cells).
Finding identical cells in module `\alu_flags'.
<suppressed ~48 debug messages>
Removed a total of 16 cells.

22.3. Executing OPT_MUXTREE pass (detect dead branches in mux trees).
Running muxtree optimizer on module \alu_flags..
  Creating internal representation of mux trees.
  Evaluating internal representation of mux trees.
  Analyzing evaluation results.
Removed 0 multiplexer ports.
<suppressed ~3 debug messages>

22.4. Executing OPT_REDUCE pass (consolidate $*mux and $reduce_* inputs).
  Optimizing cells in module \alu_flags.
    New ctrl vector for $pmux cell $procmux$29: { $procmux$28_CMP $procmux$27_CMP $auto$opt_reduce.cc:134:opt_pmux$57 }
    New ctrl vector for $pmux cell $procmux$20: { $procmux$28_CMP $procmux$27_CMP $procmux$26_CMP $auto$opt_reduce.cc:134:opt_pmux$59 }
  Optimizing cells in module \alu_flags.
Performed a total of 2 changes.

22.5. Executing OPT_MERGE pass (detect identical cells).
Finding identical cells in module `\alu_flags'.
Removed a total of 0 cells.

22.6. Executing OPT_DFF pass (perform DFF optimizations).

22.7. Executing OPT_CLEAN pass (remove unused cells and wires).
Finding unused cells or wires in module \alu_flags..
Removed 0 unused cells and 16 unused wires.
<suppressed ~1 debug messages>

22.8. Executing OPT_EXPR pass (perform const folding).
Optimizing module alu_flags.

22.9. Rerunning OPT passes. (Maybe there is more to do..)

22.10. Executing OPT_MUXTREE pass (detect dead branches in mux trees).
Running muxtree optimizer on module \alu_flags..
  Creating internal representation of mux trees.
  Evaluating internal representation of mux trees.
  Analyzing evaluation results.
Removed 0 multiplexer ports.
<suppressed ~3 debug messages>

22.11. Executing OPT_REDUCE pass (consolidate $*mux and $reduce_* inputs).
  Optimizing cells in module \alu_flags.
Performed a total of 0 changes.

22.12. Executing OPT_MERGE pass (detect identical cells).
Finding identical cells in module `\alu_flags'.
Removed a total of 0 cells.

22.13. Executing OPT_DFF pass (perform DFF optimizations).

22.14. Executing OPT_CLEAN pass (remove unused cells and wires).
Finding unused cells or wires in module \alu_flags..

22.15. Executing OPT_EXPR pass (perform const folding).
Optimizing module alu_flags.

22.16. Finished OPT passes. (There is nothing left to do.)

23. Executing FSM pass (extract and optimize FSM).

23.1. Executing FSM_DETECT pass (finding FSMs in design).

23.2. Executing FSM_EXTRACT pass (extracting FSM from design).

23.3. Executing FSM_OPT pass (simple optimizations of FSMs).

23.4. Executing OPT_CLEAN pass (remove unused cells and wires).
Finding unused cells or wires in module \alu_flags..

23.5. Executing FSM_OPT pass (simple optimizations of FSMs).

23.6. Executing FSM_RECODE pass (re-assigning FSM state encoding).

23.7. Executing FSM_INFO pass (dumping all available information on FSM cells).

23.8. Executing FSM_MAP pass (mapping FSMs to basic logic).

24. Executing OPT pass (performing simple optimizations).

24.1. Executing OPT_EXPR pass (perform const folding).
Optimizing module alu_flags.

24.2. Executing OPT_MERGE pass (detect identical cells).
Finding identical cells in module `\alu_flags'.
Removed a total of 0 cells.

24.3. Executing OPT_MUXTREE pass (detect dead branches in mux trees).
Running muxtree optimizer on module \alu_flags..
  Creating internal representation of mux trees.
  Evaluating internal representation of mux trees.
  Analyzing evaluation results.
Removed 0 multiplexer ports.
<suppressed ~3 debug messages>

24.4. Executing OPT_REDUCE pass (consolidate $*mux and $reduce_* inputs).
  Optimizing cells in module \alu_flags.
Performed a total of 0 changes.

24.5. Executing OPT_MERGE pass (detect identical cells).
Finding identical cells in module `\alu_flags'.
Removed a total of 0 cells.

24.6. Executing OPT_DFF pass (perform DFF optimizations).

24.7. Executing OPT_CLEAN pass (remove unused cells and wires).
Finding unused cells or wires in module \alu_flags..

24.8. Executing OPT_EXPR pass (perform const folding).
Optimizing module alu_flags.

24.9. Finished OPT passes. (There is nothing left to do.)

25. Executing WREDUCE pass (reducing word size of cells).
Removed top 1 bits (of 9) from port A of cell alu_flags.$add$/openlane/designs/part2_alu_flags/src/alu_flags.v:35$2 ($add).
Removed top 1 bits (of 9) from port B of cell alu_flags.$add$/openlane/designs/part2_alu_flags/src/alu_flags.v:35$2 ($add).
Removed top 1 bits (of 9) from port A of cell alu_flags.$sub$/openlane/designs/part2_alu_flags/src/alu_flags.v:42$6 ($sub).
Removed top 1 bits (of 9) from port B of cell alu_flags.$sub$/openlane/designs/part2_alu_flags/src/alu_flags.v:42$6 ($sub).
Removed top 8 bits (of 16) from mux cell alu_flags.$ternary$/openlane/designs/part2_alu_flags/src/alu_flags.v:55$14 ($mux).
Removed top 1 bits (of 3) from port B of cell alu_flags.$procmux$25_CMP0 ($eq).
Removed top 1 bits (of 3) from port B of cell alu_flags.$procmux$26_CMP0 ($eq).
Removed top 2 bits (of 3) from port B of cell alu_flags.$procmux$27_CMP0 ($eq).
Removed top 8 bits (of 16) from wire alu_flags.$ternary$/openlane/designs/part2_alu_flags/src/alu_flags.v:55$14_Y.

26. Executing PEEPOPT pass (run peephole optimizers).

27. Executing OPT_CLEAN pass (remove unused cells and wires).
Finding unused cells or wires in module \alu_flags..
Removed 0 unused cells and 1 unused wires.
<suppressed ~1 debug messages>

28. Executing ALUMACC pass (create $alu and $macc cells).
Extracting $alu and $macc cells in module alu_flags:
  creating $macc model for $add$/openlane/designs/part2_alu_flags/src/alu_flags.v:35$2 ($add).
  creating $macc model for $mul$/openlane/designs/part2_alu_flags/src/alu_flags.v:49$10 ($mul).
  creating $macc model for $sub$/openlane/designs/part2_alu_flags/src/alu_flags.v:42$6 ($sub).
  creating $alu model for $macc $sub$/openlane/designs/part2_alu_flags/src/alu_flags.v:42$6.
  creating $alu model for $macc $add$/openlane/designs/part2_alu_flags/src/alu_flags.v:35$2.
  creating $macc cell for $mul$/openlane/designs/part2_alu_flags/src/alu_flags.v:49$10: $auto$alumacc.cc:365:replace_macc$61
  creating $alu cell for $add$/openlane/designs/part2_alu_flags/src/alu_flags.v:35$2: $auto$alumacc.cc:485:replace_alu$62
  creating $alu cell for $sub$/openlane/designs/part2_alu_flags/src/alu_flags.v:42$6: $auto$alumacc.cc:485:replace_alu$65
  created 2 $alu and 1 $macc cells.

29. Executing SHARE pass (SAT-based resource sharing).

30. Executing OPT pass (performing simple optimizations).

30.1. Executing OPT_EXPR pass (perform const folding).
Optimizing module alu_flags.

30.2. Executing OPT_MERGE pass (detect identical cells).
Finding identical cells in module `\alu_flags'.
Removed a total of 0 cells.

30.3. Executing OPT_MUXTREE pass (detect dead branches in mux trees).
Running muxtree optimizer on module \alu_flags..
  Creating internal representation of mux trees.
  Evaluating internal representation of mux trees.
  Analyzing evaluation results.
Removed 0 multiplexer ports.
<suppressed ~3 debug messages>

30.4. Executing OPT_REDUCE pass (consolidate $*mux and $reduce_* inputs).
  Optimizing cells in module \alu_flags.
Performed a total of 0 changes.

30.5. Executing OPT_MERGE pass (detect identical cells).
Finding identical cells in module `\alu_flags'.
Removed a total of 0 cells.

30.6. Executing OPT_DFF pass (perform DFF optimizations).

30.7. Executing OPT_CLEAN pass (remove unused cells and wires).
Finding unused cells or wires in module \alu_flags..

30.8. Executing OPT_EXPR pass (perform const folding).
Optimizing module alu_flags.

30.9. Finished OPT passes. (There is nothing left to do.)

31. Executing MEMORY pass.

31.1. Executing OPT_MEM pass (optimize memories).
Performed a total of 0 transformations.

31.2. Executing OPT_MEM_PRIORITY pass (removing unnecessary memory write priority relations).
Performed a total of 0 transformations.

31.3. Executing OPT_MEM_FEEDBACK pass (finding memory read-to-write feedback paths).

31.4. Executing MEMORY_BMUX2ROM pass (converting muxes to ROMs).

31.5. Executing MEMORY_DFF pass (merging $dff cells to $memrd).

31.6. Executing OPT_CLEAN pass (remove unused cells and wires).
Finding unused cells or wires in module \alu_flags..

31.7. Executing MEMORY_SHARE pass (consolidating $memrd/$memwr cells).

31.8. Executing OPT_MEM_WIDEN pass (optimize memories where all ports are wide).
Performed a total of 0 transformations.

31.9. Executing OPT_CLEAN pass (remove unused cells and wires).
Finding unused cells or wires in module \alu_flags..

31.10. Executing MEMORY_COLLECT pass (generating $mem cells).

32. Executing OPT_CLEAN pass (remove unused cells and wires).
Finding unused cells or wires in module \alu_flags..

33. Executing OPT pass (performing simple optimizations).

33.1. Executing OPT_EXPR pass (perform const folding).
Optimizing module alu_flags.
<suppressed ~3 debug messages>

33.2. Executing OPT_MERGE pass (detect identical cells).
Finding identical cells in module `\alu_flags'.
Removed a total of 0 cells.

33.3. Executing OPT_DFF pass (perform DFF optimizations).

33.4. Executing OPT_CLEAN pass (remove unused cells and wires).
Finding unused cells or wires in module \alu_flags..
Removed 1 unused cells and 1 unused wires.
<suppressed ~2 debug messages>

33.5. Finished fast OPT passes.

34. Executing MEMORY_MAP pass (converting memories to logic and flip-flops).

35. Executing OPT pass (performing simple optimizations).

35.1. Executing OPT_EXPR pass (perform const folding).
Optimizing module alu_flags.

35.2. Executing OPT_MERGE pass (detect identical cells).
Finding identical cells in module `\alu_flags'.
Removed a total of 0 cells.

35.3. Executing OPT_MUXTREE pass (detect dead branches in mux trees).
Running muxtree optimizer on module \alu_flags..
  Creating internal representation of mux trees.
  Evaluating internal representation of mux trees.
  Analyzing evaluation results.
Removed 0 multiplexer ports.
<suppressed ~3 debug messages>

35.4. Executing OPT_REDUCE pass (consolidate $*mux and $reduce_* inputs).
  Optimizing cells in module \alu_flags.
Performed a total of 0 changes.

35.5. Executing OPT_MERGE pass (detect identical cells).
Finding identical cells in module `\alu_flags'.
Removed a total of 0 cells.

35.6. Executing OPT_SHARE pass.

35.7. Executing OPT_DFF pass (perform DFF optimizations).

35.8. Executing OPT_CLEAN pass (remove unused cells and wires).
Finding unused cells or wires in module \alu_flags..

35.9. Executing OPT_EXPR pass (perform const folding).
Optimizing module alu_flags.

35.10. Finished OPT passes. (There is nothing left to do.)

36. Executing TECHMAP pass (map to technology primitives).

36.1. Executing Verilog-2005 frontend: /build/bin/../share/yosys/techmap.v
Parsing Verilog input from `/build/bin/../share/yosys/techmap.v' to AST representation.
Generating RTLIL representation for module `\_90_simplemap_bool_ops'.
Generating RTLIL representation for module `\_90_simplemap_reduce_ops'.
Generating RTLIL representation for module `\_90_simplemap_logic_ops'.
Generating RTLIL representation for module `\_90_simplemap_compare_ops'.
Generating RTLIL representation for module `\_90_simplemap_various'.
Generating RTLIL representation for module `\_90_simplemap_registers'.
Generating RTLIL representation for module `\_90_shift_ops_shr_shl_sshl_sshr'.
Generating RTLIL representation for module `\_90_shift_shiftx'.
Generating RTLIL representation for module `\_90_fa'.
Generating RTLIL representation for module `\_90_lcu'.
Generating RTLIL representation for module `\_90_alu'.
Generating RTLIL representation for module `\_90_macc'.
Generating RTLIL representation for module `\_90_alumacc'.
Generating RTLIL representation for module `\$__div_mod_u'.
Generating RTLIL representation for module `\$__div_mod_trunc'.
Generating RTLIL representation for module `\_90_div'.
Generating RTLIL representation for module `\_90_mod'.
Generating RTLIL representation for module `\$__div_mod_floor'.
Generating RTLIL representation for module `\_90_divfloor'.
Generating RTLIL representation for module `\_90_modfloor'.
Generating RTLIL representation for module `\_90_pow'.
Generating RTLIL representation for module `\_90_pmux'.
Generating RTLIL representation for module `\_90_demux'.
Generating RTLIL representation for module `\_90_lut'.
Successfully finished Verilog frontend.

36.2. Continuing TECHMAP pass.
Using template $paramod$4ccbe221165818e15f326ddee3d1183c7924e12f\_90_alu for cells of type $alu.
Using extmapper simplemap for cells of type $eq.
Using extmapper simplemap for cells of type $ne.
Using extmapper simplemap for cells of type $logic_and.
Using extmapper simplemap for cells of type $reduce_bool.
Using extmapper simplemap for cells of type $logic_not.
Using template $paramod$a1bc51c02ce12ac21eb18988e83292af48ed7d72\_90_div for cells of type $div.
Using extmapper simplemap for cells of type $mux.
Using extmapper maccmap for cells of type $macc.
  add \A * \B (8x8 bits, unsigned)
Using extmapper simplemap for cells of type $and.
Using extmapper simplemap for cells of type $or.
Using extmapper simplemap for cells of type $not.
Using extmapper simplemap for cells of type $xor.
Using template $paramod$d629d85c8826a74239b9178d1930215a43b0ceb0\_90_pmux for cells of type $pmux.
Using template $paramod$c5c783b17ab1d780abfad8cfe6563a0a7b47a3b0\_90_pmux for cells of type $pmux.
Using template $paramod$504d7726e493b7d5a8a8ac16f387eb0143f8a853\_90_pmux for cells of type $pmux.
Using extmapper simplemap for cells of type $reduce_or.
Using template $paramod\_90_lcu\WIDTH=32'00000000000000000000000000001001 for cells of type $lcu.
Using extmapper simplemap for cells of type $pos.
Using template $paramod$a1bc51c02ce12ac21eb18988e83292af48ed7d72\$__div_mod_trunc for cells of type $__div_mod_trunc.
Using template $paramod\_90_fa\WIDTH=32'00000000000000000000000000010000 for cells of type $fa.
Using template $paramod$6df0329addda9228fcc2546de2aaf14ad26c98e1\_90_alu for cells of type $alu.
Running "alumacc" on wrapper $extern:wrap:$neg:Y_WIDTH=8:A_WIDTH=8:A_SIGNED=0:394426c56d1a028ba8fdd5469b163e04011def47.
Using template $extern:wrap:$neg:Y_WIDTH=8:A_WIDTH=8:A_SIGNED=0:394426c56d1a028ba8fdd5469b163e04011def47 for cells of type $extern:wrap:$neg:Y_WIDTH=8:A_WIDTH=8:A_SIGNED=0:394426c56d1a028ba8fdd5469b163e04011def47.
Using template $paramod\$__div_mod_u\WIDTH=32'00000000000000000000000000001000 for cells of type $__div_mod_u.
Using template $paramod\_90_lcu\WIDTH=32'00000000000000000000000000010000 for cells of type $lcu.
Using template $paramod$fd7bfb1a4f3a7c2ac1a35670d0fa64ccc7b91841\_90_alu for cells of type $alu.
Running "alumacc" on wrapper $extern:wrap:$sub:Y_WIDTH=8:B_WIDTH=8:A_WIDTH=8:B_SIGNED=0:A_SIGNED=0:394426c56d1a028ba8fdd5469b163e04011def47.
Using template $extern:wrap:$sub:Y_WIDTH=8:B_WIDTH=8:A_WIDTH=8:B_SIGNED=0:A_SIGNED=0:394426c56d1a028ba8fdd5469b163e04011def47 for cells of type $extern:wrap:$sub:Y_WIDTH=8:B_WIDTH=8:A_WIDTH=8:B_SIGNED=0:A_SIGNED=0:394426c56d1a028ba8fdd5469b163e04011def47.
Running "alumacc" on wrapper $extern:wrap:$ge:Y_WIDTH=1:B_WIDTH=8:A_WIDTH=8:B_SIGNED=0:A_SIGNED=0:394426c56d1a028ba8fdd5469b163e04011def47.
Using template $extern:wrap:$ge:Y_WIDTH=1:B_WIDTH=8:A_WIDTH=8:B_SIGNED=0:A_SIGNED=0:394426c56d1a028ba8fdd5469b163e04011def47 for cells of type $extern:wrap:$ge:Y_WIDTH=1:B_WIDTH=8:A_WIDTH=8:B_SIGNED=0:A_SIGNED=0:394426c56d1a028ba8fdd5469b163e04011def47.
Running "alumacc" on wrapper $extern:wrap:$sub:Y_WIDTH=9:B_WIDTH=9:A_WIDTH=8:B_SIGNED=0:A_SIGNED=0:394426c56d1a028ba8fdd5469b163e04011def47.
Using template $extern:wrap:$sub:Y_WIDTH=9:B_WIDTH=9:A_WIDTH=8:B_SIGNED=0:A_SIGNED=0:394426c56d1a028ba8fdd5469b163e04011def47 for cells of type $extern:wrap:$sub:Y_WIDTH=9:B_WIDTH=9:A_WIDTH=8:B_SIGNED=0:A_SIGNED=0:394426c56d1a028ba8fdd5469b163e04011def47.
Running "alumacc" on wrapper $extern:wrap:$ge:Y_WIDTH=1:B_WIDTH=9:A_WIDTH=8:B_SIGNED=0:A_SIGNED=0:394426c56d1a028ba8fdd5469b163e04011def47.
Using template $extern:wrap:$ge:Y_WIDTH=1:B_WIDTH=9:A_WIDTH=8:B_SIGNED=0:A_SIGNED=0:394426c56d1a028ba8fdd5469b163e04011def47 for cells of type $extern:wrap:$ge:Y_WIDTH=1:B_WIDTH=9:A_WIDTH=8:B_SIGNED=0:A_SIGNED=0:394426c56d1a028ba8fdd5469b163e04011def47.
Running "alumacc" on wrapper $extern:wrap:$sub:Y_WIDTH=10:B_WIDTH=10:A_WIDTH=8:B_SIGNED=0:A_SIGNED=0:394426c56d1a028ba8fdd5469b163e04011def47.
Using template $extern:wrap:$sub:Y_WIDTH=10:B_WIDTH=10:A_WIDTH=8:B_SIGNED=0:A_SIGNED=0:394426c56d1a028ba8fdd5469b163e04011def47 for cells of type $extern:wrap:$sub:Y_WIDTH=10:B_WIDTH=10:A_WIDTH=8:B_SIGNED=0:A_SIGNED=0:394426c56d1a028ba8fdd5469b163e04011def47.
Running "alumacc" on wrapper $extern:wrap:$ge:Y_WIDTH=1:B_WIDTH=10:A_WIDTH=8:B_SIGNED=0:A_SIGNED=0:394426c56d1a028ba8fdd5469b163e04011def47.
Using template $extern:wrap:$ge:Y_WIDTH=1:B_WIDTH=10:A_WIDTH=8:B_SIGNED=0:A_SIGNED=0:394426c56d1a028ba8fdd5469b163e04011def47 for cells of type $extern:wrap:$ge:Y_WIDTH=1:B_WIDTH=10:A_WIDTH=8:B_SIGNED=0:A_SIGNED=0:394426c56d1a028ba8fdd5469b163e04011def47.
Running "alumacc" on wrapper $extern:wrap:$sub:Y_WIDTH=11:B_WIDTH=11:A_WIDTH=8:B_SIGNED=0:A_SIGNED=0:394426c56d1a028ba8fdd5469b163e04011def47.
Using template $extern:wrap:$sub:Y_WIDTH=11:B_WIDTH=11:A_WIDTH=8:B_SIGNED=0:A_SIGNED=0:394426c56d1a028ba8fdd5469b163e04011def47 for cells of type $extern:wrap:$sub:Y_WIDTH=11:B_WIDTH=11:A_WIDTH=8:B_SIGNED=0:A_SIGNED=0:394426c56d1a028ba8fdd5469b163e04011def47.
Running "alumacc" on wrapper $extern:wrap:$ge:Y_WIDTH=1:B_WIDTH=11:A_WIDTH=8:B_SIGNED=0:A_SIGNED=0:394426c56d1a028ba8fdd5469b163e04011def47.
Using template $extern:wrap:$ge:Y_WIDTH=1:B_WIDTH=11:A_WIDTH=8:B_SIGNED=0:A_SIGNED=0:394426c56d1a028ba8fdd5469b163e04011def47 for cells of type $extern:wrap:$ge:Y_WIDTH=1:B_WIDTH=11:A_WIDTH=8:B_SIGNED=0:A_SIGNED=0:394426c56d1a028ba8fdd5469b163e04011def47.
Running "alumacc" on wrapper $extern:wrap:$sub:Y_WIDTH=12:B_WIDTH=12:A_WIDTH=8:B_SIGNED=0:A_SIGNED=0:394426c56d1a028ba8fdd5469b163e04011def47.
Using template $extern:wrap:$sub:Y_WIDTH=12:B_WIDTH=12:A_WIDTH=8:B_SIGNED=0:A_SIGNED=0:394426c56d1a028ba8fdd5469b163e04011def47 for cells of type $extern:wrap:$sub:Y_WIDTH=12:B_WIDTH=12:A_WIDTH=8:B_SIGNED=0:A_SIGNED=0:394426c56d1a028ba8fdd5469b163e04011def47.
Running "alumacc" on wrapper $extern:wrap:$ge:Y_WIDTH=1:B_WIDTH=12:A_WIDTH=8:B_SIGNED=0:A_SIGNED=0:394426c56d1a028ba8fdd5469b163e04011def47.
Using template $extern:wrap:$ge:Y_WIDTH=1:B_WIDTH=12:A_WIDTH=8:B_SIGNED=0:A_SIGNED=0:394426c56d1a028ba8fdd5469b163e04011def47 for cells of type $extern:wrap:$ge:Y_WIDTH=1:B_WIDTH=12:A_WIDTH=8:B_SIGNED=0:A_SIGNED=0:394426c56d1a028ba8fdd5469b163e04011def47.
Running "alumacc" on wrapper $extern:wrap:$sub:Y_WIDTH=13:B_WIDTH=13:A_WIDTH=8:B_SIGNED=0:A_SIGNED=0:394426c56d1a028ba8fdd5469b163e04011def47.
Using template $extern:wrap:$sub:Y_WIDTH=13:B_WIDTH=13:A_WIDTH=8:B_SIGNED=0:A_SIGNED=0:394426c56d1a028ba8fdd5469b163e04011def47 for cells of type $extern:wrap:$sub:Y_WIDTH=13:B_WIDTH=13:A_WIDTH=8:B_SIGNED=0:A_SIGNED=0:394426c56d1a028ba8fdd5469b163e04011def47.
Running "alumacc" on wrapper $extern:wrap:$ge:Y_WIDTH=1:B_WIDTH=13:A_WIDTH=8:B_SIGNED=0:A_SIGNED=0:394426c56d1a028ba8fdd5469b163e04011def47.
Using template $extern:wrap:$ge:Y_WIDTH=1:B_WIDTH=13:A_WIDTH=8:B_SIGNED=0:A_SIGNED=0:394426c56d1a028ba8fdd5469b163e04011def47 for cells of type $extern:wrap:$ge:Y_WIDTH=1:B_WIDTH=13:A_WIDTH=8:B_SIGNED=0:A_SIGNED=0:394426c56d1a028ba8fdd5469b163e04011def47.
Running "alumacc" on wrapper $extern:wrap:$sub:Y_WIDTH=14:B_WIDTH=14:A_WIDTH=8:B_SIGNED=0:A_SIGNED=0:394426c56d1a028ba8fdd5469b163e04011def47.
Using template $extern:wrap:$sub:Y_WIDTH=14:B_WIDTH=14:A_WIDTH=8:B_SIGNED=0:A_SIGNED=0:394426c56d1a028ba8fdd5469b163e04011def47 for cells of type $extern:wrap:$sub:Y_WIDTH=14:B_WIDTH=14:A_WIDTH=8:B_SIGNED=0:A_SIGNED=0:394426c56d1a028ba8fdd5469b163e04011def47.
Running "alumacc" on wrapper $extern:wrap:$ge:Y_WIDTH=1:B_WIDTH=14:A_WIDTH=8:B_SIGNED=0:A_SIGNED=0:394426c56d1a028ba8fdd5469b163e04011def47.
Using template $extern:wrap:$ge:Y_WIDTH=1:B_WIDTH=14:A_WIDTH=8:B_SIGNED=0:A_SIGNED=0:394426c56d1a028ba8fdd5469b163e04011def47 for cells of type $extern:wrap:$ge:Y_WIDTH=1:B_WIDTH=14:A_WIDTH=8:B_SIGNED=0:A_SIGNED=0:394426c56d1a028ba8fdd5469b163e04011def47.
Running "alumacc" on wrapper $extern:wrap:$sub:Y_WIDTH=15:B_WIDTH=15:A_WIDTH=8:B_SIGNED=0:A_SIGNED=0:394426c56d1a028ba8fdd5469b163e04011def47.
Using template $extern:wrap:$sub:Y_WIDTH=15:B_WIDTH=15:A_WIDTH=8:B_SIGNED=0:A_SIGNED=0:394426c56d1a028ba8fdd5469b163e04011def47 for cells of type $extern:wrap:$sub:Y_WIDTH=15:B_WIDTH=15:A_WIDTH=8:B_SIGNED=0:A_SIGNED=0:394426c56d1a028ba8fdd5469b163e04011def47.
Running "alumacc" on wrapper $extern:wrap:$ge:Y_WIDTH=1:B_WIDTH=15:A_WIDTH=8:B_SIGNED=0:A_SIGNED=0:394426c56d1a028ba8fdd5469b163e04011def47.
Using template $extern:wrap:$ge:Y_WIDTH=1:B_WIDTH=15:A_WIDTH=8:B_SIGNED=0:A_SIGNED=0:394426c56d1a028ba8fdd5469b163e04011def47 for cells of type $extern:wrap:$ge:Y_WIDTH=1:B_WIDTH=15:A_WIDTH=8:B_SIGNED=0:A_SIGNED=0:394426c56d1a028ba8fdd5469b163e04011def47.
Using template $paramod\_90_lcu\WIDTH=32'00000000000000000000000000001000 for cells of type $lcu.
Using template $paramod$a1bc51c02ce12ac21eb18988e83292af48ed7d72\_90_alu for cells of type $alu.
Using extmapper simplemap for cells of type $reduce_and.
Using template $paramod$78464f9f65d57061f7490f3fe5dd257e4a61e2b7\_90_alu for cells of type $alu.
Using template $paramod$78648aff6d035ceca1e51be5292d8e9748cdc2be\_90_alu for cells of type $alu.
Using template $paramod$5ece6c5f43fb71f6d288804e401c83703363913e\_90_alu for cells of type $alu.
Using template $paramod$faa58573f9d1592ccf4bfc12206a71a8d2733e33\_90_alu for cells of type $alu.
Using template $paramod$7fb440a4f56077cf55596eac05c516869c752d23\_90_alu for cells of type $alu.
Using template $paramod$33acca59acb78d0be1d2963f30b104550f2b2c75\_90_alu for cells of type $alu.
Using template $paramod$f7417944f96f261f97a49c7e5ba603b32499b5a9\_90_alu for cells of type $alu.
Using template $paramod\_90_lcu\WIDTH=32'00000000000000000000000000001010 for cells of type $lcu.
Using template $paramod\_90_lcu\WIDTH=32'00000000000000000000000000001011 for cells of type $lcu.
Using template $paramod\_90_lcu\WIDTH=32'00000000000000000000000000001100 for cells of type $lcu.
Using template $paramod\_90_lcu\WIDTH=32'00000000000000000000000000001101 for cells of type $lcu.
Using template $paramod\_90_lcu\WIDTH=32'00000000000000000000000000001110 for cells of type $lcu.
Using template $paramod\_90_lcu\WIDTH=32'00000000000000000000000000001111 for cells of type $lcu.
No more expansions possible.
<suppressed ~2985 debug messages>

37. Executing OPT pass (performing simple optimizations).

37.1. Executing OPT_EXPR pass (perform const folding).
Optimizing module alu_flags.
<suppressed ~1631 debug messages>

37.2. Executing OPT_MERGE pass (detect identical cells).
Finding identical cells in module `\alu_flags'.
<suppressed ~2109 debug messages>
Removed a total of 703 cells.

37.3. Executing OPT_DFF pass (perform DFF optimizations).

37.4. Executing OPT_CLEAN pass (remove unused cells and wires).
Finding unused cells or wires in module \alu_flags..
Removed 200 unused cells and 1565 unused wires.
<suppressed ~201 debug messages>

37.5. Finished fast OPT passes.

38. Executing ABC pass (technology mapping using ABC).

38.1. Extracting gate netlist of module `\alu_flags' to `<abc-temp-dir>/input.blif'..
Extracted 1053 gates and 1073 wires to a netlist network with 19 inputs and 19 outputs.

38.1.1. Executing ABC.
Running ABC command: "<yosys-exe-dir>/yosys-abc" -s -f <abc-temp-dir>/abc.script 2>&1
ABC: ABC command line: "source <abc-temp-dir>/abc.script".
ABC: 
ABC: + read_blif <abc-temp-dir>/input.blif 
ABC: + read_library <abc-temp-dir>/stdcells.genlib 
ABC: Entered genlib library with 13 gates from file "<abc-temp-dir>/stdcells.genlib".
ABC: + strash 
ABC: + dretime 
ABC: + map 
ABC: + write_blif <abc-temp-dir>/output.blif 

38.1.2. Re-integrating ABC results.
ABC RESULTS:              XNOR cells:       70
ABC RESULTS:               NOT cells:       53
ABC RESULTS:             ORNOT cells:       24
ABC RESULTS:               AND cells:       83
ABC RESULTS:              NAND cells:       20
ABC RESULTS:               XOR cells:      131
ABC RESULTS:               NOR cells:       77
ABC RESULTS:                OR cells:      190
ABC RESULTS:            ANDNOT cells:      341
ABC RESULTS:               MUX cells:       44
ABC RESULTS:        internal signals:     1035
ABC RESULTS:           input signals:       19
ABC RESULTS:          output signals:       19
Removing temp directory.

39. Executing OPT pass (performing simple optimizations).

39.1. Executing OPT_EXPR pass (perform const folding).
Optimizing module alu_flags.

39.2. Executing OPT_MERGE pass (detect identical cells).
Finding identical cells in module `\alu_flags'.
<suppressed ~6 debug messages>
Removed a total of 2 cells.

39.3. Executing OPT_DFF pass (perform DFF optimizations).

39.4. Executing OPT_CLEAN pass (remove unused cells and wires).
Finding unused cells or wires in module \alu_flags..
Removed 0 unused cells and 392 unused wires.
<suppressed ~1 debug messages>

39.5. Finished fast OPT passes.

40. Executing HIERARCHY pass (managing design hierarchy).

40.1. Analyzing design hierarchy..
Top module:  \alu_flags

40.2. Analyzing design hierarchy..
Top module:  \alu_flags
Removed 0 unused modules.

41. Printing statistics.

=== alu_flags ===

   Number of wires:               1020
   Number of wire bits:           1051
   Number of public wires:           8
   Number of public wire bits:      39
   Number of memories:               0
   Number of memory bits:            0
   Number of processes:              0
   Number of cells:               1031
     $_ANDNOT_                     341
     $_AND_                         83
     $_MUX_                         44
     $_NAND_                        20
     $_NOR_                         76
     $_NOT_                         53
     $_ORNOT_                       24
     $_OR_                         189
     $_XNOR_                        70
     $_XOR_                        131

42. Executing CHECK pass (checking for obvious problems).
Checking module alu_flags...
Found and reported 0 problems.

43. Generating Graphviz representation of design.
Writing dot description to `/openlane/designs/part2_alu_flags/runs/RUN_2026.05.15_10.52.19/tmp/synthesis/post_techmap.dot'.
Dumping module alu_flags to page 1.

44. Executing SHARE pass (SAT-based resource sharing).

45. Executing OPT pass (performing simple optimizations).

45.1. Executing OPT_EXPR pass (perform const folding).
Optimizing module alu_flags.

45.2. Executing OPT_MERGE pass (detect identical cells).
Finding identical cells in module `\alu_flags'.
Removed a total of 0 cells.

45.3. Executing OPT_MUXTREE pass (detect dead branches in mux trees).
Running muxtree optimizer on module \alu_flags..
  Creating internal representation of mux trees.
  No muxes found in this module.
Removed 0 multiplexer ports.

45.4. Executing OPT_REDUCE pass (consolidate $*mux and $reduce_* inputs).
  Optimizing cells in module \alu_flags.
Performed a total of 0 changes.

45.5. Executing OPT_MERGE pass (detect identical cells).
Finding identical cells in module `\alu_flags'.
Removed a total of 0 cells.

45.6. Executing OPT_DFF pass (perform DFF optimizations).

45.7. Executing OPT_CLEAN pass (remove unused cells and wires).
Finding unused cells or wires in module \alu_flags..

45.8. Executing OPT_EXPR pass (perform const folding).
Optimizing module alu_flags.

45.9. Finished OPT passes. (There is nothing left to do.)

46. Executing OPT_CLEAN pass (remove unused cells and wires).
Finding unused cells or wires in module \alu_flags..

47. Printing statistics.

=== alu_flags ===

   Number of wires:               1020
   Number of wire bits:           1051
   Number of public wires:           8
   Number of public wire bits:      39
   Number of memories:               0
   Number of memory bits:            0
   Number of processes:              0
   Number of cells:               1031
     $_ANDNOT_                     341
     $_AND_                         83
     $_MUX_                         44
     $_NAND_                        20
     $_NOR_                         76
     $_NOT_                         53
     $_ORNOT_                       24
     $_OR_                         189
     $_XNOR_                        70
     $_XOR_                        131

mapping tbuf

48. Executing TECHMAP pass (map to technology primitives).

48.1. Executing Verilog-2005 frontend: /Users/egehuriel/.ciel/sky130A/libs.tech/openlane/sky130_fd_sc_hd/tribuff_map.v
Parsing Verilog input from `/Users/egehuriel/.ciel/sky130A/libs.tech/openlane/sky130_fd_sc_hd/tribuff_map.v' to AST representation.
Generating RTLIL representation for module `\$_TBUF_'.
Successfully finished Verilog frontend.

48.2. Continuing TECHMAP pass.
No more expansions possible.
<suppressed ~3 debug messages>

49. Executing SIMPLEMAP pass (map simple cells to gate primitives).

50. Executing TECHMAP pass (map to technology primitives).

50.1. Executing Verilog-2005 frontend: /Users/egehuriel/.ciel/sky130A/libs.tech/openlane/sky130_fd_sc_hd/latch_map.v
Parsing Verilog input from `/Users/egehuriel/.ciel/sky130A/libs.tech/openlane/sky130_fd_sc_hd/latch_map.v' to AST representation.
Generating RTLIL representation for module `\$_DLATCH_P_'.
Generating RTLIL representation for module `\$_DLATCH_N_'.
Successfully finished Verilog frontend.

50.2. Continuing TECHMAP pass.
No more expansions possible.
<suppressed ~4 debug messages>

51. Executing SIMPLEMAP pass (map simple cells to gate primitives).

52. Executing DFFLIBMAP pass (mapping DFF cells to sequential cells from liberty file).
  cell sky130_fd_sc_hd__dfxtp_2 (noninv, pins=3, area=21.27) is a direct match for cell type $_DFF_P_.
  cell sky130_fd_sc_hd__dfrtp_2 (noninv, pins=4, area=26.28) is a direct match for cell type $_DFF_PN0_.
  cell sky130_fd_sc_hd__dfstp_2 (noninv, pins=4, area=26.28) is a direct match for cell type $_DFF_PN1_.
  cell sky130_fd_sc_hd__dfbbn_2 (noninv, pins=6, area=35.03) is a direct match for cell type $_DFFSR_NNN_.
  final dff cell mappings:
    unmapped dff cell: $_DFF_N_
    \sky130_fd_sc_hd__dfxtp_2 _DFF_P_ (.CLK( C), .D( D), .Q( Q));
    unmapped dff cell: $_DFF_NN0_
    unmapped dff cell: $_DFF_NN1_
    unmapped dff cell: $_DFF_NP0_
    unmapped dff cell: $_DFF_NP1_
    \sky130_fd_sc_hd__dfrtp_2 _DFF_PN0_ (.CLK( C), .D( D), .Q( Q), .RESET_B( R));
    \sky130_fd_sc_hd__dfstp_2 _DFF_PN1_ (.CLK( C), .D( D), .Q( Q), .SET_B( R));
    unmapped dff cell: $_DFF_PP0_
    unmapped dff cell: $_DFF_PP1_
    \sky130_fd_sc_hd__dfbbn_2 _DFFSR_NNN_ (.CLK_N( C), .D( D), .Q( Q), .Q_N(~Q), .RESET_B( R), .SET_B( S));
    unmapped dff cell: $_DFFSR_NNP_
    unmapped dff cell: $_DFFSR_NPN_
    unmapped dff cell: $_DFFSR_NPP_
    unmapped dff cell: $_DFFSR_PNN_
    unmapped dff cell: $_DFFSR_PNP_
    unmapped dff cell: $_DFFSR_PPN_
    unmapped dff cell: $_DFFSR_PPP_

52.1. Executing DFFLEGALIZE pass (convert FFs to types supported by the target).
Mapping DFF cells in module `\alu_flags':

53. Printing statistics.

=== alu_flags ===

   Number of wires:               1020
   Number of wire bits:           1051
   Number of public wires:           8
   Number of public wire bits:      39
   Number of memories:               0
   Number of memory bits:            0
   Number of processes:              0
   Number of cells:               1031
     $_ANDNOT_                     341
     $_AND_                         83
     $_MUX_                         44
     $_NAND_                        20
     $_NOR_                         76
     $_NOT_                         53
     $_ORNOT_                       24
     $_OR_                         189
     $_XNOR_                        70
     $_XOR_                        131

[INFO]: USING STRATEGY AREA 0

54. Executing ABC pass (technology mapping using ABC).

54.1. Extracting gate netlist of module `\alu_flags' to `/tmp/yosys-abc-6bPTcM/input.blif'..
Extracted 1031 gates and 1050 wires to a netlist network with 19 inputs and 19 outputs.

54.1.1. Executing ABC.
Running ABC command: "/build/bin/yosys-abc" -s -f /tmp/yosys-abc-6bPTcM/abc.script 2>&1
ABC: ABC command line: "source /tmp/yosys-abc-6bPTcM/abc.script".
ABC: 
ABC: + read_blif /tmp/yosys-abc-6bPTcM/input.blif 
ABC: + read_lib -w /openlane/designs/part2_alu_flags/runs/RUN_2026.05.15_10.52.19/tmp/synthesis/trimmed.lib 
ABC: Parsing finished successfully.  Parsing time =     0.04 sec
ABC: Scl_LibertyReadGenlib() skipped sequential cell "sky130_fd_sc_hd__dfbbn_2".
ABC: Scl_LibertyReadGenlib() skipped sequential cell "sky130_fd_sc_hd__dfrbp_2".
ABC: Scl_LibertyReadGenlib() skipped sequential cell "sky130_fd_sc_hd__dfrtp_2".
ABC: Scl_LibertyReadGenlib() skipped sequential cell "sky130_fd_sc_hd__dfrtp_4".
ABC: Scl_LibertyReadGenlib() skipped sequential cell "sky130_fd_sc_hd__dfsbp_2".
ABC: Scl_LibertyReadGenlib() skipped sequential cell "sky130_fd_sc_hd__dfstp_2".
ABC: Scl_LibertyReadGenlib() skipped sequential cell "sky130_fd_sc_hd__dfstp_4".
ABC: Scl_LibertyReadGenlib() skipped sequential cell "sky130_fd_sc_hd__dfxbp_2".
ABC: Scl_LibertyReadGenlib() skipped sequential cell "sky130_fd_sc_hd__dfxtp_2".
ABC: Scl_LibertyReadGenlib() skipped sequential cell "sky130_fd_sc_hd__dfxtp_4".
ABC: Scl_LibertyReadGenlib() skipped sequential cell "sky130_fd_sc_hd__dlxtn_1".
ABC: Scl_LibertyReadGenlib() skipped sequential cell "sky130_fd_sc_hd__dlxtn_2".
ABC: Scl_LibertyReadGenlib() skipped sequential cell "sky130_fd_sc_hd__dlxtn_4".
ABC: Scl_LibertyReadGenlib() skipped sequential cell "sky130_fd_sc_hd__dlxtp_1".
ABC: Scl_LibertyReadGenlib() skipped three-state cell "sky130_fd_sc_hd__ebufn_2".
ABC: Scl_LibertyReadGenlib() skipped three-state cell "sky130_fd_sc_hd__ebufn_4".
ABC: Scl_LibertyReadGenlib() skipped three-state cell "sky130_fd_sc_hd__ebufn_8".
ABC: Library "sky130A_merged" from "/openlane/designs/part2_alu_flags/runs/RUN_2026.05.15_10.52.19/tmp/synthesis/trimmed.lib" has 175 cells (17 skipped: 14 seq; 3 tri-state; 0 no func; 0 dont_use).  Time =     0.06 sec
ABC: Memory =    9.54 MB. Time =     0.06 sec
ABC: Warning: Detected 2 multi-output gates (for example, "sky130_fd_sc_hd__fa_1").
ABC: + read_constr -v /openlane/designs/part2_alu_flags/runs/RUN_2026.05.15_10.52.19/tmp/synthesis/synthesis.sdc 
ABC: Setting driving cell to be "sky130_fd_sc_hd__inv_2".
ABC: Setting output load to be 33.442001.
ABC: + read_constr /openlane/designs/part2_alu_flags/runs/RUN_2026.05.15_10.52.19/tmp/synthesis/synthesis.sdc 
ABC: + fx 
ABC: Abc_NtkFastExtract: Nodes have duplicated fanins. FX is not performed.
ABC: + mfs 
ABC: + strash 
ABC: + refactor 
ABC: + balance 
ABC: + rewrite 
ABC: + refactor 
ABC: + balance 
ABC: + rewrite 
ABC: + rewrite -z 
ABC: + balance 
ABC: + refactor -z 
ABC: + rewrite -z 
ABC: + balance 
ABC: + retime -D -D 10000 -M 5 
ABC: + scleanup 
ABC: Error: The network is combinational.
ABC: + fraig_store 
ABC: + balance 
ABC: + fraig_store 
ABC: + balance 
ABC: + rewrite 
ABC: + refactor 
ABC: + balance 
ABC: + rewrite 
ABC: + rewrite -z 
ABC: + balance 
ABC: + refactor -z 
ABC: + rewrite -z 
ABC: + balance 
ABC: + fraig_store 
ABC: + balance 
ABC: + rewrite 
ABC: + refactor 
ABC: + balance 
ABC: + rewrite 
ABC: + rewrite -z 
ABC: + balance 
ABC: + refactor -z 
ABC: + rewrite -z 
ABC: + balance 
ABC: + fraig_store 
ABC: + balance 
ABC: + rewrite 
ABC: + refactor 
ABC: + balance 
ABC: + rewrite 
ABC: + rewrite -z 
ABC: + balance 
ABC: + refactor -z 
ABC: + rewrite -z 
ABC: + balance 
ABC: + fraig_store 
ABC: + fraig_restore 
ABC: + amap -m -Q 0.1 -F 20 -A 20 -C 5000 
ABC: + retime -D -D 10000 
ABC: + &get -n 
ABC: + &st 
ABC: + &dch 
ABC: + &nf 
ABC: + &put 
ABC: + buffer -N 10 -S 750.0 
ABC: + upsize -D 10000 
ABC: Current delay (9082.31 ps) does not exceed the target delay (10000.00 ps). Upsizing is not performed.
ABC: + dnsize -D 10000 
ABC: + stime -p 
ABC: WireLoad = "none"  Gates =    684 (  9.6 %)   Cap =  9.0 ff (  1.8 %)   Area =     5904.41 ( 90.4 %)   Delay =  9282.51 ps  (  7.6 %)               
ABC: Path  0 --      17 : 0    6 pi                        A =   0.00  Df =  56.2  -31.0 ps  S =  84.1 ps  Cin =  0.0 ff  Cout =  17.0 ff  Cmax =   0.0 ff  G =    0  
ABC: Path  1 --      46 : 3    5 sky130_fd_sc_hd__or3_2    A =   7.51  Df = 545.8 -299.7 ps  S = 112.9 ps  Cin =  1.5 ff  Cout =  14.8 ff  Cmax = 310.4 ff  G =  908  
ABC: Path  2 --      54 : 4    1 sky130_fd_sc_hd__or4_2    A =   8.76  Df =1088.0 -730.1 ps  S =  95.3 ps  Cin =  1.5 ff  Cout =   2.5 ff  Cmax = 310.4 ff  G =  154  
ABC: Path  3 --      55 : 4    4 sky130_fd_sc_hd__o31a_2   A =  10.01  Df =1430.7 -668.4 ps  S = 107.5 ps  Cin =  2.3 ff  Cout =  17.1 ff  Cmax = 285.7 ff  G =  697  
ABC: Path  4 --      56 : 2    4 sky130_fd_sc_hd__or2_2    A =   6.26  Df =1746.9 -835.8 ps  S =  78.0 ps  Cin =  1.5 ff  Cout =  11.0 ff  Cmax = 299.4 ff  G =  734  
ABC: Path  5 --      64 : 4    5 sky130_fd_sc_hd__a31o_2   A =   8.76  Df =2013.4 -896.5 ps  S =  84.2 ps  Cin =  2.4 ff  Cout =  11.6 ff  Cmax = 271.9 ff  G =  473  
ABC: Path  6 --      70 : 4    3 sky130_fd_sc_hd__and4_2   A =  10.01  Df =2226.9 -884.6 ps  S =  67.4 ps  Cin =  1.5 ff  Cout =   5.5 ff  Cmax = 300.3 ff  G =  341  
ABC: Path  7 --      71 : 3    3 sky130_fd_sc_hd__or3_2    A =   7.51  Df =2650.3 -307.2 ps  S =  89.8 ps  Cin =  1.5 ff  Cout =   6.5 ff  Cmax = 310.4 ff  G =  412  
ABC: Path  8 --      80 : 4    1 sky130_fd_sc_hd__a31o_2   A =   8.76  Df =2868.1 -287.7 ps  S =  47.9 ps  Cin =  2.4 ff  Cout =   4.6 ff  Cmax = 271.9 ff  G =  186  
ABC: Path  9 --      81 : 4    4 sky130_fd_sc_hd__a211oi_2 A =  12.51  Df =3198.6 -527.7 ps  S = 319.1 ps  Cin =  4.4 ff  Cout =  14.1 ff  Cmax =  88.8 ff  G =  312  
ABC: Path 10 --     105 : 2    3 sky130_fd_sc_hd__nand2_2  A =   6.26  Df =3301.3 -528.1 ps  S =  91.4 ps  Cin =  4.4 ff  Cout =   9.2 ff  Cmax = 295.7 ff  G =  198  
ABC: Path 11 --     116 : 3    4 sky130_fd_sc_hd__mux2_2   A =  11.26  Df =3652.4 -636.0 ps  S =  60.2 ps  Cin =  2.3 ff  Cout =   7.0 ff  Cmax = 297.6 ff  G =  297  
ABC: Path 12 --     117 : 2    3 sky130_fd_sc_hd__and2b_2  A =   8.76  Df =3870.3 -682.4 ps  S =  76.5 ps  Cin =  1.6 ff  Cout =  11.9 ff  Cmax = 310.4 ff  G =  699  
ABC: Path 13 --     140 : 4    1 sky130_fd_sc_hd__o31a_2   A =  10.01  Df =4145.1  -53.2 ps  S =  48.6 ps  Cin =  2.3 ff  Cout =   2.5 ff  Cmax = 285.7 ff  G =   99  
ABC: Path 14 --     143 : 4    2 sky130_fd_sc_hd__o211a_2  A =  10.01  Df =4384.9 -128.0 ps  S =  55.0 ps  Cin =  2.4 ff  Cout =   5.1 ff  Cmax = 268.3 ff  G =  200  
ABC: Path 15 --     144 : 4    2 sky130_fd_sc_hd__a211o_2  A =  10.01  Df =4686.4 -218.0 ps  S =  50.5 ps  Cin =  2.4 ff  Cout =   3.9 ff  Cmax = 325.0 ff  G =  158  
ABC: Path 16 --     147 : 3    3 sky130_fd_sc_hd__a21o_2   A =   8.76  Df =4909.6 -308.9 ps  S =  56.8 ps  Cin =  2.4 ff  Cout =   8.5 ff  Cmax = 309.5 ff  G =  346  
ABC: Path 17 --     149 : 3    2 sky130_fd_sc_hd__a21o_2   A =   8.76  Df =5140.5 -125.1 ps  S =  70.6 ps  Cin =  2.4 ff  Cout =  11.5 ff  Cmax = 309.5 ff  G =  467  
ABC: Path 18 --     151 : 3    4 sky130_fd_sc_hd__a21o_2   A =   8.76  Df =5391.7 -198.6 ps  S = 103.7 ps  Cin =  2.4 ff  Cout =  18.7 ff  Cmax = 309.5 ff  G =  764  
ABC: Path 19 --     168 : 5    3 sky130_fd_sc_hd__a32o_2   A =  11.26  Df =5648.7 -268.2 ps  S =  71.0 ps  Cin =  2.3 ff  Cout =   7.5 ff  Cmax = 264.6 ff  G =  300  
ABC: Path 20 --     172 : 5    1 sky130_fd_sc_hd__o2111a_2 A =  12.51  Df =5879.7 -332.7 ps  S =  36.3 ps  Cin =  2.4 ff  Cout =   1.4 ff  Cmax = 299.4 ff  G =   57  
ABC: Path 21 --     173 : 3    4 sky130_fd_sc_hd__o21ba_2  A =  10.01  Df =6155.2 -123.9 ps  S = 109.8 ps  Cin =  2.1 ff  Cout =  16.6 ff  Cmax = 264.6 ff  G =  776  
ABC: Path 22 --     194 : 2    4 sky130_fd_sc_hd__xnor2_2  A =  16.27  Df =6345.6  -77.1 ps  S = 267.9 ps  Cin =  8.5 ff  Cout =  17.2 ff  Cmax = 121.8 ff  G =  195  
ABC: Path 23 --     211 : 4    1 sky130_fd_sc_hd__or4_2    A =   8.76  Df =6963.1 -441.5 ps  S =  95.3 ps  Cin =  1.5 ff  Cout =   2.5 ff  Cmax = 310.4 ff  G =  154  
ABC: Path 24 --     219 : 4    5 sky130_fd_sc_hd__o211a_2  A =  10.01  Df =7252.4 -345.3 ps  S = 107.1 ps  Cin =  2.4 ff  Cout =  15.0 ff  Cmax = 268.3 ff  G =  598  
ABC: Path 25 --     235 : 4    2 sky130_fd_sc_hd__or4b_2   A =  10.01  Df =7897.9 -852.6 ps  S = 109.2 ps  Cin =  1.5 ff  Cout =   4.9 ff  Cmax = 265.5 ff  G =  323  
ABC: Path 26 --     245 : 4    1 sky130_fd_sc_hd__o211a_2  A =  10.01  Df =8051.9 -386.2 ps  S =  45.3 ps  Cin =  2.4 ff  Cout =   2.5 ff  Cmax = 268.3 ff  G =   98  
ABC: Path 27 --     246 : 4    1 sky130_fd_sc_hd__a211o_2  A =  10.01  Df =8304.9 -556.3 ps  S =  45.0 ps  Cin =  2.4 ff  Cout =   2.4 ff  Cmax = 325.0 ff  G =   98  
ABC: Path 28 --     248 : 3    1 sky130_fd_sc_hd__a21o_2   A =   8.76  Df =8504.4 -505.7 ps  S =  32.3 ps  Cin =  2.4 ff  Cout =   2.4 ff  Cmax = 309.5 ff  G =   98  
ABC: Path 29 --     256 : 3    1 sky130_fd_sc_hd__a21o_2   A =   8.76  Df =8698.9 -596.9 ps  S =  32.6 ps  Cin =  2.4 ff  Cout =   2.4 ff  Cmax = 309.5 ff  G =  100  
ABC: Path 30 --     265 : 3    2 sky130_fd_sc_hd__a21o_2   A =   8.76  Df =8885.7 -669.7 ps  S =  45.6 ps  Cin =  2.4 ff  Cout =   6.1 ff  Cmax = 309.5 ff  G =  252  
ABC: Path 31 --     712 : 3    1 sky130_fd_sc_hd__and3b_2  A =  10.01  Df =9067.9 -645.9 ps  S =  40.2 ps  Cin =  1.5 ff  Cout =   2.2 ff  Cmax = 309.5 ff  G =  142  
ABC: Path 32 --     713 : 1    1 sky130_fd_sc_hd__buf_1    A =   3.75  Df =9282.5 -538.9 ps  S = 396.6 ps  Cin =  2.1 ff  Cout =  33.4 ff  Cmax = 130.0 ff  G = 1590  
ABC: Start-point = pi16 (\B [6]).  End-point = po16 (\zero).
ABC: + print_stats -m 
ABC: netlist                       : i/o =   19/   19  lat =    0  nd =   684  edge =   1791  area =5905.56  delay =33.00  lev = 33
ABC: + write_blif /tmp/yosys-abc-6bPTcM/output.blif 

54.1.2. Re-integrating ABC results.
ABC RESULTS:   sky130_fd_sc_hd__a41oi_2 cells:        1
ABC RESULTS:   sky130_fd_sc_hd__a41o_2 cells:        1
ABC RESULTS:   sky130_fd_sc_hd__nand3b_2 cells:        1
ABC RESULTS:   sky130_fd_sc_hd__a22oi_2 cells:        1
ABC RESULTS:   sky130_fd_sc_hd__a32oi_2 cells:        1
ABC RESULTS:   sky130_fd_sc_hd__a32o_2 cells:        3
ABC RESULTS:   sky130_fd_sc_hd__and4bb_2 cells:        1
ABC RESULTS:   sky130_fd_sc_hd__o31a_2 cells:        3
ABC RESULTS:   sky130_fd_sc_hd__o31ai_2 cells:        3
ABC RESULTS:   sky130_fd_sc_hd__nand4_2 cells:        1
ABC RESULTS:   sky130_fd_sc_hd__a2bb2o_2 cells:        1
ABC RESULTS:   sky130_fd_sc_hd__a221o_2 cells:        1
ABC RESULTS:   sky130_fd_sc_hd__o22ai_2 cells:        1
ABC RESULTS:   sky130_fd_sc_hd__a221oi_2 cells:        1
ABC RESULTS:   sky130_fd_sc_hd__o311a_2 cells:        1
ABC RESULTS:   sky130_fd_sc_hd__o32a_2 cells:        1
ABC RESULTS:   sky130_fd_sc_hd__o221a_2 cells:        5
ABC RESULTS:   sky130_fd_sc_hd__or2b_2 cells:        8
ABC RESULTS:   sky130_fd_sc_hd__a211o_2 cells:       10
ABC RESULTS:   sky130_fd_sc_hd__a211oi_2 cells:        2
ABC RESULTS:   sky130_fd_sc_hd__o2bb2a_2 cells:        7
ABC RESULTS:   sky130_fd_sc_hd__and4b_2 cells:        7
ABC RESULTS:   sky130_fd_sc_hd__nand3_2 cells:        9
ABC RESULTS:   sky130_fd_sc_hd__o21ai_2 cells:       12
ABC RESULTS:   sky130_fd_sc_hd__inv_2 cells:       32
ABC RESULTS:   sky130_fd_sc_hd__nor3_2 cells:        4
ABC RESULTS:   sky130_fd_sc_hd__o21ba_2 cells:        7
ABC RESULTS:   sky130_fd_sc_hd__mux2_2 cells:       12
ABC RESULTS:   sky130_fd_sc_hd__or3b_2 cells:        9
ABC RESULTS:   sky130_fd_sc_hd__a21o_2 cells:       39
ABC RESULTS:   sky130_fd_sc_hd__and2_2 cells:       24
ABC RESULTS:   sky130_fd_sc_hd__a21bo_2 cells:        5
ABC RESULTS:   sky130_fd_sc_hd__o22a_2 cells:       13
ABC RESULTS:   sky130_fd_sc_hd__a22o_2 cells:       17
ABC RESULTS:   sky130_fd_sc_hd__or4b_2 cells:        5
ABC RESULTS:   sky130_fd_sc_hd__xor2_2 cells:       17
ABC RESULTS:   sky130_fd_sc_hd__o21a_2 cells:       12
ABC RESULTS:   sky130_fd_sc_hd__and2b_2 cells:       13
ABC RESULTS:   sky130_fd_sc_hd__o21bai_2 cells:        4
ABC RESULTS:   sky130_fd_sc_hd__xnor2_2 cells:       44
ABC RESULTS:   sky130_fd_sc_hd__a21oi_2 cells:       27
ABC RESULTS:   sky130_fd_sc_hd__or2_2 cells:       40
ABC RESULTS:   sky130_fd_sc_hd__nor2_2 cells:       68
ABC RESULTS:   sky130_fd_sc_hd__or3_2 cells:       14
ABC RESULTS:   sky130_fd_sc_hd__or4_2 cells:        7
ABC RESULTS:   sky130_fd_sc_hd__and3b_2 cells:        3
ABC RESULTS:   sky130_fd_sc_hd__buf_1 cells:       34
ABC RESULTS:   sky130_fd_sc_hd__nand2_2 cells:       80
ABC RESULTS:   sky130_fd_sc_hd__o2111a_2 cells:        5
ABC RESULTS:   sky130_fd_sc_hd__and4_2 cells:       12
ABC RESULTS:   sky130_fd_sc_hd__and3_2 cells:       24
ABC RESULTS:   sky130_fd_sc_hd__a31oi_2 cells:        4
ABC RESULTS:   sky130_fd_sc_hd__a311o_2 cells:        3
ABC RESULTS:   sky130_fd_sc_hd__o211a_2 cells:       14
ABC RESULTS:   sky130_fd_sc_hd__a31o_2 cells:       10
ABC RESULTS:        internal signals:     1012
ABC RESULTS:           input signals:       19
ABC RESULTS:          output signals:       19
Removing temp directory.

55. Executing SETUNDEF pass (replace undef values with defined constants).

56. Executing HILOMAP pass (mapping to constant drivers).

57. Executing SPLITNETS pass (splitting up multi-bit signals).

58. Executing OPT_CLEAN pass (remove unused cells and wires).
Finding unused cells or wires in module \alu_flags..
Removed 0 unused cells and 1050 unused wires.
<suppressed ~1 debug messages>

59. Executing INSBUF pass (insert buffer cells for connected wires).
Add alu_flags/$auto$insbuf.cc:97:execute$6576: \Y [7] -> \sign

60. Executing CHECK pass (checking for obvious problems).
Checking module alu_flags...
Warning: Wire alu_flags.\zero is used but has no driver.
Warning: Wire alu_flags.\sign is used but has no driver.
Warning: Wire alu_flags.\overflow is used but has no driver.
Warning: Wire alu_flags.\carry is used but has no driver.
Warning: Wire alu_flags.\Y [15] is used but has no driver.
Warning: Wire alu_flags.\Y [14] is used but has no driver.
Warning: Wire alu_flags.\Y [13] is used but has no driver.
Warning: Wire alu_flags.\Y [12] is used but has no driver.
Warning: Wire alu_flags.\Y [11] is used but has no driver.
Warning: Wire alu_flags.\Y [10] is used but has no driver.
Warning: Wire alu_flags.\Y [9] is used but has no driver.
Warning: Wire alu_flags.\Y [8] is used but has no driver.
Warning: Wire alu_flags.\Y [7] is used but has no driver.
Warning: Wire alu_flags.\Y [6] is used but has no driver.
Warning: Wire alu_flags.\Y [5] is used but has no driver.
Warning: Wire alu_flags.\Y [4] is used but has no driver.
Warning: Wire alu_flags.\Y [3] is used but has no driver.
Warning: Wire alu_flags.\Y [2] is used but has no driver.
Warning: Wire alu_flags.\Y [1] is used but has no driver.
Warning: Wire alu_flags.\Y [0] is used but has no driver.
Found and reported 20 problems.

61. Printing statistics.

=== alu_flags ===

   Number of wires:                673
   Number of wire bits:            704
   Number of public wires:           8
   Number of public wire bits:      39
   Number of memories:               0
   Number of memory bits:            0
   Number of processes:              0
   Number of cells:                685
     sky130_fd_sc_hd__a211o_2       10
     sky130_fd_sc_hd__a211oi_2       2
     sky130_fd_sc_hd__a21bo_2        5
     sky130_fd_sc_hd__a21o_2        39
     sky130_fd_sc_hd__a21oi_2       27
     sky130_fd_sc_hd__a221o_2        1
     sky130_fd_sc_hd__a221oi_2       1
     sky130_fd_sc_hd__a22o_2        17
     sky130_fd_sc_hd__a22oi_2        1
     sky130_fd_sc_hd__a2bb2o_2       1
     sky130_fd_sc_hd__a311o_2        3
     sky130_fd_sc_hd__a31o_2        10
     sky130_fd_sc_hd__a31oi_2        4
     sky130_fd_sc_hd__a32o_2         3
     sky130_fd_sc_hd__a32oi_2        1
     sky130_fd_sc_hd__a41o_2         1
     sky130_fd_sc_hd__a41oi_2        1
     sky130_fd_sc_hd__and2_2        24
     sky130_fd_sc_hd__and2b_2       13
     sky130_fd_sc_hd__and3_2        24
     sky130_fd_sc_hd__and3b_2        3
     sky130_fd_sc_hd__and4_2        12
     sky130_fd_sc_hd__and4b_2        7
     sky130_fd_sc_hd__and4bb_2       1
     sky130_fd_sc_hd__buf_1         34
     sky130_fd_sc_hd__buf_2          1
     sky130_fd_sc_hd__inv_2         32
     sky130_fd_sc_hd__mux2_2        12
     sky130_fd_sc_hd__nand2_2       80
     sky130_fd_sc_hd__nand3_2        9
     sky130_fd_sc_hd__nand3b_2       1
     sky130_fd_sc_hd__nand4_2        1
     sky130_fd_sc_hd__nor2_2        68
     sky130_fd_sc_hd__nor3_2         4
     sky130_fd_sc_hd__o2111a_2       5
     sky130_fd_sc_hd__o211a_2       14
     sky130_fd_sc_hd__o21a_2        12
     sky130_fd_sc_hd__o21ai_2       12
     sky130_fd_sc_hd__o21ba_2        7
     sky130_fd_sc_hd__o21bai_2       4
     sky130_fd_sc_hd__o221a_2        5
     sky130_fd_sc_hd__o22a_2        13
     sky130_fd_sc_hd__o22ai_2        1
     sky130_fd_sc_hd__o2bb2a_2       7
     sky130_fd_sc_hd__o311a_2        1
     sky130_fd_sc_hd__o31a_2         3
     sky130_fd_sc_hd__o31ai_2        3
     sky130_fd_sc_hd__o32a_2         1
     sky130_fd_sc_hd__or2_2         40
     sky130_fd_sc_hd__or2b_2         8
     sky130_fd_sc_hd__or3_2         14
     sky130_fd_sc_hd__or3b_2         9
     sky130_fd_sc_hd__or4_2          7
     sky130_fd_sc_hd__or4b_2         5
     sky130_fd_sc_hd__xnor2_2       44
     sky130_fd_sc_hd__xor2_2        17

   Chip area for module '\alu_flags': 5909.417600

62. Executing Verilog backend.
Dumping module `\alu_flags'.

Warnings: 20 unique messages, 20 total
End of script. Logfile hash: febbf3f0a4, CPU: user 0.84s system 0.03s, MEM: 36.53 MB peak
Yosys 0.30+48 (git sha1 14d50a176d5, gcc 8.3.1 -fPIC -Os)
Time spent: 57% 2x abc (1 sec), 10% 34x opt_expr (0 sec), ...
