
Magic 8.3 revision 413 - Compiled on Wed Jul 12 10:33:53 UTC 2023.
Starting magic under Tcl interpreter
Using the terminal as the console.
Using NULL graphics device.
Processing system .magicrc file
Sourcing design .magicrc for technology sky130A ...
2 Magic internal units = 1 Lambda
Input style sky130(): scaleFactor=2, multiplier=2
The following types are not handled by extraction and will be treated as non-electrical types:
    ubm 
Scaled tech values by 2 / 1 to match internal grid scaling
Loading sky130A Device Generator Menu ...
Using technology "sky130A", version 1.0.493-0-g0fe599b
Reading LEF data from file /Users/egehuriel/.ciel/sky130A/libs.ref/sky130_fd_sc_hd/techlef/sky130_fd_sc_hd__nom.tlef.
This action cannot be undone.
LEF read, Line 82 (Message): Unknown keyword "ANTENNAMODEL" in LEF file; ignoring.
LEF read, Line 83 (Message): Unknown keyword "ANTENNADIFFSIDEAREARATIO" in LEF file; ignoring.
LEF read, Line 116 (Message): Unknown keyword "MINENCLOSEDAREA" in LEF file; ignoring.
LEF read, Line 118 (Message): Unknown keyword "ANTENNAMODEL" in LEF file; ignoring.
LEF read, Line 119 (Message): Unknown keyword "ANTENNADIFFSIDEAREARATIO" in LEF file; ignoring.
LEF read, Line 125 (Message): Unknown keyword "MAXIMUMDENSITY" in LEF file; ignoring.
LEF read, Line 126 (Message): Unknown keyword "DENSITYCHECKWINDOW" in LEF file; ignoring.
LEF read, Line 127 (Message): Unknown keyword "DENSITYCHECKSTEP" in LEF file; ignoring.
LEF read, Line 160 (Message): Unknown keyword "MINENCLOSEDAREA" in LEF file; ignoring.
LEF read, Line 168 (Message): Unknown keyword "ANTENNAMODEL" in LEF file; ignoring.
LEF read, Line 169 (Message): Unknown keyword "ANTENNADIFFSIDEAREARATIO" in LEF file; ignoring.
LEF read, Line 171 (Message): Unknown keyword "MAXIMUMDENSITY" in LEF file; ignoring.
LEF read, Line 172 (Message): Unknown keyword "DENSITYCHECKWINDOW" in LEF file; ignoring.
LEF read, Line 173 (Message): Unknown keyword "DENSITYCHECKSTEP" in LEF file; ignoring.
LEF read, Line 210 (Message): Unknown keyword "ANTENNAMODEL" in LEF file; ignoring.
LEF read, Line 211 (Message): Unknown keyword "ANTENNADIFFSIDEAREARATIO" in LEF file; ignoring.
LEF read, Line 213 (Message): Unknown keyword "MAXIMUMDENSITY" in LEF file; ignoring.
LEF read, Line 214 (Message): Unknown keyword "DENSITYCHECKWINDOW" in LEF file; ignoring.
LEF read, Line 215 (Message): Unknown keyword "DENSITYCHECKSTEP" in LEF file; ignoring.
LEF read, Line 252 (Message): Unknown keyword "ANTENNAMODEL" in LEF file; ignoring.
LEF read, Line 253 (Message): Unknown keyword "ANTENNADIFFSIDEAREARATIO" in LEF file; ignoring.
LEF read, Line 255 (Message): Unknown keyword "MAXIMUMDENSITY" in LEF file; ignoring.
LEF read, Line 256 (Message): Unknown keyword "DENSITYCHECKWINDOW" in LEF file; ignoring.
LEF read, Line 257 (Message): Unknown keyword "DENSITYCHECKSTEP" in LEF file; ignoring.
LEF read, Line 294 (Message): Unknown keyword "ANTENNAMODEL" in LEF file; ignoring.
LEF read, Line 295 (Message): Unknown keyword "ANTENNADIFFSIDEAREARATIO" in LEF file; ignoring.
LEF read: Processed 801 lines.
Reading DEF data from file /openlane/designs/part3_regfile/runs/RUN_2026.05.16_10.05.05/results/routing/register_file.def.
This action cannot be undone.
  Processed 4 vias total.
Cell sky130_fd_sc_hd__diode_2 read from path /Users/egehuriel/.ciel/sky130A/libs.ref/sky130_fd_sc_hd/mag
Cell sky130_fd_sc_hd__decap_3 read from path /Users/egehuriel/.ciel/sky130A/libs.ref/sky130_fd_sc_hd/mag
Cell sky130_ef_sc_hd__decap_12 read from path /Users/egehuriel/.ciel/sky130A/libs.ref/sky130_fd_sc_hd/mag
Cell sky130_fd_sc_hd__decap_8 read from path /Users/egehuriel/.ciel/sky130A/libs.ref/sky130_fd_sc_hd/mag
Cell sky130_fd_sc_hd__fill_2 read from path /Users/egehuriel/.ciel/sky130A/libs.ref/sky130_fd_sc_hd/mag
Cell sky130_fd_sc_hd__fill_1 read from path /Users/egehuriel/.ciel/sky130A/libs.ref/sky130_fd_sc_hd/mag
Cell sky130_fd_sc_hd__decap_6 read from path /Users/egehuriel/.ciel/sky130A/libs.ref/sky130_fd_sc_hd/mag
Cell sky130_fd_sc_hd__decap_4 read from path /Users/egehuriel/.ciel/sky130A/libs.ref/sky130_fd_sc_hd/mag
Cell sky130_fd_sc_hd__tapvpwrvgnd_1 read from path /Users/egehuriel/.ciel/sky130A/libs.ref/sky130_fd_sc_hd/mag
Cell sky130_fd_sc_hd__buf_1 read from path /Users/egehuriel/.ciel/sky130A/libs.ref/sky130_fd_sc_hd/mag
Cell sky130_fd_sc_hd__mux4_2 read from path /Users/egehuriel/.ciel/sky130A/libs.ref/sky130_fd_sc_hd/mag
Cell sky130_fd_sc_hd__mux2_2 read from path /Users/egehuriel/.ciel/sky130A/libs.ref/sky130_fd_sc_hd/mag
Cell sky130_fd_sc_hd__inv_2 read from path /Users/egehuriel/.ciel/sky130A/libs.ref/sky130_fd_sc_hd/mag
Cell sky130_fd_sc_hd__a21bo_2 read from path /Users/egehuriel/.ciel/sky130A/libs.ref/sky130_fd_sc_hd/mag
Cell sky130_fd_sc_hd__o31a_2 read from path /Users/egehuriel/.ciel/sky130A/libs.ref/sky130_fd_sc_hd/mag
Cell sky130_fd_sc_hd__or3b_2 read from path /Users/egehuriel/.ciel/sky130A/libs.ref/sky130_fd_sc_hd/mag
Cell sky130_fd_sc_hd__nand3b_2 read from path /Users/egehuriel/.ciel/sky130A/libs.ref/sky130_fd_sc_hd/mag
Cell sky130_fd_sc_hd__and4_2 read from path /Users/egehuriel/.ciel/sky130A/libs.ref/sky130_fd_sc_hd/mag
Cell sky130_fd_sc_hd__o22a_2 read from path /Users/egehuriel/.ciel/sky130A/libs.ref/sky130_fd_sc_hd/mag
Cell sky130_fd_sc_hd__and2b_2 read from path /Users/egehuriel/.ciel/sky130A/libs.ref/sky130_fd_sc_hd/mag
Cell sky130_fd_sc_hd__nor4b_2 read from path /Users/egehuriel/.ciel/sky130A/libs.ref/sky130_fd_sc_hd/mag
Cell sky130_fd_sc_hd__and2_2 read from path /Users/egehuriel/.ciel/sky130A/libs.ref/sky130_fd_sc_hd/mag
Cell sky130_fd_sc_hd__a21oi_2 read from path /Users/egehuriel/.ciel/sky130A/libs.ref/sky130_fd_sc_hd/mag
Cell sky130_fd_sc_hd__a22o_2 read from path /Users/egehuriel/.ciel/sky130A/libs.ref/sky130_fd_sc_hd/mag
Cell sky130_fd_sc_hd__or4b_2 read from path /Users/egehuriel/.ciel/sky130A/libs.ref/sky130_fd_sc_hd/mag
Cell sky130_fd_sc_hd__nor3_2 read from path /Users/egehuriel/.ciel/sky130A/libs.ref/sky130_fd_sc_hd/mag
Cell sky130_fd_sc_hd__and4bb_2 read from path /Users/egehuriel/.ciel/sky130A/libs.ref/sky130_fd_sc_hd/mag
Cell sky130_fd_sc_hd__nor2b_2 read from path /Users/egehuriel/.ciel/sky130A/libs.ref/sky130_fd_sc_hd/mag
Cell sky130_fd_sc_hd__and4b_2 read from path /Users/egehuriel/.ciel/sky130A/libs.ref/sky130_fd_sc_hd/mag
Cell sky130_fd_sc_hd__and3_2 read from path /Users/egehuriel/.ciel/sky130A/libs.ref/sky130_fd_sc_hd/mag
Cell sky130_fd_sc_hd__a31oi_2 read from path /Users/egehuriel/.ciel/sky130A/libs.ref/sky130_fd_sc_hd/mag
Cell sky130_fd_sc_hd__dfxtp_2 read from path /Users/egehuriel/.ciel/sky130A/libs.ref/sky130_fd_sc_hd/mag
Cell sky130_fd_sc_hd__clkbuf_16 read from path /Users/egehuriel/.ciel/sky130A/libs.ref/sky130_fd_sc_hd/mag
Cell sky130_fd_sc_hd__clkbuf_8 read from path /Users/egehuriel/.ciel/sky130A/libs.ref/sky130_fd_sc_hd/mag
  Processed 24921 subcell instances total.
  Processed 53 pins total.
  Processed 2 special nets total.
  Processed 956 nets total.
DEF read: Processed 74917 lines.
Moving label "_0011_" from metal1 to via1 in cell register_file.
Moving label "_0035_" from metal1 to via1 in cell register_file.
Moving label "_0043_" from metal1 to via1 in cell register_file.
Moving label "_0054_" from metal1 to via1 in cell register_file.
Moving label "_0073_" from metal1 to via1 in cell register_file.
Moving label "_0091_" from metal1 to via1 in cell register_file.
Moving label "_0092_" from metal1 to via1 in cell register_file.
Moving label "_0095_" from metal1 to via1 in cell register_file.
Moving label "_0097_" from metal1 to via1 in cell register_file.
Moving label "_0106_" from metal1 to via1 in cell register_file.
Moving label "_0111_" from metal1 to via1 in cell register_file.
Moving label "_0125_" from metal3 to via3 in cell register_file.
Moving label "_0128_" from metal1 to via1 in cell register_file.
Moving label "_0143_" from metal1 to via1 in cell register_file.
Moving label "_0157_" from metal2 to via2 in cell register_file.
Moving label "_0163_" from metal2 to via2 in cell register_file.
Moving label "_0169_" from metal1 to via1 in cell register_file.
Moving label "_0174_" from metal1 to via1 in cell register_file.
Moving label "_0179_" from metal1 to via1 in cell register_file.
Moving label "_0191_" from metal1 to via1 in cell register_file.
Moving label "_0230_" from metal1 to via1 in cell register_file.
Moving label "_0246_" from metal1 to via1 in cell register_file.
Moving label "_0250_" from metal1 to via1 in cell register_file.
Moving label "_0257_" from metal1 to via1 in cell register_file.
Moving label "_0258_" from metal1 to via1 in cell register_file.
Moving label "_0263_" from metal1 to via1 in cell register_file.
Moving label "_0277_" from metal3 to via3 in cell register_file.
Moving label "_0279_" from metal1 to via1 in cell register_file.
Moving label "_0426_" from metal2 to via2 in cell register_file.
Moving label "_0427_" from metal2 to via2 in cell register_file.
Moving label "_0433_" from metal2 to via1 in cell register_file.
Moving label "_0484_" from metal2 to via2 in cell register_file.
Moving label "_0487_" from metal1 to via1 in cell register_file.
Moving label "_0492_" from metal2 to via2 in cell register_file.
Moving label "_0509_" from metal1 to via1 in cell register_file.
Moving label "_0524_" from metal1 to via1 in cell register_file.
Moving label "_0559_" from metal1 to via1 in cell register_file.
Moving label "clknet_leaf_26_clk" from metal1 to via1 in cell register_file.
Moving label "regs\[11\]\[11\]" from metal2 to via2 in cell register_file.
Moving label "regs\[12\]\[7\]" from metal2 to via2 in cell register_file.
Moving label "regs\[12\]\[9\]" from metal2 to via2 in cell register_file.
Moving label "regs\[13\]\[9\]" from metal2 to via2 in cell register_file.
Moving label "regs\[15\]\[4\]" from metal2 to via2 in cell register_file.
Moving label "regs\[15\]\[9\]" from metal2 to via2 in cell register_file.
Moving label "regs\[1\]\[11\]" from metal2 to via2 in cell register_file.
Moving label "regs\[2\]\[11\]" from metal2 to via1 in cell register_file.
Moving label "regs\[3\]\[13\]" from metal2 to via2 in cell register_file.
Moving label "regs\[5\]\[1\]" from metal2 to via2 in cell register_file.
Moving label "regs\[7\]\[13\]" from metal2 to via2 in cell register_file.
Moving label "regs\[7\]\[14\]" from metal2 to via2 in cell register_file.
Moving label "regs\[9\]\[4\]" from metal2 to via2 in cell register_file.
Root cell box:
           width x height  (   llx,  lly  ), (   urx,  ury  )  area (units^2)

microns:  500.000 x 500.000  ( 0.000,  0.000), ( 500.000,  500.000)  250000.000
lambda:   50000.00 x 50000.00  (  0.00,  0.00 ), ( 50000.00,  50000.00)  2500000000.00
internal: 100000 x 100000  (     0,  0    ), ( 100000,  100000)  10000000000
   Generating output for cell sky130_ef_sc_hd__decap_12
   Generating output for cell sky130_fd_sc_hd__decap_3
   Generating output for cell sky130_fd_sc_hd__fill_1
   Generating output for cell sky130_fd_sc_hd__tapvpwrvgnd_1
   Generating output for cell sky130_fd_sc_hd__decap_4
   Generating output for cell sky130_fd_sc_hd__decap_6
   Generating output for cell sky130_fd_sc_hd__dfxtp_2
   Generating output for cell sky130_fd_sc_hd__diode_2
   Generating output for cell sky130_fd_sc_hd__fill_2
   Generating output for cell sky130_fd_sc_hd__a22o_2
   Generating output for cell sky130_fd_sc_hd__and2b_2
   Generating output for cell sky130_fd_sc_hd__mux2_2
   Generating output for cell sky130_fd_sc_hd__decap_8
   Generating output for cell sky130_fd_sc_hd__buf_1
   Generating output for cell sky130_fd_sc_hd__and3_2
   Generating output for cell sky130_fd_sc_hd__o31a_2
   Generating output for cell sky130_fd_sc_hd__or3b_2
   Generating output for cell sky130_fd_sc_hd__a21oi_2
   Generating output for cell sky130_fd_sc_hd__clkbuf_16
   Generating output for cell sky130_fd_sc_hd__a21bo_2
   Generating output for cell sky130_fd_sc_hd__and2_2
   Generating output for cell sky130_fd_sc_hd__o22a_2
   Generating output for cell sky130_fd_sc_hd__mux4_2
   Generating output for cell sky130_fd_sc_hd__and4_2
   Generating output for cell sky130_fd_sc_hd__a31oi_2
   Generating output for cell sky130_fd_sc_hd__and4bb_2
   Generating output for cell sky130_fd_sc_hd__nand3b_2
   Generating output for cell sky130_fd_sc_hd__clkbuf_8
   Generating output for cell sky130_fd_sc_hd__nor4b_2
   Generating output for cell sky130_fd_sc_hd__inv_2
   Generating output for cell sky130_fd_sc_hd__or4b_2
   Generating output for cell sky130_fd_sc_hd__nor2b_2
   Generating output for cell sky130_fd_sc_hd__and4b_2
   Generating output for cell sky130_fd_sc_hd__nor3_2
   Generating output for cell register_file
[INFO]: GDS Write Complete
