OpenROAD 41a51eaf4ca2171c92ff38afb91eb37bbd3f36da 
This program is licensed under the BSD-3 license. See the LICENSE file for details.
Components of this program may be licensed under more restrictive licenses which must be honored.
[INFO ODB-0222] Reading LEF file: /openlane/designs/part3_regfile/runs/RUN_2026.05.16_10.05.05/tmp/merged.nom.lef
[INFO ODB-0223]     Created 14 technology layers
[INFO ODB-0224]     Created 25 technology vias
[INFO ODB-0225]     Created 441 library cells
[INFO ODB-0226] Finished LEF file:  /openlane/designs/part3_regfile/runs/RUN_2026.05.16_10.05.05/tmp/merged.nom.lef
[INFO ODB-0127] Reading DEF file: /openlane/designs/part3_regfile/runs/RUN_2026.05.16_10.05.05/results/routing/register_file.def
[INFO ODB-0128] Design: register_file
[INFO ODB-0130]     Created 53 pins.
[INFO ODB-0131]     Created 24921 components and 97362 component-terminals.
[INFO ODB-0132]     Created 2 special nets and 93136 connections.
[INFO ODB-0133]     Created 956 nets and 4226 connections.
[INFO ODB-0134] Finished DEF file: /openlane/designs/part3_regfile/runs/RUN_2026.05.16_10.05.05/results/routing/register_file.def
Top-level design name: register_file
Found default power net 'VPWR'
Found default ground net 'VGND'
Found 1 power ports.
Found 1 ground ports.
Modified power connections of 24921/24921 cells.
