
67. Printing statistics.

=== full_system ===

   Number of wires:                 76
   Number of wire bits:             83
   Number of public wires:          19
   Number of public wire bits:      26
   Number of memories:               0
   Number of memory bits:            0
   Number of processes:              0
   Number of cells:                 80
     sky130_fd_sc_hd__a21o_2         1
     sky130_fd_sc_hd__a21oi_2        2
     sky130_fd_sc_hd__a31o_2         2
     sky130_fd_sc_hd__and2b_2        1
     sky130_fd_sc_hd__and3_2         5
     sky130_fd_sc_hd__and3b_2        1
     sky130_fd_sc_hd__and4_2         2
     sky130_fd_sc_hd__buf_1          7
     sky130_fd_sc_hd__conb_1         8
     sky130_fd_sc_hd__dfrtp_2       14
     sky130_fd_sc_hd__inv_2         18
     sky130_fd_sc_hd__nand2_2        4
     sky130_fd_sc_hd__nand4_2        1
     sky130_fd_sc_hd__nor2_2         3
     sky130_fd_sc_hd__o211a_2        2
     sky130_fd_sc_hd__or2_2          1
     sky130_fd_sc_hd__or4_2          1
     sky130_fd_sc_hd__or4b_2         1
     sky130_fd_sc_hd__or4bb_2        1
     sky130_fd_sc_hd__xnor2_2        2
     sky130_fd_sc_hd__xor2_2         3

   Chip area for module '\full_system': 807.024000

