OpenROAD 41a51eaf4ca2171c92ff38afb91eb37bbd3f36da 
This program is licensed under the BSD-3 license. See the LICENSE file for details.
Components of this program may be licensed under more restrictive licenses which must be honored.
[INFO]: Reading ODB at '/openlane/designs/part2_alu_flags/runs/RUN_2026.05.15_10.53.13/tmp/routing/13-fill.odb'…
define_corners Typical
read_liberty -corner Typical /Users/egehuriel/.ciel/sky130A/libs.ref/sky130_fd_sc_hd/lib/sky130_fd_sc_hd__tt_025C_1v80.lib
Using 1e-12 for capacitance...
Using 1e+03 for resistance...
Using 1e-09 for time...
Using 1e+00 for voltage...
Using 1e-03 for current...
Using 1e-09 for power...
Using 1e-06 for distance...
Reading design constraints file at '/openlane/designs/part2_alu_flags/runs/RUN_2026.05.15_10.53.13/tmp/floorplan/3-initial_fp.sdc'…
[INFO ORD-0030] Using 2 thread(s).
[INFO DRT-0149] Reading tech and libs.

Units:                1000
Number of layers:     13
Number of macros:     441
Number of vias:       25
Number of viarulegen: 25

[INFO DRT-0150] Reading design.

Design:                   alu_flags
Die area:                 ( 0 0 ) ( 400000 400000 )
Number of track patterns: 12
Number of DEF vias:       0
Number of components:     15738
Number of terminals:      41
Number of snets:          2
Number of nets:           704

[INFO DRT-0167] List of default vias:
  Layer mcon
    default via: L1M1_PR
  Layer via
    default via: M1M2_PR
  Layer via2
    default via: M2M3_PR
  Layer via3
    default via: M3M4_PR
  Layer via4
    default via: M4M5_PR
[INFO DRT-0162] Library cell analysis.
[INFO DRT-0163] Instance analysis.
  Complete 10000 instances.
[INFO DRT-0164] Number of unique instances = 116.
[INFO DRT-0168] Init region query.
[INFO DRT-0018]   Complete 10000 insts.
[INFO DRT-0024]   Complete FR_MASTERSLICE.
[INFO DRT-0024]   Complete licon.
[INFO DRT-0024]   Complete li1.
[INFO DRT-0024]   Complete mcon.
[INFO DRT-0024]   Complete met1.
[INFO DRT-0024]   Complete via.
[INFO DRT-0024]   Complete met2.
[INFO DRT-0024]   Complete via2.
[INFO DRT-0024]   Complete met3.
[INFO DRT-0024]   Complete via3.
[INFO DRT-0024]   Complete met4.
[INFO DRT-0024]   Complete via4.
[INFO DRT-0024]   Complete met5.
[INFO DRT-0033] FR_MASTERSLICE shape region query size = 0.
[INFO DRT-0033] licon shape region query size = 0.
[INFO DRT-0033] li1 shape region query size = 93428.
[INFO DRT-0033] mcon shape region query size = 185952.
[INFO DRT-0033] met1 shape region query size = 34246.
[INFO DRT-0033] via shape region query size = 11200.
[INFO DRT-0033] met2 shape region query size = 6724.
[INFO DRT-0033] via2 shape region query size = 8960.
[INFO DRT-0033] met3 shape region query size = 6755.
[INFO DRT-0033] via3 shape region query size = 8960.
[INFO DRT-0033] met4 shape region query size = 2784.
[INFO DRT-0033] via4 shape region query size = 480.
[INFO DRT-0033] met5 shape region query size = 540.
[INFO DRT-0165] Start pin access.
[INFO DRT-0076]   Complete 100 pins.
[INFO DRT-0076]   Complete 200 pins.
[INFO DRT-0076]   Complete 300 pins.
[INFO DRT-0076]   Complete 400 pins.
[INFO DRT-0078]   Complete 420 pins.
[INFO DRT-0081]   Complete 98 unique inst patterns.
[INFO DRT-0084]   Complete 812 groups.
#scanned instances     = 15738
#unique  instances     = 116
#stdCellGenAp          = 2887
#stdCellValidPlanarAp  = 14
#stdCellValidViaAp     = 2340
#stdCellPinNoAp        = 0
#stdCellPinCnt         = 2477
#instTermValidViaApCnt = 0
#macroGenAp            = 0
#macroValidPlanarAp    = 0
#macroValidViaAp       = 0
#macroNoAp             = 0
[INFO DRT-0166] Complete pin access.
[INFO DRT-0267] cpu time = 00:00:04, elapsed time = 00:00:02, memory = 162.59 (MB), peak = 164.91 (MB)

Number of guides:     11606

[INFO DRT-0169] Post process guides.
[INFO DRT-0176] GCELLGRID X 0 DO 57 STEP 6900 ;
[INFO DRT-0177] GCELLGRID Y 0 DO 57 STEP 6900 ;
[INFO DRT-0026]   Complete 10000 origin guides.
[INFO DRT-0028]   Complete FR_MASTERSLICE.
[INFO DRT-0028]   Complete licon.
[INFO DRT-0028]   Complete li1.
[INFO DRT-0028]   Complete mcon.
[INFO DRT-0028]   Complete met1.
[INFO DRT-0028]   Complete via.
[INFO DRT-0028]   Complete met2.
[INFO DRT-0028]   Complete via2.
[INFO DRT-0028]   Complete met3.
[INFO DRT-0028]   Complete via3.
[INFO DRT-0028]   Complete met4.
[INFO DRT-0028]   Complete via4.
[INFO DRT-0028]   Complete met5.
[INFO DRT-0178] Init guide query.
[INFO DRT-0035]   Complete FR_MASTERSLICE (guide).
[INFO DRT-0035]   Complete licon (guide).
[INFO DRT-0035]   Complete li1 (guide).
[INFO DRT-0035]   Complete mcon (guide).
[INFO DRT-0035]   Complete met1 (guide).
[INFO DRT-0035]   Complete via (guide).
[INFO DRT-0035]   Complete met2 (guide).
[INFO DRT-0035]   Complete via2 (guide).
[INFO DRT-0035]   Complete met3 (guide).
[INFO DRT-0035]   Complete via3 (guide).
[INFO DRT-0035]   Complete met4 (guide).
[INFO DRT-0035]   Complete via4 (guide).
[INFO DRT-0035]   Complete met5 (guide).
[INFO DRT-0036] FR_MASTERSLICE guide region query size = 0.
[INFO DRT-0036] licon guide region query size = 0.
[INFO DRT-0036] li1 guide region query size = 2519.
[INFO DRT-0036] mcon guide region query size = 0.
[INFO DRT-0036] met1 guide region query size = 3145.
[INFO DRT-0036] via guide region query size = 0.
[INFO DRT-0036] met2 guide region query size = 2276.
[INFO DRT-0036] via2 guide region query size = 0.
[INFO DRT-0036] met3 guide region query size = 445.
[INFO DRT-0036] via3 guide region query size = 0.
[INFO DRT-0036] met4 guide region query size = 163.
[INFO DRT-0036] via4 guide region query size = 0.
[INFO DRT-0036] met5 guide region query size = 1.
[INFO DRT-0179] Init gr pin query.
[INFO DRT-0245] skipped writing guide updates to database.
[INFO DRT-0185] Post process initialize RPin region query.
[INFO DRT-0181] Start track assignment.
[INFO DRT-0184] Done with 4958 vertical wires in 2 frboxes and 3591 horizontal wires in 2 frboxes.
[INFO DRT-0186] Done with 597 vertical wires in 2 frboxes and 758 horizontal wires in 2 frboxes.
[INFO DRT-0182] Complete track assignment.
[INFO DRT-0267] cpu time = 00:00:00, elapsed time = 00:00:00, memory = 213.02 (MB), peak = 212.75 (MB)
[INFO DRT-0187] Start routing data preparation.
[INFO DRT-0267] cpu time = 00:00:00, elapsed time = 00:00:00, memory = 213.02 (MB), peak = 212.75 (MB)
[INFO DRT-0194] Start detail routing.
[INFO DRT-0195] Start 0th optimization iteration.
    Completing 10% with 0 violations.
    elapsed time = 00:00:00, memory = 279.48 (MB).
    Completing 20% with 0 violations.
    elapsed time = 00:00:01, memory = 370.96 (MB).
    Completing 30% with 0 violations.
    elapsed time = 00:00:01, memory = 401.80 (MB).
    Completing 40% with 241 violations.
    elapsed time = 00:00:02, memory = 328.71 (MB).
    Completing 50% with 241 violations.
    elapsed time = 00:00:03, memory = 396.71 (MB).
    Completing 60% with 496 violations.
    elapsed time = 00:00:03, memory = 325.40 (MB).
    Completing 70% with 496 violations.
    elapsed time = 00:00:04, memory = 377.77 (MB).
    Completing 80% with 496 violations.
    elapsed time = 00:00:04, memory = 414.37 (MB).
    Completing 90% with 656 violations.
    elapsed time = 00:00:05, memory = 374.26 (MB).
    Completing 100% with 813 violations.
    elapsed time = 00:00:06, memory = 300.29 (MB).
[INFO DRT-0199]   Number of violations = 894.
Viol/Layer        met1   met2   met3   met4
Metal Spacing       40     62      4      1
Min Hole             1      0      0      0
NS Metal             1      0      0      0
Recheck             49     31      1      0
Short              446    254      2      2
[INFO DRT-0267] cpu time = 00:00:12, elapsed time = 00:00:06, memory = 535.59 (MB), peak = 535.37 (MB)
Total wire length = 303437 um.
Total wire length on LAYER li1 = 0 um.
Total wire length on LAYER met1 = 127695 um.
Total wire length on LAYER met2 = 123146 um.
Total wire length on LAYER met3 = 29337 um.
Total wire length on LAYER met4 = 22990 um.
Total wire length on LAYER met5 = 266 um.
Total number of vias = 8329.
Up-via summary (total 8329):.

-----------------------
 FR_MASTERSLICE       0
            li1    2610
           met1    4794
           met2     605
           met3     318
           met4       2
-----------------------
                   8329


[INFO DRT-0195] Start 1st optimization iteration.
    Completing 10% with 894 violations.
    elapsed time = 00:00:00, memory = 586.36 (MB).
    Completing 20% with 894 violations.
    elapsed time = 00:00:01, memory = 615.69 (MB).
    Completing 30% with 894 violations.
    elapsed time = 00:00:01, memory = 633.10 (MB).
    Completing 40% with 829 violations.
    elapsed time = 00:00:02, memory = 583.41 (MB).
    Completing 50% with 829 violations.
    elapsed time = 00:00:03, memory = 651.92 (MB).
    Completing 60% with 704 violations.
    elapsed time = 00:00:03, memory = 568.57 (MB).
    Completing 70% with 704 violations.
    elapsed time = 00:00:04, memory = 612.21 (MB).
    Completing 80% with 704 violations.
    elapsed time = 00:00:04, memory = 635.65 (MB).
    Completing 90% with 605 violations.
    elapsed time = 00:00:05, memory = 599.05 (MB).
    Completing 100% with 402 violations.
    elapsed time = 00:00:06, memory = 533.05 (MB).
[INFO DRT-0199]   Number of violations = 520.
Viol/Layer        met1   met2   met3   met4
Metal Spacing       44     32      1      0
Recheck              0      0      7    111
Short              277     48      0      0
[INFO DRT-0267] cpu time = 00:00:12, elapsed time = 00:00:06, memory = 536.57 (MB), peak = 656.58 (MB)
Total wire length = 303682 um.
Total wire length on LAYER li1 = 0 um.
Total wire length on LAYER met1 = 127859 um.
Total wire length on LAYER met2 = 123529 um.
Total wire length on LAYER met3 = 29284 um.
Total wire length on LAYER met4 = 22759 um.
Total wire length on LAYER met5 = 249 um.
Total number of vias = 8602.
Up-via summary (total 8602):.

-----------------------
 FR_MASTERSLICE       0
            li1    2610
           met1    5069
           met2     598
           met3     323
           met4       2
-----------------------
                   8602


[INFO DRT-0195] Start 2nd optimization iteration.
    Completing 10% with 520 violations.
    elapsed time = 00:00:00, memory = 566.41 (MB).
    Completing 20% with 520 violations.
    elapsed time = 00:00:00, memory = 606.62 (MB).
    Completing 30% with 520 violations.
    elapsed time = 00:00:01, memory = 630.30 (MB).
    Completing 40% with 526 violations.
    elapsed time = 00:00:01, memory = 568.67 (MB).
    Completing 50% with 526 violations.
    elapsed time = 00:00:02, memory = 602.00 (MB).
    Completing 60% with 433 violations.
    elapsed time = 00:00:03, memory = 553.99 (MB).
    Completing 70% with 433 violations.
    elapsed time = 00:00:03, memory = 586.13 (MB).
    Completing 80% with 433 violations.
    elapsed time = 00:00:04, memory = 613.30 (MB).
    Completing 90% with 397 violations.
    elapsed time = 00:00:05, memory = 598.59 (MB).
    Completing 100% with 368 violations.
    elapsed time = 00:00:06, memory = 539.04 (MB).
[INFO DRT-0199]   Number of violations = 368.
Viol/Layer        mcon   met1   met2   met3
Cut Spacing          1      0      0      0
Metal Spacing        0     30     34      1
Short                0    248     52      2
[INFO DRT-0267] cpu time = 00:00:11, elapsed time = 00:00:06, memory = 539.55 (MB), peak = 656.58 (MB)
Total wire length = 303703 um.
Total wire length on LAYER li1 = 0 um.
Total wire length on LAYER met1 = 127900 um.
Total wire length on LAYER met2 = 123279 um.
Total wire length on LAYER met3 = 29340 um.
Total wire length on LAYER met4 = 22932 um.
Total wire length on LAYER met5 = 249 um.
Total number of vias = 8662.
Up-via summary (total 8662):.

-----------------------
 FR_MASTERSLICE       0
            li1    2610
           met1    5100
           met2     611
           met3     339
           met4       2
-----------------------
                   8662


[INFO DRT-0195] Start 3rd optimization iteration.
    Completing 10% with 368 violations.
    elapsed time = 00:00:00, memory = 570.86 (MB).
    Completing 20% with 368 violations.
    elapsed time = 00:00:00, memory = 605.47 (MB).
    Completing 30% with 368 violations.
    elapsed time = 00:00:00, memory = 605.47 (MB).
    Completing 40% with 278 violations.
    elapsed time = 00:00:01, memory = 582.94 (MB).
    Completing 50% with 278 violations.
    elapsed time = 00:00:01, memory = 641.59 (MB).
    Completing 60% with 173 violations.
    elapsed time = 00:00:02, memory = 570.60 (MB).
    Completing 70% with 173 violations.
    elapsed time = 00:00:03, memory = 599.76 (MB).
    Completing 80% with 173 violations.
    elapsed time = 00:00:03, memory = 597.76 (MB).
    Completing 90% with 121 violations.
    elapsed time = 00:00:04, memory = 574.45 (MB).
    Completing 100% with 33 violations.
    elapsed time = 00:00:05, memory = 534.46 (MB).
[INFO DRT-0199]   Number of violations = 33.
Viol/Layer        met1   met2
Metal Spacing        6      1
Short               25      1
[INFO DRT-0267] cpu time = 00:00:10, elapsed time = 00:00:05, memory = 535.69 (MB), peak = 656.58 (MB)
Total wire length = 303934 um.
Total wire length on LAYER li1 = 0 um.
Total wire length on LAYER met1 = 127753 um.
Total wire length on LAYER met2 = 123413 um.
Total wire length on LAYER met3 = 29559 um.
Total wire length on LAYER met4 = 22959 um.
Total wire length on LAYER met5 = 249 um.
Total number of vias = 9052.
Up-via summary (total 9052):.

-----------------------
 FR_MASTERSLICE       0
            li1    2610
           met1    5425
           met2     670
           met3     345
           met4       2
-----------------------
                   9052


[INFO DRT-0195] Start 4th optimization iteration.
    Completing 10% with 33 violations.
    elapsed time = 00:00:00, memory = 535.69 (MB).
    Completing 20% with 33 violations.
    elapsed time = 00:00:00, memory = 556.51 (MB).
    Completing 30% with 33 violations.
    elapsed time = 00:00:00, memory = 561.95 (MB).
    Completing 40% with 31 violations.
    elapsed time = 00:00:00, memory = 534.84 (MB).
    Completing 50% with 31 violations.
    elapsed time = 00:00:00, memory = 534.84 (MB).
    Completing 60% with 29 violations.
    elapsed time = 00:00:00, memory = 543.96 (MB).
    Completing 70% with 29 violations.
    elapsed time = 00:00:00, memory = 543.96 (MB).
    Completing 80% with 29 violations.
    elapsed time = 00:00:00, memory = 543.96 (MB).
    Completing 90% with 27 violations.
    elapsed time = 00:00:00, memory = 558.95 (MB).
    Completing 100% with 0 violations.
    elapsed time = 00:00:00, memory = 534.46 (MB).
[INFO DRT-0199]   Number of violations = 0.
[INFO DRT-0267] cpu time = 00:00:01, elapsed time = 00:00:00, memory = 534.46 (MB), peak = 656.58 (MB)
Total wire length = 303937 um.
Total wire length on LAYER li1 = 0 um.
Total wire length on LAYER met1 = 127734 um.
Total wire length on LAYER met2 = 123430 um.
Total wire length on LAYER met3 = 29578 um.
Total wire length on LAYER met4 = 22945 um.
Total wire length on LAYER met5 = 249 um.
Total number of vias = 9071.
Up-via summary (total 9071):.

-----------------------
 FR_MASTERSLICE       0
            li1    2610
           met1    5444
           met2     672
           met3     343
           met4       2
-----------------------
                   9071


[INFO DRT-0198] Complete detail routing.
Total wire length = 303937 um.
Total wire length on LAYER li1 = 0 um.
Total wire length on LAYER met1 = 127734 um.
Total wire length on LAYER met2 = 123430 um.
Total wire length on LAYER met3 = 29578 um.
Total wire length on LAYER met4 = 22945 um.
Total wire length on LAYER met5 = 249 um.
Total number of vias = 9071.
Up-via summary (total 9071):.

-----------------------
 FR_MASTERSLICE       0
            li1    2610
           met1    5444
           met2     672
           met3     343
           met4       2
-----------------------
                   9071


[INFO DRT-0267] cpu time = 00:00:47, elapsed time = 00:00:25, memory = 534.46 (MB), peak = 656.58 (MB)

[INFO DRT-0180] Post processing.
Setting global connections for newly added cells…
Writing OpenROAD database to '/openlane/designs/part2_alu_flags/runs/RUN_2026.05.15_10.53.13/results/routing/alu_flags.odb'…
Writing netlist to '/openlane/designs/part2_alu_flags/runs/RUN_2026.05.15_10.53.13/results/routing/alu_flags.nl.v'…
Writing powered netlist to '/openlane/designs/part2_alu_flags/runs/RUN_2026.05.15_10.53.13/results/routing/alu_flags.pnl.v'…
Writing layout to '/openlane/designs/part2_alu_flags/runs/RUN_2026.05.15_10.53.13/results/routing/alu_flags.def'…
