OpenROAD 41a51eaf4ca2171c92ff38afb91eb37bbd3f36da 
This program is licensed under the BSD-3 license. See the LICENSE file for details.
Components of this program may be licensed under more restrictive licenses which must be honored.
[INFO]: Reading ODB at '/openlane/designs/part3_regfile/runs/RUN_2026.05.16_09.40.57/tmp/placement/7-global.odb'…
define_corners Typical
read_liberty -corner Typical /Users/egehuriel/.ciel/sky130A/libs.ref/sky130_fd_sc_hd/lib/sky130_fd_sc_hd__tt_025C_1v80.lib
Using 1e-12 for capacitance...
Using 1e+03 for resistance...
Using 1e-09 for time...
Using 1e+00 for voltage...
Using 1e-03 for current...
Using 1e-09 for power...
Using 1e-06 for distance...
Reading design constraints file at '/openlane/designs/part3_regfile/runs/RUN_2026.05.16_09.40.57/tmp/floorplan/3-initial_fp.sdc'…
Placement Analysis
---------------------------------
total displacement      25362.6 u
average displacement        0.9 u
max displacement            9.8 u
original HPWL        12100897.2 u
legalized HPWL       12102973.5 u
delta HPWL                    0 %

[INFO DPL-0020] Mirrored 7816 instances
[INFO DPL-0021] HPWL before          12102973.5 u
[INFO DPL-0022] HPWL after           12083086.5 u
[INFO DPL-0023] HPWL delta               -0.2 %
Setting global connections for newly added cells…
Writing OpenROAD database to '/openlane/designs/part3_regfile/runs/RUN_2026.05.16_09.40.57/results/placement/register_file.odb'…
Writing netlist to '/openlane/designs/part3_regfile/runs/RUN_2026.05.16_09.40.57/results/placement/register_file.nl.v'…
Writing powered netlist to '/openlane/designs/part3_regfile/runs/RUN_2026.05.16_09.40.57/results/placement/register_file.pnl.v'…
Writing layout to '/openlane/designs/part3_regfile/runs/RUN_2026.05.16_09.40.57/results/placement/register_file.def'…
