OpenROAD 41a51eaf4ca2171c92ff38afb91eb37bbd3f36da 
This program is licensed under the BSD-3 license. See the LICENSE file for details.
Components of this program may be licensed under more restrictive licenses which must be honored.
[INFO]: Reading ODB at '/openlane/designs/part4_halfcpu/runs/RUN_2026.05.16_10.31.06/tmp/routing/15-fill.odb'…
define_corners Typical
read_liberty -corner Typical /Users/egehuriel/.ciel/sky130A/libs.ref/sky130_fd_sc_hd/lib/sky130_fd_sc_hd__tt_025C_1v80.lib
Using 1e-12 for capacitance...
Using 1e+03 for resistance...
Using 1e-09 for time...
Using 1e+00 for voltage...
Using 1e-03 for current...
Using 1e-09 for power...
Using 1e-06 for distance...
Reading design constraints file at '/openlane/designs/part4_halfcpu/runs/RUN_2026.05.16_10.31.06/results/cts/cpu_top.sdc'…
[INFO ORD-0030] Using 2 thread(s).
[INFO DRT-0149] Reading tech and libs.

Units:                1000
Number of layers:     13
Number of macros:     441
Number of vias:       25
Number of viarulegen: 25

[INFO DRT-0150] Reading design.

Design:                   cpu_top
Die area:                 ( 0 0 ) ( 500000 500000 )
Number of track patterns: 12
Number of DEF vias:       0
Number of components:     23528
Number of terminals:      28
Number of snets:          2
Number of nets:           77

[INFO DRT-0167] List of default vias:
  Layer mcon
    default via: L1M1_PR
  Layer via
    default via: M1M2_PR
  Layer via2
    default via: M2M3_PR
  Layer via3
    default via: M3M4_PR
  Layer via4
    default via: M4M5_PR
[INFO DRT-0162] Library cell analysis.
[INFO DRT-0163] Instance analysis.
  Complete 10000 instances.
  Complete 20000 instances.
[INFO DRT-0164] Number of unique instances = 56.
[INFO DRT-0168] Init region query.
[INFO DRT-0018]   Complete 10000 insts.
[INFO DRT-0018]   Complete 20000 insts.
[INFO DRT-0024]   Complete FR_MASTERSLICE.
[INFO DRT-0024]   Complete licon.
[INFO DRT-0024]   Complete li1.
[INFO DRT-0024]   Complete mcon.
[INFO DRT-0024]   Complete met1.
[INFO DRT-0024]   Complete via.
[INFO DRT-0024]   Complete met2.
[INFO DRT-0024]   Complete via2.
[INFO DRT-0024]   Complete met3.
[INFO DRT-0024]   Complete via3.
[INFO DRT-0024]   Complete met4.
[INFO DRT-0024]   Complete via4.
[INFO DRT-0024]   Complete met5.
[INFO DRT-0033] FR_MASTERSLICE shape region query size = 0.
[INFO DRT-0033] licon shape region query size = 0.
[INFO DRT-0033] li1 shape region query size = 123015.
[INFO DRT-0033] mcon shape region query size = 315312.
[INFO DRT-0033] met1 shape region query size = 50976.
[INFO DRT-0033] via shape region query size = 17600.
[INFO DRT-0033] met2 shape region query size = 10560.
[INFO DRT-0033] via2 shape region query size = 14080.
[INFO DRT-0033] met3 shape region query size = 10586.
[INFO DRT-0033] via3 shape region query size = 14080.
[INFO DRT-0033] met4 shape region query size = 4360.
[INFO DRT-0033] via4 shape region query size = 760.
[INFO DRT-0033] met5 shape region query size = 836.
[INFO DRT-0165] Start pin access.
[INFO DRT-0076]   Complete 100 pins.
[INFO DRT-0078]   Complete 132 pins.
[INFO DRT-0081]   Complete 38 unique inst patterns.
[INFO DRT-0084]   Complete 74 groups.
#scanned instances     = 23528
#unique  instances     = 56
#stdCellGenAp          = 1004
#stdCellValidPlanarAp  = 0
#stdCellValidViaAp     = 711
#stdCellPinNoAp        = 0
#stdCellPinCnt         = 243
#instTermValidViaApCnt = 0
#macroGenAp            = 0
#macroValidPlanarAp    = 0
#macroValidViaAp       = 0
#macroNoAp             = 0
[INFO DRT-0166] Complete pin access.
[INFO DRT-0267] cpu time = 00:00:01, elapsed time = 00:00:00, memory = 181.54 (MB), peak = 188.18 (MB)

Number of guides:     1042

[INFO DRT-0169] Post process guides.
[INFO DRT-0176] GCELLGRID X 0 DO 72 STEP 6900 ;
[INFO DRT-0177] GCELLGRID Y 0 DO 72 STEP 6900 ;
[INFO DRT-0028]   Complete FR_MASTERSLICE.
[INFO DRT-0028]   Complete licon.
[INFO DRT-0028]   Complete li1.
[INFO DRT-0028]   Complete mcon.
[INFO DRT-0028]   Complete met1.
[INFO DRT-0028]   Complete via.
[INFO DRT-0028]   Complete met2.
[INFO DRT-0028]   Complete via2.
[INFO DRT-0028]   Complete met3.
[INFO DRT-0028]   Complete via3.
[INFO DRT-0028]   Complete met4.
[INFO DRT-0028]   Complete via4.
[INFO DRT-0028]   Complete met5.
[INFO DRT-0178] Init guide query.
[INFO DRT-0035]   Complete FR_MASTERSLICE (guide).
[INFO DRT-0035]   Complete licon (guide).
[INFO DRT-0035]   Complete li1 (guide).
[INFO DRT-0035]   Complete mcon (guide).
[INFO DRT-0035]   Complete met1 (guide).
[INFO DRT-0035]   Complete via (guide).
[INFO DRT-0035]   Complete met2 (guide).
[INFO DRT-0035]   Complete via2 (guide).
[INFO DRT-0035]   Complete met3 (guide).
[INFO DRT-0035]   Complete via3 (guide).
[INFO DRT-0035]   Complete met4 (guide).
[INFO DRT-0035]   Complete via4 (guide).
[INFO DRT-0035]   Complete met5 (guide).
[INFO DRT-0036] FR_MASTERSLICE guide region query size = 0.
[INFO DRT-0036] licon guide region query size = 0.
[INFO DRT-0036] li1 guide region query size = 243.
[INFO DRT-0036] mcon guide region query size = 0.
[INFO DRT-0036] met1 guide region query size = 293.
[INFO DRT-0036] via guide region query size = 0.
[INFO DRT-0036] met2 guide region query size = 202.
[INFO DRT-0036] via2 guide region query size = 0.
[INFO DRT-0036] met3 guide region query size = 32.
[INFO DRT-0036] via3 guide region query size = 0.
[INFO DRT-0036] met4 guide region query size = 4.
[INFO DRT-0036] via4 guide region query size = 0.
[INFO DRT-0036] met5 guide region query size = 0.
[INFO DRT-0179] Init gr pin query.
[INFO DRT-0245] skipped writing guide updates to database.
[INFO DRT-0185] Post process initialize RPin region query.
[INFO DRT-0181] Start track assignment.
[INFO DRT-0184] Done with 449 vertical wires in 2 frboxes and 325 horizontal wires in 2 frboxes.
[INFO DRT-0186] Done with 8 vertical wires in 2 frboxes and 50 horizontal wires in 2 frboxes.
[INFO DRT-0182] Complete track assignment.
[INFO DRT-0267] cpu time = 00:00:01, elapsed time = 00:00:00, memory = 208.91 (MB), peak = 249.27 (MB)
[INFO DRT-0187] Start routing data preparation.
[INFO DRT-0267] cpu time = 00:00:00, elapsed time = 00:00:00, memory = 208.91 (MB), peak = 249.27 (MB)
[INFO DRT-0194] Start detail routing.
[INFO DRT-0195] Start 0th optimization iteration.
    Completing 10% with 0 violations.
    elapsed time = 00:00:00, memory = 312.70 (MB).
    Completing 20% with 0 violations.
    elapsed time = 00:00:00, memory = 429.37 (MB).
    Completing 30% with 6 violations.
    elapsed time = 00:00:01, memory = 342.44 (MB).
    Completing 40% with 6 violations.
    elapsed time = 00:00:01, memory = 411.91 (MB).
    Completing 50% with 6 violations.
    elapsed time = 00:00:02, memory = 485.88 (MB).
    Completing 60% with 10 violations.
    elapsed time = 00:00:02, memory = 459.57 (MB).
    Completing 70% with 10 violations.
    elapsed time = 00:00:02, memory = 459.57 (MB).
    Completing 80% with 13 violations.
    elapsed time = 00:00:03, memory = 343.94 (MB).
    Completing 90% with 13 violations.
    elapsed time = 00:00:03, memory = 415.52 (MB).
    Completing 100% with 15 violations.
    elapsed time = 00:00:04, memory = 338.02 (MB).
[INFO DRT-0199]   Number of violations = 15.
Viol/Layer        met1   met2
Metal Spacing        6      1
Short                8      0
[INFO DRT-0267] cpu time = 00:00:07, elapsed time = 00:00:04, memory = 337.85 (MB), peak = 539.15 (MB)
Total wire length = 39990 um.
Total wire length on LAYER li1 = 0 um.
Total wire length on LAYER met1 = 20277 um.
Total wire length on LAYER met2 = 18437 um.
Total wire length on LAYER met3 = 940 um.
Total wire length on LAYER met4 = 335 um.
Total wire length on LAYER met5 = 0 um.
Total number of vias = 660.
Up-via summary (total 660):.

----------------------
 FR_MASTERSLICE      0
            li1    243
           met1    378
           met2     32
           met3      7
           met4      0
----------------------
                   660


[INFO DRT-0195] Start 1st optimization iteration.
    Completing 10% with 15 violations.
    elapsed time = 00:00:00, memory = 395.99 (MB).
    Completing 20% with 15 violations.
    elapsed time = 00:00:00, memory = 452.20 (MB).
    Completing 30% with 17 violations.
    elapsed time = 00:00:00, memory = 346.85 (MB).
    Completing 40% with 17 violations.
    elapsed time = 00:00:01, memory = 411.36 (MB).
    Completing 50% with 17 violations.
    elapsed time = 00:00:01, memory = 482.23 (MB).
    Completing 60% with 17 violations.
    elapsed time = 00:00:01, memory = 373.70 (MB).
    Completing 70% with 17 violations.
    elapsed time = 00:00:02, memory = 427.13 (MB).
    Completing 80% with 13 violations.
    elapsed time = 00:00:02, memory = 351.99 (MB).
    Completing 90% with 13 violations.
    elapsed time = 00:00:03, memory = 425.32 (MB).
    Completing 100% with 13 violations.
    elapsed time = 00:00:03, memory = 337.85 (MB).
[INFO DRT-0199]   Number of violations = 13.
Viol/Layer        met1
Metal Spacing        1
Short               12
[INFO DRT-0267] cpu time = 00:00:06, elapsed time = 00:00:03, memory = 337.85 (MB), peak = 539.15 (MB)
Total wire length = 39988 um.
Total wire length on LAYER li1 = 0 um.
Total wire length on LAYER met1 = 20371 um.
Total wire length on LAYER met2 = 18430 um.
Total wire length on LAYER met3 = 851 um.
Total wire length on LAYER met4 = 335 um.
Total wire length on LAYER met5 = 0 um.
Total number of vias = 656.
Up-via summary (total 656):.

----------------------
 FR_MASTERSLICE      0
            li1    243
           met1    374
           met2     32
           met3      7
           met4      0
----------------------
                   656


[INFO DRT-0195] Start 2nd optimization iteration.
    Completing 10% with 13 violations.
    elapsed time = 00:00:00, memory = 337.85 (MB).
    Completing 20% with 13 violations.
    elapsed time = 00:00:00, memory = 337.85 (MB).
    Completing 30% with 13 violations.
    elapsed time = 00:00:00, memory = 337.85 (MB).
    Completing 40% with 13 violations.
    elapsed time = 00:00:00, memory = 341.30 (MB).
    Completing 50% with 13 violations.
    elapsed time = 00:00:00, memory = 356.16 (MB).
    Completing 60% with 13 violations.
    elapsed time = 00:00:00, memory = 356.54 (MB).
    Completing 70% with 13 violations.
    elapsed time = 00:00:00, memory = 356.54 (MB).
    Completing 80% with 10 violations.
    elapsed time = 00:00:00, memory = 356.54 (MB).
    Completing 90% with 10 violations.
    elapsed time = 00:00:00, memory = 356.54 (MB).
    Completing 100% with 6 violations.
    elapsed time = 00:00:00, memory = 356.55 (MB).
[INFO DRT-0199]   Number of violations = 6.
Viol/Layer        met1
Short                6
[INFO DRT-0267] cpu time = 00:00:00, elapsed time = 00:00:00, memory = 356.55 (MB), peak = 557.77 (MB)
Total wire length = 39993 um.
Total wire length on LAYER li1 = 0 um.
Total wire length on LAYER met1 = 20376 um.
Total wire length on LAYER met2 = 18429 um.
Total wire length on LAYER met3 = 851 um.
Total wire length on LAYER met4 = 335 um.
Total wire length on LAYER met5 = 0 um.
Total number of vias = 659.
Up-via summary (total 659):.

----------------------
 FR_MASTERSLICE      0
            li1    243
           met1    377
           met2     32
           met3      7
           met4      0
----------------------
                   659


[INFO DRT-0195] Start 3rd optimization iteration.
    Completing 10% with 6 violations.
    elapsed time = 00:00:00, memory = 356.55 (MB).
    Completing 20% with 6 violations.
    elapsed time = 00:00:00, memory = 356.55 (MB).
    Completing 30% with 6 violations.
    elapsed time = 00:00:00, memory = 356.55 (MB).
    Completing 40% with 6 violations.
    elapsed time = 00:00:00, memory = 356.55 (MB).
    Completing 50% with 6 violations.
    elapsed time = 00:00:00, memory = 356.55 (MB).
    Completing 60% with 6 violations.
    elapsed time = 00:00:00, memory = 356.55 (MB).
    Completing 70% with 6 violations.
    elapsed time = 00:00:00, memory = 356.55 (MB).
    Completing 80% with 2 violations.
    elapsed time = 00:00:00, memory = 356.55 (MB).
    Completing 90% with 2 violations.
    elapsed time = 00:00:00, memory = 356.55 (MB).
    Completing 100% with 0 violations.
    elapsed time = 00:00:00, memory = 356.55 (MB).
[INFO DRT-0199]   Number of violations = 0.
[INFO DRT-0267] cpu time = 00:00:00, elapsed time = 00:00:00, memory = 356.55 (MB), peak = 557.77 (MB)
Total wire length = 39998 um.
Total wire length on LAYER li1 = 0 um.
Total wire length on LAYER met1 = 20372 um.
Total wire length on LAYER met2 = 18439 um.
Total wire length on LAYER met3 = 851 um.
Total wire length on LAYER met4 = 335 um.
Total wire length on LAYER met5 = 0 um.
Total number of vias = 667.
Up-via summary (total 667):.

----------------------
 FR_MASTERSLICE      0
            li1    243
           met1    385
           met2     32
           met3      7
           met4      0
----------------------
                   667


[INFO DRT-0198] Complete detail routing.
Total wire length = 39998 um.
Total wire length on LAYER li1 = 0 um.
Total wire length on LAYER met1 = 20372 um.
Total wire length on LAYER met2 = 18439 um.
Total wire length on LAYER met3 = 851 um.
Total wire length on LAYER met4 = 335 um.
Total wire length on LAYER met5 = 0 um.
Total number of vias = 667.
Up-via summary (total 667):.

----------------------
 FR_MASTERSLICE      0
            li1    243
           met1    385
           met2     32
           met3      7
           met4      0
----------------------
                   667


[INFO DRT-0267] cpu time = 00:00:15, elapsed time = 00:00:08, memory = 356.55 (MB), peak = 557.77 (MB)

[INFO DRT-0180] Post processing.
Setting global connections for newly added cells…
Writing OpenROAD database to '/openlane/designs/part4_halfcpu/runs/RUN_2026.05.16_10.31.06/results/routing/cpu_top.odb'…
Writing netlist to '/openlane/designs/part4_halfcpu/runs/RUN_2026.05.16_10.31.06/results/routing/cpu_top.nl.v'…
Writing powered netlist to '/openlane/designs/part4_halfcpu/runs/RUN_2026.05.16_10.31.06/results/routing/cpu_top.pnl.v'…
Writing layout to '/openlane/designs/part4_halfcpu/runs/RUN_2026.05.16_10.31.06/results/routing/cpu_top.def'…
