OpenROAD 41a51eaf4ca2171c92ff38afb91eb37bbd3f36da 
This program is licensed under the BSD-3 license. See the LICENSE file for details.
Components of this program may be licensed under more restrictive licenses which must be honored.
[INFO]: Reading ODB at '/openlane/designs/part5_full/runs/RUN_2026.05.16_12.13.09/tmp/routing/15-fill.odb'…
define_corners Typical
read_liberty -corner Typical /Users/egehuriel/.ciel/sky130A/libs.ref/sky130_fd_sc_hd/lib/sky130_fd_sc_hd__tt_025C_1v80.lib
Using 1e-12 for capacitance...
Using 1e+03 for resistance...
Using 1e-09 for time...
Using 1e+00 for voltage...
Using 1e-03 for current...
Using 1e-09 for power...
Using 1e-06 for distance...
Reading design constraints file at '/openlane/designs/part5_full/runs/RUN_2026.05.16_12.13.09/results/cts/full_system.sdc'…
[INFO ORD-0030] Using 2 thread(s).
[INFO DRT-0149] Reading tech and libs.

Units:                1000
Number of layers:     13
Number of macros:     441
Number of vias:       25
Number of viarulegen: 25

[INFO DRT-0150] Reading design.

Design:                   full_system
Die area:                 ( 0 0 ) ( 600000 600000 )
Number of track patterns: 12
Number of DEF vias:       0
Number of components:     34233
Number of terminals:      15
Number of snets:          2
Number of nets:           86

[INFO DRT-0167] List of default vias:
  Layer mcon
    default via: L1M1_PR
  Layer via
    default via: M1M2_PR
  Layer via2
    default via: M2M3_PR
  Layer via3
    default via: M3M4_PR
  Layer via4
    default via: M4M5_PR
[INFO DRT-0162] Library cell analysis.
[INFO DRT-0163] Instance analysis.
  Complete 10000 instances.
  Complete 20000 instances.
  Complete 30000 instances.
[INFO DRT-0164] Number of unique instances = 51.
[INFO DRT-0168] Init region query.
[INFO DRT-0018]   Complete 10000 insts.
[INFO DRT-0018]   Complete 20000 insts.
[INFO DRT-0018]   Complete 30000 insts.
[INFO DRT-0024]   Complete FR_MASTERSLICE.
[INFO DRT-0024]   Complete licon.
[INFO DRT-0024]   Complete li1.
[INFO DRT-0024]   Complete mcon.
[INFO DRT-0024]   Complete met1.
[INFO DRT-0024]   Complete via.
[INFO DRT-0024]   Complete met2.
[INFO DRT-0024]   Complete via2.
[INFO DRT-0024]   Complete met3.
[INFO DRT-0024]   Complete via3.
[INFO DRT-0024]   Complete met4.
[INFO DRT-0024]   Complete via4.
[INFO DRT-0024]   Complete met5.
[INFO DRT-0033] FR_MASTERSLICE shape region query size = 0.
[INFO DRT-0033] licon shape region query size = 0.
[INFO DRT-0033] li1 shape region query size = 178848.
[INFO DRT-0033] mcon shape region query size = 461160.
[INFO DRT-0033] met1 shape region query size = 74111.
[INFO DRT-0033] via shape region query size = 25560.
[INFO DRT-0033] met2 shape region query size = 15336.
[INFO DRT-0033] via2 shape region query size = 20448.
[INFO DRT-0033] met3 shape region query size = 15349.
[INFO DRT-0033] via3 shape region query size = 20448.
[INFO DRT-0033] met4 shape region query size = 6312.
[INFO DRT-0033] via4 shape region query size = 1104.
[INFO DRT-0033] met5 shape region query size = 1196.
[INFO DRT-0165] Start pin access.
[INFO DRT-0076]   Complete 100 pins.
[INFO DRT-0078]   Complete 113 pins.
[INFO DRT-0081]   Complete 33 unique inst patterns.
[INFO DRT-0084]   Complete 86 groups.
#scanned instances     = 34233
#unique  instances     = 51
#stdCellGenAp          = 983
#stdCellValidPlanarAp  = 22
#stdCellValidViaAp     = 693
#stdCellPinNoAp        = 0
#stdCellPinCnt         = 248
#instTermValidViaApCnt = 0
#macroGenAp            = 0
#macroValidPlanarAp    = 0
#macroValidViaAp       = 0
#macroNoAp             = 0
[INFO DRT-0166] Complete pin access.
[INFO DRT-0267] cpu time = 00:00:01, elapsed time = 00:00:00, memory = 209.49 (MB), peak = 220.62 (MB)

Number of guides:     930

[INFO DRT-0169] Post process guides.
[INFO DRT-0176] GCELLGRID X 0 DO 86 STEP 6900 ;
[INFO DRT-0177] GCELLGRID Y 0 DO 86 STEP 6900 ;
[INFO DRT-0028]   Complete FR_MASTERSLICE.
[INFO DRT-0028]   Complete licon.
[INFO DRT-0028]   Complete li1.
[INFO DRT-0028]   Complete mcon.
[INFO DRT-0028]   Complete met1.
[INFO DRT-0028]   Complete via.
[INFO DRT-0028]   Complete met2.
[INFO DRT-0028]   Complete via2.
[INFO DRT-0028]   Complete met3.
[INFO DRT-0028]   Complete via3.
[INFO DRT-0028]   Complete met4.
[INFO DRT-0028]   Complete via4.
[INFO DRT-0028]   Complete met5.
[INFO DRT-0178] Init guide query.
[INFO DRT-0035]   Complete FR_MASTERSLICE (guide).
[INFO DRT-0035]   Complete licon (guide).
[INFO DRT-0035]   Complete li1 (guide).
[INFO DRT-0035]   Complete mcon (guide).
[INFO DRT-0035]   Complete met1 (guide).
[INFO DRT-0035]   Complete via (guide).
[INFO DRT-0035]   Complete met2 (guide).
[INFO DRT-0035]   Complete via2 (guide).
[INFO DRT-0035]   Complete met3 (guide).
[INFO DRT-0035]   Complete via3 (guide).
[INFO DRT-0035]   Complete met4 (guide).
[INFO DRT-0035]   Complete via4 (guide).
[INFO DRT-0035]   Complete met5 (guide).
[INFO DRT-0036] FR_MASTERSLICE guide region query size = 0.
[INFO DRT-0036] licon guide region query size = 0.
[INFO DRT-0036] li1 guide region query size = 233.
[INFO DRT-0036] mcon guide region query size = 0.
[INFO DRT-0036] met1 guide region query size = 282.
[INFO DRT-0036] via guide region query size = 0.
[INFO DRT-0036] met2 guide region query size = 179.
[INFO DRT-0036] via2 guide region query size = 0.
[INFO DRT-0036] met3 guide region query size = 16.
[INFO DRT-0036] via3 guide region query size = 0.
[INFO DRT-0036] met4 guide region query size = 3.
[INFO DRT-0036] via4 guide region query size = 0.
[INFO DRT-0036] met5 guide region query size = 0.
[INFO DRT-0179] Init gr pin query.
[INFO DRT-0245] skipped writing guide updates to database.
[INFO DRT-0185] Post process initialize RPin region query.
[INFO DRT-0181] Start track assignment.
[INFO DRT-0184] Done with 415 vertical wires in 2 frboxes and 298 horizontal wires in 2 frboxes.
[INFO DRT-0186] Done with 6 vertical wires in 2 frboxes and 48 horizontal wires in 2 frboxes.
[INFO DRT-0182] Complete track assignment.
[INFO DRT-0267] cpu time = 00:00:01, elapsed time = 00:00:00, memory = 226.13 (MB), peak = 309.29 (MB)
[INFO DRT-0187] Start routing data preparation.
[INFO DRT-0267] cpu time = 00:00:00, elapsed time = 00:00:00, memory = 226.13 (MB), peak = 309.29 (MB)
[INFO DRT-0194] Start detail routing.
[INFO DRT-0195] Start 0th optimization iteration.
    Completing 10% with 0 violations.
    elapsed time = 00:00:00, memory = 381.18 (MB).
    Completing 20% with 0 violations.
    elapsed time = 00:00:00, memory = 558.66 (MB).
    Completing 30% with 7 violations.
    elapsed time = 00:00:01, memory = 451.03 (MB).
    Completing 40% with 7 violations.
    elapsed time = 00:00:01, memory = 555.54 (MB).
    Completing 50% with 7 violations.
    elapsed time = 00:00:02, memory = 651.06 (MB).
    Completing 60% with 16 violations.
    elapsed time = 00:00:02, memory = 502.02 (MB).
    Completing 70% with 16 violations.
    elapsed time = 00:00:03, memory = 584.84 (MB).
    Completing 80% with 26 violations.
    elapsed time = 00:00:03, memory = 464.49 (MB).
    Completing 90% with 26 violations.
    elapsed time = 00:00:04, memory = 564.34 (MB).
    Completing 100% with 27 violations.
    elapsed time = 00:00:05, memory = 629.61 (MB).
[INFO DRT-0199]   Number of violations = 30.
Viol/Layer        met1
Metal Spacing        3
Recheck              3
Short               24
[INFO DRT-0267] cpu time = 00:00:09, elapsed time = 00:00:05, memory = 758.11 (MB), peak = 757.73 (MB)
Total wire length = 47391 um.
Total wire length on LAYER li1 = 0 um.
Total wire length on LAYER met1 = 25570 um.
Total wire length on LAYER met2 = 20778 um.
Total wire length on LAYER met3 = 670 um.
Total wire length on LAYER met4 = 371 um.
Total wire length on LAYER met5 = 0 um.
Total number of vias = 590.
Up-via summary (total 590):.

----------------------
 FR_MASTERSLICE      0
            li1    234
           met1    336
           met2     15
           met3      5
           met4      0
----------------------
                   590


[INFO DRT-0195] Start 1st optimization iteration.
    Completing 10% with 30 violations.
    elapsed time = 00:00:00, memory = 644.12 (MB).
    Completing 20% with 30 violations.
    elapsed time = 00:00:00, memory = 726.35 (MB).
    Completing 30% with 33 violations.
    elapsed time = 00:00:01, memory = 782.88 (MB).
    Completing 40% with 33 violations.
    elapsed time = 00:00:01, memory = 782.94 (MB).
    Completing 50% with 33 violations.
    elapsed time = 00:00:02, memory = 782.94 (MB).
    Completing 60% with 32 violations.
    elapsed time = 00:00:02, memory = 628.77 (MB).
    Completing 70% with 32 violations.
    elapsed time = 00:00:03, memory = 708.04 (MB).
    Completing 80% with 22 violations.
    elapsed time = 00:00:03, memory = 592.88 (MB).
    Completing 90% with 22 violations.
    elapsed time = 00:00:04, memory = 688.32 (MB).
    Completing 100% with 15 violations.
    elapsed time = 00:00:05, memory = 758.27 (MB).
[INFO DRT-0199]   Number of violations = 15.
Viol/Layer        met1
Metal Spacing        4
Short               11
[INFO DRT-0267] cpu time = 00:00:09, elapsed time = 00:00:05, memory = 758.39 (MB), peak = 791.22 (MB)
Total wire length = 47404 um.
Total wire length on LAYER li1 = 0 um.
Total wire length on LAYER met1 = 25613 um.
Total wire length on LAYER met2 = 20796 um.
Total wire length on LAYER met3 = 623 um.
Total wire length on LAYER met4 = 371 um.
Total wire length on LAYER met5 = 0 um.
Total number of vias = 602.
Up-via summary (total 602):.

----------------------
 FR_MASTERSLICE      0
            li1    234
           met1    348
           met2     15
           met3      5
           met4      0
----------------------
                   602


[INFO DRT-0195] Start 2nd optimization iteration.
    Completing 10% with 15 violations.
    elapsed time = 00:00:00, memory = 758.39 (MB).
    Completing 20% with 15 violations.
    elapsed time = 00:00:00, memory = 758.39 (MB).
    Completing 30% with 13 violations.
    elapsed time = 00:00:00, memory = 582.80 (MB).
    Completing 40% with 13 violations.
    elapsed time = 00:00:00, memory = 582.80 (MB).
    Completing 50% with 13 violations.
    elapsed time = 00:00:00, memory = 582.80 (MB).
    Completing 60% with 14 violations.
    elapsed time = 00:00:00, memory = 582.87 (MB).
    Completing 70% with 14 violations.
    elapsed time = 00:00:00, memory = 582.87 (MB).
    Completing 80% with 12 violations.
    elapsed time = 00:00:00, memory = 582.87 (MB).
    Completing 90% with 12 violations.
    elapsed time = 00:00:00, memory = 582.87 (MB).
    Completing 100% with 12 violations.
    elapsed time = 00:00:00, memory = 582.87 (MB).
[INFO DRT-0199]   Number of violations = 12.
Viol/Layer        met1
Metal Spacing        3
Short                9
[INFO DRT-0267] cpu time = 00:00:00, elapsed time = 00:00:00, memory = 582.87 (MB), peak = 791.22 (MB)
Total wire length = 47404 um.
Total wire length on LAYER li1 = 0 um.
Total wire length on LAYER met1 = 25601 um.
Total wire length on LAYER met2 = 20800 um.
Total wire length on LAYER met3 = 629 um.
Total wire length on LAYER met4 = 371 um.
Total wire length on LAYER met5 = 0 um.
Total number of vias = 609.
Up-via summary (total 609):.

----------------------
 FR_MASTERSLICE      0
            li1    234
           met1    355
           met2     15
           met3      5
           met4      0
----------------------
                   609


[INFO DRT-0195] Start 3rd optimization iteration.
    Completing 10% with 12 violations.
    elapsed time = 00:00:00, memory = 582.87 (MB).
    Completing 20% with 12 violations.
    elapsed time = 00:00:00, memory = 582.87 (MB).
    Completing 30% with 4 violations.
    elapsed time = 00:00:00, memory = 582.87 (MB).
    Completing 40% with 4 violations.
    elapsed time = 00:00:00, memory = 582.87 (MB).
    Completing 50% with 4 violations.
    elapsed time = 00:00:00, memory = 582.87 (MB).
    Completing 60% with 4 violations.
    elapsed time = 00:00:00, memory = 582.87 (MB).
    Completing 70% with 4 violations.
    elapsed time = 00:00:00, memory = 582.87 (MB).
    Completing 80% with 0 violations.
    elapsed time = 00:00:00, memory = 582.87 (MB).
    Completing 90% with 0 violations.
    elapsed time = 00:00:00, memory = 582.87 (MB).
    Completing 100% with 0 violations.
    elapsed time = 00:00:00, memory = 582.87 (MB).
[INFO DRT-0199]   Number of violations = 0.
[INFO DRT-0267] cpu time = 00:00:00, elapsed time = 00:00:00, memory = 582.87 (MB), peak = 791.22 (MB)
Total wire length = 47409 um.
Total wire length on LAYER li1 = 0 um.
Total wire length on LAYER met1 = 25592 um.
Total wire length on LAYER met2 = 20814 um.
Total wire length on LAYER met3 = 629 um.
Total wire length on LAYER met4 = 371 um.
Total wire length on LAYER met5 = 0 um.
Total number of vias = 619.
Up-via summary (total 619):.

----------------------
 FR_MASTERSLICE      0
            li1    234
           met1    365
           met2     15
           met3      5
           met4      0
----------------------
                   619


[INFO DRT-0198] Complete detail routing.
Total wire length = 47409 um.
Total wire length on LAYER li1 = 0 um.
Total wire length on LAYER met1 = 25592 um.
Total wire length on LAYER met2 = 20814 um.
Total wire length on LAYER met3 = 629 um.
Total wire length on LAYER met4 = 371 um.
Total wire length on LAYER met5 = 0 um.
Total number of vias = 619.
Up-via summary (total 619):.

----------------------
 FR_MASTERSLICE      0
            li1    234
           met1    365
           met2     15
           met3      5
           met4      0
----------------------
                   619


[INFO DRT-0267] cpu time = 00:00:20, elapsed time = 00:00:10, memory = 582.87 (MB), peak = 791.22 (MB)

[INFO DRT-0180] Post processing.
Setting global connections for newly added cells…
Writing OpenROAD database to '/openlane/designs/part5_full/runs/RUN_2026.05.16_12.13.09/results/routing/full_system.odb'…
Writing netlist to '/openlane/designs/part5_full/runs/RUN_2026.05.16_12.13.09/results/routing/full_system.nl.v'…
Writing powered netlist to '/openlane/designs/part5_full/runs/RUN_2026.05.16_12.13.09/results/routing/full_system.pnl.v'…
Writing layout to '/openlane/designs/part5_full/runs/RUN_2026.05.16_12.13.09/results/routing/full_system.def'…
