
===========================================================================
report_checks -path_delay max (Setup)
============================================================================
======================= Typical Corner ===================================

Startpoint: B[6] (input port clocked by __VIRTUAL_CLK__)
Endpoint: Y[0] (output port clocked by __VIRTUAL_CLK__)
Path Group: __VIRTUAL_CLK__
Path Type: max

Fanout     Cap    Slew   Delay    Time   Description
-----------------------------------------------------------------------------
                  0.00    0.00    0.00   clock __VIRTUAL_CLK__ (rise edge)
                          0.00    0.00   clock network delay (ideal)
                          2.00    2.00 v input external delay
                  0.01    0.01    2.01 v B[6] (in)
     2    0.00                           B[6] (net)
                  0.01    0.00    2.01 v _0658_/A (sky130_fd_sc_hd__or3_2)
                  0.11    0.54    2.55 v _0658_/X (sky130_fd_sc_hd__or3_2)
     5    0.01                           _0309_ (net)
                  0.11    0.00    2.55 v _0666_/D (sky130_fd_sc_hd__or4_2)
                  0.11    0.59    3.14 v _0666_/X (sky130_fd_sc_hd__or4_2)
     2    0.00                           _0395_ (net)
                  0.11    0.00    3.14 v _0667_/A3 (sky130_fd_sc_hd__o31a_2)
                  0.08    0.36    3.50 v _0667_/X (sky130_fd_sc_hd__o31a_2)
     4    0.02                           _0406_ (net)
                  0.08    0.00    3.50 v _0668_/B (sky130_fd_sc_hd__or2_2)
                  0.08    0.33    3.83 v _0668_/X (sky130_fd_sc_hd__or2_2)
     4    0.01                           _0417_ (net)
                  0.08    0.00    3.83 v _0676_/A2 (sky130_fd_sc_hd__a31o_2)
                  0.06    0.28    4.11 v _0676_/X (sky130_fd_sc_hd__a31o_2)
     5    0.01                           _0503_ (net)
                  0.06    0.00    4.11 v _0681_/B (sky130_fd_sc_hd__and4_2)
                  0.05    0.22    4.34 v _0681_/X (sky130_fd_sc_hd__and4_2)
     3    0.00                           _0556_ (net)
                  0.05    0.00    4.34 v _0682_/C (sky130_fd_sc_hd__or3_2)
                  0.09    0.44    4.78 v _0682_/X (sky130_fd_sc_hd__or3_2)
     3    0.01                           _0567_ (net)
                  0.09    0.00    4.78 v _0692_/A1 (sky130_fd_sc_hd__a31o_2)
                  0.04    0.23    5.01 v _0692_/X (sky130_fd_sc_hd__a31o_2)
     1    0.00                           _0628_ (net)
                  0.04    0.00    5.01 v _0693_/A2 (sky130_fd_sc_hd__a211oi_2)
                  0.32    0.35    5.36 ^ _0693_/Y (sky130_fd_sc_hd__a211oi_2)
     4    0.01                           _0629_ (net)
                  0.32    0.00    5.36 ^ _0716_/A (sky130_fd_sc_hd__nand2_2)
                  0.10    0.12    5.48 v _0716_/Y (sky130_fd_sc_hd__nand2_2)
     3    0.01                           _0652_ (net)
                  0.10    0.00    5.48 v _0717_/S (sky130_fd_sc_hd__mux2_2)
                  0.07    0.34    5.82 v _0717_/X (sky130_fd_sc_hd__mux2_2)
     4    0.01                           _0653_ (net)
                  0.07    0.00    5.82 v _0720_/A2 (sky130_fd_sc_hd__a22oi_2)
                  0.19    0.24    6.06 ^ _0720_/Y (sky130_fd_sc_hd__a22oi_2)
     2    0.01                           _0002_ (net)
                  0.19    0.00    6.06 ^ _0730_/A2 (sky130_fd_sc_hd__o31ai_2)
                  0.08    0.12    6.18 v _0730_/Y (sky130_fd_sc_hd__o31ai_2)
     4    0.01                           _0012_ (net)
                  0.08    0.00    6.18 v _0732_/A2 (sky130_fd_sc_hd__a21oi_2)
                  0.35    0.34    6.52 ^ _0732_/Y (sky130_fd_sc_hd__a21oi_2)
     8    0.03                           _0014_ (net)
                  0.35    0.00    6.52 ^ _0733_/S (sky130_fd_sc_hd__mux2_2)
                  0.08    0.45    6.96 v _0733_/X (sky130_fd_sc_hd__mux2_2)
     3    0.01                           _0015_ (net)
                  0.08    0.00    6.96 v _0746_/B (sky130_fd_sc_hd__xnor2_2)
                  0.17    0.18    7.14 ^ _0746_/Y (sky130_fd_sc_hd__xnor2_2)
     3    0.01                           _0028_ (net)
                  0.17    0.00    7.14 ^ _0763_/A1 (sky130_fd_sc_hd__a21o_2)
                  0.07    0.19    7.33 ^ _0763_/X (sky130_fd_sc_hd__a21o_2)
     2    0.01                           _0045_ (net)
                  0.07    0.00    7.33 ^ _0765_/A2 (sky130_fd_sc_hd__a21o_2)
                  0.10    0.19    7.51 ^ _0765_/X (sky130_fd_sc_hd__a21o_2)
     4    0.02                           _0047_ (net)
                  0.10    0.00    7.51 ^ _0776_/A1 (sky130_fd_sc_hd__a32oi_2)
                  0.13    0.14    7.65 v _0776_/Y (sky130_fd_sc_hd__a32oi_2)
     4    0.01                           _0058_ (net)
                  0.13    0.00    7.65 v _0780_/A2 (sky130_fd_sc_hd__a21oi_2)
                  0.33    0.35    8.00 ^ _0780_/Y (sky130_fd_sc_hd__a21oi_2)
     9    0.03                           _0062_ (net)
                  0.33    0.00    8.00 ^ _0814_/S (sky130_fd_sc_hd__mux2_2)
                  0.10    0.47    8.47 v _0814_/X (sky130_fd_sc_hd__mux2_2)
     4    0.02                           _0096_ (net)
                  0.10    0.00    8.47 v _0832_/A2 (sky130_fd_sc_hd__a22o_2)
                  0.04    0.28    8.75 v _0832_/X (sky130_fd_sc_hd__a22o_2)
     1    0.00                           _0114_ (net)
                  0.04    0.00    8.75 v _0834_/B1 (sky130_fd_sc_hd__a32o_2)
                  0.04    0.22    8.96 v _0834_/X (sky130_fd_sc_hd__a32o_2)
     1    0.00                           _0116_ (net)
                  0.04    0.00    8.96 v _0835_/B1 (sky130_fd_sc_hd__a41o_2)
                  0.05    0.25    9.22 v _0835_/X (sky130_fd_sc_hd__a41o_2)
     3    0.01                           _0117_ (net)
                  0.05    0.00    9.22 v _0836_/B (sky130_fd_sc_hd__and2_2)
                  0.03    0.19    9.41 v _0836_/X (sky130_fd_sc_hd__and2_2)
     1    0.00                           _0118_ (net)
                  0.03    0.00    9.41 v _0837_/A (sky130_fd_sc_hd__buf_1)
                  0.12    0.17    9.58 v _0837_/X (sky130_fd_sc_hd__buf_1)
     8    0.02                           _0119_ (net)
                  0.12    0.00    9.58 v _0850_/S (sky130_fd_sc_hd__mux2_2)
                  0.05    0.32    9.90 v _0850_/X (sky130_fd_sc_hd__mux2_2)
     2    0.00                           _0132_ (net)
                  0.05    0.00    9.90 v _0861_/A2 (sky130_fd_sc_hd__a221o_2)
                  0.05    0.39   10.29 v _0861_/X (sky130_fd_sc_hd__a221o_2)
     1    0.00                           _0143_ (net)
                  0.05    0.00   10.29 v _0863_/A2 (sky130_fd_sc_hd__a21o_2)
                  0.03    0.21   10.50 v _0863_/X (sky130_fd_sc_hd__a21o_2)
     1    0.00                           _0145_ (net)
                  0.03    0.00   10.50 v _0871_/A2 (sky130_fd_sc_hd__a21o_2)
                  0.04    0.21   10.71 v _0871_/X (sky130_fd_sc_hd__a21o_2)
     1    0.00                           _0153_ (net)
                  0.04    0.00   10.71 v _0881_/A1 (sky130_fd_sc_hd__a21oi_2)
                  0.07    0.09   10.81 ^ _0881_/Y (sky130_fd_sc_hd__a21oi_2)
     1    0.00                           _0163_ (net)
                  0.07    0.00   10.81 ^ _0895_/A (sky130_fd_sc_hd__or4_2)
                  0.03    0.11   10.92 ^ _0895_/X (sky130_fd_sc_hd__or4_2)
     1    0.00                           _0177_ (net)
                  0.03    0.00   10.92 ^ _0896_/A (sky130_fd_sc_hd__buf_1)
                  0.40    0.33   11.25 ^ _0896_/X (sky130_fd_sc_hd__buf_1)
     1    0.03                           Y[0] (net)
                  0.40    0.00   11.25 ^ Y[0] (out)
                                 11.25   data arrival time

                  0.00   10.00   10.00   clock __VIRTUAL_CLK__ (rise edge)
                          0.00   10.00   clock network delay (ideal)
                         -0.25    9.75   clock uncertainty
                          0.00    9.75   clock reconvergence pessimism
                         -2.00    7.75   output external delay
                                  7.75   data required time
-----------------------------------------------------------------------------
                                  7.75   data required time
                                -11.25   data arrival time
-----------------------------------------------------------------------------
                                 -3.50   slack (VIOLATED)


Startpoint: B[6] (input port clocked by __VIRTUAL_CLK__)
Endpoint: Y[1] (output port clocked by __VIRTUAL_CLK__)
Path Group: __VIRTUAL_CLK__
Path Type: max

Fanout     Cap    Slew   Delay    Time   Description
-----------------------------------------------------------------------------
                  0.00    0.00    0.00   clock __VIRTUAL_CLK__ (rise edge)
                          0.00    0.00   clock network delay (ideal)
                          2.00    2.00 v input external delay
                  0.01    0.01    2.01 v B[6] (in)
     2    0.00                           B[6] (net)
                  0.01    0.00    2.01 v _0658_/A (sky130_fd_sc_hd__or3_2)
                  0.11    0.54    2.55 v _0658_/X (sky130_fd_sc_hd__or3_2)
     5    0.01                           _0309_ (net)
                  0.11    0.00    2.55 v _0666_/D (sky130_fd_sc_hd__or4_2)
                  0.11    0.59    3.14 v _0666_/X (sky130_fd_sc_hd__or4_2)
     2    0.00                           _0395_ (net)
                  0.11    0.00    3.14 v _0667_/A3 (sky130_fd_sc_hd__o31a_2)
                  0.08    0.36    3.50 v _0667_/X (sky130_fd_sc_hd__o31a_2)
     4    0.02                           _0406_ (net)
                  0.08    0.00    3.50 v _0668_/B (sky130_fd_sc_hd__or2_2)
                  0.08    0.33    3.83 v _0668_/X (sky130_fd_sc_hd__or2_2)
     4    0.01                           _0417_ (net)
                  0.08    0.00    3.83 v _0676_/A2 (sky130_fd_sc_hd__a31o_2)
                  0.06    0.28    4.11 v _0676_/X (sky130_fd_sc_hd__a31o_2)
     5    0.01                           _0503_ (net)
                  0.06    0.00    4.11 v _0681_/B (sky130_fd_sc_hd__and4_2)
                  0.05    0.22    4.34 v _0681_/X (sky130_fd_sc_hd__and4_2)
     3    0.00                           _0556_ (net)
                  0.05    0.00    4.34 v _0682_/C (sky130_fd_sc_hd__or3_2)
                  0.09    0.44    4.78 v _0682_/X (sky130_fd_sc_hd__or3_2)
     3    0.01                           _0567_ (net)
                  0.09    0.00    4.78 v _0692_/A1 (sky130_fd_sc_hd__a31o_2)
                  0.04    0.23    5.01 v _0692_/X (sky130_fd_sc_hd__a31o_2)
     1    0.00                           _0628_ (net)
                  0.04    0.00    5.01 v _0693_/A2 (sky130_fd_sc_hd__a211oi_2)
                  0.32    0.35    5.36 ^ _0693_/Y (sky130_fd_sc_hd__a211oi_2)
     4    0.01                           _0629_ (net)
                  0.32    0.00    5.36 ^ _0716_/A (sky130_fd_sc_hd__nand2_2)
                  0.10    0.12    5.48 v _0716_/Y (sky130_fd_sc_hd__nand2_2)
     3    0.01                           _0652_ (net)
                  0.10    0.00    5.48 v _0717_/S (sky130_fd_sc_hd__mux2_2)
                  0.07    0.34    5.82 v _0717_/X (sky130_fd_sc_hd__mux2_2)
     4    0.01                           _0653_ (net)
                  0.07    0.00    5.82 v _0720_/A2 (sky130_fd_sc_hd__a22oi_2)
                  0.19    0.24    6.06 ^ _0720_/Y (sky130_fd_sc_hd__a22oi_2)
     2    0.01                           _0002_ (net)
                  0.19    0.00    6.06 ^ _0730_/A2 (sky130_fd_sc_hd__o31ai_2)
                  0.08    0.12    6.18 v _0730_/Y (sky130_fd_sc_hd__o31ai_2)
     4    0.01                           _0012_ (net)
                  0.08    0.00    6.18 v _0732_/A2 (sky130_fd_sc_hd__a21oi_2)
                  0.35    0.34    6.52 ^ _0732_/Y (sky130_fd_sc_hd__a21oi_2)
     8    0.03                           _0014_ (net)
                  0.35    0.00    6.52 ^ _0733_/S (sky130_fd_sc_hd__mux2_2)
                  0.08    0.45    6.96 v _0733_/X (sky130_fd_sc_hd__mux2_2)
     3    0.01                           _0015_ (net)
                  0.08    0.00    6.96 v _0746_/B (sky130_fd_sc_hd__xnor2_2)
                  0.17    0.18    7.14 ^ _0746_/Y (sky130_fd_sc_hd__xnor2_2)
     3    0.01                           _0028_ (net)
                  0.17    0.00    7.14 ^ _0763_/A1 (sky130_fd_sc_hd__a21o_2)
                  0.07    0.19    7.33 ^ _0763_/X (sky130_fd_sc_hd__a21o_2)
     2    0.01                           _0045_ (net)
                  0.07    0.00    7.33 ^ _0765_/A2 (sky130_fd_sc_hd__a21o_2)
                  0.10    0.19    7.51 ^ _0765_/X (sky130_fd_sc_hd__a21o_2)
     4    0.02                           _0047_ (net)
                  0.10    0.00    7.51 ^ _0776_/A1 (sky130_fd_sc_hd__a32oi_2)
                  0.13    0.14    7.65 v _0776_/Y (sky130_fd_sc_hd__a32oi_2)
     4    0.01                           _0058_ (net)
                  0.13    0.00    7.65 v _0780_/A2 (sky130_fd_sc_hd__a21oi_2)
                  0.33    0.35    8.00 ^ _0780_/Y (sky130_fd_sc_hd__a21oi_2)
     9    0.03                           _0062_ (net)
                  0.33    0.00    8.00 ^ _0814_/S (sky130_fd_sc_hd__mux2_2)
                  0.10    0.47    8.47 v _0814_/X (sky130_fd_sc_hd__mux2_2)
     4    0.02                           _0096_ (net)
                  0.10    0.00    8.47 v _0832_/A2 (sky130_fd_sc_hd__a22o_2)
                  0.04    0.28    8.75 v _0832_/X (sky130_fd_sc_hd__a22o_2)
     1    0.00                           _0114_ (net)
                  0.04    0.00    8.75 v _0834_/B1 (sky130_fd_sc_hd__a32o_2)
                  0.04    0.22    8.96 v _0834_/X (sky130_fd_sc_hd__a32o_2)
     1    0.00                           _0116_ (net)
                  0.04    0.00    8.96 v _0835_/B1 (sky130_fd_sc_hd__a41o_2)
                  0.05    0.25    9.22 v _0835_/X (sky130_fd_sc_hd__a41o_2)
     3    0.01                           _0117_ (net)
                  0.05    0.00    9.22 v _0836_/B (sky130_fd_sc_hd__and2_2)
                  0.03    0.19    9.41 v _0836_/X (sky130_fd_sc_hd__and2_2)
     1    0.00                           _0118_ (net)
                  0.03    0.00    9.41 v _0837_/A (sky130_fd_sc_hd__buf_1)
                  0.12    0.17    9.58 v _0837_/X (sky130_fd_sc_hd__buf_1)
     8    0.02                           _0119_ (net)
                  0.12    0.00    9.58 v _0915_/A1 (sky130_fd_sc_hd__a221o_2)
                  0.05    0.38    9.96 v _0915_/X (sky130_fd_sc_hd__a221o_2)
     1    0.00                           _0196_ (net)
                  0.05    0.00    9.96 v _0918_/A2 (sky130_fd_sc_hd__o22a_2)
                  0.12    0.31   10.27 v _0918_/X (sky130_fd_sc_hd__o22a_2)
     1    0.03                           Y[1] (net)
                  0.12    0.00   10.27 v Y[1] (out)
                                 10.27   data arrival time

                  0.00   10.00   10.00   clock __VIRTUAL_CLK__ (rise edge)
                          0.00   10.00   clock network delay (ideal)
                         -0.25    9.75   clock uncertainty
                          0.00    9.75   clock reconvergence pessimism
                         -2.00    7.75   output external delay
                                  7.75   data required time
-----------------------------------------------------------------------------
                                  7.75   data required time
                                -10.27   data arrival time
-----------------------------------------------------------------------------
                                 -2.52   slack (VIOLATED)


Startpoint: B[6] (input port clocked by __VIRTUAL_CLK__)
Endpoint: Y[2] (output port clocked by __VIRTUAL_CLK__)
Path Group: __VIRTUAL_CLK__
Path Type: max

Fanout     Cap    Slew   Delay    Time   Description
-----------------------------------------------------------------------------
                  0.00    0.00    0.00   clock __VIRTUAL_CLK__ (rise edge)
                          0.00    0.00   clock network delay (ideal)
                          2.00    2.00 v input external delay
                  0.01    0.01    2.01 v B[6] (in)
     2    0.00                           B[6] (net)
                  0.01    0.00    2.01 v _0658_/A (sky130_fd_sc_hd__or3_2)
                  0.11    0.54    2.55 v _0658_/X (sky130_fd_sc_hd__or3_2)
     5    0.01                           _0309_ (net)
                  0.11    0.00    2.55 v _0666_/D (sky130_fd_sc_hd__or4_2)
                  0.11    0.59    3.14 v _0666_/X (sky130_fd_sc_hd__or4_2)
     2    0.00                           _0395_ (net)
                  0.11    0.00    3.14 v _0667_/A3 (sky130_fd_sc_hd__o31a_2)
                  0.08    0.36    3.50 v _0667_/X (sky130_fd_sc_hd__o31a_2)
     4    0.02                           _0406_ (net)
                  0.08    0.00    3.50 v _0668_/B (sky130_fd_sc_hd__or2_2)
                  0.08    0.33    3.83 v _0668_/X (sky130_fd_sc_hd__or2_2)
     4    0.01                           _0417_ (net)
                  0.08    0.00    3.83 v _0676_/A2 (sky130_fd_sc_hd__a31o_2)
                  0.06    0.28    4.11 v _0676_/X (sky130_fd_sc_hd__a31o_2)
     5    0.01                           _0503_ (net)
                  0.06    0.00    4.11 v _0681_/B (sky130_fd_sc_hd__and4_2)
                  0.05    0.22    4.34 v _0681_/X (sky130_fd_sc_hd__and4_2)
     3    0.00                           _0556_ (net)
                  0.05    0.00    4.34 v _0682_/C (sky130_fd_sc_hd__or3_2)
                  0.09    0.44    4.78 v _0682_/X (sky130_fd_sc_hd__or3_2)
     3    0.01                           _0567_ (net)
                  0.09    0.00    4.78 v _0692_/A1 (sky130_fd_sc_hd__a31o_2)
                  0.04    0.23    5.01 v _0692_/X (sky130_fd_sc_hd__a31o_2)
     1    0.00                           _0628_ (net)
                  0.04    0.00    5.01 v _0693_/A2 (sky130_fd_sc_hd__a211oi_2)
                  0.32    0.35    5.36 ^ _0693_/Y (sky130_fd_sc_hd__a211oi_2)
     4    0.01                           _0629_ (net)
                  0.32    0.00    5.36 ^ _0716_/A (sky130_fd_sc_hd__nand2_2)
                  0.10    0.12    5.48 v _0716_/Y (sky130_fd_sc_hd__nand2_2)
     3    0.01                           _0652_ (net)
                  0.10    0.00    5.48 v _0717_/S (sky130_fd_sc_hd__mux2_2)
                  0.07    0.34    5.82 v _0717_/X (sky130_fd_sc_hd__mux2_2)
     4    0.01                           _0653_ (net)
                  0.07    0.00    5.82 v _0720_/A2 (sky130_fd_sc_hd__a22oi_2)
                  0.19    0.24    6.06 ^ _0720_/Y (sky130_fd_sc_hd__a22oi_2)
     2    0.01                           _0002_ (net)
                  0.19    0.00    6.06 ^ _0730_/A2 (sky130_fd_sc_hd__o31ai_2)
                  0.08    0.12    6.18 v _0730_/Y (sky130_fd_sc_hd__o31ai_2)
     4    0.01                           _0012_ (net)
                  0.08    0.00    6.18 v _0732_/A2 (sky130_fd_sc_hd__a21oi_2)
                  0.35    0.34    6.52 ^ _0732_/Y (sky130_fd_sc_hd__a21oi_2)
     8    0.03                           _0014_ (net)
                  0.35    0.00    6.52 ^ _0733_/S (sky130_fd_sc_hd__mux2_2)
                  0.08    0.45    6.96 v _0733_/X (sky130_fd_sc_hd__mux2_2)
     3    0.01                           _0015_ (net)
                  0.08    0.00    6.96 v _0746_/B (sky130_fd_sc_hd__xnor2_2)
                  0.10    0.16    7.12 v _0746_/Y (sky130_fd_sc_hd__xnor2_2)
     3    0.01                           _0028_ (net)
                  0.10    0.00    7.12 v _0763_/A1 (sky130_fd_sc_hd__a21o_2)
                  0.05    0.24    7.36 v _0763_/X (sky130_fd_sc_hd__a21o_2)
     2    0.01                           _0045_ (net)
                  0.05    0.00    7.36 v _0765_/A2 (sky130_fd_sc_hd__a21o_2)
                  0.07    0.26    7.63 v _0765_/X (sky130_fd_sc_hd__a21o_2)
     4    0.02                           _0047_ (net)
                  0.07    0.00    7.63 v _0776_/A1 (sky130_fd_sc_hd__a32oi_2)
                  0.25    0.26    7.88 ^ _0776_/Y (sky130_fd_sc_hd__a32oi_2)
     4    0.01                           _0058_ (net)
                  0.25    0.00    7.88 ^ _0780_/A2 (sky130_fd_sc_hd__a21oi_2)
                  0.11    0.16    8.05 v _0780_/Y (sky130_fd_sc_hd__a21oi_2)
     9    0.02                           _0062_ (net)
                  0.11    0.00    8.05 v _0931_/A1 (sky130_fd_sc_hd__a22o_2)
                  0.04    0.26    8.30 v _0931_/X (sky130_fd_sc_hd__a22o_2)
     1    0.00                           _0211_ (net)
                  0.04    0.00    8.30 v _0941_/B (sky130_fd_sc_hd__or3b_2)
                  0.07    0.44    8.75 v _0941_/X (sky130_fd_sc_hd__or3b_2)
     1    0.00                           _0221_ (net)
                  0.07    0.00    8.75 v _0942_/A (sky130_fd_sc_hd__buf_1)
                  0.19    0.24    8.99 v _0942_/X (sky130_fd_sc_hd__buf_1)
     1    0.03                           Y[2] (net)
                  0.19    0.00    8.99 v Y[2] (out)
                                  8.99   data arrival time

                  0.00   10.00   10.00   clock __VIRTUAL_CLK__ (rise edge)
                          0.00   10.00   clock network delay (ideal)
                         -0.25    9.75   clock uncertainty
                          0.00    9.75   clock reconvergence pessimism
                         -2.00    7.75   output external delay
                                  7.75   data required time
-----------------------------------------------------------------------------
                                  7.75   data required time
                                 -8.99   data arrival time
-----------------------------------------------------------------------------
                                 -1.24   slack (VIOLATED)


Startpoint: B[0] (input port clocked by __VIRTUAL_CLK__)
Endpoint: Y[15] (output port clocked by __VIRTUAL_CLK__)
Path Group: __VIRTUAL_CLK__
Path Type: max

Fanout     Cap    Slew   Delay    Time   Description
-----------------------------------------------------------------------------
                  0.00    0.00    0.00   clock __VIRTUAL_CLK__ (rise edge)
                          0.00    0.00   clock network delay (ideal)
                          2.00    2.00 ^ input external delay
                  0.05    0.03    2.03 ^ B[0] (in)
     3    0.01                           B[0] (net)
                  0.05    0.00    2.03 ^ _0657_/A (sky130_fd_sc_hd__buf_1)
                  0.32    0.28    2.31 ^ _0657_/X (sky130_fd_sc_hd__buf_1)
    10    0.03                           _0298_ (net)
                  0.32    0.00    2.31 ^ _0747_/A (sky130_fd_sc_hd__buf_1)
                  0.44    0.42    2.73 ^ _0747_/X (sky130_fd_sc_hd__buf_1)
    10    0.04                           _0029_ (net)
                  0.44    0.00    2.73 ^ _0978_/A (sky130_fd_sc_hd__and4_2)
                  0.08    0.35    3.08 ^ _0978_/X (sky130_fd_sc_hd__and4_2)
     3    0.01                           _0256_ (net)
                  0.08    0.00    3.08 ^ _0980_/A_N (sky130_fd_sc_hd__and3b_2)
                  0.05    0.24    3.31 v _0980_/X (sky130_fd_sc_hd__and3b_2)
     2    0.01                           _0258_ (net)
                  0.05    0.00    3.31 v _1022_/B (sky130_fd_sc_hd__nor2_2)
                  0.14    0.14    3.45 ^ _1022_/Y (sky130_fd_sc_hd__nor2_2)
     2    0.01                           _0303_ (net)
                  0.14    0.00    3.45 ^ _1029_/A (sky130_fd_sc_hd__xnor2_2)
                  0.06    0.09    3.55 v _1029_/Y (sky130_fd_sc_hd__xnor2_2)
     2    0.01                           _0311_ (net)
                  0.06    0.00    3.55 v _1031_/B (sky130_fd_sc_hd__and2_2)
                  0.05    0.21    3.76 v _1031_/X (sky130_fd_sc_hd__and2_2)
     3    0.01                           _0313_ (net)
                  0.05    0.00    3.76 v _1032_/B (sky130_fd_sc_hd__or2_2)
                  0.06    0.30    4.06 v _1032_/X (sky130_fd_sc_hd__or2_2)
     2    0.01                           _0314_ (net)
                  0.06    0.00    4.06 v _1033_/C (sky130_fd_sc_hd__and3_2)
                  0.04    0.22    4.28 v _1033_/X (sky130_fd_sc_hd__and3_2)
     2    0.00                           _0315_ (net)
                  0.04    0.00    4.28 v _1035_/A (sky130_fd_sc_hd__or2_2)
                  0.07    0.33    4.61 v _1035_/X (sky130_fd_sc_hd__or2_2)
     1    0.01                           _0317_ (net)
                  0.07    0.00    4.61 v _1036_/B (sky130_fd_sc_hd__xnor2_2)
                  0.07    0.16    4.77 v _1036_/Y (sky130_fd_sc_hd__xnor2_2)
     3    0.01                           _0318_ (net)
                  0.07    0.00    4.77 v _1037_/B (sky130_fd_sc_hd__or2_2)
                  0.09    0.34    5.11 v _1037_/X (sky130_fd_sc_hd__or2_2)
     3    0.01                           _0319_ (net)
                  0.09    0.00    5.11 v _1117_/A (sky130_fd_sc_hd__or3_2)
                  0.08    0.52    5.63 v _1117_/X (sky130_fd_sc_hd__or3_2)
     2    0.00                           _0405_ (net)
                  0.08    0.00    5.63 v _1154_/A1 (sky130_fd_sc_hd__a21o_2)
                  0.05    0.23    5.85 v _1154_/X (sky130_fd_sc_hd__a21o_2)
     3    0.01                           _0446_ (net)
                  0.05    0.00    5.85 v _1188_/A2 (sky130_fd_sc_hd__a21o_2)
                  0.05    0.24    6.09 v _1188_/X (sky130_fd_sc_hd__a21o_2)
     3    0.01                           _0483_ (net)
                  0.05    0.00    6.09 v _1223_/A2 (sky130_fd_sc_hd__a21o_2)
                  0.05    0.24    6.33 v _1223_/X (sky130_fd_sc_hd__a21o_2)
     3    0.01                           _0520_ (net)
                  0.05    0.00    6.33 v _1252_/A2 (sky130_fd_sc_hd__a21o_2)
                  0.05    0.24    6.56 v _1252_/X (sky130_fd_sc_hd__a21o_2)
     3    0.01                           _0551_ (net)
                  0.05    0.00    6.56 v _1276_/A2 (sky130_fd_sc_hd__a21o_2)
                  0.05    0.24    6.80 v _1276_/X (sky130_fd_sc_hd__a21o_2)
     3    0.01                           _0576_ (net)
                  0.05    0.00    6.80 v _1297_/A2 (sky130_fd_sc_hd__a21o_2)
                  0.05    0.24    7.04 v _1297_/X (sky130_fd_sc_hd__a21o_2)
     3    0.01                           _0598_ (net)
                  0.05    0.00    7.04 v _1311_/A2 (sky130_fd_sc_hd__a21o_2)
                  0.05    0.24    7.28 v _1311_/X (sky130_fd_sc_hd__a21o_2)
     3    0.01                           _0613_ (net)
                  0.05    0.00    7.28 v _1319_/A2 (sky130_fd_sc_hd__a21o_2)
                  0.04    0.22    7.50 v _1319_/X (sky130_fd_sc_hd__a21o_2)
     2    0.00                           _0621_ (net)
                  0.04    0.00    7.50 v _1321_/A3 (sky130_fd_sc_hd__a31o_2)
                  0.03    0.24    7.74 v _1321_/X (sky130_fd_sc_hd__a31o_2)
     1    0.00                           _0622_ (net)
                  0.03    0.00    7.74 v _1322_/B_N (sky130_fd_sc_hd__or2b_2)
                  0.03    0.15    7.89 ^ _1322_/X (sky130_fd_sc_hd__or2b_2)
     1    0.00                           _0623_ (net)
                  0.03    0.00    7.89 ^ _1323_/A (sky130_fd_sc_hd__buf_1)
                  0.40    0.33    8.22 ^ _1323_/X (sky130_fd_sc_hd__buf_1)
     1    0.03                           Y[15] (net)
                  0.40    0.00    8.22 ^ Y[15] (out)
                                  8.22   data arrival time

                  0.00   10.00   10.00   clock __VIRTUAL_CLK__ (rise edge)
                          0.00   10.00   clock network delay (ideal)
                         -0.25    9.75   clock uncertainty
                          0.00    9.75   clock reconvergence pessimism
                         -2.00    7.75   output external delay
                                  7.75   data required time
-----------------------------------------------------------------------------
                                  7.75   data required time
                                 -8.22   data arrival time
-----------------------------------------------------------------------------
                                 -0.47   slack (VIOLATED)


Startpoint: B[0] (input port clocked by __VIRTUAL_CLK__)
Endpoint: Y[14] (output port clocked by __VIRTUAL_CLK__)
Path Group: __VIRTUAL_CLK__
Path Type: max

Fanout     Cap    Slew   Delay    Time   Description
-----------------------------------------------------------------------------
                  0.00    0.00    0.00   clock __VIRTUAL_CLK__ (rise edge)
                          0.00    0.00   clock network delay (ideal)
                          2.00    2.00 ^ input external delay
                  0.05    0.03    2.03 ^ B[0] (in)
     3    0.01                           B[0] (net)
                  0.05    0.00    2.03 ^ _0657_/A (sky130_fd_sc_hd__buf_1)
                  0.32    0.28    2.31 ^ _0657_/X (sky130_fd_sc_hd__buf_1)
    10    0.03                           _0298_ (net)
                  0.32    0.00    2.31 ^ _0747_/A (sky130_fd_sc_hd__buf_1)
                  0.44    0.42    2.73 ^ _0747_/X (sky130_fd_sc_hd__buf_1)
    10    0.04                           _0029_ (net)
                  0.44    0.00    2.73 ^ _0978_/A (sky130_fd_sc_hd__and4_2)
                  0.08    0.35    3.08 ^ _0978_/X (sky130_fd_sc_hd__and4_2)
     3    0.01                           _0256_ (net)
                  0.08    0.00    3.08 ^ _0980_/A_N (sky130_fd_sc_hd__and3b_2)
                  0.05    0.24    3.31 v _0980_/X (sky130_fd_sc_hd__and3b_2)
     2    0.01                           _0258_ (net)
                  0.05    0.00    3.31 v _1022_/B (sky130_fd_sc_hd__nor2_2)
                  0.14    0.14    3.45 ^ _1022_/Y (sky130_fd_sc_hd__nor2_2)
     2    0.01                           _0303_ (net)
                  0.14    0.00    3.45 ^ _1029_/A (sky130_fd_sc_hd__xnor2_2)
                  0.06    0.09    3.55 v _1029_/Y (sky130_fd_sc_hd__xnor2_2)
     2    0.01                           _0311_ (net)
                  0.06    0.00    3.55 v _1031_/B (sky130_fd_sc_hd__and2_2)
                  0.05    0.21    3.76 v _1031_/X (sky130_fd_sc_hd__and2_2)
     3    0.01                           _0313_ (net)
                  0.05    0.00    3.76 v _1032_/B (sky130_fd_sc_hd__or2_2)
                  0.06    0.30    4.06 v _1032_/X (sky130_fd_sc_hd__or2_2)
     2    0.01                           _0314_ (net)
                  0.06    0.00    4.06 v _1033_/C (sky130_fd_sc_hd__and3_2)
                  0.04    0.22    4.28 v _1033_/X (sky130_fd_sc_hd__and3_2)
     2    0.00                           _0315_ (net)
                  0.04    0.00    4.28 v _1035_/A (sky130_fd_sc_hd__or2_2)
                  0.07    0.33    4.61 v _1035_/X (sky130_fd_sc_hd__or2_2)
     1    0.01                           _0317_ (net)
                  0.07    0.00    4.61 v _1036_/B (sky130_fd_sc_hd__xnor2_2)
                  0.07    0.16    4.77 v _1036_/Y (sky130_fd_sc_hd__xnor2_2)
     3    0.01                           _0318_ (net)
                  0.07    0.00    4.77 v _1037_/B (sky130_fd_sc_hd__or2_2)
                  0.09    0.34    5.11 v _1037_/X (sky130_fd_sc_hd__or2_2)
     3    0.01                           _0319_ (net)
                  0.09    0.00    5.11 v _1117_/A (sky130_fd_sc_hd__or3_2)
                  0.08    0.52    5.63 v _1117_/X (sky130_fd_sc_hd__or3_2)
     2    0.00                           _0405_ (net)
                  0.08    0.00    5.63 v _1154_/A1 (sky130_fd_sc_hd__a21o_2)
                  0.05    0.23    5.85 v _1154_/X (sky130_fd_sc_hd__a21o_2)
     3    0.01                           _0446_ (net)
                  0.05    0.00    5.85 v _1188_/A2 (sky130_fd_sc_hd__a21o_2)
                  0.05    0.24    6.09 v _1188_/X (sky130_fd_sc_hd__a21o_2)
     3    0.01                           _0483_ (net)
                  0.05    0.00    6.09 v _1223_/A2 (sky130_fd_sc_hd__a21o_2)
                  0.05    0.24    6.33 v _1223_/X (sky130_fd_sc_hd__a21o_2)
     3    0.01                           _0520_ (net)
                  0.05    0.00    6.33 v _1252_/A2 (sky130_fd_sc_hd__a21o_2)
                  0.05    0.24    6.56 v _1252_/X (sky130_fd_sc_hd__a21o_2)
     3    0.01                           _0551_ (net)
                  0.05    0.00    6.56 v _1276_/A2 (sky130_fd_sc_hd__a21o_2)
                  0.05    0.24    6.80 v _1276_/X (sky130_fd_sc_hd__a21o_2)
     3    0.01                           _0576_ (net)
                  0.05    0.00    6.80 v _1297_/A2 (sky130_fd_sc_hd__a21o_2)
                  0.05    0.24    7.04 v _1297_/X (sky130_fd_sc_hd__a21o_2)
     3    0.01                           _0598_ (net)
                  0.05    0.00    7.04 v _1311_/A2 (sky130_fd_sc_hd__a21o_2)
                  0.05    0.24    7.28 v _1311_/X (sky130_fd_sc_hd__a21o_2)
     3    0.01                           _0613_ (net)
                  0.05    0.00    7.28 v _1319_/A2 (sky130_fd_sc_hd__a21o_2)
                  0.04    0.22    7.50 v _1319_/X (sky130_fd_sc_hd__a21o_2)
     2    0.00                           _0621_ (net)
                  0.04    0.00    7.50 v _1320_/A3 (sky130_fd_sc_hd__a31o_2)
                  0.11    0.33    7.83 v _1320_/X (sky130_fd_sc_hd__a31o_2)
     1    0.03                           Y[14] (net)
                  0.11    0.00    7.83 v Y[14] (out)
                                  7.83   data arrival time

                  0.00   10.00   10.00   clock __VIRTUAL_CLK__ (rise edge)
                          0.00   10.00   clock network delay (ideal)
                         -0.25    9.75   clock uncertainty
                          0.00    9.75   clock reconvergence pessimism
                         -2.00    7.75   output external delay
                                  7.75   data required time
-----------------------------------------------------------------------------
                                  7.75   data required time
                                 -7.83   data arrival time
-----------------------------------------------------------------------------
                                 -0.08   slack (VIOLATED)


Startpoint: B[0] (input port clocked by __VIRTUAL_CLK__)
Endpoint: Y[13] (output port clocked by __VIRTUAL_CLK__)
Path Group: __VIRTUAL_CLK__
Path Type: max

Fanout     Cap    Slew   Delay    Time   Description
-----------------------------------------------------------------------------
                  0.00    0.00    0.00   clock __VIRTUAL_CLK__ (rise edge)
                          0.00    0.00   clock network delay (ideal)
                          2.00    2.00 ^ input external delay
                  0.05    0.03    2.03 ^ B[0] (in)
     3    0.01                           B[0] (net)
                  0.05    0.00    2.03 ^ _0657_/A (sky130_fd_sc_hd__buf_1)
                  0.32    0.28    2.31 ^ _0657_/X (sky130_fd_sc_hd__buf_1)
    10    0.03                           _0298_ (net)
                  0.32    0.00    2.31 ^ _0747_/A (sky130_fd_sc_hd__buf_1)
                  0.44    0.42    2.73 ^ _0747_/X (sky130_fd_sc_hd__buf_1)
    10    0.04                           _0029_ (net)
                  0.44    0.00    2.73 ^ _0978_/A (sky130_fd_sc_hd__and4_2)
                  0.08    0.35    3.08 ^ _0978_/X (sky130_fd_sc_hd__and4_2)
     3    0.01                           _0256_ (net)
                  0.08    0.00    3.08 ^ _0980_/A_N (sky130_fd_sc_hd__and3b_2)
                  0.05    0.24    3.31 v _0980_/X (sky130_fd_sc_hd__and3b_2)
     2    0.01                           _0258_ (net)
                  0.05    0.00    3.31 v _1022_/B (sky130_fd_sc_hd__nor2_2)
                  0.14    0.14    3.45 ^ _1022_/Y (sky130_fd_sc_hd__nor2_2)
     2    0.01                           _0303_ (net)
                  0.14    0.00    3.45 ^ _1029_/A (sky130_fd_sc_hd__xnor2_2)
                  0.06    0.09    3.55 v _1029_/Y (sky130_fd_sc_hd__xnor2_2)
     2    0.01                           _0311_ (net)
                  0.06    0.00    3.55 v _1031_/B (sky130_fd_sc_hd__and2_2)
                  0.05    0.21    3.76 v _1031_/X (sky130_fd_sc_hd__and2_2)
     3    0.01                           _0313_ (net)
                  0.05    0.00    3.76 v _1032_/B (sky130_fd_sc_hd__or2_2)
                  0.06    0.30    4.06 v _1032_/X (sky130_fd_sc_hd__or2_2)
     2    0.01                           _0314_ (net)
                  0.06    0.00    4.06 v _1033_/C (sky130_fd_sc_hd__and3_2)
                  0.04    0.22    4.28 v _1033_/X (sky130_fd_sc_hd__and3_2)
     2    0.00                           _0315_ (net)
                  0.04    0.00    4.28 v _1035_/A (sky130_fd_sc_hd__or2_2)
                  0.07    0.33    4.61 v _1035_/X (sky130_fd_sc_hd__or2_2)
     1    0.01                           _0317_ (net)
                  0.07    0.00    4.61 v _1036_/B (sky130_fd_sc_hd__xnor2_2)
                  0.07    0.16    4.77 v _1036_/Y (sky130_fd_sc_hd__xnor2_2)
     3    0.01                           _0318_ (net)
                  0.07    0.00    4.77 v _1037_/B (sky130_fd_sc_hd__or2_2)
                  0.09    0.34    5.11 v _1037_/X (sky130_fd_sc_hd__or2_2)
     3    0.01                           _0319_ (net)
                  0.09    0.00    5.11 v _1117_/A (sky130_fd_sc_hd__or3_2)
                  0.08    0.52    5.63 v _1117_/X (sky130_fd_sc_hd__or3_2)
     2    0.00                           _0405_ (net)
                  0.08    0.00    5.63 v _1154_/A1 (sky130_fd_sc_hd__a21o_2)
                  0.05    0.23    5.85 v _1154_/X (sky130_fd_sc_hd__a21o_2)
     3    0.01                           _0446_ (net)
                  0.05    0.00    5.85 v _1188_/A2 (sky130_fd_sc_hd__a21o_2)
                  0.05    0.24    6.09 v _1188_/X (sky130_fd_sc_hd__a21o_2)
     3    0.01                           _0483_ (net)
                  0.05    0.00    6.09 v _1223_/A2 (sky130_fd_sc_hd__a21o_2)
                  0.05    0.24    6.33 v _1223_/X (sky130_fd_sc_hd__a21o_2)
     3    0.01                           _0520_ (net)
                  0.05    0.00    6.33 v _1252_/A2 (sky130_fd_sc_hd__a21o_2)
                  0.05    0.24    6.56 v _1252_/X (sky130_fd_sc_hd__a21o_2)
     3    0.01                           _0551_ (net)
                  0.05    0.00    6.56 v _1276_/A2 (sky130_fd_sc_hd__a21o_2)
                  0.05    0.24    6.80 v _1276_/X (sky130_fd_sc_hd__a21o_2)
     3    0.01                           _0576_ (net)
                  0.05    0.00    6.80 v _1297_/A2 (sky130_fd_sc_hd__a21o_2)
                  0.05    0.24    7.04 v _1297_/X (sky130_fd_sc_hd__a21o_2)
     3    0.01                           _0598_ (net)
                  0.05    0.00    7.04 v _1311_/A2 (sky130_fd_sc_hd__a21o_2)
                  0.05    0.24    7.28 v _1311_/X (sky130_fd_sc_hd__a21o_2)
     3    0.01                           _0613_ (net)
                  0.05    0.00    7.28 v _1312_/A3 (sky130_fd_sc_hd__a31o_2)
                  0.11    0.34    7.61 v _1312_/X (sky130_fd_sc_hd__a31o_2)
     1    0.03                           Y[13] (net)
                  0.11    0.00    7.61 v Y[13] (out)
                                  7.61   data arrival time

                  0.00   10.00   10.00   clock __VIRTUAL_CLK__ (rise edge)
                          0.00   10.00   clock network delay (ideal)
                         -0.25    9.75   clock uncertainty
                          0.00    9.75   clock reconvergence pessimism
                         -2.00    7.75   output external delay
                                  7.75   data required time
-----------------------------------------------------------------------------
                                  7.75   data required time
                                 -7.61   data arrival time
-----------------------------------------------------------------------------
                                  0.14   slack (MET)


Startpoint: B[0] (input port clocked by __VIRTUAL_CLK__)
Endpoint: Y[12] (output port clocked by __VIRTUAL_CLK__)
Path Group: __VIRTUAL_CLK__
Path Type: max

Fanout     Cap    Slew   Delay    Time   Description
-----------------------------------------------------------------------------
                  0.00    0.00    0.00   clock __VIRTUAL_CLK__ (rise edge)
                          0.00    0.00   clock network delay (ideal)
                          2.00    2.00 ^ input external delay
                  0.05    0.03    2.03 ^ B[0] (in)
     3    0.01                           B[0] (net)
                  0.05    0.00    2.03 ^ _0657_/A (sky130_fd_sc_hd__buf_1)
                  0.32    0.28    2.31 ^ _0657_/X (sky130_fd_sc_hd__buf_1)
    10    0.03                           _0298_ (net)
                  0.32    0.00    2.31 ^ _0747_/A (sky130_fd_sc_hd__buf_1)
                  0.44    0.42    2.73 ^ _0747_/X (sky130_fd_sc_hd__buf_1)
    10    0.04                           _0029_ (net)
                  0.44    0.00    2.73 ^ _0978_/A (sky130_fd_sc_hd__and4_2)
                  0.08    0.35    3.08 ^ _0978_/X (sky130_fd_sc_hd__and4_2)
     3    0.01                           _0256_ (net)
                  0.08    0.00    3.08 ^ _0980_/A_N (sky130_fd_sc_hd__and3b_2)
                  0.05    0.24    3.31 v _0980_/X (sky130_fd_sc_hd__and3b_2)
     2    0.01                           _0258_ (net)
                  0.05    0.00    3.31 v _1022_/B (sky130_fd_sc_hd__nor2_2)
                  0.14    0.14    3.45 ^ _1022_/Y (sky130_fd_sc_hd__nor2_2)
     2    0.01                           _0303_ (net)
                  0.14    0.00    3.45 ^ _1029_/A (sky130_fd_sc_hd__xnor2_2)
                  0.06    0.09    3.55 v _1029_/Y (sky130_fd_sc_hd__xnor2_2)
     2    0.01                           _0311_ (net)
                  0.06    0.00    3.55 v _1031_/B (sky130_fd_sc_hd__and2_2)
                  0.05    0.21    3.76 v _1031_/X (sky130_fd_sc_hd__and2_2)
     3    0.01                           _0313_ (net)
                  0.05    0.00    3.76 v _1032_/B (sky130_fd_sc_hd__or2_2)
                  0.06    0.30    4.06 v _1032_/X (sky130_fd_sc_hd__or2_2)
     2    0.01                           _0314_ (net)
                  0.06    0.00    4.06 v _1033_/C (sky130_fd_sc_hd__and3_2)
                  0.04    0.22    4.28 v _1033_/X (sky130_fd_sc_hd__and3_2)
     2    0.00                           _0315_ (net)
                  0.04    0.00    4.28 v _1035_/A (sky130_fd_sc_hd__or2_2)
                  0.07    0.33    4.61 v _1035_/X (sky130_fd_sc_hd__or2_2)
     1    0.01                           _0317_ (net)
                  0.07    0.00    4.61 v _1036_/B (sky130_fd_sc_hd__xnor2_2)
                  0.07    0.16    4.77 v _1036_/Y (sky130_fd_sc_hd__xnor2_2)
     3    0.01                           _0318_ (net)
                  0.07    0.00    4.77 v _1037_/B (sky130_fd_sc_hd__or2_2)
                  0.09    0.34    5.11 v _1037_/X (sky130_fd_sc_hd__or2_2)
     3    0.01                           _0319_ (net)
                  0.09    0.00    5.11 v _1117_/A (sky130_fd_sc_hd__or3_2)
                  0.08    0.52    5.63 v _1117_/X (sky130_fd_sc_hd__or3_2)
     2    0.00                           _0405_ (net)
                  0.08    0.00    5.63 v _1154_/A1 (sky130_fd_sc_hd__a21o_2)
                  0.05    0.23    5.85 v _1154_/X (sky130_fd_sc_hd__a21o_2)
     3    0.01                           _0446_ (net)
                  0.05    0.00    5.85 v _1188_/A2 (sky130_fd_sc_hd__a21o_2)
                  0.05    0.24    6.09 v _1188_/X (sky130_fd_sc_hd__a21o_2)
     3    0.01                           _0483_ (net)
                  0.05    0.00    6.09 v _1223_/A2 (sky130_fd_sc_hd__a21o_2)
                  0.05    0.24    6.33 v _1223_/X (sky130_fd_sc_hd__a21o_2)
     3    0.01                           _0520_ (net)
                  0.05    0.00    6.33 v _1252_/A2 (sky130_fd_sc_hd__a21o_2)
                  0.05    0.24    6.56 v _1252_/X (sky130_fd_sc_hd__a21o_2)
     3    0.01                           _0551_ (net)
                  0.05    0.00    6.56 v _1276_/A2 (sky130_fd_sc_hd__a21o_2)
                  0.05    0.24    6.80 v _1276_/X (sky130_fd_sc_hd__a21o_2)
     3    0.01                           _0576_ (net)
                  0.05    0.00    6.80 v _1297_/A2 (sky130_fd_sc_hd__a21o_2)
                  0.05    0.24    7.04 v _1297_/X (sky130_fd_sc_hd__a21o_2)
     3    0.01                           _0598_ (net)
                  0.05    0.00    7.04 v _1298_/A3 (sky130_fd_sc_hd__a31o_2)
                  0.11    0.34    7.38 v _1298_/X (sky130_fd_sc_hd__a31o_2)
     1    0.03                           Y[12] (net)
                  0.11    0.00    7.38 v Y[12] (out)
                                  7.38   data arrival time

                  0.00   10.00   10.00   clock __VIRTUAL_CLK__ (rise edge)
                          0.00   10.00   clock network delay (ideal)
                         -0.25    9.75   clock uncertainty
                          0.00    9.75   clock reconvergence pessimism
                         -2.00    7.75   output external delay
                                  7.75   data required time
-----------------------------------------------------------------------------
                                  7.75   data required time
                                 -7.38   data arrival time
-----------------------------------------------------------------------------
                                  0.37   slack (MET)


Startpoint: B[6] (input port clocked by __VIRTUAL_CLK__)
Endpoint: Y[3] (output port clocked by __VIRTUAL_CLK__)
Path Group: __VIRTUAL_CLK__
Path Type: max

Fanout     Cap    Slew   Delay    Time   Description
-----------------------------------------------------------------------------
                  0.00    0.00    0.00   clock __VIRTUAL_CLK__ (rise edge)
                          0.00    0.00   clock network delay (ideal)
                          2.00    2.00 v input external delay
                  0.01    0.01    2.01 v B[6] (in)
     2    0.00                           B[6] (net)
                  0.01    0.00    2.01 v _0658_/A (sky130_fd_sc_hd__or3_2)
                  0.11    0.54    2.55 v _0658_/X (sky130_fd_sc_hd__or3_2)
     5    0.01                           _0309_ (net)
                  0.11    0.00    2.55 v _0666_/D (sky130_fd_sc_hd__or4_2)
                  0.11    0.59    3.14 v _0666_/X (sky130_fd_sc_hd__or4_2)
     2    0.00                           _0395_ (net)
                  0.11    0.00    3.14 v _0667_/A3 (sky130_fd_sc_hd__o31a_2)
                  0.08    0.36    3.50 v _0667_/X (sky130_fd_sc_hd__o31a_2)
     4    0.02                           _0406_ (net)
                  0.08    0.00    3.50 v _0668_/B (sky130_fd_sc_hd__or2_2)
                  0.08    0.33    3.83 v _0668_/X (sky130_fd_sc_hd__or2_2)
     4    0.01                           _0417_ (net)
                  0.08    0.00    3.83 v _0676_/A2 (sky130_fd_sc_hd__a31o_2)
                  0.06    0.28    4.11 v _0676_/X (sky130_fd_sc_hd__a31o_2)
     5    0.01                           _0503_ (net)
                  0.06    0.00    4.11 v _0681_/B (sky130_fd_sc_hd__and4_2)
                  0.05    0.22    4.34 v _0681_/X (sky130_fd_sc_hd__and4_2)
     3    0.00                           _0556_ (net)
                  0.05    0.00    4.34 v _0682_/C (sky130_fd_sc_hd__or3_2)
                  0.09    0.44    4.78 v _0682_/X (sky130_fd_sc_hd__or3_2)
     3    0.01                           _0567_ (net)
                  0.09    0.00    4.78 v _0692_/A1 (sky130_fd_sc_hd__a31o_2)
                  0.04    0.23    5.01 v _0692_/X (sky130_fd_sc_hd__a31o_2)
     1    0.00                           _0628_ (net)
                  0.04    0.00    5.01 v _0693_/A2 (sky130_fd_sc_hd__a211oi_2)
                  0.32    0.35    5.36 ^ _0693_/Y (sky130_fd_sc_hd__a211oi_2)
     4    0.01                           _0629_ (net)
                  0.32    0.00    5.36 ^ _0716_/A (sky130_fd_sc_hd__nand2_2)
                  0.10    0.12    5.48 v _0716_/Y (sky130_fd_sc_hd__nand2_2)
     3    0.01                           _0652_ (net)
                  0.10    0.00    5.48 v _0727_/S (sky130_fd_sc_hd__mux2_2)
                  0.06    0.32    5.79 v _0727_/X (sky130_fd_sc_hd__mux2_2)
     4    0.01                           _0009_ (net)
                  0.06    0.00    5.79 v _0728_/B (sky130_fd_sc_hd__and2b_2)
                  0.05    0.22    6.02 v _0728_/X (sky130_fd_sc_hd__and2b_2)
     2    0.01                           _0010_ (net)
                  0.05    0.00    6.02 v _0730_/A3 (sky130_fd_sc_hd__o31ai_2)
                  0.31    0.29    6.31 ^ _0730_/Y (sky130_fd_sc_hd__o31ai_2)
     4    0.01                           _0012_ (net)
                  0.31    0.00    6.31 ^ _0732_/A2 (sky130_fd_sc_hd__a21oi_2)
                  0.12    0.18    6.49 v _0732_/Y (sky130_fd_sc_hd__a21oi_2)
     8    0.02                           _0014_ (net)
                  0.12    0.00    6.49 v _0972_/B2 (sky130_fd_sc_hd__a32o_2)
                  0.04    0.26    6.75 v _0972_/X (sky130_fd_sc_hd__a32o_2)
     1    0.00                           _0251_ (net)
                  0.04    0.00    6.75 v _0973_/C1 (sky130_fd_sc_hd__a211o_2)
                  0.12    0.37    7.13 v _0973_/X (sky130_fd_sc_hd__a211o_2)
     1    0.03                           Y[3] (net)
                  0.12    0.00    7.13 v Y[3] (out)
                                  7.13   data arrival time

                  0.00   10.00   10.00   clock __VIRTUAL_CLK__ (rise edge)
                          0.00   10.00   clock network delay (ideal)
                         -0.25    9.75   clock uncertainty
                          0.00    9.75   clock reconvergence pessimism
                         -2.00    7.75   output external delay
                                  7.75   data required time
-----------------------------------------------------------------------------
                                  7.75   data required time
                                 -7.13   data arrival time
-----------------------------------------------------------------------------
                                  0.62   slack (MET)


Startpoint: B[0] (input port clocked by __VIRTUAL_CLK__)
Endpoint: Y[11] (output port clocked by __VIRTUAL_CLK__)
Path Group: __VIRTUAL_CLK__
Path Type: max

Fanout     Cap    Slew   Delay    Time   Description
-----------------------------------------------------------------------------
                  0.00    0.00    0.00   clock __VIRTUAL_CLK__ (rise edge)
                          0.00    0.00   clock network delay (ideal)
                          2.00    2.00 ^ input external delay
                  0.05    0.03    2.03 ^ B[0] (in)
     3    0.01                           B[0] (net)
                  0.05    0.00    2.03 ^ _0657_/A (sky130_fd_sc_hd__buf_1)
                  0.32    0.28    2.31 ^ _0657_/X (sky130_fd_sc_hd__buf_1)
    10    0.03                           _0298_ (net)
                  0.32    0.00    2.31 ^ _0747_/A (sky130_fd_sc_hd__buf_1)
                  0.44    0.42    2.73 ^ _0747_/X (sky130_fd_sc_hd__buf_1)
    10    0.04                           _0029_ (net)
                  0.44    0.00    2.73 ^ _0978_/A (sky130_fd_sc_hd__and4_2)
                  0.08    0.35    3.08 ^ _0978_/X (sky130_fd_sc_hd__and4_2)
     3    0.01                           _0256_ (net)
                  0.08    0.00    3.08 ^ _0980_/A_N (sky130_fd_sc_hd__and3b_2)
                  0.05    0.24    3.31 v _0980_/X (sky130_fd_sc_hd__and3b_2)
     2    0.01                           _0258_ (net)
                  0.05    0.00    3.31 v _1022_/B (sky130_fd_sc_hd__nor2_2)
                  0.14    0.14    3.45 ^ _1022_/Y (sky130_fd_sc_hd__nor2_2)
     2    0.01                           _0303_ (net)
                  0.14    0.00    3.45 ^ _1029_/A (sky130_fd_sc_hd__xnor2_2)
                  0.06    0.09    3.55 v _1029_/Y (sky130_fd_sc_hd__xnor2_2)
     2    0.01                           _0311_ (net)
                  0.06    0.00    3.55 v _1031_/B (sky130_fd_sc_hd__and2_2)
                  0.05    0.21    3.76 v _1031_/X (sky130_fd_sc_hd__and2_2)
     3    0.01                           _0313_ (net)
                  0.05    0.00    3.76 v _1032_/B (sky130_fd_sc_hd__or2_2)
                  0.06    0.30    4.06 v _1032_/X (sky130_fd_sc_hd__or2_2)
     2    0.01                           _0314_ (net)
                  0.06    0.00    4.06 v _1033_/C (sky130_fd_sc_hd__and3_2)
                  0.04    0.22    4.28 v _1033_/X (sky130_fd_sc_hd__and3_2)
     2    0.00                           _0315_ (net)
                  0.04    0.00    4.28 v _1035_/A (sky130_fd_sc_hd__or2_2)
                  0.07    0.33    4.61 v _1035_/X (sky130_fd_sc_hd__or2_2)
     1    0.01                           _0317_ (net)
                  0.07    0.00    4.61 v _1036_/B (sky130_fd_sc_hd__xnor2_2)
                  0.07    0.16    4.77 v _1036_/Y (sky130_fd_sc_hd__xnor2_2)
     3    0.01                           _0318_ (net)
                  0.07    0.00    4.77 v _1037_/B (sky130_fd_sc_hd__or2_2)
                  0.09    0.34    5.11 v _1037_/X (sky130_fd_sc_hd__or2_2)
     3    0.01                           _0319_ (net)
                  0.09    0.00    5.11 v _1117_/A (sky130_fd_sc_hd__or3_2)
                  0.08    0.52    5.63 v _1117_/X (sky130_fd_sc_hd__or3_2)
     2    0.00                           _0405_ (net)
                  0.08    0.00    5.63 v _1154_/A1 (sky130_fd_sc_hd__a21o_2)
                  0.05    0.23    5.85 v _1154_/X (sky130_fd_sc_hd__a21o_2)
     3    0.01                           _0446_ (net)
                  0.05    0.00    5.85 v _1188_/A2 (sky130_fd_sc_hd__a21o_2)
                  0.05    0.24    6.09 v _1188_/X (sky130_fd_sc_hd__a21o_2)
     3    0.01                           _0483_ (net)
                  0.05    0.00    6.09 v _1223_/A2 (sky130_fd_sc_hd__a21o_2)
                  0.05    0.24    6.33 v _1223_/X (sky130_fd_sc_hd__a21o_2)
     3    0.01                           _0520_ (net)
                  0.05    0.00    6.33 v _1252_/A2 (sky130_fd_sc_hd__a21o_2)
                  0.05    0.24    6.56 v _1252_/X (sky130_fd_sc_hd__a21o_2)
     3    0.01                           _0551_ (net)
                  0.05    0.00    6.56 v _1276_/A2 (sky130_fd_sc_hd__a21o_2)
                  0.05    0.24    6.80 v _1276_/X (sky130_fd_sc_hd__a21o_2)
     3    0.01                           _0576_ (net)
                  0.05    0.00    6.80 v _1278_/A2 (sky130_fd_sc_hd__a31o_2)
                  0.11    0.33    7.13 v _1278_/X (sky130_fd_sc_hd__a31o_2)
     1    0.03                           Y[11] (net)
                  0.11    0.00    7.13 v Y[11] (out)
                                  7.13   data arrival time

                  0.00   10.00   10.00   clock __VIRTUAL_CLK__ (rise edge)
                          0.00   10.00   clock network delay (ideal)
                         -0.25    9.75   clock uncertainty
                          0.00    9.75   clock reconvergence pessimism
                         -2.00    7.75   output external delay
                                  7.75   data required time
-----------------------------------------------------------------------------
                                  7.75   data required time
                                 -7.13   data arrival time
-----------------------------------------------------------------------------
                                  0.62   slack (MET)


Startpoint: B[0] (input port clocked by __VIRTUAL_CLK__)
Endpoint: Y[10] (output port clocked by __VIRTUAL_CLK__)
Path Group: __VIRTUAL_CLK__
Path Type: max

Fanout     Cap    Slew   Delay    Time   Description
-----------------------------------------------------------------------------
                  0.00    0.00    0.00   clock __VIRTUAL_CLK__ (rise edge)
                          0.00    0.00   clock network delay (ideal)
                          2.00    2.00 ^ input external delay
                  0.05    0.03    2.03 ^ B[0] (in)
     3    0.01                           B[0] (net)
                  0.05    0.00    2.03 ^ _0657_/A (sky130_fd_sc_hd__buf_1)
                  0.32    0.28    2.31 ^ _0657_/X (sky130_fd_sc_hd__buf_1)
    10    0.03                           _0298_ (net)
                  0.32    0.00    2.31 ^ _0747_/A (sky130_fd_sc_hd__buf_1)
                  0.44    0.42    2.73 ^ _0747_/X (sky130_fd_sc_hd__buf_1)
    10    0.04                           _0029_ (net)
                  0.44    0.00    2.73 ^ _0978_/A (sky130_fd_sc_hd__and4_2)
                  0.08    0.35    3.08 ^ _0978_/X (sky130_fd_sc_hd__and4_2)
     3    0.01                           _0256_ (net)
                  0.08    0.00    3.08 ^ _0980_/A_N (sky130_fd_sc_hd__and3b_2)
                  0.05    0.24    3.31 v _0980_/X (sky130_fd_sc_hd__and3b_2)
     2    0.01                           _0258_ (net)
                  0.05    0.00    3.31 v _1022_/B (sky130_fd_sc_hd__nor2_2)
                  0.14    0.14    3.45 ^ _1022_/Y (sky130_fd_sc_hd__nor2_2)
     2    0.01                           _0303_ (net)
                  0.14    0.00    3.45 ^ _1029_/A (sky130_fd_sc_hd__xnor2_2)
                  0.06    0.09    3.55 v _1029_/Y (sky130_fd_sc_hd__xnor2_2)
     2    0.01                           _0311_ (net)
                  0.06    0.00    3.55 v _1031_/B (sky130_fd_sc_hd__and2_2)
                  0.05    0.21    3.76 v _1031_/X (sky130_fd_sc_hd__and2_2)
     3    0.01                           _0313_ (net)
                  0.05    0.00    3.76 v _1032_/B (sky130_fd_sc_hd__or2_2)
                  0.06    0.30    4.06 v _1032_/X (sky130_fd_sc_hd__or2_2)
     2    0.01                           _0314_ (net)
                  0.06    0.00    4.06 v _1033_/C (sky130_fd_sc_hd__and3_2)
                  0.04    0.22    4.28 v _1033_/X (sky130_fd_sc_hd__and3_2)
     2    0.00                           _0315_ (net)
                  0.04    0.00    4.28 v _1035_/A (sky130_fd_sc_hd__or2_2)
                  0.07    0.33    4.61 v _1035_/X (sky130_fd_sc_hd__or2_2)
     1    0.01                           _0317_ (net)
                  0.07    0.00    4.61 v _1036_/B (sky130_fd_sc_hd__xnor2_2)
                  0.07    0.16    4.77 v _1036_/Y (sky130_fd_sc_hd__xnor2_2)
     3    0.01                           _0318_ (net)
                  0.07    0.00    4.77 v _1037_/B (sky130_fd_sc_hd__or2_2)
                  0.09    0.34    5.11 v _1037_/X (sky130_fd_sc_hd__or2_2)
     3    0.01                           _0319_ (net)
                  0.09    0.00    5.11 v _1117_/A (sky130_fd_sc_hd__or3_2)
                  0.08    0.52    5.63 v _1117_/X (sky130_fd_sc_hd__or3_2)
     2    0.00                           _0405_ (net)
                  0.08    0.00    5.63 v _1154_/A1 (sky130_fd_sc_hd__a21o_2)
                  0.05    0.23    5.85 v _1154_/X (sky130_fd_sc_hd__a21o_2)
     3    0.01                           _0446_ (net)
                  0.05    0.00    5.85 v _1188_/A2 (sky130_fd_sc_hd__a21o_2)
                  0.05    0.24    6.09 v _1188_/X (sky130_fd_sc_hd__a21o_2)
     3    0.01                           _0483_ (net)
                  0.05    0.00    6.09 v _1223_/A2 (sky130_fd_sc_hd__a21o_2)
                  0.05    0.24    6.33 v _1223_/X (sky130_fd_sc_hd__a21o_2)
     3    0.01                           _0520_ (net)
                  0.05    0.00    6.33 v _1252_/A2 (sky130_fd_sc_hd__a21o_2)
                  0.05    0.24    6.56 v _1252_/X (sky130_fd_sc_hd__a21o_2)
     3    0.01                           _0551_ (net)
                  0.05    0.00    6.56 v _1253_/A3 (sky130_fd_sc_hd__a31o_2)
                  0.11    0.34    6.90 v _1253_/X (sky130_fd_sc_hd__a31o_2)
     1    0.03                           Y[10] (net)
                  0.11    0.00    6.90 v Y[10] (out)
                                  6.90   data arrival time

                  0.00   10.00   10.00   clock __VIRTUAL_CLK__ (rise edge)
                          0.00   10.00   clock network delay (ideal)
                         -0.25    9.75   clock uncertainty
                          0.00    9.75   clock reconvergence pessimism
                         -2.00    7.75   output external delay
                                  7.75   data required time
-----------------------------------------------------------------------------
                                  7.75   data required time
                                 -6.90   data arrival time
-----------------------------------------------------------------------------
                                  0.85   slack (MET)


Startpoint: B[0] (input port clocked by __VIRTUAL_CLK__)
Endpoint: Y[9] (output port clocked by __VIRTUAL_CLK__)
Path Group: __VIRTUAL_CLK__
Path Type: max

Fanout     Cap    Slew   Delay    Time   Description
-----------------------------------------------------------------------------
                  0.00    0.00    0.00   clock __VIRTUAL_CLK__ (rise edge)
                          0.00    0.00   clock network delay (ideal)
                          2.00    2.00 ^ input external delay
                  0.05    0.03    2.03 ^ B[0] (in)
     3    0.01                           B[0] (net)
                  0.05    0.00    2.03 ^ _0657_/A (sky130_fd_sc_hd__buf_1)
                  0.32    0.28    2.31 ^ _0657_/X (sky130_fd_sc_hd__buf_1)
    10    0.03                           _0298_ (net)
                  0.32    0.00    2.31 ^ _0747_/A (sky130_fd_sc_hd__buf_1)
                  0.44    0.42    2.73 ^ _0747_/X (sky130_fd_sc_hd__buf_1)
    10    0.04                           _0029_ (net)
                  0.44    0.00    2.73 ^ _0978_/A (sky130_fd_sc_hd__and4_2)
                  0.08    0.35    3.08 ^ _0978_/X (sky130_fd_sc_hd__and4_2)
     3    0.01                           _0256_ (net)
                  0.08    0.00    3.08 ^ _0980_/A_N (sky130_fd_sc_hd__and3b_2)
                  0.05    0.24    3.31 v _0980_/X (sky130_fd_sc_hd__and3b_2)
     2    0.01                           _0258_ (net)
                  0.05    0.00    3.31 v _1022_/B (sky130_fd_sc_hd__nor2_2)
                  0.14    0.14    3.45 ^ _1022_/Y (sky130_fd_sc_hd__nor2_2)
     2    0.01                           _0303_ (net)
                  0.14    0.00    3.45 ^ _1029_/A (sky130_fd_sc_hd__xnor2_2)
                  0.06    0.09    3.55 v _1029_/Y (sky130_fd_sc_hd__xnor2_2)
     2    0.01                           _0311_ (net)
                  0.06    0.00    3.55 v _1031_/B (sky130_fd_sc_hd__and2_2)
                  0.05    0.21    3.76 v _1031_/X (sky130_fd_sc_hd__and2_2)
     3    0.01                           _0313_ (net)
                  0.05    0.00    3.76 v _1032_/B (sky130_fd_sc_hd__or2_2)
                  0.06    0.30    4.06 v _1032_/X (sky130_fd_sc_hd__or2_2)
     2    0.01                           _0314_ (net)
                  0.06    0.00    4.06 v _1033_/C (sky130_fd_sc_hd__and3_2)
                  0.04    0.22    4.28 v _1033_/X (sky130_fd_sc_hd__and3_2)
     2    0.00                           _0315_ (net)
                  0.04    0.00    4.28 v _1035_/A (sky130_fd_sc_hd__or2_2)
                  0.07    0.33    4.61 v _1035_/X (sky130_fd_sc_hd__or2_2)
     1    0.01                           _0317_ (net)
                  0.07    0.00    4.61 v _1036_/B (sky130_fd_sc_hd__xnor2_2)
                  0.07    0.16    4.77 v _1036_/Y (sky130_fd_sc_hd__xnor2_2)
     3    0.01                           _0318_ (net)
                  0.07    0.00    4.77 v _1037_/B (sky130_fd_sc_hd__or2_2)
                  0.09    0.34    5.11 v _1037_/X (sky130_fd_sc_hd__or2_2)
     3    0.01                           _0319_ (net)
                  0.09    0.00    5.11 v _1117_/A (sky130_fd_sc_hd__or3_2)
                  0.08    0.52    5.63 v _1117_/X (sky130_fd_sc_hd__or3_2)
     2    0.00                           _0405_ (net)
                  0.08    0.00    5.63 v _1154_/A1 (sky130_fd_sc_hd__a21o_2)
                  0.05    0.23    5.85 v _1154_/X (sky130_fd_sc_hd__a21o_2)
     3    0.01                           _0446_ (net)
                  0.05    0.00    5.85 v _1188_/A2 (sky130_fd_sc_hd__a21o_2)
                  0.05    0.24    6.09 v _1188_/X (sky130_fd_sc_hd__a21o_2)
     3    0.01                           _0483_ (net)
                  0.05    0.00    6.09 v _1223_/A2 (sky130_fd_sc_hd__a21o_2)
                  0.05    0.24    6.33 v _1223_/X (sky130_fd_sc_hd__a21o_2)
     3    0.01                           _0520_ (net)
                  0.05    0.00    6.33 v _1225_/A2 (sky130_fd_sc_hd__a31o_2)
                  0.11    0.33    6.65 v _1225_/X (sky130_fd_sc_hd__a31o_2)
     1    0.03                           Y[9] (net)
                  0.11    0.00    6.65 v Y[9] (out)
                                  6.65   data arrival time

                  0.00   10.00   10.00   clock __VIRTUAL_CLK__ (rise edge)
                          0.00   10.00   clock network delay (ideal)
                         -0.25    9.75   clock uncertainty
                          0.00    9.75   clock reconvergence pessimism
                         -2.00    7.75   output external delay
                                  7.75   data required time
-----------------------------------------------------------------------------
                                  7.75   data required time
                                 -6.65   data arrival time
-----------------------------------------------------------------------------
                                  1.10   slack (MET)


Startpoint: B[0] (input port clocked by __VIRTUAL_CLK__)
Endpoint: Y[8] (output port clocked by __VIRTUAL_CLK__)
Path Group: __VIRTUAL_CLK__
Path Type: max

Fanout     Cap    Slew   Delay    Time   Description
-----------------------------------------------------------------------------
                  0.00    0.00    0.00   clock __VIRTUAL_CLK__ (rise edge)
                          0.00    0.00   clock network delay (ideal)
                          2.00    2.00 ^ input external delay
                  0.05    0.03    2.03 ^ B[0] (in)
     3    0.01                           B[0] (net)
                  0.05    0.00    2.03 ^ _0657_/A (sky130_fd_sc_hd__buf_1)
                  0.32    0.28    2.31 ^ _0657_/X (sky130_fd_sc_hd__buf_1)
    10    0.03                           _0298_ (net)
                  0.32    0.00    2.31 ^ _0747_/A (sky130_fd_sc_hd__buf_1)
                  0.44    0.42    2.73 ^ _0747_/X (sky130_fd_sc_hd__buf_1)
    10    0.04                           _0029_ (net)
                  0.44    0.00    2.73 ^ _0978_/A (sky130_fd_sc_hd__and4_2)
                  0.08    0.35    3.08 ^ _0978_/X (sky130_fd_sc_hd__and4_2)
     3    0.01                           _0256_ (net)
                  0.08    0.00    3.08 ^ _0980_/A_N (sky130_fd_sc_hd__and3b_2)
                  0.05    0.24    3.31 v _0980_/X (sky130_fd_sc_hd__and3b_2)
     2    0.01                           _0258_ (net)
                  0.05    0.00    3.31 v _1022_/B (sky130_fd_sc_hd__nor2_2)
                  0.14    0.14    3.45 ^ _1022_/Y (sky130_fd_sc_hd__nor2_2)
     2    0.01                           _0303_ (net)
                  0.14    0.00    3.45 ^ _1029_/A (sky130_fd_sc_hd__xnor2_2)
                  0.06    0.09    3.55 v _1029_/Y (sky130_fd_sc_hd__xnor2_2)
     2    0.01                           _0311_ (net)
                  0.06    0.00    3.55 v _1031_/B (sky130_fd_sc_hd__and2_2)
                  0.05    0.21    3.76 v _1031_/X (sky130_fd_sc_hd__and2_2)
     3    0.01                           _0313_ (net)
                  0.05    0.00    3.76 v _1032_/B (sky130_fd_sc_hd__or2_2)
                  0.06    0.30    4.06 v _1032_/X (sky130_fd_sc_hd__or2_2)
     2    0.01                           _0314_ (net)
                  0.06    0.00    4.06 v _1033_/C (sky130_fd_sc_hd__and3_2)
                  0.04    0.22    4.28 v _1033_/X (sky130_fd_sc_hd__and3_2)
     2    0.00                           _0315_ (net)
                  0.04    0.00    4.28 v _1035_/A (sky130_fd_sc_hd__or2_2)
                  0.07    0.33    4.61 v _1035_/X (sky130_fd_sc_hd__or2_2)
     1    0.01                           _0317_ (net)
                  0.07    0.00    4.61 v _1036_/B (sky130_fd_sc_hd__xnor2_2)
                  0.07    0.16    4.77 v _1036_/Y (sky130_fd_sc_hd__xnor2_2)
     3    0.01                           _0318_ (net)
                  0.07    0.00    4.77 v _1037_/B (sky130_fd_sc_hd__or2_2)
                  0.09    0.34    5.11 v _1037_/X (sky130_fd_sc_hd__or2_2)
     3    0.01                           _0319_ (net)
                  0.09    0.00    5.11 v _1117_/A (sky130_fd_sc_hd__or3_2)
                  0.08    0.52    5.63 v _1117_/X (sky130_fd_sc_hd__or3_2)
     2    0.00                           _0405_ (net)
                  0.08    0.00    5.63 v _1154_/A1 (sky130_fd_sc_hd__a21o_2)
                  0.05    0.23    5.85 v _1154_/X (sky130_fd_sc_hd__a21o_2)
     3    0.01                           _0446_ (net)
                  0.05    0.00    5.85 v _1188_/A2 (sky130_fd_sc_hd__a21o_2)
                  0.05    0.24    6.09 v _1188_/X (sky130_fd_sc_hd__a21o_2)
     3    0.01                           _0483_ (net)
                  0.05    0.00    6.09 v _1192_/A1 (sky130_fd_sc_hd__a211o_2)
                  0.12    0.40    6.49 v _1192_/X (sky130_fd_sc_hd__a211o_2)
     1    0.03                           Y[8] (net)
                  0.12    0.00    6.49 v Y[8] (out)
                                  6.49   data arrival time

                  0.00   10.00   10.00   clock __VIRTUAL_CLK__ (rise edge)
                          0.00   10.00   clock network delay (ideal)
                         -0.25    9.75   clock uncertainty
                          0.00    9.75   clock reconvergence pessimism
                         -2.00    7.75   output external delay
                                  7.75   data required time
-----------------------------------------------------------------------------
                                  7.75   data required time
                                 -6.49   data arrival time
-----------------------------------------------------------------------------
                                  1.26   slack (MET)


Startpoint: B[0] (input port clocked by __VIRTUAL_CLK__)
Endpoint: Y[7] (output port clocked by __VIRTUAL_CLK__)
Path Group: __VIRTUAL_CLK__
Path Type: max

Fanout     Cap    Slew   Delay    Time   Description
-----------------------------------------------------------------------------
                  0.00    0.00    0.00   clock __VIRTUAL_CLK__ (rise edge)
                          0.00    0.00   clock network delay (ideal)
                          2.00    2.00 ^ input external delay
                  0.05    0.03    2.03 ^ B[0] (in)
     3    0.01                           B[0] (net)
                  0.05    0.00    2.03 ^ _0657_/A (sky130_fd_sc_hd__buf_1)
                  0.32    0.28    2.31 ^ _0657_/X (sky130_fd_sc_hd__buf_1)
    10    0.03                           _0298_ (net)
                  0.32    0.00    2.31 ^ _0747_/A (sky130_fd_sc_hd__buf_1)
                  0.44    0.42    2.73 ^ _0747_/X (sky130_fd_sc_hd__buf_1)
    10    0.04                           _0029_ (net)
                  0.44    0.00    2.73 ^ _0978_/A (sky130_fd_sc_hd__and4_2)
                  0.08    0.35    3.08 ^ _0978_/X (sky130_fd_sc_hd__and4_2)
     3    0.01                           _0256_ (net)
                  0.08    0.00    3.08 ^ _0980_/A_N (sky130_fd_sc_hd__and3b_2)
                  0.05    0.24    3.31 v _0980_/X (sky130_fd_sc_hd__and3b_2)
     2    0.01                           _0258_ (net)
                  0.05    0.00    3.31 v _1022_/B (sky130_fd_sc_hd__nor2_2)
                  0.14    0.14    3.45 ^ _1022_/Y (sky130_fd_sc_hd__nor2_2)
     2    0.01                           _0303_ (net)
                  0.14    0.00    3.45 ^ _1029_/A (sky130_fd_sc_hd__xnor2_2)
                  0.06    0.09    3.55 v _1029_/Y (sky130_fd_sc_hd__xnor2_2)
     2    0.01                           _0311_ (net)
                  0.06    0.00    3.55 v _1031_/B (sky130_fd_sc_hd__and2_2)
                  0.05    0.21    3.76 v _1031_/X (sky130_fd_sc_hd__and2_2)
     3    0.01                           _0313_ (net)
                  0.05    0.00    3.76 v _1032_/B (sky130_fd_sc_hd__or2_2)
                  0.06    0.30    4.06 v _1032_/X (sky130_fd_sc_hd__or2_2)
     2    0.01                           _0314_ (net)
                  0.06    0.00    4.06 v _1033_/C (sky130_fd_sc_hd__and3_2)
                  0.04    0.22    4.28 v _1033_/X (sky130_fd_sc_hd__and3_2)
     2    0.00                           _0315_ (net)
                  0.04    0.00    4.28 v _1035_/A (sky130_fd_sc_hd__or2_2)
                  0.07    0.33    4.61 v _1035_/X (sky130_fd_sc_hd__or2_2)
     1    0.01                           _0317_ (net)
                  0.07    0.00    4.61 v _1036_/B (sky130_fd_sc_hd__xnor2_2)
                  0.07    0.16    4.77 v _1036_/Y (sky130_fd_sc_hd__xnor2_2)
     3    0.01                           _0318_ (net)
                  0.07    0.00    4.77 v _1037_/B (sky130_fd_sc_hd__or2_2)
                  0.09    0.34    5.11 v _1037_/X (sky130_fd_sc_hd__or2_2)
     3    0.01                           _0319_ (net)
                  0.09    0.00    5.11 v _1117_/A (sky130_fd_sc_hd__or3_2)
                  0.08    0.52    5.63 v _1117_/X (sky130_fd_sc_hd__or3_2)
     2    0.00                           _0405_ (net)
                  0.08    0.00    5.63 v _1154_/A1 (sky130_fd_sc_hd__a21o_2)
                  0.05    0.23    5.85 v _1154_/X (sky130_fd_sc_hd__a21o_2)
     3    0.01                           _0446_ (net)
                  0.05    0.00    5.85 v _1155_/B (sky130_fd_sc_hd__and2b_2)
                  0.03    0.19    6.04 v _1155_/X (sky130_fd_sc_hd__and2b_2)
     1    0.00                           _0447_ (net)
                  0.03    0.00    6.04 v _1156_/C1 (sky130_fd_sc_hd__a311o_2)
                  0.13    0.42    6.46 v _1156_/X (sky130_fd_sc_hd__a311o_2)
     1    0.03                           Y[7] (net)
                  0.13    0.00    6.46 v Y[7] (out)
                                  6.46   data arrival time

                  0.00   10.00   10.00   clock __VIRTUAL_CLK__ (rise edge)
                          0.00   10.00   clock network delay (ideal)
                         -0.25    9.75   clock uncertainty
                          0.00    9.75   clock reconvergence pessimism
                         -2.00    7.75   output external delay
                                  7.75   data required time
-----------------------------------------------------------------------------
                                  7.75   data required time
                                 -6.46   data arrival time
-----------------------------------------------------------------------------
                                  1.29   slack (MET)


Startpoint: B[6] (input port clocked by __VIRTUAL_CLK__)
Endpoint: Y[4] (output port clocked by __VIRTUAL_CLK__)
Path Group: __VIRTUAL_CLK__
Path Type: max

Fanout     Cap    Slew   Delay    Time   Description
-----------------------------------------------------------------------------
                  0.00    0.00    0.00   clock __VIRTUAL_CLK__ (rise edge)
                          0.00    0.00   clock network delay (ideal)
                          2.00    2.00 v input external delay
                  0.01    0.01    2.01 v B[6] (in)
     2    0.00                           B[6] (net)
                  0.01    0.00    2.01 v _0658_/A (sky130_fd_sc_hd__or3_2)
                  0.11    0.54    2.55 v _0658_/X (sky130_fd_sc_hd__or3_2)
     5    0.01                           _0309_ (net)
                  0.11    0.00    2.55 v _0666_/D (sky130_fd_sc_hd__or4_2)
                  0.11    0.59    3.14 v _0666_/X (sky130_fd_sc_hd__or4_2)
     2    0.00                           _0395_ (net)
                  0.11    0.00    3.14 v _0667_/A3 (sky130_fd_sc_hd__o31a_2)
                  0.08    0.36    3.50 v _0667_/X (sky130_fd_sc_hd__o31a_2)
     4    0.02                           _0406_ (net)
                  0.08    0.00    3.50 v _0668_/B (sky130_fd_sc_hd__or2_2)
                  0.08    0.33    3.83 v _0668_/X (sky130_fd_sc_hd__or2_2)
     4    0.01                           _0417_ (net)
                  0.08    0.00    3.83 v _0676_/A2 (sky130_fd_sc_hd__a31o_2)
                  0.06    0.28    4.11 v _0676_/X (sky130_fd_sc_hd__a31o_2)
     5    0.01                           _0503_ (net)
                  0.06    0.00    4.11 v _0681_/B (sky130_fd_sc_hd__and4_2)
                  0.05    0.22    4.34 v _0681_/X (sky130_fd_sc_hd__and4_2)
     3    0.00                           _0556_ (net)
                  0.05    0.00    4.34 v _0682_/C (sky130_fd_sc_hd__or3_2)
                  0.09    0.44    4.78 v _0682_/X (sky130_fd_sc_hd__or3_2)
     3    0.01                           _0567_ (net)
                  0.09    0.00    4.78 v _0692_/A1 (sky130_fd_sc_hd__a31o_2)
                  0.04    0.23    5.01 v _0692_/X (sky130_fd_sc_hd__a31o_2)
     1    0.00                           _0628_ (net)
                  0.04    0.00    5.01 v _0693_/A2 (sky130_fd_sc_hd__a211oi_2)
                  0.32    0.35    5.36 ^ _0693_/Y (sky130_fd_sc_hd__a211oi_2)
     4    0.01                           _0629_ (net)
                  0.32    0.00    5.36 ^ _0716_/A (sky130_fd_sc_hd__nand2_2)
                  0.10    0.12    5.48 v _0716_/Y (sky130_fd_sc_hd__nand2_2)
     3    0.01                           _0652_ (net)
                  0.10    0.00    5.48 v _1006_/A (sky130_fd_sc_hd__nor2_2)
                  0.07    0.12    5.59 ^ _1006_/Y (sky130_fd_sc_hd__nor2_2)
     1    0.00                           _0286_ (net)
                  0.07    0.00    5.59 ^ _1007_/B1 (sky130_fd_sc_hd__a31o_2)
                  0.04    0.10    5.70 ^ _1007_/X (sky130_fd_sc_hd__a31o_2)
     1    0.00                           _0287_ (net)
                  0.04    0.00    5.70 ^ _1008_/C1 (sky130_fd_sc_hd__a211o_2)
                  0.03    0.08    5.78 ^ _1008_/X (sky130_fd_sc_hd__a211o_2)
     1    0.00                           _0289_ (net)
                  0.03    0.00    5.78 ^ _1009_/B1 (sky130_fd_sc_hd__a31o_2)
                  0.20    0.21    5.99 ^ _1009_/X (sky130_fd_sc_hd__a31o_2)
     1    0.03                           Y[4] (net)
                  0.20    0.00    5.99 ^ Y[4] (out)
                                  5.99   data arrival time

                  0.00   10.00   10.00   clock __VIRTUAL_CLK__ (rise edge)
                          0.00   10.00   clock network delay (ideal)
                         -0.25    9.75   clock uncertainty
                          0.00    9.75   clock reconvergence pessimism
                         -2.00    7.75   output external delay
                                  7.75   data required time
-----------------------------------------------------------------------------
                                  7.75   data required time
                                 -5.99   data arrival time
-----------------------------------------------------------------------------
                                  1.76   slack (MET)


Startpoint: B[0] (input port clocked by __VIRTUAL_CLK__)
Endpoint: Y[6] (output port clocked by __VIRTUAL_CLK__)
Path Group: __VIRTUAL_CLK__
Path Type: max

Fanout     Cap    Slew   Delay    Time   Description
-----------------------------------------------------------------------------
                  0.00    0.00    0.00   clock __VIRTUAL_CLK__ (rise edge)
                          0.00    0.00   clock network delay (ideal)
                          2.00    2.00 ^ input external delay
                  0.05    0.03    2.03 ^ B[0] (in)
     3    0.01                           B[0] (net)
                  0.05    0.00    2.03 ^ _0657_/A (sky130_fd_sc_hd__buf_1)
                  0.32    0.28    2.31 ^ _0657_/X (sky130_fd_sc_hd__buf_1)
    10    0.03                           _0298_ (net)
                  0.32    0.00    2.31 ^ _0747_/A (sky130_fd_sc_hd__buf_1)
                  0.44    0.42    2.73 ^ _0747_/X (sky130_fd_sc_hd__buf_1)
    10    0.04                           _0029_ (net)
                  0.44    0.00    2.73 ^ _0978_/A (sky130_fd_sc_hd__and4_2)
                  0.08    0.35    3.08 ^ _0978_/X (sky130_fd_sc_hd__and4_2)
     3    0.01                           _0256_ (net)
                  0.08    0.00    3.08 ^ _0980_/A_N (sky130_fd_sc_hd__and3b_2)
                  0.05    0.24    3.31 v _0980_/X (sky130_fd_sc_hd__and3b_2)
     2    0.01                           _0258_ (net)
                  0.05    0.00    3.31 v _1022_/B (sky130_fd_sc_hd__nor2_2)
                  0.14    0.14    3.45 ^ _1022_/Y (sky130_fd_sc_hd__nor2_2)
     2    0.01                           _0303_ (net)
                  0.14    0.00    3.45 ^ _1029_/A (sky130_fd_sc_hd__xnor2_2)
                  0.06    0.09    3.55 v _1029_/Y (sky130_fd_sc_hd__xnor2_2)
     2    0.01                           _0311_ (net)
                  0.06    0.00    3.55 v _1031_/B (sky130_fd_sc_hd__and2_2)
                  0.05    0.21    3.76 v _1031_/X (sky130_fd_sc_hd__and2_2)
     3    0.01                           _0313_ (net)
                  0.05    0.00    3.76 v _1032_/B (sky130_fd_sc_hd__or2_2)
                  0.06    0.30    4.06 v _1032_/X (sky130_fd_sc_hd__or2_2)
     2    0.01                           _0314_ (net)
                  0.06    0.00    4.06 v _1033_/C (sky130_fd_sc_hd__and3_2)
                  0.04    0.22    4.28 v _1033_/X (sky130_fd_sc_hd__and3_2)
     2    0.00                           _0315_ (net)
                  0.04    0.00    4.28 v _1035_/A (sky130_fd_sc_hd__or2_2)
                  0.07    0.33    4.61 v _1035_/X (sky130_fd_sc_hd__or2_2)
     1    0.01                           _0317_ (net)
                  0.07    0.00    4.61 v _1036_/B (sky130_fd_sc_hd__xnor2_2)
                  0.07    0.16    4.77 v _1036_/Y (sky130_fd_sc_hd__xnor2_2)
     3    0.01                           _0318_ (net)
                  0.07    0.00    4.77 v _1037_/B (sky130_fd_sc_hd__or2_2)
                  0.09    0.34    5.11 v _1037_/X (sky130_fd_sc_hd__or2_2)
     3    0.01                           _0319_ (net)
                  0.09    0.00    5.11 v _1083_/A (sky130_fd_sc_hd__xnor2_2)
                  0.05    0.16    5.27 v _1083_/Y (sky130_fd_sc_hd__xnor2_2)
     2    0.01                           _0369_ (net)
                  0.05    0.00    5.27 v _1084_/B (sky130_fd_sc_hd__or2_2)
                  0.05    0.28    5.55 v _1084_/X (sky130_fd_sc_hd__or2_2)
     1    0.00                           _0370_ (net)
                  0.05    0.00    5.55 v _1101_/A2 (sky130_fd_sc_hd__a31o_2)
                  0.11    0.33    5.88 v _1101_/X (sky130_fd_sc_hd__a31o_2)
     1    0.03                           Y[6] (net)
                  0.11    0.00    5.88 v Y[6] (out)
                                  5.88   data arrival time

                  0.00   10.00   10.00   clock __VIRTUAL_CLK__ (rise edge)
                          0.00   10.00   clock network delay (ideal)
                         -0.25    9.75   clock uncertainty
                          0.00    9.75   clock reconvergence pessimism
                         -2.00    7.75   output external delay
                                  7.75   data required time
-----------------------------------------------------------------------------
                                  7.75   data required time
                                 -5.88   data arrival time
-----------------------------------------------------------------------------
                                  1.87   slack (MET)


Startpoint: B[0] (input port clocked by __VIRTUAL_CLK__)
Endpoint: Y[5] (output port clocked by __VIRTUAL_CLK__)
Path Group: __VIRTUAL_CLK__
Path Type: max

Fanout     Cap    Slew   Delay    Time   Description
-----------------------------------------------------------------------------
                  0.00    0.00    0.00   clock __VIRTUAL_CLK__ (rise edge)
                          0.00    0.00   clock network delay (ideal)
                          2.00    2.00 ^ input external delay
                  0.05    0.03    2.03 ^ B[0] (in)
     3    0.01                           B[0] (net)
                  0.05    0.00    2.03 ^ _0657_/A (sky130_fd_sc_hd__buf_1)
                  0.32    0.28    2.31 ^ _0657_/X (sky130_fd_sc_hd__buf_1)
    10    0.03                           _0298_ (net)
                  0.32    0.00    2.31 ^ _0747_/A (sky130_fd_sc_hd__buf_1)
                  0.44    0.42    2.73 ^ _0747_/X (sky130_fd_sc_hd__buf_1)
    10    0.04                           _0029_ (net)
                  0.44    0.00    2.73 ^ _0978_/A (sky130_fd_sc_hd__and4_2)
                  0.08    0.35    3.08 ^ _0978_/X (sky130_fd_sc_hd__and4_2)
     3    0.01                           _0256_ (net)
                  0.08    0.00    3.08 ^ _0980_/A_N (sky130_fd_sc_hd__and3b_2)
                  0.05    0.24    3.31 v _0980_/X (sky130_fd_sc_hd__and3b_2)
     2    0.01                           _0258_ (net)
                  0.05    0.00    3.31 v _1022_/B (sky130_fd_sc_hd__nor2_2)
                  0.14    0.14    3.45 ^ _1022_/Y (sky130_fd_sc_hd__nor2_2)
     2    0.01                           _0303_ (net)
                  0.14    0.00    3.45 ^ _1029_/A (sky130_fd_sc_hd__xnor2_2)
                  0.06    0.09    3.55 v _1029_/Y (sky130_fd_sc_hd__xnor2_2)
     2    0.01                           _0311_ (net)
                  0.06    0.00    3.55 v _1031_/B (sky130_fd_sc_hd__and2_2)
                  0.05    0.21    3.76 v _1031_/X (sky130_fd_sc_hd__and2_2)
     3    0.01                           _0313_ (net)
                  0.05    0.00    3.76 v _1032_/B (sky130_fd_sc_hd__or2_2)
                  0.06    0.30    4.06 v _1032_/X (sky130_fd_sc_hd__or2_2)
     2    0.01                           _0314_ (net)
                  0.06    0.00    4.06 v _1033_/C (sky130_fd_sc_hd__and3_2)
                  0.04    0.22    4.28 v _1033_/X (sky130_fd_sc_hd__and3_2)
     2    0.00                           _0315_ (net)
                  0.04    0.00    4.28 v _1035_/A (sky130_fd_sc_hd__or2_2)
                  0.07    0.33    4.61 v _1035_/X (sky130_fd_sc_hd__or2_2)
     1    0.01                           _0317_ (net)
                  0.07    0.00    4.61 v _1036_/B (sky130_fd_sc_hd__xnor2_2)
                  0.07    0.16    4.77 v _1036_/Y (sky130_fd_sc_hd__xnor2_2)
     3    0.01                           _0318_ (net)
                  0.07    0.00    4.77 v _1037_/B (sky130_fd_sc_hd__or2_2)
                  0.09    0.34    5.11 v _1037_/X (sky130_fd_sc_hd__or2_2)
     3    0.01                           _0319_ (net)
                  0.09    0.00    5.11 v _1039_/A (sky130_fd_sc_hd__nand2_2)
                  0.04    0.07    5.18 ^ _1039_/Y (sky130_fd_sc_hd__nand2_2)
     1    0.00                           _0322_ (net)
                  0.04    0.00    5.18 ^ _1041_/A2 (sky130_fd_sc_hd__a211o_2)
                  0.04    0.13    5.30 ^ _1041_/X (sky130_fd_sc_hd__a211o_2)
     1    0.00                           _0324_ (net)
                  0.04    0.00    5.30 ^ _1050_/B1 (sky130_fd_sc_hd__o2111ai_2)
                  0.08    0.11    5.41 v _1050_/Y (sky130_fd_sc_hd__o2111ai_2)
     1    0.00                           _0334_ (net)
                  0.08    0.00    5.41 v _1051_/B1 (sky130_fd_sc_hd__a31o_2)
                  0.11    0.32    5.73 v _1051_/X (sky130_fd_sc_hd__a31o_2)
     1    0.03                           Y[5] (net)
                  0.11    0.00    5.73 v Y[5] (out)
                                  5.73   data arrival time

                  0.00   10.00   10.00   clock __VIRTUAL_CLK__ (rise edge)
                          0.00   10.00   clock network delay (ideal)
                         -0.25    9.75   clock uncertainty
                          0.00    9.75   clock reconvergence pessimism
                         -2.00    7.75   output external delay
                                  7.75   data required time
-----------------------------------------------------------------------------
                                  7.75   data required time
                                 -5.73   data arrival time
-----------------------------------------------------------------------------
                                  2.02   slack (MET)



