
61. Printing statistics.

=== register_file ===

   Number of wires:              16209
   Number of wire bits:          16254
   Number of public wires:        4102
   Number of public wire bits:    4147
   Number of memories:               0
   Number of memory bits:            0
   Number of processes:              0
   Number of cells:              16219
     sky130_fd_sc_hd__a211o_2       64
     sky130_fd_sc_hd__a21bo_2       16
     sky130_fd_sc_hd__a21boi_2      16
     sky130_fd_sc_hd__a21o_2        49
     sky130_fd_sc_hd__a21oi_2       31
     sky130_fd_sc_hd__a221o_2       16
     sky130_fd_sc_hd__a22o_2        32
     sky130_fd_sc_hd__a31o_2        81
     sky130_fd_sc_hd__a31oi_2       16
     sky130_fd_sc_hd__a32o_2        32
     sky130_fd_sc_hd__and2_2        17
     sky130_fd_sc_hd__and2b_2       66
     sky130_fd_sc_hd__and3b_2        1
     sky130_fd_sc_hd__and4b_2        1
     sky130_fd_sc_hd__and4bb_2       2
     sky130_fd_sc_hd__buf_1       5364
     sky130_fd_sc_hd__dfxtp_2     4112
     sky130_fd_sc_hd__inv_2          3
     sky130_fd_sc_hd__mux2_2      4352
     sky130_fd_sc_hd__mux4_2       976
     sky130_fd_sc_hd__nand2_2       96
     sky130_fd_sc_hd__nor2_2       176
     sky130_fd_sc_hd__o211a_2       48
     sky130_fd_sc_hd__o21a_2        63
     sky130_fd_sc_hd__o21ai_2       80
     sky130_fd_sc_hd__o21ba_2       16
     sky130_fd_sc_hd__o21bai_2      16
     sky130_fd_sc_hd__o22a_2       177
     sky130_fd_sc_hd__o2bb2a_2      15
     sky130_fd_sc_hd__o31a_2        15
     sky130_fd_sc_hd__or2_2        190
     sky130_fd_sc_hd__or2b_2        66
     sky130_fd_sc_hd__or3_2          5
     sky130_fd_sc_hd__or3b_2         4
     sky130_fd_sc_hd__or4b_2         5

   Chip area for module '\register_file': 190556.508800

