
===========================================================================
 report_power
============================================================================
======================= Fastest Corner ===================================

Group                  Internal  Switching    Leakage      Total
                          Power      Power      Power      Power (Watts)
----------------------------------------------------------------
Sequential             5.51e-05   1.78e-04   6.85e-08   2.33e-04  37.1%
Combinational          9.13e-05   3.04e-04   1.81e-08   3.95e-04  62.9%
Macro                  0.00e+00   0.00e+00   0.00e+00   0.00e+00   0.0%
Pad                    0.00e+00   0.00e+00   0.00e+00   0.00e+00   0.0%
----------------------------------------------------------------
Total                  1.46e-04   4.82e-04   8.66e-08   6.28e-04 100.0%
                          23.3%      76.7%       0.0%

======================= Slowest Corner ===================================

Group                  Internal  Switching    Leakage      Total
                          Power      Power      Power      Power (Watts)
----------------------------------------------------------------
Sequential             3.56e-05   1.19e-04   2.73e-07   1.55e-04  36.8%
Combinational          6.26e-05   2.04e-04   3.61e-07   2.67e-04  63.2%
Macro                  0.00e+00   0.00e+00   0.00e+00   0.00e+00   0.0%
Pad                    0.00e+00   0.00e+00   0.00e+00   0.00e+00   0.0%
----------------------------------------------------------------
Total                  9.83e-05   3.23e-04   6.34e-07   4.22e-04 100.0%
                          23.3%      76.6%       0.2%

======================= Typical Corner ===================================

Group                  Internal  Switching    Leakage      Total
                          Power      Power      Power      Power (Watts)
----------------------------------------------------------------
Sequential             4.71e-05   1.51e-04   6.84e-08   1.98e-04  37.1%
Combinational          7.79e-05   2.59e-04   1.77e-08   3.36e-04  62.9%
Macro                  0.00e+00   0.00e+00   0.00e+00   0.00e+00   0.0%
Pad                    0.00e+00   0.00e+00   0.00e+00   0.00e+00   0.0%
----------------------------------------------------------------
Total                  1.25e-04   4.10e-04   8.62e-08   5.35e-04 100.0%
                          23.4%      76.6%       0.0%

