
===========================================================================
report_checks -unconstrained
===========================================================================
======================= Fastest Corner ===================================

Startpoint: B[0] (input port clocked by __VIRTUAL_CLK__)
Endpoint: Y[0] (output port clocked by __VIRTUAL_CLK__)
Path Group: __VIRTUAL_CLK__
Path Type: max
Corner: Fastest

Fanout     Cap    Slew   Delay    Time   Description
-----------------------------------------------------------------------------
                  0.00    0.00    0.00   clock __VIRTUAL_CLK__ (rise edge)
                          0.00    0.00   clock network delay (ideal)
                          2.00    2.00 ^ input external delay
                  0.02    0.02    2.02 ^ B[0] (in)
     1    0.01                           B[0] (net)
                  0.02    0.00    2.02 ^ input9/A (sky130_fd_sc_hd__buf_6)
                  0.23    0.20    2.21 ^ input9/X (sky130_fd_sc_hd__buf_6)
     3    0.15                           net9 (net)
                  0.23    0.02    2.24 ^ _0664_/B_N (sky130_fd_sc_hd__or2b_4)
                  0.14    0.28    2.51 v _0664_/X (sky130_fd_sc_hd__or2b_4)
     2    0.13                           _0374_ (net)
                  0.15    0.03    2.54 v _0665_/A2 (sky130_fd_sc_hd__a21oi_4)
                  0.42    0.41    2.95 ^ _0665_/Y (sky130_fd_sc_hd__a21oi_4)
     3    0.08                           _0385_ (net)
                  0.42    0.01    2.96 ^ _0667_/A2 (sky130_fd_sc_hd__o31a_4)
                  0.33    0.32    3.28 ^ _0667_/X (sky130_fd_sc_hd__o31a_4)
     4    0.15                           _0406_ (net)
                  0.33    0.02    3.30 ^ _0668_/B (sky130_fd_sc_hd__or2_4)
                  0.32    0.30    3.60 ^ _0668_/X (sky130_fd_sc_hd__or2_4)
     4    0.14                           _0417_ (net)
                  0.33    0.04    3.64 ^ _0676_/A2 (sky130_fd_sc_hd__a31o_4)
                  0.26    0.28    3.92 ^ _0676_/X (sky130_fd_sc_hd__a31o_4)
     5    0.11                           _0503_ (net)
                  0.26    0.02    3.95 ^ _0687_/D_N (sky130_fd_sc_hd__or4b_4)
                  0.17    0.43    4.38 v _0687_/X (sky130_fd_sc_hd__or4b_4)
     3    0.12                           _0619_ (net)
                  0.17    0.01    4.40 v _0690_/A3 (sky130_fd_sc_hd__a32o_4)
                  0.12    0.31    4.71 v _0690_/X (sky130_fd_sc_hd__a32o_4)
     3    0.11                           _0626_ (net)
                  0.13    0.02    4.73 v _0692_/A3 (sky130_fd_sc_hd__a31o_2)
                  0.07    0.25    4.98 v _0692_/X (sky130_fd_sc_hd__a31o_2)
     1    0.03                           _0628_ (net)
                  0.07    0.00    4.98 v _0693_/A2 (sky130_fd_sc_hd__a211oi_4)
                  0.28    0.30    5.28 ^ _0693_/Y (sky130_fd_sc_hd__a211oi_4)
     3    0.03                           _0629_ (net)
                  0.28    0.00    5.28 ^ max_cap52/A (sky130_fd_sc_hd__clkbuf_2)
                  0.19    0.22    5.50 ^ max_cap52/X (sky130_fd_sc_hd__clkbuf_2)
     2    0.04                           net52 (net)
                  0.19    0.00    5.50 ^ max_cap50/A (sky130_fd_sc_hd__clkbuf_2)
                  0.10    0.15    5.65 ^ max_cap50/X (sky130_fd_sc_hd__clkbuf_2)
     1    0.02                           net50 (net)
                  0.10    0.00    5.65 ^ _0716_/A (sky130_fd_sc_hd__nand2_8)
                  0.11    0.10    5.75 v _0716_/Y (sky130_fd_sc_hd__nand2_8)
     3    0.10                           _0652_ (net)
                  0.11    0.01    5.76 v _0717_/S (sky130_fd_sc_hd__mux2_8)
                  0.12    0.32    6.08 v _0717_/X (sky130_fd_sc_hd__mux2_8)
     4    0.14                           _0653_ (net)
                  0.13    0.03    6.11 v _0720_/A2 (sky130_fd_sc_hd__a22oi_4)
                  0.36    0.35    6.46 ^ _0720_/Y (sky130_fd_sc_hd__a22oi_4)
     2    0.09                           _0002_ (net)
                  0.36    0.01    6.47 ^ _0730_/A2 (sky130_fd_sc_hd__o31ai_1)
                  0.10    0.10    6.57 v _0730_/Y (sky130_fd_sc_hd__o31ai_1)
     1    0.01                           _0012_ (net)
                  0.10    0.00    6.57 v wire44/A (sky130_fd_sc_hd__buf_2)
                  0.09    0.17    6.74 v wire44/X (sky130_fd_sc_hd__buf_2)
     2    0.05                           net44 (net)
                  0.09    0.01    6.74 v _0732_/A2 (sky130_fd_sc_hd__a21oi_4)
                  0.48    0.42    7.16 ^ _0732_/Y (sky130_fd_sc_hd__a21oi_4)
     5    0.09                           _0014_ (net)
                  0.49    0.02    7.19 ^ _0733_/S (sky130_fd_sc_hd__mux2_4)
                  0.12    0.27    7.45 v _0733_/X (sky130_fd_sc_hd__mux2_4)
     3    0.09                           _0015_ (net)
                  0.12    0.00    7.46 v _0746_/B (sky130_fd_sc_hd__xnor2_1)
                  0.11    0.15    7.60 ^ _0746_/Y (sky130_fd_sc_hd__xnor2_1)
     1    0.00                           _0028_ (net)
                  0.11    0.00    7.60 ^ wire40/A (sky130_fd_sc_hd__buf_4)
                  0.22    0.21    7.82 ^ wire40/X (sky130_fd_sc_hd__buf_4)
     3    0.11                           net40 (net)
                  0.22    0.01    7.83 ^ _0763_/A1 (sky130_fd_sc_hd__a21o_4)
                  0.14    0.17    8.00 ^ _0763_/X (sky130_fd_sc_hd__a21o_4)
     2    0.07                           _0045_ (net)
                  0.14    0.01    8.02 ^ _0765_/A2 (sky130_fd_sc_hd__a21o_4)
                  0.33    0.30    8.32 ^ _0765_/X (sky130_fd_sc_hd__a21o_4)
     4    0.16                           _0047_ (net)
                  0.34    0.04    8.35 ^ _0776_/A1 (sky130_fd_sc_hd__a32oi_4)
                  0.18    0.18    8.53 v _0776_/Y (sky130_fd_sc_hd__a32oi_4)
     4    0.05                           _0058_ (net)
                  0.18    0.00    8.54 v _0780_/A2 (sky130_fd_sc_hd__a21oi_4)
                  0.28    0.31    8.85 ^ _0780_/Y (sky130_fd_sc_hd__a21oi_4)
     2    0.05                           _0062_ (net)
                  0.28    0.00    8.85 ^ max_cap38/A (sky130_fd_sc_hd__buf_4)
                  0.19    0.21    9.06 ^ max_cap38/X (sky130_fd_sc_hd__buf_4)
     4    0.09                           net38 (net)
                  0.19    0.02    9.09 ^ max_cap37/A (sky130_fd_sc_hd__buf_4)
                  0.20    0.21    9.30 ^ max_cap37/X (sky130_fd_sc_hd__buf_4)
     5    0.09                           net37 (net)
                  0.20    0.02    9.32 ^ _0794_/S (sky130_fd_sc_hd__mux2_4)
                  0.10    0.27    9.59 v _0794_/X (sky130_fd_sc_hd__mux2_4)
     3    0.06                           _0076_ (net)
                  0.10    0.01    9.60 v _0807_/B (sky130_fd_sc_hd__nor2_4)
                  0.39    0.34    9.94 ^ _0807_/Y (sky130_fd_sc_hd__nor2_4)
     2    0.09                           _0089_ (net)
                  0.39    0.01    9.95 ^ _0808_/B1 (sky130_fd_sc_hd__a21o_4)
                  0.23    0.19   10.14 ^ _0808_/X (sky130_fd_sc_hd__a21o_4)
     4    0.11                           _0090_ (net)
                  0.24    0.04   10.18 ^ _0835_/A1 (sky130_fd_sc_hd__a41o_4)
                  0.19    0.28   10.46 ^ _0835_/X (sky130_fd_sc_hd__a41o_4)
     3    0.09                           _0117_ (net)
                  0.19    0.01   10.47 ^ _0836_/B (sky130_fd_sc_hd__and2_2)
                  0.30    0.31   10.78 ^ _0836_/X (sky130_fd_sc_hd__and2_2)
     1    0.08                           _0118_ (net)
                  0.30    0.02   10.80 ^ _0837_/A (sky130_fd_sc_hd__buf_6)
                  0.24    0.22   11.02 ^ _0837_/X (sky130_fd_sc_hd__buf_6)
     8    0.16                           _0119_ (net)
                  0.26    0.06   11.07 ^ _0850_/S (sky130_fd_sc_hd__mux2_2)
                  0.11    0.31   11.38 v _0850_/X (sky130_fd_sc_hd__mux2_2)
     2    0.05                           _0132_ (net)
                  0.11    0.01   11.39 v _0861_/A2 (sky130_fd_sc_hd__a221o_1)
                  0.09    0.28   11.67 v _0861_/X (sky130_fd_sc_hd__a221o_1)
     1    0.02                           _0143_ (net)
                  0.09    0.00   11.67 v _0863_/A2 (sky130_fd_sc_hd__a21o_1)
                  0.03    0.15   11.82 v _0863_/X (sky130_fd_sc_hd__a21o_1)
     1    0.01                           _0145_ (net)
                  0.03    0.00   11.82 v _0871_/A2 (sky130_fd_sc_hd__a21o_1)
                  0.08    0.17   11.99 v _0871_/X (sky130_fd_sc_hd__a21o_1)
     1    0.02                           _0153_ (net)
                  0.08    0.00   11.99 v _0881_/A1 (sky130_fd_sc_hd__a21oi_4)
                  0.35    0.32   12.32 ^ _0881_/Y (sky130_fd_sc_hd__a21oi_4)
     2    0.07                           _0163_ (net)
                  0.35    0.01   12.32 ^ _0895_/A (sky130_fd_sc_hd__or4_2)
                  0.17    0.23   12.55 ^ _0895_/X (sky130_fd_sc_hd__or4_2)
     1    0.04                           _0177_ (net)
                  0.17    0.01   12.56 ^ _0896_/A (sky130_fd_sc_hd__clkbuf_2)
                  0.16    0.19   12.75 ^ _0896_/X (sky130_fd_sc_hd__clkbuf_2)
     2    0.04                           net20 (net)
                  0.16    0.01   12.76 ^ output20/A (sky130_fd_sc_hd__buf_2)
                  0.13    0.17   12.93 ^ output20/X (sky130_fd_sc_hd__buf_2)
     1    0.03                           Y[0] (net)
                  0.13    0.00   12.93 ^ Y[0] (out)
                                 12.93   data arrival time

                  0.00   10.00   10.00   clock __VIRTUAL_CLK__ (rise edge)
                          0.00   10.00   clock network delay (ideal)
                         -0.25    9.75   clock uncertainty
                          0.00    9.75   clock reconvergence pessimism
                         -2.00    7.75   output external delay
                                  7.75   data required time
-----------------------------------------------------------------------------
                                  7.75   data required time
                                -12.93   data arrival time
-----------------------------------------------------------------------------
                                 -5.18   slack (VIOLATED)



======================= Slowest Corner ===================================

Startpoint: B[0] (input port clocked by __VIRTUAL_CLK__)
Endpoint: Y[0] (output port clocked by __VIRTUAL_CLK__)
Path Group: __VIRTUAL_CLK__
Path Type: max
Corner: Slowest

Fanout     Cap    Slew   Delay    Time   Description
-----------------------------------------------------------------------------
                  0.00    0.00    0.00   clock __VIRTUAL_CLK__ (rise edge)
                          0.00    0.00   clock network delay (ideal)
                          2.00    2.00 ^ input external delay
                  0.05    0.03    2.03 ^ B[0] (in)
     1    0.01                           B[0] (net)
                  0.05    0.00    2.03 ^ input9/A (sky130_fd_sc_hd__buf_6)
                  0.48    0.48    2.51 ^ input9/X (sky130_fd_sc_hd__buf_6)
     3    0.15                           net9 (net)
                  0.48    0.02    2.53 ^ _0664_/B_N (sky130_fd_sc_hd__or2b_4)
                  0.34    0.95    3.48 v _0664_/X (sky130_fd_sc_hd__or2b_4)
     2    0.13                           _0374_ (net)
                  0.34    0.04    3.52 v _0665_/A2 (sky130_fd_sc_hd__a21oi_4)
                  0.89    0.94    4.46 ^ _0665_/Y (sky130_fd_sc_hd__a21oi_4)
     3    0.08                           _0385_ (net)
                  0.89    0.01    4.47 ^ _0667_/A2 (sky130_fd_sc_hd__o31a_4)
                  0.69    1.02    5.49 ^ _0667_/X (sky130_fd_sc_hd__o31a_4)
     4    0.15                           _0406_ (net)
                  0.69    0.02    5.52 ^ _0668_/B (sky130_fd_sc_hd__or2_4)
                  0.66    0.91    6.42 ^ _0668_/X (sky130_fd_sc_hd__or2_4)
     4    0.14                           _0417_ (net)
                  0.66    0.04    6.47 ^ _0676_/A2 (sky130_fd_sc_hd__a31o_4)
                  0.52    0.90    7.36 ^ _0676_/X (sky130_fd_sc_hd__a31o_4)
     5    0.11                           _0503_ (net)
                  0.52    0.02    7.39 ^ _0687_/D_N (sky130_fd_sc_hd__or4b_4)
                  0.42    1.53    8.92 v _0687_/X (sky130_fd_sc_hd__or4b_4)
     3    0.12                           _0619_ (net)
                  0.42    0.01    8.93 v _0690_/A3 (sky130_fd_sc_hd__a32o_4)
                  0.30    0.97    9.90 v _0690_/X (sky130_fd_sc_hd__a32o_4)
     3    0.11                           _0626_ (net)
                  0.30    0.02    9.92 v _0692_/A3 (sky130_fd_sc_hd__a31o_2)
                  0.17    0.70   10.62 v _0692_/X (sky130_fd_sc_hd__a31o_2)
     1    0.03                           _0628_ (net)
                  0.17    0.00   10.63 v _0693_/A2 (sky130_fd_sc_hd__a211oi_4)
                  0.60    0.74   11.36 ^ _0693_/Y (sky130_fd_sc_hd__a211oi_4)
     3    0.03                           _0629_ (net)
                  0.60    0.00   11.37 ^ max_cap52/A (sky130_fd_sc_hd__clkbuf_2)
                  0.38    0.66   12.02 ^ max_cap52/X (sky130_fd_sc_hd__clkbuf_2)
     2    0.04                           net52 (net)
                  0.38    0.00   12.03 ^ max_cap50/A (sky130_fd_sc_hd__clkbuf_2)
                  0.20    0.44   12.46 ^ max_cap50/X (sky130_fd_sc_hd__clkbuf_2)
     1    0.02                           net50 (net)
                  0.20    0.00   12.46 ^ _0716_/A (sky130_fd_sc_hd__nand2_8)
                  0.26    0.29   12.76 v _0716_/Y (sky130_fd_sc_hd__nand2_8)
     3    0.10                           _0652_ (net)
                  0.27    0.01   12.77 v _0717_/S (sky130_fd_sc_hd__mux2_8)
                  0.25    0.94   13.71 v _0717_/X (sky130_fd_sc_hd__mux2_8)
     4    0.14                           _0653_ (net)
                  0.25    0.03   13.74 v _0720_/A2 (sky130_fd_sc_hd__a22oi_4)
                  0.98    1.02   14.75 ^ _0720_/Y (sky130_fd_sc_hd__a22oi_4)
     2    0.09                           _0002_ (net)
                  0.98    0.01   14.77 ^ _0730_/A2 (sky130_fd_sc_hd__o31ai_1)
                  0.25    0.53   15.30 v _0730_/Y (sky130_fd_sc_hd__o31ai_1)
     1    0.01                           _0012_ (net)
                  0.25    0.00   15.30 v wire44/A (sky130_fd_sc_hd__buf_2)
                  0.24    0.51   15.81 v wire44/X (sky130_fd_sc_hd__buf_2)
     2    0.05                           net44 (net)
                  0.24    0.01   15.82 v _0732_/A2 (sky130_fd_sc_hd__a21oi_4)
                  1.01    0.98   16.80 ^ _0732_/Y (sky130_fd_sc_hd__a21oi_4)
     5    0.09                           _0014_ (net)
                  1.01    0.00   16.80 ^ max_cap42/A (sky130_fd_sc_hd__buf_6)
                  0.30    0.66   17.46 ^ max_cap42/X (sky130_fd_sc_hd__buf_6)
     4    0.09                           net42 (net)
                  0.30    0.02   17.48 ^ _0759_/A2 (sky130_fd_sc_hd__o211a_4)
                  0.34    0.64   18.12 ^ _0759_/X (sky130_fd_sc_hd__o211a_4)
     2    0.07                           _0041_ (net)
                  0.35    0.02   18.14 ^ _0760_/B1 (sky130_fd_sc_hd__a21o_4)
                  0.57    0.65   18.79 ^ _0760_/X (sky130_fd_sc_hd__a21o_4)
     4    0.13                           _0042_ (net)
                  0.57    0.01   18.80 ^ _0763_/A2 (sky130_fd_sc_hd__a21o_4)
                  0.30    0.62   19.42 ^ _0763_/X (sky130_fd_sc_hd__a21o_4)
     2    0.07                           _0045_ (net)
                  0.30    0.01   19.43 ^ _0765_/A2 (sky130_fd_sc_hd__a21o_4)
                  0.69    0.80   20.23 ^ _0765_/X (sky130_fd_sc_hd__a21o_4)
     4    0.16                           _0047_ (net)
                  0.69    0.04   20.27 ^ _0776_/A1 (sky130_fd_sc_hd__a32oi_4)
                  0.46    0.68   20.96 v _0776_/Y (sky130_fd_sc_hd__a32oi_4)
     4    0.05                           _0058_ (net)
                  0.46    0.00   20.96 v _0780_/A2 (sky130_fd_sc_hd__a21oi_4)
                  0.60    0.76   21.72 ^ _0780_/Y (sky130_fd_sc_hd__a21oi_4)
     2    0.05                           _0062_ (net)
                  0.60    0.00   21.72 ^ max_cap38/A (sky130_fd_sc_hd__buf_4)
                  0.39    0.68   22.40 ^ max_cap38/X (sky130_fd_sc_hd__buf_4)
     4    0.09                           net38 (net)
                  0.39    0.02   22.43 ^ max_cap37/A (sky130_fd_sc_hd__buf_4)
                  0.41    0.62   23.04 ^ max_cap37/X (sky130_fd_sc_hd__buf_4)
     5    0.09                           net37 (net)
                  0.42    0.02   23.06 ^ _0794_/S (sky130_fd_sc_hd__mux2_4)
                  0.22    0.87   23.94 v _0794_/X (sky130_fd_sc_hd__mux2_4)
     3    0.06                           _0076_ (net)
                  0.22    0.01   23.95 v _0807_/B (sky130_fd_sc_hd__nor2_4)
                  0.87    0.79   24.74 ^ _0807_/Y (sky130_fd_sc_hd__nor2_4)
     2    0.09                           _0089_ (net)
                  0.87    0.01   24.75 ^ _0808_/B1 (sky130_fd_sc_hd__a21o_4)
                  0.48    0.71   25.47 ^ _0808_/X (sky130_fd_sc_hd__a21o_4)
     4    0.11                           _0090_ (net)
                  0.49    0.05   25.51 ^ _0835_/A1 (sky130_fd_sc_hd__a41o_4)
                  0.42    0.88   26.40 ^ _0835_/X (sky130_fd_sc_hd__a41o_4)
     3    0.09                           _0117_ (net)
                  0.42    0.01   26.40 ^ _0836_/B (sky130_fd_sc_hd__and2_2)
                  0.63    0.86   27.27 ^ _0836_/X (sky130_fd_sc_hd__and2_2)
     1    0.08                           _0118_ (net)
                  0.63    0.02   27.28 ^ _0837_/A (sky130_fd_sc_hd__buf_6)
                  0.50    0.71   28.00 ^ _0837_/X (sky130_fd_sc_hd__buf_6)
     8    0.16                           _0119_ (net)
                  0.51    0.05   28.05 ^ _0845_/S (sky130_fd_sc_hd__mux2_4)
                  0.44    0.81   28.86 ^ _0845_/X (sky130_fd_sc_hd__mux2_4)
     3    0.09                           _0127_ (net)
                  0.44    0.02   28.88 ^ _0862_/B1 (sky130_fd_sc_hd__a22o_2)
                  0.48    0.77   29.65 ^ _0862_/X (sky130_fd_sc_hd__a22o_2)
     1    0.06                           _0144_ (net)
                  0.49    0.01   29.67 ^ _0863_/B1 (sky130_fd_sc_hd__a21o_1)
                  0.10    0.31   29.98 ^ _0863_/X (sky130_fd_sc_hd__a21o_1)
     1    0.01                           _0145_ (net)
                  0.10    0.00   29.98 ^ _0871_/A2 (sky130_fd_sc_hd__a21o_1)
                  0.32    0.44   30.42 ^ _0871_/X (sky130_fd_sc_hd__a21o_1)
     1    0.02                           _0153_ (net)
                  0.32    0.00   30.42 ^ _0881_/A1 (sky130_fd_sc_hd__a21oi_4)
                  0.30    0.39   30.81 v _0881_/Y (sky130_fd_sc_hd__a21oi_4)
     2    0.07                           _0163_ (net)
                  0.30    0.01   30.81 v _0895_/A (sky130_fd_sc_hd__or4_2)
                  0.46    2.12   32.93 v _0895_/X (sky130_fd_sc_hd__or4_2)
     1    0.04                           _0177_ (net)
                  0.46    0.01   32.94 v _0896_/A (sky130_fd_sc_hd__clkbuf_2)
                  0.26    0.54   33.48 v _0896_/X (sky130_fd_sc_hd__clkbuf_2)
     2    0.04                           net20 (net)
                  0.26    0.01   33.49 v output20/A (sky130_fd_sc_hd__buf_2)
                  0.17    0.46   33.94 v output20/X (sky130_fd_sc_hd__buf_2)
     1    0.03                           Y[0] (net)
                  0.17    0.00   33.94 v Y[0] (out)
                                 33.94   data arrival time

                  0.00   10.00   10.00   clock __VIRTUAL_CLK__ (rise edge)
                          0.00   10.00   clock network delay (ideal)
                         -0.25    9.75   clock uncertainty
                          0.00    9.75   clock reconvergence pessimism
                         -2.00    7.75   output external delay
                                  7.75   data required time
-----------------------------------------------------------------------------
                                  7.75   data required time
                                -33.94   data arrival time
-----------------------------------------------------------------------------
                                -26.19   slack (VIOLATED)



======================= Typical Corner ===================================

Startpoint: B[0] (input port clocked by __VIRTUAL_CLK__)
Endpoint: Y[0] (output port clocked by __VIRTUAL_CLK__)
Path Group: __VIRTUAL_CLK__
Path Type: max
Corner: Typical

Fanout     Cap    Slew   Delay    Time   Description
-----------------------------------------------------------------------------
                  0.00    0.00    0.00   clock __VIRTUAL_CLK__ (rise edge)
                          0.00    0.00   clock network delay (ideal)
                          2.00    2.00 ^ input external delay
                  0.03    0.02    2.02 ^ B[0] (in)
     1    0.01                           B[0] (net)
                  0.03    0.00    2.02 ^ input9/A (sky130_fd_sc_hd__buf_6)
                  0.30    0.28    2.30 ^ input9/X (sky130_fd_sc_hd__buf_6)
     3    0.15                           net9 (net)
                  0.31    0.02    2.32 ^ _0664_/B_N (sky130_fd_sc_hd__or2b_4)
                  0.20    0.47    2.79 v _0664_/X (sky130_fd_sc_hd__or2b_4)
     2    0.13                           _0374_ (net)
                  0.21    0.03    2.82 v _0665_/A2 (sky130_fd_sc_hd__a21oi_4)
                  0.56    0.57    3.39 ^ _0665_/Y (sky130_fd_sc_hd__a21oi_4)
     3    0.08                           _0385_ (net)
                  0.56    0.01    3.40 ^ _0667_/A2 (sky130_fd_sc_hd__o31a_4)
                  0.43    0.52    3.92 ^ _0667_/X (sky130_fd_sc_hd__o31a_4)
     4    0.15                           _0406_ (net)
                  0.44    0.02    3.95 ^ _0668_/B (sky130_fd_sc_hd__or2_4)
                  0.42    0.47    4.42 ^ _0668_/X (sky130_fd_sc_hd__or2_4)
     4    0.14                           _0417_ (net)
                  0.43    0.04    4.47 ^ _0676_/A2 (sky130_fd_sc_hd__a31o_4)
                  0.33    0.46    4.92 ^ _0676_/X (sky130_fd_sc_hd__a31o_4)
     5    0.11                           _0503_ (net)
                  0.34    0.02    4.95 ^ _0687_/D_N (sky130_fd_sc_hd__or4b_4)
                  0.24    0.74    5.69 v _0687_/X (sky130_fd_sc_hd__or4b_4)
     3    0.12                           _0619_ (net)
                  0.24    0.01    5.70 v _0690_/A3 (sky130_fd_sc_hd__a32o_4)
                  0.18    0.55    6.25 v _0690_/X (sky130_fd_sc_hd__a32o_4)
     3    0.11                           _0626_ (net)
                  0.18    0.02    6.26 v _0692_/A3 (sky130_fd_sc_hd__a31o_2)
                  0.10    0.38    6.65 v _0692_/X (sky130_fd_sc_hd__a31o_2)
     1    0.03                           _0628_ (net)
                  0.10    0.00    6.65 v _0693_/A2 (sky130_fd_sc_hd__a211oi_4)
                  0.38    0.43    7.09 ^ _0693_/Y (sky130_fd_sc_hd__a211oi_4)
     3    0.03                           _0629_ (net)
                  0.38    0.00    7.09 ^ max_cap52/A (sky130_fd_sc_hd__clkbuf_2)
                  0.24    0.34    7.43 ^ max_cap52/X (sky130_fd_sc_hd__clkbuf_2)
     2    0.04                           net52 (net)
                  0.24    0.00    7.43 ^ max_cap50/A (sky130_fd_sc_hd__clkbuf_2)
                  0.13    0.23    7.67 ^ max_cap50/X (sky130_fd_sc_hd__clkbuf_2)
     1    0.02                           net50 (net)
                  0.13    0.00    7.67 ^ _0716_/A (sky130_fd_sc_hd__nand2_8)
                  0.15    0.15    7.82 v _0716_/Y (sky130_fd_sc_hd__nand2_8)
     3    0.10                           _0652_ (net)
                  0.15    0.01    7.83 v _0717_/S (sky130_fd_sc_hd__mux2_8)
                  0.15    0.49    8.32 v _0717_/X (sky130_fd_sc_hd__mux2_8)
     4    0.14                           _0653_ (net)
                  0.16    0.03    8.35 v _0720_/A2 (sky130_fd_sc_hd__a22oi_4)
                  0.62    0.62    8.97 ^ _0720_/Y (sky130_fd_sc_hd__a22oi_4)
     2    0.09                           _0002_ (net)
                  0.62    0.01    8.98 ^ _0730_/A2 (sky130_fd_sc_hd__o31ai_1)
                  0.15    0.22    9.21 v _0730_/Y (sky130_fd_sc_hd__o31ai_1)
     1    0.01                           _0012_ (net)
                  0.15    0.00    9.21 v wire44/A (sky130_fd_sc_hd__buf_2)
                  0.13    0.27    9.47 v wire44/X (sky130_fd_sc_hd__buf_2)
     2    0.05                           net44 (net)
                  0.13    0.01    9.48 v _0732_/A2 (sky130_fd_sc_hd__a21oi_4)
                  0.65    0.59   10.07 ^ _0732_/Y (sky130_fd_sc_hd__a21oi_4)
     5    0.09                           _0014_ (net)
                  0.65    0.00   10.07 ^ max_cap42/A (sky130_fd_sc_hd__buf_6)
                  0.19    0.31   10.38 ^ max_cap42/X (sky130_fd_sc_hd__buf_6)
     4    0.09                           net42 (net)
                  0.19    0.02   10.40 ^ _0759_/A2 (sky130_fd_sc_hd__o211a_4)
                  0.21    0.32   10.72 ^ _0759_/X (sky130_fd_sc_hd__o211a_4)
     2    0.07                           _0041_ (net)
                  0.22    0.02   10.74 ^ _0760_/B1 (sky130_fd_sc_hd__a21o_4)
                  0.36    0.37   11.11 ^ _0760_/X (sky130_fd_sc_hd__a21o_4)
     4    0.13                           _0042_ (net)
                  0.36    0.01   11.12 ^ _0763_/A2 (sky130_fd_sc_hd__a21o_4)
                  0.19    0.31   11.42 ^ _0763_/X (sky130_fd_sc_hd__a21o_4)
     2    0.07                           _0045_ (net)
                  0.19    0.01   11.44 ^ _0765_/A2 (sky130_fd_sc_hd__a21o_4)
                  0.44    0.44   11.88 ^ _0765_/X (sky130_fd_sc_hd__a21o_4)
     4    0.16                           _0047_ (net)
                  0.44    0.04   11.92 ^ _0776_/A1 (sky130_fd_sc_hd__a32oi_4)
                  0.25    0.33   12.24 v _0776_/Y (sky130_fd_sc_hd__a32oi_4)
     4    0.05                           _0058_ (net)
                  0.25    0.00   12.24 v _0780_/A2 (sky130_fd_sc_hd__a21oi_4)
                  0.38    0.45   12.69 ^ _0780_/Y (sky130_fd_sc_hd__a21oi_4)
     2    0.05                           _0062_ (net)
                  0.38    0.00   12.69 ^ max_cap38/A (sky130_fd_sc_hd__buf_4)
                  0.25    0.35   13.04 ^ max_cap38/X (sky130_fd_sc_hd__buf_4)
     4    0.09                           net38 (net)
                  0.25    0.02   13.06 ^ max_cap37/A (sky130_fd_sc_hd__buf_4)
                  0.26    0.33   13.40 ^ max_cap37/X (sky130_fd_sc_hd__buf_4)
     5    0.09                           net37 (net)
                  0.26    0.02   13.42 ^ _0794_/S (sky130_fd_sc_hd__mux2_4)
                  0.13    0.45   13.86 v _0794_/X (sky130_fd_sc_hd__mux2_4)
     3    0.06                           _0076_ (net)
                  0.13    0.01   13.88 v _0807_/B (sky130_fd_sc_hd__nor2_4)
                  0.53    0.47   14.34 ^ _0807_/Y (sky130_fd_sc_hd__nor2_4)
     2    0.09                           _0089_ (net)
                  0.53    0.01   14.36 ^ _0808_/B1 (sky130_fd_sc_hd__a21o_4)
                  0.31    0.35   14.70 ^ _0808_/X (sky130_fd_sc_hd__a21o_4)
     4    0.11                           _0090_ (net)
                  0.32    0.04   14.75 ^ _0835_/A1 (sky130_fd_sc_hd__a41o_4)
                  0.26    0.45   15.20 ^ _0835_/X (sky130_fd_sc_hd__a41o_4)
     3    0.09                           _0117_ (net)
                  0.26    0.01   15.21 ^ _0836_/B (sky130_fd_sc_hd__and2_2)
                  0.40    0.47   15.68 ^ _0836_/X (sky130_fd_sc_hd__and2_2)
     1    0.08                           _0118_ (net)
                  0.40    0.02   15.69 ^ _0837_/A (sky130_fd_sc_hd__buf_6)
                  0.32    0.36   16.05 ^ _0837_/X (sky130_fd_sc_hd__buf_6)
     8    0.16                           _0119_ (net)
                  0.33    0.06   16.11 ^ _0850_/S (sky130_fd_sc_hd__mux2_2)
                  0.15    0.52   16.63 v _0850_/X (sky130_fd_sc_hd__mux2_2)
     2    0.05                           _0132_ (net)
                  0.15    0.01   16.64 v _0861_/A2 (sky130_fd_sc_hd__a221o_1)
                  0.14    0.50   17.13 v _0861_/X (sky130_fd_sc_hd__a221o_1)
     1    0.02                           _0143_ (net)
                  0.14    0.00   17.14 v _0863_/A2 (sky130_fd_sc_hd__a21o_1)
                  0.04    0.23   17.37 v _0863_/X (sky130_fd_sc_hd__a21o_1)
     1    0.01                           _0145_ (net)
                  0.04    0.00   17.37 v _0871_/A2 (sky130_fd_sc_hd__a21o_1)
                  0.11    0.26   17.63 v _0871_/X (sky130_fd_sc_hd__a21o_1)
     1    0.02                           _0153_ (net)
                  0.11    0.00   17.63 v _0881_/A1 (sky130_fd_sc_hd__a21oi_4)
                  0.48    0.45   18.08 ^ _0881_/Y (sky130_fd_sc_hd__a21oi_4)
     2    0.07                           _0163_ (net)
                  0.48    0.01   18.09 ^ _0895_/A (sky130_fd_sc_hd__or4_2)
                  0.22    0.38   18.47 ^ _0895_/X (sky130_fd_sc_hd__or4_2)
     1    0.04                           _0177_ (net)
                  0.22    0.01   18.48 ^ _0896_/A (sky130_fd_sc_hd__clkbuf_2)
                  0.21    0.28   18.76 ^ _0896_/X (sky130_fd_sc_hd__clkbuf_2)
     2    0.04                           net20 (net)
                  0.21    0.01   18.77 ^ output20/A (sky130_fd_sc_hd__buf_2)
                  0.17    0.26   19.03 ^ output20/X (sky130_fd_sc_hd__buf_2)
     1    0.03                           Y[0] (net)
                  0.17    0.00   19.03 ^ Y[0] (out)
                                 19.03   data arrival time

                  0.00   10.00   10.00   clock __VIRTUAL_CLK__ (rise edge)
                          0.00   10.00   clock network delay (ideal)
                         -0.25    9.75   clock uncertainty
                          0.00    9.75   clock reconvergence pessimism
                         -2.00    7.75   output external delay
                                  7.75   data required time
-----------------------------------------------------------------------------
                                  7.75   data required time
                                -19.03   data arrival time
-----------------------------------------------------------------------------
                                -11.28   slack (VIOLATED)




===========================================================================
report_checks --slack_max -0.01
============================================================================
======================= Fastest Corner ===================================

Startpoint: B[0] (input port clocked by __VIRTUAL_CLK__)
Endpoint: Y[0] (output port clocked by __VIRTUAL_CLK__)
Path Group: __VIRTUAL_CLK__
Path Type: max
Corner: Fastest

Fanout     Cap    Slew   Delay    Time   Description
-----------------------------------------------------------------------------
                  0.00    0.00    0.00   clock __VIRTUAL_CLK__ (rise edge)
                          0.00    0.00   clock network delay (ideal)
                          2.00    2.00 ^ input external delay
                  0.02    0.02    2.02 ^ B[0] (in)
     1    0.01                           B[0] (net)
                  0.02    0.00    2.02 ^ input9/A (sky130_fd_sc_hd__buf_6)
                  0.23    0.20    2.21 ^ input9/X (sky130_fd_sc_hd__buf_6)
     3    0.15                           net9 (net)
                  0.23    0.02    2.24 ^ _0664_/B_N (sky130_fd_sc_hd__or2b_4)
                  0.14    0.28    2.51 v _0664_/X (sky130_fd_sc_hd__or2b_4)
     2    0.13                           _0374_ (net)
                  0.15    0.03    2.54 v _0665_/A2 (sky130_fd_sc_hd__a21oi_4)
                  0.42    0.41    2.95 ^ _0665_/Y (sky130_fd_sc_hd__a21oi_4)
     3    0.08                           _0385_ (net)
                  0.42    0.01    2.96 ^ _0667_/A2 (sky130_fd_sc_hd__o31a_4)
                  0.33    0.32    3.28 ^ _0667_/X (sky130_fd_sc_hd__o31a_4)
     4    0.15                           _0406_ (net)
                  0.33    0.02    3.30 ^ _0668_/B (sky130_fd_sc_hd__or2_4)
                  0.32    0.30    3.60 ^ _0668_/X (sky130_fd_sc_hd__or2_4)
     4    0.14                           _0417_ (net)
                  0.33    0.04    3.64 ^ _0676_/A2 (sky130_fd_sc_hd__a31o_4)
                  0.26    0.28    3.92 ^ _0676_/X (sky130_fd_sc_hd__a31o_4)
     5    0.11                           _0503_ (net)
                  0.26    0.02    3.95 ^ _0687_/D_N (sky130_fd_sc_hd__or4b_4)
                  0.17    0.43    4.38 v _0687_/X (sky130_fd_sc_hd__or4b_4)
     3    0.12                           _0619_ (net)
                  0.17    0.01    4.40 v _0690_/A3 (sky130_fd_sc_hd__a32o_4)
                  0.12    0.31    4.71 v _0690_/X (sky130_fd_sc_hd__a32o_4)
     3    0.11                           _0626_ (net)
                  0.13    0.02    4.73 v _0692_/A3 (sky130_fd_sc_hd__a31o_2)
                  0.07    0.25    4.98 v _0692_/X (sky130_fd_sc_hd__a31o_2)
     1    0.03                           _0628_ (net)
                  0.07    0.00    4.98 v _0693_/A2 (sky130_fd_sc_hd__a211oi_4)
                  0.28    0.30    5.28 ^ _0693_/Y (sky130_fd_sc_hd__a211oi_4)
     3    0.03                           _0629_ (net)
                  0.28    0.00    5.28 ^ max_cap52/A (sky130_fd_sc_hd__clkbuf_2)
                  0.19    0.22    5.50 ^ max_cap52/X (sky130_fd_sc_hd__clkbuf_2)
     2    0.04                           net52 (net)
                  0.19    0.00    5.50 ^ max_cap50/A (sky130_fd_sc_hd__clkbuf_2)
                  0.10    0.15    5.65 ^ max_cap50/X (sky130_fd_sc_hd__clkbuf_2)
     1    0.02                           net50 (net)
                  0.10    0.00    5.65 ^ _0716_/A (sky130_fd_sc_hd__nand2_8)
                  0.11    0.10    5.75 v _0716_/Y (sky130_fd_sc_hd__nand2_8)
     3    0.10                           _0652_ (net)
                  0.11    0.01    5.76 v _0717_/S (sky130_fd_sc_hd__mux2_8)
                  0.12    0.32    6.08 v _0717_/X (sky130_fd_sc_hd__mux2_8)
     4    0.14                           _0653_ (net)
                  0.13    0.03    6.11 v _0720_/A2 (sky130_fd_sc_hd__a22oi_4)
                  0.36    0.35    6.46 ^ _0720_/Y (sky130_fd_sc_hd__a22oi_4)
     2    0.09                           _0002_ (net)
                  0.36    0.01    6.47 ^ _0730_/A2 (sky130_fd_sc_hd__o31ai_1)
                  0.10    0.10    6.57 v _0730_/Y (sky130_fd_sc_hd__o31ai_1)
     1    0.01                           _0012_ (net)
                  0.10    0.00    6.57 v wire44/A (sky130_fd_sc_hd__buf_2)
                  0.09    0.17    6.74 v wire44/X (sky130_fd_sc_hd__buf_2)
     2    0.05                           net44 (net)
                  0.09    0.01    6.74 v _0732_/A2 (sky130_fd_sc_hd__a21oi_4)
                  0.48    0.42    7.16 ^ _0732_/Y (sky130_fd_sc_hd__a21oi_4)
     5    0.09                           _0014_ (net)
                  0.49    0.02    7.19 ^ _0733_/S (sky130_fd_sc_hd__mux2_4)
                  0.12    0.27    7.45 v _0733_/X (sky130_fd_sc_hd__mux2_4)
     3    0.09                           _0015_ (net)
                  0.12    0.00    7.46 v _0746_/B (sky130_fd_sc_hd__xnor2_1)
                  0.11    0.15    7.60 ^ _0746_/Y (sky130_fd_sc_hd__xnor2_1)
     1    0.00                           _0028_ (net)
                  0.11    0.00    7.60 ^ wire40/A (sky130_fd_sc_hd__buf_4)
                  0.22    0.21    7.82 ^ wire40/X (sky130_fd_sc_hd__buf_4)
     3    0.11                           net40 (net)
                  0.22    0.01    7.83 ^ _0763_/A1 (sky130_fd_sc_hd__a21o_4)
                  0.14    0.17    8.00 ^ _0763_/X (sky130_fd_sc_hd__a21o_4)
     2    0.07                           _0045_ (net)
                  0.14    0.01    8.02 ^ _0765_/A2 (sky130_fd_sc_hd__a21o_4)
                  0.33    0.30    8.32 ^ _0765_/X (sky130_fd_sc_hd__a21o_4)
     4    0.16                           _0047_ (net)
                  0.34    0.04    8.35 ^ _0776_/A1 (sky130_fd_sc_hd__a32oi_4)
                  0.18    0.18    8.53 v _0776_/Y (sky130_fd_sc_hd__a32oi_4)
     4    0.05                           _0058_ (net)
                  0.18    0.00    8.54 v _0780_/A2 (sky130_fd_sc_hd__a21oi_4)
                  0.28    0.31    8.85 ^ _0780_/Y (sky130_fd_sc_hd__a21oi_4)
     2    0.05                           _0062_ (net)
                  0.28    0.00    8.85 ^ max_cap38/A (sky130_fd_sc_hd__buf_4)
                  0.19    0.21    9.06 ^ max_cap38/X (sky130_fd_sc_hd__buf_4)
     4    0.09                           net38 (net)
                  0.19    0.02    9.09 ^ max_cap37/A (sky130_fd_sc_hd__buf_4)
                  0.20    0.21    9.30 ^ max_cap37/X (sky130_fd_sc_hd__buf_4)
     5    0.09                           net37 (net)
                  0.20    0.02    9.32 ^ _0794_/S (sky130_fd_sc_hd__mux2_4)
                  0.10    0.27    9.59 v _0794_/X (sky130_fd_sc_hd__mux2_4)
     3    0.06                           _0076_ (net)
                  0.10    0.01    9.60 v _0807_/B (sky130_fd_sc_hd__nor2_4)
                  0.39    0.34    9.94 ^ _0807_/Y (sky130_fd_sc_hd__nor2_4)
     2    0.09                           _0089_ (net)
                  0.39    0.01    9.95 ^ _0808_/B1 (sky130_fd_sc_hd__a21o_4)
                  0.23    0.19   10.14 ^ _0808_/X (sky130_fd_sc_hd__a21o_4)
     4    0.11                           _0090_ (net)
                  0.24    0.04   10.18 ^ _0835_/A1 (sky130_fd_sc_hd__a41o_4)
                  0.19    0.28   10.46 ^ _0835_/X (sky130_fd_sc_hd__a41o_4)
     3    0.09                           _0117_ (net)
                  0.19    0.01   10.47 ^ _0836_/B (sky130_fd_sc_hd__and2_2)
                  0.30    0.31   10.78 ^ _0836_/X (sky130_fd_sc_hd__and2_2)
     1    0.08                           _0118_ (net)
                  0.30    0.02   10.80 ^ _0837_/A (sky130_fd_sc_hd__buf_6)
                  0.24    0.22   11.02 ^ _0837_/X (sky130_fd_sc_hd__buf_6)
     8    0.16                           _0119_ (net)
                  0.26    0.06   11.07 ^ _0850_/S (sky130_fd_sc_hd__mux2_2)
                  0.11    0.31   11.38 v _0850_/X (sky130_fd_sc_hd__mux2_2)
     2    0.05                           _0132_ (net)
                  0.11    0.01   11.39 v _0861_/A2 (sky130_fd_sc_hd__a221o_1)
                  0.09    0.28   11.67 v _0861_/X (sky130_fd_sc_hd__a221o_1)
     1    0.02                           _0143_ (net)
                  0.09    0.00   11.67 v _0863_/A2 (sky130_fd_sc_hd__a21o_1)
                  0.03    0.15   11.82 v _0863_/X (sky130_fd_sc_hd__a21o_1)
     1    0.01                           _0145_ (net)
                  0.03    0.00   11.82 v _0871_/A2 (sky130_fd_sc_hd__a21o_1)
                  0.08    0.17   11.99 v _0871_/X (sky130_fd_sc_hd__a21o_1)
     1    0.02                           _0153_ (net)
                  0.08    0.00   11.99 v _0881_/A1 (sky130_fd_sc_hd__a21oi_4)
                  0.35    0.32   12.32 ^ _0881_/Y (sky130_fd_sc_hd__a21oi_4)
     2    0.07                           _0163_ (net)
                  0.35    0.01   12.32 ^ _0895_/A (sky130_fd_sc_hd__or4_2)
                  0.17    0.23   12.55 ^ _0895_/X (sky130_fd_sc_hd__or4_2)
     1    0.04                           _0177_ (net)
                  0.17    0.01   12.56 ^ _0896_/A (sky130_fd_sc_hd__clkbuf_2)
                  0.16    0.19   12.75 ^ _0896_/X (sky130_fd_sc_hd__clkbuf_2)
     2    0.04                           net20 (net)
                  0.16    0.01   12.76 ^ output20/A (sky130_fd_sc_hd__buf_2)
                  0.13    0.17   12.93 ^ output20/X (sky130_fd_sc_hd__buf_2)
     1    0.03                           Y[0] (net)
                  0.13    0.00   12.93 ^ Y[0] (out)
                                 12.93   data arrival time

                  0.00   10.00   10.00   clock __VIRTUAL_CLK__ (rise edge)
                          0.00   10.00   clock network delay (ideal)
                         -0.25    9.75   clock uncertainty
                          0.00    9.75   clock reconvergence pessimism
                         -2.00    7.75   output external delay
                                  7.75   data required time
-----------------------------------------------------------------------------
                                  7.75   data required time
                                -12.93   data arrival time
-----------------------------------------------------------------------------
                                 -5.18   slack (VIOLATED)



======================= Slowest Corner ===================================

Startpoint: B[0] (input port clocked by __VIRTUAL_CLK__)
Endpoint: Y[0] (output port clocked by __VIRTUAL_CLK__)
Path Group: __VIRTUAL_CLK__
Path Type: max
Corner: Slowest

Fanout     Cap    Slew   Delay    Time   Description
-----------------------------------------------------------------------------
                  0.00    0.00    0.00   clock __VIRTUAL_CLK__ (rise edge)
                          0.00    0.00   clock network delay (ideal)
                          2.00    2.00 ^ input external delay
                  0.05    0.03    2.03 ^ B[0] (in)
     1    0.01                           B[0] (net)
                  0.05    0.00    2.03 ^ input9/A (sky130_fd_sc_hd__buf_6)
                  0.48    0.48    2.51 ^ input9/X (sky130_fd_sc_hd__buf_6)
     3    0.15                           net9 (net)
                  0.48    0.02    2.53 ^ _0664_/B_N (sky130_fd_sc_hd__or2b_4)
                  0.34    0.95    3.48 v _0664_/X (sky130_fd_sc_hd__or2b_4)
     2    0.13                           _0374_ (net)
                  0.34    0.04    3.52 v _0665_/A2 (sky130_fd_sc_hd__a21oi_4)
                  0.89    0.94    4.46 ^ _0665_/Y (sky130_fd_sc_hd__a21oi_4)
     3    0.08                           _0385_ (net)
                  0.89    0.01    4.47 ^ _0667_/A2 (sky130_fd_sc_hd__o31a_4)
                  0.69    1.02    5.49 ^ _0667_/X (sky130_fd_sc_hd__o31a_4)
     4    0.15                           _0406_ (net)
                  0.69    0.02    5.52 ^ _0668_/B (sky130_fd_sc_hd__or2_4)
                  0.66    0.91    6.42 ^ _0668_/X (sky130_fd_sc_hd__or2_4)
     4    0.14                           _0417_ (net)
                  0.66    0.04    6.47 ^ _0676_/A2 (sky130_fd_sc_hd__a31o_4)
                  0.52    0.90    7.36 ^ _0676_/X (sky130_fd_sc_hd__a31o_4)
     5    0.11                           _0503_ (net)
                  0.52    0.02    7.39 ^ _0687_/D_N (sky130_fd_sc_hd__or4b_4)
                  0.42    1.53    8.92 v _0687_/X (sky130_fd_sc_hd__or4b_4)
     3    0.12                           _0619_ (net)
                  0.42    0.01    8.93 v _0690_/A3 (sky130_fd_sc_hd__a32o_4)
                  0.30    0.97    9.90 v _0690_/X (sky130_fd_sc_hd__a32o_4)
     3    0.11                           _0626_ (net)
                  0.30    0.02    9.92 v _0692_/A3 (sky130_fd_sc_hd__a31o_2)
                  0.17    0.70   10.62 v _0692_/X (sky130_fd_sc_hd__a31o_2)
     1    0.03                           _0628_ (net)
                  0.17    0.00   10.63 v _0693_/A2 (sky130_fd_sc_hd__a211oi_4)
                  0.60    0.74   11.36 ^ _0693_/Y (sky130_fd_sc_hd__a211oi_4)
     3    0.03                           _0629_ (net)
                  0.60    0.00   11.37 ^ max_cap52/A (sky130_fd_sc_hd__clkbuf_2)
                  0.38    0.66   12.02 ^ max_cap52/X (sky130_fd_sc_hd__clkbuf_2)
     2    0.04                           net52 (net)
                  0.38    0.00   12.03 ^ max_cap50/A (sky130_fd_sc_hd__clkbuf_2)
                  0.20    0.44   12.46 ^ max_cap50/X (sky130_fd_sc_hd__clkbuf_2)
     1    0.02                           net50 (net)
                  0.20    0.00   12.46 ^ _0716_/A (sky130_fd_sc_hd__nand2_8)
                  0.26    0.29   12.76 v _0716_/Y (sky130_fd_sc_hd__nand2_8)
     3    0.10                           _0652_ (net)
                  0.27    0.01   12.77 v _0717_/S (sky130_fd_sc_hd__mux2_8)
                  0.25    0.94   13.71 v _0717_/X (sky130_fd_sc_hd__mux2_8)
     4    0.14                           _0653_ (net)
                  0.25    0.03   13.74 v _0720_/A2 (sky130_fd_sc_hd__a22oi_4)
                  0.98    1.02   14.75 ^ _0720_/Y (sky130_fd_sc_hd__a22oi_4)
     2    0.09                           _0002_ (net)
                  0.98    0.01   14.77 ^ _0730_/A2 (sky130_fd_sc_hd__o31ai_1)
                  0.25    0.53   15.30 v _0730_/Y (sky130_fd_sc_hd__o31ai_1)
     1    0.01                           _0012_ (net)
                  0.25    0.00   15.30 v wire44/A (sky130_fd_sc_hd__buf_2)
                  0.24    0.51   15.81 v wire44/X (sky130_fd_sc_hd__buf_2)
     2    0.05                           net44 (net)
                  0.24    0.01   15.82 v _0732_/A2 (sky130_fd_sc_hd__a21oi_4)
                  1.01    0.98   16.80 ^ _0732_/Y (sky130_fd_sc_hd__a21oi_4)
     5    0.09                           _0014_ (net)
                  1.01    0.00   16.80 ^ max_cap42/A (sky130_fd_sc_hd__buf_6)
                  0.30    0.66   17.46 ^ max_cap42/X (sky130_fd_sc_hd__buf_6)
     4    0.09                           net42 (net)
                  0.30    0.02   17.48 ^ _0759_/A2 (sky130_fd_sc_hd__o211a_4)
                  0.34    0.64   18.12 ^ _0759_/X (sky130_fd_sc_hd__o211a_4)
     2    0.07                           _0041_ (net)
                  0.35    0.02   18.14 ^ _0760_/B1 (sky130_fd_sc_hd__a21o_4)
                  0.57    0.65   18.79 ^ _0760_/X (sky130_fd_sc_hd__a21o_4)
     4    0.13                           _0042_ (net)
                  0.57    0.01   18.80 ^ _0763_/A2 (sky130_fd_sc_hd__a21o_4)
                  0.30    0.62   19.42 ^ _0763_/X (sky130_fd_sc_hd__a21o_4)
     2    0.07                           _0045_ (net)
                  0.30    0.01   19.43 ^ _0765_/A2 (sky130_fd_sc_hd__a21o_4)
                  0.69    0.80   20.23 ^ _0765_/X (sky130_fd_sc_hd__a21o_4)
     4    0.16                           _0047_ (net)
                  0.69    0.04   20.27 ^ _0776_/A1 (sky130_fd_sc_hd__a32oi_4)
                  0.46    0.68   20.96 v _0776_/Y (sky130_fd_sc_hd__a32oi_4)
     4    0.05                           _0058_ (net)
                  0.46    0.00   20.96 v _0780_/A2 (sky130_fd_sc_hd__a21oi_4)
                  0.60    0.76   21.72 ^ _0780_/Y (sky130_fd_sc_hd__a21oi_4)
     2    0.05                           _0062_ (net)
                  0.60    0.00   21.72 ^ max_cap38/A (sky130_fd_sc_hd__buf_4)
                  0.39    0.68   22.40 ^ max_cap38/X (sky130_fd_sc_hd__buf_4)
     4    0.09                           net38 (net)
                  0.39    0.02   22.43 ^ max_cap37/A (sky130_fd_sc_hd__buf_4)
                  0.41    0.62   23.04 ^ max_cap37/X (sky130_fd_sc_hd__buf_4)
     5    0.09                           net37 (net)
                  0.42    0.02   23.06 ^ _0794_/S (sky130_fd_sc_hd__mux2_4)
                  0.22    0.87   23.94 v _0794_/X (sky130_fd_sc_hd__mux2_4)
     3    0.06                           _0076_ (net)
                  0.22    0.01   23.95 v _0807_/B (sky130_fd_sc_hd__nor2_4)
                  0.87    0.79   24.74 ^ _0807_/Y (sky130_fd_sc_hd__nor2_4)
     2    0.09                           _0089_ (net)
                  0.87    0.01   24.75 ^ _0808_/B1 (sky130_fd_sc_hd__a21o_4)
                  0.48    0.71   25.47 ^ _0808_/X (sky130_fd_sc_hd__a21o_4)
     4    0.11                           _0090_ (net)
                  0.49    0.05   25.51 ^ _0835_/A1 (sky130_fd_sc_hd__a41o_4)
                  0.42    0.88   26.40 ^ _0835_/X (sky130_fd_sc_hd__a41o_4)
     3    0.09                           _0117_ (net)
                  0.42    0.01   26.40 ^ _0836_/B (sky130_fd_sc_hd__and2_2)
                  0.63    0.86   27.27 ^ _0836_/X (sky130_fd_sc_hd__and2_2)
     1    0.08                           _0118_ (net)
                  0.63    0.02   27.28 ^ _0837_/A (sky130_fd_sc_hd__buf_6)
                  0.50    0.71   28.00 ^ _0837_/X (sky130_fd_sc_hd__buf_6)
     8    0.16                           _0119_ (net)
                  0.51    0.05   28.05 ^ _0845_/S (sky130_fd_sc_hd__mux2_4)
                  0.44    0.81   28.86 ^ _0845_/X (sky130_fd_sc_hd__mux2_4)
     3    0.09                           _0127_ (net)
                  0.44    0.02   28.88 ^ _0862_/B1 (sky130_fd_sc_hd__a22o_2)
                  0.48    0.77   29.65 ^ _0862_/X (sky130_fd_sc_hd__a22o_2)
     1    0.06                           _0144_ (net)
                  0.49    0.01   29.67 ^ _0863_/B1 (sky130_fd_sc_hd__a21o_1)
                  0.10    0.31   29.98 ^ _0863_/X (sky130_fd_sc_hd__a21o_1)
     1    0.01                           _0145_ (net)
                  0.10    0.00   29.98 ^ _0871_/A2 (sky130_fd_sc_hd__a21o_1)
                  0.32    0.44   30.42 ^ _0871_/X (sky130_fd_sc_hd__a21o_1)
     1    0.02                           _0153_ (net)
                  0.32    0.00   30.42 ^ _0881_/A1 (sky130_fd_sc_hd__a21oi_4)
                  0.30    0.39   30.81 v _0881_/Y (sky130_fd_sc_hd__a21oi_4)
     2    0.07                           _0163_ (net)
                  0.30    0.01   30.81 v _0895_/A (sky130_fd_sc_hd__or4_2)
                  0.46    2.12   32.93 v _0895_/X (sky130_fd_sc_hd__or4_2)
     1    0.04                           _0177_ (net)
                  0.46    0.01   32.94 v _0896_/A (sky130_fd_sc_hd__clkbuf_2)
                  0.26    0.54   33.48 v _0896_/X (sky130_fd_sc_hd__clkbuf_2)
     2    0.04                           net20 (net)
                  0.26    0.01   33.49 v output20/A (sky130_fd_sc_hd__buf_2)
                  0.17    0.46   33.94 v output20/X (sky130_fd_sc_hd__buf_2)
     1    0.03                           Y[0] (net)
                  0.17    0.00   33.94 v Y[0] (out)
                                 33.94   data arrival time

                  0.00   10.00   10.00   clock __VIRTUAL_CLK__ (rise edge)
                          0.00   10.00   clock network delay (ideal)
                         -0.25    9.75   clock uncertainty
                          0.00    9.75   clock reconvergence pessimism
                         -2.00    7.75   output external delay
                                  7.75   data required time
-----------------------------------------------------------------------------
                                  7.75   data required time
                                -33.94   data arrival time
-----------------------------------------------------------------------------
                                -26.19   slack (VIOLATED)



======================= Typical Corner ===================================

Startpoint: B[0] (input port clocked by __VIRTUAL_CLK__)
Endpoint: Y[0] (output port clocked by __VIRTUAL_CLK__)
Path Group: __VIRTUAL_CLK__
Path Type: max
Corner: Typical

Fanout     Cap    Slew   Delay    Time   Description
-----------------------------------------------------------------------------
                  0.00    0.00    0.00   clock __VIRTUAL_CLK__ (rise edge)
                          0.00    0.00   clock network delay (ideal)
                          2.00    2.00 ^ input external delay
                  0.03    0.02    2.02 ^ B[0] (in)
     1    0.01                           B[0] (net)
                  0.03    0.00    2.02 ^ input9/A (sky130_fd_sc_hd__buf_6)
                  0.30    0.28    2.30 ^ input9/X (sky130_fd_sc_hd__buf_6)
     3    0.15                           net9 (net)
                  0.31    0.02    2.32 ^ _0664_/B_N (sky130_fd_sc_hd__or2b_4)
                  0.20    0.47    2.79 v _0664_/X (sky130_fd_sc_hd__or2b_4)
     2    0.13                           _0374_ (net)
                  0.21    0.03    2.82 v _0665_/A2 (sky130_fd_sc_hd__a21oi_4)
                  0.56    0.57    3.39 ^ _0665_/Y (sky130_fd_sc_hd__a21oi_4)
     3    0.08                           _0385_ (net)
                  0.56    0.01    3.40 ^ _0667_/A2 (sky130_fd_sc_hd__o31a_4)
                  0.43    0.52    3.92 ^ _0667_/X (sky130_fd_sc_hd__o31a_4)
     4    0.15                           _0406_ (net)
                  0.44    0.02    3.95 ^ _0668_/B (sky130_fd_sc_hd__or2_4)
                  0.42    0.47    4.42 ^ _0668_/X (sky130_fd_sc_hd__or2_4)
     4    0.14                           _0417_ (net)
                  0.43    0.04    4.47 ^ _0676_/A2 (sky130_fd_sc_hd__a31o_4)
                  0.33    0.46    4.92 ^ _0676_/X (sky130_fd_sc_hd__a31o_4)
     5    0.11                           _0503_ (net)
                  0.34    0.02    4.95 ^ _0687_/D_N (sky130_fd_sc_hd__or4b_4)
                  0.24    0.74    5.69 v _0687_/X (sky130_fd_sc_hd__or4b_4)
     3    0.12                           _0619_ (net)
                  0.24    0.01    5.70 v _0690_/A3 (sky130_fd_sc_hd__a32o_4)
                  0.18    0.55    6.25 v _0690_/X (sky130_fd_sc_hd__a32o_4)
     3    0.11                           _0626_ (net)
                  0.18    0.02    6.26 v _0692_/A3 (sky130_fd_sc_hd__a31o_2)
                  0.10    0.38    6.65 v _0692_/X (sky130_fd_sc_hd__a31o_2)
     1    0.03                           _0628_ (net)
                  0.10    0.00    6.65 v _0693_/A2 (sky130_fd_sc_hd__a211oi_4)
                  0.38    0.43    7.09 ^ _0693_/Y (sky130_fd_sc_hd__a211oi_4)
     3    0.03                           _0629_ (net)
                  0.38    0.00    7.09 ^ max_cap52/A (sky130_fd_sc_hd__clkbuf_2)
                  0.24    0.34    7.43 ^ max_cap52/X (sky130_fd_sc_hd__clkbuf_2)
     2    0.04                           net52 (net)
                  0.24    0.00    7.43 ^ max_cap50/A (sky130_fd_sc_hd__clkbuf_2)
                  0.13    0.23    7.67 ^ max_cap50/X (sky130_fd_sc_hd__clkbuf_2)
     1    0.02                           net50 (net)
                  0.13    0.00    7.67 ^ _0716_/A (sky130_fd_sc_hd__nand2_8)
                  0.15    0.15    7.82 v _0716_/Y (sky130_fd_sc_hd__nand2_8)
     3    0.10                           _0652_ (net)
                  0.15    0.01    7.83 v _0717_/S (sky130_fd_sc_hd__mux2_8)
                  0.15    0.49    8.32 v _0717_/X (sky130_fd_sc_hd__mux2_8)
     4    0.14                           _0653_ (net)
                  0.16    0.03    8.35 v _0720_/A2 (sky130_fd_sc_hd__a22oi_4)
                  0.62    0.62    8.97 ^ _0720_/Y (sky130_fd_sc_hd__a22oi_4)
     2    0.09                           _0002_ (net)
                  0.62    0.01    8.98 ^ _0730_/A2 (sky130_fd_sc_hd__o31ai_1)
                  0.15    0.22    9.21 v _0730_/Y (sky130_fd_sc_hd__o31ai_1)
     1    0.01                           _0012_ (net)
                  0.15    0.00    9.21 v wire44/A (sky130_fd_sc_hd__buf_2)
                  0.13    0.27    9.47 v wire44/X (sky130_fd_sc_hd__buf_2)
     2    0.05                           net44 (net)
                  0.13    0.01    9.48 v _0732_/A2 (sky130_fd_sc_hd__a21oi_4)
                  0.65    0.59   10.07 ^ _0732_/Y (sky130_fd_sc_hd__a21oi_4)
     5    0.09                           _0014_ (net)
                  0.65    0.00   10.07 ^ max_cap42/A (sky130_fd_sc_hd__buf_6)
                  0.19    0.31   10.38 ^ max_cap42/X (sky130_fd_sc_hd__buf_6)
     4    0.09                           net42 (net)
                  0.19    0.02   10.40 ^ _0759_/A2 (sky130_fd_sc_hd__o211a_4)
                  0.21    0.32   10.72 ^ _0759_/X (sky130_fd_sc_hd__o211a_4)
     2    0.07                           _0041_ (net)
                  0.22    0.02   10.74 ^ _0760_/B1 (sky130_fd_sc_hd__a21o_4)
                  0.36    0.37   11.11 ^ _0760_/X (sky130_fd_sc_hd__a21o_4)
     4    0.13                           _0042_ (net)
                  0.36    0.01   11.12 ^ _0763_/A2 (sky130_fd_sc_hd__a21o_4)
                  0.19    0.31   11.42 ^ _0763_/X (sky130_fd_sc_hd__a21o_4)
     2    0.07                           _0045_ (net)
                  0.19    0.01   11.44 ^ _0765_/A2 (sky130_fd_sc_hd__a21o_4)
                  0.44    0.44   11.88 ^ _0765_/X (sky130_fd_sc_hd__a21o_4)
     4    0.16                           _0047_ (net)
                  0.44    0.04   11.92 ^ _0776_/A1 (sky130_fd_sc_hd__a32oi_4)
                  0.25    0.33   12.24 v _0776_/Y (sky130_fd_sc_hd__a32oi_4)
     4    0.05                           _0058_ (net)
                  0.25    0.00   12.24 v _0780_/A2 (sky130_fd_sc_hd__a21oi_4)
                  0.38    0.45   12.69 ^ _0780_/Y (sky130_fd_sc_hd__a21oi_4)
     2    0.05                           _0062_ (net)
                  0.38    0.00   12.69 ^ max_cap38/A (sky130_fd_sc_hd__buf_4)
                  0.25    0.35   13.04 ^ max_cap38/X (sky130_fd_sc_hd__buf_4)
     4    0.09                           net38 (net)
                  0.25    0.02   13.06 ^ max_cap37/A (sky130_fd_sc_hd__buf_4)
                  0.26    0.33   13.40 ^ max_cap37/X (sky130_fd_sc_hd__buf_4)
     5    0.09                           net37 (net)
                  0.26    0.02   13.42 ^ _0794_/S (sky130_fd_sc_hd__mux2_4)
                  0.13    0.45   13.86 v _0794_/X (sky130_fd_sc_hd__mux2_4)
     3    0.06                           _0076_ (net)
                  0.13    0.01   13.88 v _0807_/B (sky130_fd_sc_hd__nor2_4)
                  0.53    0.47   14.34 ^ _0807_/Y (sky130_fd_sc_hd__nor2_4)
     2    0.09                           _0089_ (net)
                  0.53    0.01   14.36 ^ _0808_/B1 (sky130_fd_sc_hd__a21o_4)
                  0.31    0.35   14.70 ^ _0808_/X (sky130_fd_sc_hd__a21o_4)
     4    0.11                           _0090_ (net)
                  0.32    0.04   14.75 ^ _0835_/A1 (sky130_fd_sc_hd__a41o_4)
                  0.26    0.45   15.20 ^ _0835_/X (sky130_fd_sc_hd__a41o_4)
     3    0.09                           _0117_ (net)
                  0.26    0.01   15.21 ^ _0836_/B (sky130_fd_sc_hd__and2_2)
                  0.40    0.47   15.68 ^ _0836_/X (sky130_fd_sc_hd__and2_2)
     1    0.08                           _0118_ (net)
                  0.40    0.02   15.69 ^ _0837_/A (sky130_fd_sc_hd__buf_6)
                  0.32    0.36   16.05 ^ _0837_/X (sky130_fd_sc_hd__buf_6)
     8    0.16                           _0119_ (net)
                  0.33    0.06   16.11 ^ _0850_/S (sky130_fd_sc_hd__mux2_2)
                  0.15    0.52   16.63 v _0850_/X (sky130_fd_sc_hd__mux2_2)
     2    0.05                           _0132_ (net)
                  0.15    0.01   16.64 v _0861_/A2 (sky130_fd_sc_hd__a221o_1)
                  0.14    0.50   17.13 v _0861_/X (sky130_fd_sc_hd__a221o_1)
     1    0.02                           _0143_ (net)
                  0.14    0.00   17.14 v _0863_/A2 (sky130_fd_sc_hd__a21o_1)
                  0.04    0.23   17.37 v _0863_/X (sky130_fd_sc_hd__a21o_1)
     1    0.01                           _0145_ (net)
                  0.04    0.00   17.37 v _0871_/A2 (sky130_fd_sc_hd__a21o_1)
                  0.11    0.26   17.63 v _0871_/X (sky130_fd_sc_hd__a21o_1)
     1    0.02                           _0153_ (net)
                  0.11    0.00   17.63 v _0881_/A1 (sky130_fd_sc_hd__a21oi_4)
                  0.48    0.45   18.08 ^ _0881_/Y (sky130_fd_sc_hd__a21oi_4)
     2    0.07                           _0163_ (net)
                  0.48    0.01   18.09 ^ _0895_/A (sky130_fd_sc_hd__or4_2)
                  0.22    0.38   18.47 ^ _0895_/X (sky130_fd_sc_hd__or4_2)
     1    0.04                           _0177_ (net)
                  0.22    0.01   18.48 ^ _0896_/A (sky130_fd_sc_hd__clkbuf_2)
                  0.21    0.28   18.76 ^ _0896_/X (sky130_fd_sc_hd__clkbuf_2)
     2    0.04                           net20 (net)
                  0.21    0.01   18.77 ^ output20/A (sky130_fd_sc_hd__buf_2)
                  0.17    0.26   19.03 ^ output20/X (sky130_fd_sc_hd__buf_2)
     1    0.03                           Y[0] (net)
                  0.17    0.00   19.03 ^ Y[0] (out)
                                 19.03   data arrival time

                  0.00   10.00   10.00   clock __VIRTUAL_CLK__ (rise edge)
                          0.00   10.00   clock network delay (ideal)
                         -0.25    9.75   clock uncertainty
                          0.00    9.75   clock reconvergence pessimism
                         -2.00    7.75   output external delay
                                  7.75   data required time
-----------------------------------------------------------------------------
                                  7.75   data required time
                                -19.03   data arrival time
-----------------------------------------------------------------------------
                                -11.28   slack (VIOLATED)




===========================================================================
 report_check_types -max_slew -max_cap -max_fanout -violators
============================================================================
======================= Fastest Corner ===================================


======================= Slowest Corner ===================================

max slew

Pin                                    Limit    Slew   Slack
------------------------------------------------------------
_0929_/A2                               0.75    1.50   -0.75 (VIOLATED)
_0899_/B                                0.75    1.50   -0.75 (VIOLATED)
_0898_/Y                                0.75    1.50   -0.75 (VIOLATED)
_0866_/A                                0.75    1.28   -0.53 (VIOLATED)
ANTENNA_16/DIODE                        0.75    1.28   -0.53 (VIOLATED)
_0867_/A1                               0.75    1.28   -0.53 (VIOLATED)
ANTENNA_17/DIODE                        0.75    1.28   -0.53 (VIOLATED)
_0864_/Y                                0.75    1.28   -0.53 (VIOLATED)
_1252_/B1                               0.75    1.26   -0.51 (VIOLATED)
ANTENNA_50/DIODE                        0.75    1.26   -0.51 (VIOLATED)
_1251_/C                                0.75    1.26   -0.51 (VIOLATED)
_1250_/Y                                0.75    1.26   -0.51 (VIOLATED)
_0952_/B                                0.75    1.21   -0.46 (VIOLATED)
_0989_/A                                0.75    1.21   -0.46 (VIOLATED)
_0988_/A1                               0.75    1.21   -0.46 (VIOLATED)
_0951_/Y                                0.75    1.21   -0.46 (VIOLATED)
_1239_/A1                               0.75    1.20   -0.45 (VIOLATED)
ANTENNA_74/DIODE                        0.75    1.20   -0.45 (VIOLATED)
_1213_/A                                0.75    1.19   -0.44 (VIOLATED)
_1211_/X                                0.75    1.19   -0.44 (VIOLATED)
_0802_/B1                               0.75    1.18   -0.43 (VIOLATED)
ANTENNA_7/DIODE                         0.75    1.18   -0.43 (VIOLATED)
ANTENNA_8/DIODE                         0.75    1.18   -0.43 (VIOLATED)
_0804_/B1                               0.75    1.18   -0.43 (VIOLATED)
_0801_/X                                0.75    1.18   -0.43 (VIOLATED)
_0676_/B1                               0.75    1.17   -0.42 (VIOLATED)
_0696_/B1                               0.75    1.17   -0.42 (VIOLATED)
_0675_/Y                                0.75    1.17   -0.42 (VIOLATED)
_1148_/A                                0.75    1.16   -0.41 (VIOLATED)
_1157_/B2                               0.75    1.16   -0.41 (VIOLATED)
_1120_/Y                                0.75    1.16   -0.41 (VIOLATED)
_0895_/D                                0.75    1.15   -0.40 (VIOLATED)
_0894_/Y                                0.75    1.15   -0.40 (VIOLATED)
_0867_/A2                               0.75    1.14   -0.39 (VIOLATED)
_0866_/B                                0.75    1.14   -0.39 (VIOLATED)
_0865_/Y                                0.75    1.14   -0.39 (VIOLATED)
_1032_/A                                0.75    1.12   -0.37 (VIOLATED)
ANTENNA_31/DIODE                        0.75    1.12   -0.37 (VIOLATED)
_1030_/Y                                0.75    1.12   -0.37 (VIOLATED)
_1047_/A2                               0.75    1.12   -0.37 (VIOLATED)
_1097_/A2                               0.75    1.12   -0.37 (VIOLATED)
_1109_/A2                               0.75    1.12   -0.37 (VIOLATED)
_0995_/B                                0.75    1.12   -0.37 (VIOLATED)
_0926_/A2_N                             0.75    1.12   -0.37 (VIOLATED)
_0958_/A                                0.75    1.12   -0.37 (VIOLATED)
_0956_/Y                                0.75    1.12   -0.37 (VIOLATED)
_0913_/A2                               0.75    1.12   -0.37 (VIOLATED)
_0894_/B                                0.75    1.12   -0.37 (VIOLATED)
_0965_/A2_N                             0.75    1.12   -0.37 (VIOLATED)
_1273_/C                                0.75    1.12   -0.37 (VIOLATED)
ANTENNA_54/DIODE                        0.75    1.12   -0.37 (VIOLATED)
_0893_/Y                                0.75    1.12   -0.37 (VIOLATED)
_1274_/B1                               0.75    1.12   -0.37 (VIOLATED)
_1272_/Y                                0.75    1.12   -0.37 (VIOLATED)
_1201_/A1                               0.75    1.08   -0.33 (VIOLATED)
_1170_/B                                0.75    1.08   -0.33 (VIOLATED)
_1169_/Y                                0.75    1.08   -0.33 (VIOLATED)
_1177_/B                                0.75    1.06   -0.31 (VIOLATED)
_1178_/B                                0.75    1.06   -0.31 (VIOLATED)
_1176_/Y                                0.75    1.06   -0.31 (VIOLATED)
_0939_/B                                0.75    1.05   -0.30 (VIOLATED)
_0938_/B                                0.75    1.05   -0.30 (VIOLATED)
_0937_/Y                                0.75    1.05   -0.30 (VIOLATED)
_1052_/A1                               0.75    1.05   -0.30 (VIOLATED)
_0985_/A2                               0.75    1.05   -0.30 (VIOLATED)
ANTENNA_28/DIODE                        0.75    1.05   -0.30 (VIOLATED)
_0986_/B                                0.75    1.05   -0.30 (VIOLATED)
_1036_/A                                0.75    1.05   -0.30 (VIOLATED)
_0975_/Y                                0.75    1.05   -0.30 (VIOLATED)
_0934_/A                                0.75    1.05   -0.30 (VIOLATED)
_0932_/Y                                0.75    1.05   -0.30 (VIOLATED)
_1031_/B                                0.75    1.04   -0.29 (VIOLATED)
_1030_/B                                0.75    1.04   -0.29 (VIOLATED)
_1029_/Y                                0.75    1.04   -0.29 (VIOLATED)
_0754_/C1                               0.75    1.03   -0.28 (VIOLATED)
ANTENNA_3/DIODE                         0.75    1.03   -0.28 (VIOLATED)
_0753_/Y                                0.75    1.03   -0.28 (VIOLATED)
_1198_/B_N                              0.75    1.02   -0.27 (VIOLATED)
ANTENNA_43/DIODE                        0.75    1.02   -0.27 (VIOLATED)
_1184_/B                                0.75    1.02   -0.27 (VIOLATED)
_1183_/Y                                0.75    1.02   -0.27 (VIOLATED)
_0756_/A2                               0.75    1.02   -0.27 (VIOLATED)
_0733_/S                                0.75    1.01   -0.26 (VIOLATED)
_0736_/A1                               0.75    1.01   -0.26 (VIOLATED)
_0972_/B2                               0.75    1.01   -0.26 (VIOLATED)
max_cap42/A                             0.75    1.01   -0.26 (VIOLATED)
_0732_/Y                                0.75    1.01   -0.26 (VIOLATED)
_0792_/B_N                              0.75    1.01   -0.26 (VIOLATED)
_0760_/A2                               0.75    1.01   -0.26 (VIOLATED)
_0756_/Y                                0.75    1.01   -0.26 (VIOLATED)
_1247_/A1                               0.75    1.01   -0.26 (VIOLATED)
_1246_/A                                0.75    1.01   -0.26 (VIOLATED)
_1216_/B                                0.75    1.01   -0.26 (VIOLATED)
_1215_/Y                                0.75    1.01   -0.26 (VIOLATED)
_1073_/A                                0.75    1.01   -0.26 (VIOLATED)
_1074_/A                                0.75    1.01   -0.26 (VIOLATED)
_1061_/X                                0.75    1.01   -0.26 (VIOLATED)
_1222_/B                                0.75    1.01   -0.26 (VIOLATED)
_1226_/A                                0.75    1.01   -0.26 (VIOLATED)
_1221_/Y                                0.75    1.00   -0.25 (VIOLATED)
_1267_/B1                               0.75    1.00   -0.25 (VIOLATED)
_1266_/A                                0.75    1.00   -0.25 (VIOLATED)
ANTENNA_75/DIODE                        0.75    1.00   -0.25 (VIOLATED)
_1262_/Y                                0.75    1.00   -0.25 (VIOLATED)
_1160_/A3                               0.75    0.99   -0.24 (VIOLATED)
_1132_/B                                0.75    0.99   -0.24 (VIOLATED)
_1131_/Y                                0.75    0.99   -0.24 (VIOLATED)
_0730_/A2                               0.75    0.98   -0.23 (VIOLATED)
_0766_/B                                0.75    0.98   -0.23 (VIOLATED)
_0720_/Y                                0.75    0.98   -0.23 (VIOLATED)
_1002_/B1                               0.75    0.98   -0.23 (VIOLATED)
_0995_/Y                                0.75    0.98   -0.23 (VIOLATED)
_0802_/C1                               0.75    0.97   -0.22 (VIOLATED)
_1115_/B1                               0.75    0.97   -0.22 (VIOLATED)
_1113_/Y                                0.75    0.97   -0.22 (VIOLATED)
_0827_/C1                               0.75    0.97   -0.22 (VIOLATED)
_0787_/D1                               0.75    0.97   -0.22 (VIOLATED)
_0817_/A                                0.75    0.97   -0.22 (VIOLATED)
_0786_/Y                                0.75    0.97   -0.22 (VIOLATED)
_0835_/A3                               0.75    0.97   -0.22 (VIOLATED)
_0834_/A2                               0.75    0.97   -0.22 (VIOLATED)
_0819_/Y                                0.75    0.97   -0.22 (VIOLATED)
_1092_/A1                               0.75    0.96   -0.21 (VIOLATED)
_1314_/A                                0.75    0.96   -0.21 (VIOLATED)
_1090_/A                                0.75    0.96   -0.21 (VIOLATED)
_1107_/A1                               0.75    0.96   -0.21 (VIOLATED)
_1093_/B1                               0.75    0.96   -0.21 (VIOLATED)
_1091_/A1                               0.75    0.96   -0.21 (VIOLATED)
_0850_/A1                               0.75    0.96   -0.21 (VIOLATED)
ANTENNA_13/DIODE                        0.75    0.96   -0.21 (VIOLATED)
_0849_/Y                                0.75    0.96   -0.21 (VIOLATED)
_1106_/A                                0.75    0.96   -0.21 (VIOLATED)
_1086_/Y                                0.75    0.96   -0.21 (VIOLATED)
_0928_/A1                               0.75    0.95   -0.20 (VIOLATED)
wire61/A                                0.75    0.95   -0.20 (VIOLATED)
_0967_/A1                               0.75    0.95   -0.20 (VIOLATED)
_0901_/Y                                0.75    0.95   -0.20 (VIOLATED)
_1194_/A                                0.75    0.94   -0.19 (VIOLATED)
_1185_/A                                0.75    0.94   -0.19 (VIOLATED)
_1159_/Y                                0.75    0.94   -0.19 (VIOLATED)
_0859_/B1                               0.75    0.94   -0.19 (VIOLATED)
_0860_/C                                0.75    0.94   -0.19 (VIOLATED)
_0902_/A                                0.75    0.94   -0.19 (VIOLATED)
ANTENNA_14/DIODE                        0.75    0.94   -0.19 (VIOLATED)
_1052_/B1_N                             0.75    0.94   -0.19 (VIOLATED)
_1035_/B                                0.75    0.94   -0.19 (VIOLATED)
_1034_/Y                                0.75    0.94   -0.19 (VIOLATED)
_0858_/Y                                0.75    0.94   -0.19 (VIOLATED)
_1125_/A                                0.75    0.94   -0.19 (VIOLATED)
_1126_/A                                0.75    0.94   -0.19 (VIOLATED)
_1123_/Y                                0.75    0.94   -0.19 (VIOLATED)
_1067_/B1                               0.75    0.93   -0.18 (VIOLATED)
_1068_/C                                0.75    0.93   -0.18 (VIOLATED)
_1066_/Y                                0.75    0.93   -0.18 (VIOLATED)
_0926_/B1                               0.75    0.93   -0.18 (VIOLATED)
ANTENNA_21/DIODE                        0.75    0.93   -0.18 (VIOLATED)
_0980_/B                                0.75    0.93   -0.18 (VIOLATED)
_0921_/A                                0.75    0.93   -0.18 (VIOLATED)
_0919_/Y                                0.75    0.93   -0.18 (VIOLATED)
_1172_/A                                0.75    0.92   -0.17 (VIOLATED)
_1170_/Y                                0.75    0.92   -0.17 (VIOLATED)
_1029_/A                                0.75    0.92   -0.17 (VIOLATED)
ANTENNA_69/DIODE                        0.75    0.92   -0.17 (VIOLATED)
_1056_/A_N                              0.75    0.92   -0.17 (VIOLATED)
_1022_/Y                                0.75    0.92   -0.17 (VIOLATED)
_1192_/A2                               0.75    0.92   -0.17 (VIOLATED)
ANTENNA_44/DIODE                        0.75    0.92   -0.17 (VIOLATED)
_1189_/Y                                0.75    0.91   -0.16 (VIOLATED)
_0887_/A1                               0.75    0.91   -0.16 (VIOLATED)
ANTENNA_68/DIODE                        0.75    0.91   -0.16 (VIOLATED)
_0908_/B                                0.75    0.91   -0.16 (VIOLATED)
ANTENNA_19/DIODE                        0.75    0.91   -0.16 (VIOLATED)
_1080_/B                                0.75    0.91   -0.16 (VIOLATED)
_0884_/Y                                0.75    0.91   -0.16 (VIOLATED)
_1141_/A                                0.75    0.91   -0.16 (VIOLATED)
_1167_/A2                               0.75    0.91   -0.16 (VIOLATED)
_1139_/Y                                0.75    0.91   -0.16 (VIOLATED)
_1081_/A_N                              0.75    0.91   -0.16 (VIOLATED)
_1151_/C_N                              0.75    0.91   -0.16 (VIOLATED)
_1079_/X                                0.75    0.91   -0.16 (VIOLATED)
_0733_/A1                               0.75    0.90   -0.15 (VIOLATED)
ANTENNA_57/DIODE                        0.75    0.90   -0.15 (VIOLATED)
_0708_/Y                                0.75    0.90   -0.15 (VIOLATED)
_0667_/A2                               0.75    0.89   -0.14 (VIOLATED)
ANTENNA_38/DIODE                        0.75    0.89   -0.14 (VIOLATED)
_1094_/B1                               0.75    0.89   -0.14 (VIOLATED)
_0665_/Y                                0.75    0.89   -0.14 (VIOLATED)
_1304_/A                                0.75    0.89   -0.14 (VIOLATED)
_1305_/A                                0.75    0.89   -0.14 (VIOLATED)
_1299_/Y                                0.75    0.89   -0.14 (VIOLATED)
_0819_/B                                0.75    0.89   -0.14 (VIOLATED)
_0833_/B                                0.75    0.89   -0.14 (VIOLATED)
_0832_/B1                               0.75    0.89   -0.14 (VIOLATED)
_0818_/Y                                0.75    0.89   -0.14 (VIOLATED)
_1021_/B                                0.75    0.89   -0.14 (VIOLATED)
_1020_/Y                                0.75    0.89   -0.14 (VIOLATED)
_1179_/A                                0.75    0.89   -0.14 (VIOLATED)
_1177_/Y                                0.75    0.89   -0.14 (VIOLATED)
_0808_/B1                               0.75    0.87   -0.12 (VIOLATED)
_0843_/A                                0.75    0.87   -0.12 (VIOLATED)
_0807_/Y                                0.75    0.87   -0.12 (VIOLATED)
_1156_/A1                               0.75    0.86   -0.11 (VIOLATED)
_0972_/A1                               0.75    0.86   -0.11 (VIOLATED)
_0931_/B1                               0.75    0.86   -0.11 (VIOLATED)
_0914_/A                                0.75    0.86   -0.11 (VIOLATED)
_1007_/A1                               0.75    0.86   -0.11 (VIOLATED)
_1051_/A1                               0.75    0.86   -0.11 (VIOLATED)
_0908_/X                                0.75    0.86   -0.11 (VIOLATED)
_0683_/A2                               0.75    0.85   -0.10 (VIOLATED)
_0674_/A2                               0.75    0.85   -0.10 (VIOLATED)
max_cap63/A                             0.75    0.85   -0.10 (VIOLATED)
_0659_/Y                                0.75    0.85   -0.10 (VIOLATED)
wire59/A                                0.75    0.85   -0.10 (VIOLATED)
_0943_/Y                                0.75    0.85   -0.10 (VIOLATED)
max_cap60/A                             0.75    0.85   -0.10 (VIOLATED)
_1120_/B1                               0.75    0.84   -0.09 (VIOLATED)
_1078_/B                                0.75    0.84   -0.09 (VIOLATED)
_1077_/Y                                0.75    0.84   -0.09 (VIOLATED)
_1085_/B                                0.75    0.84   -0.09 (VIOLATED)
_1084_/B                                0.75    0.84   -0.09 (VIOLATED)
_1083_/Y                                0.75    0.84   -0.09 (VIOLATED)
_0769_/A                                0.75    0.83   -0.08 (VIOLATED)
_0766_/Y                                0.75    0.83   -0.08 (VIOLATED)
_1051_/B1                               0.75    0.83   -0.08 (VIOLATED)
_1050_/Y                                0.75    0.83   -0.08 (VIOLATED)
_1227_/A1                               0.75    0.83   -0.08 (VIOLATED)
max_cap45/A                             0.75    0.83   -0.08 (VIOLATED)
_1199_/Y                                0.75    0.83   -0.08 (VIOLATED)
_1092_/A2                               0.75    0.83   -0.08 (VIOLATED)
_1091_/A2                               0.75    0.83   -0.08 (VIOLATED)
_1090_/B                                0.75    0.83   -0.08 (VIOLATED)
_1093_/C1                               0.75    0.83   -0.08 (VIOLATED)
_1098_/B1                               0.75    0.83   -0.08 (VIOLATED)
_1088_/Y                                0.75    0.83   -0.08 (VIOLATED)
_1194_/B_N                              0.75    0.82   -0.07 (VIOLATED)
_1185_/B                                0.75    0.82   -0.07 (VIOLATED)
_1184_/Y                                0.75    0.82   -0.07 (VIOLATED)
_1221_/B                                0.75    0.81   -0.06 (VIOLATED)
_1227_/B1                               0.75    0.81   -0.06 (VIOLATED)
_1220_/Y                                0.75    0.81   -0.06 (VIOLATED)
_1232_/B                                0.75    0.80   -0.05 (VIOLATED)
_1231_/Y                                0.75    0.80   -0.05 (VIOLATED)
_0918_/B1                               0.75    0.80   -0.05 (VIOLATED)
_0916_/X                                0.75    0.80   -0.05 (VIOLATED)
_1189_/A3                               0.75    0.79   -0.04 (VIOLATED)
_1188_/B1                               0.75    0.79   -0.04 (VIOLATED)
_1187_/Y                                0.75    0.79   -0.04 (VIOLATED)
_0691_/A1                               0.75    0.79   -0.04 (VIOLATED)
_0725_/A                                0.75    0.79   -0.04 (VIOLATED)
_0682_/B                                0.75    0.79   -0.04 (VIOLATED)
_0678_/Y                                0.75    0.79   -0.04 (VIOLATED)
_1146_/A                                0.75    0.79   -0.04 (VIOLATED)
_1159_/A2                               0.75    0.79   -0.04 (VIOLATED)
_1143_/Y                                0.75    0.79   -0.04 (VIOLATED)
_1115_/A3                               0.75    0.78   -0.03 (VIOLATED)
_1050_/A2                               0.75    0.78   -0.03 (VIOLATED)
max_cap55/A                             0.75    0.78   -0.03 (VIOLATED)
_0879_/Y                                0.75    0.78   -0.03 (VIOLATED)
_1029_/B                                0.75    0.78   -0.03 (VIOLATED)
_1056_/B                                0.75    0.78   -0.03 (VIOLATED)
_1028_/Y                                0.75    0.78   -0.03 (VIOLATED)
_1306_/A                                0.75    0.78   -0.03 (VIOLATED)
_1304_/Y                                0.75    0.78   -0.03 (VIOLATED)
ANTENNA_35/DIODE                        0.75    0.78   -0.03 (VIOLATED)
_1070_/B                                0.75    0.78   -0.03 (VIOLATED)
_1071_/B                                0.75    0.78   -0.03 (VIOLATED)
_1069_/Y                                0.75    0.78   -0.03 (VIOLATED)
_1268_/B                                0.75    0.77   -0.02 (VIOLATED)
_1267_/Y                                0.75    0.77   -0.02 (VIOLATED)
_0936_/B1                               0.75    0.77   -0.02 (VIOLATED)
_0935_/C                                0.75    0.77   -0.02 (VIOLATED)
_0934_/Y                                0.75    0.77   -0.02 (VIOLATED)
_1250_/B                                0.75    0.76   -0.01 (VIOLATED)
_1254_/B                                0.75    0.76   -0.01 (VIOLATED)
_1249_/Y                                0.75    0.76   -0.01 (VIOLATED)
_1218_/A                                0.75    0.76   -0.01 (VIOLATED)
_1217_/A                                0.75    0.76   -0.01 (VIOLATED)
_1206_/Y                                0.75    0.76   -0.01 (VIOLATED)
_0876_/C_N                              0.75    0.76   -0.01 (VIOLATED)
_0674_/A3                               0.75    0.76   -0.01 (VIOLATED)
_1111_/B1                               0.75    0.76   -0.01 (VIOLATED)
_0672_/Y                                0.75    0.76   -0.01 (VIOLATED)
_1229_/A3                               0.75    0.75   -0.00 (VIOLATED)
_1211_/A                                0.75    0.75   -0.00 (VIOLATED)
_1209_/Y                                0.75    0.75   -0.00 (VIOLATED)
_1145_/A                                0.75    0.75   -0.00 (VIOLATED)
_1159_/B1                               0.75    0.75   -0.00 (VIOLATED)
_1144_/Y                                0.75    0.75   -0.00 (VIOLATED)
ANTENNA_18/DIODE                        0.75    0.75   -0.00 (VIOLATED)
_0895_/A                                0.75    0.75   -0.00 (VIOLATED)
_0881_/Y                                0.75    0.75   -0.00 (VIOLATED)

max capacitance

Pin                                    Limit     Cap   Slack
------------------------------------------------------------
_0898_/Y                                0.09    0.09   -0.00 (VIOLATED)


======================= Typical Corner ===================================

max slew

Pin                                    Limit    Slew   Slack
------------------------------------------------------------
_0929_/A2                               0.75    0.91   -0.16 (VIOLATED)
_0899_/B                                0.75    0.91   -0.16 (VIOLATED)
_0898_/Y                                0.75    0.91   -0.16 (VIOLATED)
_0866_/A                                0.75    0.83   -0.08 (VIOLATED)
ANTENNA_16/DIODE                        0.75    0.83   -0.08 (VIOLATED)
_0867_/A1                               0.75    0.83   -0.08 (VIOLATED)
ANTENNA_17/DIODE                        0.75    0.83   -0.08 (VIOLATED)
_0864_/Y                                0.75    0.82   -0.07 (VIOLATED)
_1252_/B1                               0.75    0.81   -0.06 (VIOLATED)
ANTENNA_50/DIODE                        0.75    0.81   -0.06 (VIOLATED)
_1251_/C                                0.75    0.81   -0.06 (VIOLATED)
_1250_/Y                                0.75    0.81   -0.06 (VIOLATED)
_0802_/B1                               0.75    0.77   -0.02 (VIOLATED)
ANTENNA_7/DIODE                         0.75    0.77   -0.02 (VIOLATED)
ANTENNA_8/DIODE                         0.75    0.77   -0.02 (VIOLATED)
_0804_/B1                               0.75    0.77   -0.02 (VIOLATED)
_1239_/A1                               0.75    0.77   -0.02 (VIOLATED)
ANTENNA_74/DIODE                        0.75    0.77   -0.02 (VIOLATED)
_1213_/A                                0.75    0.77   -0.02 (VIOLATED)
_0801_/X                                0.75    0.77   -0.02 (VIOLATED)
_1211_/X                                0.75    0.77   -0.02 (VIOLATED)
_0952_/B                                0.75    0.76   -0.01 (VIOLATED)
_0989_/A                                0.75    0.76   -0.01 (VIOLATED)
_0988_/A1                               0.75    0.76   -0.01 (VIOLATED)
_0951_/Y                                0.75    0.76   -0.01 (VIOLATED)
_0676_/B1                               0.75    0.76   -0.01 (VIOLATED)
_0696_/B1                               0.75    0.76   -0.01 (VIOLATED)
_0675_/Y                                0.75    0.76   -0.01 (VIOLATED)



===========================================================================
report_parasitic_annotation -report_unannotated
============================================================================
Found 0 unannotated drivers.
Found 0 partially unannotated drivers.

===========================================================================
max slew violation count 291
max fanout violation count 0
max cap violation count 1
============================================================================

===========================================================================
check_setup -verbose -unconstrained_endpoints -multiple_clock -no_clock -no_input_delay -loops -generated_clocks
===========================================================================
