[ERROR]: Yosys checks have failed: Encountered check error:
Warning: Wire cpu_top.\result [7] is used but has no driver.

Encountered check error:
Warning: Wire cpu_top.\result [6] is used but has no driver.

Encountered check error:
Warning: Wire cpu_top.\result [5] is used but has no driver.

Encountered check error:
Warning: Wire cpu_top.\result [4] is used but has no driver.

Encountered check error:
Warning: Wire cpu_top.\result [3] is used but has no driver.

Encountered check error:
Warning: Wire cpu_top.\result [2] is used but has no driver.

Encountered check error:
Warning: Wire cpu_top.\result [1] is used but has no driver.

Encountered check error:
Warning: Wire cpu_top.\result [0] is used but has no driver.

child process exited abnormally
[ERROR]: See the full report here: designs/part4_halfcpu/runs/RUN_2026.05.16_10.30.37/reports/synthesis/1-synthesis_pre_synth.chk.rpt
[ERROR]: Step 1 (synthesis) failed with error:
-code 1 -level 0 -errorcode NONE -errorinfo {
    while executing
"throw_error"
    (procedure "check_synth_misc" line 17)
    invoked from within
"check_synth_misc $report"
    (procedure "run_synthesis_checkers" line 5)
    invoked from within
"run_synthesis_checkers $log $pre_synth_report"
    (procedure "run_synthesis" line 19)
    invoked from within
"run_synthesis"} -errorline 1
[ERROR]: Flow failed.
