[INFO]: Run Directory: /openlane/designs/part4_halfcpu/runs/RUN_2026.05.16_10.30.37
[INFO]: Saving runtime environment...
[INFO]: Preparing LEF files for the nom corner...
[INFO]: Preparing LEF files for the min corner...
[INFO]: Preparing LEF files for the max corner...
[INFO]: Running linter (Verilator) (log: designs/part4_halfcpu/runs/RUN_2026.05.16_10.30.37/logs/synthesis/linter.log)...
[INFO]: 0 errors found by linter
[WARNING]: 4 warnings found by linter
[INFO]: Running Synthesis (log: designs/part4_halfcpu/runs/RUN_2026.05.16_10.30.37/logs/synthesis/1-synthesis.log)...
[ERROR]: Yosys checks have failed: Encountered check error:
Warning: Wire cpu_top.\result [7] is used but has no driver.

Encountered check error:
Warning: Wire cpu_top.\result [6] is used but has no driver.

Encountered check error:
Warning: Wire cpu_top.\result [5] is used but has no driver.

Encountered check error:
Warning: Wire cpu_top.\result [4] is used but has no driver.

Encountered check error:
Warning: Wire cpu_top.\result [3] is used but has no driver.

Encountered check error:
Warning: Wire cpu_top.\result [2] is used but has no driver.

Encountered check error:
Warning: Wire cpu_top.\result [1] is used but has no driver.

Encountered check error:
Warning: Wire cpu_top.\result [0] is used but has no driver.

child process exited abnormally
[ERROR]: See the full report here: designs/part4_halfcpu/runs/RUN_2026.05.16_10.30.37/reports/synthesis/1-synthesis_pre_synth.chk.rpt
[ERROR]: Step 1 (synthesis) failed with error:
-code 1 -level 0 -errorcode NONE -errorinfo {
    while executing
"throw_error"
    (procedure "check_synth_misc" line 17)
    invoked from within
"check_synth_misc $report"
    (procedure "run_synthesis_checkers" line 5)
    invoked from within
"run_synthesis_checkers $log $pre_synth_report"
    (procedure "run_synthesis" line 19)
    invoked from within
"run_synthesis"} -errorline 1
[INFO]: Saving current set of views in 'designs/part4_halfcpu/runs/RUN_2026.05.16_10.30.37/results/final'...
[INFO]: Generating final set of reports...
[INFO]: Created manufacturability report at 'designs/part4_halfcpu/runs/RUN_2026.05.16_10.30.37/reports/manufacturability.rpt'.
[INFO]: Created metrics report at 'designs/part4_halfcpu/runs/RUN_2026.05.16_10.30.37/reports/metrics.csv'.
[INFO]: Saving runtime environment...
[ERROR]: Flow failed.
[INFO]: The failure may have been because of the following warnings:
