
 /----------------------------------------------------------------------------\
 |                                                                            |
 |  yosys -- Yosys Open SYnthesis Suite                                       |
 |                                                                            |
 |  Copyright (C) 2012 - 2020  Claire Xenia Wolf <claire@yosyshq.com>         |
 |                                                                            |
 |  Permission to use, copy, modify, and/or distribute this software for any  |
 |  purpose with or without fee is hereby granted, provided that the above    |
 |  copyright notice and this permission notice appear in all copies.         |
 |                                                                            |
 |  THE SOFTWARE IS PROVIDED "AS IS" AND THE AUTHOR DISCLAIMS ALL WARRANTIES  |
 |  WITH REGARD TO THIS SOFTWARE INCLUDING ALL IMPLIED WARRANTIES OF          |
 |  MERCHANTABILITY AND FITNESS. IN NO EVENT SHALL THE AUTHOR BE LIABLE FOR   |
 |  ANY SPECIAL, DIRECT, INDIRECT, OR CONSEQUENTIAL DAMAGES OR ANY DAMAGES    |
 |  WHATSOEVER RESULTING FROM LOSS OF USE, DATA OR PROFITS, WHETHER IN AN     |
 |  ACTION OF CONTRACT, NEGLIGENCE OR OTHER TORTIOUS ACTION, ARISING OUT OF   |
 |  OR IN CONNECTION WITH THE USE OR PERFORMANCE OF THIS SOFTWARE.            |
 |                                                                            |
 \----------------------------------------------------------------------------/

 Yosys 0.30+48 (git sha1 14d50a176d5, gcc 8.3.1 -fPIC -Os)

[TCL: yosys -import] Command name collision: found pre-existing command `cd' -> skip.
[TCL: yosys -import] Command name collision: found pre-existing command `eval' -> skip.
[TCL: yosys -import] Command name collision: found pre-existing command `exec' -> skip.
[TCL: yosys -import] Command name collision: found pre-existing command `read' -> skip.
[TCL: yosys -import] Command name collision: found pre-existing command `trace' -> skip.

1. Executing Verilog-2005 frontend: /openlane/designs/part3_regfile/src/register_file.v
Parsing SystemVerilog input from `/openlane/designs/part3_regfile/src/register_file.v' to AST representation.
Generating RTLIL representation for module `\register_file'.
Successfully finished Verilog frontend.

2. Generating Graphviz representation of design.
Writing dot description to `/openlane/designs/part3_regfile/runs/RUN_2026.05.16_09.33.21/tmp/synthesis/hierarchy.dot'.
Dumping module register_file to page 1.

3. Executing HIERARCHY pass (managing design hierarchy).

3.1. Analyzing design hierarchy..
Top module:  \register_file

3.2. Analyzing design hierarchy..
Top module:  \register_file
Removed 0 unused modules.

4. Executing TRIBUF pass.

5. Executing HIERARCHY pass (managing design hierarchy).

5.1. Analyzing design hierarchy..
Top module:  \register_file

5.2. Analyzing design hierarchy..
Top module:  \register_file
Removed 0 unused modules.

6. Executing PROC_CLEAN pass (remove empty switches from decision trees).
Cleaned up 0 empty switches.

7. Executing PROC_RMDEAD pass (remove dead branches from decision trees).
Marked 2 switch rules as full_case in process $proc$/openlane/designs/part3_regfile/src/register_file.v:15$2 in module register_file.
Removed a total of 0 dead cases.

8. Executing PROC_PRUNE pass (remove redundant assignments in processes).
Removed 1 redundant assignment.
Promoted 3 assignments to connections.

9. Executing PROC_INIT pass (extract init attributes).

10. Executing PROC_ARST pass (detect async resets in processes).

11. Executing PROC_ROM pass (convert switches to ROMs).
Converted 0 switches.
<suppressed ~2 debug messages>

12. Executing PROC_MUX pass (convert decision trees to multiplexers).
Creating decoders for process `\register_file.$proc$/openlane/designs/part3_regfile/src/register_file.v:15$2'.
     1/7: $2$memwr$\mem$/openlane/designs/part3_regfile/src/register_file.v:20$1_EN[15:0]$11
     2/7: $2$memwr$\mem$/openlane/designs/part3_regfile/src/register_file.v:20$1_DATA[15:0]$10
     3/7: $2$memwr$\mem$/openlane/designs/part3_regfile/src/register_file.v:20$1_ADDR[7:0]$9
     4/7: $0\data_out[15:0]
     5/7: $1$memwr$\mem$/openlane/designs/part3_regfile/src/register_file.v:20$1_EN[15:0]$8
     6/7: $1$memwr$\mem$/openlane/designs/part3_regfile/src/register_file.v:20$1_DATA[15:0]$7
     7/7: $1$memwr$\mem$/openlane/designs/part3_regfile/src/register_file.v:20$1_ADDR[7:0]$6

13. Executing PROC_DLATCH pass (convert process syncs to latches).

14. Executing PROC_DFF pass (convert process syncs to FFs).
Creating register for signal `\register_file.\data_out' using process `\register_file.$proc$/openlane/designs/part3_regfile/src/register_file.v:15$2'.
  created $dff cell `$procdff$43' with positive edge clock.
Creating register for signal `\register_file.$memwr$\mem$/openlane/designs/part3_regfile/src/register_file.v:20$1_ADDR' using process `\register_file.$proc$/openlane/designs/part3_regfile/src/register_file.v:15$2'.
  created $dff cell `$procdff$44' with positive edge clock.
Creating register for signal `\register_file.$memwr$\mem$/openlane/designs/part3_regfile/src/register_file.v:20$1_DATA' using process `\register_file.$proc$/openlane/designs/part3_regfile/src/register_file.v:15$2'.
  created $dff cell `$procdff$45' with positive edge clock.
Creating register for signal `\register_file.$memwr$\mem$/openlane/designs/part3_regfile/src/register_file.v:20$1_EN' using process `\register_file.$proc$/openlane/designs/part3_regfile/src/register_file.v:15$2'.
  created $dff cell `$procdff$46' with positive edge clock.

15. Executing PROC_MEMWR pass (convert process memory writes to cells).

16. Executing PROC_CLEAN pass (remove empty switches from decision trees).
Found and cleaned up 2 empty switches in `\register_file.$proc$/openlane/designs/part3_regfile/src/register_file.v:15$2'.
Removing empty process `register_file.$proc$/openlane/designs/part3_regfile/src/register_file.v:15$2'.
Cleaned up 2 empty switches.

17. Executing CHECK pass (checking for obvious problems).
Checking module register_file...
Found and reported 0 problems.

18. Executing OPT_EXPR pass (perform const folding).
Optimizing module register_file.

19. Executing FLATTEN pass (flatten design).

20. Executing OPT_EXPR pass (perform const folding).
Optimizing module register_file.

21. Executing OPT_CLEAN pass (remove unused cells and wires).
Finding unused cells or wires in module \register_file..
Removed 3 unused cells and 23 unused wires.
<suppressed ~4 debug messages>

22. Executing OPT pass (performing simple optimizations).

22.1. Executing OPT_EXPR pass (perform const folding).
Optimizing module register_file.

22.2. Executing OPT_MERGE pass (detect identical cells).
Finding identical cells in module `\register_file'.
Removed a total of 0 cells.

22.3. Executing OPT_MUXTREE pass (detect dead branches in mux trees).
Running muxtree optimizer on module \register_file..
  Creating internal representation of mux trees.
  Evaluating internal representation of mux trees.
  Analyzing evaluation results.
    dead port 1/2 on $mux $procmux$17.
    dead port 1/2 on $mux $procmux$23.
    dead port 1/2 on $mux $procmux$29.
Removed 3 multiplexer ports.
<suppressed ~4 debug messages>

22.4. Executing OPT_REDUCE pass (consolidate $*mux and $reduce_* inputs).
  Optimizing cells in module \register_file.
    Consolidated identical input bits for $mux cell $procmux$14:
      Old ports: A=16'0000000000000000, B=16'1111111111111111, Y=$procmux$14_Y
      New ports: A=1'0, B=1'1, Y=$procmux$14_Y [0]
      New connections: $procmux$14_Y [15:1] = { $procmux$14_Y [0] $procmux$14_Y [0] $procmux$14_Y [0] $procmux$14_Y [0] $procmux$14_Y [0] $procmux$14_Y [0] $procmux$14_Y [0] $procmux$14_Y [0] $procmux$14_Y [0] $procmux$14_Y [0] $procmux$14_Y [0] $procmux$14_Y [0] $procmux$14_Y [0] $procmux$14_Y [0] $procmux$14_Y [0] }
  Optimizing cells in module \register_file.
    Consolidated identical input bits for $mux cell $procmux$35:
      Old ports: A=$2$memwr$\mem$/openlane/designs/part3_regfile/src/register_file.v:20$1_EN[15:0]$11, B=16'0000000000000000, Y=$0$memwr$\mem$/openlane/designs/part3_regfile/src/register_file.v:20$1_EN[15:0]$5
      New ports: A=$procmux$14_Y [0], B=1'0, Y=$0$memwr$\mem$/openlane/designs/part3_regfile/src/register_file.v:20$1_EN[15:0]$5 [0]
      New connections: $0$memwr$\mem$/openlane/designs/part3_regfile/src/register_file.v:20$1_EN[15:0]$5 [15:1] = { $0$memwr$\mem$/openlane/designs/part3_regfile/src/register_file.v:20$1_EN[15:0]$5 [0] $0$memwr$\mem$/openlane/designs/part3_regfile/src/register_file.v:20$1_EN[15:0]$5 [0] $0$memwr$\mem$/openlane/designs/part3_regfile/src/register_file.v:20$1_EN[15:0]$5 [0] $0$memwr$\mem$/openlane/designs/part3_regfile/src/register_file.v:20$1_EN[15:0]$5 [0] $0$memwr$\mem$/openlane/designs/part3_regfile/src/register_file.v:20$1_EN[15:0]$5 [0] $0$memwr$\mem$/openlane/designs/part3_regfile/src/register_file.v:20$1_EN[15:0]$5 [0] $0$memwr$\mem$/openlane/designs/part3_regfile/src/register_file.v:20$1_EN[15:0]$5 [0] $0$memwr$\mem$/openlane/designs/part3_regfile/src/register_file.v:20$1_EN[15:0]$5 [0] $0$memwr$\mem$/openlane/designs/part3_regfile/src/register_file.v:20$1_EN[15:0]$5 [0] $0$memwr$\mem$/openlane/designs/part3_regfile/src/register_file.v:20$1_EN[15:0]$5 [0] $0$memwr$\mem$/openlane/designs/part3_regfile/src/register_file.v:20$1_EN[15:0]$5 [0] $0$memwr$\mem$/openlane/designs/part3_regfile/src/register_file.v:20$1_EN[15:0]$5 [0] $0$memwr$\mem$/openlane/designs/part3_regfile/src/register_file.v:20$1_EN[15:0]$5 [0] $0$memwr$\mem$/openlane/designs/part3_regfile/src/register_file.v:20$1_EN[15:0]$5 [0] $0$memwr$\mem$/openlane/designs/part3_regfile/src/register_file.v:20$1_EN[15:0]$5 [0] }
  Optimizing cells in module \register_file.
Performed a total of 2 changes.

22.5. Executing OPT_MERGE pass (detect identical cells).
Finding identical cells in module `\register_file'.
Removed a total of 0 cells.

22.6. Executing OPT_DFF pass (perform DFF optimizations).

22.7. Executing OPT_CLEAN pass (remove unused cells and wires).
Finding unused cells or wires in module \register_file..
Removed 0 unused cells and 3 unused wires.
<suppressed ~1 debug messages>

22.8. Executing OPT_EXPR pass (perform const folding).
Optimizing module register_file.

22.9. Rerunning OPT passes. (Maybe there is more to do..)

22.10. Executing OPT_MUXTREE pass (detect dead branches in mux trees).
Running muxtree optimizer on module \register_file..
  Creating internal representation of mux trees.
  Evaluating internal representation of mux trees.
  Analyzing evaluation results.
Removed 0 multiplexer ports.
<suppressed ~4 debug messages>

22.11. Executing OPT_REDUCE pass (consolidate $*mux and $reduce_* inputs).
  Optimizing cells in module \register_file.
Performed a total of 0 changes.

22.12. Executing OPT_MERGE pass (detect identical cells).
Finding identical cells in module `\register_file'.
Removed a total of 0 cells.

22.13. Executing OPT_DFF pass (perform DFF optimizations).

22.14. Executing OPT_CLEAN pass (remove unused cells and wires).
Finding unused cells or wires in module \register_file..

22.15. Executing OPT_EXPR pass (perform const folding).
Optimizing module register_file.

22.16. Finished OPT passes. (There is nothing left to do.)

23. Executing FSM pass (extract and optimize FSM).

23.1. Executing FSM_DETECT pass (finding FSMs in design).

23.2. Executing FSM_EXTRACT pass (extracting FSM from design).

23.3. Executing FSM_OPT pass (simple optimizations of FSMs).

23.4. Executing OPT_CLEAN pass (remove unused cells and wires).
Finding unused cells or wires in module \register_file..

23.5. Executing FSM_OPT pass (simple optimizations of FSMs).

23.6. Executing FSM_RECODE pass (re-assigning FSM state encoding).

23.7. Executing FSM_INFO pass (dumping all available information on FSM cells).

23.8. Executing FSM_MAP pass (mapping FSMs to basic logic).

24. Executing OPT pass (performing simple optimizations).

24.1. Executing OPT_EXPR pass (perform const folding).
Optimizing module register_file.

24.2. Executing OPT_MERGE pass (detect identical cells).
Finding identical cells in module `\register_file'.
Removed a total of 0 cells.

24.3. Executing OPT_MUXTREE pass (detect dead branches in mux trees).
Running muxtree optimizer on module \register_file..
  Creating internal representation of mux trees.
  Evaluating internal representation of mux trees.
  Analyzing evaluation results.
Removed 0 multiplexer ports.
<suppressed ~4 debug messages>

24.4. Executing OPT_REDUCE pass (consolidate $*mux and $reduce_* inputs).
  Optimizing cells in module \register_file.
Performed a total of 0 changes.

24.5. Executing OPT_MERGE pass (detect identical cells).
Finding identical cells in module `\register_file'.
Removed a total of 0 cells.

24.6. Executing OPT_DFF pass (perform DFF optimizations).
Adding SRST signal on $procdff$43 ($dff) from module register_file (D = $memrd$\mem$/openlane/designs/part3_regfile/src/register_file.v:22$12_DATA, Q = \data_out, rval = 16'0000000000000000).

24.7. Executing OPT_CLEAN pass (remove unused cells and wires).
Finding unused cells or wires in module \register_file..
Removed 1 unused cells and 1 unused wires.
<suppressed ~2 debug messages>

24.8. Executing OPT_EXPR pass (perform const folding).
Optimizing module register_file.

24.9. Rerunning OPT passes. (Maybe there is more to do..)

24.10. Executing OPT_MUXTREE pass (detect dead branches in mux trees).
Running muxtree optimizer on module \register_file..
  Creating internal representation of mux trees.
  Evaluating internal representation of mux trees.
  Analyzing evaluation results.
Removed 0 multiplexer ports.
<suppressed ~3 debug messages>

24.11. Executing OPT_REDUCE pass (consolidate $*mux and $reduce_* inputs).
  Optimizing cells in module \register_file.
Performed a total of 0 changes.

24.12. Executing OPT_MERGE pass (detect identical cells).
Finding identical cells in module `\register_file'.
Removed a total of 0 cells.

24.13. Executing OPT_DFF pass (perform DFF optimizations).

24.14. Executing OPT_CLEAN pass (remove unused cells and wires).
Finding unused cells or wires in module \register_file..

24.15. Executing OPT_EXPR pass (perform const folding).
Optimizing module register_file.

24.16. Finished OPT passes. (There is nothing left to do.)

25. Executing WREDUCE pass (reducing word size of cells).

26. Executing PEEPOPT pass (run peephole optimizers).

27. Executing OPT_CLEAN pass (remove unused cells and wires).
Finding unused cells or wires in module \register_file..

28. Executing ALUMACC pass (create $alu and $macc cells).
Extracting $alu and $macc cells in module register_file:
  created 0 $alu and 0 $macc cells.

29. Executing SHARE pass (SAT-based resource sharing).

30. Executing OPT pass (performing simple optimizations).

30.1. Executing OPT_EXPR pass (perform const folding).
Optimizing module register_file.

30.2. Executing OPT_MERGE pass (detect identical cells).
Finding identical cells in module `\register_file'.
Removed a total of 0 cells.

30.3. Executing OPT_MUXTREE pass (detect dead branches in mux trees).
Running muxtree optimizer on module \register_file..
  Creating internal representation of mux trees.
  Evaluating internal representation of mux trees.
  Analyzing evaluation results.
Removed 0 multiplexer ports.
<suppressed ~3 debug messages>

30.4. Executing OPT_REDUCE pass (consolidate $*mux and $reduce_* inputs).
  Optimizing cells in module \register_file.
Performed a total of 0 changes.

30.5. Executing OPT_MERGE pass (detect identical cells).
Finding identical cells in module `\register_file'.
Removed a total of 0 cells.

30.6. Executing OPT_DFF pass (perform DFF optimizations).

30.7. Executing OPT_CLEAN pass (remove unused cells and wires).
Finding unused cells or wires in module \register_file..

30.8. Executing OPT_EXPR pass (perform const folding).
Optimizing module register_file.

30.9. Finished OPT passes. (There is nothing left to do.)

31. Executing MEMORY pass.

31.1. Executing OPT_MEM pass (optimize memories).
Performed a total of 0 transformations.

31.2. Executing OPT_MEM_PRIORITY pass (removing unnecessary memory write priority relations).
Performed a total of 0 transformations.

31.3. Executing OPT_MEM_FEEDBACK pass (finding memory read-to-write feedback paths).
  Analyzing register_file.mem write port 0.

31.4. Executing MEMORY_BMUX2ROM pass (converting muxes to ROMs).

31.5. Executing MEMORY_DFF pass (merging $dff cells to $memrd).
Checking read port `\mem'[0] in module `\register_file': merging output FF to cell.
    Write port 0: non-transparent.

31.6. Executing OPT_CLEAN pass (remove unused cells and wires).
Finding unused cells or wires in module \register_file..
Removed 1 unused cells and 17 unused wires.
<suppressed ~2 debug messages>

31.7. Executing MEMORY_SHARE pass (consolidating $memrd/$memwr cells).

31.8. Executing OPT_MEM_WIDEN pass (optimize memories where all ports are wide).
Performed a total of 0 transformations.

31.9. Executing OPT_CLEAN pass (remove unused cells and wires).
Finding unused cells or wires in module \register_file..

31.10. Executing MEMORY_COLLECT pass (generating $mem cells).

32. Executing OPT_CLEAN pass (remove unused cells and wires).
Finding unused cells or wires in module \register_file..

33. Executing OPT pass (performing simple optimizations).

33.1. Executing OPT_EXPR pass (perform const folding).
Optimizing module register_file.
<suppressed ~5 debug messages>

33.2. Executing OPT_MERGE pass (detect identical cells).
Finding identical cells in module `\register_file'.
Removed a total of 0 cells.

33.3. Executing OPT_DFF pass (perform DFF optimizations).

33.4. Executing OPT_CLEAN pass (remove unused cells and wires).
Finding unused cells or wires in module \register_file..
Removed 0 unused cells and 5 unused wires.
<suppressed ~1 debug messages>

33.5. Finished fast OPT passes.

34. Executing MEMORY_MAP pass (converting memories to logic and flip-flops).
Mapping memory \mem in module \register_file:
  created 256 $dff cells and 0 static cells of width 16.
Extracted data FF from read port 0 of register_file.mem: $\mem$rdreg[0]
  read interface: 1 $dff and 255 $mux cells.
  write interface: 256 write mux blocks.

35. Executing OPT pass (performing simple optimizations).

35.1. Executing OPT_EXPR pass (perform const folding).
Optimizing module register_file.
<suppressed ~16 debug messages>

35.2. Executing OPT_MERGE pass (detect identical cells).
Finding identical cells in module `\register_file'.
Removed a total of 0 cells.

35.3. Executing OPT_MUXTREE pass (detect dead branches in mux trees).
Running muxtree optimizer on module \register_file..
  Creating internal representation of mux trees.
  Evaluating internal representation of mux trees.
  Analyzing evaluation results.
Removed 0 multiplexer ports.
<suppressed ~258 debug messages>

35.4. Executing OPT_REDUCE pass (consolidate $*mux and $reduce_* inputs).
  Optimizing cells in module \register_file.
Performed a total of 0 changes.

35.5. Executing OPT_MERGE pass (detect identical cells).
Finding identical cells in module `\register_file'.
Removed a total of 0 cells.

35.6. Executing OPT_SHARE pass.

35.7. Executing OPT_DFF pass (perform DFF optimizations).

35.8. Executing OPT_CLEAN pass (remove unused cells and wires).
Finding unused cells or wires in module \register_file..
Removed 0 unused cells and 520 unused wires.
<suppressed ~1 debug messages>

35.9. Executing OPT_EXPR pass (perform const folding).
Optimizing module register_file.

35.10. Rerunning OPT passes. (Maybe there is more to do..)

35.11. Executing OPT_MUXTREE pass (detect dead branches in mux trees).
Running muxtree optimizer on module \register_file..
  Creating internal representation of mux trees.
  Evaluating internal representation of mux trees.
  Analyzing evaluation results.
Removed 0 multiplexer ports.
<suppressed ~258 debug messages>

35.12. Executing OPT_REDUCE pass (consolidate $*mux and $reduce_* inputs).
  Optimizing cells in module \register_file.
Performed a total of 0 changes.

35.13. Executing OPT_MERGE pass (detect identical cells).
Finding identical cells in module `\register_file'.
Removed a total of 0 cells.

35.14. Executing OPT_SHARE pass.

35.15. Executing OPT_DFF pass (perform DFF optimizations).
Adding EN signal on $memory\mem[9]$84 ($dff) from module register_file (D = \data_in, Q = \mem[9]).
Adding EN signal on $memory\mem[99]$264 ($dff) from module register_file (D = \data_in, Q = \mem[99]).
Adding EN signal on $memory\mem[98]$262 ($dff) from module register_file (D = \data_in, Q = \mem[98]).
Adding EN signal on $memory\mem[97]$260 ($dff) from module register_file (D = \data_in, Q = \mem[97]).
Adding EN signal on $memory\mem[96]$258 ($dff) from module register_file (D = \data_in, Q = \mem[96]).
Adding EN signal on $memory\mem[95]$256 ($dff) from module register_file (D = \data_in, Q = \mem[95]).
Adding EN signal on $memory\mem[94]$254 ($dff) from module register_file (D = \data_in, Q = \mem[94]).
Adding EN signal on $memory\mem[93]$252 ($dff) from module register_file (D = \data_in, Q = \mem[93]).
Adding EN signal on $memory\mem[92]$250 ($dff) from module register_file (D = \data_in, Q = \mem[92]).
Adding EN signal on $memory\mem[91]$248 ($dff) from module register_file (D = \data_in, Q = \mem[91]).
Adding EN signal on $memory\mem[90]$246 ($dff) from module register_file (D = \data_in, Q = \mem[90]).
Adding EN signal on $memory\mem[8]$82 ($dff) from module register_file (D = \data_in, Q = \mem[8]).
Adding EN signal on $memory\mem[89]$244 ($dff) from module register_file (D = \data_in, Q = \mem[89]).
Adding EN signal on $memory\mem[88]$242 ($dff) from module register_file (D = \data_in, Q = \mem[88]).
Adding EN signal on $memory\mem[87]$240 ($dff) from module register_file (D = \data_in, Q = \mem[87]).
Adding EN signal on $memory\mem[86]$238 ($dff) from module register_file (D = \data_in, Q = \mem[86]).
Adding EN signal on $memory\mem[85]$236 ($dff) from module register_file (D = \data_in, Q = \mem[85]).
Adding EN signal on $memory\mem[84]$234 ($dff) from module register_file (D = \data_in, Q = \mem[84]).
Adding EN signal on $memory\mem[83]$232 ($dff) from module register_file (D = \data_in, Q = \mem[83]).
Adding EN signal on $memory\mem[82]$230 ($dff) from module register_file (D = \data_in, Q = \mem[82]).
Adding EN signal on $memory\mem[81]$228 ($dff) from module register_file (D = \data_in, Q = \mem[81]).
Adding EN signal on $memory\mem[80]$226 ($dff) from module register_file (D = \data_in, Q = \mem[80]).
Adding EN signal on $memory\mem[7]$80 ($dff) from module register_file (D = \data_in, Q = \mem[7]).
Adding EN signal on $memory\mem[79]$224 ($dff) from module register_file (D = \data_in, Q = \mem[79]).
Adding EN signal on $memory\mem[78]$222 ($dff) from module register_file (D = \data_in, Q = \mem[78]).
Adding EN signal on $memory\mem[77]$220 ($dff) from module register_file (D = \data_in, Q = \mem[77]).
Adding EN signal on $memory\mem[76]$218 ($dff) from module register_file (D = \data_in, Q = \mem[76]).
Adding EN signal on $memory\mem[75]$216 ($dff) from module register_file (D = \data_in, Q = \mem[75]).
Adding EN signal on $memory\mem[74]$214 ($dff) from module register_file (D = \data_in, Q = \mem[74]).
Adding EN signal on $memory\mem[73]$212 ($dff) from module register_file (D = \data_in, Q = \mem[73]).
Adding EN signal on $memory\mem[72]$210 ($dff) from module register_file (D = \data_in, Q = \mem[72]).
Adding EN signal on $memory\mem[71]$208 ($dff) from module register_file (D = \data_in, Q = \mem[71]).
Adding EN signal on $memory\mem[70]$206 ($dff) from module register_file (D = \data_in, Q = \mem[70]).
Adding EN signal on $memory\mem[6]$78 ($dff) from module register_file (D = \data_in, Q = \mem[6]).
Adding EN signal on $memory\mem[69]$204 ($dff) from module register_file (D = \data_in, Q = \mem[69]).
Adding EN signal on $memory\mem[68]$202 ($dff) from module register_file (D = \data_in, Q = \mem[68]).
Adding EN signal on $memory\mem[67]$200 ($dff) from module register_file (D = \data_in, Q = \mem[67]).
Adding EN signal on $memory\mem[66]$198 ($dff) from module register_file (D = \data_in, Q = \mem[66]).
Adding EN signal on $memory\mem[65]$196 ($dff) from module register_file (D = \data_in, Q = \mem[65]).
Adding EN signal on $memory\mem[64]$194 ($dff) from module register_file (D = \data_in, Q = \mem[64]).
Adding EN signal on $memory\mem[63]$192 ($dff) from module register_file (D = \data_in, Q = \mem[63]).
Adding EN signal on $memory\mem[62]$190 ($dff) from module register_file (D = \data_in, Q = \mem[62]).
Adding EN signal on $memory\mem[61]$188 ($dff) from module register_file (D = \data_in, Q = \mem[61]).
Adding EN signal on $memory\mem[60]$186 ($dff) from module register_file (D = \data_in, Q = \mem[60]).
Adding EN signal on $memory\mem[5]$76 ($dff) from module register_file (D = \data_in, Q = \mem[5]).
Adding EN signal on $memory\mem[59]$184 ($dff) from module register_file (D = \data_in, Q = \mem[59]).
Adding EN signal on $memory\mem[58]$182 ($dff) from module register_file (D = \data_in, Q = \mem[58]).
Adding EN signal on $memory\mem[57]$180 ($dff) from module register_file (D = \data_in, Q = \mem[57]).
Adding EN signal on $memory\mem[56]$178 ($dff) from module register_file (D = \data_in, Q = \mem[56]).
Adding EN signal on $memory\mem[55]$176 ($dff) from module register_file (D = \data_in, Q = \mem[55]).
Adding EN signal on $memory\mem[54]$174 ($dff) from module register_file (D = \data_in, Q = \mem[54]).
Adding EN signal on $memory\mem[53]$172 ($dff) from module register_file (D = \data_in, Q = \mem[53]).
Adding EN signal on $memory\mem[52]$170 ($dff) from module register_file (D = \data_in, Q = \mem[52]).
Adding EN signal on $memory\mem[51]$168 ($dff) from module register_file (D = \data_in, Q = \mem[51]).
Adding EN signal on $memory\mem[50]$166 ($dff) from module register_file (D = \data_in, Q = \mem[50]).
Adding EN signal on $memory\mem[4]$74 ($dff) from module register_file (D = \data_in, Q = \mem[4]).
Adding EN signal on $memory\mem[49]$164 ($dff) from module register_file (D = \data_in, Q = \mem[49]).
Adding EN signal on $memory\mem[48]$162 ($dff) from module register_file (D = \data_in, Q = \mem[48]).
Adding EN signal on $memory\mem[47]$160 ($dff) from module register_file (D = \data_in, Q = \mem[47]).
Adding EN signal on $memory\mem[46]$158 ($dff) from module register_file (D = \data_in, Q = \mem[46]).
Adding EN signal on $memory\mem[45]$156 ($dff) from module register_file (D = \data_in, Q = \mem[45]).
Adding EN signal on $memory\mem[44]$154 ($dff) from module register_file (D = \data_in, Q = \mem[44]).
Adding EN signal on $memory\mem[43]$152 ($dff) from module register_file (D = \data_in, Q = \mem[43]).
Adding EN signal on $memory\mem[42]$150 ($dff) from module register_file (D = \data_in, Q = \mem[42]).
Adding EN signal on $memory\mem[41]$148 ($dff) from module register_file (D = \data_in, Q = \mem[41]).
Adding EN signal on $memory\mem[40]$146 ($dff) from module register_file (D = \data_in, Q = \mem[40]).
Adding EN signal on $memory\mem[3]$72 ($dff) from module register_file (D = \data_in, Q = \mem[3]).
Adding EN signal on $memory\mem[39]$144 ($dff) from module register_file (D = \data_in, Q = \mem[39]).
Adding EN signal on $memory\mem[38]$142 ($dff) from module register_file (D = \data_in, Q = \mem[38]).
Adding EN signal on $memory\mem[37]$140 ($dff) from module register_file (D = \data_in, Q = \mem[37]).
Adding EN signal on $memory\mem[36]$138 ($dff) from module register_file (D = \data_in, Q = \mem[36]).
Adding EN signal on $memory\mem[35]$136 ($dff) from module register_file (D = \data_in, Q = \mem[35]).
Adding EN signal on $memory\mem[34]$134 ($dff) from module register_file (D = \data_in, Q = \mem[34]).
Adding EN signal on $memory\mem[33]$132 ($dff) from module register_file (D = \data_in, Q = \mem[33]).
Adding EN signal on $memory\mem[32]$130 ($dff) from module register_file (D = \data_in, Q = \mem[32]).
Adding EN signal on $memory\mem[31]$128 ($dff) from module register_file (D = \data_in, Q = \mem[31]).
Adding EN signal on $memory\mem[30]$126 ($dff) from module register_file (D = \data_in, Q = \mem[30]).
Adding EN signal on $memory\mem[2]$70 ($dff) from module register_file (D = \data_in, Q = \mem[2]).
Adding EN signal on $memory\mem[29]$124 ($dff) from module register_file (D = \data_in, Q = \mem[29]).
Adding EN signal on $memory\mem[28]$122 ($dff) from module register_file (D = \data_in, Q = \mem[28]).
Adding EN signal on $memory\mem[27]$120 ($dff) from module register_file (D = \data_in, Q = \mem[27]).
Adding EN signal on $memory\mem[26]$118 ($dff) from module register_file (D = \data_in, Q = \mem[26]).
Adding EN signal on $memory\mem[25]$116 ($dff) from module register_file (D = \data_in, Q = \mem[25]).
Adding EN signal on $memory\mem[255]$576 ($dff) from module register_file (D = \data_in, Q = \mem[255]).
Adding EN signal on $memory\mem[254]$574 ($dff) from module register_file (D = \data_in, Q = \mem[254]).
Adding EN signal on $memory\mem[253]$572 ($dff) from module register_file (D = \data_in, Q = \mem[253]).
Adding EN signal on $memory\mem[252]$570 ($dff) from module register_file (D = \data_in, Q = \mem[252]).
Adding EN signal on $memory\mem[251]$568 ($dff) from module register_file (D = \data_in, Q = \mem[251]).
Adding EN signal on $memory\mem[250]$566 ($dff) from module register_file (D = \data_in, Q = \mem[250]).
Adding EN signal on $memory\mem[24]$114 ($dff) from module register_file (D = \data_in, Q = \mem[24]).
Adding EN signal on $memory\mem[249]$564 ($dff) from module register_file (D = \data_in, Q = \mem[249]).
Adding EN signal on $memory\mem[248]$562 ($dff) from module register_file (D = \data_in, Q = \mem[248]).
Adding EN signal on $memory\mem[247]$560 ($dff) from module register_file (D = \data_in, Q = \mem[247]).
Adding EN signal on $memory\mem[246]$558 ($dff) from module register_file (D = \data_in, Q = \mem[246]).
Adding EN signal on $memory\mem[245]$556 ($dff) from module register_file (D = \data_in, Q = \mem[245]).
Adding EN signal on $memory\mem[244]$554 ($dff) from module register_file (D = \data_in, Q = \mem[244]).
Adding EN signal on $memory\mem[243]$552 ($dff) from module register_file (D = \data_in, Q = \mem[243]).
Adding EN signal on $memory\mem[242]$550 ($dff) from module register_file (D = \data_in, Q = \mem[242]).
Adding EN signal on $memory\mem[241]$548 ($dff) from module register_file (D = \data_in, Q = \mem[241]).
Adding EN signal on $memory\mem[240]$546 ($dff) from module register_file (D = \data_in, Q = \mem[240]).
Adding EN signal on $memory\mem[23]$112 ($dff) from module register_file (D = \data_in, Q = \mem[23]).
Adding EN signal on $memory\mem[239]$544 ($dff) from module register_file (D = \data_in, Q = \mem[239]).
Adding EN signal on $memory\mem[238]$542 ($dff) from module register_file (D = \data_in, Q = \mem[238]).
Adding EN signal on $memory\mem[237]$540 ($dff) from module register_file (D = \data_in, Q = \mem[237]).
Adding EN signal on $memory\mem[236]$538 ($dff) from module register_file (D = \data_in, Q = \mem[236]).
Adding EN signal on $memory\mem[235]$536 ($dff) from module register_file (D = \data_in, Q = \mem[235]).
Adding EN signal on $memory\mem[234]$534 ($dff) from module register_file (D = \data_in, Q = \mem[234]).
Adding EN signal on $memory\mem[233]$532 ($dff) from module register_file (D = \data_in, Q = \mem[233]).
Adding EN signal on $memory\mem[232]$530 ($dff) from module register_file (D = \data_in, Q = \mem[232]).
Adding EN signal on $memory\mem[231]$528 ($dff) from module register_file (D = \data_in, Q = \mem[231]).
Adding EN signal on $memory\mem[230]$526 ($dff) from module register_file (D = \data_in, Q = \mem[230]).
Adding EN signal on $memory\mem[22]$110 ($dff) from module register_file (D = \data_in, Q = \mem[22]).
Adding EN signal on $memory\mem[229]$524 ($dff) from module register_file (D = \data_in, Q = \mem[229]).
Adding EN signal on $memory\mem[228]$522 ($dff) from module register_file (D = \data_in, Q = \mem[228]).
Adding EN signal on $memory\mem[227]$520 ($dff) from module register_file (D = \data_in, Q = \mem[227]).
Adding EN signal on $memory\mem[226]$518 ($dff) from module register_file (D = \data_in, Q = \mem[226]).
Adding EN signal on $memory\mem[225]$516 ($dff) from module register_file (D = \data_in, Q = \mem[225]).
Adding EN signal on $memory\mem[224]$514 ($dff) from module register_file (D = \data_in, Q = \mem[224]).
Adding EN signal on $memory\mem[223]$512 ($dff) from module register_file (D = \data_in, Q = \mem[223]).
Adding EN signal on $memory\mem[222]$510 ($dff) from module register_file (D = \data_in, Q = \mem[222]).
Adding EN signal on $memory\mem[221]$508 ($dff) from module register_file (D = \data_in, Q = \mem[221]).
Adding EN signal on $memory\mem[220]$506 ($dff) from module register_file (D = \data_in, Q = \mem[220]).
Adding EN signal on $memory\mem[21]$108 ($dff) from module register_file (D = \data_in, Q = \mem[21]).
Adding EN signal on $memory\mem[219]$504 ($dff) from module register_file (D = \data_in, Q = \mem[219]).
Adding EN signal on $memory\mem[218]$502 ($dff) from module register_file (D = \data_in, Q = \mem[218]).
Adding EN signal on $memory\mem[217]$500 ($dff) from module register_file (D = \data_in, Q = \mem[217]).
Adding EN signal on $memory\mem[216]$498 ($dff) from module register_file (D = \data_in, Q = \mem[216]).
Adding EN signal on $memory\mem[215]$496 ($dff) from module register_file (D = \data_in, Q = \mem[215]).
Adding EN signal on $memory\mem[214]$494 ($dff) from module register_file (D = \data_in, Q = \mem[214]).
Adding EN signal on $memory\mem[213]$492 ($dff) from module register_file (D = \data_in, Q = \mem[213]).
Adding EN signal on $memory\mem[212]$490 ($dff) from module register_file (D = \data_in, Q = \mem[212]).
Adding EN signal on $memory\mem[211]$488 ($dff) from module register_file (D = \data_in, Q = \mem[211]).
Adding EN signal on $memory\mem[210]$486 ($dff) from module register_file (D = \data_in, Q = \mem[210]).
Adding EN signal on $memory\mem[20]$106 ($dff) from module register_file (D = \data_in, Q = \mem[20]).
Adding EN signal on $memory\mem[209]$484 ($dff) from module register_file (D = \data_in, Q = \mem[209]).
Adding EN signal on $memory\mem[208]$482 ($dff) from module register_file (D = \data_in, Q = \mem[208]).
Adding EN signal on $memory\mem[207]$480 ($dff) from module register_file (D = \data_in, Q = \mem[207]).
Adding EN signal on $memory\mem[206]$478 ($dff) from module register_file (D = \data_in, Q = \mem[206]).
Adding EN signal on $memory\mem[205]$476 ($dff) from module register_file (D = \data_in, Q = \mem[205]).
Adding EN signal on $memory\mem[204]$474 ($dff) from module register_file (D = \data_in, Q = \mem[204]).
Adding EN signal on $memory\mem[203]$472 ($dff) from module register_file (D = \data_in, Q = \mem[203]).
Adding EN signal on $memory\mem[202]$470 ($dff) from module register_file (D = \data_in, Q = \mem[202]).
Adding EN signal on $memory\mem[201]$468 ($dff) from module register_file (D = \data_in, Q = \mem[201]).
Adding EN signal on $memory\mem[200]$466 ($dff) from module register_file (D = \data_in, Q = \mem[200]).
Adding EN signal on $memory\mem[1]$68 ($dff) from module register_file (D = \data_in, Q = \mem[1]).
Adding EN signal on $memory\mem[19]$104 ($dff) from module register_file (D = \data_in, Q = \mem[19]).
Adding EN signal on $memory\mem[199]$464 ($dff) from module register_file (D = \data_in, Q = \mem[199]).
Adding EN signal on $memory\mem[198]$462 ($dff) from module register_file (D = \data_in, Q = \mem[198]).
Adding EN signal on $memory\mem[197]$460 ($dff) from module register_file (D = \data_in, Q = \mem[197]).
Adding EN signal on $memory\mem[196]$458 ($dff) from module register_file (D = \data_in, Q = \mem[196]).
Adding EN signal on $memory\mem[195]$456 ($dff) from module register_file (D = \data_in, Q = \mem[195]).
Adding EN signal on $memory\mem[194]$454 ($dff) from module register_file (D = \data_in, Q = \mem[194]).
Adding EN signal on $memory\mem[193]$452 ($dff) from module register_file (D = \data_in, Q = \mem[193]).
Adding EN signal on $memory\mem[192]$450 ($dff) from module register_file (D = \data_in, Q = \mem[192]).
Adding EN signal on $memory\mem[191]$448 ($dff) from module register_file (D = \data_in, Q = \mem[191]).
Adding EN signal on $memory\mem[190]$446 ($dff) from module register_file (D = \data_in, Q = \mem[190]).
Adding EN signal on $memory\mem[18]$102 ($dff) from module register_file (D = \data_in, Q = \mem[18]).
Adding EN signal on $memory\mem[189]$444 ($dff) from module register_file (D = \data_in, Q = \mem[189]).
Adding EN signal on $memory\mem[188]$442 ($dff) from module register_file (D = \data_in, Q = \mem[188]).
Adding EN signal on $memory\mem[187]$440 ($dff) from module register_file (D = \data_in, Q = \mem[187]).
Adding EN signal on $memory\mem[186]$438 ($dff) from module register_file (D = \data_in, Q = \mem[186]).
Adding EN signal on $memory\mem[185]$436 ($dff) from module register_file (D = \data_in, Q = \mem[185]).
Adding EN signal on $memory\mem[184]$434 ($dff) from module register_file (D = \data_in, Q = \mem[184]).
Adding EN signal on $memory\mem[183]$432 ($dff) from module register_file (D = \data_in, Q = \mem[183]).
Adding EN signal on $memory\mem[182]$430 ($dff) from module register_file (D = \data_in, Q = \mem[182]).
Adding EN signal on $memory\mem[181]$428 ($dff) from module register_file (D = \data_in, Q = \mem[181]).
Adding EN signal on $memory\mem[180]$426 ($dff) from module register_file (D = \data_in, Q = \mem[180]).
Adding EN signal on $memory\mem[17]$100 ($dff) from module register_file (D = \data_in, Q = \mem[17]).
Adding EN signal on $memory\mem[179]$424 ($dff) from module register_file (D = \data_in, Q = \mem[179]).
Adding EN signal on $memory\mem[178]$422 ($dff) from module register_file (D = \data_in, Q = \mem[178]).
Adding EN signal on $memory\mem[177]$420 ($dff) from module register_file (D = \data_in, Q = \mem[177]).
Adding EN signal on $memory\mem[176]$418 ($dff) from module register_file (D = \data_in, Q = \mem[176]).
Adding EN signal on $memory\mem[175]$416 ($dff) from module register_file (D = \data_in, Q = \mem[175]).
Adding EN signal on $memory\mem[174]$414 ($dff) from module register_file (D = \data_in, Q = \mem[174]).
Adding EN signal on $memory\mem[173]$412 ($dff) from module register_file (D = \data_in, Q = \mem[173]).
Adding EN signal on $memory\mem[172]$410 ($dff) from module register_file (D = \data_in, Q = \mem[172]).
Adding EN signal on $memory\mem[171]$408 ($dff) from module register_file (D = \data_in, Q = \mem[171]).
Adding EN signal on $memory\mem[170]$406 ($dff) from module register_file (D = \data_in, Q = \mem[170]).
Adding EN signal on $memory\mem[16]$98 ($dff) from module register_file (D = \data_in, Q = \mem[16]).
Adding EN signal on $memory\mem[169]$404 ($dff) from module register_file (D = \data_in, Q = \mem[169]).
Adding EN signal on $memory\mem[168]$402 ($dff) from module register_file (D = \data_in, Q = \mem[168]).
Adding EN signal on $memory\mem[167]$400 ($dff) from module register_file (D = \data_in, Q = \mem[167]).
Adding EN signal on $memory\mem[166]$398 ($dff) from module register_file (D = \data_in, Q = \mem[166]).
Adding EN signal on $memory\mem[165]$396 ($dff) from module register_file (D = \data_in, Q = \mem[165]).
Adding EN signal on $memory\mem[164]$394 ($dff) from module register_file (D = \data_in, Q = \mem[164]).
Adding EN signal on $memory\mem[163]$392 ($dff) from module register_file (D = \data_in, Q = \mem[163]).
Adding EN signal on $memory\mem[162]$390 ($dff) from module register_file (D = \data_in, Q = \mem[162]).
Adding EN signal on $memory\mem[161]$388 ($dff) from module register_file (D = \data_in, Q = \mem[161]).
Adding EN signal on $memory\mem[160]$386 ($dff) from module register_file (D = \data_in, Q = \mem[160]).
Adding EN signal on $memory\mem[15]$96 ($dff) from module register_file (D = \data_in, Q = \mem[15]).
Adding EN signal on $memory\mem[159]$384 ($dff) from module register_file (D = \data_in, Q = \mem[159]).
Adding EN signal on $memory\mem[158]$382 ($dff) from module register_file (D = \data_in, Q = \mem[158]).
Adding EN signal on $memory\mem[157]$380 ($dff) from module register_file (D = \data_in, Q = \mem[157]).
Adding EN signal on $memory\mem[156]$378 ($dff) from module register_file (D = \data_in, Q = \mem[156]).
Adding EN signal on $memory\mem[155]$376 ($dff) from module register_file (D = \data_in, Q = \mem[155]).
Adding EN signal on $memory\mem[154]$374 ($dff) from module register_file (D = \data_in, Q = \mem[154]).
Adding EN signal on $memory\mem[153]$372 ($dff) from module register_file (D = \data_in, Q = \mem[153]).
Adding EN signal on $memory\mem[152]$370 ($dff) from module register_file (D = \data_in, Q = \mem[152]).
Adding EN signal on $memory\mem[151]$368 ($dff) from module register_file (D = \data_in, Q = \mem[151]).
Adding EN signal on $memory\mem[150]$366 ($dff) from module register_file (D = \data_in, Q = \mem[150]).
Adding EN signal on $memory\mem[14]$94 ($dff) from module register_file (D = \data_in, Q = \mem[14]).
Adding EN signal on $memory\mem[149]$364 ($dff) from module register_file (D = \data_in, Q = \mem[149]).
Adding EN signal on $memory\mem[148]$362 ($dff) from module register_file (D = \data_in, Q = \mem[148]).
Adding EN signal on $memory\mem[147]$360 ($dff) from module register_file (D = \data_in, Q = \mem[147]).
Adding EN signal on $memory\mem[146]$358 ($dff) from module register_file (D = \data_in, Q = \mem[146]).
Adding EN signal on $memory\mem[145]$356 ($dff) from module register_file (D = \data_in, Q = \mem[145]).
Adding EN signal on $memory\mem[144]$354 ($dff) from module register_file (D = \data_in, Q = \mem[144]).
Adding EN signal on $memory\mem[143]$352 ($dff) from module register_file (D = \data_in, Q = \mem[143]).
Adding EN signal on $memory\mem[142]$350 ($dff) from module register_file (D = \data_in, Q = \mem[142]).
Adding EN signal on $memory\mem[141]$348 ($dff) from module register_file (D = \data_in, Q = \mem[141]).
Adding EN signal on $memory\mem[140]$346 ($dff) from module register_file (D = \data_in, Q = \mem[140]).
Adding EN signal on $memory\mem[13]$92 ($dff) from module register_file (D = \data_in, Q = \mem[13]).
Adding EN signal on $memory\mem[139]$344 ($dff) from module register_file (D = \data_in, Q = \mem[139]).
Adding EN signal on $memory\mem[138]$342 ($dff) from module register_file (D = \data_in, Q = \mem[138]).
Adding EN signal on $memory\mem[137]$340 ($dff) from module register_file (D = \data_in, Q = \mem[137]).
Adding EN signal on $memory\mem[136]$338 ($dff) from module register_file (D = \data_in, Q = \mem[136]).
Adding EN signal on $memory\mem[135]$336 ($dff) from module register_file (D = \data_in, Q = \mem[135]).
Adding EN signal on $memory\mem[134]$334 ($dff) from module register_file (D = \data_in, Q = \mem[134]).
Adding EN signal on $memory\mem[133]$332 ($dff) from module register_file (D = \data_in, Q = \mem[133]).
Adding EN signal on $memory\mem[132]$330 ($dff) from module register_file (D = \data_in, Q = \mem[132]).
Adding EN signal on $memory\mem[131]$328 ($dff) from module register_file (D = \data_in, Q = \mem[131]).
Adding EN signal on $memory\mem[130]$326 ($dff) from module register_file (D = \data_in, Q = \mem[130]).
Adding EN signal on $memory\mem[12]$90 ($dff) from module register_file (D = \data_in, Q = \mem[12]).
Adding EN signal on $memory\mem[129]$324 ($dff) from module register_file (D = \data_in, Q = \mem[129]).
Adding EN signal on $memory\mem[128]$322 ($dff) from module register_file (D = \data_in, Q = \mem[128]).
Adding EN signal on $memory\mem[127]$320 ($dff) from module register_file (D = \data_in, Q = \mem[127]).
Adding EN signal on $memory\mem[126]$318 ($dff) from module register_file (D = \data_in, Q = \mem[126]).
Adding EN signal on $memory\mem[125]$316 ($dff) from module register_file (D = \data_in, Q = \mem[125]).
Adding EN signal on $memory\mem[124]$314 ($dff) from module register_file (D = \data_in, Q = \mem[124]).
Adding EN signal on $memory\mem[123]$312 ($dff) from module register_file (D = \data_in, Q = \mem[123]).
Adding EN signal on $memory\mem[122]$310 ($dff) from module register_file (D = \data_in, Q = \mem[122]).
Adding EN signal on $memory\mem[121]$308 ($dff) from module register_file (D = \data_in, Q = \mem[121]).
Adding EN signal on $memory\mem[120]$306 ($dff) from module register_file (D = \data_in, Q = \mem[120]).
Adding EN signal on $memory\mem[11]$88 ($dff) from module register_file (D = \data_in, Q = \mem[11]).
Adding EN signal on $memory\mem[119]$304 ($dff) from module register_file (D = \data_in, Q = \mem[119]).
Adding EN signal on $memory\mem[118]$302 ($dff) from module register_file (D = \data_in, Q = \mem[118]).
Adding EN signal on $memory\mem[117]$300 ($dff) from module register_file (D = \data_in, Q = \mem[117]).
Adding EN signal on $memory\mem[116]$298 ($dff) from module register_file (D = \data_in, Q = \mem[116]).
Adding EN signal on $memory\mem[115]$296 ($dff) from module register_file (D = \data_in, Q = \mem[115]).
Adding EN signal on $memory\mem[114]$294 ($dff) from module register_file (D = \data_in, Q = \mem[114]).
Adding EN signal on $memory\mem[113]$292 ($dff) from module register_file (D = \data_in, Q = \mem[113]).
Adding EN signal on $memory\mem[112]$290 ($dff) from module register_file (D = \data_in, Q = \mem[112]).
Adding EN signal on $memory\mem[111]$288 ($dff) from module register_file (D = \data_in, Q = \mem[111]).
Adding EN signal on $memory\mem[110]$286 ($dff) from module register_file (D = \data_in, Q = \mem[110]).
Adding EN signal on $memory\mem[10]$86 ($dff) from module register_file (D = \data_in, Q = \mem[10]).
Adding EN signal on $memory\mem[109]$284 ($dff) from module register_file (D = \data_in, Q = \mem[109]).
Adding EN signal on $memory\mem[108]$282 ($dff) from module register_file (D = \data_in, Q = \mem[108]).
Adding EN signal on $memory\mem[107]$280 ($dff) from module register_file (D = \data_in, Q = \mem[107]).
Adding EN signal on $memory\mem[106]$278 ($dff) from module register_file (D = \data_in, Q = \mem[106]).
Adding EN signal on $memory\mem[105]$276 ($dff) from module register_file (D = \data_in, Q = \mem[105]).
Adding EN signal on $memory\mem[104]$274 ($dff) from module register_file (D = \data_in, Q = \mem[104]).
Adding EN signal on $memory\mem[103]$272 ($dff) from module register_file (D = \data_in, Q = \mem[103]).
Adding EN signal on $memory\mem[102]$270 ($dff) from module register_file (D = \data_in, Q = \mem[102]).
Adding EN signal on $memory\mem[101]$268 ($dff) from module register_file (D = \data_in, Q = \mem[101]).
Adding EN signal on $memory\mem[100]$266 ($dff) from module register_file (D = \data_in, Q = \mem[100]).
Adding EN signal on $memory\mem[0]$66 ($dff) from module register_file (D = \data_in, Q = \mem[0]).

35.16. Executing OPT_CLEAN pass (remove unused cells and wires).
Finding unused cells or wires in module \register_file..
Removed 256 unused cells and 256 unused wires.
<suppressed ~257 debug messages>

35.17. Executing OPT_EXPR pass (perform const folding).
Optimizing module register_file.

35.18. Rerunning OPT passes. (Maybe there is more to do..)

35.19. Executing OPT_MUXTREE pass (detect dead branches in mux trees).
Running muxtree optimizer on module \register_file..
  Creating internal representation of mux trees.
  Evaluating internal representation of mux trees.
  Analyzing evaluation results.
Removed 0 multiplexer ports.
<suppressed ~2 debug messages>

35.20. Executing OPT_REDUCE pass (consolidate $*mux and $reduce_* inputs).
  Optimizing cells in module \register_file.
Performed a total of 0 changes.

35.21. Executing OPT_MERGE pass (detect identical cells).
Finding identical cells in module `\register_file'.
Removed a total of 0 cells.

35.22. Executing OPT_SHARE pass.

35.23. Executing OPT_DFF pass (perform DFF optimizations).

35.24. Executing OPT_CLEAN pass (remove unused cells and wires).
Finding unused cells or wires in module \register_file..

35.25. Executing OPT_EXPR pass (perform const folding).
Optimizing module register_file.

35.26. Finished OPT passes. (There is nothing left to do.)

36. Executing TECHMAP pass (map to technology primitives).

36.1. Executing Verilog-2005 frontend: /build/bin/../share/yosys/techmap.v
Parsing Verilog input from `/build/bin/../share/yosys/techmap.v' to AST representation.
Generating RTLIL representation for module `\_90_simplemap_bool_ops'.
Generating RTLIL representation for module `\_90_simplemap_reduce_ops'.
Generating RTLIL representation for module `\_90_simplemap_logic_ops'.
Generating RTLIL representation for module `\_90_simplemap_compare_ops'.
Generating RTLIL representation for module `\_90_simplemap_various'.
Generating RTLIL representation for module `\_90_simplemap_registers'.
Generating RTLIL representation for module `\_90_shift_ops_shr_shl_sshl_sshr'.
Generating RTLIL representation for module `\_90_shift_shiftx'.
Generating RTLIL representation for module `\_90_fa'.
Generating RTLIL representation for module `\_90_lcu'.
Generating RTLIL representation for module `\_90_alu'.
Generating RTLIL representation for module `\_90_macc'.
Generating RTLIL representation for module `\_90_alumacc'.
Generating RTLIL representation for module `\$__div_mod_u'.
Generating RTLIL representation for module `\$__div_mod_trunc'.
Generating RTLIL representation for module `\_90_div'.
Generating RTLIL representation for module `\_90_mod'.
Generating RTLIL representation for module `\$__div_mod_floor'.
Generating RTLIL representation for module `\_90_divfloor'.
Generating RTLIL representation for module `\_90_modfloor'.
Generating RTLIL representation for module `\_90_pow'.
Generating RTLIL representation for module `\_90_pmux'.
Generating RTLIL representation for module `\_90_demux'.
Generating RTLIL representation for module `\_90_lut'.
Successfully finished Verilog frontend.

36.2. Continuing TECHMAP pass.
Using extmapper simplemap for cells of type $dffe.
Using extmapper simplemap for cells of type $mux.
Using extmapper simplemap for cells of type $sdff.
Using extmapper simplemap for cells of type $not.
Using extmapper simplemap for cells of type $and.
No more expansions possible.
<suppressed ~1154 debug messages>

37. Executing OPT pass (performing simple optimizations).

37.1. Executing OPT_EXPR pass (perform const folding).
Optimizing module register_file.

37.2. Executing OPT_MERGE pass (detect identical cells).
Finding identical cells in module `\register_file'.
Removed a total of 0 cells.

37.3. Executing OPT_DFF pass (perform DFF optimizations).

37.4. Executing OPT_CLEAN pass (remove unused cells and wires).
Finding unused cells or wires in module \register_file..

37.5. Finished fast OPT passes.

38. Executing ABC pass (technology mapping using ABC).

38.1. Extracting gate netlist of module `\register_file' to `<abc-temp-dir>/input.blif'..
Extracted 4649 gates and 8756 wires to a netlist network with 4106 inputs and 272 outputs.

38.1.1. Executing ABC.
Running ABC command: "<yosys-exe-dir>/yosys-abc" -s -f <abc-temp-dir>/abc.script 2>&1
ABC: ABC command line: "source <abc-temp-dir>/abc.script".
ABC: 
ABC: + read_blif <abc-temp-dir>/input.blif 
ABC: + read_library <abc-temp-dir>/stdcells.genlib 
ABC: Entered genlib library with 13 gates from file "<abc-temp-dir>/stdcells.genlib".
ABC: + strash 
ABC: + dretime 
ABC: + map 
ABC: + write_blif <abc-temp-dir>/output.blif 

38.1.2. Re-integrating ABC results.
ABC RESULTS:               NOT cells:        7
ABC RESULTS:               MUX cells:     4080
ABC RESULTS:             ORNOT cells:        8
ABC RESULTS:              NAND cells:        4
ABC RESULTS:                OR cells:      292
ABC RESULTS:            ANDNOT cells:      257
ABC RESULTS:        internal signals:     4378
ABC RESULTS:           input signals:     4106
ABC RESULTS:          output signals:      272
Removing temp directory.

39. Executing OPT pass (performing simple optimizations).

39.1. Executing OPT_EXPR pass (perform const folding).
Optimizing module register_file.
<suppressed ~2032 debug messages>

39.2. Executing OPT_MERGE pass (detect identical cells).
Finding identical cells in module `\register_file'.
Removed a total of 0 cells.

39.3. Executing OPT_DFF pass (perform DFF optimizations).

39.4. Executing OPT_CLEAN pass (remove unused cells and wires).
Finding unused cells or wires in module \register_file..
Removed 7 unused cells and 4952 unused wires.
<suppressed ~8 debug messages>

39.5. Finished fast OPT passes.

40. Executing HIERARCHY pass (managing design hierarchy).

40.1. Analyzing design hierarchy..
Top module:  \register_file

40.2. Analyzing design hierarchy..
Top module:  \register_file
Removed 0 unused modules.

41. Printing statistics.

=== register_file ===

   Number of wires:               4888
   Number of wire bits:           8788
   Number of public wires:         262
   Number of public wire bits:    4147
   Number of memories:               0
   Number of memory bits:            0
   Number of processes:              0
   Number of cells:               8753
     $_ANDNOT_                     257
     $_DFFE_PP_                   4096
     $_MUX_                       4080
     $_NAND_                         4
     $_ORNOT_                        8
     $_OR_                         292
     $_SDFF_PP0_                    16

42. Executing CHECK pass (checking for obvious problems).
Checking module register_file...
Found and reported 0 problems.

43. Generating Graphviz representation of design.
Writing dot description to `/openlane/designs/part3_regfile/runs/RUN_2026.05.16_09.33.21/tmp/synthesis/post_techmap.dot'.
Dumping module register_file to page 1.

44. Executing SHARE pass (SAT-based resource sharing).

45. Executing OPT pass (performing simple optimizations).

45.1. Executing OPT_EXPR pass (perform const folding).
Optimizing module register_file.

45.2. Executing OPT_MERGE pass (detect identical cells).
Finding identical cells in module `\register_file'.
Removed a total of 0 cells.

45.3. Executing OPT_MUXTREE pass (detect dead branches in mux trees).
Running muxtree optimizer on module \register_file..
  Creating internal representation of mux trees.
  No muxes found in this module.
Removed 0 multiplexer ports.

45.4. Executing OPT_REDUCE pass (consolidate $*mux and $reduce_* inputs).
  Optimizing cells in module \register_file.
Performed a total of 0 changes.

45.5. Executing OPT_MERGE pass (detect identical cells).
Finding identical cells in module `\register_file'.
Removed a total of 0 cells.

45.6. Executing OPT_DFF pass (perform DFF optimizations).

45.7. Executing OPT_CLEAN pass (remove unused cells and wires).
Finding unused cells or wires in module \register_file..

45.8. Executing OPT_EXPR pass (perform const folding).
Optimizing module register_file.

45.9. Finished OPT passes. (There is nothing left to do.)

46. Executing OPT_CLEAN pass (remove unused cells and wires).
Finding unused cells or wires in module \register_file..

47. Printing statistics.

=== register_file ===

   Number of wires:               4888
   Number of wire bits:           8788
   Number of public wires:         262
   Number of public wire bits:    4147
   Number of memories:               0
   Number of memory bits:            0
   Number of processes:              0
   Number of cells:               8753
     $_ANDNOT_                     257
     $_DFFE_PP_                   4096
     $_MUX_                       4080
     $_NAND_                         4
     $_ORNOT_                        8
     $_OR_                         292
     $_SDFF_PP0_                    16

mapping tbuf

48. Executing TECHMAP pass (map to technology primitives).

48.1. Executing Verilog-2005 frontend: /Users/egehuriel/.ciel/sky130A/libs.tech/openlane/sky130_fd_sc_hd/tribuff_map.v
Parsing Verilog input from `/Users/egehuriel/.ciel/sky130A/libs.tech/openlane/sky130_fd_sc_hd/tribuff_map.v' to AST representation.
Generating RTLIL representation for module `\$_TBUF_'.
Successfully finished Verilog frontend.

48.2. Continuing TECHMAP pass.
No more expansions possible.
<suppressed ~3 debug messages>

49. Executing SIMPLEMAP pass (map simple cells to gate primitives).

50. Executing TECHMAP pass (map to technology primitives).

50.1. Executing Verilog-2005 frontend: /Users/egehuriel/.ciel/sky130A/libs.tech/openlane/sky130_fd_sc_hd/latch_map.v
Parsing Verilog input from `/Users/egehuriel/.ciel/sky130A/libs.tech/openlane/sky130_fd_sc_hd/latch_map.v' to AST representation.
Generating RTLIL representation for module `\$_DLATCH_P_'.
Generating RTLIL representation for module `\$_DLATCH_N_'.
Successfully finished Verilog frontend.

50.2. Continuing TECHMAP pass.
No more expansions possible.
<suppressed ~4 debug messages>

51. Executing SIMPLEMAP pass (map simple cells to gate primitives).

52. Executing DFFLIBMAP pass (mapping DFF cells to sequential cells from liberty file).
  cell sky130_fd_sc_hd__dfxtp_2 (noninv, pins=3, area=21.27) is a direct match for cell type $_DFF_P_.
  cell sky130_fd_sc_hd__dfrtp_2 (noninv, pins=4, area=26.28) is a direct match for cell type $_DFF_PN0_.
  cell sky130_fd_sc_hd__dfstp_2 (noninv, pins=4, area=26.28) is a direct match for cell type $_DFF_PN1_.
  cell sky130_fd_sc_hd__dfbbn_2 (noninv, pins=6, area=35.03) is a direct match for cell type $_DFFSR_NNN_.
  final dff cell mappings:
    unmapped dff cell: $_DFF_N_
    \sky130_fd_sc_hd__dfxtp_2 _DFF_P_ (.CLK( C), .D( D), .Q( Q));
    unmapped dff cell: $_DFF_NN0_
    unmapped dff cell: $_DFF_NN1_
    unmapped dff cell: $_DFF_NP0_
    unmapped dff cell: $_DFF_NP1_
    \sky130_fd_sc_hd__dfrtp_2 _DFF_PN0_ (.CLK( C), .D( D), .Q( Q), .RESET_B( R));
    \sky130_fd_sc_hd__dfstp_2 _DFF_PN1_ (.CLK( C), .D( D), .Q( Q), .SET_B( R));
    unmapped dff cell: $_DFF_PP0_
    unmapped dff cell: $_DFF_PP1_
    \sky130_fd_sc_hd__dfbbn_2 _DFFSR_NNN_ (.CLK_N( C), .D( D), .Q( Q), .Q_N(~Q), .RESET_B( R), .SET_B( S));
    unmapped dff cell: $_DFFSR_NNP_
    unmapped dff cell: $_DFFSR_NPN_
    unmapped dff cell: $_DFFSR_NPP_
    unmapped dff cell: $_DFFSR_PNN_
    unmapped dff cell: $_DFFSR_PNP_
    unmapped dff cell: $_DFFSR_PPN_
    unmapped dff cell: $_DFFSR_PPP_

52.1. Executing DFFLEGALIZE pass (convert FFs to types supported by the target).
Mapping DFF cells in module `\register_file':
  mapped 4112 $_DFF_P_ cells to \sky130_fd_sc_hd__dfxtp_2 cells.

53. Printing statistics.

=== register_file ===

   Number of wires:               9000
   Number of wire bits:          12900
   Number of public wires:         262
   Number of public wire bits:    4147
   Number of memories:               0
   Number of memory bits:            0
   Number of processes:              0
   Number of cells:              12865
     $_ANDNOT_                     257
     $_MUX_                       8192
     $_NAND_                         4
     $_ORNOT_                        8
     $_OR_                         292
     sky130_fd_sc_hd__dfxtp_2     4112

[INFO]: USING STRATEGY AREA 0

54. Executing ABC pass (technology mapping using ABC).

54.1. Extracting gate netlist of module `\register_file' to `/tmp/yosys-abc-h0JSmJ/input.blif'..
Extracted 8753 gates and 12876 wires to a netlist network with 4122 inputs and 4112 outputs.

54.1.1. Executing ABC.
Running ABC command: "/build/bin/yosys-abc" -s -f /tmp/yosys-abc-h0JSmJ/abc.script 2>&1
ABC: ABC command line: "source /tmp/yosys-abc-h0JSmJ/abc.script".
ABC: 
ABC: + read_blif /tmp/yosys-abc-h0JSmJ/input.blif 
ABC: + read_lib -w /openlane/designs/part3_regfile/runs/RUN_2026.05.16_09.33.21/tmp/synthesis/trimmed.lib 
ABC: Parsing finished successfully.  Parsing time =     0.04 sec
ABC: Scl_LibertyReadGenlib() skipped sequential cell "sky130_fd_sc_hd__dfbbn_2".
ABC: Scl_LibertyReadGenlib() skipped sequential cell "sky130_fd_sc_hd__dfrbp_2".
ABC: Scl_LibertyReadGenlib() skipped sequential cell "sky130_fd_sc_hd__dfrtp_2".
ABC: Scl_LibertyReadGenlib() skipped sequential cell "sky130_fd_sc_hd__dfrtp_4".
ABC: Scl_LibertyReadGenlib() skipped sequential cell "sky130_fd_sc_hd__dfsbp_2".
ABC: Scl_LibertyReadGenlib() skipped sequential cell "sky130_fd_sc_hd__dfstp_2".
ABC: Scl_LibertyReadGenlib() skipped sequential cell "sky130_fd_sc_hd__dfstp_4".
ABC: Scl_LibertyReadGenlib() skipped sequential cell "sky130_fd_sc_hd__dfxbp_2".
ABC: Scl_LibertyReadGenlib() skipped sequential cell "sky130_fd_sc_hd__dfxtp_2".
ABC: Scl_LibertyReadGenlib() skipped sequential cell "sky130_fd_sc_hd__dfxtp_4".
ABC: Scl_LibertyReadGenlib() skipped sequential cell "sky130_fd_sc_hd__dlxtn_1".
ABC: Scl_LibertyReadGenlib() skipped sequential cell "sky130_fd_sc_hd__dlxtn_2".
ABC: Scl_LibertyReadGenlib() skipped sequential cell "sky130_fd_sc_hd__dlxtn_4".
ABC: Scl_LibertyReadGenlib() skipped sequential cell "sky130_fd_sc_hd__dlxtp_1".
ABC: Scl_LibertyReadGenlib() skipped three-state cell "sky130_fd_sc_hd__ebufn_2".
ABC: Scl_LibertyReadGenlib() skipped three-state cell "sky130_fd_sc_hd__ebufn_4".
ABC: Scl_LibertyReadGenlib() skipped three-state cell "sky130_fd_sc_hd__ebufn_8".
ABC: Library "sky130A_merged" from "/openlane/designs/part3_regfile/runs/RUN_2026.05.16_09.33.21/tmp/synthesis/trimmed.lib" has 175 cells (17 skipped: 14 seq; 3 tri-state; 0 no func; 0 dont_use).  Time =     0.06 sec
ABC: Memory =    9.54 MB. Time =     0.06 sec
ABC: Warning: Detected 2 multi-output gates (for example, "sky130_fd_sc_hd__fa_1").
ABC: + read_constr -v /openlane/designs/part3_regfile/runs/RUN_2026.05.16_09.33.21/tmp/synthesis/synthesis.sdc 
ABC: Setting driving cell to be "sky130_fd_sc_hd__inv_2".
ABC: Setting output load to be 33.442001.
ABC: + read_constr /openlane/designs/part3_regfile/runs/RUN_2026.05.16_09.33.21/tmp/synthesis/synthesis.sdc 
ABC: + fx 
ABC: + mfs 
ABC: + strash 
ABC: + refactor 
ABC: + balance 
ABC: + rewrite 
ABC: + refactor 
ABC: + balance 
ABC: + rewrite 
ABC: + rewrite -z 
ABC: + balance 
ABC: + refactor -z 
ABC: + rewrite -z 
ABC: + balance 
ABC: + retime -D -D 10000 -M 5 
ABC: + scleanup 
ABC: Error: The network is combinational.
ABC: + fraig_store 
ABC: + balance 
ABC: + fraig_store 
ABC: + balance 
ABC: + rewrite 
ABC: + refactor 
ABC: + balance 
ABC: + rewrite 
ABC: + rewrite -z 
ABC: + balance 
ABC: + refactor -z 
ABC: + rewrite -z 
ABC: + balance 
ABC: + fraig_store 
ABC: + balance 
ABC: + rewrite 
ABC: + refactor 
ABC: + balance 
ABC: + rewrite 
ABC: + rewrite -z 
ABC: + balance 
ABC: + refactor -z 
ABC: + rewrite -z 
ABC: + balance 
ABC: + fraig_store 
ABC: + balance 
ABC: + rewrite 
ABC: + refactor 
ABC: + balance 
ABC: + rewrite 
ABC: + rewrite -z 
ABC: + balance 
ABC: + refactor -z 
ABC: + rewrite -z 
ABC: + balance 
ABC: + fraig_store 
ABC: + fraig_restore 
ABC: + amap -m -Q 0.1 -F 20 -A 20 -C 5000 
ABC: + retime -D -D 10000 
ABC: + &get -n 
ABC: + &st 
ABC: + &dch 
ABC: + &nf 
ABC: + &put 
ABC: + buffer -N 10 -S 750.0 
ABC: + upsize -D 10000 
ABC: Current delay (2412.43 ps) does not exceed the target delay (10000.00 ps). Upsizing is not performed.
ABC: + dnsize -D 10000 
ABC: + stime -p 
ABC: WireLoad = "none"  Gates =  12107 ( 44.3 %)   Cap = 12.6 ff ( 15.1 %)   Area =   103092.62 ( 47.6 %)   Delay =  3590.22 ps  (  3.7 %)               
ABC: Path  0 --       3 : 0    4 pi                      A =   0.00  Df =  30.0  -16.9 ps  S =  47.2 ps  Cin =  0.0 ff  Cout =   8.8 ff  Cmax =   0.0 ff  G =    0  
ABC: Path  1 --    8244 : 1   10 sky130_fd_sc_hd__buf_1  A =   3.75  Df = 263.3  -97.7 ps  S = 264.5 ps  Cin =  2.1 ff  Cout =  21.9 ff  Cmax = 130.0 ff  G =  999  
ABC: Path  2 --    8245 : 1   10 sky130_fd_sc_hd__buf_1  A =   3.75  Df = 592.6 -203.6 ps  S = 343.4 ps  Cin =  2.1 ff  Cout =  28.9 ff  Cmax = 130.0 ff  G = 1317  
ABC: Path  3 --    8246 : 1   10 sky130_fd_sc_hd__buf_1  A =   3.75  Df = 944.3 -314.4 ps  S = 365.9 ps  Cin =  2.1 ff  Cout =  30.9 ff  Cmax = 130.0 ff  G = 1394  
ABC: Path  4 --    8247 : 1   10 sky130_fd_sc_hd__buf_1  A =   3.75  Df =1289.9 -418.7 ps  S = 355.1 ps  Cin =  2.1 ff  Cout =  29.9 ff  Cmax = 130.0 ff  G = 1360  
ABC: Path  5 --    8248 : 4    7 sky130_fd_sc_hd__or4b_2 A =  10.01  Df =1962.0 -773.2 ps  S = 134.7 ps  Cin =  1.5 ff  Cout =  11.6 ff  Cmax = 265.5 ff  G =  752  
ABC: Path  6 --    8708 : 1   10 sky130_fd_sc_hd__buf_1  A =   3.75  Df =2254.5 -630.7 ps  S = 543.2 ps  Cin =  2.1 ff  Cout =  46.1 ff  Cmax = 130.0 ff  G = 2092  
ABC: Path  7 --   12243 : 2    7 sky130_fd_sc_hd__nor2_2 A =   6.26  Df =2567.1 -778.2 ps  S = 263.7 ps  Cin =  4.4 ff  Cout =  22.3 ff  Cmax = 141.9 ff  G =  484  
ABC: Path  8 --   12244 : 1   10 sky130_fd_sc_hd__buf_1  A =   3.75  Df =2933.0 -894.7 ps  S = 396.5 ps  Cin =  2.1 ff  Cout =  33.5 ff  Cmax = 130.0 ff  G = 1528  
ABC: Path  9 --   12245 : 3    1 sky130_fd_sc_hd__mux2_2 A =  11.26  Df =3269.3 -883.9 ps  S =  45.5 ps  Cin =  2.3 ff  Cout =   2.2 ff  Cmax = 297.6 ff  G =   92  
ABC: Path 10 --   12246 : 1    1 sky130_fd_sc_hd__buf_1  A =   3.75  Df =3590.2 -985.9 ps  S = 396.5 ps  Cin =  2.1 ff  Cout =  33.4 ff  Cmax = 130.0 ff  G = 1590  
ABC: Start-point = pi2 (\address [0]).  End-point = po1696 ($auto$rtlil.cc:2607:MuxGate$20144).
ABC: + print_stats -m 
ABC: netlist                       : i/o = 4122/ 4112  lat =    0  nd = 12107  edge =  28456  area =103070.91  delay =11.00  lev = 11
ABC: + write_blif /tmp/yosys-abc-h0JSmJ/output.blif 

54.1.2. Re-integrating ABC results.
ABC RESULTS:   sky130_fd_sc_hd__and4bb_2 cells:        2
ABC RESULTS:   sky130_fd_sc_hd__or4b_2 cells:        5
ABC RESULTS:   sky130_fd_sc_hd__and4b_2 cells:        1
ABC RESULTS:   sky130_fd_sc_hd__or3b_2 cells:        4
ABC RESULTS:   sky130_fd_sc_hd__or3_2 cells:        5
ABC RESULTS:   sky130_fd_sc_hd__inv_2 cells:        3
ABC RESULTS:   sky130_fd_sc_hd__buf_1 cells:     5364
ABC RESULTS:   sky130_fd_sc_hd__o31a_2 cells:       15
ABC RESULTS:   sky130_fd_sc_hd__o2bb2a_2 cells:       15
ABC RESULTS:   sky130_fd_sc_hd__a21oi_2 cells:       31
ABC RESULTS:   sky130_fd_sc_hd__nor2_2 cells:      176
ABC RESULTS:   sky130_fd_sc_hd__and2b_2 cells:       66
ABC RESULTS:   sky130_fd_sc_hd__a211o_2 cells:       64
ABC RESULTS:   sky130_fd_sc_hd__o21a_2 cells:       63
ABC RESULTS:   sky130_fd_sc_hd__a32o_2 cells:       32
ABC RESULTS:   sky130_fd_sc_hd__a221o_2 cells:       16
ABC RESULTS:   sky130_fd_sc_hd__and2_2 cells:       17
ABC RESULTS:   sky130_fd_sc_hd__and3b_2 cells:        1
ABC RESULTS:   sky130_fd_sc_hd__or2_2 cells:      190
ABC RESULTS:   sky130_fd_sc_hd__a21boi_2 cells:       16
ABC RESULTS:   sky130_fd_sc_hd__o22a_2 cells:      177
ABC RESULTS:   sky130_fd_sc_hd__o21ba_2 cells:       16
ABC RESULTS:   sky130_fd_sc_hd__or2b_2 cells:       66
ABC RESULTS:   sky130_fd_sc_hd__mux2_2 cells:     4352
ABC RESULTS:   sky130_fd_sc_hd__nand2_2 cells:       96
ABC RESULTS:   sky130_fd_sc_hd__o21ai_2 cells:       80
ABC RESULTS:   sky130_fd_sc_hd__a31o_2 cells:       81
ABC RESULTS:   sky130_fd_sc_hd__a21bo_2 cells:       16
ABC RESULTS:   sky130_fd_sc_hd__mux4_2 cells:      976
ABC RESULTS:   sky130_fd_sc_hd__a22o_2 cells:       32
ABC RESULTS:   sky130_fd_sc_hd__o21bai_2 cells:       16
ABC RESULTS:   sky130_fd_sc_hd__a21o_2 cells:       49
ABC RESULTS:   sky130_fd_sc_hd__a31oi_2 cells:       16
ABC RESULTS:   sky130_fd_sc_hd__o211a_2 cells:       48
ABC RESULTS:        internal signals:     4642
ABC RESULTS:           input signals:     4122
ABC RESULTS:          output signals:     4112
Removing temp directory.

55. Executing SETUNDEF pass (replace undef values with defined constants).

56. Executing HILOMAP pass (mapping to constant drivers).

57. Executing SPLITNETS pass (splitting up multi-bit signals).

58. Executing OPT_CLEAN pass (remove unused cells and wires).
Finding unused cells or wires in module \register_file..
Removed 0 unused cells and 12875 unused wires.
<suppressed ~1 debug messages>

59. Executing INSBUF pass (insert buffer cells for connected wires).

60. Executing CHECK pass (checking for obvious problems).
Checking module register_file...
Warning: Wire register_file.\data_out [15] is used but has no driver.
Warning: Wire register_file.\data_out [14] is used but has no driver.
Warning: Wire register_file.\data_out [13] is used but has no driver.
Warning: Wire register_file.\data_out [12] is used but has no driver.
Warning: Wire register_file.\data_out [11] is used but has no driver.
Warning: Wire register_file.\data_out [10] is used but has no driver.
Warning: Wire register_file.\data_out [9] is used but has no driver.
Warning: Wire register_file.\data_out [8] is used but has no driver.
Warning: Wire register_file.\data_out [7] is used but has no driver.
Warning: Wire register_file.\data_out [6] is used but has no driver.
Warning: Wire register_file.\data_out [5] is used but has no driver.
Warning: Wire register_file.\data_out [4] is used but has no driver.
Warning: Wire register_file.\data_out [3] is used but has no driver.
Warning: Wire register_file.\data_out [2] is used but has no driver.
Warning: Wire register_file.\data_out [1] is used but has no driver.
Warning: Wire register_file.\data_out [0] is used but has no driver.
Found and reported 16 problems.

61. Printing statistics.

=== register_file ===

   Number of wires:              16209
   Number of wire bits:          16254
   Number of public wires:        4102
   Number of public wire bits:    4147
   Number of memories:               0
   Number of memory bits:            0
   Number of processes:              0
   Number of cells:              16219
     sky130_fd_sc_hd__a211o_2       64
     sky130_fd_sc_hd__a21bo_2       16
     sky130_fd_sc_hd__a21boi_2      16
     sky130_fd_sc_hd__a21o_2        49
     sky130_fd_sc_hd__a21oi_2       31
     sky130_fd_sc_hd__a221o_2       16
     sky130_fd_sc_hd__a22o_2        32
     sky130_fd_sc_hd__a31o_2        81
     sky130_fd_sc_hd__a31oi_2       16
     sky130_fd_sc_hd__a32o_2        32
     sky130_fd_sc_hd__and2_2        17
     sky130_fd_sc_hd__and2b_2       66
     sky130_fd_sc_hd__and3b_2        1
     sky130_fd_sc_hd__and4b_2        1
     sky130_fd_sc_hd__and4bb_2       2
     sky130_fd_sc_hd__buf_1       5364
     sky130_fd_sc_hd__dfxtp_2     4112
     sky130_fd_sc_hd__inv_2          3
     sky130_fd_sc_hd__mux2_2      4352
     sky130_fd_sc_hd__mux4_2       976
     sky130_fd_sc_hd__nand2_2       96
     sky130_fd_sc_hd__nor2_2       176
     sky130_fd_sc_hd__o211a_2       48
     sky130_fd_sc_hd__o21a_2        63
     sky130_fd_sc_hd__o21ai_2       80
     sky130_fd_sc_hd__o21ba_2       16
     sky130_fd_sc_hd__o21bai_2      16
     sky130_fd_sc_hd__o22a_2       177
     sky130_fd_sc_hd__o2bb2a_2      15
     sky130_fd_sc_hd__o31a_2        15
     sky130_fd_sc_hd__or2_2        190
     sky130_fd_sc_hd__or2b_2        66
     sky130_fd_sc_hd__or3_2          5
     sky130_fd_sc_hd__or3b_2         4
     sky130_fd_sc_hd__or4b_2         5

   Chip area for module '\register_file': 190556.508800

62. Executing Verilog backend.
Dumping module `\register_file'.

Warnings: 16 unique messages, 16 total
End of script. Logfile hash: 950df770ee, CPU: user 3.86s system 0.05s, MEM: 67.05 MB peak
Yosys 0.30+48 (git sha1 14d50a176d5, gcc 8.3.1 -fPIC -Os)
Time spent: 75% 2x abc (11 sec), 11% 2x write_verilog (1 sec), ...
