[ERROR]: during executing openroad script /openlane/scripts/openroad/groute.tcl
[ERROR]: Log: designs/part3_regfile/runs/RUN_2026.05.16_09.33.21/logs/routing/12-global.log
[ERROR]: Last 10 lines:
[INFO GRT-0101] Running extra iterations to remove overflow.
[INFO GRT-0103] Extra Run for hard benchmark.
[INFO GRT-0197] Via related to pin nodes: 63124
[INFO GRT-0198] Via related Steiner nodes: 10833
[INFO GRT-0199] Via filling finished.
[INFO GRT-0111] Final number of vias: 254522
[INFO GRT-0112] Final usage 3D: 1808558
[ERROR GRT-0119] Routing congestion too high. Check the congestion heatmap in the GUI and load /openlane/designs/part3_regfile/runs/RUN_2026.05.16_09.33.21/tmp/routing/groute-congestion.rpt in the DRC viewer.
Error: groute.tcl, 37 GRT-0119
child process exited abnormally

[ERROR]: Creating issue reproducible...
[ERROR]: Step 12 (routing) failed with error:
-code 1 -level 0 -errorcode NONE -errorinfo {
    while executing
"throw_error"
    (procedure "run_tcl_script" line 219)
    invoked from within
"run_tcl_script -tool openroad -no_consume {*}$args"
    (procedure "run_openroad_script" line 2)
    invoked from within
"run_openroad_script $::env(SCRIPTS_DIR)/openroad/groute.tcl -indexed_log $log -save "def=$initial_def,guide=$initial_guide,odb=$initial_odb" -no_updat..."
    (procedure "global_routing_fastroute" line 12)
    invoked from within
"global_routing_fastroute"
    (procedure "global_routing" line 6)
    invoked from within
"global_routing"
    (procedure "run_routing" line 24)
    invoked from within
"run_routing"
    (procedure "run_routing_step" line 7)
    invoked from within
"run_routing_step"} -errorline 1
[ERROR]: Flow failed.
