[INFO]: Run Directory: /openlane/designs/part3_regfile/runs/RUN_2026.05.16_09.33.21
[INFO]: Saving runtime environment...
[INFO]: Preparing LEF files for the nom corner...
[INFO]: Preparing LEF files for the min corner...
[INFO]: Preparing LEF files for the max corner...
[INFO]: Running linter (Verilator) (log: designs/part3_regfile/runs/RUN_2026.05.16_09.33.21/logs/synthesis/linter.log)...
[INFO]: 0 errors found by linter
[WARNING]: 1 warnings found by linter
[INFO]: Running Synthesis (log: designs/part3_regfile/runs/RUN_2026.05.16_09.33.21/logs/synthesis/1-synthesis.log)...
[INFO]: Running Single-Corner Static Timing Analysis (log: designs/part3_regfile/runs/RUN_2026.05.16_09.33.21/logs/synthesis/2-sta.log)...
[INFO]: Running Initial Floorplanning (log: designs/part3_regfile/runs/RUN_2026.05.16_09.33.21/logs/floorplan/3-initial_fp.log)...
[INFO]: Floorplanned with width 488.52 and height 476.0.
[INFO]: Running IO Placement (log: designs/part3_regfile/runs/RUN_2026.05.16_09.33.21/logs/floorplan/4-place_io.log)...
[INFO]: Running Tap/Decap Insertion (log: designs/part3_regfile/runs/RUN_2026.05.16_09.33.21/logs/floorplan/5-tap.log)...
[INFO]: Power planning with power {VPWR} and ground {VGND}...
[INFO]: Generating PDN (log: designs/part3_regfile/runs/RUN_2026.05.16_09.33.21/logs/floorplan/6-pdn.log)...
[INFO]: Performing Random Global Placement (log: designs/part3_regfile/runs/RUN_2026.05.16_09.33.21/logs/placement/7-global.log)...
[INFO]: Skipping Placement Resizer Design Optimizations.
[INFO]: Running Detailed Placement (log: designs/part3_regfile/runs/RUN_2026.05.16_09.33.21/logs/placement/8-detailed.log)...
[INFO]: Running Single-Corner Static Timing Analysis (log: designs/part3_regfile/runs/RUN_2026.05.16_09.33.21/logs/placement/9-dpl_sta.log)...
[INFO]: Running Clock Tree Synthesis (log: designs/part3_regfile/runs/RUN_2026.05.16_09.33.21/logs/cts/10-cts.log)...
[INFO]: Running Single-Corner Static Timing Analysis (log: designs/part3_regfile/runs/RUN_2026.05.16_09.33.21/logs/cts/11-cts_sta.log)...
[INFO]: Skipping Placement Resizer Timing Optimizations.
[INFO]: Skipping Global Routing Resizer Design Optimizations.
[INFO]: Skipping Global Routing Resizer Timing Optimizations.
[INFO]: Running Global Routing (log: designs/part3_regfile/runs/RUN_2026.05.16_09.33.21/logs/routing/12-global.log)...
[ERROR]: during executing openroad script /openlane/scripts/openroad/groute.tcl
[ERROR]: Log: designs/part3_regfile/runs/RUN_2026.05.16_09.33.21/logs/routing/12-global.log
[ERROR]: Last 10 lines:
[INFO GRT-0101] Running extra iterations to remove overflow.
[INFO GRT-0103] Extra Run for hard benchmark.
[INFO GRT-0197] Via related to pin nodes: 63124
[INFO GRT-0198] Via related Steiner nodes: 10833
[INFO GRT-0199] Via filling finished.
[INFO GRT-0111] Final number of vias: 254522
[INFO GRT-0112] Final usage 3D: 1808558
[ERROR GRT-0119] Routing congestion too high. Check the congestion heatmap in the GUI and load /openlane/designs/part3_regfile/runs/RUN_2026.05.16_09.33.21/tmp/routing/groute-congestion.rpt in the DRC viewer.
Error: groute.tcl, 37 GRT-0119
child process exited abnormally

[ERROR]: Creating issue reproducible...
[INFO]: Saving runtime environment...
[INFO]: Reproducible packaged: Please tarball and upload 'designs/part3_regfile/runs/RUN_2026.05.16_09.33.21/issue_reproducible' if you're going to submit an issue.
[ERROR]: Step 12 (routing) failed with error:
-code 1 -level 0 -errorcode NONE -errorinfo {
    while executing
"throw_error"
    (procedure "run_tcl_script" line 219)
    invoked from within
"run_tcl_script -tool openroad -no_consume {*}$args"
    (procedure "run_openroad_script" line 2)
    invoked from within
"run_openroad_script $::env(SCRIPTS_DIR)/openroad/groute.tcl -indexed_log $log -save "def=$initial_def,guide=$initial_guide,odb=$initial_odb" -no_updat..."
    (procedure "global_routing_fastroute" line 12)
    invoked from within
"global_routing_fastroute"
    (procedure "global_routing" line 6)
    invoked from within
"global_routing"
    (procedure "run_routing" line 24)
    invoked from within
"run_routing"
    (procedure "run_routing_step" line 7)
    invoked from within
"run_routing_step"} -errorline 1
[INFO]: Saving current set of views in 'designs/part3_regfile/runs/RUN_2026.05.16_09.33.21/results/final'...
[INFO]: Generating final set of reports...
[INFO]: Created manufacturability report at 'designs/part3_regfile/runs/RUN_2026.05.16_09.33.21/reports/manufacturability.rpt'.
[INFO]: Created metrics report at 'designs/part3_regfile/runs/RUN_2026.05.16_09.33.21/reports/metrics.csv'.
[INFO]: Saving runtime environment...
[ERROR]: Flow failed.
[INFO]: The failure may have been because of the following warnings:
