OpenROAD 41a51eaf4ca2171c92ff38afb91eb37bbd3f36da 
This program is licensed under the BSD-3 license. See the LICENSE file for details.
Components of this program may be licensed under more restrictive licenses which must be honored.
[INFO]: Reading ODB at '/openlane/designs/part1_alu/runs/RUN_2026.05.15_10.33.54/tmp/routing/16-fill.odb'…
define_corners Typical
read_liberty -corner Typical /Users/egehuriel/.ciel/sky130A/libs.ref/sky130_fd_sc_hd/lib/sky130_fd_sc_hd__tt_025C_1v80.lib
Using 1e-12 for capacitance...
Using 1e+03 for resistance...
Using 1e-09 for time...
Using 1e+00 for voltage...
Using 1e-03 for current...
Using 1e-09 for power...
Using 1e-06 for distance...
Reading design constraints file at '/openlane/designs/part1_alu/runs/RUN_2026.05.15_10.33.54/tmp/11-alu.sdc'…
[INFO ORD-0030] Using 2 thread(s).
[INFO DRT-0149] Reading tech and libs.

Units:                1000
Number of layers:     13
Number of macros:     441
Number of vias:       25
Number of viarulegen: 25

[INFO DRT-0150] Reading design.

Design:                   alu
Die area:                 ( 0 0 ) ( 300000 300000 )
Number of track patterns: 12
Number of DEF vias:       0
Number of components:     8647
Number of terminals:      37
Number of snets:          2
Number of nets:           751

[INFO DRT-0167] List of default vias:
  Layer mcon
    default via: L1M1_PR
  Layer via
    default via: M1M2_PR
  Layer via2
    default via: M2M3_PR
  Layer via3
    default via: M3M4_PR
  Layer via4
    default via: M4M5_PR
[INFO DRT-0162] Library cell analysis.
[INFO DRT-0163] Instance analysis.
[INFO DRT-0164] Number of unique instances = 234.
[INFO DRT-0168] Init region query.
[INFO DRT-0024]   Complete FR_MASTERSLICE.
[INFO DRT-0024]   Complete licon.
[INFO DRT-0024]   Complete li1.
[INFO DRT-0024]   Complete mcon.
[INFO DRT-0024]   Complete met1.
[INFO DRT-0024]   Complete via.
[INFO DRT-0024]   Complete met2.
[INFO DRT-0024]   Complete via2.
[INFO DRT-0024]   Complete met3.
[INFO DRT-0024]   Complete via3.
[INFO DRT-0024]   Complete met4.
[INFO DRT-0024]   Complete via4.
[INFO DRT-0024]   Complete met5.
[INFO DRT-0033] FR_MASTERSLICE shape region query size = 0.
[INFO DRT-0033] licon shape region query size = 0.
[INFO DRT-0033] li1 shape region query size = 63325.
[INFO DRT-0033] mcon shape region query size = 88872.
[INFO DRT-0033] met1 shape region query size = 19083.
[INFO DRT-0033] via shape region query size = 6180.
[INFO DRT-0033] met2 shape region query size = 3708.
[INFO DRT-0033] via2 shape region query size = 4944.
[INFO DRT-0033] met3 shape region query size = 3743.
[INFO DRT-0033] via3 shape region query size = 4944.
[INFO DRT-0033] met4 shape region query size = 1548.
[INFO DRT-0033] via4 shape region query size = 264.
[INFO DRT-0033] met5 shape region query size = 308.
[INFO DRT-0165] Start pin access.
[INFO DRT-0076]   Complete 100 pins.
[INFO DRT-0076]   Complete 200 pins.
[INFO DRT-0076]   Complete 300 pins.
[INFO DRT-0076]   Complete 400 pins.
[INFO DRT-0076]   Complete 500 pins.
[INFO DRT-0076]   Complete 600 pins.
[INFO DRT-0076]   Complete 700 pins.
[INFO DRT-0076]   Complete 800 pins.
[INFO DRT-0078]   Complete 855 pins.
[INFO DRT-0079]   Complete 100 unique inst patterns.
[INFO DRT-0079]   Complete 200 unique inst patterns.
[INFO DRT-0081]   Complete 216 unique inst patterns.
[INFO DRT-0084]   Complete 787 groups.
#scanned instances     = 8647
#unique  instances     = 234
#stdCellGenAp          = 6656
#stdCellValidPlanarAp  = 58
#stdCellValidViaAp     = 4942
#stdCellPinNoAp        = 0
#stdCellPinCnt         = 2547
#instTermValidViaApCnt = 0
#macroGenAp            = 0
#macroValidPlanarAp    = 0
#macroValidViaAp       = 0
#macroNoAp             = 0
[INFO DRT-0166] Complete pin access.
[INFO DRT-0267] cpu time = 00:00:10, elapsed time = 00:00:05, memory = 144.59 (MB), peak = 144.18 (MB)

Number of guides:     12762

[INFO DRT-0169] Post process guides.
[INFO DRT-0176] GCELLGRID X 0 DO 43 STEP 6900 ;
[INFO DRT-0177] GCELLGRID Y 0 DO 43 STEP 6900 ;
[INFO DRT-0026]   Complete 10000 origin guides.
[INFO DRT-0028]   Complete FR_MASTERSLICE.
[INFO DRT-0028]   Complete licon.
[INFO DRT-0028]   Complete li1.
[INFO DRT-0028]   Complete mcon.
[INFO DRT-0028]   Complete met1.
[INFO DRT-0028]   Complete via.
[INFO DRT-0028]   Complete met2.
[INFO DRT-0028]   Complete via2.
[INFO DRT-0028]   Complete met3.
[INFO DRT-0028]   Complete via3.
[INFO DRT-0028]   Complete met4.
[INFO DRT-0028]   Complete via4.
[INFO DRT-0028]   Complete met5.
[INFO DRT-0178] Init guide query.
[INFO DRT-0035]   Complete FR_MASTERSLICE (guide).
[INFO DRT-0035]   Complete licon (guide).
[INFO DRT-0035]   Complete li1 (guide).
[INFO DRT-0035]   Complete mcon (guide).
[INFO DRT-0035]   Complete met1 (guide).
[INFO DRT-0035]   Complete via (guide).
[INFO DRT-0035]   Complete met2 (guide).
[INFO DRT-0035]   Complete via2 (guide).
[INFO DRT-0035]   Complete met3 (guide).
[INFO DRT-0035]   Complete via3 (guide).
[INFO DRT-0035]   Complete met4 (guide).
[INFO DRT-0035]   Complete via4 (guide).
[INFO DRT-0035]   Complete met5 (guide).
[INFO DRT-0036] FR_MASTERSLICE guide region query size = 0.
[INFO DRT-0036] licon guide region query size = 0.
[INFO DRT-0036] li1 guide region query size = 2558.
[INFO DRT-0036] mcon guide region query size = 0.
[INFO DRT-0036] met1 guide region query size = 3111.
[INFO DRT-0036] via guide region query size = 0.
[INFO DRT-0036] met2 guide region query size = 2467.
[INFO DRT-0036] via2 guide region query size = 0.
[INFO DRT-0036] met3 guide region query size = 853.
[INFO DRT-0036] via3 guide region query size = 0.
[INFO DRT-0036] met4 guide region query size = 296.
[INFO DRT-0036] via4 guide region query size = 0.
[INFO DRT-0036] met5 guide region query size = 25.
[INFO DRT-0179] Init gr pin query.
[INFO DRT-0245] skipped writing guide updates to database.
[INFO DRT-0185] Post process initialize RPin region query.
[INFO DRT-0181] Start track assignment.
[INFO DRT-0184] Done with 5321 vertical wires in 1 frboxes and 3989 horizontal wires in 1 frboxes.
[INFO DRT-0186] Done with 1083 vertical wires in 1 frboxes and 1137 horizontal wires in 1 frboxes.
[INFO DRT-0182] Complete track assignment.
[INFO DRT-0267] cpu time = 00:00:00, elapsed time = 00:00:00, memory = 178.00 (MB), peak = 177.60 (MB)
[INFO DRT-0187] Start routing data preparation.
[INFO DRT-0267] cpu time = 00:00:00, elapsed time = 00:00:00, memory = 178.00 (MB), peak = 177.60 (MB)
[INFO DRT-0194] Start detail routing.
[INFO DRT-0195] Start 0th optimization iteration.
    Completing 10% with 0 violations.
    elapsed time = 00:00:00, memory = 226.47 (MB).
    Completing 20% with 0 violations.
    elapsed time = 00:00:02, memory = 290.34 (MB).
    Completing 30% with 0 violations.
    elapsed time = 00:00:02, memory = 293.48 (MB).
    Completing 40% with 418 violations.
    elapsed time = 00:00:03, memory = 276.27 (MB).
    Completing 50% with 418 violations.
    elapsed time = 00:00:05, memory = 301.09 (MB).
    Completing 60% with 757 violations.
    elapsed time = 00:00:06, memory = 275.63 (MB).
    Completing 70% with 757 violations.
    elapsed time = 00:00:07, memory = 293.55 (MB).
    Completing 80% with 757 violations.
    elapsed time = 00:00:08, memory = 312.94 (MB).
    Completing 90% with 1048 violations.
    elapsed time = 00:00:10, memory = 307.51 (MB).
    Completing 100% with 1310 violations.
    elapsed time = 00:00:10, memory = 250.72 (MB).
[INFO DRT-0199]   Number of violations = 1590.
Viol/Layer         li1   mcon   met1   met2   met3   met4
Cut Spacing          0      2      0      0      0      0
Metal Spacing        1      0     79    146     36      8
Min Hole             0      0      2      0      0      0
Recheck              0      0    135     88     23     34
Short                0      0    455    488     85      8
[INFO DRT-0267] cpu time = 00:00:21, elapsed time = 00:00:10, memory = 509.18 (MB), peak = 520.57 (MB)
Total wire length = 222043 um.
Total wire length on LAYER li1 = 0 um.
Total wire length on LAYER met1 = 78246 um.
Total wire length on LAYER met2 = 82086 um.
Total wire length on LAYER met3 = 37870 um.
Total wire length on LAYER met4 = 21438 um.
Total wire length on LAYER met5 = 2401 um.
Total number of vias = 9522.
Up-via summary (total 9522):.

-----------------------
 FR_MASTERSLICE       0
            li1    2620
           met1    5156
           met2    1165
           met3     542
           met4      39
-----------------------
                   9522


[INFO DRT-0195] Start 1st optimization iteration.
    Completing 10% with 1590 violations.
    elapsed time = 00:00:00, memory = 524.80 (MB).
    Completing 20% with 1590 violations.
    elapsed time = 00:00:01, memory = 571.66 (MB).
    Completing 30% with 1590 violations.
    elapsed time = 00:00:02, memory = 585.81 (MB).
    Completing 40% with 1387 violations.
    elapsed time = 00:00:03, memory = 545.15 (MB).
    Completing 50% with 1387 violations.
    elapsed time = 00:00:04, memory = 574.59 (MB).
    Completing 60% with 1130 violations.
    elapsed time = 00:00:05, memory = 530.30 (MB).
    Completing 70% with 1130 violations.
    elapsed time = 00:00:06, memory = 552.44 (MB).
    Completing 80% with 1130 violations.
    elapsed time = 00:00:07, memory = 563.13 (MB).
    Completing 90% with 963 violations.
    elapsed time = 00:00:08, memory = 551.75 (MB).
    Completing 100% with 625 violations.
    elapsed time = 00:00:09, memory = 505.93 (MB).
[INFO DRT-0199]   Number of violations = 625.
Viol/Layer        mcon   met1   met2   met3   met4   met5
Cut Spacing          2      0      0      0      0      0
Metal Spacing        0     31     93     28      2      1
Short                0    316    140      9      3      0
[INFO DRT-0267] cpu time = 00:00:19, elapsed time = 00:00:10, memory = 521.79 (MB), peak = 586.80 (MB)
Total wire length = 222184 um.
Total wire length on LAYER li1 = 0 um.
Total wire length on LAYER met1 = 78348 um.
Total wire length on LAYER met2 = 82034 um.
Total wire length on LAYER met3 = 37870 um.
Total wire length on LAYER met4 = 21525 um.
Total wire length on LAYER met5 = 2405 um.
Total number of vias = 9844.
Up-via summary (total 9844):.

-----------------------
 FR_MASTERSLICE       0
            li1    2620
           met1    5361
           met2    1265
           met3     559
           met4      39
-----------------------
                   9844


[INFO DRT-0195] Start 2nd optimization iteration.
    Completing 10% with 625 violations.
    elapsed time = 00:00:00, memory = 521.79 (MB).
    Completing 20% with 625 violations.
    elapsed time = 00:00:01, memory = 564.50 (MB).
    Completing 30% with 625 violations.
    elapsed time = 00:00:01, memory = 570.06 (MB).
    Completing 40% with 642 violations.
    elapsed time = 00:00:02, memory = 544.73 (MB).
    Completing 50% with 642 violations.
    elapsed time = 00:00:03, memory = 568.04 (MB).
    Completing 60% with 625 violations.
    elapsed time = 00:00:04, memory = 542.44 (MB).
    Completing 70% with 625 violations.
    elapsed time = 00:00:06, memory = 563.84 (MB).
    Completing 80% with 625 violations.
    elapsed time = 00:00:06, memory = 578.60 (MB).
    Completing 90% with 583 violations.
    elapsed time = 00:00:08, memory = 566.80 (MB).
    Completing 100% with 620 violations.
    elapsed time = 00:00:10, memory = 518.43 (MB).
[INFO DRT-0199]   Number of violations = 858.
Viol/Layer        met1   met2   met3   met4
Metal Spacing       28    100     25      3
Recheck              0      0    238      0
Short              239    205     19      1
[INFO DRT-0267] cpu time = 00:00:19, elapsed time = 00:00:10, memory = 522.70 (MB), peak = 586.80 (MB)
Total wire length = 222144 um.
Total wire length on LAYER li1 = 0 um.
Total wire length on LAYER met1 = 78206 um.
Total wire length on LAYER met2 = 82149 um.
Total wire length on LAYER met3 = 37923 um.
Total wire length on LAYER met4 = 21478 um.
Total wire length on LAYER met5 = 2387 um.
Total number of vias = 9865.
Up-via summary (total 9865):.

-----------------------
 FR_MASTERSLICE       0
            li1    2620
           met1    5462
           met2    1194
           met3     550
           met4      39
-----------------------
                   9865


[INFO DRT-0195] Start 3rd optimization iteration.
    Completing 10% with 858 violations.
    elapsed time = 00:00:00, memory = 573.38 (MB).
    Completing 20% with 858 violations.
    elapsed time = 00:00:02, memory = 585.38 (MB).
    Completing 30% with 858 violations.
    elapsed time = 00:00:02, memory = 585.38 (MB).
    Completing 40% with 645 violations.
    elapsed time = 00:00:04, memory = 569.95 (MB).
    Completing 50% with 645 violations.
    elapsed time = 00:00:05, memory = 590.89 (MB).
    Completing 60% with 532 violations.
    elapsed time = 00:00:06, memory = 545.19 (MB).
    Completing 70% with 532 violations.
    elapsed time = 00:00:07, memory = 572.81 (MB).
    Completing 80% with 532 violations.
    elapsed time = 00:00:08, memory = 580.35 (MB).
    Completing 90% with 182 violations.
    elapsed time = 00:00:09, memory = 546.42 (MB).
    Completing 100% with 60 violations.
    elapsed time = 00:00:09, memory = 519.33 (MB).
[INFO DRT-0199]   Number of violations = 60.
Viol/Layer        met1   met2
Metal Spacing        6     13
Short               23     18
[INFO DRT-0267] cpu time = 00:00:16, elapsed time = 00:00:09, memory = 521.65 (MB), peak = 590.72 (MB)
Total wire length = 222427 um.
Total wire length on LAYER li1 = 0 um.
Total wire length on LAYER met1 = 78773 um.
Total wire length on LAYER met2 = 81783 um.
Total wire length on LAYER met3 = 37501 um.
Total wire length on LAYER met4 = 21998 um.
Total wire length on LAYER met5 = 2371 um.
Total number of vias = 10510.
Up-via summary (total 10510):.

------------------------
 FR_MASTERSLICE        0
            li1     2620
           met1     5925
           met2     1327
           met3      599
           met4       39
------------------------
                   10510


[INFO DRT-0195] Start 4th optimization iteration.
    Completing 10% with 60 violations.
    elapsed time = 00:00:00, memory = 521.65 (MB).
    Completing 20% with 60 violations.
    elapsed time = 00:00:01, memory = 557.73 (MB).
    Completing 30% with 60 violations.
    elapsed time = 00:00:01, memory = 557.73 (MB).
    Completing 40% with 55 violations.
    elapsed time = 00:00:01, memory = 519.53 (MB).
    Completing 50% with 55 violations.
    elapsed time = 00:00:01, memory = 519.53 (MB).
    Completing 60% with 54 violations.
    elapsed time = 00:00:01, memory = 519.53 (MB).
    Completing 70% with 54 violations.
    elapsed time = 00:00:01, memory = 519.53 (MB).
    Completing 80% with 54 violations.
    elapsed time = 00:00:01, memory = 519.53 (MB).
    Completing 90% with 24 violations.
    elapsed time = 00:00:01, memory = 545.23 (MB).
    Completing 100% with 0 violations.
    elapsed time = 00:00:01, memory = 519.58 (MB).
[INFO DRT-0199]   Number of violations = 0.
[INFO DRT-0267] cpu time = 00:00:03, elapsed time = 00:00:01, memory = 519.58 (MB), peak = 590.72 (MB)
Total wire length = 222410 um.
Total wire length on LAYER li1 = 0 um.
Total wire length on LAYER met1 = 78786 um.
Total wire length on LAYER met2 = 81752 um.
Total wire length on LAYER met3 = 37479 um.
Total wire length on LAYER met4 = 22020 um.
Total wire length on LAYER met5 = 2371 um.
Total number of vias = 10519.
Up-via summary (total 10519):.

------------------------
 FR_MASTERSLICE        0
            li1     2620
           met1     5932
           met2     1329
           met3      599
           met4       39
------------------------
                   10519


[INFO DRT-0198] Complete detail routing.
Total wire length = 222410 um.
Total wire length on LAYER li1 = 0 um.
Total wire length on LAYER met1 = 78786 um.
Total wire length on LAYER met2 = 81752 um.
Total wire length on LAYER met3 = 37479 um.
Total wire length on LAYER met4 = 22020 um.
Total wire length on LAYER met5 = 2371 um.
Total number of vias = 10519.
Up-via summary (total 10519):.

------------------------
 FR_MASTERSLICE        0
            li1     2620
           met1     5932
           met2     1329
           met3      599
           met4       39
------------------------
                   10519


[INFO DRT-0267] cpu time = 00:01:20, elapsed time = 00:00:42, memory = 519.58 (MB), peak = 590.72 (MB)

[INFO DRT-0180] Post processing.
Setting global connections for newly added cells…
Writing OpenROAD database to '/openlane/designs/part1_alu/runs/RUN_2026.05.15_10.33.54/results/routing/alu.odb'…
Writing netlist to '/openlane/designs/part1_alu/runs/RUN_2026.05.15_10.33.54/results/routing/alu.nl.v'…
Writing powered netlist to '/openlane/designs/part1_alu/runs/RUN_2026.05.15_10.33.54/results/routing/alu.pnl.v'…
Writing layout to '/openlane/designs/part1_alu/runs/RUN_2026.05.15_10.33.54/results/routing/alu.def'…
