
===========================================================================
 report_power
============================================================================
======================= Fastest Corner ===================================

Group                  Internal  Switching    Leakage      Total
                          Power      Power      Power      Power (Watts)
----------------------------------------------------------------
Sequential             1.25e-03   3.47e-04   4.51e-09   1.60e-03  29.0%
Combinational          1.79e-03   2.13e-03   2.41e-08   3.91e-03  71.0%
Macro                  0.00e+00   0.00e+00   0.00e+00   0.00e+00   0.0%
Pad                    0.00e+00   0.00e+00   0.00e+00   0.00e+00   0.0%
----------------------------------------------------------------
Total                  3.04e-03   2.47e-03   2.86e-08   5.51e-03 100.0%
                          55.1%      44.9%       0.0%

======================= Slowest Corner ===================================

Group                  Internal  Switching    Leakage      Total
                          Power      Power      Power      Power (Watts)
----------------------------------------------------------------
Sequential             8.38e-04   2.34e-04   3.94e-06   1.08e-03  29.0%
Combinational          1.21e-03   1.41e-03   4.96e-06   2.63e-03  71.0%
Macro                  0.00e+00   0.00e+00   0.00e+00   0.00e+00   0.0%
Pad                    0.00e+00   0.00e+00   0.00e+00   0.00e+00   0.0%
----------------------------------------------------------------
Total                  2.05e-03   1.65e-03   8.90e-06   3.71e-03 100.0%
                          55.3%      44.4%       0.2%

======================= Typical Corner ===================================

Group                  Internal  Switching    Leakage      Total
                          Power      Power      Power      Power (Watts)
----------------------------------------------------------------
Sequential             1.07e-03   2.96e-04   2.16e-09   1.37e-03  29.3%
Combinational          1.51e-03   1.80e-03   1.65e-08   3.31e-03  70.7%
Macro                  0.00e+00   0.00e+00   0.00e+00   0.00e+00   0.0%
Pad                    0.00e+00   0.00e+00   0.00e+00   0.00e+00   0.0%
----------------------------------------------------------------
Total                  2.58e-03   2.10e-03   1.87e-08   4.68e-03 100.0%
                          55.2%      44.8%       0.0%

