
===========================================================================
report_checks -path_delay min (Hold)
============================================================================
======================= Typical Corner ===================================

Startpoint: A[7] (input port clocked by __VIRTUAL_CLK__)
Endpoint: Y[11] (output port clocked by __VIRTUAL_CLK__)
Path Group: __VIRTUAL_CLK__
Path Type: min

Fanout     Cap    Slew   Delay    Time   Description
-----------------------------------------------------------------------------
                  0.00    0.00    0.00   clock __VIRTUAL_CLK__ (rise edge)
                          0.00    0.00   clock network delay (ideal)
                          2.00    2.00 ^ input external delay
                  0.03    0.02    2.02 ^ A[7] (in)
     1    0.01                           A[7] (net)
                  0.03    0.00    2.02 ^ input8/A (sky130_fd_sc_hd__buf_6)
                  0.17    0.17    2.19 ^ input8/X (sky130_fd_sc_hd__buf_6)
     6    0.08                           net8 (net)
                  0.18    0.02    2.21 ^ _1102_/A (sky130_fd_sc_hd__buf_8)
                  0.17    0.21    2.42 ^ _1102_/X (sky130_fd_sc_hd__buf_8)
    10    0.10                           _0389_ (net)
                  0.17    0.00    2.42 ^ _1190_/A1 (sky130_fd_sc_hd__a21oi_4)
                  0.06    0.10    2.52 v _1190_/Y (sky130_fd_sc_hd__a21oi_4)
     3    0.02                           _0485_ (net)
                  0.06    0.00    2.52 v _1278_/B1 (sky130_fd_sc_hd__a31o_1)
                  0.05    0.20    2.72 v _1278_/X (sky130_fd_sc_hd__a31o_1)
     1    0.01                           net22 (net)
                  0.05    0.00    2.72 v output22/A (sky130_fd_sc_hd__buf_2)
                  0.09    0.17    2.89 v output22/X (sky130_fd_sc_hd__buf_2)
     1    0.03                           Y[11] (net)
                  0.09    0.00    2.89 v Y[11] (out)
                                  2.89   data arrival time

                  0.00    0.00    0.00   clock __VIRTUAL_CLK__ (rise edge)
                          0.00    0.00   clock network delay (ideal)
                          0.25    0.25   clock uncertainty
                          0.00    0.25   clock reconvergence pessimism
                         -2.00   -1.75   output external delay
                                 -1.75   data required time
-----------------------------------------------------------------------------
                                 -1.75   data required time
                                 -2.89   data arrival time
-----------------------------------------------------------------------------
                                  4.64   slack (MET)


Startpoint: A[7] (input port clocked by __VIRTUAL_CLK__)
Endpoint: Y[10] (output port clocked by __VIRTUAL_CLK__)
Path Group: __VIRTUAL_CLK__
Path Type: min

Fanout     Cap    Slew   Delay    Time   Description
-----------------------------------------------------------------------------
                  0.00    0.00    0.00   clock __VIRTUAL_CLK__ (rise edge)
                          0.00    0.00   clock network delay (ideal)
                          2.00    2.00 ^ input external delay
                  0.03    0.02    2.02 ^ A[7] (in)
     1    0.01                           A[7] (net)
                  0.03    0.00    2.02 ^ input8/A (sky130_fd_sc_hd__buf_6)
                  0.17    0.17    2.19 ^ input8/X (sky130_fd_sc_hd__buf_6)
     6    0.08                           net8 (net)
                  0.18    0.02    2.21 ^ _1102_/A (sky130_fd_sc_hd__buf_8)
                  0.17    0.21    2.42 ^ _1102_/X (sky130_fd_sc_hd__buf_8)
    10    0.10                           _0389_ (net)
                  0.17    0.00    2.42 ^ _1190_/A1 (sky130_fd_sc_hd__a21oi_4)
                  0.06    0.10    2.52 v _1190_/Y (sky130_fd_sc_hd__a21oi_4)
     3    0.02                           _0485_ (net)
                  0.06    0.00    2.52 v _1253_/B1 (sky130_fd_sc_hd__a31o_1)
                  0.06    0.20    2.72 v _1253_/X (sky130_fd_sc_hd__a31o_1)
     1    0.01                           net21 (net)
                  0.06    0.00    2.72 v output21/A (sky130_fd_sc_hd__buf_2)
                  0.09    0.18    2.90 v output21/X (sky130_fd_sc_hd__buf_2)
     1    0.03                           Y[10] (net)
                  0.09    0.00    2.90 v Y[10] (out)
                                  2.90   data arrival time

                  0.00    0.00    0.00   clock __VIRTUAL_CLK__ (rise edge)
                          0.00    0.00   clock network delay (ideal)
                          0.25    0.25   clock uncertainty
                          0.00    0.25   clock reconvergence pessimism
                         -2.00   -1.75   output external delay
                                 -1.75   data required time
-----------------------------------------------------------------------------
                                 -1.75   data required time
                                 -2.90   data arrival time
-----------------------------------------------------------------------------
                                  4.65   slack (MET)


Startpoint: op[0] (input port clocked by __VIRTUAL_CLK__)
Endpoint: Y[9] (output port clocked by __VIRTUAL_CLK__)
Path Group: __VIRTUAL_CLK__
Path Type: min

Fanout     Cap    Slew   Delay    Time   Description
-----------------------------------------------------------------------------
                  0.00    0.00    0.00   clock __VIRTUAL_CLK__ (rise edge)
                          0.00    0.00   clock network delay (ideal)
                          2.00    2.00 ^ input external delay
                  0.02    0.01    2.01 ^ op[0] (in)
     1    0.00                           op[0] (net)
                  0.02    0.00    2.01 ^ input17/A (sky130_fd_sc_hd__clkbuf_4)
                  0.12    0.17    2.18 ^ input17/X (sky130_fd_sc_hd__clkbuf_4)
     3    0.04                           net17 (net)
                  0.12    0.01    2.18 ^ _0878_/A (sky130_fd_sc_hd__buf_6)
                  0.17    0.20    2.38 ^ _0878_/X (sky130_fd_sc_hd__buf_6)
    10    0.09                           _0160_ (net)
                  0.18    0.01    2.40 ^ _0943_/A (sky130_fd_sc_hd__nor3b_4)
                  0.05    0.09    2.49 v _0943_/Y (sky130_fd_sc_hd__nor3b_4)
     4    0.02                           _0222_ (net)
                  0.05    0.00    2.49 v _1225_/A1 (sky130_fd_sc_hd__a31o_2)
                  0.07    0.23    2.72 v _1225_/X (sky130_fd_sc_hd__a31o_2)
     1    0.02                           net35 (net)
                  0.07    0.00    2.72 v output35/A (sky130_fd_sc_hd__buf_2)
                  0.09    0.18    2.90 v output35/X (sky130_fd_sc_hd__buf_2)
     1    0.03                           Y[9] (net)
                  0.09    0.00    2.90 v Y[9] (out)
                                  2.90   data arrival time

                  0.00    0.00    0.00   clock __VIRTUAL_CLK__ (rise edge)
                          0.00    0.00   clock network delay (ideal)
                          0.25    0.25   clock uncertainty
                          0.00    0.25   clock reconvergence pessimism
                         -2.00   -1.75   output external delay
                                 -1.75   data required time
-----------------------------------------------------------------------------
                                 -1.75   data required time
                                 -2.90   data arrival time
-----------------------------------------------------------------------------
                                  4.65   slack (MET)


Startpoint: op[0] (input port clocked by __VIRTUAL_CLK__)
Endpoint: Y[13] (output port clocked by __VIRTUAL_CLK__)
Path Group: __VIRTUAL_CLK__
Path Type: min

Fanout     Cap    Slew   Delay    Time   Description
-----------------------------------------------------------------------------
                  0.00    0.00    0.00   clock __VIRTUAL_CLK__ (rise edge)
                          0.00    0.00   clock network delay (ideal)
                          2.00    2.00 ^ input external delay
                  0.02    0.01    2.01 ^ op[0] (in)
     1    0.00                           op[0] (net)
                  0.02    0.00    2.01 ^ input17/A (sky130_fd_sc_hd__clkbuf_4)
                  0.12    0.17    2.18 ^ input17/X (sky130_fd_sc_hd__clkbuf_4)
     3    0.04                           net17 (net)
                  0.12    0.01    2.18 ^ _0878_/A (sky130_fd_sc_hd__buf_6)
                  0.17    0.20    2.38 ^ _0878_/X (sky130_fd_sc_hd__buf_6)
    10    0.09                           _0160_ (net)
                  0.18    0.01    2.40 ^ _0943_/A (sky130_fd_sc_hd__nor3b_4)
                  0.05    0.09    2.49 v _0943_/Y (sky130_fd_sc_hd__nor3b_4)
     4    0.02                           _0222_ (net)
                  0.05    0.00    2.49 v _1312_/A1 (sky130_fd_sc_hd__a31o_2)
                  0.10    0.26    2.75 v _1312_/X (sky130_fd_sc_hd__a31o_2)
     1    0.03                           net24 (net)
                  0.10    0.01    2.75 v output24/A (sky130_fd_sc_hd__buf_2)
                  0.09    0.19    2.95 v output24/X (sky130_fd_sc_hd__buf_2)
     1    0.03                           Y[13] (net)
                  0.09    0.00    2.95 v Y[13] (out)
                                  2.95   data arrival time

                  0.00    0.00    0.00   clock __VIRTUAL_CLK__ (rise edge)
                          0.00    0.00   clock network delay (ideal)
                          0.25    0.25   clock uncertainty
                          0.00    0.25   clock reconvergence pessimism
                         -2.00   -1.75   output external delay
                                 -1.75   data required time
-----------------------------------------------------------------------------
                                 -1.75   data required time
                                 -2.95   data arrival time
-----------------------------------------------------------------------------
                                  4.70   slack (MET)


Startpoint: A[0] (input port clocked by __VIRTUAL_CLK__)
Endpoint: Y[1] (output port clocked by __VIRTUAL_CLK__)
Path Group: __VIRTUAL_CLK__
Path Type: min

Fanout     Cap    Slew   Delay    Time   Description
-----------------------------------------------------------------------------
                  0.00    0.00    0.00   clock __VIRTUAL_CLK__ (rise edge)
                          0.00    0.00   clock network delay (ideal)
                          2.00    2.00 v input external delay
                  0.02    0.01    2.01 v A[0] (in)
     1    0.01                           A[0] (net)
                  0.02    0.00    2.01 v input1/A (sky130_fd_sc_hd__buf_8)
                  0.08    0.14    2.15 v input1/X (sky130_fd_sc_hd__buf_8)
     7    0.09                           net1 (net)
                  0.08    0.01    2.16 v _0857_/A (sky130_fd_sc_hd__buf_12)
                  0.07    0.17    2.33 v _0857_/X (sky130_fd_sc_hd__buf_12)
    10    0.12                           _0139_ (net)
                  0.07    0.01    2.34 v _0886_/B (sky130_fd_sc_hd__nand2_8)
                  0.10    0.12    2.46 ^ _0886_/Y (sky130_fd_sc_hd__nand2_8)
     4    0.06                           _0168_ (net)
                  0.10    0.00    2.46 ^ _0916_/A (sky130_fd_sc_hd__xor2_4)
                  0.05    0.10    2.56 v _0916_/X (sky130_fd_sc_hd__xor2_4)
     1    0.02                           _0197_ (net)
                  0.05    0.00    2.57 v _0918_/B1 (sky130_fd_sc_hd__o22a_4)
                  0.07    0.24    2.81 v _0918_/X (sky130_fd_sc_hd__o22a_4)
     1    0.03                           net27 (net)
                  0.07    0.01    2.81 v output27/A (sky130_fd_sc_hd__buf_2)
                  0.09    0.18    3.00 v output27/X (sky130_fd_sc_hd__buf_2)
     1    0.03                           Y[1] (net)
                  0.09    0.00    3.00 v Y[1] (out)
                                  3.00   data arrival time

                  0.00    0.00    0.00   clock __VIRTUAL_CLK__ (rise edge)
                          0.00    0.00   clock network delay (ideal)
                          0.25    0.25   clock uncertainty
                          0.00    0.25   clock reconvergence pessimism
                         -2.00   -1.75   output external delay
                                 -1.75   data required time
-----------------------------------------------------------------------------
                                 -1.75   data required time
                                 -3.00   data arrival time
-----------------------------------------------------------------------------
                                  4.75   slack (MET)


Startpoint: op[0] (input port clocked by __VIRTUAL_CLK__)
Endpoint: Y[4] (output port clocked by __VIRTUAL_CLK__)
Path Group: __VIRTUAL_CLK__
Path Type: min

Fanout     Cap    Slew   Delay    Time   Description
-----------------------------------------------------------------------------
                  0.00    0.00    0.00   clock __VIRTUAL_CLK__ (rise edge)
                          0.00    0.00   clock network delay (ideal)
                          2.00    2.00 ^ input external delay
                  0.02    0.01    2.01 ^ op[0] (in)
     1    0.00                           op[0] (net)
                  0.02    0.00    2.01 ^ input17/A (sky130_fd_sc_hd__clkbuf_4)
                  0.12    0.17    2.18 ^ input17/X (sky130_fd_sc_hd__clkbuf_4)
     3    0.04                           net17 (net)
                  0.12    0.01    2.18 ^ _0878_/A (sky130_fd_sc_hd__buf_6)
                  0.17    0.20    2.38 ^ _0878_/X (sky130_fd_sc_hd__buf_6)
    10    0.09                           _0160_ (net)
                  0.18    0.01    2.40 ^ _0943_/A (sky130_fd_sc_hd__nor3b_4)
                  0.05    0.09    2.49 v _0943_/Y (sky130_fd_sc_hd__nor3b_4)
     4    0.02                           _0222_ (net)
                  0.05    0.00    2.49 v max_cap58/A (sky130_fd_sc_hd__buf_2)
                  0.07    0.16    2.64 v max_cap58/X (sky130_fd_sc_hd__buf_2)
     3    0.03                           net58 (net)
                  0.07    0.00    2.65 v _1009_/A1 (sky130_fd_sc_hd__a31o_1)
                  0.05    0.19    2.84 v _1009_/X (sky130_fd_sc_hd__a31o_1)
     1    0.01                           net30 (net)
                  0.05    0.00    2.84 v output30/A (sky130_fd_sc_hd__buf_2)
                  0.09    0.17    3.01 v output30/X (sky130_fd_sc_hd__buf_2)
     1    0.03                           Y[4] (net)
                  0.09    0.00    3.01 v Y[4] (out)
                                  3.01   data arrival time

                  0.00    0.00    0.00   clock __VIRTUAL_CLK__ (rise edge)
                          0.00    0.00   clock network delay (ideal)
                          0.25    0.25   clock uncertainty
                          0.00    0.25   clock reconvergence pessimism
                         -2.00   -1.75   output external delay
                                 -1.75   data required time
-----------------------------------------------------------------------------
                                 -1.75   data required time
                                 -3.01   data arrival time
-----------------------------------------------------------------------------
                                  4.76   slack (MET)


Startpoint: A[4] (input port clocked by __VIRTUAL_CLK__)
Endpoint: Y[5] (output port clocked by __VIRTUAL_CLK__)
Path Group: __VIRTUAL_CLK__
Path Type: min

Fanout     Cap    Slew   Delay    Time   Description
-----------------------------------------------------------------------------
                  0.00    0.00    0.00   clock __VIRTUAL_CLK__ (rise edge)
                          0.00    0.00   clock network delay (ideal)
                          2.00    2.00 ^ input external delay
                  0.02    0.01    2.01 ^ A[4] (in)
     1    0.00                           A[4] (net)
                  0.02    0.00    2.01 ^ input5/A (sky130_fd_sc_hd__buf_4)
                  0.15    0.17    2.18 ^ input5/X (sky130_fd_sc_hd__buf_4)
     2    0.05                           net5 (net)
                  0.15    0.01    2.19 ^ _0977_/A (sky130_fd_sc_hd__clkbuf_16)
                  0.13    0.22    2.41 ^ _0977_/X (sky130_fd_sc_hd__clkbuf_16)
    10    0.11                           _0255_ (net)
                  0.13    0.01    2.42 ^ _0996_/A (sky130_fd_sc_hd__nand2_8)
                  0.08    0.10    2.51 v _0996_/Y (sky130_fd_sc_hd__nand2_8)
     4    0.05                           _0275_ (net)
                  0.08    0.01    2.52 v _1014_/A (sky130_fd_sc_hd__nand3_4)
                  0.09    0.10    2.62 ^ _1014_/Y (sky130_fd_sc_hd__nand3_4)
     1    0.03                           _0294_ (net)
                  0.09    0.00    2.62 ^ _1051_/A2 (sky130_fd_sc_hd__a31o_4)
                  0.12    0.21    2.83 ^ _1051_/X (sky130_fd_sc_hd__a31o_4)
     1    0.03                           net31 (net)
                  0.12    0.01    2.83 ^ output31/A (sky130_fd_sc_hd__buf_2)
                  0.17    0.21    3.05 ^ output31/X (sky130_fd_sc_hd__buf_2)
     1    0.03                           Y[5] (net)
                  0.17    0.00    3.05 ^ Y[5] (out)
                                  3.05   data arrival time

                  0.00    0.00    0.00   clock __VIRTUAL_CLK__ (rise edge)
                          0.00    0.00   clock network delay (ideal)
                          0.25    0.25   clock uncertainty
                          0.00    0.25   clock reconvergence pessimism
                         -2.00   -1.75   output external delay
                                 -1.75   data required time
-----------------------------------------------------------------------------
                                 -1.75   data required time
                                 -3.05   data arrival time
-----------------------------------------------------------------------------
                                  4.80   slack (MET)


Startpoint: op[0] (input port clocked by __VIRTUAL_CLK__)
Endpoint: Y[12] (output port clocked by __VIRTUAL_CLK__)
Path Group: __VIRTUAL_CLK__
Path Type: min

Fanout     Cap    Slew   Delay    Time   Description
-----------------------------------------------------------------------------
                  0.00    0.00    0.00   clock __VIRTUAL_CLK__ (rise edge)
                          0.00    0.00   clock network delay (ideal)
                          2.00    2.00 ^ input external delay
                  0.02    0.01    2.01 ^ op[0] (in)
     1    0.00                           op[0] (net)
                  0.02    0.00    2.01 ^ input17/A (sky130_fd_sc_hd__clkbuf_4)
                  0.12    0.17    2.18 ^ input17/X (sky130_fd_sc_hd__clkbuf_4)
     3    0.04                           net17 (net)
                  0.12    0.01    2.18 ^ _0878_/A (sky130_fd_sc_hd__buf_6)
                  0.17    0.20    2.38 ^ _0878_/X (sky130_fd_sc_hd__buf_6)
    10    0.09                           _0160_ (net)
                  0.18    0.01    2.40 ^ _0943_/A (sky130_fd_sc_hd__nor3b_4)
                  0.05    0.09    2.49 v _0943_/Y (sky130_fd_sc_hd__nor3b_4)
     4    0.02                           _0222_ (net)
                  0.05    0.00    2.49 v wire57/A (sky130_fd_sc_hd__buf_2)
                  0.08    0.16    2.65 v wire57/X (sky130_fd_sc_hd__buf_2)
     4    0.03                           net57 (net)
                  0.08    0.00    2.65 v _1298_/A1 (sky130_fd_sc_hd__a31o_2)
                  0.07    0.24    2.89 v _1298_/X (sky130_fd_sc_hd__a31o_2)
     1    0.02                           net23 (net)
                  0.07    0.00    2.89 v output23/A (sky130_fd_sc_hd__buf_2)
                  0.09    0.18    3.07 v output23/X (sky130_fd_sc_hd__buf_2)
     1    0.03                           Y[12] (net)
                  0.09    0.00    3.08 v Y[12] (out)
                                  3.08   data arrival time

                  0.00    0.00    0.00   clock __VIRTUAL_CLK__ (rise edge)
                          0.00    0.00   clock network delay (ideal)
                          0.25    0.25   clock uncertainty
                          0.00    0.25   clock reconvergence pessimism
                         -2.00   -1.75   output external delay
                                 -1.75   data required time
-----------------------------------------------------------------------------
                                 -1.75   data required time
                                 -3.08   data arrival time
-----------------------------------------------------------------------------
                                  4.83   slack (MET)


Startpoint: B[7] (input port clocked by __VIRTUAL_CLK__)
Endpoint: Y[8] (output port clocked by __VIRTUAL_CLK__)
Path Group: __VIRTUAL_CLK__
Path Type: min

Fanout     Cap    Slew   Delay    Time   Description
-----------------------------------------------------------------------------
                  0.00    0.00    0.00   clock __VIRTUAL_CLK__ (rise edge)
                          0.00    0.00   clock network delay (ideal)
                          2.00    2.00 v input external delay
                  0.02    0.01    2.01 v B[7] (in)
     1    0.01                           B[7] (net)
                  0.02    0.00    2.01 v input16/A (sky130_fd_sc_hd__buf_8)
                  0.08    0.14    2.15 v input16/X (sky130_fd_sc_hd__buf_8)
     9    0.09                           net16 (net)
                  0.08    0.00    2.16 v _0785_/A (sky130_fd_sc_hd__buf_8)
                  0.08    0.17    2.33 v _0785_/X (sky130_fd_sc_hd__buf_8)
    10    0.10                           _0067_ (net)
                  0.08    0.00    2.33 v _1103_/B (sky130_fd_sc_hd__nand2_8)
                  0.11    0.13    2.46 ^ _1103_/Y (sky130_fd_sc_hd__nand2_8)
     4    0.06                           _0390_ (net)
                  0.11    0.00    2.46 ^ _1191_/A1 (sky130_fd_sc_hd__a21oi_1)
                  0.05    0.09    2.55 v _1191_/Y (sky130_fd_sc_hd__a21oi_1)
     1    0.01                           _0486_ (net)
                  0.05    0.00    2.55 v _1192_/C1 (sky130_fd_sc_hd__a211o_2)
                  0.11    0.33    2.88 v _1192_/X (sky130_fd_sc_hd__a211o_2)
     1    0.03                           net34 (net)
                  0.11    0.00    2.88 v output34/A (sky130_fd_sc_hd__buf_2)
                  0.09    0.20    3.08 v output34/X (sky130_fd_sc_hd__buf_2)
     1    0.03                           Y[8] (net)
                  0.09    0.00    3.08 v Y[8] (out)
                                  3.08   data arrival time

                  0.00    0.00    0.00   clock __VIRTUAL_CLK__ (rise edge)
                          0.00    0.00   clock network delay (ideal)
                          0.25    0.25   clock uncertainty
                          0.00    0.25   clock reconvergence pessimism
                         -2.00   -1.75   output external delay
                                 -1.75   data required time
-----------------------------------------------------------------------------
                                 -1.75   data required time
                                 -3.08   data arrival time
-----------------------------------------------------------------------------
                                  4.83   slack (MET)


Startpoint: op[0] (input port clocked by __VIRTUAL_CLK__)
Endpoint: Y[6] (output port clocked by __VIRTUAL_CLK__)
Path Group: __VIRTUAL_CLK__
Path Type: min

Fanout     Cap    Slew   Delay    Time   Description
-----------------------------------------------------------------------------
                  0.00    0.00    0.00   clock __VIRTUAL_CLK__ (rise edge)
                          0.00    0.00   clock network delay (ideal)
                          2.00    2.00 ^ input external delay
                  0.02    0.01    2.01 ^ op[0] (in)
     1    0.00                           op[0] (net)
                  0.02    0.00    2.01 ^ input17/A (sky130_fd_sc_hd__clkbuf_4)
                  0.12    0.17    2.18 ^ input17/X (sky130_fd_sc_hd__clkbuf_4)
     3    0.04                           net17 (net)
                  0.12    0.01    2.18 ^ _0878_/A (sky130_fd_sc_hd__buf_6)
                  0.17    0.20    2.38 ^ _0878_/X (sky130_fd_sc_hd__buf_6)
    10    0.09                           _0160_ (net)
                  0.18    0.01    2.40 ^ _0943_/A (sky130_fd_sc_hd__nor3b_4)
                  0.05    0.09    2.49 v _0943_/Y (sky130_fd_sc_hd__nor3b_4)
     4    0.02                           _0222_ (net)
                  0.05    0.00    2.49 v wire57/A (sky130_fd_sc_hd__buf_2)
                  0.08    0.16    2.65 v wire57/X (sky130_fd_sc_hd__buf_2)
     4    0.03                           net57 (net)
                  0.08    0.00    2.65 v _1101_/A1 (sky130_fd_sc_hd__a31o_2)
                  0.07    0.24    2.90 v _1101_/X (sky130_fd_sc_hd__a31o_2)
     1    0.02                           net32 (net)
                  0.07    0.00    2.90 v output32/A (sky130_fd_sc_hd__buf_2)
                  0.09    0.18    3.08 v output32/X (sky130_fd_sc_hd__buf_2)
     1    0.03                           Y[6] (net)
                  0.09    0.00    3.08 v Y[6] (out)
                                  3.08   data arrival time

                  0.00    0.00    0.00   clock __VIRTUAL_CLK__ (rise edge)
                          0.00    0.00   clock network delay (ideal)
                          0.25    0.25   clock uncertainty
                          0.00    0.25   clock reconvergence pessimism
                         -2.00   -1.75   output external delay
                                 -1.75   data required time
-----------------------------------------------------------------------------
                                 -1.75   data required time
                                 -3.08   data arrival time
-----------------------------------------------------------------------------
                                  4.83   slack (MET)


Startpoint: op[0] (input port clocked by __VIRTUAL_CLK__)
Endpoint: Y[14] (output port clocked by __VIRTUAL_CLK__)
Path Group: __VIRTUAL_CLK__
Path Type: min

Fanout     Cap    Slew   Delay    Time   Description
-----------------------------------------------------------------------------
                  0.00    0.00    0.00   clock __VIRTUAL_CLK__ (rise edge)
                          0.00    0.00   clock network delay (ideal)
                          2.00    2.00 ^ input external delay
                  0.02    0.01    2.01 ^ op[0] (in)
     1    0.00                           op[0] (net)
                  0.02    0.00    2.01 ^ input17/A (sky130_fd_sc_hd__clkbuf_4)
                  0.12    0.17    2.18 ^ input17/X (sky130_fd_sc_hd__clkbuf_4)
     3    0.04                           net17 (net)
                  0.12    0.01    2.18 ^ _0878_/A (sky130_fd_sc_hd__buf_6)
                  0.17    0.20    2.38 ^ _0878_/X (sky130_fd_sc_hd__buf_6)
    10    0.09                           _0160_ (net)
                  0.18    0.01    2.40 ^ _0943_/A (sky130_fd_sc_hd__nor3b_4)
                  0.05    0.09    2.49 v _0943_/Y (sky130_fd_sc_hd__nor3b_4)
     4    0.02                           _0222_ (net)
                  0.05    0.00    2.49 v max_cap58/A (sky130_fd_sc_hd__buf_2)
                  0.07    0.16    2.64 v max_cap58/X (sky130_fd_sc_hd__buf_2)
     3    0.03                           net58 (net)
                  0.07    0.00    2.65 v _1320_/A1 (sky130_fd_sc_hd__a31o_2)
                  0.10    0.26    2.91 v _1320_/X (sky130_fd_sc_hd__a31o_2)
     1    0.03                           net25 (net)
                  0.10    0.00    2.91 v output25/A (sky130_fd_sc_hd__buf_2)
                  0.09    0.19    3.11 v output25/X (sky130_fd_sc_hd__buf_2)
     1    0.03                           Y[14] (net)
                  0.09    0.00    3.11 v Y[14] (out)
                                  3.11   data arrival time

                  0.00    0.00    0.00   clock __VIRTUAL_CLK__ (rise edge)
                          0.00    0.00   clock network delay (ideal)
                          0.25    0.25   clock uncertainty
                          0.00    0.25   clock reconvergence pessimism
                         -2.00   -1.75   output external delay
                                 -1.75   data required time
-----------------------------------------------------------------------------
                                 -1.75   data required time
                                 -3.11   data arrival time
-----------------------------------------------------------------------------
                                  4.86   slack (MET)


Startpoint: A[0] (input port clocked by __VIRTUAL_CLK__)
Endpoint: Y[0] (output port clocked by __VIRTUAL_CLK__)
Path Group: __VIRTUAL_CLK__
Path Type: min

Fanout     Cap    Slew   Delay    Time   Description
-----------------------------------------------------------------------------
                  0.00    0.00    0.00   clock __VIRTUAL_CLK__ (rise edge)
                          0.00    0.00   clock network delay (ideal)
                          2.00    2.00 v input external delay
                  0.02    0.01    2.01 v A[0] (in)
     1    0.01                           A[0] (net)
                  0.02    0.00    2.01 v input1/A (sky130_fd_sc_hd__buf_8)
                  0.08    0.14    2.15 v input1/X (sky130_fd_sc_hd__buf_8)
     7    0.09                           net1 (net)
                  0.08    0.01    2.16 v _0857_/A (sky130_fd_sc_hd__buf_12)
                  0.07    0.17    2.33 v _0857_/X (sky130_fd_sc_hd__buf_12)
    10    0.12                           _0139_ (net)
                  0.07    0.01    2.34 v _0894_/A (sky130_fd_sc_hd__nor2_4)
                  0.23    0.22    2.56 ^ _0894_/Y (sky130_fd_sc_hd__nor2_4)
     1    0.04                           _0176_ (net)
                  0.23    0.01    2.57 ^ _0895_/D (sky130_fd_sc_hd__or4_1)
                  0.04    0.14    2.71 ^ _0895_/X (sky130_fd_sc_hd__or4_1)
     1    0.00                           _0177_ (net)
                  0.04    0.00    2.71 ^ _0896_/A (sky130_fd_sc_hd__clkbuf_4)
                  0.13    0.18    2.89 ^ _0896_/X (sky130_fd_sc_hd__clkbuf_4)
     1    0.04                           net20 (net)
                  0.13    0.01    2.90 ^ output20/A (sky130_fd_sc_hd__buf_2)
                  0.17    0.22    3.11 ^ output20/X (sky130_fd_sc_hd__buf_2)
     1    0.03                           Y[0] (net)
                  0.17    0.00    3.11 ^ Y[0] (out)
                                  3.11   data arrival time

                  0.00    0.00    0.00   clock __VIRTUAL_CLK__ (rise edge)
                          0.00    0.00   clock network delay (ideal)
                          0.25    0.25   clock uncertainty
                          0.00    0.25   clock reconvergence pessimism
                         -2.00   -1.75   output external delay
                                 -1.75   data required time
-----------------------------------------------------------------------------
                                 -1.75   data required time
                                 -3.11   data arrival time
-----------------------------------------------------------------------------
                                  4.86   slack (MET)


Startpoint: op[0] (input port clocked by __VIRTUAL_CLK__)
Endpoint: Y[3] (output port clocked by __VIRTUAL_CLK__)
Path Group: __VIRTUAL_CLK__
Path Type: min

Fanout     Cap    Slew   Delay    Time   Description
-----------------------------------------------------------------------------
                  0.00    0.00    0.00   clock __VIRTUAL_CLK__ (rise edge)
                          0.00    0.00   clock network delay (ideal)
                          2.00    2.00 ^ input external delay
                  0.02    0.01    2.01 ^ op[0] (in)
     1    0.00                           op[0] (net)
                  0.02    0.00    2.01 ^ input17/A (sky130_fd_sc_hd__clkbuf_4)
                  0.12    0.17    2.18 ^ input17/X (sky130_fd_sc_hd__clkbuf_4)
     3    0.04                           net17 (net)
                  0.12    0.01    2.18 ^ _0878_/A (sky130_fd_sc_hd__buf_6)
                  0.17    0.20    2.38 ^ _0878_/X (sky130_fd_sc_hd__buf_6)
    10    0.09                           _0160_ (net)
                  0.18    0.01    2.40 ^ _0943_/A (sky130_fd_sc_hd__nor3b_4)
                  0.05    0.09    2.49 v _0943_/Y (sky130_fd_sc_hd__nor3b_4)
     4    0.02                           _0222_ (net)
                  0.05    0.00    2.49 v max_cap58/A (sky130_fd_sc_hd__buf_2)
                  0.07    0.16    2.64 v max_cap58/X (sky130_fd_sc_hd__buf_2)
     3    0.03                           net58 (net)
                  0.07    0.00    2.65 v _0973_/A1 (sky130_fd_sc_hd__a211o_1)
                  0.08    0.29    2.93 v _0973_/X (sky130_fd_sc_hd__a211o_1)
     1    0.01                           net29 (net)
                  0.08    0.00    2.93 v output29/A (sky130_fd_sc_hd__buf_2)
                  0.09    0.18    3.12 v output29/X (sky130_fd_sc_hd__buf_2)
     1    0.03                           Y[3] (net)
                  0.09    0.00    3.12 v Y[3] (out)
                                  3.12   data arrival time

                  0.00    0.00    0.00   clock __VIRTUAL_CLK__ (rise edge)
                          0.00    0.00   clock network delay (ideal)
                          0.25    0.25   clock uncertainty
                          0.00    0.25   clock reconvergence pessimism
                         -2.00   -1.75   output external delay
                                 -1.75   data required time
-----------------------------------------------------------------------------
                                 -1.75   data required time
                                 -3.12   data arrival time
-----------------------------------------------------------------------------
                                  4.87   slack (MET)


Startpoint: A[6] (input port clocked by __VIRTUAL_CLK__)
Endpoint: Y[7] (output port clocked by __VIRTUAL_CLK__)
Path Group: __VIRTUAL_CLK__
Path Type: min

Fanout     Cap    Slew   Delay    Time   Description
-----------------------------------------------------------------------------
                  0.00    0.00    0.00   clock __VIRTUAL_CLK__ (rise edge)
                          0.00    0.00   clock network delay (ideal)
                          2.00    2.00 v input external delay
                  0.02    0.01    2.01 v A[6] (in)
     1    0.01                           A[6] (net)
                  0.02    0.00    2.01 v input7/A (sky130_fd_sc_hd__buf_8)
                  0.08    0.15    2.16 v input7/X (sky130_fd_sc_hd__buf_8)
     9    0.10                           net7 (net)
                  0.08    0.01    2.17 v _1063_/A (sky130_fd_sc_hd__inv_6)
                  0.15    0.14    2.31 ^ _1063_/Y (sky130_fd_sc_hd__inv_6)
     6    0.08                           _0347_ (net)
                  0.15    0.01    2.32 ^ _1086_/A (sky130_fd_sc_hd__nor2_8)
                  0.09    0.11    2.43 v _1086_/Y (sky130_fd_sc_hd__nor2_8)
     7    0.10                           _0372_ (net)
                  0.09    0.01    2.44 v _1107_/A1 (sky130_fd_sc_hd__o21bai_4)
                  0.12    0.24    2.68 ^ _1107_/Y (sky130_fd_sc_hd__o21bai_4)
     2    0.03                           _0394_ (net)
                  0.12    0.00    2.68 ^ _1156_/A3 (sky130_fd_sc_hd__a311o_1)
                  0.14    0.24    2.92 ^ _1156_/X (sky130_fd_sc_hd__a311o_1)
     1    0.01                           net33 (net)
                  0.14    0.00    2.92 ^ output33/A (sky130_fd_sc_hd__buf_2)
                  0.17    0.22    3.14 ^ output33/X (sky130_fd_sc_hd__buf_2)
     1    0.03                           Y[7] (net)
                  0.17    0.00    3.14 ^ Y[7] (out)
                                  3.14   data arrival time

                  0.00    0.00    0.00   clock __VIRTUAL_CLK__ (rise edge)
                          0.00    0.00   clock network delay (ideal)
                          0.25    0.25   clock uncertainty
                          0.00    0.25   clock reconvergence pessimism
                         -2.00   -1.75   output external delay
                                 -1.75   data required time
-----------------------------------------------------------------------------
                                 -1.75   data required time
                                 -3.14   data arrival time
-----------------------------------------------------------------------------
                                  4.89   slack (MET)


Startpoint: A[7] (input port clocked by __VIRTUAL_CLK__)
Endpoint: Y[15] (output port clocked by __VIRTUAL_CLK__)
Path Group: __VIRTUAL_CLK__
Path Type: min

Fanout     Cap    Slew   Delay    Time   Description
-----------------------------------------------------------------------------
                  0.00    0.00    0.00   clock __VIRTUAL_CLK__ (rise edge)
                          0.00    0.00   clock network delay (ideal)
                          2.00    2.00 v input external delay
                  0.01    0.01    2.01 v A[7] (in)
     1    0.00                           A[7] (net)
                  0.01    0.00    2.01 v input8/A (sky130_fd_sc_hd__buf_6)
                  0.08    0.14    2.15 v input8/X (sky130_fd_sc_hd__buf_6)
     6    0.08                           net8 (net)
                  0.08    0.01    2.16 v _0673_/A (sky130_fd_sc_hd__clkinv_4)
                  0.10    0.11    2.27 ^ _0673_/Y (sky130_fd_sc_hd__clkinv_4)
     6    0.05                           _0471_ (net)
                  0.10    0.00    2.27 ^ _1301_/A (sky130_fd_sc_hd__or4_4)
                  0.11    0.19    2.46 ^ _1301_/X (sky130_fd_sc_hd__or4_4)
     2    0.04                           _0602_ (net)
                  0.11    0.01    2.46 ^ _1321_/A1 (sky130_fd_sc_hd__a31o_1)
                  0.13    0.20    2.66 ^ _1321_/X (sky130_fd_sc_hd__a31o_1)
     1    0.01                           _0622_ (net)
                  0.13    0.00    2.66 ^ _1322_/B_N (sky130_fd_sc_hd__or2b_1)
                  0.05    0.24    2.90 v _1322_/X (sky130_fd_sc_hd__or2b_1)
     1    0.00                           _0623_ (net)
                  0.05    0.00    2.90 v _1323_/A (sky130_fd_sc_hd__clkbuf_2)
                  0.10    0.16    3.06 v _1323_/X (sky130_fd_sc_hd__clkbuf_2)
     1    0.03                           net26 (net)
                  0.10    0.00    3.06 v output26/A (sky130_fd_sc_hd__buf_2)
                  0.09    0.19    3.26 v output26/X (sky130_fd_sc_hd__buf_2)
     1    0.03                           Y[15] (net)
                  0.09    0.00    3.26 v Y[15] (out)
                                  3.26   data arrival time

                  0.00    0.00    0.00   clock __VIRTUAL_CLK__ (rise edge)
                          0.00    0.00   clock network delay (ideal)
                          0.25    0.25   clock uncertainty
                          0.00    0.25   clock reconvergence pessimism
                         -2.00   -1.75   output external delay
                                 -1.75   data required time
-----------------------------------------------------------------------------
                                 -1.75   data required time
                                 -3.26   data arrival time
-----------------------------------------------------------------------------
                                  5.01   slack (MET)


Startpoint: A[1] (input port clocked by __VIRTUAL_CLK__)
Endpoint: Y[2] (output port clocked by __VIRTUAL_CLK__)
Path Group: __VIRTUAL_CLK__
Path Type: min

Fanout     Cap    Slew   Delay    Time   Description
-----------------------------------------------------------------------------
                  0.00    0.00    0.00   clock __VIRTUAL_CLK__ (rise edge)
                          0.00    0.00   clock network delay (ideal)
                          2.00    2.00 v input external delay
                  0.02    0.01    2.01 v A[1] (in)
     1    0.01                           A[1] (net)
                  0.02    0.00    2.01 v input2/A (sky130_fd_sc_hd__buf_8)
                  0.08    0.15    2.16 v input2/X (sky130_fd_sc_hd__buf_8)
     8    0.11                           net2 (net)
                  0.09    0.02    2.17 v _0853_/A (sky130_fd_sc_hd__buf_6)
                  0.08    0.18    2.35 v _0853_/X (sky130_fd_sc_hd__buf_6)
    10    0.09                           _0135_ (net)
                  0.09    0.01    2.36 v _0922_/A (sky130_fd_sc_hd__nand2_4)
                  0.12    0.12    2.49 ^ _0922_/Y (sky130_fd_sc_hd__nand2_4)
     2    0.04                           _0202_ (net)
                  0.12    0.01    2.49 ^ _0924_/A2 (sky130_fd_sc_hd__a21o_4)
                  0.11    0.18    2.68 ^ _0924_/X (sky130_fd_sc_hd__a21o_4)
     3    0.04                           _0204_ (net)
                  0.11    0.00    2.68 ^ _0928_/A3 (sky130_fd_sc_hd__a31o_1)
                  0.15    0.22    2.90 ^ _0928_/X (sky130_fd_sc_hd__a31o_1)
     1    0.01                           _0208_ (net)
                  0.15    0.00    2.90 ^ _0941_/A (sky130_fd_sc_hd__or3b_2)
                  0.08    0.17    3.07 ^ _0941_/X (sky130_fd_sc_hd__or3b_2)
     1    0.01                           _0221_ (net)
                  0.08    0.00    3.07 ^ _0942_/A (sky130_fd_sc_hd__clkbuf_2)
                  0.12    0.16    3.23 ^ _0942_/X (sky130_fd_sc_hd__clkbuf_2)
     1    0.02                           net28 (net)
                  0.12    0.00    3.24 ^ output28/A (sky130_fd_sc_hd__buf_2)
                  0.17    0.21    3.45 ^ output28/X (sky130_fd_sc_hd__buf_2)
     1    0.03                           Y[2] (net)
                  0.17    0.00    3.45 ^ Y[2] (out)
                                  3.45   data arrival time

                  0.00    0.00    0.00   clock __VIRTUAL_CLK__ (rise edge)
                          0.00    0.00   clock network delay (ideal)
                          0.25    0.25   clock uncertainty
                          0.00    0.25   clock reconvergence pessimism
                         -2.00   -1.75   output external delay
                                 -1.75   data required time
-----------------------------------------------------------------------------
                                 -1.75   data required time
                                 -3.45   data arrival time
-----------------------------------------------------------------------------
                                  5.20   slack (MET)



