
===========================================================================
report_checks -unconstrained
===========================================================================
======================= Typical Corner ===================================

Startpoint: B[5] (input port clocked by __VIRTUAL_CLK__)
Endpoint: zero (output port clocked by __VIRTUAL_CLK__)
Path Group: __VIRTUAL_CLK__
Path Type: max

Fanout     Cap    Slew   Delay    Time   Description
-----------------------------------------------------------------------------
                  0.00    0.00    0.00   clock __VIRTUAL_CLK__ (rise edge)
                          0.00    0.00   clock network delay (ideal)
                          2.00    2.00 v input external delay
                  0.20    0.15    2.15 v B[5] (in)
     9    0.09                           B[5] (net)
                  0.20    0.00    2.15 v _0672_/B (sky130_fd_sc_hd__or3_2)
                  0.22    0.72    2.87 v _0672_/X (sky130_fd_sc_hd__or3_2)
     5    0.06                           _0371_ (net)
                  0.22    0.01    2.88 v _0680_/D (sky130_fd_sc_hd__or4_2)
                  0.11    0.64    3.53 v _0680_/X (sky130_fd_sc_hd__or4_2)
     1    0.01                           _0457_ (net)
                  0.11    0.00    3.53 v _0681_/A3 (sky130_fd_sc_hd__o31a_2)
                  0.17    0.47    3.99 v _0681_/X (sky130_fd_sc_hd__o31a_2)
     4    0.06                           _0468_ (net)
                  0.17    0.01    4.00 v _0682_/B (sky130_fd_sc_hd__or2_2)
                  0.18    0.48    4.49 v _0682_/X (sky130_fd_sc_hd__or2_2)
     4    0.06                           _0479_ (net)
                  0.18    0.01    4.50 v _0690_/A2 (sky130_fd_sc_hd__a31o_2)
                  0.16    0.42    4.92 v _0690_/X (sky130_fd_sc_hd__a31o_2)
     5    0.06                           _0564_ (net)
                  0.16    0.01    4.94 v _0696_/B (sky130_fd_sc_hd__and4_2)
                  0.15    0.39    5.33 v _0696_/X (sky130_fd_sc_hd__and4_2)
     3    0.06                           _0625_ (net)
                  0.15    0.01    5.34 v _0697_/C (sky130_fd_sc_hd__or3_2)
                  0.18    0.61    5.95 v _0697_/X (sky130_fd_sc_hd__or3_2)
     3    0.04                           _0635_ (net)
                  0.18    0.01    5.96 v _0706_/A1 (sky130_fd_sc_hd__a31o_2)
                  0.08    0.31    6.27 v _0706_/X (sky130_fd_sc_hd__a31o_2)
     1    0.02                           _0645_ (net)
                  0.08    0.00    6.27 v _0707_/A2 (sky130_fd_sc_hd__a211oi_2)
                  1.11    0.97    7.25 ^ _0707_/Y (sky130_fd_sc_hd__a211oi_2)
     4    0.07                           _0646_ (net)
                  1.11    0.01    7.26 ^ _0731_/A (sky130_fd_sc_hd__nand2_2)
                  0.41    0.47    7.73 v _0731_/Y (sky130_fd_sc_hd__nand2_2)
     3    0.06                           _0005_ (net)
                  0.41    0.01    7.74 v _0732_/S (sky130_fd_sc_hd__mux2_2)
                  0.31    0.58    8.32 ^ _0732_/X (sky130_fd_sc_hd__mux2_2)
     4    0.06                           _0006_ (net)
                  0.31    0.00    8.32 ^ _0735_/A2 (sky130_fd_sc_hd__a22oi_2)
                  0.38    0.27    8.59 v _0735_/Y (sky130_fd_sc_hd__a22oi_2)
     3    0.04                           _0009_ (net)
                  0.38    0.00    8.59 v _0745_/A2 (sky130_fd_sc_hd__o31ai_2)
                  1.28    1.21    9.80 ^ _0745_/Y (sky130_fd_sc_hd__o31ai_2)
     4    0.07                           _0019_ (net)
                  1.28    0.00    9.81 ^ _0747_/A2 (sky130_fd_sc_hd__a21oi_2)
                  0.35    0.43   10.24 v _0747_/Y (sky130_fd_sc_hd__a21oi_2)
     5    0.05                           _0021_ (net)
                  0.35    0.00   10.24 v _0748_/S (sky130_fd_sc_hd__mux2_2)
                  0.15    0.53   10.77 v _0748_/X (sky130_fd_sc_hd__mux2_2)
     3    0.05                           _0022_ (net)
                  0.15    0.00   10.77 v _0760_/B (sky130_fd_sc_hd__xnor2_2)
                  0.55    0.50   11.28 ^ _0760_/Y (sky130_fd_sc_hd__xnor2_2)
     3    0.04                           _0034_ (net)
                  0.55    0.01   11.29 ^ _0775_/A1 (sky130_fd_sc_hd__a21o_2)
                  0.18    0.33   11.62 ^ _0775_/X (sky130_fd_sc_hd__a21o_2)
     2    0.03                           _0049_ (net)
                  0.18    0.01   11.62 ^ _0777_/A2 (sky130_fd_sc_hd__a21o_2)
                  0.29    0.35   11.98 ^ _0777_/X (sky130_fd_sc_hd__a21o_2)
     4    0.06                           _0051_ (net)
                  0.29    0.00   11.98 ^ _0787_/A1 (sky130_fd_sc_hd__a32oi_2)
                  0.38    0.36   12.34 v _0787_/Y (sky130_fd_sc_hd__a32oi_2)
     4    0.05                           _0061_ (net)
                  0.38    0.01   12.35 v _0792_/A2 (sky130_fd_sc_hd__a21oi_2)
                  1.27    1.10   13.45 ^ _0792_/Y (sky130_fd_sc_hd__a21oi_2)
     7    0.11                           _0066_ (net)
                  1.27    0.02   13.48 ^ _0799_/A2 (sky130_fd_sc_hd__o21ba_2)
                  0.34    0.48   13.95 ^ _0799_/X (sky130_fd_sc_hd__o21ba_2)
     4    0.06                           _0073_ (net)
                  0.34    0.01   13.96 ^ _0820_/B (sky130_fd_sc_hd__xnor2_2)
                  0.46    0.36   14.32 v _0820_/Y (sky130_fd_sc_hd__xnor2_2)
     4    0.07                           _0094_ (net)
                  0.46    0.01   14.33 v _0837_/C (sky130_fd_sc_hd__or4_2)
                  0.17    0.89   15.23 v _0837_/X (sky130_fd_sc_hd__or4_2)
     1    0.02                           _0111_ (net)
                  0.17    0.00   15.23 v _0845_/A2 (sky130_fd_sc_hd__o211a_2)
                  0.17    0.44   15.67 v _0845_/X (sky130_fd_sc_hd__o211a_2)
     5    0.06                           _0119_ (net)
                  0.17    0.01   15.68 v _0846_/B (sky130_fd_sc_hd__nor2_2)
                  1.02    0.86   16.54 ^ _0846_/Y (sky130_fd_sc_hd__nor2_2)
     7    0.10                           _0120_ (net)
                  1.02    0.01   16.54 ^ _0847_/S (sky130_fd_sc_hd__mux2_2)
                  0.13    0.55   17.09 v _0847_/X (sky130_fd_sc_hd__mux2_2)
     2    0.04                           _0121_ (net)
                  0.13    0.01   17.10 v _0873_/A2 (sky130_fd_sc_hd__a22o_2)
                  0.09    0.36   17.46 v _0873_/X (sky130_fd_sc_hd__a22o_2)
     1    0.02                           _0147_ (net)
                  0.09    0.00   17.47 v _0874_/B1 (sky130_fd_sc_hd__a21o_2)
                  0.06    0.25   17.71 v _0874_/X (sky130_fd_sc_hd__a21o_2)
     1    0.01                           _0148_ (net)
                  0.06    0.00   17.71 v _0882_/A2 (sky130_fd_sc_hd__a21o_2)
                  0.09    0.29   18.00 v _0882_/X (sky130_fd_sc_hd__a21o_2)
     1    0.03                           _0156_ (net)
                  0.09    0.00   18.01 v _0891_/A1 (sky130_fd_sc_hd__a21o_2)
                  0.12    0.31   18.32 v _0891_/X (sky130_fd_sc_hd__a21o_2)
     2    0.04                           _0165_ (net)
                  0.12    0.01   18.33 v _1338_/B (sky130_fd_sc_hd__and3b_2)
                  0.07    0.28   18.60 v _1338_/X (sky130_fd_sc_hd__and3b_2)
     1    0.02                           _0628_ (net)
                  0.07    0.00   18.61 v _1339_/A (sky130_fd_sc_hd__buf_1)
                  0.25    0.28   18.89 v _1339_/X (sky130_fd_sc_hd__buf_1)
     1    0.04                           zero (net)
                  0.25    0.00   18.89 v zero (out)
                                 18.89   data arrival time

                  0.00   10.00   10.00   clock __VIRTUAL_CLK__ (rise edge)
                          0.00   10.00   clock network delay (ideal)
                         -0.25    9.75   clock uncertainty
                          0.00    9.75   clock reconvergence pessimism
                         -2.00    7.75   output external delay
                                  7.75   data required time
-----------------------------------------------------------------------------
                                  7.75   data required time
                                -18.89   data arrival time
-----------------------------------------------------------------------------
                                -11.14   slack (VIOLATED)




===========================================================================
report_checks --slack_max -0.01
============================================================================
======================= Typical Corner ===================================

Startpoint: B[5] (input port clocked by __VIRTUAL_CLK__)
Endpoint: zero (output port clocked by __VIRTUAL_CLK__)
Path Group: __VIRTUAL_CLK__
Path Type: max

Fanout     Cap    Slew   Delay    Time   Description
-----------------------------------------------------------------------------
                  0.00    0.00    0.00   clock __VIRTUAL_CLK__ (rise edge)
                          0.00    0.00   clock network delay (ideal)
                          2.00    2.00 v input external delay
                  0.20    0.15    2.15 v B[5] (in)
     9    0.09                           B[5] (net)
                  0.20    0.00    2.15 v _0672_/B (sky130_fd_sc_hd__or3_2)
                  0.22    0.72    2.87 v _0672_/X (sky130_fd_sc_hd__or3_2)
     5    0.06                           _0371_ (net)
                  0.22    0.01    2.88 v _0680_/D (sky130_fd_sc_hd__or4_2)
                  0.11    0.64    3.53 v _0680_/X (sky130_fd_sc_hd__or4_2)
     1    0.01                           _0457_ (net)
                  0.11    0.00    3.53 v _0681_/A3 (sky130_fd_sc_hd__o31a_2)
                  0.17    0.47    3.99 v _0681_/X (sky130_fd_sc_hd__o31a_2)
     4    0.06                           _0468_ (net)
                  0.17    0.01    4.00 v _0682_/B (sky130_fd_sc_hd__or2_2)
                  0.18    0.48    4.49 v _0682_/X (sky130_fd_sc_hd__or2_2)
     4    0.06                           _0479_ (net)
                  0.18    0.01    4.50 v _0690_/A2 (sky130_fd_sc_hd__a31o_2)
                  0.16    0.42    4.92 v _0690_/X (sky130_fd_sc_hd__a31o_2)
     5    0.06                           _0564_ (net)
                  0.16    0.01    4.94 v _0696_/B (sky130_fd_sc_hd__and4_2)
                  0.15    0.39    5.33 v _0696_/X (sky130_fd_sc_hd__and4_2)
     3    0.06                           _0625_ (net)
                  0.15    0.01    5.34 v _0697_/C (sky130_fd_sc_hd__or3_2)
                  0.18    0.61    5.95 v _0697_/X (sky130_fd_sc_hd__or3_2)
     3    0.04                           _0635_ (net)
                  0.18    0.01    5.96 v _0706_/A1 (sky130_fd_sc_hd__a31o_2)
                  0.08    0.31    6.27 v _0706_/X (sky130_fd_sc_hd__a31o_2)
     1    0.02                           _0645_ (net)
                  0.08    0.00    6.27 v _0707_/A2 (sky130_fd_sc_hd__a211oi_2)
                  1.11    0.97    7.25 ^ _0707_/Y (sky130_fd_sc_hd__a211oi_2)
     4    0.07                           _0646_ (net)
                  1.11    0.01    7.26 ^ _0731_/A (sky130_fd_sc_hd__nand2_2)
                  0.41    0.47    7.73 v _0731_/Y (sky130_fd_sc_hd__nand2_2)
     3    0.06                           _0005_ (net)
                  0.41    0.01    7.74 v _0732_/S (sky130_fd_sc_hd__mux2_2)
                  0.31    0.58    8.32 ^ _0732_/X (sky130_fd_sc_hd__mux2_2)
     4    0.06                           _0006_ (net)
                  0.31    0.00    8.32 ^ _0735_/A2 (sky130_fd_sc_hd__a22oi_2)
                  0.38    0.27    8.59 v _0735_/Y (sky130_fd_sc_hd__a22oi_2)
     3    0.04                           _0009_ (net)
                  0.38    0.00    8.59 v _0745_/A2 (sky130_fd_sc_hd__o31ai_2)
                  1.28    1.21    9.80 ^ _0745_/Y (sky130_fd_sc_hd__o31ai_2)
     4    0.07                           _0019_ (net)
                  1.28    0.00    9.81 ^ _0747_/A2 (sky130_fd_sc_hd__a21oi_2)
                  0.35    0.43   10.24 v _0747_/Y (sky130_fd_sc_hd__a21oi_2)
     5    0.05                           _0021_ (net)
                  0.35    0.00   10.24 v _0748_/S (sky130_fd_sc_hd__mux2_2)
                  0.15    0.53   10.77 v _0748_/X (sky130_fd_sc_hd__mux2_2)
     3    0.05                           _0022_ (net)
                  0.15    0.00   10.77 v _0760_/B (sky130_fd_sc_hd__xnor2_2)
                  0.55    0.50   11.28 ^ _0760_/Y (sky130_fd_sc_hd__xnor2_2)
     3    0.04                           _0034_ (net)
                  0.55    0.01   11.29 ^ _0775_/A1 (sky130_fd_sc_hd__a21o_2)
                  0.18    0.33   11.62 ^ _0775_/X (sky130_fd_sc_hd__a21o_2)
     2    0.03                           _0049_ (net)
                  0.18    0.01   11.62 ^ _0777_/A2 (sky130_fd_sc_hd__a21o_2)
                  0.29    0.35   11.98 ^ _0777_/X (sky130_fd_sc_hd__a21o_2)
     4    0.06                           _0051_ (net)
                  0.29    0.00   11.98 ^ _0787_/A1 (sky130_fd_sc_hd__a32oi_2)
                  0.38    0.36   12.34 v _0787_/Y (sky130_fd_sc_hd__a32oi_2)
     4    0.05                           _0061_ (net)
                  0.38    0.01   12.35 v _0792_/A2 (sky130_fd_sc_hd__a21oi_2)
                  1.27    1.10   13.45 ^ _0792_/Y (sky130_fd_sc_hd__a21oi_2)
     7    0.11                           _0066_ (net)
                  1.27    0.02   13.48 ^ _0799_/A2 (sky130_fd_sc_hd__o21ba_2)
                  0.34    0.48   13.95 ^ _0799_/X (sky130_fd_sc_hd__o21ba_2)
     4    0.06                           _0073_ (net)
                  0.34    0.01   13.96 ^ _0820_/B (sky130_fd_sc_hd__xnor2_2)
                  0.46    0.36   14.32 v _0820_/Y (sky130_fd_sc_hd__xnor2_2)
     4    0.07                           _0094_ (net)
                  0.46    0.01   14.33 v _0837_/C (sky130_fd_sc_hd__or4_2)
                  0.17    0.89   15.23 v _0837_/X (sky130_fd_sc_hd__or4_2)
     1    0.02                           _0111_ (net)
                  0.17    0.00   15.23 v _0845_/A2 (sky130_fd_sc_hd__o211a_2)
                  0.17    0.44   15.67 v _0845_/X (sky130_fd_sc_hd__o211a_2)
     5    0.06                           _0119_ (net)
                  0.17    0.01   15.68 v _0846_/B (sky130_fd_sc_hd__nor2_2)
                  1.02    0.86   16.54 ^ _0846_/Y (sky130_fd_sc_hd__nor2_2)
     7    0.10                           _0120_ (net)
                  1.02    0.01   16.54 ^ _0847_/S (sky130_fd_sc_hd__mux2_2)
                  0.13    0.55   17.09 v _0847_/X (sky130_fd_sc_hd__mux2_2)
     2    0.04                           _0121_ (net)
                  0.13    0.01   17.10 v _0873_/A2 (sky130_fd_sc_hd__a22o_2)
                  0.09    0.36   17.46 v _0873_/X (sky130_fd_sc_hd__a22o_2)
     1    0.02                           _0147_ (net)
                  0.09    0.00   17.47 v _0874_/B1 (sky130_fd_sc_hd__a21o_2)
                  0.06    0.25   17.71 v _0874_/X (sky130_fd_sc_hd__a21o_2)
     1    0.01                           _0148_ (net)
                  0.06    0.00   17.71 v _0882_/A2 (sky130_fd_sc_hd__a21o_2)
                  0.09    0.29   18.00 v _0882_/X (sky130_fd_sc_hd__a21o_2)
     1    0.03                           _0156_ (net)
                  0.09    0.00   18.01 v _0891_/A1 (sky130_fd_sc_hd__a21o_2)
                  0.12    0.31   18.32 v _0891_/X (sky130_fd_sc_hd__a21o_2)
     2    0.04                           _0165_ (net)
                  0.12    0.01   18.33 v _1338_/B (sky130_fd_sc_hd__and3b_2)
                  0.07    0.28   18.60 v _1338_/X (sky130_fd_sc_hd__and3b_2)
     1    0.02                           _0628_ (net)
                  0.07    0.00   18.61 v _1339_/A (sky130_fd_sc_hd__buf_1)
                  0.25    0.28   18.89 v _1339_/X (sky130_fd_sc_hd__buf_1)
     1    0.04                           zero (net)
                  0.25    0.00   18.89 v zero (out)
                                 18.89   data arrival time

                  0.00   10.00   10.00   clock __VIRTUAL_CLK__ (rise edge)
                          0.00   10.00   clock network delay (ideal)
                         -0.25    9.75   clock uncertainty
                          0.00    9.75   clock reconvergence pessimism
                         -2.00    7.75   output external delay
                                  7.75   data required time
-----------------------------------------------------------------------------
                                  7.75   data required time
                                -18.89   data arrival time
-----------------------------------------------------------------------------
                                -11.14   slack (VIOLATED)




===========================================================================
 report_check_types -max_slew -max_cap -max_fanout -violators
============================================================================
======================= Typical Corner ===================================

max slew

Pin                                    Limit    Slew   Slack
------------------------------------------------------------
_1098_/A1                               0.75    1.44   -0.69 (VIOLATED)
_0893_/A                                0.75    1.44   -0.69 (VIOLATED)
_0909_/A1                               0.75    1.44   -0.69 (VIOLATED)
_0768_/A                                0.75    1.44   -0.69 (VIOLATED)
_0713_/A1                               0.75    1.44   -0.69 (VIOLATED)
_0892_/A                                0.75    1.44   -0.69 (VIOLATED)
_0887_/A                                0.75    1.44   -0.69 (VIOLATED)
_0908_/A                                0.75    1.44   -0.69 (VIOLATED)
_0762_/A                                0.75    1.44   -0.69 (VIOLATED)
_0812_/A                                0.75    1.44   -0.69 (VIOLATED)
_0669_/X                                0.75    1.44   -0.69 (VIOLATED)
_0791_/B                                0.75    1.43   -0.68 (VIOLATED)
_1106_/B                                0.75    1.43   -0.68 (VIOLATED)
_1292_/B                                0.75    1.43   -0.68 (VIOLATED)
_0797_/B                                0.75    1.43   -0.68 (VIOLATED)
_0822_/A                                0.75    1.43   -0.68 (VIOLATED)
_1107_/B                                0.75    1.43   -0.68 (VIOLATED)
_1311_/B1                               0.75    1.43   -0.68 (VIOLATED)
_1323_/B                                0.75    1.43   -0.68 (VIOLATED)
_1271_/B                                0.75    1.43   -0.68 (VIOLATED)
_1312_/D_N                              0.75    1.43   -0.68 (VIOLATED)
_0790_/X                                0.75    1.43   -0.68 (VIOLATED)
_0808_/B                                0.75    1.40   -0.65 (VIOLATED)
_1169_/A                                0.75    1.40   -0.65 (VIOLATED)
_0913_/A1                               0.75    1.40   -0.65 (VIOLATED)
_0908_/C                                0.75    1.40   -0.65 (VIOLATED)
_0911_/A                                0.75    1.40   -0.65 (VIOLATED)
_0867_/B                                0.75    1.40   -0.65 (VIOLATED)
_0942_/A                                0.75    1.40   -0.65 (VIOLATED)
_0866_/B1                               0.75    1.40   -0.65 (VIOLATED)
_0909_/A2                               0.75    1.40   -0.65 (VIOLATED)
_0807_/X                                0.75    1.40   -0.65 (VIOLATED)
_0915_/A                                0.75    1.40   -0.65 (VIOLATED)
_1277_/A1                               0.75    1.39   -0.64 (VIOLATED)
_1120_/A2                               0.75    1.39   -0.64 (VIOLATED)
_1311_/A1                               0.75    1.39   -0.64 (VIOLATED)
_1107_/A                                0.75    1.39   -0.64 (VIOLATED)
_1296_/A1                               0.75    1.39   -0.64 (VIOLATED)
_1122_/A1                               0.75    1.39   -0.64 (VIOLATED)
_1323_/A                                0.75    1.39   -0.64 (VIOLATED)
_1248_/A                                0.75    1.39   -0.64 (VIOLATED)
_1249_/B2                               0.75    1.39   -0.64 (VIOLATED)
_1106_/A                                0.75    1.39   -0.64 (VIOLATED)
_1105_/X                                0.75    1.39   -0.64 (VIOLATED)
_1345_/B1                               0.75    1.36   -0.61 (VIOLATED)
_1288_/A                                0.75    1.36   -0.61 (VIOLATED)
_0977_/A1                               0.75    1.36   -0.61 (VIOLATED)
_0905_/A1                               0.75    1.36   -0.61 (VIOLATED)
_1320_/A                                0.75    1.36   -0.61 (VIOLATED)
_1307_/A                                0.75    1.36   -0.61 (VIOLATED)
_0910_/A                                0.75    1.36   -0.61 (VIOLATED)
_1332_/A                                0.75    1.36   -0.61 (VIOLATED)
_1329_/A                                0.75    1.36   -0.61 (VIOLATED)
_0903_/X                                0.75    1.36   -0.61 (VIOLATED)
_0948_/A1                               0.75    1.36   -0.61 (VIOLATED)
_0863_/A1                               0.75    1.34   -0.59 (VIOLATED)
_0776_/A                                0.75    1.34   -0.59 (VIOLATED)
_0820_/A                                0.75    1.34   -0.59 (VIOLATED)
_0841_/A1                               0.75    1.34   -0.59 (VIOLATED)
_0873_/B2                               0.75    1.34   -0.59 (VIOLATED)
_0759_/A                                0.75    1.34   -0.59 (VIOLATED)
_0964_/B                                0.75    1.34   -0.59 (VIOLATED)
_0848_/A                                0.75    1.34   -0.59 (VIOLATED)
_0779_/B                                0.75    1.34   -0.59 (VIOLATED)
_1001_/A                                0.75    1.34   -0.59 (VIOLATED)
_0753_/X                                0.75    1.34   -0.59 (VIOLATED)
_0807_/A                                0.75    1.34   -0.59 (VIOLATED)
_0978_/B2                               0.75    1.34   -0.59 (VIOLATED)
_1130_/A1                               0.75    1.34   -0.59 (VIOLATED)
_0955_/A1_N                             0.75    1.34   -0.59 (VIOLATED)
_0979_/B                                0.75    1.34   -0.59 (VIOLATED)
_0953_/C                                0.75    1.34   -0.59 (VIOLATED)
_1337_/C                                0.75    1.34   -0.59 (VIOLATED)
_1132_/A1                               0.75    1.34   -0.59 (VIOLATED)
Y[3]                                    0.75    1.34   -0.59 (VIOLATED)
_0977_/Y                                0.75    1.34   -0.59 (VIOLATED)
_1071_/A                                0.75    1.34   -0.59 (VIOLATED)
_1131_/A                                0.75    1.34   -0.59 (VIOLATED)
_0914_/A                                0.75    1.34   -0.59 (VIOLATED)
_0934_/A                                0.75    1.34   -0.59 (VIOLATED)
_0856_/A1                               0.75    1.34   -0.59 (VIOLATED)
_0806_/X                                0.75    1.34   -0.59 (VIOLATED)
_0968_/A                                0.75    1.34   -0.59 (VIOLATED)
_0939_/A1                               0.75    1.34   -0.59 (VIOLATED)
_0816_/A1                               0.75    1.34   -0.59 (VIOLATED)
_1213_/A1                               0.75    1.34   -0.59 (VIOLATED)
_1171_/A1                               0.75    1.34   -0.59 (VIOLATED)
_0812_/B                                0.75    1.34   -0.59 (VIOLATED)
_1212_/A                                0.75    1.34   -0.59 (VIOLATED)
_0814_/A1                               0.75    1.34   -0.59 (VIOLATED)
_0810_/X                                0.75    1.34   -0.59 (VIOLATED)
_1109_/B                                0.75    1.32   -0.57 (VIOLATED)
_1268_/A2                               0.75    1.32   -0.57 (VIOLATED)
_1099_/B                                0.75    1.32   -0.57 (VIOLATED)
_1059_/B                                0.75    1.32   -0.57 (VIOLATED)
_0885_/A1                               0.75    1.32   -0.57 (VIOLATED)
_0827_/A                                0.75    1.32   -0.57 (VIOLATED)
_0791_/A                                0.75    1.32   -0.57 (VIOLATED)
_1311_/A2                               0.75    1.32   -0.57 (VIOLATED)
_0881_/B2                               0.75    1.32   -0.57 (VIOLATED)
_0789_/X                                0.75    1.32   -0.57 (VIOLATED)
_0797_/A                                0.75    1.32   -0.57 (VIOLATED)
_1293_/A1                               0.75    1.31   -0.56 (VIOLATED)
_1058_/B                                0.75    1.31   -0.56 (VIOLATED)
_1170_/C1                               0.75    1.31   -0.56 (VIOLATED)
_1241_/B                                0.75    1.31   -0.56 (VIOLATED)
_1273_/B                                0.75    1.31   -0.56 (VIOLATED)
_1239_/A2                               0.75    1.31   -0.56 (VIOLATED)
_1209_/B                                0.75    1.31   -0.56 (VIOLATED)
_1171_/A2                               0.75    1.31   -0.56 (VIOLATED)
_1274_/A2                               0.75    1.31   -0.56 (VIOLATED)
_0789_/A                                0.75    1.31   -0.56 (VIOLATED)
_0788_/X                                0.75    1.31   -0.56 (VIOLATED)
_0953_/B                                0.75    1.30   -0.55 (VIOLATED)
_0938_/B                                0.75    1.30   -0.55 (VIOLATED)
_0929_/A2_N                             0.75    1.30   -0.55 (VIOLATED)
_0726_/A                                0.75    1.30   -0.55 (VIOLATED)
_0955_/A2_N                             0.75    1.30   -0.55 (VIOLATED)
_0705_/B1                               0.75    1.30   -0.55 (VIOLATED)
_0697_/A                                0.75    1.30   -0.55 (VIOLATED)
_1183_/C                                0.75    1.30   -0.55 (VIOLATED)
_0928_/D                                0.75    1.30   -0.55 (VIOLATED)
_1221_/B1                               0.75    1.30   -0.55 (VIOLATED)
_0671_/X                                0.75    1.30   -0.55 (VIOLATED)
_1101_/A1                               0.75    1.29   -0.54 (VIOLATED)
_0863_/B2                               0.75    1.29   -0.54 (VIOLATED)
_0733_/A                                0.75    1.29   -0.54 (VIOLATED)
_0774_/A                                0.75    1.29   -0.54 (VIOLATED)
_0805_/A                                0.75    1.29   -0.54 (VIOLATED)
_0755_/A                                0.75    1.29   -0.54 (VIOLATED)
_0735_/A1                               0.75    1.29   -0.54 (VIOLATED)
_0871_/C1                               0.75    1.29   -0.54 (VIOLATED)
_0818_/A                                0.75    1.29   -0.54 (VIOLATED)
_0934_/B                                0.75    1.29   -0.54 (VIOLATED)
_0726_/X                                0.75    1.29   -0.54 (VIOLATED)
_1215_/B                                0.75    1.28   -0.53 (VIOLATED)
_1311_/B2                               0.75    1.28   -0.53 (VIOLATED)
_1059_/A                                0.75    1.28   -0.53 (VIOLATED)
_1099_/A                                0.75    1.28   -0.53 (VIOLATED)
_1058_/A                                0.75    1.28   -0.53 (VIOLATED)
_1277_/B2                               0.75    1.28   -0.53 (VIOLATED)
_1249_/A1                               0.75    1.28   -0.53 (VIOLATED)
_1102_/A1                               0.75    1.28   -0.53 (VIOLATED)
_1248_/B                                0.75    1.28   -0.53 (VIOLATED)
_1057_/X                                0.75    1.28   -0.53 (VIOLATED)
_1216_/B2                               0.75    1.28   -0.53 (VIOLATED)
_0771_/A2                               0.75    1.28   -0.53 (VIOLATED)
_0747_/A2                               0.75    1.28   -0.53 (VIOLATED)
_0764_/A2                               0.75    1.28   -0.53 (VIOLATED)
_0750_/B                                0.75    1.28   -0.53 (VIOLATED)
_0745_/Y                                0.75    1.28   -0.53 (VIOLATED)
_1240_/A                                0.75    1.28   -0.53 (VIOLATED)
_0768_/B                                0.75    1.28   -0.53 (VIOLATED)
_0973_/B2                               0.75    1.28   -0.53 (VIOLATED)
_0800_/A1                               0.75    1.28   -0.53 (VIOLATED)
_1001_/B_N                              0.75    1.28   -0.53 (VIOLATED)
_1239_/A1                               0.75    1.28   -0.53 (VIOLATED)
_0964_/A                                0.75    1.28   -0.53 (VIOLATED)
_0772_/A1                               0.75    1.28   -0.53 (VIOLATED)
_1209_/A                                0.75    1.28   -0.53 (VIOLATED)
_0770_/A1                               0.75    1.28   -0.53 (VIOLATED)
_0763_/X                                0.75    1.28   -0.53 (VIOLATED)
_0804_/S                                0.75    1.27   -0.52 (VIOLATED)
_0799_/A2                               0.75    1.27   -0.52 (VIOLATED)
_0835_/A2                               0.75    1.27   -0.52 (VIOLATED)
_0838_/A2                               0.75    1.27   -0.52 (VIOLATED)
_0830_/A2                               0.75    1.27   -0.52 (VIOLATED)
_0825_/S                                0.75    1.27   -0.52 (VIOLATED)
_0816_/A2                               0.75    1.27   -0.52 (VIOLATED)
_0792_/Y                                0.75    1.27   -0.52 (VIOLATED)
_1137_/B2                               0.75    1.26   -0.51 (VIOLATED)
_1268_/A1                               0.75    1.26   -0.51 (VIOLATED)
_1136_/A                                0.75    1.26   -0.51 (VIOLATED)
_1006_/A1_N                             0.75    1.26   -0.51 (VIOLATED)
_1217_/C                                0.75    1.26   -0.51 (VIOLATED)
_0998_/A                                0.75    1.26   -0.51 (VIOLATED)
_1271_/A                                0.75    1.26   -0.51 (VIOLATED)
_1005_/A                                0.75    1.26   -0.51 (VIOLATED)
_1241_/A                                0.75    1.26   -0.51 (VIOLATED)
_0999_/A                                0.75    1.26   -0.51 (VIOLATED)
_0997_/X                                0.75    1.26   -0.51 (VIOLATED)
_1270_/A                                0.75    1.25   -0.50 (VIOLATED)
_1015_/B                                0.75    1.25   -0.50 (VIOLATED)
_0784_/A                                0.75    1.25   -0.50 (VIOLATED)
_1217_/B                                0.75    1.25   -0.50 (VIOLATED)
_0752_/A                                0.75    1.25   -0.50 (VIOLATED)
_1296_/A2                               0.75    1.25   -0.50 (VIOLATED)
_1179_/A2_N                             0.75    1.25   -0.50 (VIOLATED)
_0852_/B2                               0.75    1.25   -0.50 (VIOLATED)
_1277_/B1                               0.75    1.25   -0.50 (VIOLATED)
_0881_/A1                               0.75    1.25   -0.50 (VIOLATED)
_0749_/X                                0.75    1.25   -0.50 (VIOLATED)
_0892_/B                                0.75    1.24   -0.49 (VIOLATED)
_0929_/A1_N                             0.75    1.24   -0.49 (VIOLATED)
_0908_/B                                0.75    1.24   -0.49 (VIOLATED)
_0906_/B2                               0.75    1.24   -0.49 (VIOLATED)
_0960_/A1                               0.75    1.24   -0.49 (VIOLATED)
_0959_/A                                0.75    1.24   -0.49 (VIOLATED)
_0909_/B2                               0.75    1.24   -0.49 (VIOLATED)
_0865_/B                                0.75    1.24   -0.49 (VIOLATED)
_0979_/A                                0.75    1.24   -0.49 (VIOLATED)
_0893_/B                                0.75    1.24   -0.49 (VIOLATED)
_0864_/X                                0.75    1.24   -0.49 (VIOLATED)
_0750_/A                                0.75    1.22   -0.47 (VIOLATED)
_1248_/C                                0.75    1.22   -0.47 (VIOLATED)
_0978_/A2                               0.75    1.22   -0.47 (VIOLATED)
_0746_/A1                               0.75    1.22   -0.47 (VIOLATED)
_0667_/A                                0.75    1.22   -0.47 (VIOLATED)
_0707_/C1                               0.75    1.22   -0.47 (VIOLATED)
_0979_/C                                0.75    1.22   -0.47 (VIOLATED)
_0725_/A                                0.75    1.22   -0.47 (VIOLATED)
_1277_/A2                               0.75    1.22   -0.47 (VIOLATED)
_1249_/A2                               0.75    1.22   -0.47 (VIOLATED)
_0666_/X                                0.75    1.22   -0.47 (VIOLATED)
_0938_/A                                0.75    1.22   -0.47 (VIOLATED)
_0926_/A2                               0.75    1.22   -0.47 (VIOLATED)
_1072_/A1                               0.75    1.22   -0.47 (VIOLATED)
_0810_/A                                0.75    1.22   -0.47 (VIOLATED)
_0927_/B                                0.75    1.22   -0.47 (VIOLATED)
_1170_/B1                               0.75    1.22   -0.47 (VIOLATED)
_0952_/B1                               0.75    1.22   -0.47 (VIOLATED)
_1138_/C                                0.75    1.22   -0.47 (VIOLATED)
_0951_/C                                0.75    1.22   -0.47 (VIOLATED)
_1073_/A                                0.75    1.22   -0.47 (VIOLATED)
_0809_/X                                0.75    1.22   -0.47 (VIOLATED)
_0960_/A2                               0.75    1.17   -0.42 (VIOLATED)
_1249_/B1                               0.75    1.17   -0.42 (VIOLATED)
_1250_/A1                               0.75    1.17   -0.42 (VIOLATED)
_0743_/A_N                              0.75    1.17   -0.42 (VIOLATED)
_0978_/B1                               0.75    1.17   -0.42 (VIOLATED)
_0744_/B_N                              0.75    1.17   -0.42 (VIOLATED)
_0959_/B                                0.75    1.17   -0.42 (VIOLATED)
_0753_/A                                0.75    1.17   -0.42 (VIOLATED)
_0979_/D                                0.75    1.17   -0.42 (VIOLATED)
_0736_/X                                0.75    1.17   -0.42 (VIOLATED)
_1272_/B2                               0.75    1.17   -0.42 (VIOLATED)
_0999_/B                                0.75    1.17   -0.42 (VIOLATED)
_0786_/A_N                              0.75    1.17   -0.42 (VIOLATED)
_0873_/A1                               0.75    1.17   -0.42 (VIOLATED)
_0852_/A1                               0.75    1.17   -0.42 (VIOLATED)
_1005_/B                                0.75    1.17   -0.42 (VIOLATED)
_0836_/A                                0.75    1.17   -0.42 (VIOLATED)
_0838_/C1                               0.75    1.17   -0.42 (VIOLATED)
_0840_/C1                               0.75    1.17   -0.42 (VIOLATED)
_0783_/A                                0.75    1.17   -0.42 (VIOLATED)
_1017_/B                                0.75    1.17   -0.42 (VIOLATED)
_0667_/X                                0.75    1.17   -0.42 (VIOLATED)
_0952_/A2                               0.75    1.16   -0.41 (VIOLATED)
_0763_/A                                0.75    1.16   -0.41 (VIOLATED)
_1034_/A1_N                             0.75    1.16   -0.41 (VIOLATED)
_0718_/B                                0.75    1.16   -0.41 (VIOLATED)
_0951_/B                                0.75    1.16   -0.41 (VIOLATED)
_1137_/A1                               0.75    1.16   -0.41 (VIOLATED)
_1177_/C                                0.75    1.16   -0.41 (VIOLATED)
_1179_/A1_N                             0.75    1.16   -0.41 (VIOLATED)
_1136_/B                                0.75    1.16   -0.41 (VIOLATED)
_1032_/C                                0.75    1.16   -0.41 (VIOLATED)
_0717_/X                                0.75    1.16   -0.41 (VIOLATED)
_0682_/A                                0.75    1.16   -0.41 (VIOLATED)
_0816_/C1                               0.75    1.16   -0.41 (VIOLATED)
_0942_/B                                0.75    1.16   -0.41 (VIOLATED)
_0770_/C1                               0.75    1.16   -0.41 (VIOLATED)
_0772_/C1                               0.75    1.16   -0.41 (VIOLATED)
_0685_/A1                               0.75    1.16   -0.41 (VIOLATED)
_1145_/D                                0.75    1.16   -0.41 (VIOLATED)
_1182_/B1                               0.75    1.16   -0.41 (VIOLATED)
_0814_/C1                               0.75    1.16   -0.41 (VIOLATED)
_1221_/A2                               0.75    1.16   -0.41 (VIOLATED)
_0676_/X                                0.75    1.16   -0.41 (VIOLATED)
_0927_/A                                0.75    1.15   -0.40 (VIOLATED)
_0926_/A1                               0.75    1.15   -0.40 (VIOLATED)
_0704_/B2                               0.75    1.15   -0.40 (VIOLATED)
_0951_/A                                0.75    1.15   -0.40 (VIOLATED)
_0698_/A1                               0.75    1.15   -0.40 (VIOLATED)
_1144_/A1                               0.75    1.15   -0.40 (VIOLATED)
_0952_/A1                               0.75    1.15   -0.40 (VIOLATED)
_0669_/A                                0.75    1.15   -0.40 (VIOLATED)
_1077_/A                                0.75    1.15   -0.40 (VIOLATED)
_0714_/A                                0.75    1.15   -0.40 (VIOLATED)
_0668_/X                                0.75    1.15   -0.40 (VIOLATED)
_0711_/C1                               0.75    1.14   -0.39 (VIOLATED)
_1176_/A2                               0.75    1.14   -0.39 (VIOLATED)
_0707_/A1                               0.75    1.14   -0.39 (VIOLATED)
_1215_/D                                0.75    1.14   -0.39 (VIOLATED)
_0736_/A                                0.75    1.14   -0.39 (VIOLATED)
_1175_/B                                0.75    1.14   -0.39 (VIOLATED)
_1024_/B1                               0.75    1.14   -0.39 (VIOLATED)
_1137_/B1                               0.75    1.14   -0.39 (VIOLATED)
_1216_/B1                               0.75    1.14   -0.39 (VIOLATED)
_1136_/D                                0.75    1.14   -0.39 (VIOLATED)
_0670_/X                                0.75    1.14   -0.39 (VIOLATED)
_1176_/A1                               0.75    1.12   -0.37 (VIOLATED)
_1274_/A1                               0.75    1.12   -0.37 (VIOLATED)
_1015_/A                                0.75    1.12   -0.37 (VIOLATED)
_1292_/A                                0.75    1.12   -0.37 (VIOLATED)
_1216_/A1                               0.75    1.12   -0.37 (VIOLATED)
_1273_/A                                0.75    1.12   -0.37 (VIOLATED)
_1061_/A1                               0.75    1.12   -0.37 (VIOLATED)
_1020_/A1                               0.75    1.12   -0.37 (VIOLATED)
_1215_/A                                0.75    1.12   -0.37 (VIOLATED)
_1014_/X                                0.75    1.12   -0.37 (VIOLATED)
_1175_/A                                0.75    1.12   -0.37 (VIOLATED)
_0713_/A2                               0.75    1.11   -0.36 (VIOLATED)
_0715_/B                                0.75    1.11   -0.36 (VIOLATED)
_0724_/A2                               0.75    1.11   -0.36 (VIOLATED)
_0731_/A                                0.75    1.11   -0.36 (VIOLATED)
_0707_/Y                                0.75    1.11   -0.36 (VIOLATED)
_0694_/A                                0.75    1.07   -0.32 (VIOLATED)
_1144_/B2                               0.75    1.07   -0.32 (VIOLATED)
_0914_/B                                0.75    1.07   -0.32 (VIOLATED)
_1183_/D                                0.75    1.07   -0.32 (VIOLATED)
_0868_/C1                               0.75    1.07   -0.32 (VIOLATED)
_0885_/B2                               0.75    1.07   -0.32 (VIOLATED)
_0702_/B1                               0.75    1.07   -0.32 (VIOLATED)
_0846_/A                                0.75    1.07   -0.32 (VIOLATED)
_0866_/A1                               0.75    1.07   -0.32 (VIOLATED)
_0952_/B2                               0.75    1.07   -0.32 (VIOLATED)
_0890_/A1                               0.75    1.07   -0.32 (VIOLATED)
_1347_/A2                               0.75    1.07   -0.32 (VIOLATED)
_1342_/A1                               0.75    1.07   -0.32 (VIOLATED)
_1341_/A                                0.75    1.07   -0.32 (VIOLATED)
_0861_/A                                0.75    1.07   -0.32 (VIOLATED)
_0883_/A                                0.75    1.07   -0.32 (VIOLATED)
_0822_/X                                0.75    1.07   -0.32 (VIOLATED)
_0704_/A1                               0.75    1.07   -0.32 (VIOLATED)
_0951_/D                                0.75    1.07   -0.32 (VIOLATED)
_0719_/A                                0.75    1.07   -0.32 (VIOLATED)
_0728_/A                                0.75    1.07   -0.32 (VIOLATED)
_0693_/X                                0.75    1.07   -0.32 (VIOLATED)
_0911_/B                                0.75    1.06   -0.31 (VIOLATED)
_0857_/A                                0.75    1.06   -0.31 (VIOLATED)
_0909_/B1                               0.75    1.06   -0.31 (VIOLATED)
_0915_/B                                0.75    1.06   -0.31 (VIOLATED)
_0720_/A                                0.75    1.06   -0.31 (VIOLATED)
_0721_/B1                               0.75    1.06   -0.31 (VIOLATED)
_0908_/D                                0.75    1.06   -0.31 (VIOLATED)
_0869_/B1                               0.75    1.06   -0.31 (VIOLATED)
_0870_/A                                0.75    1.06   -0.31 (VIOLATED)
_0734_/A1                               0.75    1.06   -0.31 (VIOLATED)
_0719_/X                                0.75    1.06   -0.31 (VIOLATED)
_1215_/C                                0.75    1.05   -0.30 (VIOLATED)
_0666_/A                                0.75    1.05   -0.30 (VIOLATED)
_1072_/A2                               0.75    1.05   -0.30 (VIOLATED)
_1024_/A2                               0.75    1.05   -0.30 (VIOLATED)
_1137_/A2                               0.75    1.05   -0.30 (VIOLATED)
_1216_/A2                               0.75    1.05   -0.30 (VIOLATED)
_1136_/C                                0.75    1.05   -0.30 (VIOLATED)
_1073_/B                                0.75    1.05   -0.30 (VIOLATED)
_0665_/X                                0.75    1.05   -0.30 (VIOLATED)
_0998_/B                                0.75    1.05   -0.30 (VIOLATED)
_1023_/C                                0.75    1.05   -0.30 (VIOLATED)
_0851_/S                                0.75    1.02   -0.27 (VIOLATED)
_0871_/A2                               0.75    1.02   -0.27 (VIOLATED)
_0880_/S                                0.75    1.02   -0.27 (VIOLATED)
_0847_/S                                0.75    1.02   -0.27 (VIOLATED)
_0862_/A2                               0.75    1.02   -0.27 (VIOLATED)
_0923_/B2                               0.75    1.02   -0.27 (VIOLATED)
_0855_/S                                0.75    1.02   -0.27 (VIOLATED)
_0846_/Y                                0.75    1.02   -0.27 (VIOLATED)
_0689_/A3                               0.75    0.99   -0.24 (VIOLATED)
_0698_/A2                               0.75    0.99   -0.24 (VIOLATED)
_0692_/A1                               0.75    0.99   -0.24 (VIOLATED)
_0688_/A2                               0.75    0.99   -0.24 (VIOLATED)
_0696_/A                                0.75    0.99   -0.24 (VIOLATED)
_0673_/Y                                0.75    0.99   -0.24 (VIOLATED)
_1120_/B1                               0.75    0.99   -0.24 (VIOLATED)
_1165_/A                                0.75    0.96   -0.21 (VIOLATED)
_0996_/A_N                              0.75    0.96   -0.21 (VIOLATED)
_1049_/C1                               0.75    0.96   -0.21 (VIOLATED)
_0903_/A                                0.75    0.96   -0.21 (VIOLATED)
_1096_/A                                0.75    0.96   -0.21 (VIOLATED)
_1237_/A                                0.75    0.96   -0.21 (VIOLATED)
_1265_/A                                0.75    0.96   -0.21 (VIOLATED)
_0902_/X                                0.75    0.96   -0.21 (VIOLATED)
_1205_/A                                0.75    0.96   -0.21 (VIOLATED)
_1348_/A1                               0.75    0.95   -0.20 (VIOLATED)
_1119_/C1                               0.75    0.95   -0.20 (VIOLATED)
_1346_/A1                               0.75    0.95   -0.20 (VIOLATED)
_1118_/Y                                0.75    0.95   -0.20 (VIOLATED)
_0837_/C                                0.75    0.93   -0.18 (VIOLATED)
_0821_/B                                0.75    0.93   -0.18 (VIOLATED)
_0849_/A2                               0.75    0.93   -0.18 (VIOLATED)
_0877_/A                                0.75    0.93   -0.18 (VIOLATED)
_0820_/Y                                0.75    0.93   -0.18 (VIOLATED)
Y[2]                                    0.75    0.92   -0.17 (VIOLATED)
_1337_/B                                0.75    0.92   -0.17 (VIOLATED)
_0949_/Y                                0.75    0.92   -0.17 (VIOLATED)
_0940_/A                                0.75    0.91   -0.16 (VIOLATED)
_1021_/B2                               0.75    0.91   -0.16 (VIOLATED)
_0918_/A1_N                             0.75    0.91   -0.16 (VIOLATED)
_1100_/A1                               0.75    0.91   -0.16 (VIOLATED)
_0974_/A                                0.75    0.91   -0.16 (VIOLATED)
_0897_/B1                               0.75    0.91   -0.16 (VIOLATED)
_1007_/B2                               0.75    0.91   -0.16 (VIOLATED)
_0896_/X                                0.75    0.91   -0.16 (VIOLATED)
_0824_/B                                0.75    0.87   -0.12 (VIOLATED)
_0794_/A2                               0.75    0.87   -0.12 (VIOLATED)
_0787_/A2                               0.75    0.87   -0.12 (VIOLATED)
_0828_/A2                               0.75    0.87   -0.12 (VIOLATED)
_0783_/Y                                0.75    0.87   -0.12 (VIOLATED)
_0842_/C_N                              0.75    0.83   -0.08 (VIOLATED)
_0878_/B1                               0.75    0.83   -0.08 (VIOLATED)
_0841_/Y                                0.75    0.83   -0.08 (VIOLATED)
Y[6]                                    0.75    0.82   -0.07 (VIOLATED)
_1333_/B                                0.75    0.82   -0.07 (VIOLATED)
_1104_/Y                                0.75    0.82   -0.07 (VIOLATED)
_1048_/B                                0.75    0.82   -0.07 (VIOLATED)
_1046_/B                                0.75    0.82   -0.07 (VIOLATED)
_1045_/B                                0.75    0.82   -0.07 (VIOLATED)
_1044_/Y                                0.75    0.82   -0.07 (VIOLATED)
Y[13]                                   0.75    0.81   -0.06 (VIOLATED)
_1336_/A                                0.75    0.81   -0.06 (VIOLATED)
_1320_/Y                                0.75    0.81   -0.06 (VIOLATED)
Y[4]                                    0.75    0.81   -0.06 (VIOLATED)
_1335_/A                                0.75    0.81   -0.06 (VIOLATED)
_1012_/X                                0.75    0.81   -0.06 (VIOLATED)
_0850_/A                                0.75    0.79   -0.04 (VIOLATED)
_0877_/B                                0.75    0.79   -0.04 (VIOLATED)
_1198_/A                                0.75    0.79   -0.04 (VIOLATED)
_1234_/A1                               0.75    0.79   -0.04 (VIOLATED)
_1233_/A                                0.75    0.79   -0.04 (VIOLATED)
_1196_/Y                                0.75    0.79   -0.04 (VIOLATED)
_0837_/D                                0.75    0.79   -0.04 (VIOLATED)
_0836_/Y                                0.75    0.79   -0.04 (VIOLATED)
_1251_/A                                0.75    0.75   -0.00 (VIOLATED)
_1051_/A                                0.75    0.75   -0.00 (VIOLATED)
_1063_/B1_N                             0.75    0.75   -0.00 (VIOLATED)
_1016_/A                                0.75    0.75   -0.00 (VIOLATED)
_1021_/A2                               0.75    0.75   -0.00 (VIOLATED)
_1272_/A1                               0.75    0.75   -0.00 (VIOLATED)
_1013_/Y                                0.75    0.75   -0.00 (VIOLATED)
_0871_/A1                               0.75    0.75   -0.00 (VIOLATED)
_0857_/B                                0.75    0.75   -0.00 (VIOLATED)
_0862_/A1                               0.75    0.75   -0.00 (VIOLATED)
_0856_/Y                                0.75    0.75   -0.00 (VIOLATED)



===========================================================================
report_parasitic_annotation -report_unannotated
============================================================================
Found 704 unannotated drivers.
 A[0]
 A[1]
 A[2]
 A[3]
 A[4]
 A[5]
 A[6]
 A[7]
 B[0]
 B[1]
 B[2]
 B[3]
 B[4]
 B[5]
 B[6]
 B[7]
 op[0]
 op[1]
 op[2]
 _0665_/X
 _0666_/X
 _0667_/X
 _0668_/X
 _0669_/X
 _0670_/X
 _0671_/X
 _0672_/X
 _0673_/Y
 _0674_/Y
 _0675_/Y
 _0676_/X
 _0677_/Y
 _0678_/X
 _0679_/Y
 _0680_/X
 _0681_/X
 _0682_/X
 _0683_/Y
 _0684_/Y
 _0685_/X
 _0686_/Y
 _0687_/Y
 _0688_/X
 _0689_/Y
 _0690_/X
 _0691_/X
 _0692_/Y
 _0693_/X
 _0694_/Y
 _0695_/Y
 _0696_/X
 _0697_/X
 _0698_/X
 _0699_/X
 _0700_/Y
 _0701_/X
 _0702_/X
 _0703_/Y
 _0704_/X
 _0705_/X
 _0706_/X
 _0707_/Y
 _0708_/X
 _0709_/X
 _0710_/Y
 _0711_/X
 _0712_/Y
 _0713_/X
 _0714_/Y
 _0715_/Y
 _0716_/X
 _0717_/X
 _0718_/Y
 _0719_/X
 _0720_/Y
 _0721_/X
 _0722_/Y
 _0723_/Y
 _0724_/X
 _0725_/X
 _0726_/X
 _0727_/X
 _0728_/Y
 _0729_/X
 _0730_/Y
 _0731_/Y
 _0732_/X
 _0733_/Y
 _0734_/X
 _0735_/Y
 _0736_/X
 _0737_/Y
 _0738_/X
 _0739_/X
 _0740_/X
 _0741_/Y
 _0742_/X
 _0743_/X
 _0744_/X
 _0745_/Y
 _0746_/X
 _0747_/Y
 _0748_/X
 _0749_/X
 _0750_/X
 _0751_/X
 _0752_/X
 _0753_/X
 _0754_/Y
 _0755_/X
 _0756_/X
 _0757_/X
 _0758_/X
 _0759_/Y
 _0760_/Y
 _0761_/Y
 _0762_/Y
 _0763_/X
 _0764_/X
 _0765_/Y
 _0766_/X
 _0767_/Y
 _0768_/X
 _0769_/X
 _0770_/X
 _0771_/X
 _0772_/X
 _0773_/X
 _0774_/Y
 _0775_/X
 _0776_/Y
 _0777_/X
 _0778_/Y
 _0779_/X
 _0780_/Y
 _0781_/Y
 _0782_/X
 _0783_/Y
 _0784_/Y
 _0785_/X
 _0786_/X
 _0787_/Y
 _0788_/X
 _0789_/X
 _0790_/X
 _0791_/X
 _0792_/Y
 _0793_/Y
 _0794_/X
 _0795_/X
 _0796_/Y
 _0797_/Y
 _0798_/X
 _0799_/X
 _0800_/X
 _0801_/Y
 _0802_/X
 _0803_/X
 _0804_/X
 _0805_/Y
 _0806_/X
 _0807_/X
 _0808_/X
 _0809_/X
 _0810_/X
 _0811_/X
 _0812_/X
 _0813_/X
 _0814_/X
 _0815_/X
 _0816_/X
 _0817_/X
 _0818_/Y
 _0819_/Y
 _0820_/Y
 _0821_/Y
 _0822_/X
 _0823_/Y
 _0824_/X
 _0825_/X
 _0826_/Y
 _0827_/Y
 _0828_/X
 _0829_/X
 _0830_/Y
 _0831_/Y
 _0832_/X
 _0833_/Y
 _0834_/X
 _0835_/X
 _0836_/Y
 _0837_/X
 _0838_/X
 _0839_/X
 _0840_/X
 _0841_/Y
 _0842_/X
 _0843_/X
 _0844_/Y
 _0845_/X
 _0846_/Y
 _0847_/X
 _0848_/X
 _0849_/X
 _0850_/Y
 _0851_/X
 _0852_/X
 _0853_/X
 _0854_/X
 _0855_/X
 _0856_/Y
 _0857_/X
 _0858_/Y
 _0859_/Y
 _0860_/Y
 _0861_/X
 _0862_/X
 _0863_/X
 _0864_/X
 _0865_/Y
 _0866_/Y
 _0867_/Y
 _0868_/X
 _0869_/X
 _0870_/X
 _0871_/X
 _0872_/X
 _0873_/X
 _0874_/X
 _0875_/Y
 _0876_/X
 _0877_/Y
 _0878_/Y
 _0879_/Y
 _0880_/X
 _0881_/X
 _0882_/X
 _0883_/X
 _0884_/Y
 _0885_/X
 _0886_/Y
 _0887_/X
 _0888_/X
 _0889_/Y
 _0890_/X
 _0891_/X
 _0892_/Y
 _0893_/Y
 _0894_/Y
 _0895_/X
 _0896_/X
 _0897_/X
 _0898_/X
 _0899_/Y
 _0900_/X
 _0901_/X
 _0902_/X
 _0903_/X
 _0904_/Y
 _0905_/X
 _0906_/X
 _0907_/Y
 _0908_/X
 _0909_/X
 _0910_/X
 _0911_/Y
 _0912_/X
 _0913_/X
 _0914_/X
 _0915_/Y
 _0916_/Y
 _0917_/Y
 _0918_/X
 _0919_/Y
 _0920_/Y
 _0921_/X
 _0922_/X
 _0923_/X
 _0924_/Y
 _0925_/X
 _0926_/Y
 _0927_/X
 _0928_/X
 _0929_/X
 _0930_/Y
 _0931_/Y
 _0932_/X
 _0933_/Y
 _0934_/Y
 _0935_/Y
 _0936_/X
 _0937_/X
 _0938_/Y
 _0939_/X
 _0940_/Y
 _0941_/X
 _0942_/Y
 _0943_/X
 _0944_/X
 _0945_/X
 _0946_/X
 _0947_/X
 _0948_/X
 _0949_/Y
 _0950_/Y
 _0951_/X
 _0952_/X
 _0953_/X
 _0954_/Y
 _0955_/X
 _0956_/X
 _0957_/Y
 _0958_/X
 _0959_/Y
 _0960_/X
 _0961_/Y
 _0962_/X
 _0963_/X
 _0964_/Y
 _0965_/Y
 _0966_/X
 _0967_/X
 _0968_/Y
 _0969_/X
 _0970_/X
 _0971_/X
 _0972_/Y
 _0973_/X
 _0974_/Y
 _0975_/X
 _0976_/X
 _0977_/Y
 _0978_/X
 _0979_/Y
 _0980_/X
 _0981_/X
 _0982_/Y
 _0983_/X
 _0984_/X
 _0985_/X
 _0986_/Y
 _0987_/X
 _0988_/Y
 _0989_/X
 _0990_/Y
 _0991_/X
 _0992_/Y
 _0993_/X
 _0994_/X
 _0995_/Y
 _0996_/X
 _0997_/X
 _0998_/X
 _0999_/Y
 _1000_/Y
 _1001_/X
 _1002_/X
 _1003_/X
 _1004_/X
 _1005_/X
 _1006_/X
 _1007_/X
 _1008_/X
 _1009_/X
 _1010_/X
 _1011_/X
 _1012_/X
 _1013_/Y
 _1014_/X
 _1015_/Y
 _1016_/Y
 _1017_/X
 _1018_/X
 _1019_/Y
 _1020_/Y
 _1021_/Y
 _1022_/Y
 _1023_/X
 _1024_/X
 _1025_/X
 _1026_/Y
 _1027_/X
 _1028_/Y
 _1029_/Y
 _1030_/X
 _1031_/X
 _1032_/X
 _1033_/Y
 _1034_/X
 _1035_/X
 _1036_/Y
 _1037_/X
 _1038_/Y
 _1039_/X
 _1040_/Y
 _1041_/X
 _1042_/Y
 _1043_/Y
 _1044_/Y
 _1045_/X
 _1046_/Y
 _1047_/Y
 _1048_/Y
 _1049_/X
 _1050_/X
 _1051_/X
 _1052_/X
 _1053_/Y
 _1054_/X
 _1055_/X
 _1056_/Y
 _1057_/X
 _1058_/Y
 _1059_/X
 _1060_/Y
 _1061_/X
 _1062_/Y
 _1063_/X
 _1064_/Y
 _1065_/X
 _1066_/Y
 _1067_/X
 _1068_/X
 _1069_/Y
 _1070_/X
 _1071_/Y
 _1072_/Y
 _1073_/X
 _1074_/Y
 _1075_/Y
 _1076_/Y
 _1077_/X
 _1078_/X
 _1079_/X
 _1080_/Y
 _1081_/X
 _1082_/Y
 _1083_/Y
 _1084_/Y
 _1085_/X
 _1086_/Y
 _1087_/Y
 _1088_/X
 _1089_/X
 _1090_/Y
 _1091_/Y
 _1092_/Y
 _1093_/Y
 _1094_/Y
 _1095_/Y
 _1096_/X
 _1097_/Y
 _1098_/X
 _1099_/Y
 _1100_/Y
 _1101_/X
 _1102_/X
 _1103_/X
 _1104_/Y
 _1105_/X
 _1106_/Y
 _1107_/X
 _1108_/X
 _1109_/Y
 _1110_/Y
 _1111_/Y
 _1112_/X
 _1113_/X
 _1114_/X
 _1115_/Y
 _1116_/Y
 _1117_/Y
 _1118_/Y
 _1119_/X
 _1120_/X
 _1121_/X
 _1122_/X
 _1123_/X
 _1124_/X
 _1125_/Y
 _1126_/X
 _1127_/Y
 _1128_/X
 _1129_/Y
 _1130_/X
 _1131_/X
 _1132_/Y
 _1133_/X
 _1134_/X
 _1135_/X
 _1136_/X
 _1137_/X
 _1138_/X
 _1139_/Y
 _1140_/X
 _1141_/Y
 _1142_/X
 _1143_/Y
 _1144_/X
 _1145_/X
 _1146_/Y
 _1147_/X
 _1148_/X
 _1149_/Y
 _1150_/X
 _1151_/Y
 _1152_/X
 _1153_/Y
 _1154_/Y
 _1155_/X
 _1156_/Y
 _1157_/Y
 _1158_/Y
 _1159_/X
 _1160_/X
 _1161_/Y
 _1162_/X
 _1163_/Y
 _1164_/Y
 _1165_/Y
 _1166_/X
 _1167_/Y
 _1168_/X
 _1169_/Y
 _1170_/X
 _1171_/Y
 _1172_/Y
 _1173_/Y
 _1174_/Y
 _1175_/X
 _1176_/X
 _1177_/X
 _1178_/Y
 _1179_/X
 _1180_/Y
 _1181_/X
 _1182_/X
 _1183_/X
 _1184_/X
 _1185_/Y
 _1186_/X
 _1187_/Y
 _1188_/X
 _1189_/Y
 _1190_/X
 _1191_/Y
 _1192_/X
 _1193_/Y
 _1194_/X
 _1195_/Y
 _1196_/Y
 _1197_/X
 _1198_/Y
 _1199_/Y
 _1200_/Y
 _1201_/Y
 _1202_/Y
 _1203_/X
 _1204_/Y
 _1205_/Y
 _1206_/X
 _1207_/X
 _1208_/X
 _1209_/Y
 _1210_/X
 _1211_/Y
 _1212_/X
 _1213_/Y
 _1214_/Y
 _1215_/X
 _1216_/X
 _1217_/X
 _1218_/Y
 _1219_/X
 _1220_/Y
 _1221_/X
 _1222_/Y
 _1223_/X
 _1224_/Y
 _1225_/X
 _1226_/Y
 _1227_/X
 _1228_/Y
 _1229_/Y
 _1230_/X
 _1231_/Y
 _1232_/Y
 _1233_/Y
 _1234_/X
 _1235_/Y
 _1236_/Y
 _1237_/Y
 _1238_/Y
 _1239_/Y
 _1240_/Y
 _1241_/Y
 _1242_/X
 _1243_/X
 _1244_/Y
 _1245_/X
 _1246_/X
 _1247_/X
 _1248_/X
 _1249_/X
 _1250_/X
 _1251_/Y
 _1252_/Y
 _1253_/X
 _1254_/Y
 _1255_/Y
 _1256_/Y
 _1257_/X
 _1258_/Y
 _1259_/Y
 _1260_/Y
 _1261_/Y
 _1262_/Y
 _1263_/X
 _1264_/Y
 _1265_/Y
 _1266_/X
 _1267_/X
 _1268_/Y
 _1269_/Y
 _1270_/X
 _1271_/Y
 _1272_/X
 _1273_/X
 _1274_/Y
 _1275_/X
 _1276_/Y
 _1277_/X
 _1278_/X
 _1279_/Y
 _1280_/X
 _1281_/Y
 _1282_/Y
 _1283_/Y
 _1284_/X
 _1285_/Y
 _1286_/Y
 _1287_/Y
 _1288_/Y
 _1289_/X
 _1290_/X
 _1291_/X
 _1292_/Y
 _1293_/X
 _1294_/X
 _1295_/X
 _1296_/X
 _1297_/Y
 _1298_/Y
 _1299_/X
 _1300_/Y
 _1301_/Y
 _1302_/Y
 _1303_/Y
 _1304_/Y
 _1305_/X
 _1306_/Y
 _1307_/Y
 _1308_/X
 _1309_/X
 _1310_/X
 _1311_/X
 _1312_/X
 _1313_/Y
 _1314_/X
 _1315_/Y
 _1316_/X
 _1317_/X
 _1318_/X
 _1319_/Y
 _1320_/Y
 _1321_/X
 _1322_/Y
 _1323_/X
 _1324_/Y
 _1325_/Y
 _1326_/Y
 _1327_/X
 _1328_/Y
 _1329_/Y
 _1330_/Y
 _1331_/X
 _1332_/Y
 _1333_/X
 _1334_/X
 _1335_/X
 _1336_/X
 _1337_/X
 _1338_/X
 _1339_/X
 _1340_/Y
 _1341_/Y
 _1342_/X
 _1343_/X
 _1344_/X
 _1345_/Y
 _1346_/X
 _1347_/X
 _1348_/X
 _1349_/X
Found 0 partially unannotated drivers.

===========================================================================
max slew violation count 435
max fanout violation count 0
max cap violation count 0
============================================================================

===========================================================================
check_setup -verbose -unconstrained_endpoints -multiple_clock -no_clock -no_input_delay -loops -generated_clocks
===========================================================================
