
===========================================================================
report_checks -unconstrained
===========================================================================
======================= Fastest Corner ===================================

Startpoint: B[0] (input port clocked by __VIRTUAL_CLK__)
Endpoint: Y[0] (output port clocked by __VIRTUAL_CLK__)
Path Group: __VIRTUAL_CLK__
Path Type: max
Corner: Fastest

Fanout     Cap    Slew   Delay    Time   Description
-----------------------------------------------------------------------------
                  0.00    0.00    0.00   clock __VIRTUAL_CLK__ (rise edge)
                          0.00    0.00   clock network delay (ideal)
                          2.00    2.00 ^ input external delay
                  0.02    0.02    2.02 ^ B[0] (in)
     1    0.01                           B[0] (net)
                  0.02    0.00    2.02 ^ input9/A (sky130_fd_sc_hd__buf_6)
                  0.21    0.20    2.21 ^ input9/X (sky130_fd_sc_hd__buf_6)
     3    0.14                           net9 (net)
                  0.22    0.01    2.22 ^ _0664_/B_N (sky130_fd_sc_hd__or2b_4)
                  0.13    0.28    2.50 v _0664_/X (sky130_fd_sc_hd__or2b_4)
     2    0.11                           _0374_ (net)
                  0.13    0.02    2.52 v _0665_/A2 (sky130_fd_sc_hd__a21oi_4)
                  0.38    0.37    2.89 ^ _0665_/Y (sky130_fd_sc_hd__a21oi_4)
     3    0.07                           _0385_ (net)
                  0.38    0.01    2.90 ^ _0667_/A2 (sky130_fd_sc_hd__o31a_4)
                  0.30    0.31    3.21 ^ _0667_/X (sky130_fd_sc_hd__o31a_4)
     4    0.14                           _0406_ (net)
                  0.30    0.01    3.22 ^ _0668_/B (sky130_fd_sc_hd__or2_4)
                  0.30    0.30    3.51 ^ _0668_/X (sky130_fd_sc_hd__or2_4)
     4    0.13                           _0417_ (net)
                  0.30    0.03    3.54 ^ _0676_/A2 (sky130_fd_sc_hd__a31o_4)
                  0.24    0.27    3.81 ^ _0676_/X (sky130_fd_sc_hd__a31o_4)
     5    0.10                           _0503_ (net)
                  0.24    0.02    3.83 ^ _0687_/D_N (sky130_fd_sc_hd__or4b_4)
                  0.16    0.43    4.26 v _0687_/X (sky130_fd_sc_hd__or4b_4)
     3    0.11                           _0619_ (net)
                  0.16    0.01    4.27 v _0690_/A3 (sky130_fd_sc_hd__a32o_4)
                  0.11    0.31    4.57 v _0690_/X (sky130_fd_sc_hd__a32o_4)
     3    0.10                           _0626_ (net)
                  0.12    0.01    4.58 v _0692_/A3 (sky130_fd_sc_hd__a31o_2)
                  0.07    0.24    4.83 v _0692_/X (sky130_fd_sc_hd__a31o_2)
     1    0.03                           _0628_ (net)
                  0.07    0.00    4.83 v _0693_/A2 (sky130_fd_sc_hd__a211oi_4)
                  0.26    0.29    5.12 ^ _0693_/Y (sky130_fd_sc_hd__a211oi_4)
     3    0.03                           _0629_ (net)
                  0.26    0.00    5.12 ^ max_cap52/A (sky130_fd_sc_hd__clkbuf_2)
                  0.17    0.20    5.32 ^ max_cap52/X (sky130_fd_sc_hd__clkbuf_2)
     2    0.04                           net52 (net)
                  0.17    0.00    5.33 ^ max_cap50/A (sky130_fd_sc_hd__clkbuf_2)
                  0.10    0.14    5.47 ^ max_cap50/X (sky130_fd_sc_hd__clkbuf_2)
     1    0.02                           net50 (net)
                  0.10    0.00    5.47 ^ _0716_/A (sky130_fd_sc_hd__nand2_8)
                  0.10    0.09    5.57 v _0716_/Y (sky130_fd_sc_hd__nand2_8)
     3    0.09                           _0652_ (net)
                  0.10    0.01    5.57 v _0717_/S (sky130_fd_sc_hd__mux2_8)
                  0.11    0.31    5.88 v _0717_/X (sky130_fd_sc_hd__mux2_8)
     4    0.13                           _0653_ (net)
                  0.11    0.02    5.90 v _0720_/A2 (sky130_fd_sc_hd__a22oi_4)
                  0.32    0.33    6.23 ^ _0720_/Y (sky130_fd_sc_hd__a22oi_4)
     2    0.08                           _0002_ (net)
                  0.32    0.01    6.24 ^ _0730_/A2 (sky130_fd_sc_hd__o31ai_1)
                  0.09    0.09    6.33 v _0730_/Y (sky130_fd_sc_hd__o31ai_1)
     1    0.01                           _0012_ (net)
                  0.09    0.00    6.33 v wire44/A (sky130_fd_sc_hd__buf_2)
                  0.08    0.16    6.49 v wire44/X (sky130_fd_sc_hd__buf_2)
     2    0.05                           net44 (net)
                  0.08    0.00    6.49 v _0732_/A2 (sky130_fd_sc_hd__a21oi_4)
                  0.45    0.40    6.89 ^ _0732_/Y (sky130_fd_sc_hd__a21oi_4)
     5    0.09                           _0014_ (net)
                  0.46    0.01    6.91 ^ _0733_/S (sky130_fd_sc_hd__mux2_4)
                  0.12    0.27    7.18 v _0733_/X (sky130_fd_sc_hd__mux2_4)
     3    0.08                           _0015_ (net)
                  0.12    0.00    7.18 v _0746_/B (sky130_fd_sc_hd__xnor2_1)
                  0.11    0.14    7.32 ^ _0746_/Y (sky130_fd_sc_hd__xnor2_1)
     1    0.00                           _0028_ (net)
                  0.11    0.00    7.32 ^ wire40/A (sky130_fd_sc_hd__buf_4)
                  0.20    0.21    7.53 ^ wire40/X (sky130_fd_sc_hd__buf_4)
     3    0.10                           net40 (net)
                  0.20    0.01    7.54 ^ _0763_/A1 (sky130_fd_sc_hd__a21o_4)
                  0.13    0.17    7.71 ^ _0763_/X (sky130_fd_sc_hd__a21o_4)
     2    0.06                           _0045_ (net)
                  0.13    0.01    7.72 ^ _0765_/A2 (sky130_fd_sc_hd__a21o_4)
                  0.30    0.29    8.01 ^ _0765_/X (sky130_fd_sc_hd__a21o_4)
     4    0.15                           _0047_ (net)
                  0.31    0.02    8.03 ^ _0776_/A1 (sky130_fd_sc_hd__a32oi_4)
                  0.17    0.17    8.20 v _0776_/Y (sky130_fd_sc_hd__a32oi_4)
     4    0.05                           _0058_ (net)
                  0.17    0.00    8.20 v _0780_/A2 (sky130_fd_sc_hd__a21oi_4)
                  0.27    0.30    8.50 ^ _0780_/Y (sky130_fd_sc_hd__a21oi_4)
     2    0.05                           _0062_ (net)
                  0.27    0.00    8.50 ^ max_cap38/A (sky130_fd_sc_hd__buf_4)
                  0.17    0.21    8.71 ^ max_cap38/X (sky130_fd_sc_hd__buf_4)
     4    0.08                           net38 (net)
                  0.17    0.01    8.72 ^ max_cap37/A (sky130_fd_sc_hd__buf_4)
                  0.18    0.21    8.93 ^ max_cap37/X (sky130_fd_sc_hd__buf_4)
     5    0.09                           net37 (net)
                  0.18    0.01    8.94 ^ _0794_/S (sky130_fd_sc_hd__mux2_4)
                  0.10    0.26    9.20 v _0794_/X (sky130_fd_sc_hd__mux2_4)
     3    0.06                           _0076_ (net)
                  0.10    0.01    9.21 v _0807_/B (sky130_fd_sc_hd__nor2_4)
                  0.36    0.32    9.53 ^ _0807_/Y (sky130_fd_sc_hd__nor2_4)
     2    0.08                           _0089_ (net)
                  0.36    0.01    9.53 ^ _0808_/B1 (sky130_fd_sc_hd__a21o_4)
                  0.21    0.18    9.72 ^ _0808_/X (sky130_fd_sc_hd__a21o_4)
     4    0.10                           _0090_ (net)
                  0.22    0.03    9.75 ^ _0835_/A1 (sky130_fd_sc_hd__a41o_4)
                  0.18    0.27   10.01 ^ _0835_/X (sky130_fd_sc_hd__a41o_4)
     3    0.08                           _0117_ (net)
                  0.18    0.00   10.02 ^ _0836_/B (sky130_fd_sc_hd__and2_2)
                  0.27    0.29   10.31 ^ _0836_/X (sky130_fd_sc_hd__and2_2)
     1    0.07                           _0118_ (net)
                  0.27    0.01   10.32 ^ _0837_/A (sky130_fd_sc_hd__buf_6)
                  0.22    0.22   10.54 ^ _0837_/X (sky130_fd_sc_hd__buf_6)
     8    0.15                           _0119_ (net)
                  0.23    0.04   10.57 ^ _0850_/S (sky130_fd_sc_hd__mux2_2)
                  0.11    0.30   10.87 v _0850_/X (sky130_fd_sc_hd__mux2_2)
     2    0.04                           _0132_ (net)
                  0.11    0.00   10.88 v _0861_/A2 (sky130_fd_sc_hd__a221o_1)
                  0.09    0.27   11.15 v _0861_/X (sky130_fd_sc_hd__a221o_1)
     1    0.02                           _0143_ (net)
                  0.09    0.00   11.15 v _0863_/A2 (sky130_fd_sc_hd__a21o_1)
                  0.03    0.14   11.30 v _0863_/X (sky130_fd_sc_hd__a21o_1)
     1    0.00                           _0145_ (net)
                  0.03    0.00   11.30 v _0871_/A2 (sky130_fd_sc_hd__a21o_1)
                  0.08    0.17   11.46 v _0871_/X (sky130_fd_sc_hd__a21o_1)
     1    0.02                           _0153_ (net)
                  0.08    0.00   11.47 v _0881_/A1 (sky130_fd_sc_hd__a21oi_4)
                  0.32    0.30   11.76 ^ _0881_/Y (sky130_fd_sc_hd__a21oi_4)
     2    0.06                           _0163_ (net)
                  0.32    0.00   11.77 ^ _0895_/A (sky130_fd_sc_hd__or4_2)
                  0.16    0.22   11.99 ^ _0895_/X (sky130_fd_sc_hd__or4_2)
     1    0.04                           _0177_ (net)
                  0.16    0.01   11.99 ^ _0896_/A (sky130_fd_sc_hd__clkbuf_2)
                  0.14    0.18   12.17 ^ _0896_/X (sky130_fd_sc_hd__clkbuf_2)
     2    0.03                           net20 (net)
                  0.14    0.00   12.18 ^ output20/A (sky130_fd_sc_hd__buf_2)
                  0.13    0.17   12.35 ^ output20/X (sky130_fd_sc_hd__buf_2)
     1    0.03                           Y[0] (net)
                  0.13    0.00   12.35 ^ Y[0] (out)
                                 12.35   data arrival time

                  0.00   10.00   10.00   clock __VIRTUAL_CLK__ (rise edge)
                          0.00   10.00   clock network delay (ideal)
                         -0.25    9.75   clock uncertainty
                          0.00    9.75   clock reconvergence pessimism
                         -2.00    7.75   output external delay
                                  7.75   data required time
-----------------------------------------------------------------------------
                                  7.75   data required time
                                -12.35   data arrival time
-----------------------------------------------------------------------------
                                 -4.60   slack (VIOLATED)



======================= Slowest Corner ===================================

Startpoint: B[0] (input port clocked by __VIRTUAL_CLK__)
Endpoint: Y[0] (output port clocked by __VIRTUAL_CLK__)
Path Group: __VIRTUAL_CLK__
Path Type: max
Corner: Slowest

Fanout     Cap    Slew   Delay    Time   Description
-----------------------------------------------------------------------------
                  0.00    0.00    0.00   clock __VIRTUAL_CLK__ (rise edge)
                          0.00    0.00   clock network delay (ideal)
                          2.00    2.00 ^ input external delay
                  0.05    0.03    2.03 ^ B[0] (in)
     1    0.01                           B[0] (net)
                  0.05    0.00    2.03 ^ input9/A (sky130_fd_sc_hd__buf_6)
                  0.44    0.46    2.49 ^ input9/X (sky130_fd_sc_hd__buf_6)
     3    0.14                           net9 (net)
                  0.44    0.01    2.51 ^ _0664_/B_N (sky130_fd_sc_hd__or2b_4)
                  0.30    0.93    3.43 v _0664_/X (sky130_fd_sc_hd__or2b_4)
     2    0.12                           _0374_ (net)
                  0.31    0.02    3.45 v _0665_/A2 (sky130_fd_sc_hd__a21oi_4)
                  0.81    0.87    4.32 ^ _0665_/Y (sky130_fd_sc_hd__a21oi_4)
     3    0.07                           _0385_ (net)
                  0.81    0.01    4.33 ^ _0667_/A2 (sky130_fd_sc_hd__o31a_4)
                  0.63    0.97    5.30 ^ _0667_/X (sky130_fd_sc_hd__o31a_4)
     4    0.14                           _0406_ (net)
                  0.64    0.01    5.31 ^ _0668_/B (sky130_fd_sc_hd__or2_4)
                  0.61    0.87    6.19 ^ _0668_/X (sky130_fd_sc_hd__or2_4)
     4    0.13                           _0417_ (net)
                  0.61    0.03    6.21 ^ _0676_/A2 (sky130_fd_sc_hd__a31o_4)
                  0.48    0.86    7.08 ^ _0676_/X (sky130_fd_sc_hd__a31o_4)
     5    0.10                           _0503_ (net)
                  0.48    0.02    7.09 ^ _0687_/D_N (sky130_fd_sc_hd__or4b_4)
                  0.40    1.50    8.59 v _0687_/X (sky130_fd_sc_hd__or4b_4)
     3    0.11                           _0619_ (net)
                  0.40    0.01    8.60 v _0690_/A3 (sky130_fd_sc_hd__a32o_4)
                  0.28    0.95    9.55 v _0690_/X (sky130_fd_sc_hd__a32o_4)
     3    0.10                           _0626_ (net)
                  0.28    0.01    9.56 v _0692_/A3 (sky130_fd_sc_hd__a31o_2)
                  0.17    0.68   10.25 v _0692_/X (sky130_fd_sc_hd__a31o_2)
     1    0.03                           _0628_ (net)
                  0.17    0.00   10.25 v _0693_/A2 (sky130_fd_sc_hd__a211oi_4)
                  0.58    0.71   10.96 ^ _0693_/Y (sky130_fd_sc_hd__a211oi_4)
     3    0.03                           _0629_ (net)
                  0.58    0.00   10.96 ^ max_cap52/A (sky130_fd_sc_hd__clkbuf_2)
                  0.34    0.62   11.58 ^ max_cap52/X (sky130_fd_sc_hd__clkbuf_2)
     2    0.04                           net52 (net)
                  0.34    0.00   11.58 ^ max_cap50/A (sky130_fd_sc_hd__clkbuf_2)
                  0.20    0.42   12.00 ^ max_cap50/X (sky130_fd_sc_hd__clkbuf_2)
     1    0.02                           net50 (net)
                  0.20    0.00   12.00 ^ _0716_/A (sky130_fd_sc_hd__nand2_8)
                  0.24    0.28   12.28 v _0716_/Y (sky130_fd_sc_hd__nand2_8)
     3    0.09                           _0652_ (net)
                  0.24    0.01   12.29 v _0717_/S (sky130_fd_sc_hd__mux2_8)
                  0.25    0.92   13.21 v _0717_/X (sky130_fd_sc_hd__mux2_8)
     4    0.13                           _0653_ (net)
                  0.25    0.02   13.22 v _0720_/A2 (sky130_fd_sc_hd__a22oi_4)
                  0.90    0.95   14.18 ^ _0720_/Y (sky130_fd_sc_hd__a22oi_4)
     2    0.08                           _0002_ (net)
                  0.90    0.01   14.19 ^ _0730_/A2 (sky130_fd_sc_hd__o31ai_1)
                  0.23    0.49   14.68 v _0730_/Y (sky130_fd_sc_hd__o31ai_1)
     1    0.01                           _0012_ (net)
                  0.23    0.00   14.68 v wire44/A (sky130_fd_sc_hd__buf_2)
                  0.22    0.49   15.17 v wire44/X (sky130_fd_sc_hd__buf_2)
     2    0.05                           net44 (net)
                  0.22    0.00   15.17 v _0732_/A2 (sky130_fd_sc_hd__a21oi_4)
                  0.96    0.94   16.11 ^ _0732_/Y (sky130_fd_sc_hd__a21oi_4)
     5    0.09                           _0014_ (net)
                  0.96    0.01   16.12 ^ _0733_/S (sky130_fd_sc_hd__mux2_4)
                  0.27    1.03   17.15 v _0733_/X (sky130_fd_sc_hd__mux2_4)
     3    0.08                           _0015_ (net)
                  0.27    0.00   17.16 v _0746_/B (sky130_fd_sc_hd__xnor2_1)
                  0.24    0.36   17.51 ^ _0746_/Y (sky130_fd_sc_hd__xnor2_1)
     1    0.00                           _0028_ (net)
                  0.24    0.00   17.51 ^ wire40/A (sky130_fd_sc_hd__buf_4)
                  0.42    0.56   18.07 ^ wire40/X (sky130_fd_sc_hd__buf_4)
     3    0.10                           net40 (net)
                  0.42    0.01   18.08 ^ _0763_/A1 (sky130_fd_sc_hd__a21o_4)
                  0.27    0.55   18.63 ^ _0763_/X (sky130_fd_sc_hd__a21o_4)
     2    0.06                           _0045_ (net)
                  0.28    0.01   18.64 ^ _0765_/A2 (sky130_fd_sc_hd__a21o_4)
                  0.63    0.76   19.40 ^ _0765_/X (sky130_fd_sc_hd__a21o_4)
     4    0.15                           _0047_ (net)
                  0.63    0.02   19.42 ^ _0776_/A1 (sky130_fd_sc_hd__a32oi_4)
                  0.43    0.65   20.07 v _0776_/Y (sky130_fd_sc_hd__a32oi_4)
     4    0.05                           _0058_ (net)
                  0.43    0.00   20.07 v _0780_/A2 (sky130_fd_sc_hd__a21oi_4)
                  0.57    0.73   20.80 ^ _0780_/Y (sky130_fd_sc_hd__a21oi_4)
     2    0.05                           _0062_ (net)
                  0.57    0.00   20.80 ^ max_cap38/A (sky130_fd_sc_hd__buf_4)
                  0.36    0.65   21.45 ^ max_cap38/X (sky130_fd_sc_hd__buf_4)
     4    0.08                           net38 (net)
                  0.36    0.01   21.46 ^ max_cap37/A (sky130_fd_sc_hd__buf_4)
                  0.38    0.58   22.05 ^ max_cap37/X (sky130_fd_sc_hd__buf_4)
     5    0.09                           net37 (net)
                  0.38    0.01   22.06 ^ _0794_/S (sky130_fd_sc_hd__mux2_4)
                  0.21    0.85   22.91 v _0794_/X (sky130_fd_sc_hd__mux2_4)
     3    0.06                           _0076_ (net)
                  0.21    0.01   22.92 v _0807_/B (sky130_fd_sc_hd__nor2_4)
                  0.80    0.73   23.65 ^ _0807_/Y (sky130_fd_sc_hd__nor2_4)
     2    0.08                           _0089_ (net)
                  0.80    0.01   23.66 ^ _0808_/B1 (sky130_fd_sc_hd__a21o_4)
                  0.44    0.68   24.34 ^ _0808_/X (sky130_fd_sc_hd__a21o_4)
     4    0.10                           _0090_ (net)
                  0.44    0.03   24.37 ^ _0835_/A1 (sky130_fd_sc_hd__a41o_4)
                  0.39    0.84   25.21 ^ _0835_/X (sky130_fd_sc_hd__a41o_4)
     3    0.08                           _0117_ (net)
                  0.39    0.00   25.21 ^ _0836_/B (sky130_fd_sc_hd__and2_2)
                  0.57    0.81   26.02 ^ _0836_/X (sky130_fd_sc_hd__and2_2)
     1    0.07                           _0118_ (net)
                  0.57    0.01   26.03 ^ _0837_/A (sky130_fd_sc_hd__buf_6)
                  0.46    0.67   26.70 ^ _0837_/X (sky130_fd_sc_hd__buf_6)
     8    0.15                           _0119_ (net)
                  0.46    0.03   26.74 ^ _0845_/S (sky130_fd_sc_hd__mux2_4)
                  0.40    0.76   27.50 ^ _0845_/X (sky130_fd_sc_hd__mux2_4)
     3    0.09                           _0127_ (net)
                  0.40    0.01   27.51 ^ _0862_/B1 (sky130_fd_sc_hd__a22o_2)
                  0.45    0.73   28.24 ^ _0862_/X (sky130_fd_sc_hd__a22o_2)
     1    0.05                           _0144_ (net)
                  0.45    0.01   28.25 ^ _0863_/B1 (sky130_fd_sc_hd__a21o_1)
                  0.09    0.30   28.56 ^ _0863_/X (sky130_fd_sc_hd__a21o_1)
     1    0.00                           _0145_ (net)
                  0.09    0.00   28.56 ^ _0871_/A2 (sky130_fd_sc_hd__a21o_1)
                  0.30    0.42   28.98 ^ _0871_/X (sky130_fd_sc_hd__a21o_1)
     1    0.02                           _0153_ (net)
                  0.30    0.00   28.98 ^ _0881_/A1 (sky130_fd_sc_hd__a21oi_4)
                  0.28    0.36   29.34 v _0881_/Y (sky130_fd_sc_hd__a21oi_4)
     2    0.06                           _0163_ (net)
                  0.28    0.00   29.34 v _0895_/A (sky130_fd_sc_hd__or4_2)
                  0.43    2.08   31.42 v _0895_/X (sky130_fd_sc_hd__or4_2)
     1    0.04                           _0177_ (net)
                  0.43    0.01   31.43 v _0896_/A (sky130_fd_sc_hd__clkbuf_2)
                  0.24    0.51   31.94 v _0896_/X (sky130_fd_sc_hd__clkbuf_2)
     2    0.03                           net20 (net)
                  0.24    0.00   31.95 v output20/A (sky130_fd_sc_hd__buf_2)
                  0.16    0.45   32.39 v output20/X (sky130_fd_sc_hd__buf_2)
     1    0.03                           Y[0] (net)
                  0.16    0.00   32.40 v Y[0] (out)
                                 32.40   data arrival time

                  0.00   10.00   10.00   clock __VIRTUAL_CLK__ (rise edge)
                          0.00   10.00   clock network delay (ideal)
                         -0.25    9.75   clock uncertainty
                          0.00    9.75   clock reconvergence pessimism
                         -2.00    7.75   output external delay
                                  7.75   data required time
-----------------------------------------------------------------------------
                                  7.75   data required time
                                -32.40   data arrival time
-----------------------------------------------------------------------------
                                -24.65   slack (VIOLATED)



======================= Typical Corner ===================================

Startpoint: B[0] (input port clocked by __VIRTUAL_CLK__)
Endpoint: Y[0] (output port clocked by __VIRTUAL_CLK__)
Path Group: __VIRTUAL_CLK__
Path Type: max
Corner: Typical

Fanout     Cap    Slew   Delay    Time   Description
-----------------------------------------------------------------------------
                  0.00    0.00    0.00   clock __VIRTUAL_CLK__ (rise edge)
                          0.00    0.00   clock network delay (ideal)
                          2.00    2.00 ^ input external delay
                  0.03    0.02    2.02 ^ B[0] (in)
     1    0.01                           B[0] (net)
                  0.03    0.00    2.02 ^ input9/A (sky130_fd_sc_hd__buf_6)
                  0.28    0.27    2.29 ^ input9/X (sky130_fd_sc_hd__buf_6)
     3    0.14                           net9 (net)
                  0.28    0.01    2.30 ^ _0664_/B_N (sky130_fd_sc_hd__or2b_4)
                  0.18    0.46    2.77 v _0664_/X (sky130_fd_sc_hd__or2b_4)
     2    0.11                           _0374_ (net)
                  0.18    0.02    2.79 v _0665_/A2 (sky130_fd_sc_hd__a21oi_4)
                  0.52    0.52    3.31 ^ _0665_/Y (sky130_fd_sc_hd__a21oi_4)
     3    0.07                           _0385_ (net)
                  0.52    0.01    3.32 ^ _0667_/A2 (sky130_fd_sc_hd__o31a_4)
                  0.40    0.50    3.82 ^ _0667_/X (sky130_fd_sc_hd__o31a_4)
     4    0.14                           _0406_ (net)
                  0.40    0.01    3.83 ^ _0668_/B (sky130_fd_sc_hd__or2_4)
                  0.39    0.46    4.29 ^ _0668_/X (sky130_fd_sc_hd__or2_4)
     4    0.13                           _0417_ (net)
                  0.39    0.03    4.32 ^ _0676_/A2 (sky130_fd_sc_hd__a31o_4)
                  0.31    0.44    4.76 ^ _0676_/X (sky130_fd_sc_hd__a31o_4)
     5    0.10                           _0503_ (net)
                  0.31    0.02    4.77 ^ _0687_/D_N (sky130_fd_sc_hd__or4b_4)
                  0.23    0.73    5.50 v _0687_/X (sky130_fd_sc_hd__or4b_4)
     3    0.11                           _0619_ (net)
                  0.23    0.01    5.51 v _0690_/A3 (sky130_fd_sc_hd__a32o_4)
                  0.16    0.53    6.05 v _0690_/X (sky130_fd_sc_hd__a32o_4)
     3    0.10                           _0626_ (net)
                  0.16    0.01    6.06 v _0692_/A3 (sky130_fd_sc_hd__a31o_2)
                  0.10    0.37    6.43 v _0692_/X (sky130_fd_sc_hd__a31o_2)
     1    0.03                           _0628_ (net)
                  0.10    0.00    6.43 v _0693_/A2 (sky130_fd_sc_hd__a211oi_4)
                  0.36    0.42    6.85 ^ _0693_/Y (sky130_fd_sc_hd__a211oi_4)
     3    0.03                           _0629_ (net)
                  0.36    0.00    6.85 ^ max_cap52/A (sky130_fd_sc_hd__clkbuf_2)
                  0.22    0.32    7.17 ^ max_cap52/X (sky130_fd_sc_hd__clkbuf_2)
     2    0.04                           net52 (net)
                  0.22    0.00    7.17 ^ max_cap50/A (sky130_fd_sc_hd__clkbuf_2)
                  0.12    0.23    7.40 ^ max_cap50/X (sky130_fd_sc_hd__clkbuf_2)
     1    0.02                           net50 (net)
                  0.12    0.00    7.40 ^ _0716_/A (sky130_fd_sc_hd__nand2_8)
                  0.13    0.14    7.55 v _0716_/Y (sky130_fd_sc_hd__nand2_8)
     3    0.09                           _0652_ (net)
                  0.13    0.01    7.55 v _0717_/S (sky130_fd_sc_hd__mux2_8)
                  0.14    0.48    8.04 v _0717_/X (sky130_fd_sc_hd__mux2_8)
     4    0.13                           _0653_ (net)
                  0.15    0.02    8.05 v _0720_/A2 (sky130_fd_sc_hd__a22oi_4)
                  0.57    0.58    8.63 ^ _0720_/Y (sky130_fd_sc_hd__a22oi_4)
     2    0.08                           _0002_ (net)
                  0.57    0.01    8.64 ^ _0730_/A2 (sky130_fd_sc_hd__o31ai_1)
                  0.14    0.21    8.85 v _0730_/Y (sky130_fd_sc_hd__o31ai_1)
     1    0.01                           _0012_ (net)
                  0.14    0.00    8.85 v wire44/A (sky130_fd_sc_hd__buf_2)
                  0.12    0.25    9.10 v wire44/X (sky130_fd_sc_hd__buf_2)
     2    0.05                           net44 (net)
                  0.12    0.00    9.10 v _0732_/A2 (sky130_fd_sc_hd__a21oi_4)
                  0.61    0.56    9.67 ^ _0732_/Y (sky130_fd_sc_hd__a21oi_4)
     5    0.09                           _0014_ (net)
                  0.61    0.01    9.68 ^ _0733_/S (sky130_fd_sc_hd__mux2_4)
                  0.15    0.49   10.17 v _0733_/X (sky130_fd_sc_hd__mux2_4)
     3    0.08                           _0015_ (net)
                  0.15    0.00   10.17 v _0746_/B (sky130_fd_sc_hd__xnor2_1)
                  0.15    0.20   10.37 ^ _0746_/Y (sky130_fd_sc_hd__xnor2_1)
     1    0.00                           _0028_ (net)
                  0.15    0.00   10.37 ^ wire40/A (sky130_fd_sc_hd__buf_4)
                  0.27    0.31   10.68 ^ wire40/X (sky130_fd_sc_hd__buf_4)
     3    0.10                           net40 (net)
                  0.27    0.01   10.69 ^ _0763_/A1 (sky130_fd_sc_hd__a21o_4)
                  0.17    0.28   10.97 ^ _0763_/X (sky130_fd_sc_hd__a21o_4)
     2    0.06                           _0045_ (net)
                  0.17    0.01   10.98 ^ _0765_/A2 (sky130_fd_sc_hd__a21o_4)
                  0.40    0.42   11.40 ^ _0765_/X (sky130_fd_sc_hd__a21o_4)
     4    0.15                           _0047_ (net)
                  0.40    0.02   11.42 ^ _0776_/A1 (sky130_fd_sc_hd__a32oi_4)
                  0.24    0.31   11.73 v _0776_/Y (sky130_fd_sc_hd__a32oi_4)
     4    0.05                           _0058_ (net)
                  0.24    0.00   11.73 v _0780_/A2 (sky130_fd_sc_hd__a21oi_4)
                  0.36    0.43   12.16 ^ _0780_/Y (sky130_fd_sc_hd__a21oi_4)
     2    0.05                           _0062_ (net)
                  0.36    0.00   12.16 ^ max_cap38/A (sky130_fd_sc_hd__buf_4)
                  0.22    0.33   12.49 ^ max_cap38/X (sky130_fd_sc_hd__buf_4)
     4    0.08                           net38 (net)
                  0.22    0.01   12.51 ^ max_cap37/A (sky130_fd_sc_hd__buf_4)
                  0.24    0.32   12.82 ^ max_cap37/X (sky130_fd_sc_hd__buf_4)
     5    0.09                           net37 (net)
                  0.24    0.01   12.84 ^ _0794_/S (sky130_fd_sc_hd__mux2_4)
                  0.12    0.44   13.28 v _0794_/X (sky130_fd_sc_hd__mux2_4)
     3    0.06                           _0076_ (net)
                  0.12    0.01   13.28 v _0807_/B (sky130_fd_sc_hd__nor2_4)
                  0.49    0.44   13.72 ^ _0807_/Y (sky130_fd_sc_hd__nor2_4)
     2    0.08                           _0089_ (net)
                  0.49    0.01   13.73 ^ _0808_/B1 (sky130_fd_sc_hd__a21o_4)
                  0.28    0.33   14.06 ^ _0808_/X (sky130_fd_sc_hd__a21o_4)
     4    0.10                           _0090_ (net)
                  0.28    0.03   14.09 ^ _0835_/A1 (sky130_fd_sc_hd__a41o_4)
                  0.24    0.43   14.52 ^ _0835_/X (sky130_fd_sc_hd__a41o_4)
     3    0.08                           _0117_ (net)
                  0.24    0.00   14.52 ^ _0836_/B (sky130_fd_sc_hd__and2_2)
                  0.36    0.44   14.96 ^ _0836_/X (sky130_fd_sc_hd__and2_2)
     1    0.07                           _0118_ (net)
                  0.36    0.01   14.97 ^ _0837_/A (sky130_fd_sc_hd__buf_6)
                  0.29    0.35   15.32 ^ _0837_/X (sky130_fd_sc_hd__buf_6)
     8    0.15                           _0119_ (net)
                  0.30    0.04   15.35 ^ _0850_/S (sky130_fd_sc_hd__mux2_2)
                  0.13    0.51   15.86 v _0850_/X (sky130_fd_sc_hd__mux2_2)
     2    0.04                           _0132_ (net)
                  0.13    0.00   15.87 v _0861_/A2 (sky130_fd_sc_hd__a221o_1)
                  0.13    0.48   16.35 v _0861_/X (sky130_fd_sc_hd__a221o_1)
     1    0.02                           _0143_ (net)
                  0.13    0.00   16.35 v _0863_/A2 (sky130_fd_sc_hd__a21o_1)
                  0.04    0.23   16.58 v _0863_/X (sky130_fd_sc_hd__a21o_1)
     1    0.00                           _0145_ (net)
                  0.04    0.00   16.58 v _0871_/A2 (sky130_fd_sc_hd__a21o_1)
                  0.11    0.25   16.83 v _0871_/X (sky130_fd_sc_hd__a21o_1)
     1    0.02                           _0153_ (net)
                  0.11    0.00   16.83 v _0881_/A1 (sky130_fd_sc_hd__a21oi_4)
                  0.43    0.42   17.25 ^ _0881_/Y (sky130_fd_sc_hd__a21oi_4)
     2    0.06                           _0163_ (net)
                  0.43    0.00   17.26 ^ _0895_/A (sky130_fd_sc_hd__or4_2)
                  0.21    0.36   17.61 ^ _0895_/X (sky130_fd_sc_hd__or4_2)
     1    0.04                           _0177_ (net)
                  0.21    0.01   17.62 ^ _0896_/A (sky130_fd_sc_hd__clkbuf_2)
                  0.19    0.27   17.89 ^ _0896_/X (sky130_fd_sc_hd__clkbuf_2)
     2    0.03                           net20 (net)
                  0.19    0.00   17.89 ^ output20/A (sky130_fd_sc_hd__buf_2)
                  0.17    0.26   18.15 ^ output20/X (sky130_fd_sc_hd__buf_2)
     1    0.03                           Y[0] (net)
                  0.17    0.00   18.15 ^ Y[0] (out)
                                 18.15   data arrival time

                  0.00   10.00   10.00   clock __VIRTUAL_CLK__ (rise edge)
                          0.00   10.00   clock network delay (ideal)
                         -0.25    9.75   clock uncertainty
                          0.00    9.75   clock reconvergence pessimism
                         -2.00    7.75   output external delay
                                  7.75   data required time
-----------------------------------------------------------------------------
                                  7.75   data required time
                                -18.15   data arrival time
-----------------------------------------------------------------------------
                                -10.40   slack (VIOLATED)




===========================================================================
report_checks --slack_max -0.01
============================================================================
======================= Fastest Corner ===================================

Startpoint: B[0] (input port clocked by __VIRTUAL_CLK__)
Endpoint: Y[0] (output port clocked by __VIRTUAL_CLK__)
Path Group: __VIRTUAL_CLK__
Path Type: max
Corner: Fastest

Fanout     Cap    Slew   Delay    Time   Description
-----------------------------------------------------------------------------
                  0.00    0.00    0.00   clock __VIRTUAL_CLK__ (rise edge)
                          0.00    0.00   clock network delay (ideal)
                          2.00    2.00 ^ input external delay
                  0.02    0.02    2.02 ^ B[0] (in)
     1    0.01                           B[0] (net)
                  0.02    0.00    2.02 ^ input9/A (sky130_fd_sc_hd__buf_6)
                  0.21    0.20    2.21 ^ input9/X (sky130_fd_sc_hd__buf_6)
     3    0.14                           net9 (net)
                  0.22    0.01    2.22 ^ _0664_/B_N (sky130_fd_sc_hd__or2b_4)
                  0.13    0.28    2.50 v _0664_/X (sky130_fd_sc_hd__or2b_4)
     2    0.11                           _0374_ (net)
                  0.13    0.02    2.52 v _0665_/A2 (sky130_fd_sc_hd__a21oi_4)
                  0.38    0.37    2.89 ^ _0665_/Y (sky130_fd_sc_hd__a21oi_4)
     3    0.07                           _0385_ (net)
                  0.38    0.01    2.90 ^ _0667_/A2 (sky130_fd_sc_hd__o31a_4)
                  0.30    0.31    3.21 ^ _0667_/X (sky130_fd_sc_hd__o31a_4)
     4    0.14                           _0406_ (net)
                  0.30    0.01    3.22 ^ _0668_/B (sky130_fd_sc_hd__or2_4)
                  0.30    0.30    3.51 ^ _0668_/X (sky130_fd_sc_hd__or2_4)
     4    0.13                           _0417_ (net)
                  0.30    0.03    3.54 ^ _0676_/A2 (sky130_fd_sc_hd__a31o_4)
                  0.24    0.27    3.81 ^ _0676_/X (sky130_fd_sc_hd__a31o_4)
     5    0.10                           _0503_ (net)
                  0.24    0.02    3.83 ^ _0687_/D_N (sky130_fd_sc_hd__or4b_4)
                  0.16    0.43    4.26 v _0687_/X (sky130_fd_sc_hd__or4b_4)
     3    0.11                           _0619_ (net)
                  0.16    0.01    4.27 v _0690_/A3 (sky130_fd_sc_hd__a32o_4)
                  0.11    0.31    4.57 v _0690_/X (sky130_fd_sc_hd__a32o_4)
     3    0.10                           _0626_ (net)
                  0.12    0.01    4.58 v _0692_/A3 (sky130_fd_sc_hd__a31o_2)
                  0.07    0.24    4.83 v _0692_/X (sky130_fd_sc_hd__a31o_2)
     1    0.03                           _0628_ (net)
                  0.07    0.00    4.83 v _0693_/A2 (sky130_fd_sc_hd__a211oi_4)
                  0.26    0.29    5.12 ^ _0693_/Y (sky130_fd_sc_hd__a211oi_4)
     3    0.03                           _0629_ (net)
                  0.26    0.00    5.12 ^ max_cap52/A (sky130_fd_sc_hd__clkbuf_2)
                  0.17    0.20    5.32 ^ max_cap52/X (sky130_fd_sc_hd__clkbuf_2)
     2    0.04                           net52 (net)
                  0.17    0.00    5.33 ^ max_cap50/A (sky130_fd_sc_hd__clkbuf_2)
                  0.10    0.14    5.47 ^ max_cap50/X (sky130_fd_sc_hd__clkbuf_2)
     1    0.02                           net50 (net)
                  0.10    0.00    5.47 ^ _0716_/A (sky130_fd_sc_hd__nand2_8)
                  0.10    0.09    5.57 v _0716_/Y (sky130_fd_sc_hd__nand2_8)
     3    0.09                           _0652_ (net)
                  0.10    0.01    5.57 v _0717_/S (sky130_fd_sc_hd__mux2_8)
                  0.11    0.31    5.88 v _0717_/X (sky130_fd_sc_hd__mux2_8)
     4    0.13                           _0653_ (net)
                  0.11    0.02    5.90 v _0720_/A2 (sky130_fd_sc_hd__a22oi_4)
                  0.32    0.33    6.23 ^ _0720_/Y (sky130_fd_sc_hd__a22oi_4)
     2    0.08                           _0002_ (net)
                  0.32    0.01    6.24 ^ _0730_/A2 (sky130_fd_sc_hd__o31ai_1)
                  0.09    0.09    6.33 v _0730_/Y (sky130_fd_sc_hd__o31ai_1)
     1    0.01                           _0012_ (net)
                  0.09    0.00    6.33 v wire44/A (sky130_fd_sc_hd__buf_2)
                  0.08    0.16    6.49 v wire44/X (sky130_fd_sc_hd__buf_2)
     2    0.05                           net44 (net)
                  0.08    0.00    6.49 v _0732_/A2 (sky130_fd_sc_hd__a21oi_4)
                  0.45    0.40    6.89 ^ _0732_/Y (sky130_fd_sc_hd__a21oi_4)
     5    0.09                           _0014_ (net)
                  0.46    0.01    6.91 ^ _0733_/S (sky130_fd_sc_hd__mux2_4)
                  0.12    0.27    7.18 v _0733_/X (sky130_fd_sc_hd__mux2_4)
     3    0.08                           _0015_ (net)
                  0.12    0.00    7.18 v _0746_/B (sky130_fd_sc_hd__xnor2_1)
                  0.11    0.14    7.32 ^ _0746_/Y (sky130_fd_sc_hd__xnor2_1)
     1    0.00                           _0028_ (net)
                  0.11    0.00    7.32 ^ wire40/A (sky130_fd_sc_hd__buf_4)
                  0.20    0.21    7.53 ^ wire40/X (sky130_fd_sc_hd__buf_4)
     3    0.10                           net40 (net)
                  0.20    0.01    7.54 ^ _0763_/A1 (sky130_fd_sc_hd__a21o_4)
                  0.13    0.17    7.71 ^ _0763_/X (sky130_fd_sc_hd__a21o_4)
     2    0.06                           _0045_ (net)
                  0.13    0.01    7.72 ^ _0765_/A2 (sky130_fd_sc_hd__a21o_4)
                  0.30    0.29    8.01 ^ _0765_/X (sky130_fd_sc_hd__a21o_4)
     4    0.15                           _0047_ (net)
                  0.31    0.02    8.03 ^ _0776_/A1 (sky130_fd_sc_hd__a32oi_4)
                  0.17    0.17    8.20 v _0776_/Y (sky130_fd_sc_hd__a32oi_4)
     4    0.05                           _0058_ (net)
                  0.17    0.00    8.20 v _0780_/A2 (sky130_fd_sc_hd__a21oi_4)
                  0.27    0.30    8.50 ^ _0780_/Y (sky130_fd_sc_hd__a21oi_4)
     2    0.05                           _0062_ (net)
                  0.27    0.00    8.50 ^ max_cap38/A (sky130_fd_sc_hd__buf_4)
                  0.17    0.21    8.71 ^ max_cap38/X (sky130_fd_sc_hd__buf_4)
     4    0.08                           net38 (net)
                  0.17    0.01    8.72 ^ max_cap37/A (sky130_fd_sc_hd__buf_4)
                  0.18    0.21    8.93 ^ max_cap37/X (sky130_fd_sc_hd__buf_4)
     5    0.09                           net37 (net)
                  0.18    0.01    8.94 ^ _0794_/S (sky130_fd_sc_hd__mux2_4)
                  0.10    0.26    9.20 v _0794_/X (sky130_fd_sc_hd__mux2_4)
     3    0.06                           _0076_ (net)
                  0.10    0.01    9.21 v _0807_/B (sky130_fd_sc_hd__nor2_4)
                  0.36    0.32    9.53 ^ _0807_/Y (sky130_fd_sc_hd__nor2_4)
     2    0.08                           _0089_ (net)
                  0.36    0.01    9.53 ^ _0808_/B1 (sky130_fd_sc_hd__a21o_4)
                  0.21    0.18    9.72 ^ _0808_/X (sky130_fd_sc_hd__a21o_4)
     4    0.10                           _0090_ (net)
                  0.22    0.03    9.75 ^ _0835_/A1 (sky130_fd_sc_hd__a41o_4)
                  0.18    0.27   10.01 ^ _0835_/X (sky130_fd_sc_hd__a41o_4)
     3    0.08                           _0117_ (net)
                  0.18    0.00   10.02 ^ _0836_/B (sky130_fd_sc_hd__and2_2)
                  0.27    0.29   10.31 ^ _0836_/X (sky130_fd_sc_hd__and2_2)
     1    0.07                           _0118_ (net)
                  0.27    0.01   10.32 ^ _0837_/A (sky130_fd_sc_hd__buf_6)
                  0.22    0.22   10.54 ^ _0837_/X (sky130_fd_sc_hd__buf_6)
     8    0.15                           _0119_ (net)
                  0.23    0.04   10.57 ^ _0850_/S (sky130_fd_sc_hd__mux2_2)
                  0.11    0.30   10.87 v _0850_/X (sky130_fd_sc_hd__mux2_2)
     2    0.04                           _0132_ (net)
                  0.11    0.00   10.88 v _0861_/A2 (sky130_fd_sc_hd__a221o_1)
                  0.09    0.27   11.15 v _0861_/X (sky130_fd_sc_hd__a221o_1)
     1    0.02                           _0143_ (net)
                  0.09    0.00   11.15 v _0863_/A2 (sky130_fd_sc_hd__a21o_1)
                  0.03    0.14   11.30 v _0863_/X (sky130_fd_sc_hd__a21o_1)
     1    0.00                           _0145_ (net)
                  0.03    0.00   11.30 v _0871_/A2 (sky130_fd_sc_hd__a21o_1)
                  0.08    0.17   11.46 v _0871_/X (sky130_fd_sc_hd__a21o_1)
     1    0.02                           _0153_ (net)
                  0.08    0.00   11.47 v _0881_/A1 (sky130_fd_sc_hd__a21oi_4)
                  0.32    0.30   11.76 ^ _0881_/Y (sky130_fd_sc_hd__a21oi_4)
     2    0.06                           _0163_ (net)
                  0.32    0.00   11.77 ^ _0895_/A (sky130_fd_sc_hd__or4_2)
                  0.16    0.22   11.99 ^ _0895_/X (sky130_fd_sc_hd__or4_2)
     1    0.04                           _0177_ (net)
                  0.16    0.01   11.99 ^ _0896_/A (sky130_fd_sc_hd__clkbuf_2)
                  0.14    0.18   12.17 ^ _0896_/X (sky130_fd_sc_hd__clkbuf_2)
     2    0.03                           net20 (net)
                  0.14    0.00   12.18 ^ output20/A (sky130_fd_sc_hd__buf_2)
                  0.13    0.17   12.35 ^ output20/X (sky130_fd_sc_hd__buf_2)
     1    0.03                           Y[0] (net)
                  0.13    0.00   12.35 ^ Y[0] (out)
                                 12.35   data arrival time

                  0.00   10.00   10.00   clock __VIRTUAL_CLK__ (rise edge)
                          0.00   10.00   clock network delay (ideal)
                         -0.25    9.75   clock uncertainty
                          0.00    9.75   clock reconvergence pessimism
                         -2.00    7.75   output external delay
                                  7.75   data required time
-----------------------------------------------------------------------------
                                  7.75   data required time
                                -12.35   data arrival time
-----------------------------------------------------------------------------
                                 -4.60   slack (VIOLATED)



======================= Slowest Corner ===================================

Startpoint: B[0] (input port clocked by __VIRTUAL_CLK__)
Endpoint: Y[0] (output port clocked by __VIRTUAL_CLK__)
Path Group: __VIRTUAL_CLK__
Path Type: max
Corner: Slowest

Fanout     Cap    Slew   Delay    Time   Description
-----------------------------------------------------------------------------
                  0.00    0.00    0.00   clock __VIRTUAL_CLK__ (rise edge)
                          0.00    0.00   clock network delay (ideal)
                          2.00    2.00 ^ input external delay
                  0.05    0.03    2.03 ^ B[0] (in)
     1    0.01                           B[0] (net)
                  0.05    0.00    2.03 ^ input9/A (sky130_fd_sc_hd__buf_6)
                  0.44    0.46    2.49 ^ input9/X (sky130_fd_sc_hd__buf_6)
     3    0.14                           net9 (net)
                  0.44    0.01    2.51 ^ _0664_/B_N (sky130_fd_sc_hd__or2b_4)
                  0.30    0.93    3.43 v _0664_/X (sky130_fd_sc_hd__or2b_4)
     2    0.12                           _0374_ (net)
                  0.31    0.02    3.45 v _0665_/A2 (sky130_fd_sc_hd__a21oi_4)
                  0.81    0.87    4.32 ^ _0665_/Y (sky130_fd_sc_hd__a21oi_4)
     3    0.07                           _0385_ (net)
                  0.81    0.01    4.33 ^ _0667_/A2 (sky130_fd_sc_hd__o31a_4)
                  0.63    0.97    5.30 ^ _0667_/X (sky130_fd_sc_hd__o31a_4)
     4    0.14                           _0406_ (net)
                  0.64    0.01    5.31 ^ _0668_/B (sky130_fd_sc_hd__or2_4)
                  0.61    0.87    6.19 ^ _0668_/X (sky130_fd_sc_hd__or2_4)
     4    0.13                           _0417_ (net)
                  0.61    0.03    6.21 ^ _0676_/A2 (sky130_fd_sc_hd__a31o_4)
                  0.48    0.86    7.08 ^ _0676_/X (sky130_fd_sc_hd__a31o_4)
     5    0.10                           _0503_ (net)
                  0.48    0.02    7.09 ^ _0687_/D_N (sky130_fd_sc_hd__or4b_4)
                  0.40    1.50    8.59 v _0687_/X (sky130_fd_sc_hd__or4b_4)
     3    0.11                           _0619_ (net)
                  0.40    0.01    8.60 v _0690_/A3 (sky130_fd_sc_hd__a32o_4)
                  0.28    0.95    9.55 v _0690_/X (sky130_fd_sc_hd__a32o_4)
     3    0.10                           _0626_ (net)
                  0.28    0.01    9.56 v _0692_/A3 (sky130_fd_sc_hd__a31o_2)
                  0.17    0.68   10.25 v _0692_/X (sky130_fd_sc_hd__a31o_2)
     1    0.03                           _0628_ (net)
                  0.17    0.00   10.25 v _0693_/A2 (sky130_fd_sc_hd__a211oi_4)
                  0.58    0.71   10.96 ^ _0693_/Y (sky130_fd_sc_hd__a211oi_4)
     3    0.03                           _0629_ (net)
                  0.58    0.00   10.96 ^ max_cap52/A (sky130_fd_sc_hd__clkbuf_2)
                  0.34    0.62   11.58 ^ max_cap52/X (sky130_fd_sc_hd__clkbuf_2)
     2    0.04                           net52 (net)
                  0.34    0.00   11.58 ^ max_cap50/A (sky130_fd_sc_hd__clkbuf_2)
                  0.20    0.42   12.00 ^ max_cap50/X (sky130_fd_sc_hd__clkbuf_2)
     1    0.02                           net50 (net)
                  0.20    0.00   12.00 ^ _0716_/A (sky130_fd_sc_hd__nand2_8)
                  0.24    0.28   12.28 v _0716_/Y (sky130_fd_sc_hd__nand2_8)
     3    0.09                           _0652_ (net)
                  0.24    0.01   12.29 v _0717_/S (sky130_fd_sc_hd__mux2_8)
                  0.25    0.92   13.21 v _0717_/X (sky130_fd_sc_hd__mux2_8)
     4    0.13                           _0653_ (net)
                  0.25    0.02   13.22 v _0720_/A2 (sky130_fd_sc_hd__a22oi_4)
                  0.90    0.95   14.18 ^ _0720_/Y (sky130_fd_sc_hd__a22oi_4)
     2    0.08                           _0002_ (net)
                  0.90    0.01   14.19 ^ _0730_/A2 (sky130_fd_sc_hd__o31ai_1)
                  0.23    0.49   14.68 v _0730_/Y (sky130_fd_sc_hd__o31ai_1)
     1    0.01                           _0012_ (net)
                  0.23    0.00   14.68 v wire44/A (sky130_fd_sc_hd__buf_2)
                  0.22    0.49   15.17 v wire44/X (sky130_fd_sc_hd__buf_2)
     2    0.05                           net44 (net)
                  0.22    0.00   15.17 v _0732_/A2 (sky130_fd_sc_hd__a21oi_4)
                  0.96    0.94   16.11 ^ _0732_/Y (sky130_fd_sc_hd__a21oi_4)
     5    0.09                           _0014_ (net)
                  0.96    0.01   16.12 ^ _0733_/S (sky130_fd_sc_hd__mux2_4)
                  0.27    1.03   17.15 v _0733_/X (sky130_fd_sc_hd__mux2_4)
     3    0.08                           _0015_ (net)
                  0.27    0.00   17.16 v _0746_/B (sky130_fd_sc_hd__xnor2_1)
                  0.24    0.36   17.51 ^ _0746_/Y (sky130_fd_sc_hd__xnor2_1)
     1    0.00                           _0028_ (net)
                  0.24    0.00   17.51 ^ wire40/A (sky130_fd_sc_hd__buf_4)
                  0.42    0.56   18.07 ^ wire40/X (sky130_fd_sc_hd__buf_4)
     3    0.10                           net40 (net)
                  0.42    0.01   18.08 ^ _0763_/A1 (sky130_fd_sc_hd__a21o_4)
                  0.27    0.55   18.63 ^ _0763_/X (sky130_fd_sc_hd__a21o_4)
     2    0.06                           _0045_ (net)
                  0.28    0.01   18.64 ^ _0765_/A2 (sky130_fd_sc_hd__a21o_4)
                  0.63    0.76   19.40 ^ _0765_/X (sky130_fd_sc_hd__a21o_4)
     4    0.15                           _0047_ (net)
                  0.63    0.02   19.42 ^ _0776_/A1 (sky130_fd_sc_hd__a32oi_4)
                  0.43    0.65   20.07 v _0776_/Y (sky130_fd_sc_hd__a32oi_4)
     4    0.05                           _0058_ (net)
                  0.43    0.00   20.07 v _0780_/A2 (sky130_fd_sc_hd__a21oi_4)
                  0.57    0.73   20.80 ^ _0780_/Y (sky130_fd_sc_hd__a21oi_4)
     2    0.05                           _0062_ (net)
                  0.57    0.00   20.80 ^ max_cap38/A (sky130_fd_sc_hd__buf_4)
                  0.36    0.65   21.45 ^ max_cap38/X (sky130_fd_sc_hd__buf_4)
     4    0.08                           net38 (net)
                  0.36    0.01   21.46 ^ max_cap37/A (sky130_fd_sc_hd__buf_4)
                  0.38    0.58   22.05 ^ max_cap37/X (sky130_fd_sc_hd__buf_4)
     5    0.09                           net37 (net)
                  0.38    0.01   22.06 ^ _0794_/S (sky130_fd_sc_hd__mux2_4)
                  0.21    0.85   22.91 v _0794_/X (sky130_fd_sc_hd__mux2_4)
     3    0.06                           _0076_ (net)
                  0.21    0.01   22.92 v _0807_/B (sky130_fd_sc_hd__nor2_4)
                  0.80    0.73   23.65 ^ _0807_/Y (sky130_fd_sc_hd__nor2_4)
     2    0.08                           _0089_ (net)
                  0.80    0.01   23.66 ^ _0808_/B1 (sky130_fd_sc_hd__a21o_4)
                  0.44    0.68   24.34 ^ _0808_/X (sky130_fd_sc_hd__a21o_4)
     4    0.10                           _0090_ (net)
                  0.44    0.03   24.37 ^ _0835_/A1 (sky130_fd_sc_hd__a41o_4)
                  0.39    0.84   25.21 ^ _0835_/X (sky130_fd_sc_hd__a41o_4)
     3    0.08                           _0117_ (net)
                  0.39    0.00   25.21 ^ _0836_/B (sky130_fd_sc_hd__and2_2)
                  0.57    0.81   26.02 ^ _0836_/X (sky130_fd_sc_hd__and2_2)
     1    0.07                           _0118_ (net)
                  0.57    0.01   26.03 ^ _0837_/A (sky130_fd_sc_hd__buf_6)
                  0.46    0.67   26.70 ^ _0837_/X (sky130_fd_sc_hd__buf_6)
     8    0.15                           _0119_ (net)
                  0.46    0.03   26.74 ^ _0845_/S (sky130_fd_sc_hd__mux2_4)
                  0.40    0.76   27.50 ^ _0845_/X (sky130_fd_sc_hd__mux2_4)
     3    0.09                           _0127_ (net)
                  0.40    0.01   27.51 ^ _0862_/B1 (sky130_fd_sc_hd__a22o_2)
                  0.45    0.73   28.24 ^ _0862_/X (sky130_fd_sc_hd__a22o_2)
     1    0.05                           _0144_ (net)
                  0.45    0.01   28.25 ^ _0863_/B1 (sky130_fd_sc_hd__a21o_1)
                  0.09    0.30   28.56 ^ _0863_/X (sky130_fd_sc_hd__a21o_1)
     1    0.00                           _0145_ (net)
                  0.09    0.00   28.56 ^ _0871_/A2 (sky130_fd_sc_hd__a21o_1)
                  0.30    0.42   28.98 ^ _0871_/X (sky130_fd_sc_hd__a21o_1)
     1    0.02                           _0153_ (net)
                  0.30    0.00   28.98 ^ _0881_/A1 (sky130_fd_sc_hd__a21oi_4)
                  0.28    0.36   29.34 v _0881_/Y (sky130_fd_sc_hd__a21oi_4)
     2    0.06                           _0163_ (net)
                  0.28    0.00   29.34 v _0895_/A (sky130_fd_sc_hd__or4_2)
                  0.43    2.08   31.42 v _0895_/X (sky130_fd_sc_hd__or4_2)
     1    0.04                           _0177_ (net)
                  0.43    0.01   31.43 v _0896_/A (sky130_fd_sc_hd__clkbuf_2)
                  0.24    0.51   31.94 v _0896_/X (sky130_fd_sc_hd__clkbuf_2)
     2    0.03                           net20 (net)
                  0.24    0.00   31.95 v output20/A (sky130_fd_sc_hd__buf_2)
                  0.16    0.45   32.39 v output20/X (sky130_fd_sc_hd__buf_2)
     1    0.03                           Y[0] (net)
                  0.16    0.00   32.40 v Y[0] (out)
                                 32.40   data arrival time

                  0.00   10.00   10.00   clock __VIRTUAL_CLK__ (rise edge)
                          0.00   10.00   clock network delay (ideal)
                         -0.25    9.75   clock uncertainty
                          0.00    9.75   clock reconvergence pessimism
                         -2.00    7.75   output external delay
                                  7.75   data required time
-----------------------------------------------------------------------------
                                  7.75   data required time
                                -32.40   data arrival time
-----------------------------------------------------------------------------
                                -24.65   slack (VIOLATED)



======================= Typical Corner ===================================

Startpoint: B[0] (input port clocked by __VIRTUAL_CLK__)
Endpoint: Y[0] (output port clocked by __VIRTUAL_CLK__)
Path Group: __VIRTUAL_CLK__
Path Type: max
Corner: Typical

Fanout     Cap    Slew   Delay    Time   Description
-----------------------------------------------------------------------------
                  0.00    0.00    0.00   clock __VIRTUAL_CLK__ (rise edge)
                          0.00    0.00   clock network delay (ideal)
                          2.00    2.00 ^ input external delay
                  0.03    0.02    2.02 ^ B[0] (in)
     1    0.01                           B[0] (net)
                  0.03    0.00    2.02 ^ input9/A (sky130_fd_sc_hd__buf_6)
                  0.28    0.27    2.29 ^ input9/X (sky130_fd_sc_hd__buf_6)
     3    0.14                           net9 (net)
                  0.28    0.01    2.30 ^ _0664_/B_N (sky130_fd_sc_hd__or2b_4)
                  0.18    0.46    2.77 v _0664_/X (sky130_fd_sc_hd__or2b_4)
     2    0.11                           _0374_ (net)
                  0.18    0.02    2.79 v _0665_/A2 (sky130_fd_sc_hd__a21oi_4)
                  0.52    0.52    3.31 ^ _0665_/Y (sky130_fd_sc_hd__a21oi_4)
     3    0.07                           _0385_ (net)
                  0.52    0.01    3.32 ^ _0667_/A2 (sky130_fd_sc_hd__o31a_4)
                  0.40    0.50    3.82 ^ _0667_/X (sky130_fd_sc_hd__o31a_4)
     4    0.14                           _0406_ (net)
                  0.40    0.01    3.83 ^ _0668_/B (sky130_fd_sc_hd__or2_4)
                  0.39    0.46    4.29 ^ _0668_/X (sky130_fd_sc_hd__or2_4)
     4    0.13                           _0417_ (net)
                  0.39    0.03    4.32 ^ _0676_/A2 (sky130_fd_sc_hd__a31o_4)
                  0.31    0.44    4.76 ^ _0676_/X (sky130_fd_sc_hd__a31o_4)
     5    0.10                           _0503_ (net)
                  0.31    0.02    4.77 ^ _0687_/D_N (sky130_fd_sc_hd__or4b_4)
                  0.23    0.73    5.50 v _0687_/X (sky130_fd_sc_hd__or4b_4)
     3    0.11                           _0619_ (net)
                  0.23    0.01    5.51 v _0690_/A3 (sky130_fd_sc_hd__a32o_4)
                  0.16    0.53    6.05 v _0690_/X (sky130_fd_sc_hd__a32o_4)
     3    0.10                           _0626_ (net)
                  0.16    0.01    6.06 v _0692_/A3 (sky130_fd_sc_hd__a31o_2)
                  0.10    0.37    6.43 v _0692_/X (sky130_fd_sc_hd__a31o_2)
     1    0.03                           _0628_ (net)
                  0.10    0.00    6.43 v _0693_/A2 (sky130_fd_sc_hd__a211oi_4)
                  0.36    0.42    6.85 ^ _0693_/Y (sky130_fd_sc_hd__a211oi_4)
     3    0.03                           _0629_ (net)
                  0.36    0.00    6.85 ^ max_cap52/A (sky130_fd_sc_hd__clkbuf_2)
                  0.22    0.32    7.17 ^ max_cap52/X (sky130_fd_sc_hd__clkbuf_2)
     2    0.04                           net52 (net)
                  0.22    0.00    7.17 ^ max_cap50/A (sky130_fd_sc_hd__clkbuf_2)
                  0.12    0.23    7.40 ^ max_cap50/X (sky130_fd_sc_hd__clkbuf_2)
     1    0.02                           net50 (net)
                  0.12    0.00    7.40 ^ _0716_/A (sky130_fd_sc_hd__nand2_8)
                  0.13    0.14    7.55 v _0716_/Y (sky130_fd_sc_hd__nand2_8)
     3    0.09                           _0652_ (net)
                  0.13    0.01    7.55 v _0717_/S (sky130_fd_sc_hd__mux2_8)
                  0.14    0.48    8.04 v _0717_/X (sky130_fd_sc_hd__mux2_8)
     4    0.13                           _0653_ (net)
                  0.15    0.02    8.05 v _0720_/A2 (sky130_fd_sc_hd__a22oi_4)
                  0.57    0.58    8.63 ^ _0720_/Y (sky130_fd_sc_hd__a22oi_4)
     2    0.08                           _0002_ (net)
                  0.57    0.01    8.64 ^ _0730_/A2 (sky130_fd_sc_hd__o31ai_1)
                  0.14    0.21    8.85 v _0730_/Y (sky130_fd_sc_hd__o31ai_1)
     1    0.01                           _0012_ (net)
                  0.14    0.00    8.85 v wire44/A (sky130_fd_sc_hd__buf_2)
                  0.12    0.25    9.10 v wire44/X (sky130_fd_sc_hd__buf_2)
     2    0.05                           net44 (net)
                  0.12    0.00    9.10 v _0732_/A2 (sky130_fd_sc_hd__a21oi_4)
                  0.61    0.56    9.67 ^ _0732_/Y (sky130_fd_sc_hd__a21oi_4)
     5    0.09                           _0014_ (net)
                  0.61    0.01    9.68 ^ _0733_/S (sky130_fd_sc_hd__mux2_4)
                  0.15    0.49   10.17 v _0733_/X (sky130_fd_sc_hd__mux2_4)
     3    0.08                           _0015_ (net)
                  0.15    0.00   10.17 v _0746_/B (sky130_fd_sc_hd__xnor2_1)
                  0.15    0.20   10.37 ^ _0746_/Y (sky130_fd_sc_hd__xnor2_1)
     1    0.00                           _0028_ (net)
                  0.15    0.00   10.37 ^ wire40/A (sky130_fd_sc_hd__buf_4)
                  0.27    0.31   10.68 ^ wire40/X (sky130_fd_sc_hd__buf_4)
     3    0.10                           net40 (net)
                  0.27    0.01   10.69 ^ _0763_/A1 (sky130_fd_sc_hd__a21o_4)
                  0.17    0.28   10.97 ^ _0763_/X (sky130_fd_sc_hd__a21o_4)
     2    0.06                           _0045_ (net)
                  0.17    0.01   10.98 ^ _0765_/A2 (sky130_fd_sc_hd__a21o_4)
                  0.40    0.42   11.40 ^ _0765_/X (sky130_fd_sc_hd__a21o_4)
     4    0.15                           _0047_ (net)
                  0.40    0.02   11.42 ^ _0776_/A1 (sky130_fd_sc_hd__a32oi_4)
                  0.24    0.31   11.73 v _0776_/Y (sky130_fd_sc_hd__a32oi_4)
     4    0.05                           _0058_ (net)
                  0.24    0.00   11.73 v _0780_/A2 (sky130_fd_sc_hd__a21oi_4)
                  0.36    0.43   12.16 ^ _0780_/Y (sky130_fd_sc_hd__a21oi_4)
     2    0.05                           _0062_ (net)
                  0.36    0.00   12.16 ^ max_cap38/A (sky130_fd_sc_hd__buf_4)
                  0.22    0.33   12.49 ^ max_cap38/X (sky130_fd_sc_hd__buf_4)
     4    0.08                           net38 (net)
                  0.22    0.01   12.51 ^ max_cap37/A (sky130_fd_sc_hd__buf_4)
                  0.24    0.32   12.82 ^ max_cap37/X (sky130_fd_sc_hd__buf_4)
     5    0.09                           net37 (net)
                  0.24    0.01   12.84 ^ _0794_/S (sky130_fd_sc_hd__mux2_4)
                  0.12    0.44   13.28 v _0794_/X (sky130_fd_sc_hd__mux2_4)
     3    0.06                           _0076_ (net)
                  0.12    0.01   13.28 v _0807_/B (sky130_fd_sc_hd__nor2_4)
                  0.49    0.44   13.72 ^ _0807_/Y (sky130_fd_sc_hd__nor2_4)
     2    0.08                           _0089_ (net)
                  0.49    0.01   13.73 ^ _0808_/B1 (sky130_fd_sc_hd__a21o_4)
                  0.28    0.33   14.06 ^ _0808_/X (sky130_fd_sc_hd__a21o_4)
     4    0.10                           _0090_ (net)
                  0.28    0.03   14.09 ^ _0835_/A1 (sky130_fd_sc_hd__a41o_4)
                  0.24    0.43   14.52 ^ _0835_/X (sky130_fd_sc_hd__a41o_4)
     3    0.08                           _0117_ (net)
                  0.24    0.00   14.52 ^ _0836_/B (sky130_fd_sc_hd__and2_2)
                  0.36    0.44   14.96 ^ _0836_/X (sky130_fd_sc_hd__and2_2)
     1    0.07                           _0118_ (net)
                  0.36    0.01   14.97 ^ _0837_/A (sky130_fd_sc_hd__buf_6)
                  0.29    0.35   15.32 ^ _0837_/X (sky130_fd_sc_hd__buf_6)
     8    0.15                           _0119_ (net)
                  0.30    0.04   15.35 ^ _0850_/S (sky130_fd_sc_hd__mux2_2)
                  0.13    0.51   15.86 v _0850_/X (sky130_fd_sc_hd__mux2_2)
     2    0.04                           _0132_ (net)
                  0.13    0.00   15.87 v _0861_/A2 (sky130_fd_sc_hd__a221o_1)
                  0.13    0.48   16.35 v _0861_/X (sky130_fd_sc_hd__a221o_1)
     1    0.02                           _0143_ (net)
                  0.13    0.00   16.35 v _0863_/A2 (sky130_fd_sc_hd__a21o_1)
                  0.04    0.23   16.58 v _0863_/X (sky130_fd_sc_hd__a21o_1)
     1    0.00                           _0145_ (net)
                  0.04    0.00   16.58 v _0871_/A2 (sky130_fd_sc_hd__a21o_1)
                  0.11    0.25   16.83 v _0871_/X (sky130_fd_sc_hd__a21o_1)
     1    0.02                           _0153_ (net)
                  0.11    0.00   16.83 v _0881_/A1 (sky130_fd_sc_hd__a21oi_4)
                  0.43    0.42   17.25 ^ _0881_/Y (sky130_fd_sc_hd__a21oi_4)
     2    0.06                           _0163_ (net)
                  0.43    0.00   17.26 ^ _0895_/A (sky130_fd_sc_hd__or4_2)
                  0.21    0.36   17.61 ^ _0895_/X (sky130_fd_sc_hd__or4_2)
     1    0.04                           _0177_ (net)
                  0.21    0.01   17.62 ^ _0896_/A (sky130_fd_sc_hd__clkbuf_2)
                  0.19    0.27   17.89 ^ _0896_/X (sky130_fd_sc_hd__clkbuf_2)
     2    0.03                           net20 (net)
                  0.19    0.00   17.89 ^ output20/A (sky130_fd_sc_hd__buf_2)
                  0.17    0.26   18.15 ^ output20/X (sky130_fd_sc_hd__buf_2)
     1    0.03                           Y[0] (net)
                  0.17    0.00   18.15 ^ Y[0] (out)
                                 18.15   data arrival time

                  0.00   10.00   10.00   clock __VIRTUAL_CLK__ (rise edge)
                          0.00   10.00   clock network delay (ideal)
                         -0.25    9.75   clock uncertainty
                          0.00    9.75   clock reconvergence pessimism
                         -2.00    7.75   output external delay
                                  7.75   data required time
-----------------------------------------------------------------------------
                                  7.75   data required time
                                -18.15   data arrival time
-----------------------------------------------------------------------------
                                -10.40   slack (VIOLATED)




===========================================================================
 report_check_types -max_slew -max_cap -max_fanout -violators
============================================================================
======================= Fastest Corner ===================================


======================= Slowest Corner ===================================

max slew

Pin                                    Limit    Slew   Slack
------------------------------------------------------------
_0929_/A2                               0.75    1.37   -0.62 (VIOLATED)
_0899_/B                                0.75    1.37   -0.62 (VIOLATED)
_0898_/Y                                0.75    1.37   -0.62 (VIOLATED)
_0866_/A                                0.75    1.18   -0.43 (VIOLATED)
ANTENNA_16/DIODE                        0.75    1.18   -0.43 (VIOLATED)
_0867_/A1                               0.75    1.18   -0.43 (VIOLATED)
ANTENNA_17/DIODE                        0.75    1.18   -0.43 (VIOLATED)
_0864_/Y                                0.75    1.18   -0.43 (VIOLATED)
_1252_/B1                               0.75    1.17   -0.42 (VIOLATED)
ANTENNA_50/DIODE                        0.75    1.17   -0.42 (VIOLATED)
_1251_/C                                0.75    1.17   -0.42 (VIOLATED)
_1250_/Y                                0.75    1.17   -0.42 (VIOLATED)
_0802_/B1                               0.75    1.11   -0.36 (VIOLATED)
ANTENNA_7/DIODE                         0.75    1.11   -0.36 (VIOLATED)
ANTENNA_8/DIODE                         0.75    1.11   -0.36 (VIOLATED)
_0804_/B1                               0.75    1.11   -0.36 (VIOLATED)
_0801_/X                                0.75    1.11   -0.36 (VIOLATED)
ANTENNA_74/DIODE                        0.75    1.11   -0.36 (VIOLATED)
_1239_/A1                               0.75    1.11   -0.36 (VIOLATED)
_1213_/A                                0.75    1.11   -0.36 (VIOLATED)
_1211_/X                                0.75    1.11   -0.36 (VIOLATED)
_0952_/B                                0.75    1.11   -0.36 (VIOLATED)
_0989_/A                                0.75    1.11   -0.36 (VIOLATED)
_0988_/A1                               0.75    1.11   -0.36 (VIOLATED)
_0951_/Y                                0.75    1.11   -0.36 (VIOLATED)
_0676_/B1                               0.75    1.09   -0.34 (VIOLATED)
_0696_/B1                               0.75    1.09   -0.34 (VIOLATED)
_0675_/Y                                0.75    1.09   -0.34 (VIOLATED)
_0867_/A2                               0.75    1.08   -0.33 (VIOLATED)
_0866_/B                                0.75    1.08   -0.33 (VIOLATED)
_0865_/Y                                0.75    1.08   -0.33 (VIOLATED)
_1148_/A                                0.75    1.07   -0.32 (VIOLATED)
_1157_/B2                               0.75    1.07   -0.32 (VIOLATED)
_1120_/Y                                0.75    1.07   -0.32 (VIOLATED)
ANTENNA_31/DIODE                        0.75    1.06   -0.31 (VIOLATED)
_1032_/A                                0.75    1.06   -0.31 (VIOLATED)
_1030_/Y                                0.75    1.06   -0.31 (VIOLATED)
_1047_/A2                               0.75    1.05   -0.30 (VIOLATED)
_1097_/A2                               0.75    1.05   -0.30 (VIOLATED)
_1109_/A2                               0.75    1.05   -0.30 (VIOLATED)
_0995_/B                                0.75    1.05   -0.30 (VIOLATED)
_0926_/A2_N                             0.75    1.05   -0.30 (VIOLATED)
_0894_/B                                0.75    1.05   -0.30 (VIOLATED)
_0913_/A2                               0.75    1.05   -0.30 (VIOLATED)
_0965_/A2_N                             0.75    1.05   -0.30 (VIOLATED)
_0893_/Y                                0.75    1.05   -0.30 (VIOLATED)
_0958_/A                                0.75    1.04   -0.29 (VIOLATED)
_0956_/Y                                0.75    1.04   -0.29 (VIOLATED)
_1273_/C                                0.75    1.03   -0.28 (VIOLATED)
ANTENNA_54/DIODE                        0.75    1.03   -0.28 (VIOLATED)
_1274_/B1                               0.75    1.03   -0.28 (VIOLATED)
_1272_/Y                                0.75    1.03   -0.28 (VIOLATED)
_0895_/D                                0.75    1.02   -0.27 (VIOLATED)
_0894_/Y                                0.75    1.02   -0.27 (VIOLATED)
_1201_/A1                               0.75    1.01   -0.26 (VIOLATED)
_1170_/B                                0.75    1.01   -0.26 (VIOLATED)
_1169_/Y                                0.75    1.01   -0.26 (VIOLATED)
_0934_/A                                0.75    0.99   -0.24 (VIOLATED)
_0932_/Y                                0.75    0.99   -0.24 (VIOLATED)
_1031_/B                                0.75    0.98   -0.23 (VIOLATED)
_1030_/B                                0.75    0.98   -0.23 (VIOLATED)
_1029_/Y                                0.75    0.98   -0.23 (VIOLATED)
_0754_/C1                               0.75    0.97   -0.22 (VIOLATED)
ANTENNA_3/DIODE                         0.75    0.97   -0.22 (VIOLATED)
_0985_/A2                               0.75    0.97   -0.22 (VIOLATED)
ANTENNA_28/DIODE                        0.75    0.97   -0.22 (VIOLATED)
_1052_/A1                               0.75    0.97   -0.22 (VIOLATED)
_0986_/B                                0.75    0.97   -0.22 (VIOLATED)
_1036_/A                                0.75    0.97   -0.22 (VIOLATED)
_0975_/Y                                0.75    0.97   -0.22 (VIOLATED)
_0753_/Y                                0.75    0.97   -0.22 (VIOLATED)
_0756_/A2                               0.75    0.96   -0.21 (VIOLATED)
_0733_/S                                0.75    0.96   -0.21 (VIOLATED)
_0736_/A1                               0.75    0.96   -0.21 (VIOLATED)
_0972_/B2                               0.75    0.96   -0.21 (VIOLATED)
_0732_/Y                                0.75    0.96   -0.21 (VIOLATED)
max_cap42/A                             0.75    0.96   -0.21 (VIOLATED)
_1177_/B                                0.75    0.95   -0.20 (VIOLATED)
_1178_/B                                0.75    0.95   -0.20 (VIOLATED)
_1176_/Y                                0.75    0.95   -0.20 (VIOLATED)
_0939_/B                                0.75    0.94   -0.19 (VIOLATED)
_0938_/B                                0.75    0.94   -0.19 (VIOLATED)
_0937_/Y                                0.75    0.94   -0.19 (VIOLATED)
_1198_/B_N                              0.75    0.94   -0.19 (VIOLATED)
ANTENNA_43/DIODE                        0.75    0.94   -0.19 (VIOLATED)
_1184_/B                                0.75    0.94   -0.19 (VIOLATED)
_1247_/A1                               0.75    0.94   -0.19 (VIOLATED)
_1246_/A                                0.75    0.94   -0.19 (VIOLATED)
_1216_/B                                0.75    0.94   -0.19 (VIOLATED)
_1215_/Y                                0.75    0.94   -0.19 (VIOLATED)
_1183_/Y                                0.75    0.94   -0.19 (VIOLATED)
_1073_/A                                0.75    0.94   -0.19 (VIOLATED)
_1074_/A                                0.75    0.94   -0.19 (VIOLATED)
_1061_/X                                0.75    0.94   -0.19 (VIOLATED)
_1226_/A                                0.75    0.93   -0.18 (VIOLATED)
_1222_/B                                0.75    0.93   -0.18 (VIOLATED)
_1221_/Y                                0.75    0.93   -0.18 (VIOLATED)
_0792_/B_N                              0.75    0.92   -0.17 (VIOLATED)
_0760_/A2                               0.75    0.92   -0.17 (VIOLATED)
_0756_/Y                                0.75    0.92   -0.17 (VIOLATED)
_1267_/B1                               0.75    0.92   -0.17 (VIOLATED)
_1266_/A                                0.75    0.92   -0.17 (VIOLATED)
ANTENNA_75/DIODE                        0.75    0.92   -0.17 (VIOLATED)
_1262_/Y                                0.75    0.92   -0.17 (VIOLATED)
_1002_/B1                               0.75    0.92   -0.17 (VIOLATED)
_0995_/Y                                0.75    0.92   -0.17 (VIOLATED)
_0850_/A1                               0.75    0.91   -0.16 (VIOLATED)
ANTENNA_13/DIODE                        0.75    0.91   -0.16 (VIOLATED)
_0849_/Y                                0.75    0.91   -0.16 (VIOLATED)
_1160_/A3                               0.75    0.90   -0.15 (VIOLATED)
_1132_/B                                0.75    0.90   -0.15 (VIOLATED)
_1131_/Y                                0.75    0.90   -0.15 (VIOLATED)
_0730_/A2                               0.75    0.90   -0.15 (VIOLATED)
_0766_/B                                0.75    0.90   -0.15 (VIOLATED)
_0720_/Y                                0.75    0.90   -0.15 (VIOLATED)
_0835_/A3                               0.75    0.89   -0.14 (VIOLATED)
_0834_/A2                               0.75    0.89   -0.14 (VIOLATED)
_0819_/Y                                0.75    0.89   -0.14 (VIOLATED)
_0802_/C1                               0.75    0.89   -0.14 (VIOLATED)
_0827_/C1                               0.75    0.89   -0.14 (VIOLATED)
_0787_/D1                               0.75    0.89   -0.14 (VIOLATED)
_0817_/A                                0.75    0.89   -0.14 (VIOLATED)
_0786_/Y                                0.75    0.89   -0.14 (VIOLATED)
_1192_/A2                               0.75    0.89   -0.14 (VIOLATED)
ANTENNA_44/DIODE                        0.75    0.89   -0.14 (VIOLATED)
_1189_/Y                                0.75    0.89   -0.14 (VIOLATED)
_1115_/B1                               0.75    0.88   -0.13 (VIOLATED)
_1113_/Y                                0.75    0.88   -0.13 (VIOLATED)
_1092_/A1                               0.75    0.88   -0.13 (VIOLATED)
_1314_/A                                0.75    0.88   -0.13 (VIOLATED)
_1090_/A                                0.75    0.88   -0.13 (VIOLATED)
_1107_/A1                               0.75    0.88   -0.13 (VIOLATED)
_1093_/B1                               0.75    0.88   -0.13 (VIOLATED)
_1091_/A1                               0.75    0.88   -0.13 (VIOLATED)
_1106_/A                                0.75    0.88   -0.13 (VIOLATED)
_1086_/Y                                0.75    0.88   -0.13 (VIOLATED)
_1125_/A                                0.75    0.88   -0.13 (VIOLATED)
_1126_/A                                0.75    0.88   -0.13 (VIOLATED)
_1123_/Y                                0.75    0.88   -0.13 (VIOLATED)
_0928_/A1                               0.75    0.87   -0.12 (VIOLATED)
wire61/A                                0.75    0.87   -0.12 (VIOLATED)
_0901_/Y                                0.75    0.87   -0.12 (VIOLATED)
_0967_/A1                               0.75    0.87   -0.12 (VIOLATED)
_1067_/B1                               0.75    0.87   -0.12 (VIOLATED)
_1068_/C                                0.75    0.87   -0.12 (VIOLATED)
_1066_/Y                                0.75    0.87   -0.12 (VIOLATED)
_1172_/A                                0.75    0.86   -0.11 (VIOLATED)
_1170_/Y                                0.75    0.86   -0.11 (VIOLATED)
_1194_/A                                0.75    0.86   -0.11 (VIOLATED)
_0859_/B1                               0.75    0.86   -0.11 (VIOLATED)
_0860_/C                                0.75    0.86   -0.11 (VIOLATED)
_1185_/A                                0.75    0.86   -0.11 (VIOLATED)
ANTENNA_14/DIODE                        0.75    0.86   -0.11 (VIOLATED)
_0902_/A                                0.75    0.86   -0.11 (VIOLATED)
_1159_/Y                                0.75    0.86   -0.11 (VIOLATED)
_0858_/Y                                0.75    0.86   -0.11 (VIOLATED)
_1052_/B1_N                             0.75    0.86   -0.11 (VIOLATED)
_1035_/B                                0.75    0.86   -0.11 (VIOLATED)
_1034_/Y                                0.75    0.86   -0.11 (VIOLATED)
ANTENNA_21/DIODE                        0.75    0.86   -0.11 (VIOLATED)
_0926_/B1                               0.75    0.86   -0.11 (VIOLATED)
_0980_/B                                0.75    0.86   -0.11 (VIOLATED)
_0921_/A                                0.75    0.86   -0.11 (VIOLATED)
_0919_/Y                                0.75    0.86   -0.11 (VIOLATED)
_1029_/A                                0.75    0.85   -0.10 (VIOLATED)
ANTENNA_69/DIODE                        0.75    0.85   -0.10 (VIOLATED)
_1056_/A_N                              0.75    0.85   -0.10 (VIOLATED)
_1022_/Y                                0.75    0.85   -0.10 (VIOLATED)
_1080_/B                                0.75    0.84   -0.09 (VIOLATED)
_1081_/A_N                              0.75    0.84   -0.09 (VIOLATED)
_1151_/C_N                              0.75    0.84   -0.09 (VIOLATED)
_1079_/X                                0.75    0.84   -0.09 (VIOLATED)
_1021_/B                                0.75    0.84   -0.09 (VIOLATED)
_1020_/Y                                0.75    0.84   -0.09 (VIOLATED)
_1304_/A                                0.75    0.83   -0.08 (VIOLATED)
_1305_/A                                0.75    0.83   -0.08 (VIOLATED)
_1299_/Y                                0.75    0.83   -0.08 (VIOLATED)
_0819_/B                                0.75    0.82   -0.07 (VIOLATED)
_0833_/B                                0.75    0.82   -0.07 (VIOLATED)
_0832_/B1                               0.75    0.82   -0.07 (VIOLATED)
_0818_/Y                                0.75    0.82   -0.07 (VIOLATED)
_1156_/A1                               0.75    0.82   -0.07 (VIOLATED)
_0972_/A1                               0.75    0.82   -0.07 (VIOLATED)
_0931_/B1                               0.75    0.82   -0.07 (VIOLATED)
_0914_/A                                0.75    0.82   -0.07 (VIOLATED)
_1007_/A1                               0.75    0.82   -0.07 (VIOLATED)
_1051_/A1                               0.75    0.82   -0.07 (VIOLATED)
_0908_/X                                0.75    0.82   -0.07 (VIOLATED)
_1141_/A                                0.75    0.82   -0.07 (VIOLATED)
_1167_/A2                               0.75    0.82   -0.07 (VIOLATED)
_1139_/Y                                0.75    0.82   -0.07 (VIOLATED)
ANTENNA_57/DIODE                        0.75    0.81   -0.06 (VIOLATED)
_0733_/A1                               0.75    0.81   -0.06 (VIOLATED)
_0708_/Y                                0.75    0.81   -0.06 (VIOLATED)
_0667_/A2                               0.75    0.81   -0.06 (VIOLATED)
ANTENNA_38/DIODE                        0.75    0.81   -0.06 (VIOLATED)
_1094_/B1                               0.75    0.81   -0.06 (VIOLATED)
_0665_/Y                                0.75    0.81   -0.06 (VIOLATED)
ANTENNA_68/DIODE                        0.75    0.81   -0.06 (VIOLATED)
_0887_/A1                               0.75    0.81   -0.06 (VIOLATED)
_0908_/B                                0.75    0.81   -0.06 (VIOLATED)
ANTENNA_19/DIODE                        0.75    0.81   -0.06 (VIOLATED)
_0884_/Y                                0.75    0.81   -0.06 (VIOLATED)
_1179_/A                                0.75    0.80   -0.05 (VIOLATED)
_1177_/Y                                0.75    0.80   -0.05 (VIOLATED)
_0683_/A2                               0.75    0.80   -0.05 (VIOLATED)
_0674_/A2                               0.75    0.80   -0.05 (VIOLATED)
_0659_/Y                                0.75    0.80   -0.05 (VIOLATED)
max_cap63/A                             0.75    0.80   -0.05 (VIOLATED)
_0808_/B1                               0.75    0.80   -0.05 (VIOLATED)
_0843_/A                                0.75    0.80   -0.05 (VIOLATED)
_0807_/Y                                0.75    0.80   -0.05 (VIOLATED)
_1120_/B1                               0.75    0.79   -0.04 (VIOLATED)
_1078_/B                                0.75    0.79   -0.04 (VIOLATED)
_1077_/Y                                0.75    0.79   -0.04 (VIOLATED)
_0943_/Y                                0.75    0.79   -0.04 (VIOLATED)
max_cap60/A                             0.75    0.79   -0.04 (VIOLATED)
wire59/A                                0.75    0.79   -0.04 (VIOLATED)
_0769_/A                                0.75    0.79   -0.04 (VIOLATED)
_0766_/Y                                0.75    0.79   -0.04 (VIOLATED)
_1227_/A1                               0.75    0.77   -0.02 (VIOLATED)
max_cap45/A                             0.75    0.77   -0.02 (VIOLATED)
_1199_/Y                                0.75    0.77   -0.02 (VIOLATED)
_1085_/B                                0.75    0.77   -0.02 (VIOLATED)
_1084_/B                                0.75    0.77   -0.02 (VIOLATED)
_1083_/Y                                0.75    0.77   -0.02 (VIOLATED)
_1051_/B1                               0.75    0.76   -0.01 (VIOLATED)
_1050_/Y                                0.75    0.76   -0.01 (VIOLATED)
_1092_/A2                               0.75    0.76   -0.01 (VIOLATED)
_1091_/A2                               0.75    0.76   -0.01 (VIOLATED)
_1090_/B                                0.75    0.76   -0.01 (VIOLATED)
_1093_/C1                               0.75    0.76   -0.01 (VIOLATED)
_1098_/B1                               0.75    0.76   -0.01 (VIOLATED)
_1088_/Y                                0.75    0.76   -0.01 (VIOLATED)
_1221_/B                                0.75    0.75   -0.00 (VIOLATED)
_1194_/B_N                              0.75    0.75   -0.00 (VIOLATED)
_1185_/B                                0.75    0.75   -0.00 (VIOLATED)
_1184_/Y                                0.75    0.75   -0.00 (VIOLATED)
_1227_/B1                               0.75    0.75   -0.00 (VIOLATED)
_1220_/Y                                0.75    0.75   -0.00 (VIOLATED)


======================= Typical Corner ===================================

max slew

Pin                                    Limit    Slew   Slack
------------------------------------------------------------
_0929_/A2                               0.75    0.83   -0.08 (VIOLATED)
_0899_/B                                0.75    0.83   -0.08 (VIOLATED)
_0898_/Y                                0.75    0.83   -0.08 (VIOLATED)
_0866_/A                                0.75    0.76   -0.01 (VIOLATED)
ANTENNA_16/DIODE                        0.75    0.76   -0.01 (VIOLATED)
_0867_/A1                               0.75    0.76   -0.01 (VIOLATED)
ANTENNA_17/DIODE                        0.75    0.76   -0.01 (VIOLATED)
_0864_/Y                                0.75    0.76   -0.01 (VIOLATED)
_1252_/B1                               0.75    0.75   -0.00 (VIOLATED)
ANTENNA_50/DIODE                        0.75    0.75   -0.00 (VIOLATED)
_1251_/C                                0.75    0.75   -0.00 (VIOLATED)
_1250_/Y                                0.75    0.75   -0.00 (VIOLATED)



===========================================================================
report_parasitic_annotation -report_unannotated
============================================================================
Found 0 unannotated drivers.
Found 0 partially unannotated drivers.

===========================================================================
max slew violation count 240
max fanout violation count 0
max cap violation count 0
============================================================================

===========================================================================
check_setup -verbose -unconstrained_endpoints -multiple_clock -no_clock -no_input_delay -loops -generated_clocks
===========================================================================
