
===========================================================================
report_checks -path_delay min (Hold)
============================================================================
======================= Typical Corner ===================================

Startpoint: A[7] (input port clocked by __VIRTUAL_CLK__)
Endpoint: Y[9] (output port clocked by __VIRTUAL_CLK__)
Path Group: __VIRTUAL_CLK__
Path Type: min

Fanout     Cap    Slew   Delay    Time   Description
-----------------------------------------------------------------------------
                  0.00    0.00    0.00   clock __VIRTUAL_CLK__ (rise edge)
                          0.00    0.00   clock network delay (ideal)
                          2.00    2.00 ^ input external delay
                  0.03    0.02    2.02 ^ A[7] (in)
     1    0.01                           A[7] (net)
                  0.03    0.00    2.02 ^ input8/A (sky130_fd_sc_hd__buf_6)
                  0.29    0.24    2.26 ^ input8/X (sky130_fd_sc_hd__buf_6)
     6    0.15                           net8 (net)
                  0.30    0.02    2.28 ^ _1102_/A (sky130_fd_sc_hd__clkbuf_16)
                  0.20    0.30    2.58 ^ _1102_/X (sky130_fd_sc_hd__clkbuf_16)
    10    0.19                           _0389_ (net)
                  0.20    0.01    2.60 ^ _1190_/A1 (sky130_fd_sc_hd__a21oi_4)
                  0.13    0.17    2.76 v _1190_/Y (sky130_fd_sc_hd__a21oi_4)
     3    0.07                           _0485_ (net)
                  0.13    0.01    2.77 v _1225_/B1 (sky130_fd_sc_hd__a31o_1)
                  0.07    0.24    3.01 v _1225_/X (sky130_fd_sc_hd__a31o_1)
     1    0.01                           net35 (net)
                  0.07    0.00    3.01 v output35/A (sky130_fd_sc_hd__buf_2)
                  0.09    0.18    3.19 v output35/X (sky130_fd_sc_hd__buf_2)
     1    0.03                           Y[9] (net)
                  0.09    0.00    3.19 v Y[9] (out)
                                  3.19   data arrival time

                  0.00    0.00    0.00   clock __VIRTUAL_CLK__ (rise edge)
                          0.00    0.00   clock network delay (ideal)
                          0.25    0.25   clock uncertainty
                          0.00    0.25   clock reconvergence pessimism
                         -2.00   -1.75   output external delay
                                 -1.75   data required time
-----------------------------------------------------------------------------
                                 -1.75   data required time
                                 -3.19   data arrival time
-----------------------------------------------------------------------------
                                  4.94   slack (MET)


Startpoint: op[1] (input port clocked by __VIRTUAL_CLK__)
Endpoint: Y[12] (output port clocked by __VIRTUAL_CLK__)
Path Group: __VIRTUAL_CLK__
Path Type: min

Fanout     Cap    Slew   Delay    Time   Description
-----------------------------------------------------------------------------
                  0.00    0.00    0.00   clock __VIRTUAL_CLK__ (rise edge)
                          0.00    0.00   clock network delay (ideal)
                          2.00    2.00 v input external delay
                  0.01    0.01    2.01 v op[1] (in)
     1    0.00                           op[1] (net)
                  0.01    0.00    2.01 v input18/A (sky130_fd_sc_hd__clkbuf_8)
                  0.14    0.19    2.20 v input18/X (sky130_fd_sc_hd__clkbuf_8)
     5    0.13                           net18 (net)
                  0.15    0.02    2.22 v _0877_/A (sky130_fd_sc_hd__buf_8)
                  0.14    0.23    2.45 v _0877_/X (sky130_fd_sc_hd__buf_8)
    10    0.19                           _0159_ (net)
                  0.16    0.04    2.49 v _0943_/C_N (sky130_fd_sc_hd__nor3b_4)
                  0.09    0.25    2.74 v _0943_/Y (sky130_fd_sc_hd__nor3b_4)
     4    0.05                           _0222_ (net)
                  0.09    0.00    2.74 v _1298_/A1 (sky130_fd_sc_hd__a31o_4)
                  0.12    0.31    3.05 v _1298_/X (sky130_fd_sc_hd__a31o_4)
     2    0.08                           net23 (net)
                  0.12    0.01    3.05 v output23/A (sky130_fd_sc_hd__buf_2)
                  0.09    0.20    3.26 v output23/X (sky130_fd_sc_hd__buf_2)
     1    0.03                           Y[12] (net)
                  0.09    0.00    3.26 v Y[12] (out)
                                  3.26   data arrival time

                  0.00    0.00    0.00   clock __VIRTUAL_CLK__ (rise edge)
                          0.00    0.00   clock network delay (ideal)
                          0.25    0.25   clock uncertainty
                          0.00    0.25   clock reconvergence pessimism
                         -2.00   -1.75   output external delay
                                 -1.75   data required time
-----------------------------------------------------------------------------
                                 -1.75   data required time
                                 -3.26   data arrival time
-----------------------------------------------------------------------------
                                  5.01   slack (MET)


Startpoint: A[7] (input port clocked by __VIRTUAL_CLK__)
Endpoint: Y[8] (output port clocked by __VIRTUAL_CLK__)
Path Group: __VIRTUAL_CLK__
Path Type: min

Fanout     Cap    Slew   Delay    Time   Description
-----------------------------------------------------------------------------
                  0.00    0.00    0.00   clock __VIRTUAL_CLK__ (rise edge)
                          0.00    0.00   clock network delay (ideal)
                          2.00    2.00 v input external delay
                  0.01    0.01    2.01 v A[7] (in)
     1    0.01                           A[7] (net)
                  0.01    0.00    2.01 v input8/A (sky130_fd_sc_hd__buf_6)
                  0.13    0.17    2.17 v input8/X (sky130_fd_sc_hd__buf_6)
     6    0.15                           net8 (net)
                  0.14    0.02    2.19 v _1102_/A (sky130_fd_sc_hd__clkbuf_16)
                  0.13    0.25    2.44 v _1102_/X (sky130_fd_sc_hd__clkbuf_16)
    10    0.18                           _0389_ (net)
                  0.13    0.01    2.45 v _1103_/A (sky130_fd_sc_hd__nand2_8)
                  0.15    0.16    2.61 ^ _1103_/Y (sky130_fd_sc_hd__nand2_8)
     4    0.09                           _0390_ (net)
                  0.16    0.01    2.63 ^ _1191_/A1 (sky130_fd_sc_hd__a21oi_2)
                  0.10    0.15    2.77 v _1191_/Y (sky130_fd_sc_hd__a21oi_2)
     1    0.03                           _0486_ (net)
                  0.10    0.00    2.78 v _1192_/C1 (sky130_fd_sc_hd__a211o_1)
                  0.11    0.30    3.08 v _1192_/X (sky130_fd_sc_hd__a211o_1)
     1    0.02                           net34 (net)
                  0.11    0.00    3.08 v output34/A (sky130_fd_sc_hd__buf_2)
                  0.09    0.20    3.28 v output34/X (sky130_fd_sc_hd__buf_2)
     1    0.03                           Y[8] (net)
                  0.09    0.00    3.28 v Y[8] (out)
                                  3.28   data arrival time

                  0.00    0.00    0.00   clock __VIRTUAL_CLK__ (rise edge)
                          0.00    0.00   clock network delay (ideal)
                          0.25    0.25   clock uncertainty
                          0.00    0.25   clock reconvergence pessimism
                         -2.00   -1.75   output external delay
                                 -1.75   data required time
-----------------------------------------------------------------------------
                                 -1.75   data required time
                                 -3.28   data arrival time
-----------------------------------------------------------------------------
                                  5.03   slack (MET)


Startpoint: op[1] (input port clocked by __VIRTUAL_CLK__)
Endpoint: Y[10] (output port clocked by __VIRTUAL_CLK__)
Path Group: __VIRTUAL_CLK__
Path Type: min

Fanout     Cap    Slew   Delay    Time   Description
-----------------------------------------------------------------------------
                  0.00    0.00    0.00   clock __VIRTUAL_CLK__ (rise edge)
                          0.00    0.00   clock network delay (ideal)
                          2.00    2.00 v input external delay
                  0.01    0.01    2.01 v op[1] (in)
     1    0.00                           op[1] (net)
                  0.01    0.00    2.01 v input18/A (sky130_fd_sc_hd__clkbuf_8)
                  0.14    0.19    2.20 v input18/X (sky130_fd_sc_hd__clkbuf_8)
     5    0.13                           net18 (net)
                  0.15    0.02    2.22 v _0877_/A (sky130_fd_sc_hd__buf_8)
                  0.14    0.23    2.45 v _0877_/X (sky130_fd_sc_hd__buf_8)
    10    0.19                           _0159_ (net)
                  0.16    0.04    2.49 v _0943_/C_N (sky130_fd_sc_hd__nor3b_4)
                  0.09    0.25    2.74 v _0943_/Y (sky130_fd_sc_hd__nor3b_4)
     4    0.05                           _0222_ (net)
                  0.09    0.00    2.74 v _1253_/A1 (sky130_fd_sc_hd__a31o_4)
                  0.14    0.32    3.06 v _1253_/X (sky130_fd_sc_hd__a31o_4)
     4    0.10                           net21 (net)
                  0.14    0.01    3.07 v output21/A (sky130_fd_sc_hd__buf_2)
                  0.09    0.21    3.28 v output21/X (sky130_fd_sc_hd__buf_2)
     1    0.03                           Y[10] (net)
                  0.09    0.00    3.28 v Y[10] (out)
                                  3.28   data arrival time

                  0.00    0.00    0.00   clock __VIRTUAL_CLK__ (rise edge)
                          0.00    0.00   clock network delay (ideal)
                          0.25    0.25   clock uncertainty
                          0.00    0.25   clock reconvergence pessimism
                         -2.00   -1.75   output external delay
                                 -1.75   data required time
-----------------------------------------------------------------------------
                                 -1.75   data required time
                                 -3.28   data arrival time
-----------------------------------------------------------------------------
                                  5.03   slack (MET)


Startpoint: A[7] (input port clocked by __VIRTUAL_CLK__)
Endpoint: Y[13] (output port clocked by __VIRTUAL_CLK__)
Path Group: __VIRTUAL_CLK__
Path Type: min

Fanout     Cap    Slew   Delay    Time   Description
-----------------------------------------------------------------------------
                  0.00    0.00    0.00   clock __VIRTUAL_CLK__ (rise edge)
                          0.00    0.00   clock network delay (ideal)
                          2.00    2.00 ^ input external delay
                  0.03    0.02    2.02 ^ A[7] (in)
     1    0.01                           A[7] (net)
                  0.03    0.00    2.02 ^ input8/A (sky130_fd_sc_hd__buf_6)
                  0.29    0.24    2.26 ^ input8/X (sky130_fd_sc_hd__buf_6)
     6    0.15                           net8 (net)
                  0.30    0.02    2.28 ^ _1102_/A (sky130_fd_sc_hd__clkbuf_16)
                  0.20    0.30    2.58 ^ _1102_/X (sky130_fd_sc_hd__clkbuf_16)
    10    0.19                           _0389_ (net)
                  0.20    0.01    2.60 ^ _1190_/A1 (sky130_fd_sc_hd__a21oi_4)
                  0.13    0.17    2.76 v _1190_/Y (sky130_fd_sc_hd__a21oi_4)
     3    0.07                           _0485_ (net)
                  0.13    0.01    2.77 v _1312_/B1 (sky130_fd_sc_hd__a31o_1)
                  0.16    0.32    3.09 v _1312_/X (sky130_fd_sc_hd__a31o_1)
     1    0.03                           net24 (net)
                  0.16    0.00    3.09 v output24/A (sky130_fd_sc_hd__buf_2)
                  0.09    0.22    3.31 v output24/X (sky130_fd_sc_hd__buf_2)
     1    0.03                           Y[13] (net)
                  0.09    0.00    3.31 v Y[13] (out)
                                  3.31   data arrival time

                  0.00    0.00    0.00   clock __VIRTUAL_CLK__ (rise edge)
                          0.00    0.00   clock network delay (ideal)
                          0.25    0.25   clock uncertainty
                          0.00    0.25   clock reconvergence pessimism
                         -2.00   -1.75   output external delay
                                 -1.75   data required time
-----------------------------------------------------------------------------
                                 -1.75   data required time
                                 -3.31   data arrival time
-----------------------------------------------------------------------------
                                  5.06   slack (MET)


Startpoint: op[1] (input port clocked by __VIRTUAL_CLK__)
Endpoint: Y[4] (output port clocked by __VIRTUAL_CLK__)
Path Group: __VIRTUAL_CLK__
Path Type: min

Fanout     Cap    Slew   Delay    Time   Description
-----------------------------------------------------------------------------
                  0.00    0.00    0.00   clock __VIRTUAL_CLK__ (rise edge)
                          0.00    0.00   clock network delay (ideal)
                          2.00    2.00 v input external delay
                  0.01    0.01    2.01 v op[1] (in)
     1    0.00                           op[1] (net)
                  0.01    0.00    2.01 v input18/A (sky130_fd_sc_hd__clkbuf_8)
                  0.14    0.19    2.20 v input18/X (sky130_fd_sc_hd__clkbuf_8)
     5    0.13                           net18 (net)
                  0.15    0.02    2.22 v _0877_/A (sky130_fd_sc_hd__buf_8)
                  0.14    0.23    2.45 v _0877_/X (sky130_fd_sc_hd__buf_8)
    10    0.19                           _0159_ (net)
                  0.16    0.04    2.49 v _0943_/C_N (sky130_fd_sc_hd__nor3b_4)
                  0.09    0.25    2.74 v _0943_/Y (sky130_fd_sc_hd__nor3b_4)
     4    0.05                           _0222_ (net)
                  0.09    0.00    2.74 v _1009_/A1 (sky130_fd_sc_hd__a31o_2)
                  0.19    0.35    3.08 v _1009_/X (sky130_fd_sc_hd__a31o_2)
     1    0.07                           net30 (net)
                  0.19    0.01    3.09 v output30/A (sky130_fd_sc_hd__buf_2)
                  0.09    0.23    3.32 v output30/X (sky130_fd_sc_hd__buf_2)
     1    0.03                           Y[4] (net)
                  0.09    0.00    3.32 v Y[4] (out)
                                  3.32   data arrival time

                  0.00    0.00    0.00   clock __VIRTUAL_CLK__ (rise edge)
                          0.00    0.00   clock network delay (ideal)
                          0.25    0.25   clock uncertainty
                          0.00    0.25   clock reconvergence pessimism
                         -2.00   -1.75   output external delay
                                 -1.75   data required time
-----------------------------------------------------------------------------
                                 -1.75   data required time
                                 -3.32   data arrival time
-----------------------------------------------------------------------------
                                  5.07   slack (MET)


Startpoint: A[0] (input port clocked by __VIRTUAL_CLK__)
Endpoint: Y[1] (output port clocked by __VIRTUAL_CLK__)
Path Group: __VIRTUAL_CLK__
Path Type: min

Fanout     Cap    Slew   Delay    Time   Description
-----------------------------------------------------------------------------
                  0.00    0.00    0.00   clock __VIRTUAL_CLK__ (rise edge)
                          0.00    0.00   clock network delay (ideal)
                          2.00    2.00 v input external delay
                  0.02    0.01    2.01 v A[0] (in)
     1    0.01                           A[0] (net)
                  0.02    0.00    2.01 v input1/A (sky130_fd_sc_hd__buf_8)
                  0.12    0.17    2.18 v input1/X (sky130_fd_sc_hd__buf_8)
     7    0.17                           net1 (net)
                  0.13    0.02    2.20 v _0857_/A (sky130_fd_sc_hd__clkbuf_16)
                  0.13    0.25    2.45 v _0857_/X (sky130_fd_sc_hd__clkbuf_16)
    10    0.19                           _0139_ (net)
                  0.13    0.00    2.45 v _0886_/B (sky130_fd_sc_hd__nand2_8)
                  0.18    0.20    2.65 ^ _0886_/Y (sky130_fd_sc_hd__nand2_8)
     4    0.11                           _0168_ (net)
                  0.18    0.01    2.66 ^ _0916_/A (sky130_fd_sc_hd__xor2_2)
                  0.09    0.17    2.82 v _0916_/X (sky130_fd_sc_hd__xor2_2)
     1    0.03                           _0197_ (net)
                  0.09    0.00    2.83 v _0918_/B1 (sky130_fd_sc_hd__o22a_4)
                  0.12    0.30    3.13 v _0918_/X (sky130_fd_sc_hd__o22a_4)
     3    0.07                           net27 (net)
                  0.12    0.02    3.15 v output27/A (sky130_fd_sc_hd__buf_2)
                  0.09    0.20    3.35 v output27/X (sky130_fd_sc_hd__buf_2)
     1    0.03                           Y[1] (net)
                  0.09    0.00    3.35 v Y[1] (out)
                                  3.35   data arrival time

                  0.00    0.00    0.00   clock __VIRTUAL_CLK__ (rise edge)
                          0.00    0.00   clock network delay (ideal)
                          0.25    0.25   clock uncertainty
                          0.00    0.25   clock reconvergence pessimism
                         -2.00   -1.75   output external delay
                                 -1.75   data required time
-----------------------------------------------------------------------------
                                 -1.75   data required time
                                 -3.35   data arrival time
-----------------------------------------------------------------------------
                                  5.10   slack (MET)


Startpoint: A[0] (input port clocked by __VIRTUAL_CLK__)
Endpoint: Y[0] (output port clocked by __VIRTUAL_CLK__)
Path Group: __VIRTUAL_CLK__
Path Type: min

Fanout     Cap    Slew   Delay    Time   Description
-----------------------------------------------------------------------------
                  0.00    0.00    0.00   clock __VIRTUAL_CLK__ (rise edge)
                          0.00    0.00   clock network delay (ideal)
                          2.00    2.00 v input external delay
                  0.02    0.01    2.01 v A[0] (in)
     1    0.01                           A[0] (net)
                  0.02    0.00    2.01 v input1/A (sky130_fd_sc_hd__buf_8)
                  0.12    0.17    2.18 v input1/X (sky130_fd_sc_hd__buf_8)
     7    0.17                           net1 (net)
                  0.13    0.02    2.20 v _0857_/A (sky130_fd_sc_hd__clkbuf_16)
                  0.13    0.25    2.45 v _0857_/X (sky130_fd_sc_hd__clkbuf_16)
    10    0.19                           _0139_ (net)
                  0.13    0.02    2.47 v _0894_/A (sky130_fd_sc_hd__nor2_2)
                  0.44    0.38    2.85 ^ _0894_/Y (sky130_fd_sc_hd__nor2_2)
     1    0.04                           _0176_ (net)
                  0.44    0.01    2.86 ^ _0895_/D (sky130_fd_sc_hd__or4_2)
                  0.14    0.27    3.13 ^ _0895_/X (sky130_fd_sc_hd__or4_2)
     1    0.03                           _0177_ (net)
                  0.14    0.00    3.13 ^ _0896_/A (sky130_fd_sc_hd__buf_1)
                  0.11    0.14    3.28 ^ _0896_/X (sky130_fd_sc_hd__buf_1)
     1    0.01                           net20 (net)
                  0.11    0.00    3.28 ^ output20/A (sky130_fd_sc_hd__clkbuf_4)
                  0.11    0.20    3.48 ^ output20/X (sky130_fd_sc_hd__clkbuf_4)
     1    0.03                           Y[0] (net)
                  0.11    0.00    3.48 ^ Y[0] (out)
                                  3.48   data arrival time

                  0.00    0.00    0.00   clock __VIRTUAL_CLK__ (rise edge)
                          0.00    0.00   clock network delay (ideal)
                          0.25    0.25   clock uncertainty
                          0.00    0.25   clock reconvergence pessimism
                         -2.00   -1.75   output external delay
                                 -1.75   data required time
-----------------------------------------------------------------------------
                                 -1.75   data required time
                                 -3.48   data arrival time
-----------------------------------------------------------------------------
                                  5.23   slack (MET)


Startpoint: op[0] (input port clocked by __VIRTUAL_CLK__)
Endpoint: Y[5] (output port clocked by __VIRTUAL_CLK__)
Path Group: __VIRTUAL_CLK__
Path Type: min

Fanout     Cap    Slew   Delay    Time   Description
-----------------------------------------------------------------------------
                  0.00    0.00    0.00   clock __VIRTUAL_CLK__ (rise edge)
                          0.00    0.00   clock network delay (ideal)
                          2.00    2.00 ^ input external delay
                  0.02    0.01    2.01 ^ op[0] (in)
     1    0.00                           op[0] (net)
                  0.02    0.00    2.01 ^ input17/A (sky130_fd_sc_hd__buf_4)
                  0.33    0.28    2.29 ^ input17/X (sky130_fd_sc_hd__buf_4)
     4    0.12                           net17 (net)
                  0.34    0.02    2.31 ^ _0878_/A (sky130_fd_sc_hd__buf_6)
                  0.28    0.30    2.61 ^ _0878_/X (sky130_fd_sc_hd__buf_6)
    10    0.14                           _0160_ (net)
                  0.29    0.03    2.64 ^ _0908_/A_N (sky130_fd_sc_hd__and2b_4)
                  0.14    0.32    2.96 v _0908_/X (sky130_fd_sc_hd__and2b_4)
     6    0.10                           _0189_ (net)
                  0.14    0.01    2.97 v _1051_/A1 (sky130_fd_sc_hd__a31o_2)
                  0.13    0.32    3.28 v _1051_/X (sky130_fd_sc_hd__a31o_2)
     1    0.05                           net31 (net)
                  0.13    0.01    3.29 v output31/A (sky130_fd_sc_hd__buf_2)
                  0.09    0.21    3.50 v output31/X (sky130_fd_sc_hd__buf_2)
     1    0.03                           Y[5] (net)
                  0.09    0.00    3.50 v Y[5] (out)
                                  3.50   data arrival time

                  0.00    0.00    0.00   clock __VIRTUAL_CLK__ (rise edge)
                          0.00    0.00   clock network delay (ideal)
                          0.25    0.25   clock uncertainty
                          0.00    0.25   clock reconvergence pessimism
                         -2.00   -1.75   output external delay
                                 -1.75   data required time
-----------------------------------------------------------------------------
                                 -1.75   data required time
                                 -3.50   data arrival time
-----------------------------------------------------------------------------
                                  5.25   slack (MET)


Startpoint: A[7] (input port clocked by __VIRTUAL_CLK__)
Endpoint: Y[11] (output port clocked by __VIRTUAL_CLK__)
Path Group: __VIRTUAL_CLK__
Path Type: min

Fanout     Cap    Slew   Delay    Time   Description
-----------------------------------------------------------------------------
                  0.00    0.00    0.00   clock __VIRTUAL_CLK__ (rise edge)
                          0.00    0.00   clock network delay (ideal)
                          2.00    2.00 ^ input external delay
                  0.03    0.02    2.02 ^ A[7] (in)
     1    0.01                           A[7] (net)
                  0.03    0.00    2.02 ^ input8/A (sky130_fd_sc_hd__buf_6)
                  0.29    0.24    2.26 ^ input8/X (sky130_fd_sc_hd__buf_6)
     6    0.15                           net8 (net)
                  0.30    0.02    2.28 ^ _1102_/A (sky130_fd_sc_hd__clkbuf_16)
                  0.20    0.30    2.58 ^ _1102_/X (sky130_fd_sc_hd__clkbuf_16)
    10    0.19                           _0389_ (net)
                  0.20    0.01    2.60 ^ _1190_/A1 (sky130_fd_sc_hd__a21oi_4)
                  0.13    0.17    2.76 v _1190_/Y (sky130_fd_sc_hd__a21oi_4)
     3    0.07                           _0485_ (net)
                  0.13    0.00    2.76 v wire44/A (sky130_fd_sc_hd__buf_4)
                  0.11    0.24    3.00 v wire44/X (sky130_fd_sc_hd__buf_4)
     6    0.09                           net44 (net)
                  0.11    0.01    3.01 v _1278_/B1 (sky130_fd_sc_hd__a31o_2)
                  0.11    0.31    3.32 v _1278_/X (sky130_fd_sc_hd__a31o_2)
     1    0.04                           net22 (net)
                  0.11    0.01    3.32 v output22/A (sky130_fd_sc_hd__buf_2)
                  0.09    0.20    3.52 v output22/X (sky130_fd_sc_hd__buf_2)
     1    0.03                           Y[11] (net)
                  0.09    0.00    3.52 v Y[11] (out)
                                  3.52   data arrival time

                  0.00    0.00    0.00   clock __VIRTUAL_CLK__ (rise edge)
                          0.00    0.00   clock network delay (ideal)
                          0.25    0.25   clock uncertainty
                          0.00    0.25   clock reconvergence pessimism
                         -2.00   -1.75   output external delay
                                 -1.75   data required time
-----------------------------------------------------------------------------
                                 -1.75   data required time
                                 -3.52   data arrival time
-----------------------------------------------------------------------------
                                  5.27   slack (MET)


Startpoint: A[6] (input port clocked by __VIRTUAL_CLK__)
Endpoint: Y[7] (output port clocked by __VIRTUAL_CLK__)
Path Group: __VIRTUAL_CLK__
Path Type: min

Fanout     Cap    Slew   Delay    Time   Description
-----------------------------------------------------------------------------
                  0.00    0.00    0.00   clock __VIRTUAL_CLK__ (rise edge)
                          0.00    0.00   clock network delay (ideal)
                          2.00    2.00 v input external delay
                  0.02    0.01    2.01 v A[6] (in)
     1    0.01                           A[6] (net)
                  0.02    0.00    2.01 v input7/A (sky130_fd_sc_hd__buf_8)
                  0.14    0.16    2.17 v input7/X (sky130_fd_sc_hd__buf_8)
     9    0.19                           net7 (net)
                  0.16    0.04    2.22 v _1063_/A (sky130_fd_sc_hd__inv_6)
                  0.28    0.25    2.47 ^ _1063_/Y (sky130_fd_sc_hd__inv_6)
     6    0.14                           _0347_ (net)
                  0.29    0.02    2.49 ^ _1086_/A (sky130_fd_sc_hd__nor2_8)
                  0.13    0.16    2.65 v _1086_/Y (sky130_fd_sc_hd__nor2_8)
     7    0.14                           _0372_ (net)
                  0.13    0.02    2.67 v _1107_/A1 (sky130_fd_sc_hd__o21bai_4)
                  0.13    0.28    2.94 ^ _1107_/Y (sky130_fd_sc_hd__o21bai_4)
     2    0.03                           _0394_ (net)
                  0.13    0.00    2.95 ^ _1156_/A3 (sky130_fd_sc_hd__a311o_2)
                  0.28    0.35    3.30 ^ _1156_/X (sky130_fd_sc_hd__a311o_2)
     1    0.05                           net33 (net)
                  0.28    0.01    3.30 ^ output33/A (sky130_fd_sc_hd__clkbuf_4)
                  0.11    0.25    3.55 ^ output33/X (sky130_fd_sc_hd__clkbuf_4)
     1    0.03                           Y[7] (net)
                  0.11    0.00    3.56 ^ Y[7] (out)
                                  3.56   data arrival time

                  0.00    0.00    0.00   clock __VIRTUAL_CLK__ (rise edge)
                          0.00    0.00   clock network delay (ideal)
                          0.25    0.25   clock uncertainty
                          0.00    0.25   clock reconvergence pessimism
                         -2.00   -1.75   output external delay
                                 -1.75   data required time
-----------------------------------------------------------------------------
                                 -1.75   data required time
                                 -3.56   data arrival time
-----------------------------------------------------------------------------
                                  5.31   slack (MET)


Startpoint: A[7] (input port clocked by __VIRTUAL_CLK__)
Endpoint: Y[14] (output port clocked by __VIRTUAL_CLK__)
Path Group: __VIRTUAL_CLK__
Path Type: min

Fanout     Cap    Slew   Delay    Time   Description
-----------------------------------------------------------------------------
                  0.00    0.00    0.00   clock __VIRTUAL_CLK__ (rise edge)
                          0.00    0.00   clock network delay (ideal)
                          2.00    2.00 ^ input external delay
                  0.03    0.02    2.02 ^ A[7] (in)
     1    0.01                           A[7] (net)
                  0.03    0.00    2.02 ^ input8/A (sky130_fd_sc_hd__buf_6)
                  0.29    0.24    2.26 ^ input8/X (sky130_fd_sc_hd__buf_6)
     6    0.15                           net8 (net)
                  0.30    0.02    2.28 ^ _1102_/A (sky130_fd_sc_hd__clkbuf_16)
                  0.20    0.30    2.58 ^ _1102_/X (sky130_fd_sc_hd__clkbuf_16)
    10    0.19                           _0389_ (net)
                  0.20    0.01    2.60 ^ _1190_/A1 (sky130_fd_sc_hd__a21oi_4)
                  0.13    0.17    2.76 v _1190_/Y (sky130_fd_sc_hd__a21oi_4)
     3    0.07                           _0485_ (net)
                  0.13    0.00    2.76 v wire44/A (sky130_fd_sc_hd__buf_4)
                  0.11    0.24    3.00 v wire44/X (sky130_fd_sc_hd__buf_4)
     6    0.09                           net44 (net)
                  0.11    0.00    3.01 v _1320_/B1 (sky130_fd_sc_hd__a31o_2)
                  0.14    0.33    3.34 v _1320_/X (sky130_fd_sc_hd__a31o_2)
     1    0.05                           net25 (net)
                  0.14    0.01    3.35 v output25/A (sky130_fd_sc_hd__clkbuf_4)
                  0.08    0.22    3.56 v output25/X (sky130_fd_sc_hd__clkbuf_4)
     1    0.03                           Y[14] (net)
                  0.08    0.00    3.56 v Y[14] (out)
                                  3.56   data arrival time

                  0.00    0.00    0.00   clock __VIRTUAL_CLK__ (rise edge)
                          0.00    0.00   clock network delay (ideal)
                          0.25    0.25   clock uncertainty
                          0.00    0.25   clock reconvergence pessimism
                         -2.00   -1.75   output external delay
                                 -1.75   data required time
-----------------------------------------------------------------------------
                                 -1.75   data required time
                                 -3.56   data arrival time
-----------------------------------------------------------------------------
                                  5.31   slack (MET)


Startpoint: op[0] (input port clocked by __VIRTUAL_CLK__)
Endpoint: Y[6] (output port clocked by __VIRTUAL_CLK__)
Path Group: __VIRTUAL_CLK__
Path Type: min

Fanout     Cap    Slew   Delay    Time   Description
-----------------------------------------------------------------------------
                  0.00    0.00    0.00   clock __VIRTUAL_CLK__ (rise edge)
                          0.00    0.00   clock network delay (ideal)
                          2.00    2.00 v input external delay
                  0.01    0.00    2.00 v op[0] (in)
     1    0.00                           op[0] (net)
                  0.01    0.00    2.00 v input17/A (sky130_fd_sc_hd__buf_4)
                  0.15    0.21    2.21 v input17/X (sky130_fd_sc_hd__buf_4)
     4    0.12                           net17 (net)
                  0.16    0.02    2.23 v _0878_/A (sky130_fd_sc_hd__buf_6)
                  0.12    0.22    2.45 v _0878_/X (sky130_fd_sc_hd__buf_6)
    10    0.14                           _0160_ (net)
                  0.14    0.03    2.48 v _1044_/C_N (sky130_fd_sc_hd__or3b_4)
                  0.25    0.40    2.89 ^ _1044_/X (sky130_fd_sc_hd__or3b_4)
     3    0.08                           _0327_ (net)
                  0.25    0.01    2.89 ^ _1100_/A1 (sky130_fd_sc_hd__o31ai_4)
                  0.14    0.19    3.08 v _1100_/Y (sky130_fd_sc_hd__o31ai_4)
     1    0.05                           _0388_ (net)
                  0.14    0.01    3.09 v _1101_/B1 (sky130_fd_sc_hd__a31o_1)
                  0.13    0.30    3.38 v _1101_/X (sky130_fd_sc_hd__a31o_1)
     1    0.03                           net32 (net)
                  0.13    0.00    3.39 v output32/A (sky130_fd_sc_hd__buf_2)
                  0.09    0.21    3.60 v output32/X (sky130_fd_sc_hd__buf_2)
     1    0.03                           Y[6] (net)
                  0.09    0.00    3.60 v Y[6] (out)
                                  3.60   data arrival time

                  0.00    0.00    0.00   clock __VIRTUAL_CLK__ (rise edge)
                          0.00    0.00   clock network delay (ideal)
                          0.25    0.25   clock uncertainty
                          0.00    0.25   clock reconvergence pessimism
                         -2.00   -1.75   output external delay
                                 -1.75   data required time
-----------------------------------------------------------------------------
                                 -1.75   data required time
                                 -3.60   data arrival time
-----------------------------------------------------------------------------
                                  5.35   slack (MET)


Startpoint: A[3] (input port clocked by __VIRTUAL_CLK__)
Endpoint: Y[3] (output port clocked by __VIRTUAL_CLK__)
Path Group: __VIRTUAL_CLK__
Path Type: min

Fanout     Cap    Slew   Delay    Time   Description
-----------------------------------------------------------------------------
                  0.00    0.00    0.00   clock __VIRTUAL_CLK__ (rise edge)
                          0.00    0.00   clock network delay (ideal)
                          2.00    2.00 v input external delay
                  0.02    0.01    2.01 v A[3] (in)
     1    0.01                           A[3] (net)
                  0.02    0.00    2.01 v input4/A (sky130_fd_sc_hd__buf_8)
                  0.13    0.17    2.18 v input4/X (sky130_fd_sc_hd__buf_8)
    10    0.17                           net4 (net)
                  0.13    0.02    2.20 v _0752_/A (sky130_fd_sc_hd__clkbuf_16)
                  0.13    0.25    2.45 v _0752_/X (sky130_fd_sc_hd__clkbuf_16)
    10    0.19                           _0034_ (net)
                  0.13    0.00    2.46 v _0965_/A1_N (sky130_fd_sc_hd__a2bb2o_2)
                  0.18    0.36    2.82 ^ _0965_/X (sky130_fd_sc_hd__a2bb2o_2)
     1    0.03                           _0244_ (net)
                  0.18    0.00    2.82 ^ _0966_/C1 (sky130_fd_sc_hd__a221o_1)
                  0.19    0.23    3.05 ^ _0966_/X (sky130_fd_sc_hd__a221o_1)
     1    0.02                           _0245_ (net)
                  0.19    0.00    3.05 ^ _0967_/B1 (sky130_fd_sc_hd__a31o_1)
                  0.06    0.13    3.18 ^ _0967_/X (sky130_fd_sc_hd__a31o_1)
     1    0.00                           _0246_ (net)
                  0.06    0.00    3.18 ^ _0973_/B1 (sky130_fd_sc_hd__a211o_1)
                  0.29    0.26    3.44 ^ _0973_/X (sky130_fd_sc_hd__a211o_1)
     1    0.03                           net29 (net)
                  0.29    0.00    3.44 ^ output29/A (sky130_fd_sc_hd__buf_2)
                  0.17    0.26    3.69 ^ output29/X (sky130_fd_sc_hd__buf_2)
     1    0.03                           Y[3] (net)
                  0.17    0.00    3.69 ^ Y[3] (out)
                                  3.69   data arrival time

                  0.00    0.00    0.00   clock __VIRTUAL_CLK__ (rise edge)
                          0.00    0.00   clock network delay (ideal)
                          0.25    0.25   clock uncertainty
                          0.00    0.25   clock reconvergence pessimism
                         -2.00   -1.75   output external delay
                                 -1.75   data required time
-----------------------------------------------------------------------------
                                 -1.75   data required time
                                 -3.69   data arrival time
-----------------------------------------------------------------------------
                                  5.44   slack (MET)


Startpoint: A[7] (input port clocked by __VIRTUAL_CLK__)
Endpoint: Y[15] (output port clocked by __VIRTUAL_CLK__)
Path Group: __VIRTUAL_CLK__
Path Type: min

Fanout     Cap    Slew   Delay    Time   Description
-----------------------------------------------------------------------------
                  0.00    0.00    0.00   clock __VIRTUAL_CLK__ (rise edge)
                          0.00    0.00   clock network delay (ideal)
                          2.00    2.00 ^ input external delay
                  0.03    0.02    2.02 ^ A[7] (in)
     1    0.01                           A[7] (net)
                  0.03    0.00    2.02 ^ input8/A (sky130_fd_sc_hd__buf_6)
                  0.29    0.24    2.26 ^ input8/X (sky130_fd_sc_hd__buf_6)
     6    0.15                           net8 (net)
                  0.30    0.02    2.28 ^ _1102_/A (sky130_fd_sc_hd__clkbuf_16)
                  0.20    0.30    2.58 ^ _1102_/X (sky130_fd_sc_hd__clkbuf_16)
    10    0.19                           _0389_ (net)
                  0.20    0.01    2.60 ^ _1190_/A1 (sky130_fd_sc_hd__a21oi_4)
                  0.13    0.17    2.76 v _1190_/Y (sky130_fd_sc_hd__a21oi_4)
     3    0.07                           _0485_ (net)
                  0.13    0.00    2.76 v wire44/A (sky130_fd_sc_hd__buf_4)
                  0.11    0.24    3.00 v wire44/X (sky130_fd_sc_hd__buf_4)
     6    0.09                           net44 (net)
                  0.11    0.01    3.01 v _1322_/A (sky130_fd_sc_hd__or2b_2)
                  0.17    0.43    3.44 v _1322_/X (sky130_fd_sc_hd__or2b_2)
     1    0.06                           _0623_ (net)
                  0.17    0.00    3.45 v _1323_/A (sky130_fd_sc_hd__buf_2)
                  0.16    0.28    3.72 v _1323_/X (sky130_fd_sc_hd__buf_2)
     2    0.07                           net26 (net)
                  0.16    0.00    3.73 v output26/A (sky130_fd_sc_hd__buf_2)
                  0.09    0.22    3.95 v output26/X (sky130_fd_sc_hd__buf_2)
     1    0.03                           Y[15] (net)
                  0.09    0.00    3.95 v Y[15] (out)
                                  3.95   data arrival time

                  0.00    0.00    0.00   clock __VIRTUAL_CLK__ (rise edge)
                          0.00    0.00   clock network delay (ideal)
                          0.25    0.25   clock uncertainty
                          0.00    0.25   clock reconvergence pessimism
                         -2.00   -1.75   output external delay
                                 -1.75   data required time
-----------------------------------------------------------------------------
                                 -1.75   data required time
                                 -3.95   data arrival time
-----------------------------------------------------------------------------
                                  5.70   slack (MET)


Startpoint: A[1] (input port clocked by __VIRTUAL_CLK__)
Endpoint: Y[2] (output port clocked by __VIRTUAL_CLK__)
Path Group: __VIRTUAL_CLK__
Path Type: min

Fanout     Cap    Slew   Delay    Time   Description
-----------------------------------------------------------------------------
                  0.00    0.00    0.00   clock __VIRTUAL_CLK__ (rise edge)
                          0.00    0.00   clock network delay (ideal)
                          2.00    2.00 v input external delay
                  0.02    0.01    2.01 v A[1] (in)
     1    0.01                           A[1] (net)
                  0.02    0.00    2.01 v input2/A (sky130_fd_sc_hd__buf_8)
                  0.11    0.16    2.17 v input2/X (sky130_fd_sc_hd__buf_8)
     8    0.15                           net2 (net)
                  0.12    0.03    2.19 v _0853_/A (sky130_fd_sc_hd__clkbuf_16)
                  0.12    0.24    2.43 v _0853_/X (sky130_fd_sc_hd__clkbuf_16)
    10    0.17                           _0135_ (net)
                  0.12    0.02    2.45 v _0922_/A (sky130_fd_sc_hd__nand2_8)
                  0.17    0.17    2.63 ^ _0922_/Y (sky130_fd_sc_hd__nand2_8)
     2    0.10                           _0202_ (net)
                  0.17    0.00    2.63 ^ _0924_/A2 (sky130_fd_sc_hd__a21o_4)
                  0.21    0.27    2.89 ^ _0924_/X (sky130_fd_sc_hd__a21o_4)
     3    0.08                           _0204_ (net)
                  0.21    0.00    2.90 ^ _0928_/A3 (sky130_fd_sc_hd__a31o_1)
                  0.27    0.32    3.22 ^ _0928_/X (sky130_fd_sc_hd__a31o_1)
     1    0.03                           _0208_ (net)
                  0.27    0.00    3.22 ^ _0941_/A (sky130_fd_sc_hd__or3b_1)
                  0.11    0.20    3.42 ^ _0941_/X (sky130_fd_sc_hd__or3b_1)
     1    0.01                           _0221_ (net)
                  0.11    0.00    3.42 ^ _0942_/A (sky130_fd_sc_hd__clkbuf_2)
                  0.32    0.30    3.73 ^ _0942_/X (sky130_fd_sc_hd__clkbuf_2)
     2    0.06                           net28 (net)
                  0.32    0.01    3.73 ^ output28/A (sky130_fd_sc_hd__clkbuf_4)
                  0.11    0.26    4.00 ^ output28/X (sky130_fd_sc_hd__clkbuf_4)
     1    0.03                           Y[2] (net)
                  0.11    0.00    4.00 ^ Y[2] (out)
                                  4.00   data arrival time

                  0.00    0.00    0.00   clock __VIRTUAL_CLK__ (rise edge)
                          0.00    0.00   clock network delay (ideal)
                          0.25    0.25   clock uncertainty
                          0.00    0.25   clock reconvergence pessimism
                         -2.00   -1.75   output external delay
                                 -1.75   data required time
-----------------------------------------------------------------------------
                                 -1.75   data required time
                                 -4.00   data arrival time
-----------------------------------------------------------------------------
                                  5.75   slack (MET)



