
===========================================================================
report_checks -unconstrained
===========================================================================
======================= Typical Corner ===================================

Startpoint: B[0] (input port clocked by __VIRTUAL_CLK__)
Endpoint: Y[0] (output port clocked by __VIRTUAL_CLK__)
Path Group: __VIRTUAL_CLK__
Path Type: max

Fanout     Cap    Slew   Delay    Time   Description
-----------------------------------------------------------------------------
                  0.00    0.00    0.00   clock __VIRTUAL_CLK__ (rise edge)
                          0.00    0.00   clock network delay (ideal)
                          2.00    2.00 ^ input external delay
                  0.02    0.01    2.01 ^ B[0] (in)
     1    0.00                           B[0] (net)
                  0.02    0.00    2.01 ^ input9/A (sky130_fd_sc_hd__buf_4)
                  0.27    0.27    2.28 ^ input9/X (sky130_fd_sc_hd__buf_4)
     3    0.10                           net9 (net)
                  0.27    0.01    2.29 ^ _0664_/B_N (sky130_fd_sc_hd__or2b_4)
                  0.15    0.44    2.73 v _0664_/X (sky130_fd_sc_hd__or2b_4)
     2    0.09                           _0374_ (net)
                  0.15    0.01    2.75 v _0665_/A2 (sky130_fd_sc_hd__a21oi_4)
                  0.69    0.64    3.39 ^ _0665_/Y (sky130_fd_sc_hd__a21oi_4)
     3    0.10                           _0385_ (net)
                  0.69    0.01    3.40 ^ _0667_/A2 (sky130_fd_sc_hd__o31a_4)
                  0.30    0.45    3.84 ^ _0667_/X (sky130_fd_sc_hd__o31a_4)
     4    0.10                           _0406_ (net)
                  0.30    0.02    3.86 ^ _0668_/B (sky130_fd_sc_hd__or2_4)
                  0.33    0.41    4.28 ^ _0668_/X (sky130_fd_sc_hd__or2_4)
     4    0.11                           _0417_ (net)
                  0.33    0.01    4.28 ^ _0676_/A2 (sky130_fd_sc_hd__a31o_4)
                  0.46    0.53    4.82 ^ _0676_/X (sky130_fd_sc_hd__a31o_4)
     6    0.15                           _0503_ (net)
                  0.46    0.02    4.84 ^ _0687_/D_N (sky130_fd_sc_hd__or4b_4)
                  0.16    0.67    5.51 v _0687_/X (sky130_fd_sc_hd__or4b_4)
     3    0.05                           _0619_ (net)
                  0.16    0.01    5.51 v _0690_/A3 (sky130_fd_sc_hd__a32o_4)
                  0.11    0.46    5.97 v _0690_/X (sky130_fd_sc_hd__a32o_4)
     3    0.06                           _0626_ (net)
                  0.11    0.00    5.98 v _0692_/A3 (sky130_fd_sc_hd__a31o_2)
                  0.13    0.38    6.36 v _0692_/X (sky130_fd_sc_hd__a31o_2)
     1    0.05                           _0628_ (net)
                  0.13    0.01    6.37 v _0693_/A2 (sky130_fd_sc_hd__a211oi_4)
                  0.47    0.52    6.89 ^ _0693_/Y (sky130_fd_sc_hd__a211oi_4)
     2    0.04                           _0629_ (net)
                  0.47    0.00    6.89 ^ wire53/A (sky130_fd_sc_hd__buf_2)
                  0.20    0.34    7.23 ^ wire53/X (sky130_fd_sc_hd__buf_2)
     3    0.04                           net53 (net)
                  0.20    0.00    7.23 ^ max_cap52/A (sky130_fd_sc_hd__clkbuf_2)
                  0.20    0.27    7.50 ^ max_cap52/X (sky130_fd_sc_hd__clkbuf_2)
     1    0.04                           net52 (net)
                  0.20    0.00    7.51 ^ _0701_/B (sky130_fd_sc_hd__nand3b_4)
                  0.34    0.33    7.84 v _0701_/Y (sky130_fd_sc_hd__nand3b_4)
     4    0.10                           _0637_ (net)
                  0.34    0.01    7.85 v _0706_/A2 (sky130_fd_sc_hd__a21o_4)
                  0.14    0.44    8.29 v _0706_/X (sky130_fd_sc_hd__a21o_4)
     3    0.10                           _0642_ (net)
                  0.14    0.02    8.32 v _0720_/B2 (sky130_fd_sc_hd__a22oi_4)
                  0.41    0.42    8.73 ^ _0720_/Y (sky130_fd_sc_hd__a22oi_4)
     2    0.05                           _0002_ (net)
                  0.41    0.00    8.74 ^ _0730_/A2 (sky130_fd_sc_hd__o31ai_4)
                  0.17    0.21    8.95 v _0730_/Y (sky130_fd_sc_hd__o31ai_4)
     2    0.04                           _0012_ (net)
                  0.17    0.00    8.96 v _0732_/A2 (sky130_fd_sc_hd__a21oi_4)
                  0.54    0.53    9.49 ^ _0732_/Y (sky130_fd_sc_hd__a21oi_4)
     3    0.08                           _0014_ (net)
                  0.54    0.00    9.49 ^ max_cap46/A (sky130_fd_sc_hd__buf_4)
                  0.16    0.32    9.82 ^ max_cap46/X (sky130_fd_sc_hd__buf_4)
     3    0.06                           net46 (net)
                  0.16    0.01    9.82 ^ _0733_/S (sky130_fd_sc_hd__mux2_8)
                  0.11    0.48   10.31 v _0733_/X (sky130_fd_sc_hd__mux2_8)
     3    0.08                           _0015_ (net)
                  0.11    0.01   10.31 v _0746_/B (sky130_fd_sc_hd__xnor2_1)
                  0.28    0.29   10.61 ^ _0746_/Y (sky130_fd_sc_hd__xnor2_1)
     1    0.01                           _0028_ (net)
                  0.28    0.00   10.61 ^ wire42/A (sky130_fd_sc_hd__buf_4)
                  0.27    0.35   10.96 ^ wire42/X (sky130_fd_sc_hd__buf_4)
     3    0.10                           net42 (net)
                  0.28    0.02   10.98 ^ _0763_/A1 (sky130_fd_sc_hd__a21o_4)
                  0.23    0.32   11.30 ^ _0763_/X (sky130_fd_sc_hd__a21o_4)
     2    0.08                           _0045_ (net)
                  0.23    0.02   11.32 ^ _0765_/A2 (sky130_fd_sc_hd__a21o_4)
                  0.42    0.45   11.77 ^ _0765_/X (sky130_fd_sc_hd__a21o_4)
     4    0.16                           _0047_ (net)
                  0.42    0.02   11.79 ^ _0776_/A1 (sky130_fd_sc_hd__a32oi_4)
                  0.28    0.35   12.14 v _0776_/Y (sky130_fd_sc_hd__a32oi_4)
     3    0.06                           _0058_ (net)
                  0.28    0.01   12.15 v _0780_/A2 (sky130_fd_sc_hd__a21oi_4)
                  0.36    0.45   12.60 ^ _0780_/Y (sky130_fd_sc_hd__a21oi_4)
     5    0.05                           _0062_ (net)
                  0.36    0.00   12.60 ^ max_cap39/A (sky130_fd_sc_hd__buf_4)
                  0.18    0.30   12.90 ^ max_cap39/X (sky130_fd_sc_hd__buf_4)
     4    0.06                           net39 (net)
                  0.18    0.01   12.91 ^ _0788_/A2 (sky130_fd_sc_hd__o21ba_4)
                  0.48    0.47   13.39 ^ _0788_/X (sky130_fd_sc_hd__o21ba_4)
     4    0.14                           _0070_ (net)
                  0.48    0.03   13.42 ^ _0789_/B (sky130_fd_sc_hd__xnor2_4)
                  0.26    0.32   13.73 v _0789_/Y (sky130_fd_sc_hd__xnor2_4)
     3    0.09                           _0071_ (net)
                  0.26    0.02   13.75 v _0825_/A (sky130_fd_sc_hd__nor2_2)
                  0.48    0.50   14.25 ^ _0825_/Y (sky130_fd_sc_hd__nor2_2)
     2    0.04                           _0107_ (net)
                  0.48    0.00   14.26 ^ _0835_/A4 (sky130_fd_sc_hd__a41o_4)
                  0.24    0.46   14.71 ^ _0835_/X (sky130_fd_sc_hd__a41o_4)
     3    0.08                           _0117_ (net)
                  0.24    0.02   14.73 ^ _0836_/B (sky130_fd_sc_hd__and2_1)
                  0.27    0.34   15.07 ^ _0836_/X (sky130_fd_sc_hd__and2_1)
     1    0.03                           _0118_ (net)
                  0.27    0.00   15.07 ^ _0837_/A (sky130_fd_sc_hd__buf_6)
                  0.30    0.35   15.43 ^ _0837_/X (sky130_fd_sc_hd__buf_6)
     8    0.15                           _0119_ (net)
                  0.30    0.01   15.44 ^ _0850_/S (sky130_fd_sc_hd__mux2_4)
                  0.28    0.42   15.86 ^ _0850_/X (sky130_fd_sc_hd__mux2_4)
     4    0.10                           _0132_ (net)
                  0.28    0.01   15.87 ^ _0851_/B1 (sky130_fd_sc_hd__o22a_2)
                  0.24    0.38   16.25 ^ _0851_/X (sky130_fd_sc_hd__o22a_2)
     1    0.05                           _0133_ (net)
                  0.24    0.00   16.25 ^ _0863_/A1 (sky130_fd_sc_hd__a21o_1)
                  0.32    0.36   16.62 ^ _0863_/X (sky130_fd_sc_hd__a21o_1)
     1    0.04                           _0145_ (net)
                  0.32    0.00   16.62 ^ _0871_/A2 (sky130_fd_sc_hd__a21o_1)
                  0.22    0.31   16.93 ^ _0871_/X (sky130_fd_sc_hd__a21o_1)
     1    0.02                           _0153_ (net)
                  0.22    0.00   16.94 ^ _0881_/A1 (sky130_fd_sc_hd__a21oi_2)
                  0.15    0.19   17.13 v _0881_/Y (sky130_fd_sc_hd__a21oi_2)
     2    0.04                           _0163_ (net)
                  0.15    0.00   17.13 v _0895_/A (sky130_fd_sc_hd__or4_2)
                  0.18    0.85   17.98 v _0895_/X (sky130_fd_sc_hd__or4_2)
     1    0.03                           _0177_ (net)
                  0.18    0.00   17.99 v _0896_/A (sky130_fd_sc_hd__buf_1)
                  0.06    0.18   18.16 v _0896_/X (sky130_fd_sc_hd__buf_1)
     1    0.01                           net20 (net)
                  0.06    0.00   18.16 v output20/A (sky130_fd_sc_hd__clkbuf_4)
                  0.08    0.20   18.36 v output20/X (sky130_fd_sc_hd__clkbuf_4)
     1    0.03                           Y[0] (net)
                  0.08    0.00   18.36 v Y[0] (out)
                                 18.36   data arrival time

                  0.00   10.00   10.00   clock __VIRTUAL_CLK__ (rise edge)
                          0.00   10.00   clock network delay (ideal)
                         -0.25    9.75   clock uncertainty
                          0.00    9.75   clock reconvergence pessimism
                         -2.00    7.75   output external delay
                                  7.75   data required time
-----------------------------------------------------------------------------
                                  7.75   data required time
                                -18.36   data arrival time
-----------------------------------------------------------------------------
                                -10.61   slack (VIOLATED)




===========================================================================
report_checks --slack_max -0.01
============================================================================
======================= Typical Corner ===================================

Startpoint: B[0] (input port clocked by __VIRTUAL_CLK__)
Endpoint: Y[0] (output port clocked by __VIRTUAL_CLK__)
Path Group: __VIRTUAL_CLK__
Path Type: max

Fanout     Cap    Slew   Delay    Time   Description
-----------------------------------------------------------------------------
                  0.00    0.00    0.00   clock __VIRTUAL_CLK__ (rise edge)
                          0.00    0.00   clock network delay (ideal)
                          2.00    2.00 ^ input external delay
                  0.02    0.01    2.01 ^ B[0] (in)
     1    0.00                           B[0] (net)
                  0.02    0.00    2.01 ^ input9/A (sky130_fd_sc_hd__buf_4)
                  0.27    0.27    2.28 ^ input9/X (sky130_fd_sc_hd__buf_4)
     3    0.10                           net9 (net)
                  0.27    0.01    2.29 ^ _0664_/B_N (sky130_fd_sc_hd__or2b_4)
                  0.15    0.44    2.73 v _0664_/X (sky130_fd_sc_hd__or2b_4)
     2    0.09                           _0374_ (net)
                  0.15    0.01    2.75 v _0665_/A2 (sky130_fd_sc_hd__a21oi_4)
                  0.69    0.64    3.39 ^ _0665_/Y (sky130_fd_sc_hd__a21oi_4)
     3    0.10                           _0385_ (net)
                  0.69    0.01    3.40 ^ _0667_/A2 (sky130_fd_sc_hd__o31a_4)
                  0.30    0.45    3.84 ^ _0667_/X (sky130_fd_sc_hd__o31a_4)
     4    0.10                           _0406_ (net)
                  0.30    0.02    3.86 ^ _0668_/B (sky130_fd_sc_hd__or2_4)
                  0.33    0.41    4.28 ^ _0668_/X (sky130_fd_sc_hd__or2_4)
     4    0.11                           _0417_ (net)
                  0.33    0.01    4.28 ^ _0676_/A2 (sky130_fd_sc_hd__a31o_4)
                  0.46    0.53    4.82 ^ _0676_/X (sky130_fd_sc_hd__a31o_4)
     6    0.15                           _0503_ (net)
                  0.46    0.02    4.84 ^ _0687_/D_N (sky130_fd_sc_hd__or4b_4)
                  0.16    0.67    5.51 v _0687_/X (sky130_fd_sc_hd__or4b_4)
     3    0.05                           _0619_ (net)
                  0.16    0.01    5.51 v _0690_/A3 (sky130_fd_sc_hd__a32o_4)
                  0.11    0.46    5.97 v _0690_/X (sky130_fd_sc_hd__a32o_4)
     3    0.06                           _0626_ (net)
                  0.11    0.00    5.98 v _0692_/A3 (sky130_fd_sc_hd__a31o_2)
                  0.13    0.38    6.36 v _0692_/X (sky130_fd_sc_hd__a31o_2)
     1    0.05                           _0628_ (net)
                  0.13    0.01    6.37 v _0693_/A2 (sky130_fd_sc_hd__a211oi_4)
                  0.47    0.52    6.89 ^ _0693_/Y (sky130_fd_sc_hd__a211oi_4)
     2    0.04                           _0629_ (net)
                  0.47    0.00    6.89 ^ wire53/A (sky130_fd_sc_hd__buf_2)
                  0.20    0.34    7.23 ^ wire53/X (sky130_fd_sc_hd__buf_2)
     3    0.04                           net53 (net)
                  0.20    0.00    7.23 ^ max_cap52/A (sky130_fd_sc_hd__clkbuf_2)
                  0.20    0.27    7.50 ^ max_cap52/X (sky130_fd_sc_hd__clkbuf_2)
     1    0.04                           net52 (net)
                  0.20    0.00    7.51 ^ _0701_/B (sky130_fd_sc_hd__nand3b_4)
                  0.34    0.33    7.84 v _0701_/Y (sky130_fd_sc_hd__nand3b_4)
     4    0.10                           _0637_ (net)
                  0.34    0.01    7.85 v _0706_/A2 (sky130_fd_sc_hd__a21o_4)
                  0.14    0.44    8.29 v _0706_/X (sky130_fd_sc_hd__a21o_4)
     3    0.10                           _0642_ (net)
                  0.14    0.02    8.32 v _0720_/B2 (sky130_fd_sc_hd__a22oi_4)
                  0.41    0.42    8.73 ^ _0720_/Y (sky130_fd_sc_hd__a22oi_4)
     2    0.05                           _0002_ (net)
                  0.41    0.00    8.74 ^ _0730_/A2 (sky130_fd_sc_hd__o31ai_4)
                  0.17    0.21    8.95 v _0730_/Y (sky130_fd_sc_hd__o31ai_4)
     2    0.04                           _0012_ (net)
                  0.17    0.00    8.96 v _0732_/A2 (sky130_fd_sc_hd__a21oi_4)
                  0.54    0.53    9.49 ^ _0732_/Y (sky130_fd_sc_hd__a21oi_4)
     3    0.08                           _0014_ (net)
                  0.54    0.00    9.49 ^ max_cap46/A (sky130_fd_sc_hd__buf_4)
                  0.16    0.32    9.82 ^ max_cap46/X (sky130_fd_sc_hd__buf_4)
     3    0.06                           net46 (net)
                  0.16    0.01    9.82 ^ _0733_/S (sky130_fd_sc_hd__mux2_8)
                  0.11    0.48   10.31 v _0733_/X (sky130_fd_sc_hd__mux2_8)
     3    0.08                           _0015_ (net)
                  0.11    0.01   10.31 v _0746_/B (sky130_fd_sc_hd__xnor2_1)
                  0.28    0.29   10.61 ^ _0746_/Y (sky130_fd_sc_hd__xnor2_1)
     1    0.01                           _0028_ (net)
                  0.28    0.00   10.61 ^ wire42/A (sky130_fd_sc_hd__buf_4)
                  0.27    0.35   10.96 ^ wire42/X (sky130_fd_sc_hd__buf_4)
     3    0.10                           net42 (net)
                  0.28    0.02   10.98 ^ _0763_/A1 (sky130_fd_sc_hd__a21o_4)
                  0.23    0.32   11.30 ^ _0763_/X (sky130_fd_sc_hd__a21o_4)
     2    0.08                           _0045_ (net)
                  0.23    0.02   11.32 ^ _0765_/A2 (sky130_fd_sc_hd__a21o_4)
                  0.42    0.45   11.77 ^ _0765_/X (sky130_fd_sc_hd__a21o_4)
     4    0.16                           _0047_ (net)
                  0.42    0.02   11.79 ^ _0776_/A1 (sky130_fd_sc_hd__a32oi_4)
                  0.28    0.35   12.14 v _0776_/Y (sky130_fd_sc_hd__a32oi_4)
     3    0.06                           _0058_ (net)
                  0.28    0.01   12.15 v _0780_/A2 (sky130_fd_sc_hd__a21oi_4)
                  0.36    0.45   12.60 ^ _0780_/Y (sky130_fd_sc_hd__a21oi_4)
     5    0.05                           _0062_ (net)
                  0.36    0.00   12.60 ^ max_cap39/A (sky130_fd_sc_hd__buf_4)
                  0.18    0.30   12.90 ^ max_cap39/X (sky130_fd_sc_hd__buf_4)
     4    0.06                           net39 (net)
                  0.18    0.01   12.91 ^ _0788_/A2 (sky130_fd_sc_hd__o21ba_4)
                  0.48    0.47   13.39 ^ _0788_/X (sky130_fd_sc_hd__o21ba_4)
     4    0.14                           _0070_ (net)
                  0.48    0.03   13.42 ^ _0789_/B (sky130_fd_sc_hd__xnor2_4)
                  0.26    0.32   13.73 v _0789_/Y (sky130_fd_sc_hd__xnor2_4)
     3    0.09                           _0071_ (net)
                  0.26    0.02   13.75 v _0825_/A (sky130_fd_sc_hd__nor2_2)
                  0.48    0.50   14.25 ^ _0825_/Y (sky130_fd_sc_hd__nor2_2)
     2    0.04                           _0107_ (net)
                  0.48    0.00   14.26 ^ _0835_/A4 (sky130_fd_sc_hd__a41o_4)
                  0.24    0.46   14.71 ^ _0835_/X (sky130_fd_sc_hd__a41o_4)
     3    0.08                           _0117_ (net)
                  0.24    0.02   14.73 ^ _0836_/B (sky130_fd_sc_hd__and2_1)
                  0.27    0.34   15.07 ^ _0836_/X (sky130_fd_sc_hd__and2_1)
     1    0.03                           _0118_ (net)
                  0.27    0.00   15.07 ^ _0837_/A (sky130_fd_sc_hd__buf_6)
                  0.30    0.35   15.43 ^ _0837_/X (sky130_fd_sc_hd__buf_6)
     8    0.15                           _0119_ (net)
                  0.30    0.01   15.44 ^ _0850_/S (sky130_fd_sc_hd__mux2_4)
                  0.28    0.42   15.86 ^ _0850_/X (sky130_fd_sc_hd__mux2_4)
     4    0.10                           _0132_ (net)
                  0.28    0.01   15.87 ^ _0851_/B1 (sky130_fd_sc_hd__o22a_2)
                  0.24    0.38   16.25 ^ _0851_/X (sky130_fd_sc_hd__o22a_2)
     1    0.05                           _0133_ (net)
                  0.24    0.00   16.25 ^ _0863_/A1 (sky130_fd_sc_hd__a21o_1)
                  0.32    0.36   16.62 ^ _0863_/X (sky130_fd_sc_hd__a21o_1)
     1    0.04                           _0145_ (net)
                  0.32    0.00   16.62 ^ _0871_/A2 (sky130_fd_sc_hd__a21o_1)
                  0.22    0.31   16.93 ^ _0871_/X (sky130_fd_sc_hd__a21o_1)
     1    0.02                           _0153_ (net)
                  0.22    0.00   16.94 ^ _0881_/A1 (sky130_fd_sc_hd__a21oi_2)
                  0.15    0.19   17.13 v _0881_/Y (sky130_fd_sc_hd__a21oi_2)
     2    0.04                           _0163_ (net)
                  0.15    0.00   17.13 v _0895_/A (sky130_fd_sc_hd__or4_2)
                  0.18    0.85   17.98 v _0895_/X (sky130_fd_sc_hd__or4_2)
     1    0.03                           _0177_ (net)
                  0.18    0.00   17.99 v _0896_/A (sky130_fd_sc_hd__buf_1)
                  0.06    0.18   18.16 v _0896_/X (sky130_fd_sc_hd__buf_1)
     1    0.01                           net20 (net)
                  0.06    0.00   18.16 v output20/A (sky130_fd_sc_hd__clkbuf_4)
                  0.08    0.20   18.36 v output20/X (sky130_fd_sc_hd__clkbuf_4)
     1    0.03                           Y[0] (net)
                  0.08    0.00   18.36 v Y[0] (out)
                                 18.36   data arrival time

                  0.00   10.00   10.00   clock __VIRTUAL_CLK__ (rise edge)
                          0.00   10.00   clock network delay (ideal)
                         -0.25    9.75   clock uncertainty
                          0.00    9.75   clock reconvergence pessimism
                         -2.00    7.75   output external delay
                                  7.75   data required time
-----------------------------------------------------------------------------
                                  7.75   data required time
                                -18.36   data arrival time
-----------------------------------------------------------------------------
                                -10.61   slack (VIOLATED)




===========================================================================
 report_check_types -max_slew -max_cap -max_fanout -violators
============================================================================
======================= Typical Corner ===================================

max fanout

Pin                                   Limit Fanout  Slack
---------------------------------------------------------
_0711_/X                                 10     11        (VIOLATED)
_0755_/X                                 10     11        (VIOLATED)



===========================================================================
report_parasitic_annotation -report_unannotated
============================================================================
Found 0 unannotated drivers.
Found 0 partially unannotated drivers.

===========================================================================
max slew violation count 0
max fanout violation count 2
max cap violation count 0
============================================================================

===========================================================================
check_setup -verbose -unconstrained_endpoints -multiple_clock -no_clock -no_input_delay -loops -generated_clocks
===========================================================================
