Instance name,  X location,  Y location,  Voltage 
FILLER_0_101_613, 285.52, 285.6, 1.79916
FILLER_0_101_617, 285.52, 285.6, 1.79916
FILLER_0_99_609, 285.52, 280.16, 1.79917
FILLER_0_99_617, 285.52, 280.16, 1.79917
FILLER_0_100_613, 285.52, 280.16, 1.79917
FILLER_0_96_601, 285.52, 274.72, 1.79915
FILLER_0_97_610, 285.52, 274.72, 1.79915
FILLER_0_97_617, 285.52, 274.72, 1.79915
_0992_, 285.52, 269.28, 1.79916
FILLER_0_95_609, 285.52, 269.28, 1.79916
FILLER_0_95_617, 285.52, 269.28, 1.79916
ANTENNA_77, 285.52, 263.84, 1.79916
FILLER_0_93_617, 285.52, 263.84, 1.79916
FILLER_0_91_609, 285.52, 258.4, 1.79916
FILLER_0_91_617, 285.52, 258.4, 1.79916
FILLER_0_89_609, 285.52, 252.96, 1.79917
FILLER_0_89_617, 285.52, 252.96, 1.79917
_1175_, 285.52, 247.52, 1.79916
ANTENNA_78, 285.52, 247.52, 1.79916
FILLER_0_86_601, 285.52, 247.52, 1.79916
FILLER_0_85_609, 285.52, 242.08, 1.79917
FILLER_0_85_617, 285.52, 242.08, 1.79917
FILLER_0_86_616, 285.52, 242.08, 1.79917
FILLER_0_83_613, 285.52, 236.64, 1.79917
FILLER_0_83_617, 285.52, 236.64, 1.79917
_0672_, 285.52, 231.2, 1.79916
_1192_, 285.52, 231.2, 1.79916
FILLER_0_81_597, 285.52, 231.2, 1.79916
FILLER_0_81_617, 285.52, 231.2, 1.79916
FILLER_0_79_609, 285.52, 225.76, 1.79918
FILLER_0_79_617, 285.52, 225.76, 1.79918
FILLER_0_80_617, 285.52, 225.76, 1.79918
FILLER_0_77_609, 285.52, 220.32, 1.79918
FILLER_0_77_617, 285.52, 220.32, 1.79918
FILLER_0_78_618, 285.52, 220.32, 1.79918
FILLER_0_75_609, 285.52, 214.88, 1.79918
FILLER_0_75_617, 285.52, 214.88, 1.79918
_0730_, 285.52, 209.44, 1.79918
FILLER_0_72_601, 285.52, 209.44, 1.79918
FILLER_0_73_609, 285.52, 209.44, 1.79918
FILLER_0_73_617, 285.52, 209.44, 1.79918
FILLER_0_74_613, 285.52, 209.44, 1.79918
FILLER_0_71_609, 285.52, 204, 1.7992
FILLER_0_71_617, 285.52, 204, 1.7992
_0739_, 285.52, 198.56, 1.79919
FILLER_0_68_601, 285.52, 198.56, 1.79919
FILLER_0_69_609, 285.52, 198.56, 1.79919
FILLER_0_69_617, 285.52, 198.56, 1.79919
_0774_, 285.52, 193.12, 1.79919
ANTENNA_83, 285.52, 193.12, 1.79919
FILLER_0_66_597, 285.52, 193.12, 1.79919
FILLER_0_67_609, 285.52, 193.12, 1.79919
FILLER_0_67_617, 285.52, 193.12, 1.79919
FILLER_0_65_617, 285.52, 187.68, 1.7992
_0984_, 285.52, 182.24, 1.79921
FILLER_0_63_609, 285.52, 182.24, 1.79921
FILLER_0_63_617, 285.52, 182.24, 1.79921
FILLER_0_60_601, 285.52, 176.8, 1.79922
FILLER_0_61_609, 285.52, 176.8, 1.79922
FILLER_0_61_617, 285.52, 176.8, 1.79922
_1163_, 285.52, 171.36, 1.79921
_1174_, 285.52, 171.36, 1.79921
FILLER_0_59_613, 285.52, 171.36, 1.79921
FILLER_0_59_617, 285.52, 171.36, 1.79921
_0867_, 285.52, 165.92, 1.79922
FILLER_0_57_605, 285.52, 165.92, 1.79922
FILLER_0_57_613, 285.52, 165.92, 1.79922
FILLER_0_57_617, 285.52, 165.92, 1.79922
_1063_, 285.52, 160.48, 1.79922
FILLER_0_54_608, 285.52, 160.48, 1.79922
FILLER_0_55_611, 285.52, 160.48, 1.79922
FILLER_0_55_617, 285.52, 160.48, 1.79922
FILLER_0_53_609, 285.52, 155.04, 1.79923
FILLER_0_53_617, 285.52, 155.04, 1.79923
FILLER_0_54_616, 285.52, 155.04, 1.79923
FILLER_0_51_609, 285.52, 149.6, 1.79924
FILLER_0_51_617, 285.52, 149.6, 1.79924
_0995_, 285.52, 144.16, 1.79924
FILLER_0_49_617, 285.52, 144.16, 1.79924
_1077_, 285.52, 138.72, 1.79923
FILLER_0_47_597, 285.52, 138.72, 1.79923
FILLER_0_47_617, 285.52, 138.72, 1.79923
FILLER_0_48_613, 285.52, 138.72, 1.79923
FILLER_0_45_609, 285.52, 133.28, 1.79924
FILLER_0_45_617, 285.52, 133.28, 1.79924
FILLER_0_43_610, 285.52, 127.84, 1.79924
FILLER_0_43_617, 285.52, 127.84, 1.79924
FILLER_0_41_609, 285.52, 122.4, 1.79924
FILLER_0_41_617, 285.52, 122.4, 1.79924
FILLER_0_39_609, 285.52, 116.96, 1.79924
FILLER_0_39_617, 285.52, 116.96, 1.79924
FILLER_0_37_617, 285.52, 111.52, 1.79924
ANTENNA_44, 285.52, 106.08, 1.79923
ANTENNA_72, 285.52, 106.08, 1.79923
ANTENNA_73, 285.52, 106.08, 1.79923
FILLER_0_35_597, 285.52, 106.08, 1.79923
FILLER_0_35_605, 285.52, 106.08, 1.79923
FILLER_0_35_617, 285.52, 106.08, 1.79923
_0702_, 285.52, 100.64, 1.79923
ANTENNA_67, 285.52, 100.64, 1.79923
FILLER_0_32_596, 285.52, 100.64, 1.79923
FILLER_0_33_609, 285.52, 100.64, 1.79923
FILLER_0_33_617, 285.52, 100.64, 1.79923
FILLER_0_34_616, 285.52, 100.64, 1.79923
_0779_, 285.52, 95.2, 1.79922
_1070_, 285.52, 95.2, 1.79922
ANTENNA_36, 285.52, 95.2, 1.79922
FILLER_0_31_603, 285.52, 95.2, 1.79922
FILLER_0_31_617, 285.52, 95.2, 1.79922
FILLER_0_32_611, 285.52, 95.2, 1.79922
FILLER_0_29_608, 285.52, 89.76, 1.79921
FILLER_0_29_617, 285.52, 89.76, 1.79921
FILLER_0_30_616, 285.52, 89.76, 1.79921
FILLER_0_27_609, 285.52, 84.32, 1.79923
FILLER_0_27_617, 285.52, 84.32, 1.79923
FILLER_0_28_613, 285.52, 84.32, 1.79923
_1130_, 285.52, 78.88, 1.79921
_1256_, 285.52, 78.88, 1.79921
FILLER_0_25_598, 285.52, 78.88, 1.79921
FILLER_0_25_617, 285.52, 78.88, 1.79921
_1217_, 285.52, 73.44, 1.79922
FILLER_0_23_609, 285.52, 73.44, 1.79922
_1280_, 285.52, 68, 1.79921
ANTENNA_74, 285.52, 68, 1.79921
FILLER_0_21_609, 285.52, 68, 1.79921
FILLER_0_21_617, 285.52, 68, 1.79921
FILLER_0_22_611, 285.52, 68, 1.79921
ANTENNA_28, 285.52, 62.56, 1.79922
ANTENNA_29, 285.52, 62.56, 1.79922
FILLER_0_19_604, 285.52, 62.56, 1.79922
FILLER_0_19_617, 285.52, 62.56, 1.79922
FILLER_0_17_617, 285.52, 57.12, 1.79923
FILLER_0_18_613, 285.52, 57.12, 1.79923
FILLER_0_15_609, 285.52, 51.68, 1.79923
FILLER_0_15_617, 285.52, 51.68, 1.79923
FILLER_0_13_609, 285.52, 46.24, 1.79924
FILLER_0_13_617, 285.52, 46.24, 1.79924
FILLER_0_11_617, 285.52, 40.8, 1.79922
FILLER_0_9_612, 285.52, 35.36, 1.79923
FILLER_0_7_609, 285.52, 29.92, 1.79924
FILLER_0_7_617, 285.52, 29.92, 1.79924
FILLER_0_5_609, 285.52, 24.48, 1.79924
FILLER_0_5_617, 285.52, 24.48, 1.79924
_1020_, 285.52, 19.04, 1.79923
FILLER_0_3_609, 285.52, 19.04, 1.79923
FILLER_0_3_617, 285.52, 19.04, 1.79923
FILLER_0_4_613, 285.52, 19.04, 1.79923
ANTENNA_75, 285.52, 13.6, 1.79924
FILLER_0_0_613, 285.52, 13.6, 1.79924
FILLER_0_0_617, 285.52, 13.6, 1.79924
FILLER_0_1_609, 285.52, 13.6, 1.79924
FILLER_0_1_617, 285.52, 13.6, 1.79924
FILLER_0_2_613, 285.52, 13.6, 1.79924
FILLER_0_101_552, 260.52, 285.6, 1.79917
FILLER_0_99_553, 260.52, 280.16, 1.79917
_0865_, 260.52, 274.72, 1.79915
FILLER_0_96_545, 260.52, 274.72, 1.79915
FILLER_0_97_553, 260.52, 274.72, 1.79915
_0896_, 260.52, 269.28, 1.79916
_1131_, 260.52, 269.28, 1.79916
FILLER_0_94_545, 260.52, 269.28, 1.79916
FILLER_0_95_553, 260.52, 269.28, 1.79916
_0661_, 260.52, 263.84, 1.79916
FILLER_0_93_551, 260.52, 263.84, 1.79916
ANTENNA_93, 260.52, 258.4, 1.79915
FILLER_0_91_552, 260.52, 258.4, 1.79915
_0985_, 260.52, 252.96, 1.79916
FILLER_0_90_557, 260.52, 252.96, 1.79916
_1250_, 260.52, 247.52, 1.79914
FILLER_0_88_557, 260.52, 247.52, 1.79914
FILLER_0_85_550, 260.52, 242.08, 1.79915
_1206_, 260.52, 236.64, 1.79916
FILLER_0_83_541, 260.52, 236.64, 1.79916
FILLER_0_83_556, 260.52, 236.64, 1.79916
FILLER_0_81_553, 260.52, 231.2, 1.79917
FILLER_0_79_553, 260.52, 225.76, 1.79917
FILLER_0_77_552, 260.52, 220.32, 1.79918
FILLER_0_75_557, 260.52, 214.88, 1.79917
_0804_, 260.52, 209.44, 1.79918
_1111_, 260.52, 209.44, 1.79918
_1183_, 260.52, 209.44, 1.79918
FILLER_0_73_541, 260.52, 209.44, 1.79918
FILLER_0_73_553, 260.52, 209.44, 1.79918
FILLER_0_74_557, 260.52, 209.44, 1.79918
FILLER_0_71_556, 260.52, 204, 1.7992
_0788_, 260.52, 198.56, 1.79918
_0663_, 260.52, 193.12, 1.79919
_1254_, 260.52, 193.12, 1.79919
FILLER_0_67_553, 260.52, 193.12, 1.79919
_1036_, 260.52, 187.68, 1.7992
FILLER_0_65_551, 260.52, 187.68, 1.7992
FILLER_0_66_557, 260.52, 187.68, 1.7992
FILLER_0_63_553, 260.52, 182.24, 1.79922
FILLER_0_61_553, 260.52, 176.8, 1.79923
_0677_, 260.52, 171.36, 1.79922
_1045_, 260.52, 171.36, 1.79922
FILLER_0_59_541, 260.52, 171.36, 1.79922
_0728_, 260.52, 160.48, 1.79923
FILLER_0_54_545, 260.52, 160.48, 1.79923
FILLER_0_55_554, 260.52, 160.48, 1.79923
_1011_, 260.52, 155.04, 1.79924
FILLER_0_53_553, 260.52, 155.04, 1.79924
FILLER_0_54_556, 260.52, 155.04, 1.79924
FILLER_0_51_550, 260.52, 149.6, 1.79924
FILLER_0_49_553, 260.52, 144.16, 1.79925
FILLER_0_45_557, 260.52, 133.28, 1.79924
_0969_, 260.52, 127.84, 1.79924
FILLER_0_43_549, 260.52, 127.84, 1.79924
FILLER_0_43_557, 260.52, 127.84, 1.79924
FILLER_0_41_551, 260.52, 122.4, 1.79925
_0794_, 260.52, 116.96, 1.79923
FILLER_0_39_553, 260.52, 116.96, 1.79923
_0868_, 260.52, 111.52, 1.79924
FILLER_0_37_541, 260.52, 111.52, 1.79924
FILLER_0_35_553, 260.52, 106.08, 1.79924
FILLER_0_33_553, 260.52, 100.64, 1.79924
_0972_, 260.52, 95.2, 1.79923
_1014_, 260.52, 95.2, 1.79923
FILLER_0_30_545, 260.52, 95.2, 1.79923
FILLER_0_31_553, 260.52, 95.2, 1.79923
_1202_, 260.52, 89.76, 1.79922
FILLER_0_29_547, 260.52, 89.76, 1.79922
FILLER_0_27_550, 260.52, 84.32, 1.79924
_0877_, 260.52, 78.88, 1.79922
FILLER_0_25_551, 260.52, 78.88, 1.79922
_1269_, 260.52, 73.44, 1.79922
_1281_, 260.52, 73.44, 1.79922
FILLER_0_22_554, 260.52, 73.44, 1.79922
FILLER_0_23_553, 260.52, 73.44, 1.79922
_0930_, 260.52, 68, 1.7992
_0997_, 260.52, 68, 1.7992
_1056_, 260.52, 68, 1.7992
ANTENNA_26, 260.52, 68, 1.7992
FILLER_0_20_545, 260.52, 68, 1.7992
FILLER_0_21_553, 260.52, 68, 1.7992
FILLER_0_21_561, 260.52, 68, 1.7992
_1247_, 260.52, 62.56, 1.79922
FILLER_0_19_553, 260.52, 62.56, 1.79922
_1066_, 260.52, 57.12, 1.79923
FILLER_0_17_553, 260.52, 57.12, 1.79923
FILLER_0_15_553, 260.52, 51.68, 1.79924
FILLER_0_13_553, 260.52, 46.24, 1.79924
FILLER_0_11_553, 260.52, 40.8, 1.79922
FILLER_0_11_561, 260.52, 40.8, 1.79922
_1200_, 260.52, 35.36, 1.79923
ANTENNA_61, 260.52, 35.36, 1.79923
FILLER_0_8_545, 260.52, 35.36, 1.79923
FILLER_0_9_561, 260.52, 35.36, 1.79923
FILLER_0_7_553, 260.52, 29.92, 1.79924
_0697_, 260.52, 24.48, 1.79923
_1284_, 260.52, 24.48, 1.79923
FILLER_0_5_551, 260.52, 24.48, 1.79923
FILLER_0_3_550, 260.52, 19.04, 1.79923
_1085_, 260.52, 13.6, 1.79924
FILLER_0_0_557, 260.52, 13.6, 1.79924
FILLER_0_1_553, 260.52, 13.6, 1.79924
_0907_, 235.52, 285.6, 1.79917
FILLER_0_101_501, 235.52, 285.6, 1.79917
FILLER_0_99_497, 235.52, 280.16, 1.79917
FILLER_0_97_493, 235.52, 274.72, 1.79917
FILLER_0_97_501, 235.52, 274.72, 1.79917
_0887_, 235.52, 269.28, 1.79917
FILLER_0_95_498, 235.52, 269.28, 1.79917
FILLER_0_96_501, 235.52, 269.28, 1.79917
_1322_, 235.52, 263.84, 1.79917
ANTENNA_65, 235.52, 263.84, 1.79917
FILLER_0_93_505, 235.52, 263.84, 1.79917
_0850_, 235.52, 258.4, 1.79914
_1236_, 235.52, 258.4, 1.79914
FILLER_0_91_495, 235.52, 258.4, 1.79914
FILLER_0_92_501, 235.52, 258.4, 1.79914
_0880_, 235.52, 252.96, 1.79917
_1116_, 235.52, 247.52, 1.79916
_1167_, 235.52, 247.52, 1.79916
_1143_, 235.52, 242.08, 1.79915
FILLER_0_85_501, 235.52, 242.08, 1.79915
_1187_, 235.52, 236.64, 1.79915
wire42, 235.52, 236.64, 1.79915
FILLER_0_82_489, 235.52, 236.64, 1.79915
FILLER_0_83_495, 235.52, 236.64, 1.79915
FILLER_0_84_501, 235.52, 236.64, 1.79915
_0664_, 235.52, 231.2, 1.79918
_0993_, 235.52, 231.2, 1.79918
FILLER_0_81_499, 235.52, 231.2, 1.79918
FILLER_0_79_500, 235.52, 225.76, 1.79917
FILLER_0_77_505, 235.52, 220.32, 1.79919
FILLER_0_77_513, 235.52, 220.32, 1.79919
FILLER_0_75_501, 235.52, 214.88, 1.79918
_0671_, 235.52, 209.44, 1.7992
FILLER_0_73_500, 235.52, 209.44, 1.7992
_1231_, 235.52, 204, 1.7992
FILLER_0_71_497, 235.52, 204, 1.7992
FILLER_0_69_497, 235.52, 198.56, 1.79921
FILLER_0_67_497, 235.52, 193.12, 1.79922
FILLER_0_65_497, 235.52, 187.68, 1.79922
FILLER_0_63_497, 235.52, 182.24, 1.79923
FILLER_0_61_499, 235.52, 176.8, 1.79924
_0893_, 235.52, 171.36, 1.79923
FILLER_0_59_498, 235.52, 171.36, 1.79923
FILLER_0_60_501, 235.52, 171.36, 1.79923
_1210_, 235.52, 165.92, 1.79925
FILLER_0_57_497, 235.52, 165.92, 1.79925
_0716_, 235.52, 160.48, 1.79925
FILLER_0_55_500, 235.52, 160.48, 1.79925
FILLER_0_53_494, 235.52, 155.04, 1.79926
_1264_, 235.52, 149.6, 1.79926
FILLER_0_51_497, 235.52, 149.6, 1.79926
_0699_, 235.52, 144.16, 1.79926
FILLER_0_49_497, 235.52, 144.16, 1.79926
FILLER_0_50_501, 235.52, 144.16, 1.79926
_0834_, 235.52, 138.72, 1.79925
ANTENNA_87, 235.52, 138.72, 1.79925
FILLER_0_47_497, 235.52, 138.72, 1.79925
FILLER_0_47_505, 235.52, 138.72, 1.79925
_1127_, 235.52, 133.28, 1.79926
FILLER_0_45_497, 235.52, 133.28, 1.79926
FILLER_0_45_505, 235.52, 133.28, 1.79926
FILLER_0_46_513, 235.52, 133.28, 1.79926
FILLER_0_43_497, 235.52, 127.84, 1.79926
_1300_, 235.52, 122.4, 1.79926
FILLER_0_40_489, 235.52, 122.4, 1.79926
FILLER_0_40_497, 235.52, 122.4, 1.79926
_0829_, 235.52, 116.96, 1.79925
_1203_, 235.52, 116.96, 1.79925
FILLER_0_38_489, 235.52, 116.96, 1.79925
FILLER_0_39_494, 235.52, 116.96, 1.79925
_0698_, 235.52, 111.52, 1.79926
FILLER_0_37_497, 235.52, 111.52, 1.79926
FILLER_0_35_494, 235.52, 106.08, 1.79925
FILLER_0_33_497, 235.52, 100.64, 1.79925
_0786_, 235.52, 95.2, 1.79925
FILLER_0_31_497, 235.52, 95.2, 1.79925
FILLER_0_32_501, 235.52, 95.2, 1.79925
_1205_, 235.52, 89.76, 1.79925
FILLER_0_29_497, 235.52, 89.76, 1.79925
_0685_, 235.52, 84.32, 1.79924
_0705_, 235.52, 84.32, 1.79924
_0854_, 235.52, 84.32, 1.79924
FILLER_0_27_497, 235.52, 84.32, 1.79924
FILLER_0_27_505, 235.52, 84.32, 1.79924
FILLER_0_28_501, 235.52, 84.32, 1.79924
FILLER_0_22_495, 235.52, 73.44, 1.79925
FILLER_0_23_497, 235.52, 73.44, 1.79925
_1113_, 235.52, 68, 1.79922
wire36, 235.52, 68, 1.79922
FILLER_0_22_503, 235.52, 68, 1.79922
FILLER_0_22_512, 235.52, 68, 1.79922
_0986_, 235.52, 62.56, 1.79924
FILLER_0_19_497, 235.52, 62.56, 1.79924
FILLER_0_20_501, 235.52, 62.56, 1.79924
FILLER_0_17_497, 235.52, 57.12, 1.79925
_1007_, 235.52, 51.68, 1.79924
FILLER_0_15_497, 235.52, 51.68, 1.79924
FILLER_0_16_513, 235.52, 51.68, 1.79924
FILLER_0_13_497, 235.52, 46.24, 1.79924
_1316_, 235.52, 40.8, 1.79923
ANTENNA_43, 235.52, 40.8, 1.79923
ANTENNA_98, 235.52, 40.8, 1.79923
FILLER_0_10_489, 235.52, 40.8, 1.79923
FILLER_0_12_501, 235.52, 40.8, 1.79923
_1133_, 235.52, 35.36, 1.79923
_1223_, 235.52, 35.36, 1.79923
FILLER_0_7_497, 235.52, 29.92, 1.79925
FILLER_0_5_497, 235.52, 24.48, 1.79925
FILLER_0_3_494, 235.52, 19.04, 1.79924
_1006_, 235.52, 13.6, 1.79925
FILLER_0_0_489, 235.52, 13.6, 1.79925
FILLER_0_0_497, 235.52, 13.6, 1.79925
FILLER_0_1_497, 235.52, 13.6, 1.79925
FILLER_0_101_445, 210.52, 285.6, 1.79918
FILLER_0_99_441, 210.52, 280.16, 1.79918
FILLER_0_97_439, 210.52, 274.72, 1.79918
_1259_, 210.52, 269.28, 1.79918
FILLER_0_95_441, 210.52, 269.28, 1.79918
FILLER_0_92_440, 210.52, 263.84, 1.79918
FILLER_0_93_441, 210.52, 263.84, 1.79918
_0695_, 210.52, 258.4, 1.79917
ANTENNA_59, 210.52, 258.4, 1.79917
FILLER_0_90_444, 210.52, 258.4, 1.79917
FILLER_0_92_448, 210.52, 258.4, 1.79917
_0944_, 210.52, 252.96, 1.79918
ANTENNA_3, 210.52, 252.96, 1.79918
FILLER_0_89_441, 210.52, 252.96, 1.79918
FILLER_0_89_449, 210.52, 252.96, 1.79918
FILLER_0_86_443, 210.52, 247.52, 1.79918
FILLER_0_87_441, 210.52, 247.52, 1.79918
_1042_, 210.52, 242.08, 1.79918
FILLER_0_85_443, 210.52, 242.08, 1.79918
FILLER_0_86_458, 210.52, 242.08, 1.79918
_0724_, 210.52, 236.64, 1.79918
_0890_, 210.52, 236.64, 1.79918
ANTENNA_10, 210.52, 236.64, 1.79918
FILLER_0_82_433, 210.52, 236.64, 1.79918
FILLER_0_83_441, 210.52, 236.64, 1.79918
_1106_, 210.52, 231.2, 1.7992
FILLER_0_81_441, 210.52, 231.2, 1.7992
_0721_, 210.52, 225.76, 1.79918
FILLER_0_79_441, 210.52, 225.76, 1.79918
_0915_, 210.52, 220.32, 1.79919
FILLER_0_77_437, 210.52, 220.32, 1.79919
FILLER_0_77_445, 210.52, 220.32, 1.79919
_1120_, 210.52, 214.88, 1.7992
FILLER_0_75_449, 210.52, 214.88, 1.7992
_1169_, 210.52, 209.44, 1.79922
_0917_, 210.52, 204, 1.79922
_1010_, 210.52, 204, 1.79922
FILLER_0_71_441, 210.52, 204, 1.79922
FILLER_0_69_443, 210.52, 198.56, 1.79923
FILLER_0_67_441, 210.52, 193.12, 1.79924
FILLER_0_63_441, 210.52, 182.24, 1.79925
_1296_, 210.52, 176.8, 1.79925
FILLER_0_61_441, 210.52, 176.8, 1.79925
FILLER_0_59_437, 210.52, 171.36, 1.79926
FILLER_0_59_445, 210.52, 171.36, 1.79926
_0983_, 210.52, 165.92, 1.79927
FILLER_0_56_433, 210.52, 165.92, 1.79927
FILLER_0_57_441, 210.52, 165.92, 1.79927
_0963_, 210.52, 160.48, 1.79927
FILLER_0_55_442, 210.52, 160.48, 1.79927
FILLER_0_53_441, 210.52, 155.04, 1.79928
FILLER_0_51_441, 210.52, 149.6, 1.79928
FILLER_0_48_445, 210.52, 144.16, 1.79928
FILLER_0_49_440, 210.52, 144.16, 1.79928
_0837_, 210.52, 138.72, 1.79927
FILLER_0_47_441, 210.52, 138.72, 1.79927
FILLER_0_45_443, 210.52, 133.28, 1.79929
_0792_, 210.52, 127.84, 1.79928
_0899_, 210.52, 127.84, 1.79928
FILLER_0_42_433, 210.52, 127.84, 1.79928
FILLER_0_43_441, 210.52, 127.84, 1.79928
_0892_, 210.52, 122.4, 1.79929
FILLER_0_40_445, 210.52, 122.4, 1.79929
FILLER_0_41_437, 210.52, 122.4, 1.79929
FILLER_0_41_445, 210.52, 122.4, 1.79929
_0741_, 210.52, 116.96, 1.79928
ANTENNA_38, 210.52, 116.96, 1.79928
FILLER_0_38_445, 210.52, 116.96, 1.79928
FILLER_0_39_438, 210.52, 116.96, 1.79928
FILLER_0_39_449, 210.52, 116.96, 1.79928
FILLER_0_40_453, 210.52, 116.96, 1.79928
_1230_, 210.52, 111.52, 1.79928
FILLER_0_37_438, 210.52, 111.52, 1.79928
_1315_, 210.52, 106.08, 1.79928
FILLER_0_35_441, 210.52, 106.08, 1.79928
FILLER_0_35_449, 210.52, 106.08, 1.79928
FILLER_0_33_442, 210.52, 100.64, 1.79927
FILLER_0_31_441, 210.52, 95.2, 1.79927
FILLER_0_32_457, 210.52, 95.2, 1.79927
_0735_, 210.52, 89.76, 1.79927
_1228_, 210.52, 89.76, 1.79927
FILLER_0_28_433, 210.52, 89.76, 1.79927
FILLER_0_26_445, 210.52, 84.32, 1.79927
FILLER_0_27_439, 210.52, 84.32, 1.79927
_1301_, 210.52, 78.88, 1.79926
FILLER_0_25_437, 210.52, 78.88, 1.79926
FILLER_0_25_445, 210.52, 78.88, 1.79926
_0833_, 210.52, 73.44, 1.79926
FILLER_0_23_441, 210.52, 73.44, 1.79926
FILLER_0_21_441, 210.52, 68, 1.79925
FILLER_0_19_445, 210.52, 62.56, 1.79926
FILLER_0_17_441, 210.52, 57.12, 1.79926
_1089_, 210.52, 51.68, 1.79925
FILLER_0_13_441, 210.52, 46.24, 1.79926
_0784_, 210.52, 40.8, 1.79922
_1272_, 210.52, 40.8, 1.79922
_1276_, 210.52, 40.8, 1.79922
FILLER_0_10_433, 210.52, 40.8, 1.79922
FILLER_0_11_439, 210.52, 40.8, 1.79922
FILLER_0_11_449, 210.52, 40.8, 1.79922
FILLER_0_9_445, 210.52, 35.36, 1.79925
FILLER_0_7_441, 210.52, 29.92, 1.79925
FILLER_0_5_441, 210.52, 24.48, 1.79926
FILLER_0_6_457, 210.52, 24.48, 1.79926
_0987_, 210.52, 19.04, 1.79925
FILLER_0_3_441, 210.52, 19.04, 1.79925
FILLER_0_0_445, 210.52, 13.6, 1.79925
FILLER_0_1_445, 210.52, 13.6, 1.79925
_1123_, 185.52, 285.6, 1.79919
FILLER_0_101_389, 185.52, 285.6, 1.79919
_1055_, 185.52, 280.16, 1.79919
FILLER_0_99_384, 185.52, 280.16, 1.79919
FILLER_0_94_389, 185.52, 269.28, 1.7992
FILLER_0_95_385, 185.52, 269.28, 1.7992
FILLER_0_96_401, 185.52, 269.28, 1.7992
_0826_, 185.52, 263.84, 1.79918
_1185_, 185.52, 263.84, 1.79918
FILLER_0_92_388, 185.52, 263.84, 1.79918
FILLER_0_93_385, 185.52, 263.84, 1.79918
_0858_, 185.52, 258.4, 1.79919
_1058_, 185.52, 258.4, 1.79919
FILLER_0_91_385, 185.52, 258.4, 1.79919
FILLER_0_91_393, 185.52, 258.4, 1.79919
FILLER_0_89_385, 185.52, 252.96, 1.7992
FILLER_0_87_382, 185.52, 247.52, 1.7992
FILLER_0_85_385, 185.52, 242.08, 1.7992
FILLER_0_83_382, 185.52, 236.64, 1.79921
FILLER_0_81_385, 185.52, 231.2, 1.79922
FILLER_0_79_385, 185.52, 225.76, 1.79921
FILLER_0_77_385, 185.52, 220.32, 1.79922
FILLER_0_78_401, 185.52, 220.32, 1.79922
FILLER_0_75_385, 185.52, 214.88, 1.79923
wire62, 185.52, 209.44, 1.79924
FILLER_0_73_385, 185.52, 209.44, 1.79924
FILLER_0_73_393, 185.52, 209.44, 1.79924
FILLER_0_73_401, 185.52, 209.44, 1.79924
FILLER_0_70_389, 185.52, 204, 1.79924
_0732_, 185.52, 198.56, 1.79924
_0978_, 185.52, 198.56, 1.79924
FILLER_0_68_389, 185.52, 198.56, 1.79924
_0895_, 185.52, 193.12, 1.79926
ANTENNA_101, 185.52, 193.12, 1.79926
FILLER_0_66_389, 185.52, 193.12, 1.79926
FILLER_0_67_385, 185.52, 193.12, 1.79926
_1122_, 185.52, 187.68, 1.79926
_1274_, 185.52, 187.68, 1.79926
max_cap46, 185.52, 187.68, 1.79926
FILLER_0_64_389, 185.52, 187.68, 1.79926
FILLER_0_65_380, 185.52, 187.68, 1.79926
FILLER_0_65_393, 185.52, 187.68, 1.79926
_0856_, 185.52, 182.24, 1.79927
FILLER_0_63_385, 185.52, 182.24, 1.79927
_0873_, 185.52, 176.8, 1.79928
ANTENNA_8, 185.52, 176.8, 1.79928
FILLER_0_61_385, 185.52, 176.8, 1.79928
_1171_, 185.52, 171.36, 1.79929
FILLER_0_59_382, 185.52, 171.36, 1.79929
FILLER_0_59_393, 185.52, 171.36, 1.79929
FILLER_0_59_401, 185.52, 171.36, 1.79929
_1096_, 185.52, 165.92, 1.7993
FILLER_0_57_384, 185.52, 165.92, 1.7993
FILLER_0_55_385, 185.52, 160.48, 1.79931
FILLER_0_53_385, 185.52, 155.04, 1.79931
FILLER_0_51_382, 185.52, 149.6, 1.79932
FILLER_0_52_401, 185.52, 149.6, 1.79932
FILLER_0_49_384, 185.52, 144.16, 1.79932
_0766_, 185.52, 138.72, 1.79932
FILLER_0_47_385, 185.52, 138.72, 1.79932
FILLER_0_47_393, 185.52, 138.72, 1.79932
_0998_, 185.52, 133.28, 1.79932
wire47, 185.52, 133.28, 1.79932
FILLER_0_44_389, 185.52, 133.28, 1.79932
FILLER_0_45_385, 185.52, 133.28, 1.79932
FILLER_0_45_393, 185.52, 133.28, 1.79932
FILLER_0_46_401, 185.52, 133.28, 1.79932
_1135_, 185.52, 127.84, 1.79932
_1302_, 185.52, 127.84, 1.79932
FILLER_0_41_385, 185.52, 122.4, 1.79932
FILLER_0_39_385, 185.52, 116.96, 1.79931
FILLER_0_37_388, 185.52, 111.52, 1.7993
_0990_, 185.52, 106.08, 1.7993
FILLER_0_35_383, 185.52, 106.08, 1.7993
FILLER_0_32_386, 185.52, 100.64, 1.7993
FILLER_0_33_385, 185.52, 100.64, 1.7993
_0853_, 185.52, 95.2, 1.79929
FILLER_0_30_389, 185.52, 95.2, 1.79929
FILLER_0_31_385, 185.52, 95.2, 1.79929
_0949_, 185.52, 89.76, 1.79929
FILLER_0_28_389, 185.52, 89.76, 1.79929
FILLER_0_29_381, 185.52, 89.76, 1.79929
FILLER_0_29_389, 185.52, 89.76, 1.79929
_1038_, 185.52, 84.32, 1.79928
_1054_, 185.52, 84.32, 1.79928
FILLER_0_27_385, 185.52, 84.32, 1.79928
FILLER_0_27_393, 185.52, 84.32, 1.79928
FILLER_0_25_385, 185.52, 78.88, 1.79929
FILLER_0_23_385, 185.52, 73.44, 1.79929
FILLER_0_21_385, 185.52, 68, 1.79927
_0703_, 185.52, 62.56, 1.79927
_0874_, 185.52, 62.56, 1.79927
FILLER_0_19_385, 185.52, 62.56, 1.79927
FILLER_0_16_389, 185.52, 57.12, 1.79927
FILLER_0_17_387, 185.52, 57.12, 1.79927
_0897_, 185.52, 51.68, 1.79926
FILLER_0_15_381, 185.52, 51.68, 1.79926
FILLER_0_15_389, 185.52, 51.68, 1.79926
FILLER_0_13_389, 185.52, 46.24, 1.79926
FILLER_0_14_397, 185.52, 46.24, 1.79926
_1027_, 185.52, 40.8, 1.79926
FILLER_0_11_385, 185.52, 40.8, 1.79926
FILLER_0_11_393, 185.52, 40.8, 1.79926
_0731_, 185.52, 35.36, 1.79927
FILLER_0_9_385, 185.52, 35.36, 1.79927
FILLER_0_9_393, 185.52, 35.36, 1.79927
FILLER_0_7_389, 185.52, 29.92, 1.79926
ANTENNA_15, 185.52, 24.48, 1.79926
FILLER_0_5_385, 185.52, 24.48, 1.79926
FILLER_0_6_399, 185.52, 24.48, 1.79926
FILLER_0_3_387, 185.52, 19.04, 1.79926
_0970_, 185.52, 13.6, 1.79926
_1260_, 185.52, 13.6, 1.79926
FILLER_0_0_389, 185.52, 13.6, 1.79926
FILLER_0_1_385, 185.52, 13.6, 1.79926
FILLER_0_2_400, 185.52, 13.6, 1.79926
FILLER_0_101_333, 160.52, 285.6, 1.79921
_0780_, 160.52, 280.16, 1.79919
max_cap39, 160.52, 280.16, 1.79919
_0980_, 160.52, 274.72, 1.79919
FILLER_0_97_330, 160.52, 274.72, 1.79919
FILLER_0_97_337, 160.52, 274.72, 1.79919
_0876_, 160.52, 263.84, 1.79921
FILLER_0_93_329, 160.52, 263.84, 1.79921
FILLER_0_91_329, 160.52, 258.4, 1.79921
FILLER_0_89_328, 160.52, 252.96, 1.79921
FILLER_0_90_345, 160.52, 252.96, 1.79921
_0810_, 160.52, 247.52, 1.79919
_1246_, 160.52, 247.52, 1.79919
FILLER_0_87_329, 160.52, 247.52, 1.79919
_0654_, 160.52, 236.64, 1.79922
_1065_, 160.52, 236.64, 1.79922
FILLER_0_82_326, 160.52, 236.64, 1.79922
FILLER_0_83_331, 160.52, 236.64, 1.79922
_1229_, 160.52, 231.2, 1.79923
ANTENNA_97, 160.52, 231.2, 1.79923
FILLER_0_79_329, 160.52, 225.76, 1.79923
FILLER_0_76_333, 160.52, 220.32, 1.79925
FILLER_0_77_329, 160.52, 220.32, 1.79925
_0822_, 160.52, 214.88, 1.79925
_1026_, 160.52, 214.88, 1.79925
FILLER_0_74_333, 160.52, 214.88, 1.79925
FILLER_0_75_329, 160.52, 214.88, 1.79925
max_cap57, 160.52, 209.44, 1.79926
FILLER_0_72_336, 160.52, 209.44, 1.79926
FILLER_0_73_331, 160.52, 209.44, 1.79926
_0967_, 160.52, 204, 1.79926
_0973_, 160.52, 204, 1.79926
max_cap40, 160.52, 204, 1.79926
FILLER_0_70_334, 160.52, 204, 1.79926
FILLER_0_71_333, 160.52, 204, 1.79926
_0783_, 160.52, 198.56, 1.79927
_0891_, 160.52, 198.56, 1.79927
ANTENNA_1, 160.52, 198.56, 1.79927
ANTENNA_84, 160.52, 193.12, 1.79929
FILLER_0_67_329, 160.52, 193.12, 1.79929
FILLER_0_64_333, 160.52, 187.68, 1.79929
FILLER_0_65_325, 160.52, 187.68, 1.79929
FILLER_0_65_333, 160.52, 187.68, 1.79929
FILLER_0_65_349, 160.52, 187.68, 1.79929
_1293_, 160.52, 182.24, 1.7993
FILLER_0_63_329, 160.52, 182.24, 1.7993
FILLER_0_61_329, 160.52, 176.8, 1.79932
FILLER_0_62_345, 160.52, 176.8, 1.79932
_1109_, 160.52, 171.36, 1.79933
_1191_, 160.52, 171.36, 1.79933
FILLER_0_59_330, 160.52, 171.36, 1.79933
FILLER_0_60_345, 160.52, 171.36, 1.79933
FILLER_0_57_329, 160.52, 165.92, 1.79934
FILLER_0_55_326, 160.52, 160.48, 1.79934
FILLER_0_53_329, 160.52, 155.04, 1.79935
_0668_, 160.52, 149.6, 1.79936
_0855_, 160.52, 149.6, 1.79936
FILLER_0_50_329, 160.52, 149.6, 1.79936
FILLER_0_51_329, 160.52, 149.6, 1.79936
_1117_, 160.52, 144.16, 1.79937
FILLER_0_49_327, 160.52, 144.16, 1.79937
_0798_, 160.52, 138.72, 1.79937
FILLER_0_47_329, 160.52, 138.72, 1.79937
FILLER_0_45_333, 160.52, 133.28, 1.79937
FILLER_0_41_329, 160.52, 122.4, 1.79936
FILLER_0_39_328, 160.52, 116.96, 1.79935
FILLER_0_37_329, 160.52, 111.52, 1.79934
FILLER_0_37_349, 160.52, 111.52, 1.79934
_1061_, 160.52, 106.08, 1.79933
FILLER_0_33_327, 160.52, 100.64, 1.79933
FILLER_0_31_329, 160.52, 95.2, 1.79932
FILLER_0_31_349, 160.52, 95.2, 1.79932
_1149_, 160.52, 89.76, 1.79931
FILLER_0_28_333, 160.52, 89.76, 1.79931
FILLER_0_29_329, 160.52, 89.76, 1.79931
FILLER_0_29_337, 160.52, 89.76, 1.79931
_0692_, 160.52, 84.32, 1.7993
_0982_, 160.52, 84.32, 1.7993
_1213_, 160.52, 84.32, 1.7993
ANTENNA_90, 160.52, 84.32, 1.7993
FILLER_0_25_329, 160.52, 78.88, 1.79931
FILLER_0_23_329, 160.52, 73.44, 1.79931
_1002_, 160.52, 68, 1.7993
FILLER_0_21_329, 160.52, 68, 1.7993
FILLER_0_19_329, 160.52, 62.56, 1.7993
FILLER_0_17_329, 160.52, 57.12, 1.79929
FILLER_0_17_349, 160.52, 57.12, 1.79929
_0738_, 160.52, 51.68, 1.79927
_1151_, 160.52, 51.68, 1.79927
FILLER_0_13_329, 160.52, 46.24, 1.79928
FILLER_0_13_349, 160.52, 46.24, 1.79928
FILLER_0_11_329, 160.52, 40.8, 1.79928
FILLER_0_9_328, 160.52, 35.36, 1.79928
FILLER_0_10_345, 160.52, 35.36, 1.79928
_1318_, 160.52, 29.92, 1.79928
ANTENNA_60, 160.52, 29.92, 1.79928
FILLER_0_7_329, 160.52, 29.92, 1.79928
ANTENNA_64, 160.52, 24.48, 1.79928
FILLER_0_5_328, 160.52, 24.48, 1.79928
FILLER_0_3_329, 160.52, 19.04, 1.79928
FILLER_0_0_333, 160.52, 13.6, 1.79928
FILLER_0_1_329, 160.52, 13.6, 1.79928
FILLER_0_101_277, 135.52, 285.6, 1.79922
_1086_, 135.52, 280.16, 1.79921
FILLER_0_100_289, 135.52, 280.16, 1.79921
FILLER_0_97_273, 135.52, 274.72, 1.79922
_1257_, 135.52, 269.28, 1.79922
FILLER_0_95_277, 135.52, 269.28, 1.79922
FILLER_0_95_281, 135.52, 269.28, 1.79922
FILLER_0_93_272, 135.52, 263.84, 1.79922
_0781_, 135.52, 252.96, 1.79922
_0936_, 135.52, 252.96, 1.79922
FILLER_0_88_271, 135.52, 252.96, 1.79922
FILLER_0_89_273, 135.52, 252.96, 1.79922
FILLER_0_89_296, 135.52, 252.96, 1.79922
_0957_, 135.52, 247.52, 1.79921
_1105_, 135.52, 247.52, 1.79921
FILLER_0_87_277, 135.52, 247.52, 1.79921
FILLER_0_87_281, 135.52, 247.52, 1.79921
FILLER_0_85_273, 135.52, 242.08, 1.79923
FILLER_0_85_293, 135.52, 242.08, 1.79923
FILLER_0_83_271, 135.52, 236.64, 1.79924
FILLER_0_81_273, 135.52, 231.2, 1.79925
_1221_, 135.52, 225.76, 1.79924
_1146_, 135.52, 220.32, 1.79927
FILLER_0_77_275, 135.52, 220.32, 1.79927
FILLER_0_75_272, 135.52, 214.88, 1.79926
FILLER_0_73_273, 135.52, 209.44, 1.79929
_0925_, 135.52, 204, 1.79928
_0977_, 135.52, 204, 1.79928
FILLER_0_71_272, 135.52, 204, 1.79928
FILLER_0_71_281, 135.52, 204, 1.79928
_0655_, 135.52, 198.56, 1.7993
max_cap58, 135.52, 198.56, 1.7993
FILLER_0_69_273, 135.52, 198.56, 1.7993
FILLER_0_69_281, 135.52, 198.56, 1.7993
FILLER_0_67_273, 135.52, 193.12, 1.79932
_1134_, 135.52, 187.68, 1.79933
FILLER_0_65_276, 135.52, 187.68, 1.79933
FILLER_0_63_273, 135.52, 182.24, 1.79935
_1188_, 135.52, 171.36, 1.79937
FILLER_0_59_273, 135.52, 171.36, 1.79937
FILLER_0_57_273, 135.52, 165.92, 1.79939
FILLER_0_55_273, 135.52, 160.48, 1.79939
FILLER_0_55_293, 135.52, 160.48, 1.79939
FILLER_0_51_277, 135.52, 149.6, 1.79943
_0909_, 135.52, 144.16, 1.79945
FILLER_0_49_273, 135.52, 144.16, 1.79945
FILLER_0_47_273, 135.52, 138.72, 1.79944
_1294_, 135.52, 133.28, 1.79943
FILLER_0_45_281, 135.52, 133.28, 1.79943
FILLER_0_43_273, 135.52, 127.84, 1.79943
_0696_, 135.52, 122.4, 1.79941
FILLER_0_41_273, 135.52, 122.4, 1.79941
_0773_, 135.52, 116.96, 1.79939
_0795_, 135.52, 116.96, 1.79939
FILLER_0_39_273, 135.52, 116.96, 1.79939
FILLER_0_39_281, 135.52, 116.96, 1.79939
FILLER_0_39_290, 135.52, 116.96, 1.79939
_0935_, 135.52, 111.52, 1.79938
_1136_, 135.52, 111.52, 1.79938
ANTENNA_17, 135.52, 111.52, 1.79938
FILLER_0_37_273, 135.52, 111.52, 1.79938
FILLER_0_37_281, 135.52, 111.52, 1.79938
FILLER_0_38_289, 135.52, 111.52, 1.79938
_0811_, 135.52, 106.08, 1.79937
_1226_, 135.52, 106.08, 1.79937
FILLER_0_34_277, 135.52, 106.08, 1.79937
_1112_, 135.52, 100.64, 1.79936
FILLER_0_33_277, 135.52, 100.64, 1.79936
FILLER_0_33_281, 135.52, 100.64, 1.79936
FILLER_0_34_288, 135.52, 100.64, 1.79936
FILLER_0_31_274, 135.52, 95.2, 1.79935
FILLER_0_31_293, 135.52, 95.2, 1.79935
FILLER_0_29_273, 135.52, 89.76, 1.79935
_0842_, 135.52, 84.32, 1.79934
FILLER_0_26_273, 135.52, 84.32, 1.79934
FILLER_0_27_273, 135.52, 84.32, 1.79934
FILLER_0_25_273, 135.52, 78.88, 1.79934
_0827_, 135.52, 73.44, 1.79932
_0914_, 135.52, 73.44, 1.79932
FILLER_0_22_273, 135.52, 73.44, 1.79932
_1283_, 135.52, 68, 1.79932
FILLER_0_21_274, 135.52, 68, 1.79932
max_cap48, 135.52, 62.56, 1.79931
FILLER_0_19_273, 135.52, 62.56, 1.79931
FILLER_0_17_276, 135.52, 57.12, 1.7993
FILLER_0_15_271, 135.52, 51.68, 1.7993
FILLER_0_13_277, 135.52, 46.24, 1.7993
_0849_, 135.52, 40.8, 1.79928
_0953_, 135.52, 40.8, 1.79928
FILLER_0_11_271, 135.52, 40.8, 1.79928
_1312_, 135.52, 35.36, 1.7993
ANTENNA_62, 135.52, 35.36, 1.7993
FILLER_0_9_273, 135.52, 35.36, 1.7993
FILLER_0_7_277, 135.52, 29.92, 1.7993
FILLER_0_5_271, 135.52, 24.48, 1.79929
FILLER_0_0_277, 135.52, 13.6, 1.79929
FILLER_0_1_273, 135.52, 13.6, 1.79929
_0667_, 110.52, 285.6, 1.79923
FILLER_0_101_221, 110.52, 285.6, 1.79923
FILLER_0_99_217, 110.52, 280.16, 1.79922
FILLER_0_97_218, 110.52, 274.72, 1.79923
FILLER_0_95_217, 110.52, 269.28, 1.79923
_0960_, 110.52, 263.84, 1.79923
_1170_, 110.52, 263.84, 1.79923
FILLER_0_93_221, 110.52, 263.84, 1.79923
FILLER_0_93_225, 110.52, 263.84, 1.79923
_0919_, 110.52, 258.4, 1.79924
FILLER_0_91_217, 110.52, 258.4, 1.79924
FILLER_0_91_225, 110.52, 258.4, 1.79924
_0718_, 110.52, 252.96, 1.79924
FILLER_0_89_217, 110.52, 252.96, 1.79924
_0669_, 110.52, 247.52, 1.79923
FILLER_0_87_217, 110.52, 247.52, 1.79923
FILLER_0_87_225, 110.52, 247.52, 1.79923
FILLER_0_85_217, 110.52, 242.08, 1.79925
FILLER_0_83_217, 110.52, 236.64, 1.79925
FILLER_0_83_237, 110.52, 236.64, 1.79925
max_cap51, 110.52, 231.2, 1.79927
FILLER_0_81_219, 110.52, 231.2, 1.79927
FILLER_0_82_234, 110.52, 231.2, 1.79927
FILLER_0_79_215, 110.52, 225.76, 1.79927
FILLER_0_79_237, 110.52, 225.76, 1.79927
FILLER_0_77_218, 110.52, 220.32, 1.79929
FILLER_0_75_217, 110.52, 214.88, 1.79929
FILLER_0_75_237, 110.52, 214.88, 1.79929
FILLER_0_73_217, 110.52, 209.44, 1.79931
_1043_, 110.52, 204, 1.79932
_1124_, 110.52, 204, 1.79932
FILLER_0_71_217, 110.52, 204, 1.79932
FILLER_0_71_225, 110.52, 204, 1.79932
FILLER_0_71_233, 110.52, 204, 1.79932
FILLER_0_69_217, 110.52, 198.56, 1.79933
FILLER_0_66_219, 110.52, 193.12, 1.79935
FILLER_0_66_227, 110.52, 193.12, 1.79935
FILLER_0_67_217, 110.52, 193.12, 1.79935
_1107_, 110.52, 187.68, 1.79935
FILLER_0_65_237, 110.52, 187.68, 1.79935
FILLER_0_63_217, 110.52, 182.24, 1.79939
_1307_, 110.52, 176.8, 1.79939
FILLER_0_61_217, 110.52, 176.8, 1.79939
FILLER_0_61_241, 110.52, 176.8, 1.79939
_0844_, 110.52, 171.36, 1.79942
FILLER_0_60_233, 110.52, 171.36, 1.79942
_0691_, 110.52, 165.92, 1.79944
FILLER_0_57_217, 110.52, 165.92, 1.79944
FILLER_0_55_217, 110.52, 160.48, 1.79946
FILLER_0_47_217, 110.52, 138.72, 1.79954
wire43, 110.52, 133.28, 1.79951
FILLER_0_45_217, 110.52, 133.28, 1.79951
FILLER_0_45_237, 110.52, 133.28, 1.79951
FILLER_0_46_233, 110.52, 133.28, 1.79951
_1121_, 110.52, 127.84, 1.7995
FILLER_0_42_218, 110.52, 127.84, 1.7995
FILLER_0_43_217, 110.52, 127.84, 1.7995
FILLER_0_41_219, 110.52, 122.4, 1.79947
_0841_, 110.52, 116.96, 1.79945
FILLER_0_37_217, 110.52, 111.52, 1.79943
FILLER_0_38_233, 110.52, 111.52, 1.79943
FILLER_0_38_241, 110.52, 111.52, 1.79943
FILLER_0_35_217, 110.52, 106.08, 1.79942
_0743_, 110.52, 100.64, 1.7994
_0758_, 110.52, 100.64, 1.7994
_0881_, 110.52, 100.64, 1.7994
ANTENNA_82, 110.52, 100.64, 1.7994
FILLER_0_32_215, 110.52, 100.64, 1.7994
FILLER_0_33_217, 110.52, 100.64, 1.7994
_0710_, 110.52, 95.2, 1.79938
_1090_, 110.52, 95.2, 1.79938
FILLER_0_31_218, 110.52, 95.2, 1.79938
FILLER_0_31_225, 110.52, 95.2, 1.79938
FILLER_0_29_216, 110.52, 89.76, 1.79938
FILLER_0_23_217, 110.52, 73.44, 1.79935
_0888_, 110.52, 68, 1.79934
ANTENNA_9, 110.52, 68, 1.79934
_1215_, 110.52, 62.56, 1.79932
FILLER_0_19_217, 110.52, 62.56, 1.79932
FILLER_0_19_238, 110.52, 62.56, 1.79932
_0740_, 110.52, 57.12, 1.79931
_0843_, 110.52, 57.12, 1.79931
_1258_, 110.52, 57.12, 1.79931
_1220_, 110.52, 51.68, 1.7993
FILLER_0_13_217, 110.52, 46.24, 1.79932
_0803_, 110.52, 40.8, 1.7993
_1021_, 110.52, 40.8, 1.7993
FILLER_0_10_221, 110.52, 40.8, 1.7993
FILLER_0_11_218, 110.52, 40.8, 1.7993
FILLER_0_11_225, 110.52, 40.8, 1.7993
FILLER_0_12_233, 110.52, 40.8, 1.7993
_1160_, 110.52, 35.36, 1.79931
FILLER_0_9_217, 110.52, 35.36, 1.79931
_1181_, 110.52, 29.92, 1.7993
FILLER_0_7_217, 110.52, 29.92, 1.7993
_0734_, 110.52, 24.48, 1.7993
FILLER_0_5_217, 110.52, 24.48, 1.7993
FILLER_0_5_225, 110.52, 24.48, 1.7993
FILLER_0_5_233, 110.52, 24.48, 1.7993
FILLER_0_6_241, 110.52, 24.48, 1.7993
_1196_, 110.52, 19.04, 1.7993
FILLER_0_3_217, 110.52, 19.04, 1.7993
FILLER_0_3_225, 110.52, 19.04, 1.7993
FILLER_0_0_221, 110.52, 13.6, 1.79931
FILLER_0_1_219, 110.52, 13.6, 1.79931
FILLER_0_101_165, 85.52, 285.6, 1.79924
_0817_, 85.52, 280.16, 1.79924
FILLER_0_100_180, 85.52, 280.16, 1.79924
_0981_, 85.52, 274.72, 1.79924
FILLER_0_97_161, 85.52, 274.72, 1.79924
FILLER_0_97_169, 85.52, 274.72, 1.79924
FILLER_0_95_161, 85.52, 269.28, 1.79924
FILLER_0_93_161, 85.52, 263.84, 1.79925
FILLER_0_91_161, 85.52, 258.4, 1.79925
FILLER_0_89_161, 85.52, 252.96, 1.79925
FILLER_0_87_161, 85.52, 247.52, 1.79925
FILLER_0_88_186, 85.52, 247.52, 1.79925
_0885_, 85.52, 236.64, 1.79927
FILLER_0_83_161, 85.52, 236.64, 1.79927
FILLER_0_84_177, 85.52, 236.64, 1.79927
FILLER_0_81_161, 85.52, 231.2, 1.79928
_1222_, 85.52, 225.76, 1.79926
FILLER_0_79_164, 85.52, 225.76, 1.79926
FILLER_0_77_161, 85.52, 220.32, 1.7993
_1235_, 85.52, 214.88, 1.79931
FILLER_0_75_165, 85.52, 214.88, 1.79931
FILLER_0_73_163, 85.52, 209.44, 1.79933
FILLER_0_71_161, 85.52, 204, 1.79934
_0808_, 85.52, 198.56, 1.79934
ANTENNA_85, 85.52, 198.56, 1.79934
FILLER_0_68_163, 85.52, 198.56, 1.79934
_0733_, 85.52, 193.12, 1.79936
ANTENNA_68, 85.52, 193.12, 1.79936
FILLER_0_66_165, 85.52, 193.12, 1.79936
FILLER_0_67_169, 85.52, 193.12, 1.79936
FILLER_0_67_177, 85.52, 193.12, 1.79936
_0673_, 85.52, 187.68, 1.79937
_1279_, 85.52, 187.68, 1.79937
FILLER_0_65_165, 85.52, 187.68, 1.79937
FILLER_0_65_181, 85.52, 187.68, 1.79937
FILLER_0_63_161, 85.52, 182.24, 1.79942
FILLER_0_61_161, 85.52, 176.8, 1.79944
_1219_, 85.52, 171.36, 1.79945
FILLER_0_59_161, 85.52, 171.36, 1.79945
FILLER_0_57_161, 85.52, 165.92, 1.79948
FILLER_0_55_161, 85.52, 160.48, 1.79952
FILLER_0_53_161, 85.52, 155.04, 1.79955
FILLER_0_53_181, 85.52, 155.04, 1.79955
_0748_, 85.52, 144.16, 1.79963
FILLER_0_49_161, 85.52, 144.16, 1.79963
FILLER_0_49_181, 85.52, 144.16, 1.79963
max_cap54, 85.52, 138.72, 1.79964
FILLER_0_47_161, 85.52, 138.72, 1.79964
FILLER_0_48_180, 85.52, 138.72, 1.79964
_0920_, 85.52, 133.28, 1.7996
FILLER_0_43_161, 85.52, 127.84, 1.79957
FILLER_0_39_161, 85.52, 116.96, 1.7995
FILLER_0_37_161, 85.52, 111.52, 1.79948
_1013_, 85.52, 106.08, 1.79946
FILLER_0_35_161, 85.52, 106.08, 1.79946
FILLER_0_33_161, 85.52, 100.64, 1.79944
_0678_, 85.52, 95.2, 1.79941
_0700_, 85.52, 95.2, 1.79941
FILLER_0_31_165, 85.52, 95.2, 1.79941
FILLER_0_31_169, 85.52, 95.2, 1.79941
_1232_, 85.52, 89.76, 1.79939
FILLER_0_29_164, 85.52, 89.76, 1.79939
FILLER_0_29_169, 85.52, 89.76, 1.79939
_0901_, 85.52, 84.32, 1.79939
_1285_, 85.52, 78.88, 1.79938
FILLER_0_25_161, 85.52, 78.88, 1.79938
_0878_, 85.52, 73.44, 1.79937
ANTENNA_70, 85.52, 73.44, 1.79937
FILLER_0_23_161, 85.52, 73.44, 1.79937
_0742_, 85.52, 68, 1.79935
_0954_, 85.52, 68, 1.79935
ANTENNA_80, 85.52, 68, 1.79935
FILLER_0_21_161, 85.52, 68, 1.79935
FILLER_0_21_169, 85.52, 68, 1.79935
FILLER_0_21_182, 85.52, 68, 1.79935
FILLER_0_22_177, 85.52, 68, 1.79935
FILLER_0_22_185, 85.52, 68, 1.79935
_1141_, 85.52, 57.12, 1.79932
FILLER_0_17_165, 85.52, 57.12, 1.79932
_0772_, 85.52, 51.68, 1.79932
FILLER_0_15_161, 85.52, 51.68, 1.79932
FILLER_0_15_169, 85.52, 51.68, 1.79932
FILLER_0_15_177, 85.52, 51.68, 1.79932
FILLER_0_13_161, 85.52, 46.24, 1.79933
_1017_, 85.52, 40.8, 1.79933
FILLER_0_11_161, 85.52, 40.8, 1.79933
FILLER_0_11_169, 85.52, 40.8, 1.79933
FILLER_0_12_177, 85.52, 40.8, 1.79933
FILLER_0_12_185, 85.52, 40.8, 1.79933
FILLER_0_9_161, 85.52, 35.36, 1.79933
FILLER_0_5_161, 85.52, 24.48, 1.79932
_1243_, 85.52, 13.6, 1.79932
ANTENNA_45, 85.52, 13.6, 1.79932
FILLER_0_0_165, 85.52, 13.6, 1.79932
FILLER_0_1_163, 85.52, 13.6, 1.79932
FILLER_0_1_169, 85.52, 13.6, 1.79932
_0684_, 60.52, 280.16, 1.79925
FILLER_0_100_133, 60.52, 280.16, 1.79925
FILLER_0_97_106, 60.52, 274.72, 1.79925
FILLER_0_96_131, 60.52, 269.28, 1.79925
FILLER_0_94_133, 60.52, 263.84, 1.79926
FILLER_0_91_107, 60.52, 258.4, 1.79926
FILLER_0_92_133, 60.52, 258.4, 1.79926
FILLER_0_89_109, 60.52, 252.96, 1.79925
FILLER_0_90_133, 60.52, 252.96, 1.79925
FILLER_0_88_133, 60.52, 247.52, 1.79927
_0802_, 60.52, 242.08, 1.79927
FILLER_0_85_107, 60.52, 242.08, 1.79927
FILLER_0_85_113, 60.52, 242.08, 1.79927
FILLER_0_86_133, 60.52, 242.08, 1.79927
FILLER_0_84_133, 60.52, 236.64, 1.79929
FILLER_0_82_133, 60.52, 231.2, 1.79929
FILLER_0_78_133, 60.52, 220.32, 1.79931
FILLER_0_76_132, 60.52, 214.88, 1.79932
_1051_, 60.52, 209.44, 1.79933
ANTENNA_94, 60.52, 209.44, 1.79933
FILLER_0_73_125, 60.52, 209.44, 1.79933
_1126_, 60.52, 204, 1.79934
FILLER_0_70_109, 60.52, 204, 1.79934
FILLER_0_72_133, 60.52, 204, 1.79934
_0729_, 60.52, 198.56, 1.79935
_0745_, 60.52, 198.56, 1.79935
_0943_, 60.52, 193.12, 1.79936
_1072_, 60.52, 193.12, 1.79936
FILLER_0_67_113, 60.52, 193.12, 1.79936
FILLER_0_68_121, 60.52, 193.12, 1.79936
FILLER_0_66_133, 60.52, 187.68, 1.79938
FILLER_0_64_133, 60.52, 182.24, 1.79942
FILLER_0_62_133, 60.52, 176.8, 1.79943
FILLER_0_59_108, 60.52, 171.36, 1.79944
FILLER_0_60_133, 60.52, 171.36, 1.79944
FILLER_0_58_133, 60.52, 165.92, 1.79947
FILLER_0_54_118, 60.52, 160.48, 1.7995
FILLER_0_56_133, 60.52, 160.48, 1.7995
_1100_, 60.52, 155.04, 1.79952
_1193_, 60.52, 149.6, 1.79955
FILLER_0_52_133, 60.52, 149.6, 1.79955
FILLER_0_50_133, 60.52, 144.16, 1.79958
_1139_, 60.52, 138.72, 1.79957
FILLER_0_47_125, 60.52, 138.72, 1.79957
FILLER_0_48_133, 60.52, 138.72, 1.79957
_1088_, 60.52, 133.28, 1.79955
_1138_, 60.52, 133.28, 1.79955
FILLER_0_45_113, 60.52, 133.28, 1.79955
FILLER_0_46_133, 60.52, 133.28, 1.79955
FILLER_0_44_133, 60.52, 127.84, 1.79954
_1023_, 60.52, 122.4, 1.79951
FILLER_0_42_133, 60.52, 122.4, 1.79951
_1270_, 60.52, 116.96, 1.79949
FILLER_0_40_131, 60.52, 116.96, 1.79949
_1308_, 60.52, 111.52, 1.79947
FILLER_0_35_108, 60.52, 106.08, 1.79946
FILLER_0_36_133, 60.52, 106.08, 1.79946
_1176_, 60.52, 100.64, 1.79944
FILLER_0_32_109, 60.52, 100.64, 1.79944
FILLER_0_33_108, 60.52, 100.64, 1.79944
FILLER_0_34_133, 60.52, 100.64, 1.79944
FILLER_0_32_130, 60.52, 95.2, 1.79942
_0782_, 60.52, 89.76, 1.7994
FILLER_0_28_119, 60.52, 89.76, 1.7994
FILLER_0_29_113, 60.52, 89.76, 1.7994
FILLER_0_30_133, 60.52, 89.76, 1.7994
_0926_, 60.52, 84.32, 1.7994
FILLER_0_28_132, 60.52, 84.32, 1.7994
FILLER_0_26_133, 60.52, 78.88, 1.79939
FILLER_0_24_133, 60.52, 73.44, 1.79938
_0871_, 60.52, 68, 1.79936
FILLER_0_22_133, 60.52, 68, 1.79936
_0737_, 60.52, 62.56, 1.79934
FILLER_0_19_113, 60.52, 62.56, 1.79934
ANTENNA_49, 60.52, 57.12, 1.79934
FILLER_0_18_133, 60.52, 57.12, 1.79934
FILLER_0_16_133, 60.52, 51.68, 1.79934
FILLER_0_10_133, 60.52, 35.36, 1.79933
_0749_, 60.52, 29.92, 1.79933
_1137_, 60.52, 29.92, 1.79933
FILLER_0_7_109, 60.52, 29.92, 1.79933
FILLER_0_6_133, 60.52, 24.48, 1.79933
FILLER_0_4_133, 60.52, 19.04, 1.79933
_1195_, 60.52, 13.6, 1.79932
ANTENNA_41, 60.52, 13.6, 1.79932
FILLER_0_0_109, 60.52, 13.6, 1.79932
FILLER_0_0_113, 60.52, 13.6, 1.79932
FILLER_0_2_133, 60.52, 13.6, 1.79932
FILLER_0_101_53, 35.52, 285.6, 1.79925
_1309_, 35.52, 280.16, 1.79924
FILLER_0_100_77, 35.52, 280.16, 1.79924
FILLER_0_98_74, 35.52, 274.72, 1.79925
ANTENNA_13, 35.52, 269.28, 1.79926
FILLER_0_94_65, 35.52, 269.28, 1.79926
FILLER_0_95_69, 35.52, 269.28, 1.79926
FILLER_0_96_77, 35.52, 269.28, 1.79926
_1073_, 35.52, 263.84, 1.79925
_1152_, 35.52, 258.4, 1.79924
_1303_, 35.52, 258.4, 1.79924
FILLER_0_91_66, 35.52, 258.4, 1.79924
FILLER_0_92_77, 35.52, 258.4, 1.79924
_0814_, 35.52, 252.96, 1.79923
FILLER_0_89_69, 35.52, 252.96, 1.79923
FILLER_0_90_75, 35.52, 252.96, 1.79923
FILLER_0_87_52, 35.52, 247.52, 1.79926
_0931_, 35.52, 242.08, 1.79927
_1044_, 35.52, 242.08, 1.79927
ANTENNA_16, 35.52, 242.08, 1.79927
FILLER_0_84_53, 35.52, 242.08, 1.79927
FILLER_0_85_57, 35.52, 242.08, 1.79927
FILLER_0_85_73, 35.52, 242.08, 1.79927
FILLER_0_86_74, 35.52, 242.08, 1.79927
FILLER_0_82_77, 35.52, 231.2, 1.7993
_1012_, 35.52, 225.76, 1.7993
FILLER_0_78_53, 35.52, 225.76, 1.7993
FILLER_0_80_77, 35.52, 225.76, 1.7993
FILLER_0_77_52, 35.52, 220.32, 1.79931
FILLER_0_78_75, 35.52, 220.32, 1.79931
FILLER_0_75_52, 35.52, 214.88, 1.79932
FILLER_0_76_77, 35.52, 214.88, 1.79932
FILLER_0_74_77, 35.52, 209.44, 1.79934
FILLER_0_72_77, 35.52, 204, 1.79935
FILLER_0_70_77, 35.52, 198.56, 1.79936
_1271_, 35.52, 193.12, 1.79936
FILLER_0_67_57, 35.52, 193.12, 1.79936
FILLER_0_68_77, 35.52, 193.12, 1.79936
FILLER_0_66_78, 35.52, 187.68, 1.79938
FILLER_0_64_77, 35.52, 182.24, 1.79941
FILLER_0_62_77, 35.52, 176.8, 1.79942
_1184_, 35.52, 171.36, 1.79941
FILLER_0_58_53, 35.52, 171.36, 1.79941
FILLER_0_60_76, 35.52, 171.36, 1.79941
_1162_, 35.52, 165.92, 1.79945
_1242_, 35.52, 165.92, 1.79945
FILLER_0_56_53, 35.52, 165.92, 1.79945
FILLER_0_57_53, 35.52, 165.92, 1.79945
FILLER_0_57_69, 35.52, 165.92, 1.79945
FILLER_0_56_76, 35.52, 160.48, 1.79946
_1099_, 35.52, 155.04, 1.79948
_1286_, 35.52, 155.04, 1.79948
FILLER_0_52_53, 35.52, 155.04, 1.79948
FILLER_0_52_61, 35.52, 155.04, 1.79948
FILLER_0_53_57, 35.52, 155.04, 1.79948
FILLER_0_54_78, 35.52, 155.04, 1.79948
_0750_, 35.52, 144.16, 1.79952
_0894_, 35.52, 144.16, 1.79952
FILLER_0_48_53, 35.52, 144.16, 1.79952
FILLER_0_48_61, 35.52, 144.16, 1.79952
_1157_, 35.52, 138.72, 1.79951
FILLER_0_47_69, 35.52, 138.72, 1.79951
_1297_, 35.52, 133.28, 1.79949
ANTENNA_54, 35.52, 133.28, 1.79949
FILLER_0_46_77, 35.52, 133.28, 1.79949
FILLER_0_44_77, 35.52, 127.84, 1.7995
_1277_, 35.52, 122.4, 1.79946
ANTENNA_52, 35.52, 122.4, 1.79946
FILLER_0_38_77, 35.52, 111.52, 1.79946
FILLER_0_35_53, 35.52, 106.08, 1.79944
FILLER_0_36_77, 35.52, 106.08, 1.79944
_0744_, 35.52, 100.64, 1.79943
FILLER_0_33_69, 35.52, 100.64, 1.79943
FILLER_0_34_77, 35.52, 100.64, 1.79943
_1268_, 35.52, 95.2, 1.79942
ANTENNA_53, 35.52, 95.2, 1.79942
FILLER_0_32_77, 35.52, 95.2, 1.79942
FILLER_0_30_77, 35.52, 89.76, 1.7994
FILLER_0_28_77, 35.52, 84.32, 1.7994
FILLER_0_26_77, 35.52, 78.88, 1.79938
FILLER_0_24_77, 35.52, 73.44, 1.79938
FILLER_0_20_65, 35.52, 68, 1.79937
FILLER_0_22_77, 35.52, 68, 1.79937
_0905_, 35.52, 62.56, 1.79936
ANTENNA_81, 35.52, 62.56, 1.79936
FILLER_0_18_65, 35.52, 62.56, 1.79936
_1292_, 35.52, 57.12, 1.79935
FILLER_0_14_65, 35.52, 51.68, 1.79935
FILLER_0_16_77, 35.52, 51.68, 1.79935
_1128_, 35.52, 46.24, 1.79934
FILLER_0_14_77, 35.52, 46.24, 1.79934
FILLER_0_12_77, 35.52, 40.8, 1.79934
_1153_, 35.52, 35.36, 1.79933
ANTENNA_95, 35.52, 35.36, 1.79933
FILLER_0_10_77, 35.52, 35.36, 1.79933
FILLER_0_8_77, 35.52, 29.92, 1.79934
FILLER_0_6_77, 35.52, 24.48, 1.79934
_1022_, 35.52, 19.04, 1.79933
FILLER_0_2_53, 35.52, 19.04, 1.79933
FILLER_0_0_53, 35.52, 13.6, 1.79933
FILLER_0_2_73, 35.52, 13.6, 1.79933
FILLER_0_101_21, 10.52, 285.6, 1.79925
_0657_, 10.52, 280.16, 1.79925
FILLER_0_98_21, 10.52, 274.72, 1.79925
_0799_, 10.52, 263.84, 1.79925
_1004_, 10.52, 263.84, 1.79925
FILLER_0_94_23, 10.52, 263.84, 1.79925
ANTENNA_71, 10.52, 252.96, 1.79924
FILLER_0_90_21, 10.52, 252.96, 1.79924
FILLER_0_84_21, 10.52, 236.64, 1.79929
_0832_, 10.52, 214.88, 1.79932
_1110_, 10.52, 198.56, 1.79936
ANTENNA_40, 10.52, 198.56, 1.79936
_0851_, 10.52, 187.68, 1.79937
ANTENNA_4, 10.52, 187.68, 1.79937
_0681_, 10.52, 182.24, 1.7994
FILLER_0_62_9, 10.52, 182.24, 1.7994
FILLER_0_64_21, 10.52, 182.24, 1.7994
_0812_, 10.52, 176.8, 1.79941
FILLER_0_62_17, 10.52, 176.8, 1.79941
ANTENNA_76, 10.52, 171.36, 1.7994
FILLER_0_60_23, 10.52, 171.36, 1.7994
_0879_, 10.52, 165.92, 1.79944
_0839_, 10.52, 160.48, 1.79944
_1028_, 10.52, 160.48, 1.79944
_1009_, 10.52, 155.04, 1.79946
ANTENNA_22, 10.52, 155.04, 1.79946
_1288_, 10.52, 149.6, 1.79948
FILLER_0_51_7, 10.52, 149.6, 1.79948
_0938_, 10.52, 144.16, 1.79949
wire55, 10.52, 144.16, 1.79949
FILLER_0_49_15, 10.52, 144.16, 1.79949
FILLER_0_49_23, 10.52, 144.16, 1.79949
ANTENNA_18, 10.52, 138.72, 1.7995
_0797_, 10.52, 122.4, 1.79945
_1248_, 10.52, 122.4, 1.79945
ANTENNA_50, 10.52, 122.4, 1.79945
FILLER_0_38_21, 10.52, 111.52, 1.79944
_0694_, 10.52, 106.08, 1.79943
_0767_, 10.52, 95.2, 1.79941
FILLER_0_32_19, 10.52, 95.2, 1.79941
_0838_, 10.52, 78.88, 1.79937
_0922_, 10.52, 78.88, 1.79937
FILLER_0_26_24, 10.52, 78.88, 1.79937
FILLER_0_18_21, 10.52, 57.12, 1.79936
_0704_, 10.52, 51.68, 1.79934
_1311_, 10.52, 51.68, 1.79934
ANTENNA_56, 10.52, 51.68, 1.79934
_0996_, 10.52, 40.8, 1.79934
ANTENNA_6, 10.52, 40.8, 1.79934
FILLER_0_2_24, 10.52, 13.6, 1.79933
PHY_200, 5.52, 285.6, 1.79925
PHY_202, 5.52, 285.6, 1.79925
input17, 5.52, 285.6, 1.79925
PHY_201, 294.4, 285.6, 1.79915
PHY_203, 294.4, 285.6, 1.79915
output20, 294.4, 285.6, 1.79915
_0898_, 48.02, 285.6, 1.79925
FILLER_0_101_81, 48.02, 285.6, 1.79925
FILLER_0_101_85, 48.02, 285.6, 1.79925
FILLER_0_101_103, 48.02, 285.6, 1.79925
_0805_, 73.02, 285.6, 1.79924
FILLER_0_101_137, 73.02, 285.6, 1.79924
FILLER_0_100_192, 98.02, 285.6, 1.79924
FILLER_0_101_193, 98.02, 285.6, 1.79924
FILLER_0_100_245, 123.02, 285.6, 1.79922
FILLER_0_101_305, 148.02, 285.6, 1.79921
FILLER_0_100_357, 173.02, 285.6, 1.7992
FILLER_0_101_361, 173.02, 285.6, 1.7992
FILLER_0_101_415, 198.02, 285.6, 1.79919
FILLER_0_100_469, 223.02, 285.6, 1.79918
FILLER_0_101_473, 223.02, 285.6, 1.79918
_1047_, 248.02, 285.6, 1.79917
FILLER_0_100_525, 248.02, 285.6, 1.79917
FILLER_0_100_581, 273.02, 285.6, 1.79916
FILLER_0_101_585, 273.02, 285.6, 1.79916
PHY_196, 5.52, 280.16, 1.79925
PHY_198, 5.52, 280.16, 1.79925
PHY_197, 294.4, 280.16, 1.79917
PHY_199, 294.4, 280.16, 1.79917
FILLER_0_99_51, 23.02, 280.16, 1.79925
FILLER_0_99_105, 48.02, 280.16, 1.79925
FILLER_0_98_137, 73.02, 280.16, 1.79924
FILLER_0_99_158, 73.02, 280.16, 1.79924
_1078_, 98.02, 280.16, 1.79922
FILLER_0_98_189, 98.02, 280.16, 1.79922
max_cap38, 123.02, 280.16, 1.79921
FILLER_0_98_242, 123.02, 280.16, 1.79921
_1035_, 148.02, 280.16, 1.79919
FILLER_0_98_301, 148.02, 280.16, 1.79919
FILLER_0_99_305, 148.02, 280.16, 1.79919
_1040_, 173.02, 280.16, 1.79919
_1265_, 173.02, 280.16, 1.79919
FILLER_0_98_357, 173.02, 280.16, 1.79919
FILLER_0_98_414, 198.02, 280.16, 1.79918
FILLER_0_98_469, 223.02, 280.16, 1.79918
FILLER_0_98_525, 248.02, 280.16, 1.79917
FILLER_0_98_581, 273.02, 280.16, 1.79917
PHY_192, 5.52, 274.72, 1.79925
PHY_194, 5.52, 274.72, 1.79925
FILLER_0_98_3, 5.52, 274.72, 1.79925
PHY_193, 294.4, 274.72, 1.79915
PHY_195, 294.4, 274.72, 1.79915
_0828_, 23.02, 274.72, 1.79924
_0908_, 48.02, 274.72, 1.79924
_1161_, 48.02, 274.72, 1.79924
_1262_, 48.02, 274.72, 1.79924
FILLER_0_97_81, 48.02, 274.72, 1.79924
FILLER_0_98_97, 48.02, 274.72, 1.79924
FILLER_0_96_189, 98.02, 274.72, 1.79924
FILLER_0_96_197, 98.02, 274.72, 1.79924
_0682_, 123.02, 274.72, 1.79922
FILLER_0_96_249, 123.02, 274.72, 1.79922
_1046_, 148.02, 274.72, 1.7992
_1313_, 148.02, 274.72, 1.7992
FILLER_0_96_298, 148.02, 274.72, 1.7992
FILLER_0_97_317, 148.02, 274.72, 1.7992
_0835_, 173.02, 274.72, 1.79917
FILLER_0_96_354, 173.02, 274.72, 1.79917
FILLER_0_98_377, 173.02, 274.72, 1.79917
_0659_, 198.02, 274.72, 1.79918
_0816_, 198.02, 274.72, 1.79918
FILLER_0_96_415, 198.02, 274.72, 1.79918
FILLER_0_97_405, 198.02, 274.72, 1.79918
_1278_, 223.02, 274.72, 1.79917
ANTENNA_55, 223.02, 274.72, 1.79917
FILLER_0_96_469, 223.02, 274.72, 1.79917
FILLER_0_97_473, 223.02, 274.72, 1.79917
FILLER_0_96_523, 248.02, 274.72, 1.79916
_1083_, 273.02, 274.72, 1.79913
FILLER_0_96_579, 273.02, 274.72, 1.79913
FILLER_0_97_573, 273.02, 274.72, 1.79913
PHY_188, 5.52, 269.28, 1.79925
PHY_190, 5.52, 269.28, 1.79925
input18, 5.52, 269.28, 1.79925
PHY_189, 294.4, 269.28, 1.79916
PHY_191, 294.4, 269.28, 1.79916
FILLER_0_95_50, 23.02, 269.28, 1.79926
_0911_, 48.02, 269.28, 1.79925
FILLER_0_94_79, 48.02, 269.28, 1.79925
_1290_, 98.02, 269.28, 1.79923
FILLER_0_94_189, 98.02, 269.28, 1.79923
FILLER_0_94_197, 98.02, 269.28, 1.79923
_0825_, 123.02, 269.28, 1.79922
FILLER_0_95_249, 123.02, 269.28, 1.79922
FILLER_0_95_257, 123.02, 269.28, 1.79922
FILLER_0_94_301, 148.02, 269.28, 1.79921
FILLER_0_94_357, 173.02, 269.28, 1.7992
FILLER_0_94_469, 223.02, 269.28, 1.79917
FILLER_0_94_525, 248.02, 269.28, 1.79916
FILLER_0_94_581, 273.02, 269.28, 1.79916
PHY_184, 5.52, 263.84, 1.79925
PHY_186, 5.52, 263.84, 1.79925
FILLER_0_93_3, 5.52, 263.84, 1.79925
PHY_185, 294.4, 263.84, 1.79915
PHY_187, 294.4, 263.84, 1.79915
output27, 294.4, 263.84, 1.79915
FILLER_0_93_50, 23.02, 263.84, 1.79925
FILLER_0_93_105, 48.02, 263.84, 1.79925
_0656_, 98.02, 263.84, 1.79923
_1034_, 98.02, 263.84, 1.79923
FILLER_0_92_189, 98.02, 263.84, 1.79923
FILLER_0_93_193, 98.02, 263.84, 1.79923
FILLER_0_93_213, 98.02, 263.84, 1.79923
FILLER_0_92_245, 123.02, 263.84, 1.79923
_1062_, 148.02, 263.84, 1.79921
ANTENNA_27, 148.02, 263.84, 1.79921
FILLER_0_92_299, 148.02, 263.84, 1.79921
FILLER_0_92_360, 173.02, 263.84, 1.79919
FILLER_0_92_417, 198.02, 263.84, 1.79918
_1101_, 223.02, 263.84, 1.79917
ANTENNA_66, 248.02, 263.84, 1.79917
FILLER_0_92_526, 248.02, 263.84, 1.79917
FILLER_0_93_536, 248.02, 263.84, 1.79917
_0746_, 273.02, 263.84, 1.79916
FILLER_0_93_585, 273.02, 263.84, 1.79916
PHY_180, 5.52, 258.4, 1.79926
PHY_182, 5.52, 258.4, 1.79926
PHY_181, 294.4, 258.4, 1.79916
PHY_183, 294.4, 258.4, 1.79916
_1005_, 23.02, 258.4, 1.79924
FILLER_0_91_27, 23.02, 258.4, 1.79924
FILLER_0_91_50, 23.02, 258.4, 1.79924
FILLER_0_90_189, 98.02, 258.4, 1.79925
_1052_, 123.02, 258.4, 1.79923
FILLER_0_90_245, 123.02, 258.4, 1.79923
FILLER_0_90_301, 148.02, 258.4, 1.79922
FILLER_0_92_321, 148.02, 258.4, 1.79922
_0883_, 173.02, 258.4, 1.7992
FILLER_0_90_360, 173.02, 258.4, 1.7992
FILLER_0_92_377, 173.02, 258.4, 1.7992
_0866_, 198.02, 258.4, 1.79918
FILLER_0_90_413, 198.02, 258.4, 1.79918
FILLER_0_92_421, 198.02, 258.4, 1.79918
_1234_, 223.02, 258.4, 1.79915
_0769_, 248.02, 258.4, 1.79913
_1008_, 248.02, 258.4, 1.79913
_1125_, 248.02, 258.4, 1.79913
ANTENNA_92, 248.02, 258.4, 1.79913
FILLER_0_90_523, 248.02, 258.4, 1.79913
FILLER_0_91_517, 248.02, 258.4, 1.79913
FILLER_0_91_526, 248.02, 258.4, 1.79913
FILLER_0_92_533, 248.02, 258.4, 1.79913
FILLER_0_92_582, 273.02, 258.4, 1.79916
_1253_, 5.52, 252.96, 1.79923
PHY_176, 5.52, 252.96, 1.79923
PHY_178, 5.52, 252.96, 1.79923
input19, 5.52, 252.96, 1.79923
PHY_177, 294.4, 252.96, 1.79917
PHY_179, 294.4, 252.96, 1.79917
_1194_, 23.02, 252.96, 1.79923
FILLER_0_89_50, 23.02, 252.96, 1.79923
_0999_, 48.02, 252.96, 1.79924
FILLER_0_88_80, 48.02, 252.96, 1.79924
_1298_, 73.02, 252.96, 1.79925
FILLER_0_88_141, 73.02, 252.96, 1.79925
_0658_, 123.02, 252.96, 1.79923
FILLER_0_88_243, 123.02, 252.96, 1.79923
_0801_, 148.02, 252.96, 1.79921
FILLER_0_88_301, 148.02, 252.96, 1.79921
FILLER_0_88_309, 148.02, 252.96, 1.79921
_0955_, 198.02, 252.96, 1.79919
ANTENNA_20, 198.02, 252.96, 1.79919
FILLER_0_88_413, 198.02, 252.96, 1.79919
_0806_, 223.02, 252.96, 1.79917
FILLER_0_88_469, 223.02, 252.96, 1.79917
FILLER_0_90_473, 223.02, 252.96, 1.79917
FILLER_0_90_477, 223.02, 252.96, 1.79917
FILLER_0_88_525, 248.02, 252.96, 1.79917
FILLER_0_90_583, 273.02, 252.96, 1.79917
PHY_172, 5.52, 247.52, 1.79926
PHY_174, 5.52, 247.52, 1.79926
PHY_173, 294.4, 247.52, 1.79915
PHY_175, 294.4, 247.52, 1.79915
output28, 294.4, 247.52, 1.79915
_0711_, 23.02, 247.52, 1.79924
_0815_, 23.02, 247.52, 1.79924
FILLER_0_87_27, 23.02, 247.52, 1.79924
FILLER_0_88_41, 23.02, 247.52, 1.79924
FILLER_0_87_105, 48.02, 247.52, 1.79926
_0912_, 73.02, 247.52, 1.79926
_0821_, 98.02, 247.52, 1.79923
FILLER_0_86_189, 98.02, 247.52, 1.79923
FILLER_0_88_209, 98.02, 247.52, 1.79923
_0902_, 123.02, 247.52, 1.79921
FILLER_0_86_243, 123.02, 247.52, 1.79921
_0765_, 148.02, 247.52, 1.79918
FILLER_0_86_301, 148.02, 247.52, 1.79918
FILLER_0_86_360, 173.02, 247.52, 1.79919
FILLER_0_86_410, 198.02, 247.52, 1.79919
_1267_, 223.02, 247.52, 1.79916
FILLER_0_87_485, 223.02, 247.52, 1.79916
_0939_, 248.02, 247.52, 1.79915
_1108_, 248.02, 247.52, 1.79915
ANTENNA_96, 248.02, 247.52, 1.79915
FILLER_0_86_525, 248.02, 247.52, 1.79915
FILLER_0_87_516, 248.02, 247.52, 1.79915
FILLER_0_87_537, 248.02, 247.52, 1.79915
_0791_, 273.02, 247.52, 1.79915
FILLER_0_87_573, 273.02, 247.52, 1.79915
FILLER_0_87_581, 273.02, 247.52, 1.79915
FILLER_0_88_585, 273.02, 247.52, 1.79915
PHY_168, 5.52, 242.08, 1.79928
PHY_170, 5.52, 242.08, 1.79928
PHY_169, 294.4, 242.08, 1.79917
PHY_171, 294.4, 242.08, 1.79917
_1057_, 23.02, 242.08, 1.79928
FILLER_0_85_51, 23.02, 242.08, 1.79928
FILLER_0_86_41, 23.02, 242.08, 1.79928
_1119_, 48.02, 242.08, 1.79927
_1129_, 48.02, 242.08, 1.79927
_1244_, 73.02, 242.08, 1.79926
ANTENNA_46, 73.02, 242.08, 1.79926
FILLER_0_85_159, 73.02, 242.08, 1.79926
FILLER_0_84_197, 98.02, 242.08, 1.79926
FILLER_0_84_242, 123.02, 242.08, 1.79924
FILLER_0_84_253, 123.02, 242.08, 1.79924
_1182_, 148.02, 242.08, 1.79921
_1216_, 148.02, 242.08, 1.79921
FILLER_0_84_303, 148.02, 242.08, 1.79921
FILLER_0_85_309, 148.02, 242.08, 1.79921
FILLER_0_86_321, 148.02, 242.08, 1.79921
_0952_, 173.02, 242.08, 1.79919
FILLER_0_84_357, 173.02, 242.08, 1.79919
_0679_, 198.02, 242.08, 1.79918
_1142_, 198.02, 242.08, 1.79918
FILLER_0_84_413, 198.02, 242.08, 1.79918
FILLER_0_84_469, 223.02, 242.08, 1.79916
_1275_, 248.02, 242.08, 1.79911
_1310_, 248.02, 242.08, 1.79911
FILLER_0_84_527, 248.02, 242.08, 1.79911
FILLER_0_86_533, 248.02, 242.08, 1.79911
FILLER_0_84_581, 273.02, 242.08, 1.79916
PHY_164, 5.52, 236.64, 1.79929
PHY_166, 5.52, 236.64, 1.79929
input9, 5.52, 236.64, 1.79929
PHY_165, 294.4, 236.64, 1.79917
PHY_167, 294.4, 236.64, 1.79917
FILLER_0_83_51, 23.02, 236.64, 1.79929
FILLER_0_83_105, 48.02, 236.64, 1.79929
_0680_, 98.02, 236.64, 1.79926
_0956_, 98.02, 236.64, 1.79926
FILLER_0_82_189, 98.02, 236.64, 1.79926
_0676_, 123.02, 236.64, 1.79924
_0904_, 123.02, 236.64, 1.79924
FILLER_0_82_242, 123.02, 236.64, 1.79924
_0775_, 148.02, 236.64, 1.79922
FILLER_0_82_301, 148.02, 236.64, 1.79922
FILLER_0_82_309, 148.02, 236.64, 1.79922
FILLER_0_83_317, 148.02, 236.64, 1.79922
FILLER_0_82_355, 173.02, 236.64, 1.79921
FILLER_0_82_413, 198.02, 236.64, 1.7992
_0923_, 273.02, 236.64, 1.79916
FILLER_0_82_581, 273.02, 236.64, 1.79916
PHY_160, 5.52, 231.2, 1.7993
PHY_162, 5.52, 231.2, 1.7993
PHY_161, 294.4, 231.2, 1.79916
PHY_163, 294.4, 231.2, 1.79916
output29, 294.4, 231.2, 1.79916
FILLER_0_81_51, 23.02, 231.2, 1.7993
_0660_, 48.02, 231.2, 1.79929
FILLER_0_81_105, 48.02, 231.2, 1.79929
_1093_, 98.02, 231.2, 1.79927
FILLER_0_80_189, 98.02, 231.2, 1.79927
FILLER_0_81_193, 98.02, 231.2, 1.79927
FILLER_0_80_245, 123.02, 231.2, 1.79926
_0974_, 148.02, 231.2, 1.79924
FILLER_0_80_301, 148.02, 231.2, 1.79924
FILLER_0_81_317, 148.02, 231.2, 1.79924
FILLER_0_80_354, 173.02, 231.2, 1.79922
FILLER_0_80_417, 198.02, 231.2, 1.79921
FILLER_0_81_485, 223.02, 231.2, 1.79919
FILLER_0_82_473, 223.02, 231.2, 1.79919
_1015_, 273.02, 231.2, 1.79916
FILLER_0_80_571, 273.02, 231.2, 1.79916
PHY_156, 5.52, 225.76, 1.79929
PHY_158, 5.52, 225.76, 1.79929
input10, 5.52, 225.76, 1.79929
PHY_157, 294.4, 225.76, 1.79918
PHY_159, 294.4, 225.76, 1.79918
FILLER_0_79_47, 23.02, 225.76, 1.7993
_0945_, 48.02, 225.76, 1.79929
FILLER_0_79_93, 48.02, 225.76, 1.79929
FILLER_0_79_104, 48.02, 225.76, 1.79929
_1263_, 73.02, 225.76, 1.79927
ANTENNA_35, 73.02, 225.76, 1.79927
FILLER_0_78_141, 73.02, 225.76, 1.79927
_1317_, 123.02, 225.76, 1.79925
FILLER_0_78_245, 123.02, 225.76, 1.79925
_0764_, 148.02, 225.76, 1.79923
FILLER_0_78_305, 148.02, 225.76, 1.79923
_0701_, 173.02, 225.76, 1.79922
FILLER_0_78_357, 173.02, 225.76, 1.79922
_0961_, 198.02, 225.76, 1.79919
_1158_, 198.02, 225.76, 1.79919
_1177_, 198.02, 225.76, 1.79919
_1201_, 198.02, 225.76, 1.79919
FILLER_0_79_417, 198.02, 225.76, 1.79919
_0818_, 223.02, 225.76, 1.79916
wire37, 223.02, 225.76, 1.79916
FILLER_0_78_469, 223.02, 225.76, 1.79916
FILLER_0_79_461, 223.02, 225.76, 1.79916
FILLER_0_80_473, 223.02, 225.76, 1.79916
FILLER_0_80_477, 223.02, 225.76, 1.79916
_0869_, 248.02, 225.76, 1.79915
FILLER_0_78_525, 248.02, 225.76, 1.79915
FILLER_0_80_528, 248.02, 225.76, 1.79915
FILLER_0_80_533, 248.02, 225.76, 1.79915
FILLER_0_78_581, 273.02, 225.76, 1.79917
FILLER_0_80_589, 273.02, 225.76, 1.79917
PHY_152, 5.52, 220.32, 1.79931
PHY_154, 5.52, 220.32, 1.79931
PHY_153, 294.4, 220.32, 1.79918
PHY_155, 294.4, 220.32, 1.79918
_0770_, 23.02, 220.32, 1.7993
FILLER_0_77_105, 48.02, 220.32, 1.79931
_1076_, 73.02, 220.32, 1.79929
_1179_, 73.02, 220.32, 1.79929
ANTENNA_37, 73.02, 220.32, 1.79929
_1016_, 98.02, 220.32, 1.79929
FILLER_0_77_193, 98.02, 220.32, 1.79929
FILLER_0_76_245, 123.02, 220.32, 1.79928
FILLER_0_76_253, 123.02, 220.32, 1.79928
FILLER_0_77_261, 123.02, 220.32, 1.79928
FILLER_0_78_265, 123.02, 220.32, 1.79928
FILLER_0_76_356, 173.02, 220.32, 1.79923
max_cap49, 198.02, 220.32, 1.79919
_0720_, 223.02, 220.32, 1.79919
FILLER_0_76_469, 223.02, 220.32, 1.79919
_1000_, 248.02, 220.32, 1.79918
FILLER_0_76_525, 248.02, 220.32, 1.79918
_1053_, 273.02, 220.32, 1.79918
FILLER_0_76_579, 273.02, 220.32, 1.79918
PHY_148, 5.52, 214.88, 1.79932
PHY_150, 5.52, 214.88, 1.79932
PHY_149, 294.4, 214.88, 1.79918
PHY_151, 294.4, 214.88, 1.79918
output30, 294.4, 214.88, 1.79918
_0670_, 23.02, 214.88, 1.79931
FILLER_0_75_27, 23.02, 214.88, 1.79931
_0948_, 48.02, 214.88, 1.79931
_1289_, 48.02, 214.88, 1.79931
FILLER_0_74_85, 48.02, 214.88, 1.79931
FILLER_0_75_105, 48.02, 214.88, 1.79931
FILLER_0_76_97, 48.02, 214.88, 1.79931
_0988_, 73.02, 214.88, 1.79931
ANTENNA_21, 73.02, 214.88, 1.79931
FILLER_0_74_136, 73.02, 214.88, 1.79931
FILLER_0_75_137, 73.02, 214.88, 1.79931
FILLER_0_74_189, 98.02, 214.88, 1.7993
_0725_, 123.02, 214.88, 1.79925
_0753_, 123.02, 214.88, 1.79925
_1252_, 123.02, 214.88, 1.79925
FILLER_0_74_245, 123.02, 214.88, 1.79925
FILLER_0_74_301, 148.02, 214.88, 1.79926
_0715_, 173.02, 214.88, 1.79924
FILLER_0_74_355, 173.02, 214.88, 1.79924
_0933_, 198.02, 214.88, 1.79921
ANTENNA_12, 198.02, 214.88, 1.79921
ANTENNA_103, 198.02, 214.88, 1.79921
FILLER_0_74_413, 198.02, 214.88, 1.79921
FILLER_0_75_429, 198.02, 214.88, 1.79921
_0966_, 223.02, 214.88, 1.79919
FILLER_0_74_469, 223.02, 214.88, 1.79919
FILLER_0_75_472, 223.02, 214.88, 1.79919
_0807_, 248.02, 214.88, 1.79915
_1186_, 248.02, 214.88, 1.79915
FILLER_0_74_525, 248.02, 214.88, 1.79915
FILLER_0_75_517, 248.02, 214.88, 1.79915
FILLER_0_74_579, 273.02, 214.88, 1.79918
PHY_144, 5.52, 209.44, 1.79933
PHY_146, 5.52, 209.44, 1.79933
input11, 5.52, 209.44, 1.79933
FILLER_0_74_3, 5.52, 209.44, 1.79933
PHY_145, 294.4, 209.44, 1.79918
PHY_147, 294.4, 209.44, 1.79918
FILLER_0_73_48, 23.02, 209.44, 1.79934
_1168_, 48.02, 209.44, 1.79933
FILLER_0_73_81, 48.02, 209.44, 1.79933
FILLER_0_72_189, 98.02, 209.44, 1.79932
FILLER_0_72_245, 123.02, 209.44, 1.7993
FILLER_0_72_253, 123.02, 209.44, 1.7993
_1320_, 148.02, 209.44, 1.79927
FILLER_0_72_302, 148.02, 209.44, 1.79927
FILLER_0_72_309, 148.02, 209.44, 1.79927
FILLER_0_73_305, 148.02, 209.44, 1.79927
FILLER_0_72_359, 173.02, 209.44, 1.79925
_0757_, 198.02, 209.44, 1.79923
FILLER_0_72_413, 198.02, 209.44, 1.79923
FILLER_0_73_420, 198.02, 209.44, 1.79923
FILLER_0_72_467, 223.02, 209.44, 1.79921
FILLER_0_72_527, 248.02, 209.44, 1.79919
FILLER_0_72_581, 273.02, 209.44, 1.79918
PHY_140, 5.52, 204, 1.79935
PHY_142, 5.52, 204, 1.79935
PHY_141, 294.4, 204, 1.7992
PHY_143, 294.4, 204, 1.7992
_0884_, 23.02, 204, 1.79934
FILLER_0_71_50, 23.02, 204, 1.79934
_0726_, 48.02, 204, 1.79934
_1239_, 48.02, 204, 1.79934
FILLER_0_71_81, 48.02, 204, 1.79934
FILLER_0_71_103, 48.02, 204, 1.79934
FILLER_0_70_189, 98.02, 204, 1.79933
wire44, 123.02, 204, 1.7993
FILLER_0_70_245, 123.02, 204, 1.7993
_1029_, 148.02, 204, 1.79926
FILLER_0_70_301, 148.02, 204, 1.79926
FILLER_0_70_353, 173.02, 204, 1.79925
FILLER_0_70_361, 173.02, 204, 1.79925
FILLER_0_70_409, 198.02, 204, 1.79923
FILLER_0_70_417, 198.02, 204, 1.79923
FILLER_0_70_472, 223.02, 204, 1.79921
_0778_, 248.02, 204, 1.79919
FILLER_0_70_525, 248.02, 204, 1.79919
FILLER_0_71_517, 248.02, 204, 1.79919
FILLER_0_71_525, 248.02, 204, 1.79919
FILLER_0_70_581, 273.02, 204, 1.7992
PHY_136, 5.52, 198.56, 1.79936
PHY_138, 5.52, 198.56, 1.79936
FILLER_0_69_3, 5.52, 198.56, 1.79936
PHY_137, 294.4, 198.56, 1.79919
PHY_139, 294.4, 198.56, 1.79919
FILLER_0_68_622, 294.4, 198.56, 1.79919
FILLER_0_69_49, 23.02, 198.56, 1.79936
FILLER_0_69_105, 48.02, 198.56, 1.79936
FILLER_0_69_160, 73.02, 198.56, 1.79935
FILLER_0_68_245, 123.02, 198.56, 1.79932
FILLER_0_70_265, 123.02, 198.56, 1.79932
FILLER_0_70_321, 148.02, 198.56, 1.79929
_0787_, 173.02, 198.56, 1.79926
FILLER_0_68_360, 173.02, 198.56, 1.79926
FILLER_0_69_373, 173.02, 198.56, 1.79926
_0717_, 198.02, 198.56, 1.79922
_0847_, 198.02, 198.56, 1.79922
_0958_, 198.02, 198.56, 1.79922
FILLER_0_68_409, 198.02, 198.56, 1.79922
FILLER_0_68_417, 198.02, 198.56, 1.79922
FILLER_0_69_417, 198.02, 198.56, 1.79922
FILLER_0_68_469, 223.02, 198.56, 1.79922
_1240_, 248.02, 198.56, 1.79919
ANTENNA_48, 248.02, 198.56, 1.79919
FILLER_0_68_525, 248.02, 198.56, 1.79919
FILLER_0_69_529, 248.02, 198.56, 1.79919
FILLER_0_68_580, 273.02, 198.56, 1.79919
PHY_132, 5.52, 193.12, 1.79936
PHY_134, 5.52, 193.12, 1.79936
input12, 5.52, 193.12, 1.79936
PHY_133, 294.4, 193.12, 1.79918
PHY_135, 294.4, 193.12, 1.79918
output31, 294.4, 193.12, 1.79918
_1251_, 23.02, 193.12, 1.79935
FILLER_0_66_29, 23.02, 193.12, 1.79935
FILLER_0_67_51, 23.02, 193.12, 1.79935
FILLER_0_67_104, 48.02, 193.12, 1.79936
max_cap59, 73.02, 193.12, 1.79936
FILLER_0_68_153, 73.02, 193.12, 1.79936
FILLER_0_66_192, 98.02, 193.12, 1.79936
FILLER_0_66_245, 123.02, 193.12, 1.79934
FILLER_0_66_298, 148.02, 193.12, 1.79931
FILLER_0_68_321, 148.02, 193.12, 1.79931
FILLER_0_66_357, 173.02, 193.12, 1.79928
FILLER_0_66_417, 198.02, 193.12, 1.79925
FILLER_0_66_469, 223.02, 193.12, 1.79923
FILLER_0_66_525, 248.02, 193.12, 1.79921
PHY_128, 5.52, 187.68, 1.79937
PHY_130, 5.52, 187.68, 1.79937
PHY_129, 294.4, 187.68, 1.7992
PHY_131, 294.4, 187.68, 1.7992
_0761_, 23.02, 187.68, 1.79937
FILLER_0_65_41, 23.02, 187.68, 1.79937
FILLER_0_65_105, 48.02, 187.68, 1.79938
_0708_, 73.02, 187.68, 1.79937
_0845_, 73.02, 187.68, 1.79937
ANTENNA_69, 73.02, 187.68, 1.79937
FILLER_0_64_141, 73.02, 187.68, 1.79937
FILLER_0_65_149, 73.02, 187.68, 1.79937
_1172_, 98.02, 187.68, 1.79936
max_cap45, 98.02, 187.68, 1.79936
FILLER_0_65_192, 98.02, 187.68, 1.79936
FILLER_0_66_209, 98.02, 187.68, 1.79936
_1059_, 123.02, 187.68, 1.79934
_1261_, 123.02, 187.68, 1.79934
FILLER_0_64_245, 123.02, 187.68, 1.79934
FILLER_0_66_265, 123.02, 187.68, 1.79934
FILLER_0_64_301, 148.02, 187.68, 1.79931
_1031_, 173.02, 187.68, 1.79927
ANTENNA_25, 173.02, 187.68, 1.79927
FILLER_0_64_359, 173.02, 187.68, 1.79927
FILLER_0_64_412, 198.02, 187.68, 1.79925
FILLER_0_64_469, 223.02, 187.68, 1.79923
_0830_, 248.02, 187.68, 1.79921
FILLER_0_64_525, 248.02, 187.68, 1.79921
FILLER_0_65_529, 248.02, 187.68, 1.79921
_0968_, 273.02, 187.68, 1.7992
FILLER_0_64_581, 273.02, 187.68, 1.7992
FILLER_0_65_573, 273.02, 187.68, 1.7992
FILLER_0_66_589, 273.02, 187.68, 1.7992
PHY_124, 5.52, 182.24, 1.7994
PHY_126, 5.52, 182.24, 1.7994
FILLER_0_64_3, 5.52, 182.24, 1.7994
PHY_125, 294.4, 182.24, 1.79921
PHY_127, 294.4, 182.24, 1.79921
FILLER_0_62_25, 23.02, 182.24, 1.7994
FILLER_0_63_51, 23.02, 182.24, 1.7994
FILLER_0_63_105, 48.02, 182.24, 1.79941
FILLER_0_62_189, 98.02, 182.24, 1.7994
FILLER_0_62_245, 123.02, 182.24, 1.79937
FILLER_0_62_301, 148.02, 182.24, 1.79933
_1144_, 173.02, 182.24, 1.79928
FILLER_0_62_413, 198.02, 182.24, 1.79926
FILLER_0_62_469, 223.02, 182.24, 1.79924
FILLER_0_62_525, 248.02, 182.24, 1.79923
_1049_, 273.02, 182.24, 1.79921
ANTENNA_34, 273.02, 182.24, 1.79921
FILLER_0_62_569, 273.02, 182.24, 1.79921
PHY_120, 5.52, 176.8, 1.7994
PHY_122, 5.52, 176.8, 1.7994
input13, 5.52, 176.8, 1.7994
PHY_121, 294.4, 176.8, 1.79922
PHY_123, 294.4, 176.8, 1.79922
FILLER_0_61_51, 23.02, 176.8, 1.79941
FILLER_0_61_105, 48.02, 176.8, 1.79943
FILLER_0_60_189, 98.02, 176.8, 1.79941
_1147_, 123.02, 176.8, 1.79936
FILLER_0_60_244, 123.02, 176.8, 1.79936
FILLER_0_60_253, 123.02, 176.8, 1.79936
FILLER_0_60_357, 173.02, 176.8, 1.7993
FILLER_0_60_415, 198.02, 176.8, 1.79926
FILLER_0_60_469, 223.02, 176.8, 1.79924
FILLER_0_60_581, 273.02, 176.8, 1.79922
FILLER_0_62_585, 273.02, 176.8, 1.79922
_0918_, 5.52, 171.36, 1.7994
PHY_116, 5.52, 171.36, 1.7994
PHY_118, 5.52, 171.36, 1.7994
PHY_117, 294.4, 171.36, 1.7992
PHY_119, 294.4, 171.36, 1.7992
output32, 294.4, 171.36, 1.7992
FILLER_0_58_620, 294.4, 171.36, 1.7992
_0785_, 23.02, 171.36, 1.7994
FILLER_0_59_51, 23.02, 171.36, 1.7994
FILLER_0_60_41, 23.02, 171.36, 1.7994
_1224_, 48.02, 171.36, 1.7994
FILLER_0_58_81, 48.02, 171.36, 1.7994
FILLER_0_58_189, 98.02, 171.36, 1.79943
FILLER_0_59_214, 98.02, 171.36, 1.79943
_1190_, 123.02, 171.36, 1.79939
FILLER_0_58_245, 123.02, 171.36, 1.79939
FILLER_0_58_253, 123.02, 171.36, 1.79939
_0971_, 148.02, 171.36, 1.79934
FILLER_0_58_302, 148.02, 171.36, 1.79934
FILLER_0_59_305, 148.02, 171.36, 1.79934
FILLER_0_58_357, 173.02, 171.36, 1.79931
FILLER_0_58_413, 198.02, 171.36, 1.79927
_1189_, 223.02, 171.36, 1.79923
_1295_, 223.02, 171.36, 1.79923
FILLER_0_58_469, 223.02, 171.36, 1.79923
FILLER_0_59_461, 223.02, 171.36, 1.79923
FILLER_0_58_525, 248.02, 171.36, 1.79922
FILLER_0_58_581, 273.02, 171.36, 1.79921
FILLER_0_59_586, 273.02, 171.36, 1.79921
PHY_112, 5.52, 165.92, 1.79944
PHY_114, 5.52, 165.92, 1.79944
input14, 5.52, 165.92, 1.79944
PHY_113, 294.4, 165.92, 1.79922
PHY_115, 294.4, 165.92, 1.79922
FILLER_0_57_45, 23.02, 165.92, 1.79944
FILLER_0_57_105, 48.02, 165.92, 1.79946
FILLER_0_56_189, 98.02, 165.92, 1.79946
_1081_, 123.02, 165.92, 1.7994
FILLER_0_56_242, 123.02, 165.92, 1.7994
FILLER_0_56_301, 148.02, 165.92, 1.79936
FILLER_0_56_353, 173.02, 165.92, 1.79932
FILLER_0_56_361, 173.02, 165.92, 1.79932
FILLER_0_57_373, 173.02, 165.92, 1.79932
FILLER_0_56_413, 198.02, 165.92, 1.79929
FILLER_0_56_525, 248.02, 165.92, 1.79924
_0846_, 273.02, 165.92, 1.79922
_0951_, 273.02, 165.92, 1.79922
ANTENNA_2, 273.02, 165.92, 1.79922
ANTENNA_88, 273.02, 165.92, 1.79922
FILLER_0_56_581, 273.02, 165.92, 1.79922
FILLER_0_57_573, 273.02, 165.92, 1.79922
FILLER_0_57_591, 273.02, 165.92, 1.79922
FILLER_0_58_589, 273.02, 165.92, 1.79922
PHY_108, 5.52, 160.48, 1.79944
PHY_110, 5.52, 160.48, 1.79944
FILLER_0_55_3, 5.52, 160.48, 1.79944
FILLER_0_56_3, 5.52, 160.48, 1.79944
PHY_109, 294.4, 160.48, 1.79921
PHY_111, 294.4, 160.48, 1.79921
output33, 294.4, 160.48, 1.79921
_0840_, 23.02, 160.48, 1.79944
FILLER_0_55_49, 23.02, 160.48, 1.79944
_1306_, 48.02, 160.48, 1.79948
ANTENNA_57, 48.02, 160.48, 1.79948
FILLER_0_55_105, 48.02, 160.48, 1.79948
FILLER_0_54_141, 73.02, 160.48, 1.79951
FILLER_0_54_192, 98.02, 160.48, 1.79949
FILLER_0_54_245, 123.02, 160.48, 1.79943
_0771_, 148.02, 160.48, 1.79935
_1155_, 148.02, 160.48, 1.79935
max_cap41, 148.02, 160.48, 1.79935
FILLER_0_54_301, 148.02, 160.48, 1.79935
FILLER_0_54_357, 173.02, 160.48, 1.79932
_0714_, 198.02, 160.48, 1.79929
FILLER_0_54_413, 198.02, 160.48, 1.79929
FILLER_0_55_417, 198.02, 160.48, 1.79929
_1003_, 223.02, 160.48, 1.79925
FILLER_0_54_469, 223.02, 160.48, 1.79925
FILLER_0_55_473, 223.02, 160.48, 1.79925
max_cap52, 248.02, 160.48, 1.79924
FILLER_0_54_525, 248.02, 160.48, 1.79924
_1060_, 273.02, 160.48, 1.79922
FILLER_0_55_585, 273.02, 160.48, 1.79922
PHY_104, 5.52, 155.04, 1.79946
PHY_106, 5.52, 155.04, 1.79946
PHY_105, 294.4, 155.04, 1.79923
PHY_107, 294.4, 155.04, 1.79923
FILLER_0_53_51, 23.02, 155.04, 1.79947
_0662_, 73.02, 155.04, 1.79953
_1025_, 98.02, 155.04, 1.79951
_1305_, 98.02, 155.04, 1.79951
ANTENNA_99, 98.02, 155.04, 1.79951
FILLER_0_52_189, 98.02, 155.04, 1.79951
FILLER_0_53_189, 98.02, 155.04, 1.79951
FILLER_0_53_203, 98.02, 155.04, 1.79951
FILLER_0_53_211, 98.02, 155.04, 1.79951
_1148_, 123.02, 155.04, 1.79942
FILLER_0_52_245, 123.02, 155.04, 1.79942
FILLER_0_53_249, 123.02, 155.04, 1.79942
_1079_, 148.02, 155.04, 1.79937
FILLER_0_52_301, 148.02, 155.04, 1.79937
FILLER_0_52_355, 173.02, 155.04, 1.79933
_0796_, 198.02, 155.04, 1.79929
FILLER_0_52_417, 198.02, 155.04, 1.79929
_1068_, 223.02, 155.04, 1.79926
FILLER_0_52_469, 223.02, 155.04, 1.79926
FILLER_0_52_525, 248.02, 155.04, 1.79925
FILLER_0_52_581, 273.02, 155.04, 1.79924
FILLER_0_54_582, 273.02, 155.04, 1.79924
PHY_100, 5.52, 149.6, 1.79947
PHY_102, 5.52, 149.6, 1.79947
input15, 5.52, 149.6, 1.79947
PHY_101, 294.4, 149.6, 1.79924
PHY_103, 294.4, 149.6, 1.79924
_0686_, 23.02, 149.6, 1.79948
_0693_, 23.02, 149.6, 1.79948
FILLER_0_51_26, 23.02, 149.6, 1.79948
FILLER_0_51_46, 23.02, 149.6, 1.79948
FILLER_0_51_105, 48.02, 149.6, 1.79952
FILLER_0_51_160, 73.02, 149.6, 1.79957
_1209_, 98.02, 149.6, 1.79955
FILLER_0_50_189, 98.02, 149.6, 1.79955
FILLER_0_50_197, 98.02, 149.6, 1.79955
FILLER_0_51_214, 98.02, 149.6, 1.79955
_1212_, 123.02, 149.6, 1.79947
wire53, 123.02, 149.6, 1.79947
FILLER_0_50_249, 123.02, 149.6, 1.79947
FILLER_0_50_302, 148.02, 149.6, 1.7994
_0906_, 173.02, 149.6, 1.79934
_0979_, 173.02, 149.6, 1.79934
FILLER_0_50_359, 173.02, 149.6, 1.79934
FILLER_0_51_358, 173.02, 149.6, 1.79934
FILLER_0_50_413, 198.02, 149.6, 1.7993
FILLER_0_50_469, 223.02, 149.6, 1.79927
FILLER_0_50_581, 273.02, 149.6, 1.79924
PHY_96, 5.52, 144.16, 1.79949
PHY_98, 5.52, 144.16, 1.79949
PHY_97, 294.4, 144.16, 1.79923
PHY_99, 294.4, 144.16, 1.79923
output34, 294.4, 144.16, 1.79923
_1115_, 23.02, 144.16, 1.79951
FILLER_0_48_81, 48.02, 144.16, 1.79955
_0900_, 98.02, 144.16, 1.79959
FILLER_0_48_189, 98.02, 144.16, 1.79959
FILLER_0_49_214, 98.02, 144.16, 1.79959
_0860_, 123.02, 144.16, 1.79949
_1207_, 123.02, 144.16, 1.79949
ANTENNA_7, 123.02, 144.16, 1.79949
FILLER_0_48_245, 123.02, 144.16, 1.79949
FILLER_0_49_249, 123.02, 144.16, 1.79949
FILLER_0_50_257, 123.02, 144.16, 1.79949
FILLER_0_48_309, 148.02, 144.16, 1.79941
FILLER_0_50_321, 148.02, 144.16, 1.79941
FILLER_0_48_360, 173.02, 144.16, 1.79935
_1082_, 198.02, 144.16, 1.79929
FILLER_0_48_413, 198.02, 144.16, 1.79929
FILLER_0_48_471, 223.02, 144.16, 1.79927
FILLER_0_48_525, 248.02, 144.16, 1.79925
FILLER_0_48_581, 273.02, 144.16, 1.79924
PHY_92, 5.52, 138.72, 1.7995
PHY_94, 5.52, 138.72, 1.7995
FILLER_0_48_3, 5.52, 138.72, 1.7995
PHY_93, 294.4, 138.72, 1.79923
PHY_95, 294.4, 138.72, 1.79923
FILLER_0_46_622, 294.4, 138.72, 1.79923
FILLER_0_47_51, 23.02, 138.72, 1.7995
_0776_, 48.02, 138.72, 1.79953
_1238_, 73.02, 138.72, 1.7996
_1323_, 73.02, 138.72, 1.7996
FILLER_0_47_148, 73.02, 138.72, 1.7996
FILLER_0_48_153, 73.02, 138.72, 1.7996
FILLER_0_46_188, 98.02, 138.72, 1.79959
_0755_, 123.02, 138.72, 1.79947
_0823_, 123.02, 138.72, 1.79947
_0942_, 123.02, 138.72, 1.79947
_0690_, 148.02, 138.72, 1.7994
_0861_, 148.02, 138.72, 1.7994
FILLER_0_46_297, 148.02, 138.72, 1.7994
FILLER_0_46_305, 148.02, 138.72, 1.7994
FILLER_0_46_355, 173.02, 138.72, 1.79934
FILLER_0_46_469, 223.02, 138.72, 1.79926
_0707_, 248.02, 138.72, 1.79925
FILLER_0_46_521, 248.02, 138.72, 1.79925
FILLER_0_46_581, 273.02, 138.72, 1.79924
PHY_88, 5.52, 133.28, 1.79948
PHY_90, 5.52, 133.28, 1.79948
input16, 5.52, 133.28, 1.79948
PHY_89, 294.4, 133.28, 1.79924
PHY_91, 294.4, 133.28, 1.79924
FILLER_0_45_51, 23.02, 133.28, 1.79949
_1208_, 48.02, 133.28, 1.79952
FILLER_0_45_97, 48.02, 133.28, 1.79952
FILLER_0_44_189, 98.02, 133.28, 1.79956
_0927_, 123.02, 133.28, 1.79947
FILLER_0_44_245, 123.02, 133.28, 1.79947
ANTENNA_5, 148.02, 133.28, 1.7994
FILLER_0_44_301, 148.02, 133.28, 1.7994
FILLER_0_44_357, 173.02, 133.28, 1.79934
FILLER_0_44_469, 223.02, 133.28, 1.79927
_1225_, 248.02, 133.28, 1.79925
FILLER_0_44_525, 248.02, 133.28, 1.79925
FILLER_0_45_520, 248.02, 133.28, 1.79925
FILLER_0_46_529, 248.02, 133.28, 1.79925
_0848_, 273.02, 133.28, 1.79924
FILLER_0_44_581, 273.02, 133.28, 1.79924
PHY_84, 5.52, 127.84, 1.79948
PHY_86, 5.52, 127.84, 1.79948
PHY_85, 294.4, 127.84, 1.79924
PHY_87, 294.4, 127.84, 1.79924
_1033_, 23.02, 127.84, 1.79948
ANTENNA_91, 23.02, 127.84, 1.79948
FILLER_0_43_51, 23.02, 127.84, 1.79948
_0754_, 48.02, 127.84, 1.79952
FILLER_0_43_81, 48.02, 127.84, 1.79952
FILLER_0_43_104, 48.02, 127.84, 1.79952
FILLER_0_42_189, 98.02, 127.84, 1.79954
FILLER_0_42_242, 123.02, 127.84, 1.79946
_1069_, 148.02, 127.84, 1.79939
FILLER_0_42_300, 148.02, 127.84, 1.79939
FILLER_0_43_305, 148.02, 127.84, 1.79939
FILLER_0_42_357, 173.02, 127.84, 1.79934
FILLER_0_43_373, 173.02, 127.84, 1.79934
FILLER_0_42_413, 198.02, 127.84, 1.7993
_1299_, 223.02, 127.84, 1.79927
FILLER_0_42_470, 223.02, 127.84, 1.79927
_0947_, 248.02, 127.84, 1.79925
FILLER_0_42_525, 248.02, 127.84, 1.79925
FILLER_0_42_581, 273.02, 127.84, 1.79924
PHY_80, 5.52, 122.4, 1.79945
PHY_82, 5.52, 122.4, 1.79945
FILLER_0_41_3, 5.52, 122.4, 1.79945
PHY_81, 294.4, 122.4, 1.79923
PHY_83, 294.4, 122.4, 1.79923
output35, 294.4, 122.4, 1.79923
FILLER_0_40_620, 294.4, 122.4, 1.79923
_0950_, 23.02, 122.4, 1.79945
FILLER_0_41_47, 23.02, 122.4, 1.79945
FILLER_0_41_105, 48.02, 122.4, 1.79948
_1249_, 73.02, 122.4, 1.79951
FILLER_0_41_149, 73.02, 122.4, 1.79951
FILLER_0_41_160, 73.02, 122.4, 1.79951
_0759_, 98.02, 122.4, 1.79949
_0916_, 98.02, 122.4, 1.79949
_1156_, 98.02, 122.4, 1.79949
ANTENNA_39, 98.02, 122.4, 1.79949
FILLER_0_40_189, 98.02, 122.4, 1.79949
_1132_, 123.02, 122.4, 1.79944
FILLER_0_40_242, 123.02, 122.4, 1.79944
FILLER_0_40_300, 148.02, 122.4, 1.79939
FILLER_0_40_357, 173.02, 122.4, 1.79934
_0989_, 198.02, 122.4, 1.7993
FILLER_0_40_411, 198.02, 122.4, 1.7993
FILLER_0_41_405, 198.02, 122.4, 1.7993
_1094_, 223.02, 122.4, 1.79927
FILLER_0_40_468, 223.02, 122.4, 1.79927
_1095_, 248.02, 122.4, 1.79925
FILLER_0_40_578, 273.02, 122.4, 1.79924
PHY_76, 5.52, 116.96, 1.79945
PHY_78, 5.52, 116.96, 1.79945
input1, 5.52, 116.96, 1.79945
PHY_77, 294.4, 116.96, 1.79924
PHY_79, 294.4, 116.96, 1.79924
ANTENNA_19, 23.02, 116.96, 1.79946
ANTENNA_89, 23.02, 116.96, 1.79946
FILLER_0_39_51, 23.02, 116.96, 1.79946
_1118_, 48.02, 116.96, 1.79948
FILLER_0_39_105, 48.02, 116.96, 1.79948
FILLER_0_38_134, 73.02, 116.96, 1.7995
_1018_, 98.02, 116.96, 1.79947
FILLER_0_38_189, 98.02, 116.96, 1.79947
_1080_, 123.02, 116.96, 1.79942
FILLER_0_40_265, 123.02, 116.96, 1.79942
_1237_, 148.02, 116.96, 1.79937
wire60, 148.02, 116.96, 1.79937
FILLER_0_38_297, 148.02, 116.96, 1.79937
FILLER_0_38_304, 148.02, 116.96, 1.79937
_0675_, 173.02, 116.96, 1.79933
FILLER_0_38_357, 173.02, 116.96, 1.79933
_0903_, 198.02, 116.96, 1.7993
ANTENNA_102, 198.02, 116.96, 1.7993
FILLER_0_38_413, 198.02, 116.96, 1.7993
FILLER_0_39_405, 198.02, 116.96, 1.7993
FILLER_0_39_413, 198.02, 116.96, 1.7993
_1173_, 223.02, 116.96, 1.79926
ANTENNA_100, 223.02, 116.96, 1.79926
FILLER_0_38_469, 223.02, 116.96, 1.79926
FILLER_0_39_474, 223.02, 116.96, 1.79926
_1084_, 248.02, 116.96, 1.79923
FILLER_0_40_533, 248.02, 116.96, 1.79923
_1037_, 273.02, 116.96, 1.79923
FILLER_0_38_577, 273.02, 116.96, 1.79923
_0777_, 5.52, 111.52, 1.79944
PHY_72, 5.52, 111.52, 1.79944
PHY_74, 5.52, 111.52, 1.79944
PHY_73, 294.4, 111.52, 1.79924
PHY_75, 294.4, 111.52, 1.79924
FILLER_0_37_51, 23.02, 111.52, 1.79945
FILLER_0_37_105, 48.02, 111.52, 1.79947
FILLER_0_36_189, 98.02, 111.52, 1.79946
_0870_, 123.02, 111.52, 1.7994
_1039_, 123.02, 111.52, 1.7994
FILLER_0_36_245, 123.02, 111.52, 1.7994
FILLER_0_37_249, 123.02, 111.52, 1.7994
FILLER_0_37_262, 123.02, 111.52, 1.7994
_0723_, 148.02, 111.52, 1.79935
_0863_, 173.02, 111.52, 1.79931
FILLER_0_36_357, 173.02, 111.52, 1.79931
_1050_, 198.02, 111.52, 1.79929
FILLER_0_36_413, 198.02, 111.52, 1.79929
FILLER_0_36_469, 223.02, 111.52, 1.79927
_1041_, 248.02, 111.52, 1.79925
FILLER_0_36_525, 248.02, 111.52, 1.79925
_0882_, 273.02, 111.52, 1.79924
FILLER_0_36_581, 273.02, 111.52, 1.79924
FILLER_0_37_573, 273.02, 111.52, 1.79924
FILLER_0_38_585, 273.02, 111.52, 1.79924
PHY_68, 5.52, 106.08, 1.79943
PHY_70, 5.52, 106.08, 1.79943
input2, 5.52, 106.08, 1.79943
PHY_69, 294.4, 106.08, 1.79923
PHY_71, 294.4, 106.08, 1.79923
output21, 294.4, 106.08, 1.79923
FILLER_0_35_45, 23.02, 106.08, 1.79944
_1233_, 48.02, 106.08, 1.79945
FILLER_0_35_93, 48.02, 106.08, 1.79945
_0712_, 123.02, 106.08, 1.79939
FILLER_0_34_245, 123.02, 106.08, 1.79939
FILLER_0_36_265, 123.02, 106.08, 1.79939
_0674_, 148.02, 106.08, 1.79935
FILLER_0_34_304, 148.02, 106.08, 1.79935
_1019_, 173.02, 106.08, 1.79931
FILLER_0_34_361, 173.02, 106.08, 1.79931
FILLER_0_36_365, 173.02, 106.08, 1.79931
FILLER_0_34_410, 198.02, 106.08, 1.79929
_0762_, 223.02, 106.08, 1.79926
FILLER_0_34_469, 223.02, 106.08, 1.79926
FILLER_0_36_477, 223.02, 106.08, 1.79926
_0727_, 248.02, 106.08, 1.79924
FILLER_0_34_525, 248.02, 106.08, 1.79924
FILLER_0_35_517, 248.02, 106.08, 1.79924
FILLER_0_34_581, 273.02, 106.08, 1.79924
_0940_, 5.52, 100.64, 1.79943
PHY_64, 5.52, 100.64, 1.79943
PHY_66, 5.52, 100.64, 1.79943
PHY_65, 294.4, 100.64, 1.79923
PHY_67, 294.4, 100.64, 1.79923
FILLER_0_33_47, 23.02, 100.64, 1.79943
_0666_, 73.02, 100.64, 1.79944
FILLER_0_34_153, 73.02, 100.64, 1.79944
FILLER_0_32_189, 98.02, 100.64, 1.79942
FILLER_0_32_197, 98.02, 100.64, 1.79942
FILLER_0_32_244, 123.02, 100.64, 1.79938
FILLER_0_32_253, 123.02, 100.64, 1.79938
FILLER_0_33_269, 123.02, 100.64, 1.79938
_0722_, 148.02, 100.64, 1.79933
_0820_, 148.02, 100.64, 1.79933
_1098_, 148.02, 100.64, 1.79933
max_cap61, 148.02, 100.64, 1.79933
FILLER_0_32_304, 148.02, 100.64, 1.79933
FILLER_0_33_298, 148.02, 100.64, 1.79933
FILLER_0_33_310, 148.02, 100.64, 1.79933
FILLER_0_32_354, 173.02, 100.64, 1.79931
_0747_, 198.02, 100.64, 1.79928
FILLER_0_32_414, 198.02, 100.64, 1.79928
FILLER_0_33_417, 198.02, 100.64, 1.79928
_1074_, 223.02, 100.64, 1.79926
FILLER_0_32_471, 223.02, 100.64, 1.79926
_0964_, 248.02, 100.64, 1.79924
FILLER_0_32_526, 248.02, 100.64, 1.79924
_0687_, 273.02, 100.64, 1.79924
ANTENNA_58, 273.02, 100.64, 1.79924
FILLER_0_32_581, 273.02, 100.64, 1.79924
PHY_60, 5.52, 95.2, 1.79941
PHY_62, 5.52, 95.2, 1.79941
FILLER_0_32_3, 5.52, 95.2, 1.79941
PHY_61, 294.4, 95.2, 1.79922
PHY_63, 294.4, 95.2, 1.79922
FILLER_0_31_51, 23.02, 95.2, 1.79942
FILLER_0_31_104, 48.02, 95.2, 1.79942
_0689_, 73.02, 95.2, 1.79942
FILLER_0_31_157, 73.02, 95.2, 1.79942
_1154_, 98.02, 95.2, 1.7994
FILLER_0_30_189, 98.02, 95.2, 1.7994
FILLER_0_32_205, 98.02, 95.2, 1.7994
_0736_, 123.02, 95.2, 1.79935
_0941_, 123.02, 95.2, 1.79935
_1087_, 123.02, 95.2, 1.79935
FILLER_0_30_243, 123.02, 95.2, 1.79935
FILLER_0_31_263, 123.02, 95.2, 1.79935
_0756_, 148.02, 95.2, 1.79933
FILLER_0_30_301, 148.02, 95.2, 1.79933
FILLER_0_30_309, 148.02, 95.2, 1.79933
_0937_, 173.02, 95.2, 1.7993
_1291_, 173.02, 95.2, 1.7993
FILLER_0_30_414, 198.02, 95.2, 1.79928
FILLER_0_30_469, 223.02, 95.2, 1.79926
FILLER_0_30_525, 248.02, 95.2, 1.79924
_0713_, 273.02, 95.2, 1.79921
_1165_, 273.02, 95.2, 1.79921
_1180_, 273.02, 95.2, 1.79921
FILLER_0_30_581, 273.02, 95.2, 1.79921
FILLER_0_31_583, 273.02, 95.2, 1.79921
PHY_56, 5.52, 89.76, 1.79939
PHY_58, 5.52, 89.76, 1.79939
input3, 5.52, 89.76, 1.79939
PHY_57, 294.4, 89.76, 1.79921
PHY_59, 294.4, 89.76, 1.79921
output22, 294.4, 89.76, 1.79921
_1150_, 23.02, 89.76, 1.79939
FILLER_0_29_26, 23.02, 89.76, 1.79939
FILLER_0_29_51, 23.02, 89.76, 1.79939
ANTENNA_31, 48.02, 89.76, 1.7994
FILLER_0_28_85, 48.02, 89.76, 1.7994
FILLER_0_29_105, 48.02, 89.76, 1.7994
_1102_, 98.02, 89.76, 1.79938
_1198_, 98.02, 89.76, 1.79938
FILLER_0_28_188, 98.02, 89.76, 1.79938
FILLER_0_30_209, 98.02, 89.76, 1.79938
FILLER_0_28_245, 123.02, 89.76, 1.79936
_0959_, 148.02, 89.76, 1.79932
FILLER_0_28_301, 148.02, 89.76, 1.79932
FILLER_0_30_317, 148.02, 89.76, 1.79932
FILLER_0_28_414, 198.02, 89.76, 1.79928
FILLER_0_28_524, 248.02, 89.76, 1.79924
_1075_, 273.02, 89.76, 1.79919
_1211_, 273.02, 89.76, 1.79919
_1227_, 273.02, 89.76, 1.79919
FILLER_0_28_569, 273.02, 89.76, 1.79919
FILLER_0_28_581, 273.02, 89.76, 1.79919
FILLER_0_29_573, 273.02, 89.76, 1.79919
FILLER_0_30_589, 273.02, 89.76, 1.79919
PHY_52, 5.52, 84.32, 1.7994
PHY_54, 5.52, 84.32, 1.7994
PHY_53, 294.4, 84.32, 1.79923
PHY_55, 294.4, 84.32, 1.79923
FILLER_0_26_620, 294.4, 84.32, 1.79923
FILLER_0_27_51, 23.02, 84.32, 1.7994
_1032_, 48.02, 84.32, 1.79939
ANTENNA_32, 48.02, 84.32, 1.79939
ANTENNA_33, 48.02, 84.32, 1.79939
FILLER_0_27_105, 48.02, 84.32, 1.79939
_1097_, 73.02, 84.32, 1.79939
_1178_, 73.02, 84.32, 1.79939
ANTENNA_42, 73.02, 84.32, 1.79939
FILLER_0_27_137, 73.02, 84.32, 1.79939
FILLER_0_27_145, 73.02, 84.32, 1.79939
FILLER_0_27_159, 73.02, 84.32, 1.79939
FILLER_0_28_153, 73.02, 84.32, 1.79939
_0793_, 98.02, 84.32, 1.79938
FILLER_0_26_189, 98.02, 84.32, 1.79938
FILLER_0_26_245, 123.02, 84.32, 1.79935
FILLER_0_27_317, 148.02, 84.32, 1.79932
FILLER_0_26_353, 173.02, 84.32, 1.79929
FILLER_0_26_361, 173.02, 84.32, 1.79929
FILLER_0_26_413, 198.02, 84.32, 1.79927
_0688_, 223.02, 84.32, 1.79925
FILLER_0_26_472, 223.02, 84.32, 1.79925
FILLER_0_26_525, 248.02, 84.32, 1.79924
_0965_, 273.02, 84.32, 1.79923
FILLER_0_26_569, 273.02, 84.32, 1.79923
PHY_48, 5.52, 78.88, 1.79937
PHY_50, 5.52, 78.88, 1.79937
FILLER_0_25_3, 5.52, 78.88, 1.79937
PHY_49, 294.4, 78.88, 1.79921
PHY_51, 294.4, 78.88, 1.79921
FILLER_0_24_622, 294.4, 78.88, 1.79921
_1245_, 23.02, 78.88, 1.79937
FILLER_0_25_46, 23.02, 78.88, 1.79937
FILLER_0_25_105, 48.02, 78.88, 1.79939
FILLER_0_24_192, 98.02, 78.88, 1.79937
FILLER_0_24_245, 123.02, 78.88, 1.79935
FILLER_0_26_265, 123.02, 78.88, 1.79935
FILLER_0_24_301, 148.02, 78.88, 1.79933
FILLER_0_26_321, 148.02, 78.88, 1.79933
FILLER_0_24_357, 173.02, 78.88, 1.7993
_0975_, 198.02, 78.88, 1.79927
FILLER_0_24_413, 198.02, 78.88, 1.79927
FILLER_0_25_429, 198.02, 78.88, 1.79927
_1273_, 223.02, 78.88, 1.79924
wire56, 223.02, 78.88, 1.79924
FILLER_0_24_469, 223.02, 78.88, 1.79924
FILLER_0_25_461, 223.02, 78.88, 1.79924
_0934_, 248.02, 78.88, 1.79922
FILLER_0_24_525, 248.02, 78.88, 1.79922
_0910_, 273.02, 78.88, 1.7992
_0991_, 273.02, 78.88, 1.7992
FILLER_0_25_573, 273.02, 78.88, 1.7992
FILLER_0_26_585, 273.02, 78.88, 1.7992
PHY_44, 5.52, 73.44, 1.79937
PHY_46, 5.52, 73.44, 1.79937
input4, 5.52, 73.44, 1.79937
PHY_45, 294.4, 73.44, 1.79921
PHY_47, 294.4, 73.44, 1.79921
output23, 294.4, 73.44, 1.79921
FILLER_0_23_51, 23.02, 73.44, 1.79938
FILLER_0_23_105, 48.02, 73.44, 1.79938
_1114_, 98.02, 73.44, 1.79936
ANTENNA_14, 123.02, 73.44, 1.79934
FILLER_0_22_245, 123.02, 73.44, 1.79934
FILLER_0_23_261, 123.02, 73.44, 1.79934
FILLER_0_22_302, 148.02, 73.44, 1.79931
FILLER_0_22_356, 173.02, 73.44, 1.7993
FILLER_0_22_413, 198.02, 73.44, 1.79927
FILLER_0_22_469, 223.02, 73.44, 1.79926
_1204_, 248.02, 73.44, 1.79923
FILLER_0_22_524, 248.02, 73.44, 1.79923
PHY_40, 5.52, 68, 1.79938
PHY_42, 5.52, 68, 1.79938
PHY_41, 294.4, 68, 1.79921
PHY_43, 294.4, 68, 1.79921
FILLER_0_21_51, 23.02, 68, 1.79937
FILLER_0_20_81, 48.02, 68, 1.79937
FILLER_0_21_105, 48.02, 68, 1.79937
_0889_, 98.02, 68, 1.79934
FILLER_0_20_192, 98.02, 68, 1.79934
FILLER_0_20_197, 98.02, 68, 1.79934
FILLER_0_20_243, 123.02, 68, 1.79933
FILLER_0_22_265, 123.02, 68, 1.79933
_0946_, 148.02, 68, 1.79931
FILLER_0_20_357, 173.02, 68, 1.79928
_1218_, 198.02, 68, 1.79925
FILLER_0_20_413, 198.02, 68, 1.79925
FILLER_0_22_421, 198.02, 68, 1.79925
_0768_, 223.02, 68, 1.79923
FILLER_0_22_477, 223.02, 68, 1.79923
_0800_, 248.02, 68, 1.7992
_0813_, 273.02, 68, 1.79919
FILLER_0_22_582, 273.02, 68, 1.79919
PHY_36, 5.52, 62.56, 1.79937
PHY_38, 5.52, 62.56, 1.79937
_1030_, 294.4, 62.56, 1.79922
PHY_37, 294.4, 62.56, 1.79922
PHY_39, 294.4, 62.56, 1.79922
ANTENNA_30, 294.4, 62.56, 1.79922
FILLER_0_19_51, 23.02, 62.56, 1.79936
FILLER_0_19_105, 48.02, 62.56, 1.79935
FILLER_0_20_97, 48.02, 62.56, 1.79935
FILLER_0_20_105, 48.02, 62.56, 1.79935
_0864_, 73.02, 62.56, 1.79933
FILLER_0_18_141, 73.02, 62.56, 1.79933
FILLER_0_20_153, 73.02, 62.56, 1.79933
_0921_, 98.02, 62.56, 1.79932
FILLER_0_18_192, 98.02, 62.56, 1.79932
_1266_, 123.02, 62.56, 1.79932
FILLER_0_18_245, 123.02, 62.56, 1.79932
FILLER_0_18_253, 123.02, 62.56, 1.79932
FILLER_0_18_303, 148.02, 62.56, 1.7993
FILLER_0_18_357, 173.02, 62.56, 1.79928
_1197_, 198.02, 62.56, 1.79926
FILLER_0_18_413, 198.02, 62.56, 1.79926
_0751_, 223.02, 62.56, 1.79924
FILLER_0_18_469, 223.02, 62.56, 1.79924
FILLER_0_20_477, 223.02, 62.56, 1.79924
FILLER_0_18_525, 248.02, 62.56, 1.79923
_1255_, 273.02, 62.56, 1.79922
ANTENNA_51, 273.02, 62.56, 1.79922
FILLER_0_18_581, 273.02, 62.56, 1.79922
FILLER_0_19_585, 273.02, 62.56, 1.79922
FILLER_0_20_589, 273.02, 62.56, 1.79922
PHY_32, 5.52, 57.12, 1.79935
PHY_34, 5.52, 57.12, 1.79935
input5, 5.52, 57.12, 1.79935
PHY_33, 294.4, 57.12, 1.79923
PHY_35, 294.4, 57.12, 1.79923
FILLER_0_17_51, 23.02, 57.12, 1.79935
_1071_, 48.02, 57.12, 1.79934
ANTENNA_47, 48.02, 57.12, 1.79934
FILLER_0_16_85, 48.02, 57.12, 1.79934
FILLER_0_17_81, 48.02, 57.12, 1.79934
FILLER_0_17_102, 48.02, 57.12, 1.79934
_0760_, 73.02, 57.12, 1.79931
wire50, 73.02, 57.12, 1.79931
FILLER_0_17_157, 73.02, 57.12, 1.79931
FILLER_0_16_189, 98.02, 57.12, 1.79932
FILLER_0_17_214, 98.02, 57.12, 1.79932
_0929_, 123.02, 57.12, 1.7993
_1199_, 123.02, 57.12, 1.7993
FILLER_0_16_249, 123.02, 57.12, 1.7993
FILLER_0_16_301, 148.02, 57.12, 1.7993
_1091_, 173.02, 57.12, 1.79928
_1304_, 173.02, 57.12, 1.79928
FILLER_0_16_357, 173.02, 57.12, 1.79928
FILLER_0_18_365, 173.02, 57.12, 1.79928
FILLER_0_16_469, 223.02, 57.12, 1.79925
_0824_, 248.02, 57.12, 1.79924
FILLER_0_16_521, 248.02, 57.12, 1.79924
FILLER_0_16_581, 273.02, 57.12, 1.79923
PHY_28, 5.52, 51.68, 1.79934
PHY_30, 5.52, 51.68, 1.79934
FILLER_0_15_3, 5.52, 51.68, 1.79934
PHY_29, 294.4, 51.68, 1.79923
PHY_31, 294.4, 51.68, 1.79923
output24, 294.4, 51.68, 1.79923
FILLER_0_15_46, 23.02, 51.68, 1.79934
_0924_, 48.02, 51.68, 1.79934
_1241_, 48.02, 51.68, 1.79934
FILLER_0_15_105, 48.02, 51.68, 1.79934
FILLER_0_14_137, 73.02, 51.68, 1.79933
_0709_, 98.02, 51.68, 1.79931
ANTENNA_86, 98.02, 51.68, 1.79931
FILLER_0_16_209, 98.02, 51.68, 1.79931
FILLER_0_14_245, 123.02, 51.68, 1.7993
_1067_, 148.02, 51.68, 1.79929
FILLER_0_15_317, 148.02, 51.68, 1.79929
FILLER_0_14_357, 173.02, 51.68, 1.79927
_0790_, 198.02, 51.68, 1.79924
_0875_, 198.02, 51.68, 1.79924
_1024_, 198.02, 51.68, 1.79924
FILLER_0_15_405, 198.02, 51.68, 1.79924
ANTENNA_24, 223.02, 51.68, 1.79925
FILLER_0_14_469, 223.02, 51.68, 1.79925
FILLER_0_14_525, 248.02, 51.68, 1.79924
FILLER_0_14_581, 273.02, 51.68, 1.79923
PHY_24, 5.52, 46.24, 1.79934
PHY_26, 5.52, 46.24, 1.79934
input6, 5.52, 46.24, 1.79934
PHY_25, 294.4, 46.24, 1.79924
PHY_27, 294.4, 46.24, 1.79924
_0763_, 23.02, 46.24, 1.79933
FILLER_0_13_50, 23.02, 46.24, 1.79933
_0665_, 48.02, 46.24, 1.79934
ANTENNA_11, 48.02, 46.24, 1.79934
FILLER_0_13_81, 48.02, 46.24, 1.79934
FILLER_0_13_89, 48.02, 46.24, 1.79934
FILLER_0_13_105, 48.02, 46.24, 1.79934
_0976_, 98.02, 46.24, 1.79932
_0932_, 123.02, 46.24, 1.79931
FILLER_0_13_249, 123.02, 46.24, 1.79931
FILLER_0_12_301, 148.02, 46.24, 1.79929
_0752_, 173.02, 46.24, 1.79926
_0809_, 173.02, 46.24, 1.79926
FILLER_0_12_357, 173.02, 46.24, 1.79926
FILLER_0_12_413, 198.02, 46.24, 1.79926
FILLER_0_12_469, 223.02, 46.24, 1.79925
_0836_, 248.02, 46.24, 1.79924
FILLER_0_12_581, 273.02, 46.24, 1.79924
_0859_, 5.52, 40.8, 1.79933
PHY_20, 5.52, 40.8, 1.79933
PHY_22, 5.52, 40.8, 1.79933
PHY_21, 294.4, 40.8, 1.79922
PHY_23, 294.4, 40.8, 1.79922
FILLER_0_11_51, 23.02, 40.8, 1.79934
_1287_, 48.02, 40.8, 1.79934
FILLER_0_11_105, 48.02, 40.8, 1.79934
FILLER_0_10_189, 98.02, 40.8, 1.79931
_0857_, 123.02, 40.8, 1.79929
FILLER_0_10_245, 123.02, 40.8, 1.79929
FILLER_0_10_253, 123.02, 40.8, 1.79929
FILLER_0_10_305, 148.02, 40.8, 1.79928
_0852_, 173.02, 40.8, 1.79926
FILLER_0_10_353, 173.02, 40.8, 1.79926
FILLER_0_11_431, 198.02, 40.8, 1.79924
FILLER_0_10_471, 223.02, 40.8, 1.79923
FILLER_0_10_525, 248.02, 40.8, 1.79923
_0789_, 273.02, 40.8, 1.7992
_0831_, 273.02, 40.8, 1.7992
_1104_, 273.02, 40.8, 1.7992
FILLER_0_10_581, 273.02, 40.8, 1.7992
FILLER_0_12_589, 273.02, 40.8, 1.7992
PHY_16, 5.52, 35.36, 1.79934
PHY_18, 5.52, 35.36, 1.79934
FILLER_0_10_3, 5.52, 35.36, 1.79934
PHY_17, 294.4, 35.36, 1.79923
PHY_19, 294.4, 35.36, 1.79923
output25, 294.4, 35.36, 1.79923
_0962_, 23.02, 35.36, 1.79933
_1048_, 23.02, 35.36, 1.79933
FILLER_0_9_27, 23.02, 35.36, 1.79933
FILLER_0_9_46, 23.02, 35.36, 1.79933
_0872_, 48.02, 35.36, 1.79933
FILLER_0_9_105, 48.02, 35.36, 1.79933
FILLER_0_8_189, 98.02, 35.36, 1.79932
_1103_, 123.02, 35.36, 1.7993
FILLER_0_8_245, 123.02, 35.36, 1.7993
FILLER_0_8_301, 148.02, 35.36, 1.79929
_0913_, 173.02, 35.36, 1.79927
FILLER_0_8_357, 173.02, 35.36, 1.79927
FILLER_0_10_365, 173.02, 35.36, 1.79927
FILLER_0_8_413, 198.02, 35.36, 1.79926
_1314_, 223.02, 35.36, 1.79924
FILLER_0_8_469, 223.02, 35.36, 1.79924
FILLER_0_8_525, 248.02, 35.36, 1.79923
_1319_, 273.02, 35.36, 1.79923
FILLER_0_8_578, 273.02, 35.36, 1.79923
PHY_12, 5.52, 29.92, 1.79933
PHY_14, 5.52, 29.92, 1.79933
input7, 5.52, 29.92, 1.79933
PHY_13, 294.4, 29.92, 1.79924
PHY_15, 294.4, 29.92, 1.79924
FILLER_0_7_51, 23.02, 29.92, 1.79934
FILLER_0_8_50, 23.02, 29.92, 1.79934
FILLER_0_7_158, 73.02, 29.92, 1.79933
_1064_, 98.02, 29.92, 1.79931
FILLER_0_6_189, 98.02, 29.92, 1.79931
FILLER_0_6_249, 123.02, 29.92, 1.7993
FILLER_0_6_301, 148.02, 29.92, 1.79929
FILLER_0_6_309, 148.02, 29.92, 1.79929
_0862_, 173.02, 29.92, 1.79927
FILLER_0_6_361, 173.02, 29.92, 1.79927
FILLER_0_7_361, 173.02, 29.92, 1.79927
_0928_, 198.02, 29.92, 1.79926
FILLER_0_6_413, 198.02, 29.92, 1.79926
_1001_, 223.02, 29.92, 1.79925
ANTENNA_23, 223.02, 29.92, 1.79925
FILLER_0_6_525, 248.02, 29.92, 1.79924
FILLER_0_6_581, 273.02, 29.92, 1.79924
PHY_8, 5.52, 24.48, 1.79934
PHY_10, 5.52, 24.48, 1.79934
PHY_9, 294.4, 24.48, 1.79924
PHY_11, 294.4, 24.48, 1.79924
_0706_, 23.02, 24.48, 1.79933
FILLER_0_4_29, 23.02, 24.48, 1.79933
FILLER_0_5_51, 23.02, 24.48, 1.79933
FILLER_0_4_80, 48.02, 24.48, 1.79933
FILLER_0_5_105, 48.02, 24.48, 1.79933
FILLER_0_4_189, 98.02, 24.48, 1.79931
_1145_, 123.02, 24.48, 1.79929
FILLER_0_4_245, 123.02, 24.48, 1.79929
FILLER_0_5_252, 123.02, 24.48, 1.79929
_1164_, 148.02, 24.48, 1.79928
_1321_, 148.02, 24.48, 1.79928
ANTENNA_63, 148.02, 24.48, 1.79928
FILLER_0_4_301, 148.02, 24.48, 1.79928
FILLER_0_5_305, 148.02, 24.48, 1.79928
_0819_, 173.02, 24.48, 1.79926
FILLER_0_4_361, 173.02, 24.48, 1.79926
FILLER_0_4_413, 198.02, 24.48, 1.79926
FILLER_0_4_469, 223.02, 24.48, 1.79925
FILLER_0_4_525, 248.02, 24.48, 1.79924
FILLER_0_4_581, 273.02, 24.48, 1.79923
PHY_4, 5.52, 19.04, 1.79934
PHY_6, 5.52, 19.04, 1.79934
PHY_5, 294.4, 19.04, 1.79923
PHY_7, 294.4, 19.04, 1.79923
output26, 294.4, 19.04, 1.79923
FILLER_0_3_51, 23.02, 19.04, 1.79934
FILLER_0_2_81, 48.02, 19.04, 1.79933
FILLER_0_3_105, 48.02, 19.04, 1.79933
_0994_, 73.02, 19.04, 1.79932
_1159_, 73.02, 19.04, 1.79932
FILLER_0_3_137, 73.02, 19.04, 1.79932
FILLER_0_3_145, 73.02, 19.04, 1.79932
FILLER_0_2_245, 123.02, 19.04, 1.7993
_0719_, 148.02, 19.04, 1.79928
FILLER_0_2_301, 148.02, 19.04, 1.79928
FILLER_0_2_309, 148.02, 19.04, 1.79928
_0886_, 173.02, 19.04, 1.79927
FILLER_0_2_358, 173.02, 19.04, 1.79927
FILLER_0_3_361, 173.02, 19.04, 1.79927
FILLER_0_2_469, 223.02, 19.04, 1.79924
_1214_, 248.02, 19.04, 1.79922
_1282_, 248.02, 19.04, 1.79922
FILLER_0_2_525, 248.02, 19.04, 1.79922
FILLER_0_4_533, 248.02, 19.04, 1.79922
FILLER_0_2_581, 273.02, 19.04, 1.79923
PHY_0, 5.52, 13.6, 1.79933
PHY_2, 5.52, 13.6, 1.79933
input8, 5.52, 13.6, 1.79933
PHY_1, 294.4, 13.6, 1.79924
PHY_3, 294.4, 13.6, 1.79924
FILLER_0_1_51, 23.02, 13.6, 1.79933
_1166_, 48.02, 13.6, 1.79932
FILLER_0_0_81, 48.02, 13.6, 1.79932
FILLER_0_1_81, 48.02, 13.6, 1.79932
FILLER_0_1_104, 48.02, 13.6, 1.79932
_1092_, 73.02, 13.6, 1.79932
ANTENNA_79, 73.02, 13.6, 1.79932
FILLER_0_0_136, 73.02, 13.6, 1.79932
FILLER_0_1_149, 73.02, 13.6, 1.79932
FILLER_0_0_193, 98.02, 13.6, 1.79931
FILLER_0_0_249, 123.02, 13.6, 1.7993
_0683_, 148.02, 13.6, 1.79928
FILLER_0_0_305, 148.02, 13.6, 1.79928
_1140_, 173.02, 13.6, 1.79927
FILLER_0_0_361, 173.02, 13.6, 1.79927
FILLER_0_2_365, 173.02, 13.6, 1.79927
FILLER_0_2_373, 173.02, 13.6, 1.79927
FILLER_0_0_417, 198.02, 13.6, 1.79926
FILLER_0_0_473, 223.02, 13.6, 1.79925
FILLER_0_0_529, 248.02, 13.6, 1.79924
FILLER_0_0_577, 273.02, 13.6, 1.79924
FILLER_0_0_585, 273.02, 13.6, 1.79924

