Partial/Required:  2.91, Required:    400.0, Partial:   1163.0, Net: _0539_, Pin: _1269_/A, Layer: met1
Partial/Required:  2.79, Required:    400.0, Partial:  1115.99, Net: _0465_, Pin: _1180_/A, Layer: met3
Partial/Required:  2.63, Required:    400.0, Partial:  1050.89, Net: _0545_, Pin: _1248_/B, Layer: met1
Partial/Required:  2.06, Required:    400.0, Partial:   823.89, Net: _0503_, Pin: _0681_/B, Layer: met2
Partial/Required:  2.06, Required:    400.0, Partial:   823.45, Net: net31, Pin: output31/A, Layer: met1
Partial/Required:  1.98, Required:    400.0, Partial:   790.76, Net: _0371_, Pin: _1154_/A2, Layer: met3
Partial/Required:  1.87, Required:    400.0, Partial:   748.89, Net: _0461_, Pin: _1201_/B1_N, Layer: met1
Partial/Required:  1.61, Required:    400.0, Partial:   645.56, Net: _0071_, Pin: _0809_/A, Layer: met1
Partial/Required:  1.51, Required:    400.0, Partial:   604.89, Net: _0599_, Pin: _1136_/B2, Layer: met1
Partial/Required:  1.47, Required:    400.0, Partial:   586.25, Net: _0166_, Pin: _0908_/B, Layer: met1
Partial/Required:  1.39, Required:    400.0, Partial:   556.33, Net: _0441_, Pin: _1150_/B_N, Layer: met1
Partial/Required:  1.24, Required:    400.0, Partial:   496.78, Net: _0471_, Pin: _1174_/B2, Layer: met3
Partial/Required:  1.17, Required:    400.0, Partial:   466.33, Net: _0037_, Pin: _0847_/A, Layer: met1
Partial/Required:  1.16, Required:    400.0, Partial:   465.28, Net: _0586_, Pin: _1287_/B, Layer: met2
Partial/Required:  1.16, Required:    400.0, Partial:   464.11, Net: _0583_, Pin: _1284_/C_N, Layer: met1
Partial/Required:  1.14, Required:    400.0, Partial:   456.67, Net: _0272_, Pin: _1168_/B, Layer: met1
Partial/Required:  1.11, Required:    400.0, Partial:   444.56, Net: _0366_, Pin: _1150_/A, Layer: met1
Partial/Required:  1.09, Required:    400.0, Partial:   437.03, Net: _0613_, Pin: _1312_/A3, Layer: met1
Partial/Required:  1.03, Required:    400.0, Partial:   410.27, Net: _0457_, Pin: _1166_/B, Layer: met1
Partial/Required:  1.00, Required:    400.0, Partial:   401.62, Net: net10, Pin: _1025_/D, Layer: met1
