
===========================================================================
report_checks -path_delay min (Hold)
============================================================================
======================= Typical Corner ===================================

Startpoint: op[1] (input port clocked by __VIRTUAL_CLK__)
Endpoint: carry (output port clocked by __VIRTUAL_CLK__)
Path Group: __VIRTUAL_CLK__
Path Type: min

Fanout     Cap    Slew   Delay    Time   Description
-----------------------------------------------------------------------------
                  0.00    0.00    0.00   clock __VIRTUAL_CLK__ (rise edge)
                          0.00    0.00   clock network delay (ideal)
                          2.00    2.00 ^ input external delay
                  0.76    0.51    2.51 ^ op[1] (in)
     7    0.17                           op[1] (net)
                  0.76    0.00    2.51 ^ _1118_/A (sky130_fd_sc_hd__nor3_2)
                  0.40    0.45    2.96 v _1118_/Y (sky130_fd_sc_hd__nor3_2)
     3    0.12                           _0395_ (net)
                  0.40    0.01    2.97 v _1348_/A1 (sky130_fd_sc_hd__a31o_2)
                  0.29    0.53    3.50 v _1348_/X (sky130_fd_sc_hd__a31o_2)
     1    0.12                           carry (net)
                  0.29    0.01    3.52 v carry (out)
                                  3.52   data arrival time

                  0.00    0.00    0.00   clock __VIRTUAL_CLK__ (rise edge)
                          0.00    0.00   clock network delay (ideal)
                          0.25    0.25   clock uncertainty
                          0.00    0.25   clock reconvergence pessimism
                         -2.00   -1.75   output external delay
                                 -1.75   data required time
-----------------------------------------------------------------------------
                                 -1.75   data required time
                                 -3.52   data arrival time
-----------------------------------------------------------------------------
                                  5.27   slack (MET)


Startpoint: op[1] (input port clocked by __VIRTUAL_CLK__)
Endpoint: overflow (output port clocked by __VIRTUAL_CLK__)
Path Group: __VIRTUAL_CLK__
Path Type: min

Fanout     Cap    Slew   Delay    Time   Description
-----------------------------------------------------------------------------
                  0.00    0.00    0.00   clock __VIRTUAL_CLK__ (rise edge)
                          0.00    0.00   clock network delay (ideal)
                          2.00    2.00 ^ input external delay
                  0.76    0.51    2.51 ^ op[1] (in)
     7    0.17                           op[1] (net)
                  0.76    0.00    2.51 ^ _1118_/A (sky130_fd_sc_hd__nor3_2)
                  0.40    0.45    2.96 v _1118_/Y (sky130_fd_sc_hd__nor3_2)
     3    0.12                           _0395_ (net)
                  0.40    0.00    2.96 v _1346_/A1 (sky130_fd_sc_hd__a311o_2)
                  0.17    0.55    3.51 v _1346_/X (sky130_fd_sc_hd__a311o_2)
     1    0.06                           overflow (net)
                  0.17    0.01    3.52 v overflow (out)
                                  3.52   data arrival time

                  0.00    0.00    0.00   clock __VIRTUAL_CLK__ (rise edge)
                          0.00    0.00   clock network delay (ideal)
                          0.25    0.25   clock uncertainty
                          0.00    0.25   clock reconvergence pessimism
                         -2.00   -1.75   output external delay
                                 -1.75   data required time
-----------------------------------------------------------------------------
                                 -1.75   data required time
                                 -3.52   data arrival time
-----------------------------------------------------------------------------
                                  5.27   slack (MET)


Startpoint: op[1] (input port clocked by __VIRTUAL_CLK__)
Endpoint: Y[1] (output port clocked by __VIRTUAL_CLK__)
Path Group: __VIRTUAL_CLK__
Path Type: min

Fanout     Cap    Slew   Delay    Time   Description
-----------------------------------------------------------------------------
                  0.00    0.00    0.00   clock __VIRTUAL_CLK__ (rise edge)
                          0.00    0.00   clock network delay (ideal)
                          2.00    2.00 v input external delay
                  0.37    0.27    2.27 v op[1] (in)
     7    0.17                           op[1] (net)
                  0.38    0.00    2.27 v _0888_/A (sky130_fd_sc_hd__and4_2)
                  0.29    0.53    2.79 v _0888_/X (sky130_fd_sc_hd__and4_2)
     6    0.13                           _0162_ (net)
                  0.29    0.01    2.80 v _0923_/B1 (sky130_fd_sc_hd__a32o_2)
                  0.14    0.40    3.20 v _0923_/X (sky130_fd_sc_hd__a32o_2)
     1    0.05                           _0196_ (net)
                  0.14    0.01    3.21 v _0925_/A2 (sky130_fd_sc_hd__o22a_2)
                  0.33    0.49    3.71 v _0925_/X (sky130_fd_sc_hd__o22a_2)
     8    0.14                           Y[1] (net)
                  0.33    0.01    3.71 v Y[1] (out)
                                  3.71   data arrival time

                  0.00    0.00    0.00   clock __VIRTUAL_CLK__ (rise edge)
                          0.00    0.00   clock network delay (ideal)
                          0.25    0.25   clock uncertainty
                          0.00    0.25   clock reconvergence pessimism
                         -2.00   -1.75   output external delay
                                 -1.75   data required time
-----------------------------------------------------------------------------
                                 -1.75   data required time
                                 -3.71   data arrival time
-----------------------------------------------------------------------------
                                  5.46   slack (MET)


Startpoint: op[0] (input port clocked by __VIRTUAL_CLK__)
Endpoint: Y[7] (output port clocked by __VIRTUAL_CLK__)
Path Group: __VIRTUAL_CLK__
Path Type: min

Fanout     Cap    Slew   Delay    Time   Description
-----------------------------------------------------------------------------
                  0.00    0.00    0.00   clock __VIRTUAL_CLK__ (rise edge)
                          0.00    0.00   clock network delay (ideal)
                          2.00    2.00 v input external delay
                  0.40    0.29    2.29 v op[0] (in)
    10    0.18                           op[0] (net)
                  0.41    0.00    2.29 v _0922_/B (sky130_fd_sc_hd__and3_2)
                  0.29    0.55    2.84 v _0922_/X (sky130_fd_sc_hd__and3_2)
     4    0.12                           _0195_ (net)
                  0.29    0.02    2.85 v _1113_/A (sky130_fd_sc_hd__and2_2)
                  0.11    0.35    3.20 v _1113_/X (sky130_fd_sc_hd__and2_2)
     1    0.04                           _0389_ (net)
                  0.11    0.00    3.20 v _1166_/A2 (sky130_fd_sc_hd__a211o_2)
                  0.26    0.56    3.76 v _1166_/X (sky130_fd_sc_hd__a211o_2)
     3    0.11                           Y[7] (net)
                  0.27    0.01    3.77 v Y[7] (out)
                                  3.77   data arrival time

                  0.00    0.00    0.00   clock __VIRTUAL_CLK__ (rise edge)
                          0.00    0.00   clock network delay (ideal)
                          0.25    0.25   clock uncertainty
                          0.00    0.25   clock reconvergence pessimism
                         -2.00   -1.75   output external delay
                                 -1.75   data required time
-----------------------------------------------------------------------------
                                 -1.75   data required time
                                 -3.77   data arrival time
-----------------------------------------------------------------------------
                                  5.52   slack (MET)


Startpoint: op[0] (input port clocked by __VIRTUAL_CLK__)
Endpoint: Y[6] (output port clocked by __VIRTUAL_CLK__)
Path Group: __VIRTUAL_CLK__
Path Type: min

Fanout     Cap    Slew   Delay    Time   Description
-----------------------------------------------------------------------------
                  0.00    0.00    0.00   clock __VIRTUAL_CLK__ (rise edge)
                          0.00    0.00   clock network delay (ideal)
                          2.00    2.00 v input external delay
                  0.40    0.27    2.27 v op[0] (in)
    10    0.18                           op[0] (net)
                  0.40    0.00    2.27 v _0944_/C_N (sky130_fd_sc_hd__or3b_2)
                  0.93    0.89    3.16 ^ _0944_/X (sky130_fd_sc_hd__or3b_2)
     5    0.17                           _0216_ (net)
                  0.93    0.02    3.17 ^ _1104_/A1 (sky130_fd_sc_hd__o21ai_2)
                  0.50    0.58    3.75 v _1104_/Y (sky130_fd_sc_hd__o21ai_2)
     2    0.13                           Y[6] (net)
                  0.51    0.03    3.78 v Y[6] (out)
                                  3.78   data arrival time

                  0.00    0.00    0.00   clock __VIRTUAL_CLK__ (rise edge)
                          0.00    0.00   clock network delay (ideal)
                          0.25    0.25   clock uncertainty
                          0.00    0.25   clock reconvergence pessimism
                         -2.00   -1.75   output external delay
                                 -1.75   data required time
-----------------------------------------------------------------------------
                                 -1.75   data required time
                                 -3.78   data arrival time
-----------------------------------------------------------------------------
                                  5.53   slack (MET)


Startpoint: op[1] (input port clocked by __VIRTUAL_CLK__)
Endpoint: Y[2] (output port clocked by __VIRTUAL_CLK__)
Path Group: __VIRTUAL_CLK__
Path Type: min

Fanout     Cap    Slew   Delay    Time   Description
-----------------------------------------------------------------------------
                  0.00    0.00    0.00   clock __VIRTUAL_CLK__ (rise edge)
                          0.00    0.00   clock network delay (ideal)
                          2.00    2.00 v input external delay
                  0.37    0.27    2.27 v op[1] (in)
     7    0.17                           op[1] (net)
                  0.38    0.00    2.27 v _0888_/A (sky130_fd_sc_hd__and4_2)
                  0.29    0.53    2.79 v _0888_/X (sky130_fd_sc_hd__and4_2)
     6    0.13                           _0162_ (net)
                  0.29    0.01    2.80 v _0889_/A (sky130_fd_sc_hd__inv_2)
                  0.71    0.59    3.39 ^ _0889_/Y (sky130_fd_sc_hd__inv_2)
     6    0.16                           _0163_ (net)
                  0.71    0.01    3.41 ^ _0949_/A2 (sky130_fd_sc_hd__o21ai_2)
                  0.59    0.59    4.00 v _0949_/Y (sky130_fd_sc_hd__o21ai_2)
     6    0.15                           Y[2] (net)
                  0.60    0.03    4.03 v Y[2] (out)
                                  4.03   data arrival time

                  0.00    0.00    0.00   clock __VIRTUAL_CLK__ (rise edge)
                          0.00    0.00   clock network delay (ideal)
                          0.25    0.25   clock uncertainty
                          0.00    0.25   clock reconvergence pessimism
                         -2.00   -1.75   output external delay
                                 -1.75   data required time
-----------------------------------------------------------------------------
                                 -1.75   data required time
                                 -4.03   data arrival time
-----------------------------------------------------------------------------
                                  5.78   slack (MET)


Startpoint: op[0] (input port clocked by __VIRTUAL_CLK__)
Endpoint: sign (output port clocked by __VIRTUAL_CLK__)
Path Group: __VIRTUAL_CLK__
Path Type: min

Fanout     Cap    Slew   Delay    Time   Description
-----------------------------------------------------------------------------
                  0.00    0.00    0.00   clock __VIRTUAL_CLK__ (rise edge)
                          0.00    0.00   clock network delay (ideal)
                          2.00    2.00 v input external delay
                  0.40    0.29    2.29 v op[0] (in)
    10    0.18                           op[0] (net)
                  0.41    0.00    2.29 v _0922_/B (sky130_fd_sc_hd__and3_2)
                  0.29    0.55    2.84 v _0922_/X (sky130_fd_sc_hd__and3_2)
     4    0.12                           _0195_ (net)
                  0.29    0.02    2.85 v _1113_/A (sky130_fd_sc_hd__and2_2)
                  0.11    0.35    3.20 v _1113_/X (sky130_fd_sc_hd__and2_2)
     1    0.04                           _0389_ (net)
                  0.11    0.00    3.20 v _1166_/A2 (sky130_fd_sc_hd__a211o_2)
                  0.26    0.56    3.76 v _1166_/X (sky130_fd_sc_hd__a211o_2)
     3    0.11                           Y[7] (net)
                  0.27    0.01    3.78 v _1349_/A (sky130_fd_sc_hd__buf_2)
                  0.19    0.33    4.10 v _1349_/X (sky130_fd_sc_hd__buf_2)
     1    0.08                           sign (net)
                  0.20    0.02    4.12 v sign (out)
                                  4.12   data arrival time

                  0.00    0.00    0.00   clock __VIRTUAL_CLK__ (rise edge)
                          0.00    0.00   clock network delay (ideal)
                          0.25    0.25   clock uncertainty
                          0.00    0.25   clock reconvergence pessimism
                         -2.00   -1.75   output external delay
                                 -1.75   data required time
-----------------------------------------------------------------------------
                                 -1.75   data required time
                                 -4.12   data arrival time
-----------------------------------------------------------------------------
                                  5.87   slack (MET)


Startpoint: op[0] (input port clocked by __VIRTUAL_CLK__)
Endpoint: Y[5] (output port clocked by __VIRTUAL_CLK__)
Path Group: __VIRTUAL_CLK__
Path Type: min

Fanout     Cap    Slew   Delay    Time   Description
-----------------------------------------------------------------------------
                  0.00    0.00    0.00   clock __VIRTUAL_CLK__ (rise edge)
                          0.00    0.00   clock network delay (ideal)
                          2.00    2.00 v input external delay
                  0.40    0.27    2.27 v op[0] (in)
    10    0.18                           op[0] (net)
                  0.40    0.00    2.27 v _0944_/C_N (sky130_fd_sc_hd__or3b_2)
                  0.93    0.89    3.16 ^ _0944_/X (sky130_fd_sc_hd__or3b_2)
     5    0.17                           _0216_ (net)
                  0.93    0.02    3.17 ^ _1050_/A1 (sky130_fd_sc_hd__o311a_2)
                  0.36    0.51    3.68 ^ _1050_/X (sky130_fd_sc_hd__o311a_2)
     1    0.07                           _0322_ (net)
                  0.36    0.01    3.70 ^ _1056_/A (sky130_fd_sc_hd__nand2_2)
                  0.43    0.41    4.10 v _1056_/Y (sky130_fd_sc_hd__nand2_2)
     2    0.11                           Y[5] (net)
                  0.43    0.02    4.13 v Y[5] (out)
                                  4.13   data arrival time

                  0.00    0.00    0.00   clock __VIRTUAL_CLK__ (rise edge)
                          0.00    0.00   clock network delay (ideal)
                          0.25    0.25   clock uncertainty
                          0.00    0.25   clock reconvergence pessimism
                         -2.00   -1.75   output external delay
                                 -1.75   data required time
-----------------------------------------------------------------------------
                                 -1.75   data required time
                                 -4.13   data arrival time
-----------------------------------------------------------------------------
                                  5.88   slack (MET)


Startpoint: op[2] (input port clocked by __VIRTUAL_CLK__)
Endpoint: Y[3] (output port clocked by __VIRTUAL_CLK__)
Path Group: __VIRTUAL_CLK__
Path Type: min

Fanout     Cap    Slew   Delay    Time   Description
-----------------------------------------------------------------------------
                  0.00    0.00    0.00   clock __VIRTUAL_CLK__ (rise edge)
                          0.00    0.00   clock network delay (ideal)
                          2.00    2.00 v input external delay
                  0.39    0.26    2.26 v op[2] (in)
     9    0.17                           op[2] (net)
                  0.39    0.00    2.26 v _0912_/C (sky130_fd_sc_hd__or3_2)
                  0.41    0.85    3.10 v _0912_/X (sky130_fd_sc_hd__or3_2)
     7    0.15                           _0185_ (net)
                  0.42    0.04    3.14 v _0976_/B1 (sky130_fd_sc_hd__o221a_2)
                  0.23    0.55    3.70 v _0976_/X (sky130_fd_sc_hd__o221a_2)
     1    0.09                           _0247_ (net)
                  0.23    0.02    3.72 v _0977_/B1 (sky130_fd_sc_hd__o31ai_2)
                  0.73    0.59    4.31 ^ _0977_/Y (sky130_fd_sc_hd__o31ai_2)
     5    0.13                           Y[3] (net)
                  0.73    0.01    4.31 ^ Y[3] (out)
                                  4.31   data arrival time

                  0.00    0.00    0.00   clock __VIRTUAL_CLK__ (rise edge)
                          0.00    0.00   clock network delay (ideal)
                          0.25    0.25   clock uncertainty
                          0.00    0.25   clock reconvergence pessimism
                         -2.00   -1.75   output external delay
                                 -1.75   data required time
-----------------------------------------------------------------------------
                                 -1.75   data required time
                                 -4.31   data arrival time
-----------------------------------------------------------------------------
                                  6.06   slack (MET)


Startpoint: op[0] (input port clocked by __VIRTUAL_CLK__)
Endpoint: Y[0] (output port clocked by __VIRTUAL_CLK__)
Path Group: __VIRTUAL_CLK__
Path Type: min

Fanout     Cap    Slew   Delay    Time   Description
-----------------------------------------------------------------------------
                  0.00    0.00    0.00   clock __VIRTUAL_CLK__ (rise edge)
                          0.00    0.00   clock network delay (ideal)
                          2.00    2.00 v input external delay
                  0.40    0.28    2.28 v op[0] (in)
    10    0.18                           op[0] (net)
                  0.40    0.00    2.28 v _0900_/B (sky130_fd_sc_hd__or3_2)
                  0.39    0.88    3.16 v _0900_/X (sky130_fd_sc_hd__or3_2)
     8    0.15                           _0174_ (net)
                  0.40    0.03    3.19 v _0906_/B1 (sky130_fd_sc_hd__o221a_2)
                  0.22    0.54    3.73 v _0906_/X (sky130_fd_sc_hd__o221a_2)
     2    0.09                           _0180_ (net)
                  0.22    0.02    3.75 v _0907_/B (sky130_fd_sc_hd__nand2_2)
                  0.69    0.56    4.31 ^ _0907_/Y (sky130_fd_sc_hd__nand2_2)
     1    0.14                           Y[0] (net)
                  0.69    0.02    4.33 ^ Y[0] (out)
                                  4.33   data arrival time

                  0.00    0.00    0.00   clock __VIRTUAL_CLK__ (rise edge)
                          0.00    0.00   clock network delay (ideal)
                          0.25    0.25   clock uncertainty
                          0.00    0.25   clock reconvergence pessimism
                         -2.00   -1.75   output external delay
                                 -1.75   data required time
-----------------------------------------------------------------------------
                                 -1.75   data required time
                                 -4.33   data arrival time
-----------------------------------------------------------------------------
                                  6.08   slack (MET)


Startpoint: op[0] (input port clocked by __VIRTUAL_CLK__)
Endpoint: zero (output port clocked by __VIRTUAL_CLK__)
Path Group: __VIRTUAL_CLK__
Path Type: min

Fanout     Cap    Slew   Delay    Time   Description
-----------------------------------------------------------------------------
                  0.00    0.00    0.00   clock __VIRTUAL_CLK__ (rise edge)
                          0.00    0.00   clock network delay (ideal)
                          2.00    2.00 v input external delay
                  0.40    0.28    2.28 v op[0] (in)
    10    0.18                           op[0] (net)
                  0.40    0.00    2.28 v _0900_/B (sky130_fd_sc_hd__or3_2)
                  0.39    0.88    3.16 v _0900_/X (sky130_fd_sc_hd__or3_2)
     8    0.15                           _0174_ (net)
                  0.40    0.03    3.19 v _0906_/B1 (sky130_fd_sc_hd__o221a_2)
                  0.22    0.54    3.73 v _0906_/X (sky130_fd_sc_hd__o221a_2)
     2    0.09                           _0180_ (net)
                  0.22    0.01    3.74 v _1338_/C (sky130_fd_sc_hd__and3b_2)
                  0.11    0.35    4.09 v _1338_/X (sky130_fd_sc_hd__and3b_2)
     1    0.03                           _0628_ (net)
                  0.11    0.00    4.09 v _1339_/A (sky130_fd_sc_hd__buf_1)
                  0.30    0.30    4.40 v _1339_/X (sky130_fd_sc_hd__buf_1)
     1    0.05                           zero (net)
                  0.30    0.01    4.40 v zero (out)
                                  4.40   data arrival time

                  0.00    0.00    0.00   clock __VIRTUAL_CLK__ (rise edge)
                          0.00    0.00   clock network delay (ideal)
                          0.25    0.25   clock uncertainty
                          0.00    0.25   clock reconvergence pessimism
                         -2.00   -1.75   output external delay
                                 -1.75   data required time
-----------------------------------------------------------------------------
                                 -1.75   data required time
                                 -4.40   data arrival time
-----------------------------------------------------------------------------
                                  6.15   slack (MET)


Startpoint: A[7] (input port clocked by __VIRTUAL_CLK__)
Endpoint: Y[15] (output port clocked by __VIRTUAL_CLK__)
Path Group: __VIRTUAL_CLK__
Path Type: min

Fanout     Cap    Slew   Delay    Time   Description
-----------------------------------------------------------------------------
                  0.00    0.00    0.00   clock __VIRTUAL_CLK__ (rise edge)
                          0.00    0.00   clock network delay (ideal)
                          2.00    2.00 v input external delay
                  0.35    0.24    2.24 v A[7] (in)
     6    0.16                           A[7] (net)
                  0.36    0.00    2.24 v _0687_/A (sky130_fd_sc_hd__inv_2)
                  0.69    0.61    2.85 ^ _0687_/Y (sky130_fd_sc_hd__inv_2)
     6    0.15                           _0532_ (net)
                  0.69    0.02    2.87 ^ _1312_/A (sky130_fd_sc_hd__or4b_2)
                  0.69    0.66    3.53 ^ _1312_/X (sky130_fd_sc_hd__or4b_2)
     2    0.12                           _0602_ (net)
                  0.69    0.03    3.56 ^ _1331_/A (sky130_fd_sc_hd__and3_2)
                  0.48    0.62    4.17 ^ _1331_/X (sky130_fd_sc_hd__and3_2)
     2    0.10                           _0621_ (net)
                  0.48    0.00    4.18 ^ _1332_/B (sky130_fd_sc_hd__nor2_2)
                  0.30    0.34    4.51 v _1332_/Y (sky130_fd_sc_hd__nor2_2)
     2    0.11                           Y[15] (net)
                  0.31    0.01    4.52 v Y[15] (out)
                                  4.52   data arrival time

                  0.00    0.00    0.00   clock __VIRTUAL_CLK__ (rise edge)
                          0.00    0.00   clock network delay (ideal)
                          0.25    0.25   clock uncertainty
                          0.00    0.25   clock reconvergence pessimism
                         -2.00   -1.75   output external delay
                                 -1.75   data required time
-----------------------------------------------------------------------------
                                 -1.75   data required time
                                 -4.52   data arrival time
-----------------------------------------------------------------------------
                                  6.27   slack (MET)


Startpoint: op[2] (input port clocked by __VIRTUAL_CLK__)
Endpoint: Y[10] (output port clocked by __VIRTUAL_CLK__)
Path Group: __VIRTUAL_CLK__
Path Type: min

Fanout     Cap    Slew   Delay    Time   Description
-----------------------------------------------------------------------------
                  0.00    0.00    0.00   clock __VIRTUAL_CLK__ (rise edge)
                          0.00    0.00   clock network delay (ideal)
                          2.00    2.00 v input external delay
                  0.39    0.29    2.29 v op[2] (in)
     9    0.17                           op[2] (net)
                  0.41    0.00    2.29 v _0901_/C (sky130_fd_sc_hd__or3_2)
                  0.16    0.62    2.91 v _0901_/X (sky130_fd_sc_hd__or3_2)
     1    0.03                           _0175_ (net)
                  0.16    0.00    2.91 v _0902_/A (sky130_fd_sc_hd__buf_1)
                  0.88    0.72    3.63 v _0902_/X (sky130_fd_sc_hd__buf_1)
     8    0.15                           _0176_ (net)
                  0.88    0.01    3.64 v _1265_/A (sky130_fd_sc_hd__nor2_2)
                  0.85    0.93    4.57 ^ _1265_/Y (sky130_fd_sc_hd__nor2_2)
     2    0.08                           Y[10] (net)
                  0.85    0.00    4.57 ^ Y[10] (out)
                                  4.57   data arrival time

                  0.00    0.00    0.00   clock __VIRTUAL_CLK__ (rise edge)
                          0.00    0.00   clock network delay (ideal)
                          0.25    0.25   clock uncertainty
                          0.00    0.25   clock reconvergence pessimism
                         -2.00   -1.75   output external delay
                                 -1.75   data required time
-----------------------------------------------------------------------------
                                 -1.75   data required time
                                 -4.57   data arrival time
-----------------------------------------------------------------------------
                                  6.32   slack (MET)


Startpoint: A[0] (input port clocked by __VIRTUAL_CLK__)
Endpoint: Y[9] (output port clocked by __VIRTUAL_CLK__)
Path Group: __VIRTUAL_CLK__
Path Type: min

Fanout     Cap    Slew   Delay    Time   Description
-----------------------------------------------------------------------------
                  0.00    0.00    0.00   clock __VIRTUAL_CLK__ (rise edge)
                          0.00    0.00   clock network delay (ideal)
                          2.00    2.00 v input external delay
                  0.38    0.25    2.25 v A[0] (in)
     8    0.17                           A[0] (net)
                  0.38    0.00    2.25 v _1129_/A (sky130_fd_sc_hd__nand2_2)
                  0.35    0.39    2.64 ^ _1129_/Y (sky130_fd_sc_hd__nand2_2)
     2    0.07                           _0407_ (net)
                  0.35    0.01    2.65 ^ _1168_/A1 (sky130_fd_sc_hd__o21ba_2)
                  0.60    0.57    3.22 ^ _1168_/X (sky130_fd_sc_hd__o21ba_2)
     3    0.11                           _0449_ (net)
                  0.60    0.01    3.23 ^ _1199_/A (sky130_fd_sc_hd__xnor2_2)
                  0.25    0.32    3.55 ^ _1199_/Y (sky130_fd_sc_hd__xnor2_2)
     2    0.05                           _0483_ (net)
                  0.25    0.00    3.55 ^ _1206_/A2 (sky130_fd_sc_hd__a21bo_2)
                  0.59    0.54    4.09 ^ _1206_/X (sky130_fd_sc_hd__a21bo_2)
     2    0.11                           _0490_ (net)
                  0.59    0.02    4.10 ^ _1236_/A (sky130_fd_sc_hd__xnor2_2)
                  0.19    0.28    4.38 ^ _1236_/Y (sky130_fd_sc_hd__xnor2_2)
     2    0.04                           _0523_ (net)
                  0.19    0.00    4.39 ^ _1237_/B (sky130_fd_sc_hd__nor2_2)
                  0.22    0.21    4.60 v _1237_/Y (sky130_fd_sc_hd__nor2_2)
     2    0.09                           Y[9] (net)
                  0.22    0.01    4.61 v Y[9] (out)
                                  4.61   data arrival time

                  0.00    0.00    0.00   clock __VIRTUAL_CLK__ (rise edge)
                          0.00    0.00   clock network delay (ideal)
                          0.25    0.25   clock uncertainty
                          0.00    0.25   clock reconvergence pessimism
                         -2.00   -1.75   output external delay
                                 -1.75   data required time
-----------------------------------------------------------------------------
                                 -1.75   data required time
                                 -4.61   data arrival time
-----------------------------------------------------------------------------
                                  6.36   slack (MET)


Startpoint: op[0] (input port clocked by __VIRTUAL_CLK__)
Endpoint: Y[8] (output port clocked by __VIRTUAL_CLK__)
Path Group: __VIRTUAL_CLK__
Path Type: min

Fanout     Cap    Slew   Delay    Time   Description
-----------------------------------------------------------------------------
                  0.00    0.00    0.00   clock __VIRTUAL_CLK__ (rise edge)
                          0.00    0.00   clock network delay (ideal)
                          2.00    2.00 ^ input external delay
                  0.81    0.55    2.55 ^ op[0] (in)
    10    0.18                           op[0] (net)
                  0.81    0.00    2.55 ^ _0901_/B (sky130_fd_sc_hd__or3_2)
                  0.16    0.32    2.87 ^ _0901_/X (sky130_fd_sc_hd__or3_2)
     1    0.03                           _0175_ (net)
                  0.16    0.00    2.87 ^ _0902_/A (sky130_fd_sc_hd__buf_1)
                  1.79    1.24    4.11 ^ _0902_/X (sky130_fd_sc_hd__buf_1)
     8    0.16                           _0176_ (net)
                  1.79    0.00    4.11 ^ _1205_/A (sky130_fd_sc_hd__nor2_2)
                  0.26    0.60    4.71 v _1205_/Y (sky130_fd_sc_hd__nor2_2)
     2    0.11                           Y[8] (net)
                  0.26    0.01    4.72 v Y[8] (out)
                                  4.72   data arrival time

                  0.00    0.00    0.00   clock __VIRTUAL_CLK__ (rise edge)
                          0.00    0.00   clock network delay (ideal)
                          0.25    0.25   clock uncertainty
                          0.00    0.25   clock reconvergence pessimism
                         -2.00   -1.75   output external delay
                                 -1.75   data required time
-----------------------------------------------------------------------------
                                 -1.75   data required time
                                 -4.72   data arrival time
-----------------------------------------------------------------------------
                                  6.47   slack (MET)


Startpoint: op[0] (input port clocked by __VIRTUAL_CLK__)
Endpoint: Y[4] (output port clocked by __VIRTUAL_CLK__)
Path Group: __VIRTUAL_CLK__
Path Type: min

Fanout     Cap    Slew   Delay    Time   Description
-----------------------------------------------------------------------------
                  0.00    0.00    0.00   clock __VIRTUAL_CLK__ (rise edge)
                          0.00    0.00   clock network delay (ideal)
                          2.00    2.00 v input external delay
                  0.40    0.27    2.27 v op[0] (in)
    10    0.18                           op[0] (net)
                  0.40    0.00    2.27 v _0898_/B (sky130_fd_sc_hd__and3_2)
                  0.37    0.60    2.87 v _0898_/X (sky130_fd_sc_hd__and3_2)
     4    0.16                           _0172_ (net)
                  0.37    0.02    2.89 v _1007_/A1 (sky130_fd_sc_hd__a221o_2)
                  0.13    0.53    3.43 v _1007_/X (sky130_fd_sc_hd__a221o_2)
     1    0.04                           _0277_ (net)
                  0.13    0.01    3.43 v _1011_/C (sky130_fd_sc_hd__or4b_2)
                  0.21    0.77    4.20 v _1011_/X (sky130_fd_sc_hd__or4b_2)
     1    0.04                           _0281_ (net)
                  0.21    0.01    4.20 v _1012_/A (sky130_fd_sc_hd__buf_1)
                  0.69    0.61    4.81 v _1012_/X (sky130_fd_sc_hd__buf_1)
     2    0.12                           Y[4] (net)
                  0.69    0.02    4.83 v Y[4] (out)
                                  4.83   data arrival time

                  0.00    0.00    0.00   clock __VIRTUAL_CLK__ (rise edge)
                          0.00    0.00   clock network delay (ideal)
                          0.25    0.25   clock uncertainty
                          0.00    0.25   clock reconvergence pessimism
                         -2.00   -1.75   output external delay
                                 -1.75   data required time
-----------------------------------------------------------------------------
                                 -1.75   data required time
                                 -4.83   data arrival time
-----------------------------------------------------------------------------
                                  6.58   slack (MET)


Startpoint: B[7] (input port clocked by __VIRTUAL_CLK__)
Endpoint: Y[11] (output port clocked by __VIRTUAL_CLK__)
Path Group: __VIRTUAL_CLK__
Path Type: min

Fanout     Cap    Slew   Delay    Time   Description
-----------------------------------------------------------------------------
                  0.00    0.00    0.00   clock __VIRTUAL_CLK__ (rise edge)
                          0.00    0.00   clock network delay (ideal)
                          2.00    2.00 ^ input external delay
                  0.88    0.59    2.59 ^ B[7] (in)
     7    0.20                           B[7] (net)
                  0.89    0.00    2.59 ^ _1212_/B (sky130_fd_sc_hd__and3_2)
                  0.48    0.63    3.22 ^ _1212_/X (sky130_fd_sc_hd__and3_2)
     2    0.10                           _0496_ (net)
                  0.48    0.01    3.23 ^ _1239_/B1 (sky130_fd_sc_hd__a31oi_2)
                  0.28    0.31    3.54 v _1239_/Y (sky130_fd_sc_hd__a31oi_2)
     2    0.09                           _0525_ (net)
                  0.28    0.01    3.55 v _1267_/A_N (sky130_fd_sc_hd__and2b_2)
                  0.23    0.43    3.98 ^ _1267_/X (sky130_fd_sc_hd__and2b_2)
     2    0.05                           _0555_ (net)
                  0.23    0.00    3.98 ^ _1285_/B (sky130_fd_sc_hd__nor3_2)
                  0.12    0.16    4.14 v _1285_/Y (sky130_fd_sc_hd__nor3_2)
     1    0.04                           _0574_ (net)
                  0.12    0.01    4.15 v _1286_/B (sky130_fd_sc_hd__nor2_2)
                  0.62    0.48    4.63 ^ _1286_/Y (sky130_fd_sc_hd__nor2_2)
     2    0.06                           _0576_ (net)
                  0.62    0.01    4.64 ^ _1287_/B (sky130_fd_sc_hd__xnor2_2)
                  0.33    0.36    5.00 ^ _1287_/Y (sky130_fd_sc_hd__xnor2_2)
     2    0.07                           _0577_ (net)
                  0.33    0.00    5.01 ^ _1288_/B (sky130_fd_sc_hd__nor2_2)
                  0.24    0.26    5.26 v _1288_/Y (sky130_fd_sc_hd__nor2_2)
     2    0.09                           Y[11] (net)
                  0.24    0.01    5.28 v Y[11] (out)
                                  5.28   data arrival time

                  0.00    0.00    0.00   clock __VIRTUAL_CLK__ (rise edge)
                          0.00    0.00   clock network delay (ideal)
                          0.25    0.25   clock uncertainty
                          0.00    0.25   clock reconvergence pessimism
                         -2.00   -1.75   output external delay
                                 -1.75   data required time
-----------------------------------------------------------------------------
                                 -1.75   data required time
                                 -5.28   data arrival time
-----------------------------------------------------------------------------
                                  7.03   slack (MET)


Startpoint: A[7] (input port clocked by __VIRTUAL_CLK__)
Endpoint: Y[13] (output port clocked by __VIRTUAL_CLK__)
Path Group: __VIRTUAL_CLK__
Path Type: min

Fanout     Cap    Slew   Delay    Time   Description
-----------------------------------------------------------------------------
                  0.00    0.00    0.00   clock __VIRTUAL_CLK__ (rise edge)
                          0.00    0.00   clock network delay (ideal)
                          2.00    2.00 v input external delay
                  0.35    0.26    2.26 v A[7] (in)
     6    0.16                           A[7] (net)
                  0.37    0.00    2.26 v _1183_/A (sky130_fd_sc_hd__and4_2)
                  0.30    0.53    2.79 v _1183_/X (sky130_fd_sc_hd__and4_2)
     5    0.14                           _0465_ (net)
                  0.30    0.01    2.79 v _1253_/A (sky130_fd_sc_hd__or3_2)
                  0.14    0.61    3.41 v _1253_/X (sky130_fd_sc_hd__or3_2)
     1    0.02                           _0540_ (net)
                  0.14    0.00    3.41 v _1254_/B (sky130_fd_sc_hd__nand2_2)
                  0.25    0.24    3.64 ^ _1254_/Y (sky130_fd_sc_hd__nand2_2)
     2    0.05                           _0541_ (net)
                  0.25    0.00    3.65 ^ _1269_/A2 (sky130_fd_sc_hd__o21ai_2)
                  0.33    0.30    3.95 v _1269_/Y (sky130_fd_sc_hd__o21ai_2)
     2    0.08                           _0557_ (net)
                  0.33    0.02    3.96 v _1290_/A1 (sky130_fd_sc_hd__a31o_2)
                  0.20    0.44    4.40 v _1290_/X (sky130_fd_sc_hd__a31o_2)
     2    0.08                           _0579_ (net)
                  0.20    0.01    4.42 v _1308_/A1 (sky130_fd_sc_hd__a21bo_2)
                  0.14    0.34    4.76 v _1308_/X (sky130_fd_sc_hd__a21bo_2)
     2    0.05                           _0598_ (net)
                  0.14    0.01    4.76 v _1319_/A (sky130_fd_sc_hd__xnor2_2)
                  0.26    0.53    5.30 ^ _1319_/Y (sky130_fd_sc_hd__xnor2_2)
     2    0.05                           _0610_ (net)
                  0.26    0.00    5.30 ^ _1320_/B (sky130_fd_sc_hd__nor2_2)
                  0.32    0.31    5.61 v _1320_/Y (sky130_fd_sc_hd__nor2_2)
     3    0.14                           Y[13] (net)
                  0.32    0.01    5.62 v Y[13] (out)
                                  5.62   data arrival time

                  0.00    0.00    0.00   clock __VIRTUAL_CLK__ (rise edge)
                          0.00    0.00   clock network delay (ideal)
                          0.25    0.25   clock uncertainty
                          0.00    0.25   clock reconvergence pessimism
                         -2.00   -1.75   output external delay
                                 -1.75   data required time
-----------------------------------------------------------------------------
                                 -1.75   data required time
                                 -5.62   data arrival time
-----------------------------------------------------------------------------
                                  7.37   slack (MET)


Startpoint: A[7] (input port clocked by __VIRTUAL_CLK__)
Endpoint: Y[14] (output port clocked by __VIRTUAL_CLK__)
Path Group: __VIRTUAL_CLK__
Path Type: min

Fanout     Cap    Slew   Delay    Time   Description
-----------------------------------------------------------------------------
                  0.00    0.00    0.00   clock __VIRTUAL_CLK__ (rise edge)
                          0.00    0.00   clock network delay (ideal)
                          2.00    2.00 v input external delay
                  0.35    0.24    2.24 v A[7] (in)
     6    0.16                           A[7] (net)
                  0.36    0.00    2.24 v _0687_/A (sky130_fd_sc_hd__inv_2)
                  0.69    0.61    2.85 ^ _0687_/Y (sky130_fd_sc_hd__inv_2)
     6    0.15                           _0532_ (net)
                  0.69    0.01    2.86 ^ _1295_/A (sky130_fd_sc_hd__or3b_2)
                  0.72    0.67    3.53 ^ _1295_/X (sky130_fd_sc_hd__or3b_2)
     3    0.13                           _0584_ (net)
                  0.72    0.02    3.55 ^ _1322_/A1 (sky130_fd_sc_hd__o21bai_2)
                  0.28    0.39    3.94 v _1322_/Y (sky130_fd_sc_hd__o21bai_2)
     2    0.07                           _0612_ (net)
                  0.28    0.00    3.95 v _1324_/A (sky130_fd_sc_hd__xnor2_2)
                  0.29    0.39    4.34 v _1324_/Y (sky130_fd_sc_hd__xnor2_2)
     2    0.07                           _0614_ (net)
                  0.29    0.01    4.35 v _1327_/A (sky130_fd_sc_hd__or2_2)
                  0.18    0.50    4.86 v _1327_/X (sky130_fd_sc_hd__or2_2)
     2    0.06                           _0618_ (net)
                  0.18    0.01    4.86 v _1328_/B (sky130_fd_sc_hd__nand2_2)
                  0.55    0.46    5.32 ^ _1328_/Y (sky130_fd_sc_hd__nand2_2)
     3    0.11                           _0619_ (net)
                  0.55    0.01    5.33 ^ _1329_/B (sky130_fd_sc_hd__nor2_2)
                  0.31    0.35    5.68 v _1329_/Y (sky130_fd_sc_hd__nor2_2)
     2    0.11                           Y[14] (net)
                  0.31    0.00    5.69 v Y[14] (out)
                                  5.69   data arrival time

                  0.00    0.00    0.00   clock __VIRTUAL_CLK__ (rise edge)
                          0.00    0.00   clock network delay (ideal)
                          0.25    0.25   clock uncertainty
                          0.00    0.25   clock reconvergence pessimism
                         -2.00   -1.75   output external delay
                                 -1.75   data required time
-----------------------------------------------------------------------------
                                 -1.75   data required time
                                 -5.69   data arrival time
-----------------------------------------------------------------------------
                                  7.44   slack (MET)


Startpoint: B[7] (input port clocked by __VIRTUAL_CLK__)
Endpoint: Y[12] (output port clocked by __VIRTUAL_CLK__)
Path Group: __VIRTUAL_CLK__
Path Type: min

Fanout     Cap    Slew   Delay    Time   Description
-----------------------------------------------------------------------------
                  0.00    0.00    0.00   clock __VIRTUAL_CLK__ (rise edge)
                          0.00    0.00   clock network delay (ideal)
                          2.00    2.00 v input external delay
                  0.43    0.31    2.31 v B[7] (in)
     7    0.20                           B[7] (net)
                  0.43    0.00    2.31 v _1213_/A2 (sky130_fd_sc_hd__a21oi_2)
                  0.46    0.53    2.83 ^ _1213_/Y (sky130_fd_sc_hd__a21oi_2)
     1    0.04                           _0497_ (net)
                  0.47    0.00    2.84 ^ _1214_/B (sky130_fd_sc_hd__nor2_2)
                  0.21    0.25    3.09 v _1214_/Y (sky130_fd_sc_hd__nor2_2)
     2    0.07                           _0498_ (net)
                  0.21    0.01    3.10 v _1226_/A (sky130_fd_sc_hd__nand2_2)
                  0.37    0.34    3.44 ^ _1226_/Y (sky130_fd_sc_hd__nand2_2)
     3    0.07                           _0512_ (net)
                  0.37    0.01    3.45 ^ _1256_/A2 (sky130_fd_sc_hd__a21oi_2)
                  0.26    0.34    3.79 v _1256_/Y (sky130_fd_sc_hd__a21oi_2)
     3    0.09                           _0544_ (net)
                  0.26    0.02    3.80 v _1284_/A1 (sky130_fd_sc_hd__o21a_2)
                  0.15    0.38    4.19 v _1284_/X (sky130_fd_sc_hd__o21a_2)
     2    0.06                           _0573_ (net)
                  0.15    0.01    4.19 v _1303_/B1 (sky130_fd_sc_hd__a21oi_2)
                  0.87    0.67    4.86 ^ _1303_/Y (sky130_fd_sc_hd__a21oi_2)
     2    0.08                           _0593_ (net)
                  0.87    0.02    4.88 ^ _1304_/B (sky130_fd_sc_hd__nand2_2)
                  0.12    0.18    5.06 v _1304_/Y (sky130_fd_sc_hd__nand2_2)
     1    0.02                           _0594_ (net)
                  0.12    0.00    5.06 v _1306_/A (sky130_fd_sc_hd__nand2_2)
                  0.40    0.32    5.38 ^ _1306_/Y (sky130_fd_sc_hd__nand2_2)
     2    0.08                           _0597_ (net)
                  0.40    0.01    5.39 ^ _1307_/B (sky130_fd_sc_hd__nor2_2)
                  0.31    0.31    5.70 v _1307_/Y (sky130_fd_sc_hd__nor2_2)
     2    0.12                           Y[12] (net)
                  0.32    0.03    5.74 v Y[12] (out)
                                  5.74   data arrival time

                  0.00    0.00    0.00   clock __VIRTUAL_CLK__ (rise edge)
                          0.00    0.00   clock network delay (ideal)
                          0.25    0.25   clock uncertainty
                          0.00    0.25   clock reconvergence pessimism
                         -2.00   -1.75   output external delay
                                 -1.75   data required time
-----------------------------------------------------------------------------
                                 -1.75   data required time
                                 -5.74   data arrival time
-----------------------------------------------------------------------------
                                  7.49   slack (MET)



