Partial/Required:  4.58, Required:    400.0, Partial:  1833.22, Net: _0195_, Pin: _1113_/A, Layer: met1
Partial/Required:  4.02, Required:    400.0, Partial:   1608.0, Net: _0301_, Pin: _1032_/D, Layer: met1
Partial/Required:  3.90, Required:    400.0, Partial:   1561.0, Net: B[4], Pin: _0680_/B, Layer: met1
Partial/Required:  3.59, Required:    400.0, Partial:   1435.0, Net: _0532_, Pin: _1312_/A, Layer: met1
Partial/Required:  3.57, Required:    400.0, Partial:  1426.44, Net: _0558_, Pin: _1278_/A, Layer: met1
Partial/Required:  3.44, Required:    400.0, Partial:  1376.44, Net: _0064_, Pin: _1323_/B, Layer: met1
Partial/Required:  3.34, Required:    400.0, Partial:  1335.89, Net: _0349_, Pin: _1175_/B, Layer: met1
Partial/Required:  3.23, Required:    400.0, Partial:  1293.56, Net: _0063_, Pin: _0791_/A, Layer: met1
Partial/Required:  3.11, Required:    400.0, Partial:  1244.33, Net: _0525_, Pin: _1267_/A_N, Layer: met1
Partial/Required:  2.99, Required:    400.0, Partial:  1195.44, Net: op[0], Pin: _0944_/C_N, Layer: met1
Partial/Required:  2.86, Required:    400.0, Partial:  1145.44, Net: _0316_, Pin: _1124_/A, Layer: met1
Partial/Required:  2.85, Required:    400.0, Partial:  1141.11, Net: _0073_, Pin: _0848_/B, Layer: met1
Partial/Required:  2.70, Required:    400.0, Partial:  1078.44, Net: _0534_, Pin: _1253_/B, Layer: met1
Partial/Required:  2.64, Required:    400.0, Partial:  1057.78, Net: _0501_, Pin: _1217_/D, Layer: met1
Partial/Required:  2.45, Required:    400.0, Partial:   980.61, Net: B[6], Pin: _1131_/B, Layer: met2
Partial/Required:  2.43, Required:    400.0, Partial:   971.89, Net: _0215_, Pin: _0946_/A, Layer: met1
Partial/Required:  2.41, Required:    400.0, Partial:   965.44, Net: Y[9], Pin: _1334_/A, Layer: met2
Partial/Required:  2.37, Required:    400.0, Partial:   947.22, Net: Y[14], Pin: _1336_/B, Layer: met1
Partial/Required:  2.29, Required:    400.0, Partial:   917.33, Net: _0384_, Pin: _1112_/A, Layer: met1
Partial/Required:  2.23, Required:    400.0, Partial:   892.78, Net: _0399_, Pin: _1123_/D_N, Layer: met1
Partial/Required:  2.15, Required:    400.0, Partial:   858.31, Net: B[5], Pin: _1027_/A2_N, Layer: met1
Partial/Required:  2.14, Required:    400.0, Partial:   855.11, Net: _0585_, Pin: _0740_/A, Layer: met1
Partial/Required:  2.14, Required:    400.0, Partial:   854.11, Net: _0614_, Pin: _1327_/A, Layer: met1
Partial/Required:  2.11, Required:    400.0, Partial:    843.0, Net: _0138_, Pin: _0908_/B, Layer: met1
Partial/Required:  2.08, Required:    400.0, Partial:   830.67, Net: _0380_, Pin: _1323_/A, Layer: met1
Partial/Required:  2.06, Required:    400.0, Partial:   823.22, Net: _0027_, Pin: _0779_/B, Layer: met1
Partial/Required:  2.03, Required:    400.0, Partial:   811.89, Net: A[7], Pin: _1183_/A, Layer: met1
Partial/Required:  2.03, Required:    400.0, Partial:   811.67, Net: _0608_, Pin: _1318_/B, Layer: met1
Partial/Required:  2.01, Required:    400.0, Partial:   802.33, Net: _0240_, Pin: _0971_/A, Layer: met1
Partial/Required:  1.99, Required:    400.0, Partial:   796.33, Net: _0638_, Pin: _0887_/B, Layer: met1
Partial/Required:  1.94, Required:    400.0, Partial:   774.72, Net: _0178_, Pin: _0905_/A2, Layer: met1
Partial/Required:  1.90, Required:    400.0, Partial:   759.22, Net: _0130_, Pin: _0857_/B, Layer: met1
Partial/Required:  1.89, Required:    400.0, Partial:   757.39, Net: _0223_, Pin: _0953_/D, Layer: met2
Partial/Required:  1.88, Required:    400.0, Partial:   752.89, Net: _0295_, Pin: _1136_/C, Layer: met1
Partial/Required:  1.87, Required:    400.0, Partial:   749.16, Net: _0569_, Pin: _1290_/A3, Layer: met1
Partial/Required:  1.82, Required:    400.0, Partial:   726.25, Net: _0135_, Pin: _0862_/B1, Layer: met1
Partial/Required:  1.78, Required:    400.0, Partial:   713.94, Net: _0585_, Pin: _0740_/A, Layer: met2
Partial/Required:  1.75, Required:    400.0, Partial:   701.11, Net: _0227_, Pin: _0958_/A, Layer: met1
Partial/Required:  1.73, Required:    400.0, Partial:   691.02, Net: _0037_, Pin: _0973_/B2, Layer: met1
Partial/Required:  1.67, Required:    400.0, Partial:   669.22, Net: A[0], Pin: _0928_/C, Layer: met1
Partial/Required:  1.65, Required:    400.0, Partial:   658.33, Net: _0056_, Pin: _0786_/B, Layer: met1
Partial/Required:  1.62, Required:    400.0, Partial:   646.49, Net: _0337_, Pin: _1103_/A2, Layer: met1
Partial/Required:  1.57, Required:    400.0, Partial:   626.92, Net: _0290_, Pin: _1050_/B1, Layer: met1
Partial/Required:  1.57, Required:    400.0, Partial:   626.29, Net: _0173_, Pin: _0906_/A2, Layer: met1
Partial/Required:  1.56, Required:    400.0, Partial:   625.89, Net: _0261_, Pin: _1045_/A, Layer: met1
Partial/Required:  1.53, Required:    400.0, Partial:   613.89, Net: A[6], Pin: _0678_/A, Layer: met1
Partial/Required:  1.52, Required:    400.0, Partial:   609.66, Net: _0147_, Pin: _0874_/B1, Layer: met1
Partial/Required:  1.52, Required:    400.0, Partial:   606.95, Net: _0559_, Pin: _1291_/A1, Layer: met1
Partial/Required:  1.52, Required:    400.0, Partial:   606.67, Net: _0190_, Pin: _0918_/B2, Layer: met1
Partial/Required:  1.50, Required:    400.0, Partial:   599.44, Net: _0498_, Pin: _1227_/A, Layer: met1
Partial/Required:  1.49, Required:    400.0, Partial:   597.44, Net: _0638_, Pin: _0709_/B, Layer: met1
Partial/Required:  1.49, Required:    400.0, Partial:   594.59, Net: _0395_, Pin: _1119_/C1, Layer: met2
Partial/Required:  1.48, Required:    400.0, Partial:   590.88, Net: _0371_, Pin: _0746_/B1, Layer: met1
Partial/Required:  1.47, Required:    400.0, Partial:    586.0, Net: _0623_, Pin: _1335_/D, Layer: met1
Partial/Required:  1.46, Required:    400.0, Partial:   584.22, Net: _0187_, Pin: _0927_/C, Layer: met1
Partial/Required:  1.45, Required:    400.0, Partial:   580.67, Net: _0064_, Pin: _1312_/D_N, Layer: met1
Partial/Required:  1.45, Required:    400.0, Partial:   580.43, Net: _0128_, Pin: _0855_/A1, Layer: met1
Partial/Required:  1.45, Required:    400.0, Partial:   579.89, Net: _0590_, Pin: _1309_/B, Layer: met1
Partial/Required:  1.42, Required:    400.0, Partial:   567.78, Net: op[0], Pin: _0922_/B, Layer: met1
Partial/Required:  1.41, Required:    400.0, Partial:   565.33, Net: A[4], Pin: _0983_/B, Layer: met1
Partial/Required:  1.41, Required:    400.0, Partial:   564.44, Net: _0064_, Pin: _1107_/B, Layer: met1
Partial/Required:  1.40, Required:    400.0, Partial:   561.11, Net: _0119_, Pin: _0883_/B, Layer: met1
Partial/Required:  1.39, Required:    400.0, Partial:   555.14, Net: _0414_, Pin: _0814_/C1, Layer: met1
Partial/Required:  1.38, Required:    400.0, Partial:   551.56, Net: op[2], Pin: _0944_/B, Layer: met1
Partial/Required:  1.37, Required:    400.0, Partial:   548.44, Net: B[3], Pin: _0963_/B, Layer: met1
Partial/Required:  1.35, Required:    400.0, Partial:    539.3, Net: _0163_, Pin: _1010_/A2, Layer: met1
Partial/Required:  1.34, Required:    400.0, Partial:   535.26, Net: _0267_, Pin: _1006_/A1_N, Layer: met1
Partial/Required:  1.34, Required:    400.0, Partial:   534.21, Net: _0380_, Pin: _1120_/A2, Layer: met1
Partial/Required:  1.33, Required:    400.0, Partial:   531.04, Net: _0108_, Pin: _0835_/B1, Layer: met1
Partial/Required:  1.29, Required:    400.0, Partial:   515.22, Net: _0194_, Pin: _0943_/A, Layer: met1
Partial/Required:  1.29, Required:    400.0, Partial:   515.14, Net: _0413_, Pin: _1152_/A1, Layer: met1
Partial/Required:  1.28, Required:    400.0, Partial:   511.58, Net: _0432_, Pin: _1155_/A1, Layer: met1
Partial/Required:  1.27, Required:    400.0, Partial:    510.0, Net: B[0], Pin: _0983_/A, Layer: met1
Partial/Required:  1.27, Required:    400.0, Partial:   509.11, Net: Y[12], Pin: _1335_/C, Layer: met1
Partial/Required:  1.26, Required:    400.0, Partial:   502.44, Net: _0386_, Pin: _1112_/B, Layer: met1
Partial/Required:  1.25, Required:   2896.8, Partial:  3616.38, Net: Y[6], Pin: _1333_/B, Layer: met3
Partial/Required:  1.24, Required:    400.0, Partial:   497.44, Net: _0382_, Pin: _1108_/A, Layer: met1
Partial/Required:  1.24, Required:    400.0, Partial:   496.56, Net: _0360_, Pin: _0697_/A, Layer: met1
Partial/Required:  1.23, Required:    400.0, Partial:   493.74, Net: B[3], Pin: _0670_/A, Layer: met1
Partial/Required:  1.23, Required:    400.0, Partial:   491.82, Net: B[0], Pin: _0668_/A, Layer: met1
Partial/Required:  1.23, Required:    400.0, Partial:    491.1, Net: _0382_, Pin: _1122_/B1, Layer: met1
Partial/Required:  1.23, Required:    400.0, Partial:   490.25, Net: _0380_, Pin: _1249_/B2, Layer: met1
Partial/Required:  1.22, Required:    400.0, Partial:   489.67, Net: _0105_, Pin: _0842_/B, Layer: met1
Partial/Required:  1.22, Required:    400.0, Partial:   487.37, Net: _0358_, Pin: _1152_/A2, Layer: met1
Partial/Required:  1.22, Required:    400.0, Partial:   486.11, Net: _0168_, Pin: _0900_/A, Layer: met1
Partial/Required:  1.21, Required:    400.0, Partial:   484.56, Net: _0642_, Pin: _1017_/A, Layer: met1
Partial/Required:  1.21, Required:    400.0, Partial:   484.44, Net: _0328_, Pin: _0951_/A, Layer: met1
Partial/Required:  1.19, Required:    400.0, Partial:   476.11, Net: _0580_, Pin: _1309_/A_N, Layer: met1
Partial/Required:  1.18, Required:    400.0, Partial:   472.92, Net: _0198_, Pin: _0929_/B1, Layer: met1
Partial/Required:  1.18, Required:    400.0, Partial:   470.66, Net: B[4], Pin: _0665_/A, Layer: met1
Partial/Required:  1.16, Required:    400.0, Partial:   465.37, Net: _0022_, Pin: _0799_/A1, Layer: met1
Partial/Required:  1.15, Required:    400.0, Partial:    461.8, Net: _0050_, Pin: _0777_/B1, Layer: met1
Partial/Required:  1.14, Required:    400.0, Partial:   456.22, Net: _0618_, Pin: _1331_/C, Layer: met1
Partial/Required:  1.13, Required:    400.0, Partial:   453.56, Net: _0456_, Pin: _1177_/A_N, Layer: met1
Partial/Required:  1.13, Required:    400.0, Partial:   452.89, Net: B[2], Pin: _1079_/B, Layer: met1
Partial/Required:  1.13, Required:    400.0, Partial:   450.33, Net: _0420_, Pin: _1150_/A, Layer: met1
Partial/Required:  1.12, Required:    400.0, Partial:   446.22, Net: _0189_, Pin: _0921_/B, Layer: met1
Partial/Required:  1.11, Required:    400.0, Partial:   442.67, Net: op[2], Pin: _0895_/C, Layer: met1
Partial/Required:  1.10, Required:    400.0, Partial:   441.16, Net: op[2], Pin: _1121_/D1, Layer: met1
Partial/Required:  1.10, Required:    400.0, Partial:   438.56, Net: _0002_, Pin: _0729_/B, Layer: met1
Partial/Required:  1.08, Required:    400.0, Partial:   433.33, Net: _0329_, Pin: _1215_/B, Layer: met1
Partial/Required:  1.08, Required:    400.0, Partial:   431.67, Net: _0026_, Pin: _0785_/A, Layer: met1
Partial/Required:  1.07, Required:    400.0, Partial:   427.67, Net: _0415_, Pin: _1138_/A_N, Layer: met1
Partial/Required:  1.06, Required:    400.0, Partial:   425.67, Net: _0522_, Pin: _0887_/C_N, Layer: met1
Partial/Required:  1.05, Required:    400.0, Partial:   419.09, Net: _0010_, Pin: _1249_/B1, Layer: met1
Partial/Required:  1.05, Required:    400.0, Partial:   418.53, Net: _0045_, Pin: _0772_/B1, Layer: met1
Partial/Required:  1.04, Required:    400.0, Partial:   417.89, Net: _0336_, Pin: _1103_/A1, Layer: met1
Partial/Required:  1.04, Required:    400.0, Partial:    416.9, Net: _0181_, Pin: _0932_/A, Layer: met3
Partial/Required:  1.04, Required:    400.0, Partial:    416.9, Net: _0181_, Pin: _0910_/B, Layer: met3
Partial/Required:  1.04, Required:    400.0, Partial:    416.9, Net: _0181_, Pin: _0931_/A, Layer: met3
Partial/Required:  1.04, Required:    400.0, Partial:   415.78, Net: _0266_, Pin: _1011_/A, Layer: met1
Partial/Required:  1.01, Required:    400.0, Partial:   404.22, Net: _0282_, Pin: _1051_/A, Layer: met1
Partial/Required:  1.01, Required:    400.0, Partial:   404.15, Net: _0095_, Pin: _0847_/A1, Layer: met1
Partial/Required:  1.01, Required:    400.0, Partial:   404.06, Net: _0626_, Pin: _1337_/D, Layer: met2
Partial/Required:  1.01, Required:    400.0, Partial:   402.24, Net: _0071_, Pin: _0839_/C1, Layer: met1
