
===========================================================================
report_checks -unconstrained
===========================================================================
======================= Fastest Corner ===================================

Startpoint: B[5] (input port clocked by __VIRTUAL_CLK__)
Endpoint: Y[0] (output port clocked by __VIRTUAL_CLK__)
Path Group: __VIRTUAL_CLK__
Path Type: max
Corner: Fastest

Fanout     Cap    Slew   Delay    Time   Description
-----------------------------------------------------------------------------
                  0.00    0.00    0.00   clock __VIRTUAL_CLK__ (rise edge)
                          0.00    0.00   clock network delay (ideal)
                          2.00    2.00 v input external delay
                  0.01    0.00    2.00 v B[5] (in)
     1    0.00                           B[5] (net)
                  0.01    0.00    2.00 v input14/A (sky130_fd_sc_hd__clkbuf_4)
                  0.09    0.15    2.15 v input14/X (sky130_fd_sc_hd__clkbuf_4)
     2    0.07                           net14 (net)
                  0.09    0.01    2.16 v _0658_/B (sky130_fd_sc_hd__or3_4)
                  0.15    0.38    2.53 v _0658_/X (sky130_fd_sc_hd__or3_4)
     5    0.12                           _0309_ (net)
                  0.15    0.01    2.55 v _0666_/D (sky130_fd_sc_hd__or4_4)
                  0.13    0.40    2.94 v _0666_/X (sky130_fd_sc_hd__or4_4)
     2    0.07                           _0395_ (net)
                  0.13    0.00    2.95 v _0667_/A3 (sky130_fd_sc_hd__o31a_4)
                  0.11    0.30    3.25 v _0667_/X (sky130_fd_sc_hd__o31a_4)
     4    0.09                           _0406_ (net)
                  0.12    0.01    3.26 v _0668_/B (sky130_fd_sc_hd__or2_4)
                  0.11    0.27    3.53 v _0668_/X (sky130_fd_sc_hd__or2_4)
     4    0.10                           _0417_ (net)
                  0.11    0.00    3.53 v _0676_/A2 (sky130_fd_sc_hd__a31o_4)
                  0.14    0.29    3.82 v _0676_/X (sky130_fd_sc_hd__a31o_4)
     6    0.13                           _0503_ (net)
                  0.14    0.01    3.83 v _0683_/A3 (sky130_fd_sc_hd__a41o_2)
                  0.10    0.30    4.14 v _0683_/X (sky130_fd_sc_hd__a41o_2)
     3    0.05                           _0578_ (net)
                  0.10    0.00    4.14 v _0690_/A2 (sky130_fd_sc_hd__a32o_4)
                  0.07    0.24    4.38 v _0690_/X (sky130_fd_sc_hd__a32o_4)
     3    0.05                           _0626_ (net)
                  0.07    0.00    4.38 v _0692_/A3 (sky130_fd_sc_hd__a31o_2)
                  0.09    0.25    4.63 v _0692_/X (sky130_fd_sc_hd__a31o_2)
     1    0.04                           _0628_ (net)
                  0.09    0.00    4.63 v _0693_/A2 (sky130_fd_sc_hd__a211oi_4)
                  0.32    0.34    4.97 ^ _0693_/Y (sky130_fd_sc_hd__a211oi_4)
     2    0.03                           _0629_ (net)
                  0.32    0.00    4.98 ^ wire53/A (sky130_fd_sc_hd__buf_2)
                  0.14    0.19    5.17 ^ wire53/X (sky130_fd_sc_hd__buf_2)
     3    0.04                           net53 (net)
                  0.14    0.00    5.17 ^ max_cap52/A (sky130_fd_sc_hd__clkbuf_2)
                  0.14    0.17    5.34 ^ max_cap52/X (sky130_fd_sc_hd__clkbuf_2)
     1    0.03                           net52 (net)
                  0.14    0.00    5.35 ^ _0701_/B (sky130_fd_sc_hd__nand3b_4)
                  0.20    0.19    5.54 v _0701_/Y (sky130_fd_sc_hd__nand3b_4)
     4    0.09                           _0637_ (net)
                  0.20    0.01    5.54 v _0706_/A2 (sky130_fd_sc_hd__a21o_4)
                  0.09    0.27    5.82 v _0706_/X (sky130_fd_sc_hd__a21o_4)
     3    0.09                           _0642_ (net)
                  0.10    0.02    5.83 v _0720_/B2 (sky130_fd_sc_hd__a22oi_4)
                  0.22    0.21    6.04 ^ _0720_/Y (sky130_fd_sc_hd__a22oi_4)
     2    0.05                           _0002_ (net)
                  0.22    0.00    6.04 ^ _0730_/A2 (sky130_fd_sc_hd__o31ai_4)
                  0.11    0.11    6.15 v _0730_/Y (sky130_fd_sc_hd__o31ai_4)
     2    0.04                           _0012_ (net)
                  0.11    0.00    6.15 v _0732_/A2 (sky130_fd_sc_hd__a21oi_4)
                  0.37    0.36    6.51 ^ _0732_/Y (sky130_fd_sc_hd__a21oi_4)
     3    0.07                           _0014_ (net)
                  0.37    0.00    6.51 ^ max_cap46/A (sky130_fd_sc_hd__buf_4)
                  0.11    0.17    6.68 ^ max_cap46/X (sky130_fd_sc_hd__buf_4)
     3    0.05                           net46 (net)
                  0.11    0.00    6.69 ^ _0733_/S (sky130_fd_sc_hd__mux2_8)
                  0.08    0.29    6.98 v _0733_/X (sky130_fd_sc_hd__mux2_8)
     3    0.07                           _0015_ (net)
                  0.08    0.00    6.98 v _0746_/B (sky130_fd_sc_hd__xnor2_1)
                  0.19    0.19    7.18 ^ _0746_/Y (sky130_fd_sc_hd__xnor2_1)
     1    0.01                           _0028_ (net)
                  0.19    0.00    7.18 ^ wire42/A (sky130_fd_sc_hd__buf_4)
                  0.19    0.21    7.39 ^ wire42/X (sky130_fd_sc_hd__buf_4)
     3    0.09                           net42 (net)
                  0.19    0.02    7.41 ^ _0763_/A1 (sky130_fd_sc_hd__a21o_4)
                  0.16    0.19    7.59 ^ _0763_/X (sky130_fd_sc_hd__a21o_4)
     2    0.08                           _0045_ (net)
                  0.16    0.02    7.61 ^ _0765_/A2 (sky130_fd_sc_hd__a21o_4)
                  0.29    0.29    7.89 ^ _0765_/X (sky130_fd_sc_hd__a21o_4)
     4    0.14                           _0047_ (net)
                  0.29    0.01    7.91 ^ _0776_/A1 (sky130_fd_sc_hd__a32oi_4)
                  0.18    0.19    8.09 v _0776_/Y (sky130_fd_sc_hd__a32oi_4)
     3    0.06                           _0058_ (net)
                  0.18    0.01    8.10 v _0780_/A2 (sky130_fd_sc_hd__a21oi_4)
                  0.26    0.30    8.40 ^ _0780_/Y (sky130_fd_sc_hd__a21oi_4)
     5    0.05                           _0062_ (net)
                  0.26    0.00    8.40 ^ max_cap39/A (sky130_fd_sc_hd__buf_4)
                  0.12    0.18    8.57 ^ max_cap39/X (sky130_fd_sc_hd__buf_4)
     4    0.06                           net39 (net)
                  0.12    0.01    8.58 ^ _0788_/A2 (sky130_fd_sc_hd__o21ba_4)
                  0.34    0.31    8.89 ^ _0788_/X (sky130_fd_sc_hd__o21ba_4)
     4    0.13                           _0070_ (net)
                  0.34    0.02    8.91 ^ _0789_/B (sky130_fd_sc_hd__xnor2_4)
                  0.18    0.17    9.08 v _0789_/Y (sky130_fd_sc_hd__xnor2_4)
     3    0.08                           _0071_ (net)
                  0.18    0.01    9.10 v _0825_/A (sky130_fd_sc_hd__nor2_2)
                  0.32    0.33    9.42 ^ _0825_/Y (sky130_fd_sc_hd__nor2_2)
     2    0.04                           _0107_ (net)
                  0.32    0.00    9.42 ^ _0835_/A4 (sky130_fd_sc_hd__a41o_4)
                  0.16    0.26    9.68 ^ _0835_/X (sky130_fd_sc_hd__a41o_4)
     3    0.07                           _0117_ (net)
                  0.16    0.01    9.70 ^ _0836_/B (sky130_fd_sc_hd__and2_1)
                  0.19    0.21    9.90 ^ _0836_/X (sky130_fd_sc_hd__and2_1)
     1    0.02                           _0118_ (net)
                  0.19    0.00    9.91 ^ _0837_/A (sky130_fd_sc_hd__buf_6)
                  0.21    0.22   10.12 ^ _0837_/X (sky130_fd_sc_hd__buf_6)
     8    0.14                           _0119_ (net)
                  0.21    0.01   10.13 ^ _0850_/S (sky130_fd_sc_hd__mux2_4)
                  0.19    0.25   10.38 ^ _0850_/X (sky130_fd_sc_hd__mux2_4)
     4    0.09                           _0132_ (net)
                  0.19    0.00   10.39 ^ _0851_/B1 (sky130_fd_sc_hd__o22a_2)
                  0.16    0.20   10.59 ^ _0851_/X (sky130_fd_sc_hd__o22a_2)
     1    0.04                           _0133_ (net)
                  0.16    0.00   10.59 ^ _0863_/A1 (sky130_fd_sc_hd__a21o_1)
                  0.21    0.22   10.81 ^ _0863_/X (sky130_fd_sc_hd__a21o_1)
     1    0.03                           _0145_ (net)
                  0.21    0.00   10.81 ^ _0871_/A2 (sky130_fd_sc_hd__a21o_1)
                  0.15    0.18   11.00 ^ _0871_/X (sky130_fd_sc_hd__a21o_1)
     1    0.02                           _0153_ (net)
                  0.15    0.00   11.00 ^ _0881_/A1 (sky130_fd_sc_hd__a21oi_2)
                  0.09    0.10   11.10 v _0881_/Y (sky130_fd_sc_hd__a21oi_2)
     2    0.03                           _0163_ (net)
                  0.09    0.00   11.10 v _0895_/A (sky130_fd_sc_hd__or4_2)
                  0.11    0.48   11.58 v _0895_/X (sky130_fd_sc_hd__or4_2)
     1    0.02                           _0177_ (net)
                  0.11    0.00   11.58 v _0896_/A (sky130_fd_sc_hd__buf_1)
                  0.04    0.11   11.69 v _0896_/X (sky130_fd_sc_hd__buf_1)
     1    0.01                           net20 (net)
                  0.04    0.00   11.69 v output20/A (sky130_fd_sc_hd__clkbuf_4)
                  0.06    0.13   11.82 v output20/X (sky130_fd_sc_hd__clkbuf_4)
     1    0.03                           Y[0] (net)
                  0.06    0.00   11.82 v Y[0] (out)
                                 11.82   data arrival time

                  0.00   10.00   10.00   clock __VIRTUAL_CLK__ (rise edge)
                          0.00   10.00   clock network delay (ideal)
                         -0.25    9.75   clock uncertainty
                          0.00    9.75   clock reconvergence pessimism
                         -2.00    7.75   output external delay
                                  7.75   data required time
-----------------------------------------------------------------------------
                                  7.75   data required time
                                -11.82   data arrival time
-----------------------------------------------------------------------------
                                 -4.07   slack (VIOLATED)



======================= Slowest Corner ===================================

Startpoint: B[6] (input port clocked by __VIRTUAL_CLK__)
Endpoint: Y[0] (output port clocked by __VIRTUAL_CLK__)
Path Group: __VIRTUAL_CLK__
Path Type: max
Corner: Slowest

Fanout     Cap    Slew   Delay    Time   Description
-----------------------------------------------------------------------------
                  0.00    0.00    0.00   clock __VIRTUAL_CLK__ (rise edge)
                          0.00    0.00   clock network delay (ideal)
                          2.00    2.00 v input external delay
                  0.02    0.01    2.01 v B[6] (in)
     1    0.00                           B[6] (net)
                  0.02    0.00    2.01 v input15/A (sky130_fd_sc_hd__buf_2)
                  0.22    0.38    2.39 v input15/X (sky130_fd_sc_hd__buf_2)
     2    0.05                           net15 (net)
                  0.22    0.00    2.39 v _0658_/A (sky130_fd_sc_hd__or3_4)
                  0.37    1.20    3.59 v _0658_/X (sky130_fd_sc_hd__or3_4)
     5    0.12                           _0309_ (net)
                  0.37    0.01    3.61 v _0666_/D (sky130_fd_sc_hd__or4_4)
                  0.34    1.27    4.88 v _0666_/X (sky130_fd_sc_hd__or4_4)
     2    0.07                           _0395_ (net)
                  0.34    0.00    4.88 v _0667_/A3 (sky130_fd_sc_hd__o31a_4)
                  0.28    0.89    5.77 v _0667_/X (sky130_fd_sc_hd__o31a_4)
     4    0.09                           _0406_ (net)
                  0.28    0.01    5.79 v _0668_/B (sky130_fd_sc_hd__or2_4)
                  0.27    0.79    6.57 v _0668_/X (sky130_fd_sc_hd__or2_4)
     4    0.10                           _0417_ (net)
                  0.27    0.00    6.58 v _0676_/A2 (sky130_fd_sc_hd__a31o_4)
                  0.32    0.79    7.36 v _0676_/X (sky130_fd_sc_hd__a31o_4)
     6    0.13                           _0503_ (net)
                  0.32    0.01    7.37 v _0681_/B (sky130_fd_sc_hd__and4_2)
                  0.23    0.77    8.14 v _0681_/X (sky130_fd_sc_hd__and4_2)
     3    0.04                           _0556_ (net)
                  0.23    0.00    8.14 v _0682_/C (sky130_fd_sc_hd__or3_4)
                  0.29    0.97    9.11 v _0682_/X (sky130_fd_sc_hd__or3_4)
     3    0.07                           _0567_ (net)
                  0.29    0.01    9.12 v _0692_/A1 (sky130_fd_sc_hd__a31o_2)
                  0.22    0.66    9.78 v _0692_/X (sky130_fd_sc_hd__a31o_2)
     1    0.04                           _0628_ (net)
                  0.22    0.01    9.79 v _0693_/A2 (sky130_fd_sc_hd__a211oi_4)
                  0.70    0.84   10.63 ^ _0693_/Y (sky130_fd_sc_hd__a211oi_4)
     2    0.03                           _0629_ (net)
                  0.70    0.00   10.63 ^ wire53/A (sky130_fd_sc_hd__buf_2)
                  0.30    0.64   11.27 ^ wire53/X (sky130_fd_sc_hd__buf_2)
     3    0.04                           net53 (net)
                  0.30    0.00   11.27 ^ max_cap52/A (sky130_fd_sc_hd__clkbuf_2)
                  0.28    0.47   11.74 ^ max_cap52/X (sky130_fd_sc_hd__clkbuf_2)
     1    0.03                           net52 (net)
                  0.28    0.00   11.74 ^ _0701_/B (sky130_fd_sc_hd__nand3b_4)
                  0.64    0.65   12.39 v _0701_/Y (sky130_fd_sc_hd__nand3b_4)
     4    0.09                           _0637_ (net)
                  0.64    0.01   12.40 v _0706_/A2 (sky130_fd_sc_hd__a21o_4)
                  0.23    0.83   13.23 v _0706_/X (sky130_fd_sc_hd__a21o_4)
     3    0.09                           _0642_ (net)
                  0.24    0.02   13.25 v _0720_/B2 (sky130_fd_sc_hd__a22oi_4)
                  0.61    0.66   13.90 ^ _0720_/Y (sky130_fd_sc_hd__a22oi_4)
     2    0.05                           _0002_ (net)
                  0.61    0.00   13.90 ^ _0730_/A2 (sky130_fd_sc_hd__o31ai_4)
                  0.26    0.45   14.35 v _0730_/Y (sky130_fd_sc_hd__o31ai_4)
     2    0.04                           _0012_ (net)
                  0.26    0.00   14.36 v _0732_/A2 (sky130_fd_sc_hd__a21oi_4)
                  0.79    0.83   15.18 ^ _0732_/Y (sky130_fd_sc_hd__a21oi_4)
     3    0.07                           _0014_ (net)
                  0.79    0.00   15.19 ^ max_cap46/A (sky130_fd_sc_hd__buf_4)
                  0.24    0.64   15.82 ^ max_cap46/X (sky130_fd_sc_hd__buf_4)
     3    0.05                           net46 (net)
                  0.24    0.00   15.83 ^ _0733_/S (sky130_fd_sc_hd__mux2_8)
                  0.17    0.91   16.74 v _0733_/X (sky130_fd_sc_hd__mux2_8)
     3    0.07                           _0015_ (net)
                  0.17    0.00   16.74 v _0746_/B (sky130_fd_sc_hd__xnor2_1)
                  0.43    0.47   17.21 ^ _0746_/Y (sky130_fd_sc_hd__xnor2_1)
     1    0.01                           _0028_ (net)
                  0.43    0.00   17.21 ^ wire42/A (sky130_fd_sc_hd__buf_4)
                  0.39    0.62   17.83 ^ wire42/X (sky130_fd_sc_hd__buf_4)
     3    0.09                           net42 (net)
                  0.39    0.02   17.85 ^ _0763_/A1 (sky130_fd_sc_hd__a21o_4)
                  0.34    0.59   18.43 ^ _0763_/X (sky130_fd_sc_hd__a21o_4)
     2    0.08                           _0045_ (net)
                  0.35    0.02   18.45 ^ _0765_/A2 (sky130_fd_sc_hd__a21o_4)
                  0.61    0.77   19.22 ^ _0765_/X (sky130_fd_sc_hd__a21o_4)
     4    0.14                           _0047_ (net)
                  0.61    0.01   19.23 ^ _0776_/A1 (sky130_fd_sc_hd__a32oi_4)
                  0.48    0.68   19.91 v _0776_/Y (sky130_fd_sc_hd__a32oi_4)
     3    0.06                           _0058_ (net)
                  0.48    0.01   19.92 v _0780_/A2 (sky130_fd_sc_hd__a21oi_4)
                  0.54    0.73   20.65 ^ _0780_/Y (sky130_fd_sc_hd__a21oi_4)
     5    0.05                           _0062_ (net)
                  0.54    0.00   20.65 ^ max_cap39/A (sky130_fd_sc_hd__buf_4)
                  0.26    0.57   21.22 ^ max_cap39/X (sky130_fd_sc_hd__buf_4)
     4    0.06                           net39 (net)
                  0.26    0.01   21.23 ^ _0788_/A2 (sky130_fd_sc_hd__o21ba_4)
                  0.67    0.79   22.02 ^ _0788_/X (sky130_fd_sc_hd__o21ba_4)
     4    0.13                           _0070_ (net)
                  0.68    0.02   22.04 ^ _0789_/B (sky130_fd_sc_hd__xnor2_4)
                  0.44    0.60   22.64 v _0789_/Y (sky130_fd_sc_hd__xnor2_4)
     3    0.08                           _0071_ (net)
                  0.44    0.01   22.65 v _0825_/A (sky130_fd_sc_hd__nor2_2)
                  0.72    0.81   23.46 ^ _0825_/Y (sky130_fd_sc_hd__nor2_2)
     2    0.04                           _0107_ (net)
                  0.72    0.00   23.46 ^ _0835_/A4 (sky130_fd_sc_hd__a41o_4)
                  0.35    0.94   24.40 ^ _0835_/X (sky130_fd_sc_hd__a41o_4)
     3    0.07                           _0117_ (net)
                  0.35    0.01   24.41 ^ _0836_/B (sky130_fd_sc_hd__and2_1)
                  0.39    0.59   25.00 ^ _0836_/X (sky130_fd_sc_hd__and2_1)
     1    0.02                           _0118_ (net)
                  0.39    0.00   25.00 ^ _0837_/A (sky130_fd_sc_hd__buf_6)
                  0.43    0.60   25.60 ^ _0837_/X (sky130_fd_sc_hd__buf_6)
     8    0.14                           _0119_ (net)
                  0.43    0.01   25.61 ^ _0850_/S (sky130_fd_sc_hd__mux2_4)
                  0.41    0.76   26.37 ^ _0850_/X (sky130_fd_sc_hd__mux2_4)
     4    0.09                           _0132_ (net)
                  0.41    0.00   26.37 ^ _0851_/B1 (sky130_fd_sc_hd__o22a_2)
                  0.36    0.68   27.05 ^ _0851_/X (sky130_fd_sc_hd__o22a_2)
     1    0.04                           _0133_ (net)
                  0.36    0.00   27.06 ^ _0863_/A1 (sky130_fd_sc_hd__a21o_1)
                  0.45    0.62   27.68 ^ _0863_/X (sky130_fd_sc_hd__a21o_1)
     1    0.03                           _0145_ (net)
                  0.45    0.00   27.68 ^ _0871_/A2 (sky130_fd_sc_hd__a21o_1)
                  0.31    0.56   28.24 ^ _0871_/X (sky130_fd_sc_hd__a21o_1)
     1    0.02                           _0153_ (net)
                  0.31    0.00   28.24 ^ _0881_/A1 (sky130_fd_sc_hd__a21oi_2)
                  0.28    0.37   28.61 v _0881_/Y (sky130_fd_sc_hd__a21oi_2)
     2    0.03                           _0163_ (net)
                  0.28    0.00   28.61 v _0895_/A (sky130_fd_sc_hd__or4_2)
                  0.35    1.97   30.58 v _0895_/X (sky130_fd_sc_hd__or4_2)
     1    0.02                           _0177_ (net)
                  0.35    0.00   30.58 v _0896_/A (sky130_fd_sc_hd__buf_1)
                  0.10    0.34   30.92 v _0896_/X (sky130_fd_sc_hd__buf_1)
     1    0.01                           net20 (net)
                  0.10    0.00   30.92 v output20/A (sky130_fd_sc_hd__clkbuf_4)
                  0.14    0.36   31.28 v output20/X (sky130_fd_sc_hd__clkbuf_4)
     1    0.03                           Y[0] (net)
                  0.14    0.00   31.28 v Y[0] (out)
                                 31.28   data arrival time

                  0.00   10.00   10.00   clock __VIRTUAL_CLK__ (rise edge)
                          0.00   10.00   clock network delay (ideal)
                         -0.25    9.75   clock uncertainty
                          0.00    9.75   clock reconvergence pessimism
                         -2.00    7.75   output external delay
                                  7.75   data required time
-----------------------------------------------------------------------------
                                  7.75   data required time
                                -31.28   data arrival time
-----------------------------------------------------------------------------
                                -23.53   slack (VIOLATED)



======================= Typical Corner ===================================

Startpoint: B[0] (input port clocked by __VIRTUAL_CLK__)
Endpoint: Y[0] (output port clocked by __VIRTUAL_CLK__)
Path Group: __VIRTUAL_CLK__
Path Type: max
Corner: Typical

Fanout     Cap    Slew   Delay    Time   Description
-----------------------------------------------------------------------------
                  0.00    0.00    0.00   clock __VIRTUAL_CLK__ (rise edge)
                          0.00    0.00   clock network delay (ideal)
                          2.00    2.00 ^ input external delay
                  0.02    0.01    2.01 ^ B[0] (in)
     1    0.00                           B[0] (net)
                  0.02    0.00    2.01 ^ input9/A (sky130_fd_sc_hd__buf_4)
                  0.25    0.26    2.27 ^ input9/X (sky130_fd_sc_hd__buf_4)
     3    0.09                           net9 (net)
                  0.25    0.01    2.28 ^ _0664_/B_N (sky130_fd_sc_hd__or2b_4)
                  0.14    0.43    2.71 v _0664_/X (sky130_fd_sc_hd__or2b_4)
     2    0.08                           _0374_ (net)
                  0.14    0.01    2.72 v _0665_/A2 (sky130_fd_sc_hd__a21oi_4)
                  0.62    0.59    3.30 ^ _0665_/Y (sky130_fd_sc_hd__a21oi_4)
     3    0.09                           _0385_ (net)
                  0.62    0.00    3.31 ^ _0667_/A2 (sky130_fd_sc_hd__o31a_4)
                  0.27    0.43    3.73 ^ _0667_/X (sky130_fd_sc_hd__o31a_4)
     4    0.09                           _0406_ (net)
                  0.28    0.01    3.75 ^ _0668_/B (sky130_fd_sc_hd__or2_4)
                  0.29    0.38    4.13 ^ _0668_/X (sky130_fd_sc_hd__or2_4)
     4    0.10                           _0417_ (net)
                  0.29    0.00    4.13 ^ _0676_/A2 (sky130_fd_sc_hd__a31o_4)
                  0.41    0.50    4.63 ^ _0676_/X (sky130_fd_sc_hd__a31o_4)
     6    0.13                           _0503_ (net)
                  0.41    0.01    4.65 ^ _0687_/D_N (sky130_fd_sc_hd__or4b_4)
                  0.16    0.65    5.30 v _0687_/X (sky130_fd_sc_hd__or4b_4)
     3    0.05                           _0619_ (net)
                  0.16    0.00    5.31 v _0690_/A3 (sky130_fd_sc_hd__a32o_4)
                  0.11    0.45    5.76 v _0690_/X (sky130_fd_sc_hd__a32o_4)
     3    0.05                           _0626_ (net)
                  0.11    0.00    5.76 v _0692_/A3 (sky130_fd_sc_hd__a31o_2)
                  0.12    0.38    6.14 v _0692_/X (sky130_fd_sc_hd__a31o_2)
     1    0.04                           _0628_ (net)
                  0.12    0.00    6.14 v _0693_/A2 (sky130_fd_sc_hd__a211oi_4)
                  0.43    0.49    6.63 ^ _0693_/Y (sky130_fd_sc_hd__a211oi_4)
     2    0.03                           _0629_ (net)
                  0.43    0.00    6.63 ^ wire53/A (sky130_fd_sc_hd__buf_2)
                  0.19    0.32    6.95 ^ wire53/X (sky130_fd_sc_hd__buf_2)
     3    0.04                           net53 (net)
                  0.19    0.00    6.96 ^ max_cap52/A (sky130_fd_sc_hd__clkbuf_2)
                  0.18    0.26    7.21 ^ max_cap52/X (sky130_fd_sc_hd__clkbuf_2)
     1    0.03                           net52 (net)
                  0.18    0.00    7.22 ^ _0701_/B (sky130_fd_sc_hd__nand3b_4)
                  0.31    0.31    7.52 v _0701_/Y (sky130_fd_sc_hd__nand3b_4)
     4    0.09                           _0637_ (net)
                  0.31    0.01    7.53 v _0706_/A2 (sky130_fd_sc_hd__a21o_4)
                  0.13    0.42    7.96 v _0706_/X (sky130_fd_sc_hd__a21o_4)
     3    0.09                           _0642_ (net)
                  0.13    0.02    7.97 v _0720_/B2 (sky130_fd_sc_hd__a22oi_4)
                  0.39    0.40    8.37 ^ _0720_/Y (sky130_fd_sc_hd__a22oi_4)
     2    0.05                           _0002_ (net)
                  0.39    0.00    8.37 ^ _0730_/A2 (sky130_fd_sc_hd__o31ai_4)
                  0.15    0.20    8.57 v _0730_/Y (sky130_fd_sc_hd__o31ai_4)
     2    0.04                           _0012_ (net)
                  0.15    0.00    8.57 v _0732_/A2 (sky130_fd_sc_hd__a21oi_4)
                  0.50    0.50    9.07 ^ _0732_/Y (sky130_fd_sc_hd__a21oi_4)
     3    0.07                           _0014_ (net)
                  0.50    0.00    9.07 ^ max_cap46/A (sky130_fd_sc_hd__buf_4)
                  0.15    0.31    9.38 ^ max_cap46/X (sky130_fd_sc_hd__buf_4)
     3    0.05                           net46 (net)
                  0.15    0.00    9.39 ^ _0733_/S (sky130_fd_sc_hd__mux2_8)
                  0.11    0.47    9.86 v _0733_/X (sky130_fd_sc_hd__mux2_8)
     3    0.07                           _0015_ (net)
                  0.11    0.00    9.87 v _0746_/B (sky130_fd_sc_hd__xnor2_1)
                  0.26    0.28   10.14 ^ _0746_/Y (sky130_fd_sc_hd__xnor2_1)
     1    0.01                           _0028_ (net)
                  0.26    0.00   10.14 ^ wire42/A (sky130_fd_sc_hd__buf_4)
                  0.25    0.33   10.48 ^ wire42/X (sky130_fd_sc_hd__buf_4)
     3    0.09                           net42 (net)
                  0.25    0.02   10.49 ^ _0763_/A1 (sky130_fd_sc_hd__a21o_4)
                  0.22    0.30   10.80 ^ _0763_/X (sky130_fd_sc_hd__a21o_4)
     2    0.08                           _0045_ (net)
                  0.22    0.02   10.81 ^ _0765_/A2 (sky130_fd_sc_hd__a21o_4)
                  0.38    0.42   11.24 ^ _0765_/X (sky130_fd_sc_hd__a21o_4)
     4    0.14                           _0047_ (net)
                  0.38    0.01   11.25 ^ _0776_/A1 (sky130_fd_sc_hd__a32oi_4)
                  0.26    0.32   11.57 v _0776_/Y (sky130_fd_sc_hd__a32oi_4)
     3    0.06                           _0058_ (net)
                  0.26    0.01   11.58 v _0780_/A2 (sky130_fd_sc_hd__a21oi_4)
                  0.34    0.43   12.01 ^ _0780_/Y (sky130_fd_sc_hd__a21oi_4)
     5    0.05                           _0062_ (net)
                  0.34    0.00   12.01 ^ max_cap39/A (sky130_fd_sc_hd__buf_4)
                  0.16    0.29   12.30 ^ max_cap39/X (sky130_fd_sc_hd__buf_4)
     4    0.06                           net39 (net)
                  0.16    0.01   12.30 ^ _0788_/A2 (sky130_fd_sc_hd__o21ba_4)
                  0.44    0.45   12.75 ^ _0788_/X (sky130_fd_sc_hd__o21ba_4)
     4    0.13                           _0070_ (net)
                  0.44    0.02   12.77 ^ _0789_/B (sky130_fd_sc_hd__xnor2_4)
                  0.24    0.29   13.06 v _0789_/Y (sky130_fd_sc_hd__xnor2_4)
     3    0.08                           _0071_ (net)
                  0.24    0.01   13.08 v _0825_/A (sky130_fd_sc_hd__nor2_2)
                  0.44    0.46   13.54 ^ _0825_/Y (sky130_fd_sc_hd__nor2_2)
     2    0.04                           _0107_ (net)
                  0.44    0.00   13.54 ^ _0835_/A4 (sky130_fd_sc_hd__a41o_4)
                  0.22    0.44   13.98 ^ _0835_/X (sky130_fd_sc_hd__a41o_4)
     3    0.07                           _0117_ (net)
                  0.22    0.01   13.99 ^ _0836_/B (sky130_fd_sc_hd__and2_1)
                  0.25    0.32   14.31 ^ _0836_/X (sky130_fd_sc_hd__and2_1)
     1    0.02                           _0118_ (net)
                  0.25    0.00   14.31 ^ _0837_/A (sky130_fd_sc_hd__buf_6)
                  0.27    0.33   14.64 ^ _0837_/X (sky130_fd_sc_hd__buf_6)
     8    0.14                           _0119_ (net)
                  0.27    0.01   14.65 ^ _0850_/S (sky130_fd_sc_hd__mux2_4)
                  0.25    0.40   15.05 ^ _0850_/X (sky130_fd_sc_hd__mux2_4)
     4    0.09                           _0132_ (net)
                  0.25    0.00   15.05 ^ _0851_/B1 (sky130_fd_sc_hd__o22a_2)
                  0.22    0.35   15.40 ^ _0851_/X (sky130_fd_sc_hd__o22a_2)
     1    0.04                           _0133_ (net)
                  0.22    0.00   15.41 ^ _0863_/A1 (sky130_fd_sc_hd__a21o_1)
                  0.28    0.34   15.74 ^ _0863_/X (sky130_fd_sc_hd__a21o_1)
     1    0.03                           _0145_ (net)
                  0.28    0.00   15.74 ^ _0871_/A2 (sky130_fd_sc_hd__a21o_1)
                  0.20    0.29   16.04 ^ _0871_/X (sky130_fd_sc_hd__a21o_1)
     1    0.02                           _0153_ (net)
                  0.20    0.00   16.04 ^ _0881_/A1 (sky130_fd_sc_hd__a21oi_2)
                  0.14    0.17   16.21 v _0881_/Y (sky130_fd_sc_hd__a21oi_2)
     2    0.03                           _0163_ (net)
                  0.14    0.00   16.21 v _0895_/A (sky130_fd_sc_hd__or4_2)
                  0.17    0.84   17.05 v _0895_/X (sky130_fd_sc_hd__or4_2)
     1    0.02                           _0177_ (net)
                  0.17    0.00   17.05 v _0896_/A (sky130_fd_sc_hd__buf_1)
                  0.05    0.17   17.22 v _0896_/X (sky130_fd_sc_hd__buf_1)
     1    0.01                           net20 (net)
                  0.05    0.00   17.22 v output20/A (sky130_fd_sc_hd__clkbuf_4)
                  0.08    0.20   17.42 v output20/X (sky130_fd_sc_hd__clkbuf_4)
     1    0.03                           Y[0] (net)
                  0.08    0.00   17.42 v Y[0] (out)
                                 17.42   data arrival time

                  0.00   10.00   10.00   clock __VIRTUAL_CLK__ (rise edge)
                          0.00   10.00   clock network delay (ideal)
                         -0.25    9.75   clock uncertainty
                          0.00    9.75   clock reconvergence pessimism
                         -2.00    7.75   output external delay
                                  7.75   data required time
-----------------------------------------------------------------------------
                                  7.75   data required time
                                -17.42   data arrival time
-----------------------------------------------------------------------------
                                 -9.67   slack (VIOLATED)




===========================================================================
report_checks --slack_max -0.01
============================================================================
======================= Fastest Corner ===================================

Startpoint: B[5] (input port clocked by __VIRTUAL_CLK__)
Endpoint: Y[0] (output port clocked by __VIRTUAL_CLK__)
Path Group: __VIRTUAL_CLK__
Path Type: max
Corner: Fastest

Fanout     Cap    Slew   Delay    Time   Description
-----------------------------------------------------------------------------
                  0.00    0.00    0.00   clock __VIRTUAL_CLK__ (rise edge)
                          0.00    0.00   clock network delay (ideal)
                          2.00    2.00 v input external delay
                  0.01    0.00    2.00 v B[5] (in)
     1    0.00                           B[5] (net)
                  0.01    0.00    2.00 v input14/A (sky130_fd_sc_hd__clkbuf_4)
                  0.09    0.15    2.15 v input14/X (sky130_fd_sc_hd__clkbuf_4)
     2    0.07                           net14 (net)
                  0.09    0.01    2.16 v _0658_/B (sky130_fd_sc_hd__or3_4)
                  0.15    0.38    2.53 v _0658_/X (sky130_fd_sc_hd__or3_4)
     5    0.12                           _0309_ (net)
                  0.15    0.01    2.55 v _0666_/D (sky130_fd_sc_hd__or4_4)
                  0.13    0.40    2.94 v _0666_/X (sky130_fd_sc_hd__or4_4)
     2    0.07                           _0395_ (net)
                  0.13    0.00    2.95 v _0667_/A3 (sky130_fd_sc_hd__o31a_4)
                  0.11    0.30    3.25 v _0667_/X (sky130_fd_sc_hd__o31a_4)
     4    0.09                           _0406_ (net)
                  0.12    0.01    3.26 v _0668_/B (sky130_fd_sc_hd__or2_4)
                  0.11    0.27    3.53 v _0668_/X (sky130_fd_sc_hd__or2_4)
     4    0.10                           _0417_ (net)
                  0.11    0.00    3.53 v _0676_/A2 (sky130_fd_sc_hd__a31o_4)
                  0.14    0.29    3.82 v _0676_/X (sky130_fd_sc_hd__a31o_4)
     6    0.13                           _0503_ (net)
                  0.14    0.01    3.83 v _0683_/A3 (sky130_fd_sc_hd__a41o_2)
                  0.10    0.30    4.14 v _0683_/X (sky130_fd_sc_hd__a41o_2)
     3    0.05                           _0578_ (net)
                  0.10    0.00    4.14 v _0690_/A2 (sky130_fd_sc_hd__a32o_4)
                  0.07    0.24    4.38 v _0690_/X (sky130_fd_sc_hd__a32o_4)
     3    0.05                           _0626_ (net)
                  0.07    0.00    4.38 v _0692_/A3 (sky130_fd_sc_hd__a31o_2)
                  0.09    0.25    4.63 v _0692_/X (sky130_fd_sc_hd__a31o_2)
     1    0.04                           _0628_ (net)
                  0.09    0.00    4.63 v _0693_/A2 (sky130_fd_sc_hd__a211oi_4)
                  0.32    0.34    4.97 ^ _0693_/Y (sky130_fd_sc_hd__a211oi_4)
     2    0.03                           _0629_ (net)
                  0.32    0.00    4.98 ^ wire53/A (sky130_fd_sc_hd__buf_2)
                  0.14    0.19    5.17 ^ wire53/X (sky130_fd_sc_hd__buf_2)
     3    0.04                           net53 (net)
                  0.14    0.00    5.17 ^ max_cap52/A (sky130_fd_sc_hd__clkbuf_2)
                  0.14    0.17    5.34 ^ max_cap52/X (sky130_fd_sc_hd__clkbuf_2)
     1    0.03                           net52 (net)
                  0.14    0.00    5.35 ^ _0701_/B (sky130_fd_sc_hd__nand3b_4)
                  0.20    0.19    5.54 v _0701_/Y (sky130_fd_sc_hd__nand3b_4)
     4    0.09                           _0637_ (net)
                  0.20    0.01    5.54 v _0706_/A2 (sky130_fd_sc_hd__a21o_4)
                  0.09    0.27    5.82 v _0706_/X (sky130_fd_sc_hd__a21o_4)
     3    0.09                           _0642_ (net)
                  0.10    0.02    5.83 v _0720_/B2 (sky130_fd_sc_hd__a22oi_4)
                  0.22    0.21    6.04 ^ _0720_/Y (sky130_fd_sc_hd__a22oi_4)
     2    0.05                           _0002_ (net)
                  0.22    0.00    6.04 ^ _0730_/A2 (sky130_fd_sc_hd__o31ai_4)
                  0.11    0.11    6.15 v _0730_/Y (sky130_fd_sc_hd__o31ai_4)
     2    0.04                           _0012_ (net)
                  0.11    0.00    6.15 v _0732_/A2 (sky130_fd_sc_hd__a21oi_4)
                  0.37    0.36    6.51 ^ _0732_/Y (sky130_fd_sc_hd__a21oi_4)
     3    0.07                           _0014_ (net)
                  0.37    0.00    6.51 ^ max_cap46/A (sky130_fd_sc_hd__buf_4)
                  0.11    0.17    6.68 ^ max_cap46/X (sky130_fd_sc_hd__buf_4)
     3    0.05                           net46 (net)
                  0.11    0.00    6.69 ^ _0733_/S (sky130_fd_sc_hd__mux2_8)
                  0.08    0.29    6.98 v _0733_/X (sky130_fd_sc_hd__mux2_8)
     3    0.07                           _0015_ (net)
                  0.08    0.00    6.98 v _0746_/B (sky130_fd_sc_hd__xnor2_1)
                  0.19    0.19    7.18 ^ _0746_/Y (sky130_fd_sc_hd__xnor2_1)
     1    0.01                           _0028_ (net)
                  0.19    0.00    7.18 ^ wire42/A (sky130_fd_sc_hd__buf_4)
                  0.19    0.21    7.39 ^ wire42/X (sky130_fd_sc_hd__buf_4)
     3    0.09                           net42 (net)
                  0.19    0.02    7.41 ^ _0763_/A1 (sky130_fd_sc_hd__a21o_4)
                  0.16    0.19    7.59 ^ _0763_/X (sky130_fd_sc_hd__a21o_4)
     2    0.08                           _0045_ (net)
                  0.16    0.02    7.61 ^ _0765_/A2 (sky130_fd_sc_hd__a21o_4)
                  0.29    0.29    7.89 ^ _0765_/X (sky130_fd_sc_hd__a21o_4)
     4    0.14                           _0047_ (net)
                  0.29    0.01    7.91 ^ _0776_/A1 (sky130_fd_sc_hd__a32oi_4)
                  0.18    0.19    8.09 v _0776_/Y (sky130_fd_sc_hd__a32oi_4)
     3    0.06                           _0058_ (net)
                  0.18    0.01    8.10 v _0780_/A2 (sky130_fd_sc_hd__a21oi_4)
                  0.26    0.30    8.40 ^ _0780_/Y (sky130_fd_sc_hd__a21oi_4)
     5    0.05                           _0062_ (net)
                  0.26    0.00    8.40 ^ max_cap39/A (sky130_fd_sc_hd__buf_4)
                  0.12    0.18    8.57 ^ max_cap39/X (sky130_fd_sc_hd__buf_4)
     4    0.06                           net39 (net)
                  0.12    0.01    8.58 ^ _0788_/A2 (sky130_fd_sc_hd__o21ba_4)
                  0.34    0.31    8.89 ^ _0788_/X (sky130_fd_sc_hd__o21ba_4)
     4    0.13                           _0070_ (net)
                  0.34    0.02    8.91 ^ _0789_/B (sky130_fd_sc_hd__xnor2_4)
                  0.18    0.17    9.08 v _0789_/Y (sky130_fd_sc_hd__xnor2_4)
     3    0.08                           _0071_ (net)
                  0.18    0.01    9.10 v _0825_/A (sky130_fd_sc_hd__nor2_2)
                  0.32    0.33    9.42 ^ _0825_/Y (sky130_fd_sc_hd__nor2_2)
     2    0.04                           _0107_ (net)
                  0.32    0.00    9.42 ^ _0835_/A4 (sky130_fd_sc_hd__a41o_4)
                  0.16    0.26    9.68 ^ _0835_/X (sky130_fd_sc_hd__a41o_4)
     3    0.07                           _0117_ (net)
                  0.16    0.01    9.70 ^ _0836_/B (sky130_fd_sc_hd__and2_1)
                  0.19    0.21    9.90 ^ _0836_/X (sky130_fd_sc_hd__and2_1)
     1    0.02                           _0118_ (net)
                  0.19    0.00    9.91 ^ _0837_/A (sky130_fd_sc_hd__buf_6)
                  0.21    0.22   10.12 ^ _0837_/X (sky130_fd_sc_hd__buf_6)
     8    0.14                           _0119_ (net)
                  0.21    0.01   10.13 ^ _0850_/S (sky130_fd_sc_hd__mux2_4)
                  0.19    0.25   10.38 ^ _0850_/X (sky130_fd_sc_hd__mux2_4)
     4    0.09                           _0132_ (net)
                  0.19    0.00   10.39 ^ _0851_/B1 (sky130_fd_sc_hd__o22a_2)
                  0.16    0.20   10.59 ^ _0851_/X (sky130_fd_sc_hd__o22a_2)
     1    0.04                           _0133_ (net)
                  0.16    0.00   10.59 ^ _0863_/A1 (sky130_fd_sc_hd__a21o_1)
                  0.21    0.22   10.81 ^ _0863_/X (sky130_fd_sc_hd__a21o_1)
     1    0.03                           _0145_ (net)
                  0.21    0.00   10.81 ^ _0871_/A2 (sky130_fd_sc_hd__a21o_1)
                  0.15    0.18   11.00 ^ _0871_/X (sky130_fd_sc_hd__a21o_1)
     1    0.02                           _0153_ (net)
                  0.15    0.00   11.00 ^ _0881_/A1 (sky130_fd_sc_hd__a21oi_2)
                  0.09    0.10   11.10 v _0881_/Y (sky130_fd_sc_hd__a21oi_2)
     2    0.03                           _0163_ (net)
                  0.09    0.00   11.10 v _0895_/A (sky130_fd_sc_hd__or4_2)
                  0.11    0.48   11.58 v _0895_/X (sky130_fd_sc_hd__or4_2)
     1    0.02                           _0177_ (net)
                  0.11    0.00   11.58 v _0896_/A (sky130_fd_sc_hd__buf_1)
                  0.04    0.11   11.69 v _0896_/X (sky130_fd_sc_hd__buf_1)
     1    0.01                           net20 (net)
                  0.04    0.00   11.69 v output20/A (sky130_fd_sc_hd__clkbuf_4)
                  0.06    0.13   11.82 v output20/X (sky130_fd_sc_hd__clkbuf_4)
     1    0.03                           Y[0] (net)
                  0.06    0.00   11.82 v Y[0] (out)
                                 11.82   data arrival time

                  0.00   10.00   10.00   clock __VIRTUAL_CLK__ (rise edge)
                          0.00   10.00   clock network delay (ideal)
                         -0.25    9.75   clock uncertainty
                          0.00    9.75   clock reconvergence pessimism
                         -2.00    7.75   output external delay
                                  7.75   data required time
-----------------------------------------------------------------------------
                                  7.75   data required time
                                -11.82   data arrival time
-----------------------------------------------------------------------------
                                 -4.07   slack (VIOLATED)



======================= Slowest Corner ===================================

Startpoint: B[6] (input port clocked by __VIRTUAL_CLK__)
Endpoint: Y[0] (output port clocked by __VIRTUAL_CLK__)
Path Group: __VIRTUAL_CLK__
Path Type: max
Corner: Slowest

Fanout     Cap    Slew   Delay    Time   Description
-----------------------------------------------------------------------------
                  0.00    0.00    0.00   clock __VIRTUAL_CLK__ (rise edge)
                          0.00    0.00   clock network delay (ideal)
                          2.00    2.00 v input external delay
                  0.02    0.01    2.01 v B[6] (in)
     1    0.00                           B[6] (net)
                  0.02    0.00    2.01 v input15/A (sky130_fd_sc_hd__buf_2)
                  0.22    0.38    2.39 v input15/X (sky130_fd_sc_hd__buf_2)
     2    0.05                           net15 (net)
                  0.22    0.00    2.39 v _0658_/A (sky130_fd_sc_hd__or3_4)
                  0.37    1.20    3.59 v _0658_/X (sky130_fd_sc_hd__or3_4)
     5    0.12                           _0309_ (net)
                  0.37    0.01    3.61 v _0666_/D (sky130_fd_sc_hd__or4_4)
                  0.34    1.27    4.88 v _0666_/X (sky130_fd_sc_hd__or4_4)
     2    0.07                           _0395_ (net)
                  0.34    0.00    4.88 v _0667_/A3 (sky130_fd_sc_hd__o31a_4)
                  0.28    0.89    5.77 v _0667_/X (sky130_fd_sc_hd__o31a_4)
     4    0.09                           _0406_ (net)
                  0.28    0.01    5.79 v _0668_/B (sky130_fd_sc_hd__or2_4)
                  0.27    0.79    6.57 v _0668_/X (sky130_fd_sc_hd__or2_4)
     4    0.10                           _0417_ (net)
                  0.27    0.00    6.58 v _0676_/A2 (sky130_fd_sc_hd__a31o_4)
                  0.32    0.79    7.36 v _0676_/X (sky130_fd_sc_hd__a31o_4)
     6    0.13                           _0503_ (net)
                  0.32    0.01    7.37 v _0681_/B (sky130_fd_sc_hd__and4_2)
                  0.23    0.77    8.14 v _0681_/X (sky130_fd_sc_hd__and4_2)
     3    0.04                           _0556_ (net)
                  0.23    0.00    8.14 v _0682_/C (sky130_fd_sc_hd__or3_4)
                  0.29    0.97    9.11 v _0682_/X (sky130_fd_sc_hd__or3_4)
     3    0.07                           _0567_ (net)
                  0.29    0.01    9.12 v _0692_/A1 (sky130_fd_sc_hd__a31o_2)
                  0.22    0.66    9.78 v _0692_/X (sky130_fd_sc_hd__a31o_2)
     1    0.04                           _0628_ (net)
                  0.22    0.01    9.79 v _0693_/A2 (sky130_fd_sc_hd__a211oi_4)
                  0.70    0.84   10.63 ^ _0693_/Y (sky130_fd_sc_hd__a211oi_4)
     2    0.03                           _0629_ (net)
                  0.70    0.00   10.63 ^ wire53/A (sky130_fd_sc_hd__buf_2)
                  0.30    0.64   11.27 ^ wire53/X (sky130_fd_sc_hd__buf_2)
     3    0.04                           net53 (net)
                  0.30    0.00   11.27 ^ max_cap52/A (sky130_fd_sc_hd__clkbuf_2)
                  0.28    0.47   11.74 ^ max_cap52/X (sky130_fd_sc_hd__clkbuf_2)
     1    0.03                           net52 (net)
                  0.28    0.00   11.74 ^ _0701_/B (sky130_fd_sc_hd__nand3b_4)
                  0.64    0.65   12.39 v _0701_/Y (sky130_fd_sc_hd__nand3b_4)
     4    0.09                           _0637_ (net)
                  0.64    0.01   12.40 v _0706_/A2 (sky130_fd_sc_hd__a21o_4)
                  0.23    0.83   13.23 v _0706_/X (sky130_fd_sc_hd__a21o_4)
     3    0.09                           _0642_ (net)
                  0.24    0.02   13.25 v _0720_/B2 (sky130_fd_sc_hd__a22oi_4)
                  0.61    0.66   13.90 ^ _0720_/Y (sky130_fd_sc_hd__a22oi_4)
     2    0.05                           _0002_ (net)
                  0.61    0.00   13.90 ^ _0730_/A2 (sky130_fd_sc_hd__o31ai_4)
                  0.26    0.45   14.35 v _0730_/Y (sky130_fd_sc_hd__o31ai_4)
     2    0.04                           _0012_ (net)
                  0.26    0.00   14.36 v _0732_/A2 (sky130_fd_sc_hd__a21oi_4)
                  0.79    0.83   15.18 ^ _0732_/Y (sky130_fd_sc_hd__a21oi_4)
     3    0.07                           _0014_ (net)
                  0.79    0.00   15.19 ^ max_cap46/A (sky130_fd_sc_hd__buf_4)
                  0.24    0.64   15.82 ^ max_cap46/X (sky130_fd_sc_hd__buf_4)
     3    0.05                           net46 (net)
                  0.24    0.00   15.83 ^ _0733_/S (sky130_fd_sc_hd__mux2_8)
                  0.17    0.91   16.74 v _0733_/X (sky130_fd_sc_hd__mux2_8)
     3    0.07                           _0015_ (net)
                  0.17    0.00   16.74 v _0746_/B (sky130_fd_sc_hd__xnor2_1)
                  0.43    0.47   17.21 ^ _0746_/Y (sky130_fd_sc_hd__xnor2_1)
     1    0.01                           _0028_ (net)
                  0.43    0.00   17.21 ^ wire42/A (sky130_fd_sc_hd__buf_4)
                  0.39    0.62   17.83 ^ wire42/X (sky130_fd_sc_hd__buf_4)
     3    0.09                           net42 (net)
                  0.39    0.02   17.85 ^ _0763_/A1 (sky130_fd_sc_hd__a21o_4)
                  0.34    0.59   18.43 ^ _0763_/X (sky130_fd_sc_hd__a21o_4)
     2    0.08                           _0045_ (net)
                  0.35    0.02   18.45 ^ _0765_/A2 (sky130_fd_sc_hd__a21o_4)
                  0.61    0.77   19.22 ^ _0765_/X (sky130_fd_sc_hd__a21o_4)
     4    0.14                           _0047_ (net)
                  0.61    0.01   19.23 ^ _0776_/A1 (sky130_fd_sc_hd__a32oi_4)
                  0.48    0.68   19.91 v _0776_/Y (sky130_fd_sc_hd__a32oi_4)
     3    0.06                           _0058_ (net)
                  0.48    0.01   19.92 v _0780_/A2 (sky130_fd_sc_hd__a21oi_4)
                  0.54    0.73   20.65 ^ _0780_/Y (sky130_fd_sc_hd__a21oi_4)
     5    0.05                           _0062_ (net)
                  0.54    0.00   20.65 ^ max_cap39/A (sky130_fd_sc_hd__buf_4)
                  0.26    0.57   21.22 ^ max_cap39/X (sky130_fd_sc_hd__buf_4)
     4    0.06                           net39 (net)
                  0.26    0.01   21.23 ^ _0788_/A2 (sky130_fd_sc_hd__o21ba_4)
                  0.67    0.79   22.02 ^ _0788_/X (sky130_fd_sc_hd__o21ba_4)
     4    0.13                           _0070_ (net)
                  0.68    0.02   22.04 ^ _0789_/B (sky130_fd_sc_hd__xnor2_4)
                  0.44    0.60   22.64 v _0789_/Y (sky130_fd_sc_hd__xnor2_4)
     3    0.08                           _0071_ (net)
                  0.44    0.01   22.65 v _0825_/A (sky130_fd_sc_hd__nor2_2)
                  0.72    0.81   23.46 ^ _0825_/Y (sky130_fd_sc_hd__nor2_2)
     2    0.04                           _0107_ (net)
                  0.72    0.00   23.46 ^ _0835_/A4 (sky130_fd_sc_hd__a41o_4)
                  0.35    0.94   24.40 ^ _0835_/X (sky130_fd_sc_hd__a41o_4)
     3    0.07                           _0117_ (net)
                  0.35    0.01   24.41 ^ _0836_/B (sky130_fd_sc_hd__and2_1)
                  0.39    0.59   25.00 ^ _0836_/X (sky130_fd_sc_hd__and2_1)
     1    0.02                           _0118_ (net)
                  0.39    0.00   25.00 ^ _0837_/A (sky130_fd_sc_hd__buf_6)
                  0.43    0.60   25.60 ^ _0837_/X (sky130_fd_sc_hd__buf_6)
     8    0.14                           _0119_ (net)
                  0.43    0.01   25.61 ^ _0850_/S (sky130_fd_sc_hd__mux2_4)
                  0.41    0.76   26.37 ^ _0850_/X (sky130_fd_sc_hd__mux2_4)
     4    0.09                           _0132_ (net)
                  0.41    0.00   26.37 ^ _0851_/B1 (sky130_fd_sc_hd__o22a_2)
                  0.36    0.68   27.05 ^ _0851_/X (sky130_fd_sc_hd__o22a_2)
     1    0.04                           _0133_ (net)
                  0.36    0.00   27.06 ^ _0863_/A1 (sky130_fd_sc_hd__a21o_1)
                  0.45    0.62   27.68 ^ _0863_/X (sky130_fd_sc_hd__a21o_1)
     1    0.03                           _0145_ (net)
                  0.45    0.00   27.68 ^ _0871_/A2 (sky130_fd_sc_hd__a21o_1)
                  0.31    0.56   28.24 ^ _0871_/X (sky130_fd_sc_hd__a21o_1)
     1    0.02                           _0153_ (net)
                  0.31    0.00   28.24 ^ _0881_/A1 (sky130_fd_sc_hd__a21oi_2)
                  0.28    0.37   28.61 v _0881_/Y (sky130_fd_sc_hd__a21oi_2)
     2    0.03                           _0163_ (net)
                  0.28    0.00   28.61 v _0895_/A (sky130_fd_sc_hd__or4_2)
                  0.35    1.97   30.58 v _0895_/X (sky130_fd_sc_hd__or4_2)
     1    0.02                           _0177_ (net)
                  0.35    0.00   30.58 v _0896_/A (sky130_fd_sc_hd__buf_1)
                  0.10    0.34   30.92 v _0896_/X (sky130_fd_sc_hd__buf_1)
     1    0.01                           net20 (net)
                  0.10    0.00   30.92 v output20/A (sky130_fd_sc_hd__clkbuf_4)
                  0.14    0.36   31.28 v output20/X (sky130_fd_sc_hd__clkbuf_4)
     1    0.03                           Y[0] (net)
                  0.14    0.00   31.28 v Y[0] (out)
                                 31.28   data arrival time

                  0.00   10.00   10.00   clock __VIRTUAL_CLK__ (rise edge)
                          0.00   10.00   clock network delay (ideal)
                         -0.25    9.75   clock uncertainty
                          0.00    9.75   clock reconvergence pessimism
                         -2.00    7.75   output external delay
                                  7.75   data required time
-----------------------------------------------------------------------------
                                  7.75   data required time
                                -31.28   data arrival time
-----------------------------------------------------------------------------
                                -23.53   slack (VIOLATED)



======================= Typical Corner ===================================

Startpoint: B[0] (input port clocked by __VIRTUAL_CLK__)
Endpoint: Y[0] (output port clocked by __VIRTUAL_CLK__)
Path Group: __VIRTUAL_CLK__
Path Type: max
Corner: Typical

Fanout     Cap    Slew   Delay    Time   Description
-----------------------------------------------------------------------------
                  0.00    0.00    0.00   clock __VIRTUAL_CLK__ (rise edge)
                          0.00    0.00   clock network delay (ideal)
                          2.00    2.00 ^ input external delay
                  0.02    0.01    2.01 ^ B[0] (in)
     1    0.00                           B[0] (net)
                  0.02    0.00    2.01 ^ input9/A (sky130_fd_sc_hd__buf_4)
                  0.25    0.26    2.27 ^ input9/X (sky130_fd_sc_hd__buf_4)
     3    0.09                           net9 (net)
                  0.25    0.01    2.28 ^ _0664_/B_N (sky130_fd_sc_hd__or2b_4)
                  0.14    0.43    2.71 v _0664_/X (sky130_fd_sc_hd__or2b_4)
     2    0.08                           _0374_ (net)
                  0.14    0.01    2.72 v _0665_/A2 (sky130_fd_sc_hd__a21oi_4)
                  0.62    0.59    3.30 ^ _0665_/Y (sky130_fd_sc_hd__a21oi_4)
     3    0.09                           _0385_ (net)
                  0.62    0.00    3.31 ^ _0667_/A2 (sky130_fd_sc_hd__o31a_4)
                  0.27    0.43    3.73 ^ _0667_/X (sky130_fd_sc_hd__o31a_4)
     4    0.09                           _0406_ (net)
                  0.28    0.01    3.75 ^ _0668_/B (sky130_fd_sc_hd__or2_4)
                  0.29    0.38    4.13 ^ _0668_/X (sky130_fd_sc_hd__or2_4)
     4    0.10                           _0417_ (net)
                  0.29    0.00    4.13 ^ _0676_/A2 (sky130_fd_sc_hd__a31o_4)
                  0.41    0.50    4.63 ^ _0676_/X (sky130_fd_sc_hd__a31o_4)
     6    0.13                           _0503_ (net)
                  0.41    0.01    4.65 ^ _0687_/D_N (sky130_fd_sc_hd__or4b_4)
                  0.16    0.65    5.30 v _0687_/X (sky130_fd_sc_hd__or4b_4)
     3    0.05                           _0619_ (net)
                  0.16    0.00    5.31 v _0690_/A3 (sky130_fd_sc_hd__a32o_4)
                  0.11    0.45    5.76 v _0690_/X (sky130_fd_sc_hd__a32o_4)
     3    0.05                           _0626_ (net)
                  0.11    0.00    5.76 v _0692_/A3 (sky130_fd_sc_hd__a31o_2)
                  0.12    0.38    6.14 v _0692_/X (sky130_fd_sc_hd__a31o_2)
     1    0.04                           _0628_ (net)
                  0.12    0.00    6.14 v _0693_/A2 (sky130_fd_sc_hd__a211oi_4)
                  0.43    0.49    6.63 ^ _0693_/Y (sky130_fd_sc_hd__a211oi_4)
     2    0.03                           _0629_ (net)
                  0.43    0.00    6.63 ^ wire53/A (sky130_fd_sc_hd__buf_2)
                  0.19    0.32    6.95 ^ wire53/X (sky130_fd_sc_hd__buf_2)
     3    0.04                           net53 (net)
                  0.19    0.00    6.96 ^ max_cap52/A (sky130_fd_sc_hd__clkbuf_2)
                  0.18    0.26    7.21 ^ max_cap52/X (sky130_fd_sc_hd__clkbuf_2)
     1    0.03                           net52 (net)
                  0.18    0.00    7.22 ^ _0701_/B (sky130_fd_sc_hd__nand3b_4)
                  0.31    0.31    7.52 v _0701_/Y (sky130_fd_sc_hd__nand3b_4)
     4    0.09                           _0637_ (net)
                  0.31    0.01    7.53 v _0706_/A2 (sky130_fd_sc_hd__a21o_4)
                  0.13    0.42    7.96 v _0706_/X (sky130_fd_sc_hd__a21o_4)
     3    0.09                           _0642_ (net)
                  0.13    0.02    7.97 v _0720_/B2 (sky130_fd_sc_hd__a22oi_4)
                  0.39    0.40    8.37 ^ _0720_/Y (sky130_fd_sc_hd__a22oi_4)
     2    0.05                           _0002_ (net)
                  0.39    0.00    8.37 ^ _0730_/A2 (sky130_fd_sc_hd__o31ai_4)
                  0.15    0.20    8.57 v _0730_/Y (sky130_fd_sc_hd__o31ai_4)
     2    0.04                           _0012_ (net)
                  0.15    0.00    8.57 v _0732_/A2 (sky130_fd_sc_hd__a21oi_4)
                  0.50    0.50    9.07 ^ _0732_/Y (sky130_fd_sc_hd__a21oi_4)
     3    0.07                           _0014_ (net)
                  0.50    0.00    9.07 ^ max_cap46/A (sky130_fd_sc_hd__buf_4)
                  0.15    0.31    9.38 ^ max_cap46/X (sky130_fd_sc_hd__buf_4)
     3    0.05                           net46 (net)
                  0.15    0.00    9.39 ^ _0733_/S (sky130_fd_sc_hd__mux2_8)
                  0.11    0.47    9.86 v _0733_/X (sky130_fd_sc_hd__mux2_8)
     3    0.07                           _0015_ (net)
                  0.11    0.00    9.87 v _0746_/B (sky130_fd_sc_hd__xnor2_1)
                  0.26    0.28   10.14 ^ _0746_/Y (sky130_fd_sc_hd__xnor2_1)
     1    0.01                           _0028_ (net)
                  0.26    0.00   10.14 ^ wire42/A (sky130_fd_sc_hd__buf_4)
                  0.25    0.33   10.48 ^ wire42/X (sky130_fd_sc_hd__buf_4)
     3    0.09                           net42 (net)
                  0.25    0.02   10.49 ^ _0763_/A1 (sky130_fd_sc_hd__a21o_4)
                  0.22    0.30   10.80 ^ _0763_/X (sky130_fd_sc_hd__a21o_4)
     2    0.08                           _0045_ (net)
                  0.22    0.02   10.81 ^ _0765_/A2 (sky130_fd_sc_hd__a21o_4)
                  0.38    0.42   11.24 ^ _0765_/X (sky130_fd_sc_hd__a21o_4)
     4    0.14                           _0047_ (net)
                  0.38    0.01   11.25 ^ _0776_/A1 (sky130_fd_sc_hd__a32oi_4)
                  0.26    0.32   11.57 v _0776_/Y (sky130_fd_sc_hd__a32oi_4)
     3    0.06                           _0058_ (net)
                  0.26    0.01   11.58 v _0780_/A2 (sky130_fd_sc_hd__a21oi_4)
                  0.34    0.43   12.01 ^ _0780_/Y (sky130_fd_sc_hd__a21oi_4)
     5    0.05                           _0062_ (net)
                  0.34    0.00   12.01 ^ max_cap39/A (sky130_fd_sc_hd__buf_4)
                  0.16    0.29   12.30 ^ max_cap39/X (sky130_fd_sc_hd__buf_4)
     4    0.06                           net39 (net)
                  0.16    0.01   12.30 ^ _0788_/A2 (sky130_fd_sc_hd__o21ba_4)
                  0.44    0.45   12.75 ^ _0788_/X (sky130_fd_sc_hd__o21ba_4)
     4    0.13                           _0070_ (net)
                  0.44    0.02   12.77 ^ _0789_/B (sky130_fd_sc_hd__xnor2_4)
                  0.24    0.29   13.06 v _0789_/Y (sky130_fd_sc_hd__xnor2_4)
     3    0.08                           _0071_ (net)
                  0.24    0.01   13.08 v _0825_/A (sky130_fd_sc_hd__nor2_2)
                  0.44    0.46   13.54 ^ _0825_/Y (sky130_fd_sc_hd__nor2_2)
     2    0.04                           _0107_ (net)
                  0.44    0.00   13.54 ^ _0835_/A4 (sky130_fd_sc_hd__a41o_4)
                  0.22    0.44   13.98 ^ _0835_/X (sky130_fd_sc_hd__a41o_4)
     3    0.07                           _0117_ (net)
                  0.22    0.01   13.99 ^ _0836_/B (sky130_fd_sc_hd__and2_1)
                  0.25    0.32   14.31 ^ _0836_/X (sky130_fd_sc_hd__and2_1)
     1    0.02                           _0118_ (net)
                  0.25    0.00   14.31 ^ _0837_/A (sky130_fd_sc_hd__buf_6)
                  0.27    0.33   14.64 ^ _0837_/X (sky130_fd_sc_hd__buf_6)
     8    0.14                           _0119_ (net)
                  0.27    0.01   14.65 ^ _0850_/S (sky130_fd_sc_hd__mux2_4)
                  0.25    0.40   15.05 ^ _0850_/X (sky130_fd_sc_hd__mux2_4)
     4    0.09                           _0132_ (net)
                  0.25    0.00   15.05 ^ _0851_/B1 (sky130_fd_sc_hd__o22a_2)
                  0.22    0.35   15.40 ^ _0851_/X (sky130_fd_sc_hd__o22a_2)
     1    0.04                           _0133_ (net)
                  0.22    0.00   15.41 ^ _0863_/A1 (sky130_fd_sc_hd__a21o_1)
                  0.28    0.34   15.74 ^ _0863_/X (sky130_fd_sc_hd__a21o_1)
     1    0.03                           _0145_ (net)
                  0.28    0.00   15.74 ^ _0871_/A2 (sky130_fd_sc_hd__a21o_1)
                  0.20    0.29   16.04 ^ _0871_/X (sky130_fd_sc_hd__a21o_1)
     1    0.02                           _0153_ (net)
                  0.20    0.00   16.04 ^ _0881_/A1 (sky130_fd_sc_hd__a21oi_2)
                  0.14    0.17   16.21 v _0881_/Y (sky130_fd_sc_hd__a21oi_2)
     2    0.03                           _0163_ (net)
                  0.14    0.00   16.21 v _0895_/A (sky130_fd_sc_hd__or4_2)
                  0.17    0.84   17.05 v _0895_/X (sky130_fd_sc_hd__or4_2)
     1    0.02                           _0177_ (net)
                  0.17    0.00   17.05 v _0896_/A (sky130_fd_sc_hd__buf_1)
                  0.05    0.17   17.22 v _0896_/X (sky130_fd_sc_hd__buf_1)
     1    0.01                           net20 (net)
                  0.05    0.00   17.22 v output20/A (sky130_fd_sc_hd__clkbuf_4)
                  0.08    0.20   17.42 v output20/X (sky130_fd_sc_hd__clkbuf_4)
     1    0.03                           Y[0] (net)
                  0.08    0.00   17.42 v Y[0] (out)
                                 17.42   data arrival time

                  0.00   10.00   10.00   clock __VIRTUAL_CLK__ (rise edge)
                          0.00   10.00   clock network delay (ideal)
                         -0.25    9.75   clock uncertainty
                          0.00    9.75   clock reconvergence pessimism
                         -2.00    7.75   output external delay
                                  7.75   data required time
-----------------------------------------------------------------------------
                                  7.75   data required time
                                -17.42   data arrival time
-----------------------------------------------------------------------------
                                 -9.67   slack (VIOLATED)




===========================================================================
 report_check_types -max_slew -max_cap -max_fanout -violators
============================================================================
======================= Fastest Corner ===================================

max fanout

Pin                                   Limit Fanout  Slack
---------------------------------------------------------
_0711_/X                                 10     11        (VIOLATED)
_0755_/X                                 10     11        (VIOLATED)


======================= Slowest Corner ===================================

max slew

Pin                                    Limit    Slew   Slack
------------------------------------------------------------
_1115_/B1                               0.75    1.06   -0.31 (VIOLATED)
_1113_/Y                                0.75    1.06   -0.31 (VIOLATED)
_0814_/A1                               0.75    1.02   -0.27 (VIOLATED)
_0813_/X                                0.75    1.02   -0.27 (VIOLATED)
_0866_/A                                0.75    1.00   -0.25 (VIOLATED)
ANTENNA_88/DIODE                        0.75    1.00   -0.25 (VIOLATED)
_0867_/A1                               0.75    1.00   -0.25 (VIOLATED)
_0864_/Y                                0.75    1.00   -0.25 (VIOLATED)
_0827_/B1                               0.75    1.00   -0.25 (VIOLATED)
_0822_/B1                               0.75    1.00   -0.25 (VIOLATED)
_0821_/Y                                0.75    1.00   -0.25 (VIOLATED)
_0667_/A2                               0.75    0.98   -0.23 (VIOLATED)
ANTENNA_38/DIODE                        0.75    0.98   -0.23 (VIOLATED)
_1094_/B1                               0.75    0.98   -0.23 (VIOLATED)
_0665_/Y                                0.75    0.98   -0.23 (VIOLATED)
_1239_/A1                               0.75    0.98   -0.23 (VIOLATED)
_1213_/A                                0.75    0.98   -0.23 (VIOLATED)
_1211_/X                                0.75    0.98   -0.23 (VIOLATED)
_1246_/A                                0.75    0.97   -0.22 (VIOLATED)
_1216_/B                                0.75    0.97   -0.22 (VIOLATED)
_1247_/A1                               0.75    0.97   -0.22 (VIOLATED)
_1215_/Y                                0.75    0.97   -0.22 (VIOLATED)
_0825_/A                                0.75    0.96   -0.21 (VIOLATED)
_0810_/B_N                              0.75    0.96   -0.21 (VIOLATED)
_0809_/A                                0.75    0.96   -0.21 (VIOLATED)
_0789_/Y                                0.75    0.96   -0.21 (VIOLATED)
_1221_/B                                0.75    0.95   -0.20 (VIOLATED)
_1227_/B1                               0.75    0.95   -0.20 (VIOLATED)
_1220_/Y                                0.75    0.95   -0.20 (VIOLATED)
_1177_/B                                0.75    0.94   -0.19 (VIOLATED)
_1176_/Y                                0.75    0.94   -0.19 (VIOLATED)
_1178_/B                                0.75    0.94   -0.19 (VIOLATED)
_0913_/A2                               0.75    0.93   -0.18 (VIOLATED)
_1097_/A2                               0.75    0.93   -0.18 (VIOLATED)
_0926_/A2_N                             0.75    0.93   -0.18 (VIOLATED)
_0894_/B                                0.75    0.93   -0.18 (VIOLATED)
_1109_/A2                               0.75    0.93   -0.18 (VIOLATED)
_0965_/A2_N                             0.75    0.93   -0.18 (VIOLATED)
_1047_/A2                               0.75    0.93   -0.18 (VIOLATED)
_0995_/B                                0.75    0.93   -0.18 (VIOLATED)
_0893_/Y                                0.75    0.93   -0.18 (VIOLATED)
ANTENNA_31/DIODE                        0.75    0.93   -0.18 (VIOLATED)
ANTENNA_32/DIODE                        0.75    0.93   -0.18 (VIOLATED)
_1032_/A                                0.75    0.93   -0.18 (VIOLATED)
ANTENNA_33/DIODE                        0.75    0.93   -0.18 (VIOLATED)
ANTENNA_28/DIODE                        0.75    0.93   -0.18 (VIOLATED)
ANTENNA_29/DIODE                        0.75    0.93   -0.18 (VIOLATED)
ANTENNA_30/DIODE                        0.75    0.93   -0.18 (VIOLATED)
_1030_/Y                                0.75    0.93   -0.18 (VIOLATED)
_1073_/A                                0.75    0.92   -0.17 (VIOLATED)
_1061_/X                                0.75    0.92   -0.17 (VIOLATED)
_1074_/A                                0.75    0.92   -0.17 (VIOLATED)
_0901_/Y                                0.75    0.92   -0.17 (VIOLATED)
wire60/A                                0.75    0.92   -0.17 (VIOLATED)
ANTENNA_59/DIODE                        0.75    0.91   -0.16 (VIOLATED)
_0695_/A                                0.75    0.91   -0.16 (VIOLATED)
_0687_/B                                0.75    0.91   -0.16 (VIOLATED)
ANTENNA_58/DIODE                        0.75    0.91   -0.16 (VIOLATED)
_0686_/Y                                0.75    0.91   -0.16 (VIOLATED)
_1184_/B                                0.75    0.90   -0.15 (VIOLATED)
_1198_/B_N                              0.75    0.90   -0.15 (VIOLATED)
_1183_/Y                                0.75    0.90   -0.15 (VIOLATED)
_0763_/B1                               0.75    0.90   -0.15 (VIOLATED)
_0762_/Y                                0.75    0.90   -0.15 (VIOLATED)
_1266_/A                                0.75    0.89   -0.14 (VIOLATED)
_1267_/B1                               0.75    0.89   -0.14 (VIOLATED)
_1262_/Y                                0.75    0.89   -0.14 (VIOLATED)
_1223_/B1                               0.75    0.89   -0.14 (VIOLATED)
ANTENNA_98/DIODE                        0.75    0.89   -0.14 (VIOLATED)
_1224_/C                                0.75    0.89   -0.14 (VIOLATED)
_1222_/X                                0.75    0.89   -0.14 (VIOLATED)
_1253_/A1                               0.75    0.88   -0.13 (VIOLATED)
_1298_/A1                               0.75    0.88   -0.13 (VIOLATED)
_1009_/A1                               0.75    0.88   -0.13 (VIOLATED)
_0943_/Y                                0.75    0.88   -0.13 (VIOLATED)
max_cap59/A                             0.75    0.88   -0.13 (VIOLATED)
_1181_/A                                0.75    0.88   -0.13 (VIOLATED)
_1180_/A                                0.75    0.88   -0.13 (VIOLATED)
_1172_/X                                0.75    0.88   -0.13 (VIOLATED)
_1193_/B                                0.75    0.87   -0.12 (VIOLATED)
_1187_/B                                0.75    0.87   -0.12 (VIOLATED)
_1186_/Y                                0.75    0.87   -0.12 (VIOLATED)
_1093_/C1                               0.75    0.87   -0.12 (VIOLATED)
_1091_/A2                               0.75    0.87   -0.12 (VIOLATED)
_1098_/B1                               0.75    0.87   -0.12 (VIOLATED)
_1090_/B                                0.75    0.87   -0.12 (VIOLATED)
_1092_/A2                               0.75    0.87   -0.12 (VIOLATED)
_1088_/Y                                0.75    0.87   -0.12 (VIOLATED)
_1164_/B1                               0.75    0.87   -0.12 (VIOLATED)
_1165_/C                                0.75    0.87   -0.12 (VIOLATED)
_1163_/Y                                0.75    0.87   -0.12 (VIOLATED)
_1040_/B                                0.75    0.87   -0.12 (VIOLATED)
_1038_/B                                0.75    0.87   -0.12 (VIOLATED)
_1037_/B                                0.75    0.87   -0.12 (VIOLATED)
_1036_/Y                                0.75    0.87   -0.12 (VIOLATED)
_0921_/A                                0.75    0.86   -0.11 (VIOLATED)
_0926_/B1                               0.75    0.86   -0.11 (VIOLATED)
_0919_/Y                                0.75    0.86   -0.11 (VIOLATED)
_0980_/B                                0.75    0.86   -0.11 (VIOLATED)
_0929_/A2                               0.75    0.85   -0.10 (VIOLATED)
_0899_/B                                0.75    0.85   -0.10 (VIOLATED)
_0898_/Y                                0.75    0.85   -0.10 (VIOLATED)
_0802_/C1                               0.75    0.85   -0.10 (VIOLATED)
_0817_/A                                0.75    0.85   -0.10 (VIOLATED)
_0787_/D1                               0.75    0.85   -0.10 (VIOLATED)
_0827_/C1                               0.75    0.85   -0.10 (VIOLATED)
_0786_/Y                                0.75    0.85   -0.10 (VIOLATED)
_1056_/B                                0.75    0.85   -0.10 (VIOLATED)
_1029_/B                                0.75    0.85   -0.10 (VIOLATED)
_1028_/Y                                0.75    0.85   -0.10 (VIOLATED)
ANTENNA_45/DIODE                        0.75    0.84   -0.09 (VIOLATED)
_1243_/A                                0.75    0.84   -0.09 (VIOLATED)
ANTENNA_46/DIODE                        0.75    0.84   -0.09 (VIOLATED)
_1244_/A                                0.75    0.84   -0.09 (VIOLATED)
_1234_/X                                0.75    0.84   -0.09 (VIOLATED)
_0931_/B2                               0.75    0.84   -0.09 (VIOLATED)
ANTENNA_16/DIODE                        0.75    0.84   -0.09 (VIOLATED)
_0930_/Y                                0.75    0.84   -0.09 (VIOLATED)
_1101_/B1                               0.75    0.83   -0.08 (VIOLATED)
_1100_/Y                                0.75    0.83   -0.08 (VIOLATED)
_1068_/C                                0.75    0.81   -0.06 (VIOLATED)
_1067_/B1                               0.75    0.81   -0.06 (VIOLATED)
_1066_/Y                                0.75    0.81   -0.06 (VIOLATED)
_1211_/A                                0.75    0.81   -0.06 (VIOLATED)
_1229_/A3                               0.75    0.81   -0.06 (VIOLATED)
ANTENNA_97/DIODE                        0.75    0.81   -0.06 (VIOLATED)
_1209_/Y                                0.75    0.81   -0.06 (VIOLATED)
_0939_/B                                0.75    0.80   -0.05 (VIOLATED)
_0938_/B                                0.75    0.80   -0.05 (VIOLATED)
ANTENNA_18/DIODE                        0.75    0.80   -0.05 (VIOLATED)
_0937_/Y                                0.75    0.80   -0.05 (VIOLATED)
_1078_/B                                0.75    0.80   -0.05 (VIOLATED)
_1120_/B1                               0.75    0.80   -0.05 (VIOLATED)
_1077_/Y                                0.75    0.80   -0.05 (VIOLATED)
_1157_/B2                               0.75    0.80   -0.05 (VIOLATED)
_1148_/A                                0.75    0.80   -0.05 (VIOLATED)
_1120_/Y                                0.75    0.80   -0.05 (VIOLATED)
_1131_/A                                0.75    0.79   -0.04 (VIOLATED)
_1129_/Y                                0.75    0.79   -0.04 (VIOLATED)
_0731_/A2                               0.75    0.79   -0.04 (VIOLATED)
_0709_/B1                               0.75    0.79   -0.04 (VIOLATED)
_0698_/A                                0.75    0.79   -0.04 (VIOLATED)
_0696_/Y                                0.75    0.79   -0.04 (VIOLATED)
_0790_/A2                               0.75    0.79   -0.04 (VIOLATED)
_0972_/B2                               0.75    0.79   -0.04 (VIOLATED)
max_cap46/A                             0.75    0.79   -0.04 (VIOLATED)
_0732_/Y                                0.75    0.79   -0.04 (VIOLATED)
_0780_/A2                               0.75    0.79   -0.04 (VIOLATED)
_0822_/A2                               0.75    0.79   -0.04 (VIOLATED)
max_cap40/A                             0.75    0.79   -0.04 (VIOLATED)
_0776_/Y                                0.75    0.79   -0.04 (VIOLATED)
_1206_/A                                0.75    0.78   -0.03 (VIOLATED)
_1228_/B1_N                             0.75    0.78   -0.03 (VIOLATED)
_1204_/Y                                0.75    0.78   -0.03 (VIOLATED)
_0950_/C                                0.75    0.78   -0.03 (VIOLATED)
ANTENNA_19/DIODE                        0.75    0.78   -0.03 (VIOLATED)
_0951_/B1                               0.75    0.78   -0.03 (VIOLATED)
_0949_/Y                                0.75    0.78   -0.03 (VIOLATED)
_1100_/A2                               0.75    0.78   -0.03 (VIOLATED)
_1090_/Y                                0.75    0.78   -0.03 (VIOLATED)
wire47/A                                0.75    0.78   -0.03 (VIOLATED)
_0732_/A2                               0.75    0.78   -0.03 (VIOLATED)
_0730_/Y                                0.75    0.78   -0.03 (VIOLATED)
_0958_/A                                0.75    0.78   -0.03 (VIOLATED)
_0956_/Y                                0.75    0.78   -0.03 (VIOLATED)
_1159_/A1                               0.75    0.78   -0.03 (VIOLATED)
_1147_/A                                0.75    0.78   -0.03 (VIOLATED)
_1127_/Y                                0.75    0.78   -0.03 (VIOLATED)
_0834_/A1                               0.75    0.78   -0.03 (VIOLATED)
_0835_/A2                               0.75    0.78   -0.03 (VIOLATED)
_0815_/Y                                0.75    0.78   -0.03 (VIOLATED)
_0936_/B1                               0.75    0.77   -0.02 (VIOLATED)
_1115_/A2                               0.75    0.77   -0.02 (VIOLATED)
_1111_/Y                                0.75    0.77   -0.02 (VIOLATED)
ANTENNA_17/DIODE                        0.75    0.77   -0.02 (VIOLATED)
_0935_/C                                0.75    0.77   -0.02 (VIOLATED)
_0934_/Y                                0.75    0.77   -0.02 (VIOLATED)
_0865_/B1                               0.75    0.76   -0.01 (VIOLATED)
_0834_/A3                               0.75    0.76   -0.01 (VIOLATED)
_0829_/Y                                0.75    0.76   -0.01 (VIOLATED)
_1232_/B                                0.75    0.76   -0.01 (VIOLATED)
_1231_/Y                                0.75    0.76   -0.01 (VIOLATED)
_1262_/A                                0.75    0.76   -0.01 (VIOLATED)
_1280_/A3                               0.75    0.76   -0.01 (VIOLATED)
_1260_/Y                                0.75    0.76   -0.01 (VIOLATED)
_0820_/A_N                              0.75    0.76   -0.01 (VIOLATED)
_0764_/Y                                0.75    0.76   -0.01 (VIOLATED)
_0765_/B1                               0.75    0.76   -0.01 (VIOLATED)
_1140_/B1                               0.75    0.76   -0.01 (VIOLATED)
_1138_/Y                                0.75    0.76   -0.01 (VIOLATED)
_1139_/C                                0.75    0.76   -0.01 (VIOLATED)
_1179_/A                                0.75    0.76   -0.01 (VIOLATED)
_1177_/Y                                0.75    0.76   -0.01 (VIOLATED)

max fanout

Pin                                   Limit Fanout  Slack
---------------------------------------------------------
_0711_/X                                 10     11        (VIOLATED)
_0755_/X                                 10     11        (VIOLATED)


======================= Typical Corner ===================================

max fanout

Pin                                   Limit Fanout  Slack
---------------------------------------------------------
_0711_/X                                 10     11        (VIOLATED)
_0755_/X                                 10     11        (VIOLATED)



===========================================================================
report_parasitic_annotation -report_unannotated
============================================================================
Found 0 unannotated drivers.
Found 0 partially unannotated drivers.

===========================================================================
max slew violation count 193
max fanout violation count 2
max cap violation count 0
============================================================================

===========================================================================
check_setup -verbose -unconstrained_endpoints -multiple_clock -no_clock -no_input_delay -loops -generated_clocks
===========================================================================
