
===========================================================================
report_checks -unconstrained
===========================================================================
======================= Fastest Corner ===================================

Startpoint: _096_ (rising edge-triggered flip-flop clocked by clk)
Endpoint: _111_ (rising edge-triggered flip-flop clocked by clk)
Path Group: clk
Path Type: max
Corner: Fastest

Fanout     Cap    Slew   Delay    Time   Description
-----------------------------------------------------------------------------
                          0.00    0.00   clock clk (rise edge)
                          0.00    0.00   clock source latency
                  0.23    0.17    0.17 ^ clk (in)
     1    0.07                           clk (net)
                  0.23    0.00    0.17 ^ clkbuf_0_clk/A (sky130_fd_sc_hd__clkbuf_16)
                  0.05    0.14    0.31 ^ clkbuf_0_clk/X (sky130_fd_sc_hd__clkbuf_16)
     2    0.04                           clknet_0_clk (net)
                  0.05    0.00    0.31 ^ clkbuf_1_0__f_clk/A (sky130_fd_sc_hd__clkbuf_16)
                  0.09    0.14    0.45 ^ clkbuf_1_0__f_clk/X (sky130_fd_sc_hd__clkbuf_16)
     9    0.10                           clknet_1_0__leaf_clk (net)
                  0.09    0.01    0.46 ^ _096_/CLK (sky130_fd_sc_hd__dfxtp_2)
                  0.86    0.78    1.24 ^ _096_/Q (sky130_fd_sc_hd__dfxtp_2)
     7    0.23                           pc_out[0] (net)
                  0.86    0.01    1.25 ^ _055_/A (sky130_fd_sc_hd__and4_2)
                  0.28    0.39    1.64 ^ _055_/X (sky130_fd_sc_hd__and4_2)
     1    0.07                           _020_ (net)
                  0.28    0.02    1.67 ^ _056_/A (sky130_fd_sc_hd__buf_1)
                  1.56    1.15    2.81 ^ _056_/X (sky130_fd_sc_hd__buf_1)
     7    0.18                           _021_ (net)
                  1.56    0.04    2.85 ^ _065_/D (sky130_fd_sc_hd__and4_2)
                  0.18    0.26    3.12 ^ _065_/X (sky130_fd_sc_hd__and4_2)
     1    0.04                           _027_ (net)
                  0.19    0.01    3.13 ^ _066_/A (sky130_fd_sc_hd__buf_1)
                  1.32    0.96    4.08 ^ _066_/X (sky130_fd_sc_hd__buf_1)
     6    0.15                           _028_ (net)
                  1.33    0.04    4.13 ^ _073_/D (sky130_fd_sc_hd__and4_2)
                  0.48    0.50    4.62 ^ _073_/X (sky130_fd_sc_hd__and4_2)
     5    0.13                           _032_ (net)
                  0.48    0.02    4.64 ^ _079_/C (sky130_fd_sc_hd__and3_2)
                  0.19    0.27    4.90 ^ _079_/X (sky130_fd_sc_hd__and3_2)
     1    0.05                           _036_ (net)
                  0.19    0.01    4.92 ^ _080_/A (sky130_fd_sc_hd__buf_1)
                  1.43    1.04    5.96 ^ _080_/X (sky130_fd_sc_hd__buf_1)
     9    0.17                           _037_ (net)
                  1.43    0.03    5.99 ^ _092_/C (sky130_fd_sc_hd__nand4_2)
                  0.34    0.22    6.21 v _092_/Y (sky130_fd_sc_hd__nand4_2)
     1    0.04                           _045_ (net)
                  0.34    0.01    6.22 v _094_/B (sky130_fd_sc_hd__and3b_2)
                  0.18    0.37    6.59 v _094_/X (sky130_fd_sc_hd__and3b_2)
     1    0.10                           _047_ (net)
                  0.20    0.05    6.64 v _095_/A (sky130_fd_sc_hd__buf_1)
                  0.17    0.23    6.87 v _095_/X (sky130_fd_sc_hd__buf_1)
     1    0.04                           _015_ (net)
                  0.17    0.01    6.88 v _111_/D (sky130_fd_sc_hd__dfxtp_2)
                                  6.88   data arrival time

                         10.00   10.00   clock clk (rise edge)
                          0.00   10.00   clock source latency
                  0.23    0.15   10.15 ^ clk (in)
     1    0.07                           clk (net)
                  0.23    0.00   10.15 ^ clkbuf_0_clk/A (sky130_fd_sc_hd__clkbuf_16)
                  0.05    0.13   10.28 ^ clkbuf_0_clk/X (sky130_fd_sc_hd__clkbuf_16)
     2    0.04                           clknet_0_clk (net)
                  0.05    0.00   10.28 ^ clkbuf_1_1__f_clk/A (sky130_fd_sc_hd__clkbuf_16)
                  0.08    0.12   10.41 ^ clkbuf_1_1__f_clk/X (sky130_fd_sc_hd__clkbuf_16)
     7    0.09                           clknet_1_1__leaf_clk (net)
                  0.09    0.01   10.41 ^ _111_/CLK (sky130_fd_sc_hd__dfxtp_2)
                         -0.25   10.16   clock uncertainty
                          0.03   10.19   clock reconvergence pessimism
                         -0.11   10.08   library setup time
                                 10.08   data required time
-----------------------------------------------------------------------------
                                 10.08   data required time
                                 -6.88   data arrival time
-----------------------------------------------------------------------------
                                  3.20   slack (MET)



======================= Slowest Corner ===================================

Startpoint: _096_ (rising edge-triggered flip-flop clocked by clk)
Endpoint: _111_ (rising edge-triggered flip-flop clocked by clk)
Path Group: clk
Path Type: max
Corner: Slowest

Fanout     Cap    Slew   Delay    Time   Description
-----------------------------------------------------------------------------
                          0.00    0.00   clock clk (rise edge)
                          0.00    0.00   clock source latency
                  0.48    0.35    0.35 ^ clk (in)
     1    0.07                           clk (net)
                  0.48    0.00    0.35 ^ clkbuf_0_clk/A (sky130_fd_sc_hd__clkbuf_16)
                  0.10    0.45    0.80 ^ clkbuf_0_clk/X (sky130_fd_sc_hd__clkbuf_16)
     2    0.04                           clknet_0_clk (net)
                  0.10    0.00    0.80 ^ clkbuf_1_0__f_clk/A (sky130_fd_sc_hd__clkbuf_16)
                  0.17    0.34    1.14 ^ clkbuf_1_0__f_clk/X (sky130_fd_sc_hd__clkbuf_16)
     9    0.10                           clknet_1_0__leaf_clk (net)
                  0.17    0.01    1.15 ^ _096_/CLK (sky130_fd_sc_hd__dfxtp_2)
                  1.80    1.99    3.14 ^ _096_/Q (sky130_fd_sc_hd__dfxtp_2)
     7    0.23                           pc_out[0] (net)
                  1.80    0.01    3.15 ^ _055_/A (sky130_fd_sc_hd__and4_2)
                  0.61    1.53    4.68 ^ _055_/X (sky130_fd_sc_hd__and4_2)
     1    0.07                           _020_ (net)
                  0.61    0.02    4.70 ^ _056_/A (sky130_fd_sc_hd__buf_1)
                  3.32    2.73    7.43 ^ _056_/X (sky130_fd_sc_hd__buf_1)
     7    0.18                           _021_ (net)
                  3.32    0.04    7.47 ^ _065_/D (sky130_fd_sc_hd__and4_2)
                  0.42    1.49    8.96 ^ _065_/X (sky130_fd_sc_hd__and4_2)
     1    0.04                           _027_ (net)
                  0.42    0.01    8.97 ^ _066_/A (sky130_fd_sc_hd__buf_1)
                  2.79    2.28   11.25 ^ _066_/X (sky130_fd_sc_hd__buf_1)
     6    0.15                           _028_ (net)
                  2.80    0.04   11.30 ^ _073_/D (sky130_fd_sc_hd__and4_2)
                  1.05    1.92   13.22 ^ _073_/X (sky130_fd_sc_hd__and4_2)
     5    0.13                           _032_ (net)
                  1.05    0.02   13.23 ^ _079_/C (sky130_fd_sc_hd__and3_2)
                  0.41    0.96   14.19 ^ _079_/X (sky130_fd_sc_hd__and3_2)
     1    0.05                           _036_ (net)
                  0.41    0.01   14.20 ^ _080_/A (sky130_fd_sc_hd__buf_1)
                  3.04    2.46   16.66 ^ _080_/X (sky130_fd_sc_hd__buf_1)
     9    0.17                           _037_ (net)
                  3.04    0.03   16.70 ^ _092_/C (sky130_fd_sc_hd__nand4_2)
                  0.90    1.47   18.16 v _092_/Y (sky130_fd_sc_hd__nand4_2)
     1    0.04                           _045_ (net)
                  0.90    0.01   18.17 v _094_/B (sky130_fd_sc_hd__and3b_2)
                  0.46    1.22   19.39 v _094_/X (sky130_fd_sc_hd__and3b_2)
     1    0.10                           _047_ (net)
                  0.46    0.05   19.44 v _095_/A (sky130_fd_sc_hd__buf_1)
                  0.47    0.66   20.10 v _095_/X (sky130_fd_sc_hd__buf_1)
     1    0.04                           _015_ (net)
                  0.47    0.01   20.11 v _111_/D (sky130_fd_sc_hd__dfxtp_2)
                                 20.11   data arrival time

                         10.00   10.00   clock clk (rise edge)
                          0.00   10.00   clock source latency
                  0.48    0.32   10.32 ^ clk (in)
     1    0.07                           clk (net)
                  0.48    0.00   10.32 ^ clkbuf_0_clk/A (sky130_fd_sc_hd__clkbuf_16)
                  0.10    0.41   10.72 ^ clkbuf_0_clk/X (sky130_fd_sc_hd__clkbuf_16)
     2    0.04                           clknet_0_clk (net)
                  0.10    0.00   10.73 ^ clkbuf_1_1__f_clk/A (sky130_fd_sc_hd__clkbuf_16)
                  0.16    0.30   11.03 ^ clkbuf_1_1__f_clk/X (sky130_fd_sc_hd__clkbuf_16)
     7    0.09                           clknet_1_1__leaf_clk (net)
                  0.17    0.01   11.04 ^ _111_/CLK (sky130_fd_sc_hd__dfxtp_2)
                         -0.25   10.79   clock uncertainty
                          0.08   10.86   clock reconvergence pessimism
                         -0.42   10.45   library setup time
                                 10.45   data required time
-----------------------------------------------------------------------------
                                 10.45   data required time
                                -20.11   data arrival time
-----------------------------------------------------------------------------
                                 -9.66   slack (VIOLATED)



======================= Typical Corner ===================================

Startpoint: _096_ (rising edge-triggered flip-flop clocked by clk)
Endpoint: _111_ (rising edge-triggered flip-flop clocked by clk)
Path Group: clk
Path Type: max
Corner: Typical

Fanout     Cap    Slew   Delay    Time   Description
-----------------------------------------------------------------------------
                          0.00    0.00   clock clk (rise edge)
                          0.00    0.00   clock source latency
                  0.30    0.22    0.22 ^ clk (in)
     1    0.07                           clk (net)
                  0.30    0.00    0.22 ^ clkbuf_0_clk/A (sky130_fd_sc_hd__clkbuf_16)
                  0.07    0.24    0.46 ^ clkbuf_0_clk/X (sky130_fd_sc_hd__clkbuf_16)
     2    0.04                           clknet_0_clk (net)
                  0.07    0.00    0.46 ^ clkbuf_1_0__f_clk/A (sky130_fd_sc_hd__clkbuf_16)
                  0.11    0.20    0.66 ^ clkbuf_1_0__f_clk/X (sky130_fd_sc_hd__clkbuf_16)
     9    0.10                           clknet_1_0__leaf_clk (net)
                  0.11    0.01    0.67 ^ _096_/CLK (sky130_fd_sc_hd__dfxtp_2)
                  1.14    1.12    1.79 ^ _096_/Q (sky130_fd_sc_hd__dfxtp_2)
     7    0.23                           pc_out[0] (net)
                  1.14    0.01    1.80 ^ _055_/A (sky130_fd_sc_hd__and4_2)
                  0.38    0.71    2.51 ^ _055_/X (sky130_fd_sc_hd__and4_2)
     1    0.07                           _020_ (net)
                  0.38    0.02    2.53 ^ _056_/A (sky130_fd_sc_hd__buf_1)
                  2.07    1.60    4.13 ^ _056_/X (sky130_fd_sc_hd__buf_1)
     7    0.18                           _021_ (net)
                  2.07    0.04    4.17 ^ _065_/D (sky130_fd_sc_hd__and4_2)
                  0.25    0.63    4.80 ^ _065_/X (sky130_fd_sc_hd__and4_2)
     1    0.04                           _027_ (net)
                  0.25    0.01    4.81 ^ _066_/A (sky130_fd_sc_hd__buf_1)
                  1.76    1.34    6.14 ^ _066_/X (sky130_fd_sc_hd__buf_1)
     6    0.15                           _028_ (net)
                  1.76    0.04    6.19 ^ _073_/D (sky130_fd_sc_hd__and4_2)
                  0.64    0.91    7.10 ^ _073_/X (sky130_fd_sc_hd__and4_2)
     5    0.13                           _032_ (net)
                  0.64    0.02    7.11 ^ _079_/C (sky130_fd_sc_hd__and3_2)
                  0.25    0.46    7.57 ^ _079_/X (sky130_fd_sc_hd__and3_2)
     1    0.05                           _036_ (net)
                  0.25    0.01    7.59 ^ _080_/A (sky130_fd_sc_hd__buf_1)
                  1.89    1.45    9.04 ^ _080_/X (sky130_fd_sc_hd__buf_1)
     9    0.17                           _037_ (net)
                  1.89    0.03    9.07 ^ _092_/C (sky130_fd_sc_hd__nand4_2)
                  0.48    0.58    9.65 v _092_/Y (sky130_fd_sc_hd__nand4_2)
     1    0.04                           _045_ (net)
                  0.48    0.01    9.66 v _094_/B (sky130_fd_sc_hd__and3b_2)
                  0.25    0.59   10.25 v _094_/X (sky130_fd_sc_hd__and3b_2)
     1    0.10                           _047_ (net)
                  0.26    0.05   10.29 v _095_/A (sky130_fd_sc_hd__buf_1)
                  0.24    0.35   10.65 v _095_/X (sky130_fd_sc_hd__buf_1)
     1    0.04                           _015_ (net)
                  0.24    0.01   10.65 v _111_/D (sky130_fd_sc_hd__dfxtp_2)
                                 10.65   data arrival time

                         10.00   10.00   clock clk (rise edge)
                          0.00   10.00   clock source latency
                  0.30    0.20   10.20 ^ clk (in)
     1    0.07                           clk (net)
                  0.30    0.00   10.20 ^ clkbuf_0_clk/A (sky130_fd_sc_hd__clkbuf_16)
                  0.07    0.21   10.41 ^ clkbuf_0_clk/X (sky130_fd_sc_hd__clkbuf_16)
     2    0.04                           clknet_0_clk (net)
                  0.07    0.00   10.42 ^ clkbuf_1_1__f_clk/A (sky130_fd_sc_hd__clkbuf_16)
                  0.11    0.18   10.59 ^ clkbuf_1_1__f_clk/X (sky130_fd_sc_hd__clkbuf_16)
     7    0.09                           clknet_1_1__leaf_clk (net)
                  0.11    0.01   10.60 ^ _111_/CLK (sky130_fd_sc_hd__dfxtp_2)
                         -0.25   10.35   clock uncertainty
                          0.04   10.39   clock reconvergence pessimism
                         -0.18   10.21   library setup time
                                 10.21   data required time
-----------------------------------------------------------------------------
                                 10.21   data required time
                                -10.65   data arrival time
-----------------------------------------------------------------------------
                                 -0.44   slack (VIOLATED)




===========================================================================
report_checks --slack_max -0.01
============================================================================
======================= Fastest Corner ===================================

No paths found.

======================= Slowest Corner ===================================

Startpoint: _096_ (rising edge-triggered flip-flop clocked by clk)
Endpoint: _111_ (rising edge-triggered flip-flop clocked by clk)
Path Group: clk
Path Type: max
Corner: Slowest

Fanout     Cap    Slew   Delay    Time   Description
-----------------------------------------------------------------------------
                          0.00    0.00   clock clk (rise edge)
                          0.00    0.00   clock source latency
                  0.48    0.35    0.35 ^ clk (in)
     1    0.07                           clk (net)
                  0.48    0.00    0.35 ^ clkbuf_0_clk/A (sky130_fd_sc_hd__clkbuf_16)
                  0.10    0.45    0.80 ^ clkbuf_0_clk/X (sky130_fd_sc_hd__clkbuf_16)
     2    0.04                           clknet_0_clk (net)
                  0.10    0.00    0.80 ^ clkbuf_1_0__f_clk/A (sky130_fd_sc_hd__clkbuf_16)
                  0.17    0.34    1.14 ^ clkbuf_1_0__f_clk/X (sky130_fd_sc_hd__clkbuf_16)
     9    0.10                           clknet_1_0__leaf_clk (net)
                  0.17    0.01    1.15 ^ _096_/CLK (sky130_fd_sc_hd__dfxtp_2)
                  1.80    1.99    3.14 ^ _096_/Q (sky130_fd_sc_hd__dfxtp_2)
     7    0.23                           pc_out[0] (net)
                  1.80    0.01    3.15 ^ _055_/A (sky130_fd_sc_hd__and4_2)
                  0.61    1.53    4.68 ^ _055_/X (sky130_fd_sc_hd__and4_2)
     1    0.07                           _020_ (net)
                  0.61    0.02    4.70 ^ _056_/A (sky130_fd_sc_hd__buf_1)
                  3.32    2.73    7.43 ^ _056_/X (sky130_fd_sc_hd__buf_1)
     7    0.18                           _021_ (net)
                  3.32    0.04    7.47 ^ _065_/D (sky130_fd_sc_hd__and4_2)
                  0.42    1.49    8.96 ^ _065_/X (sky130_fd_sc_hd__and4_2)
     1    0.04                           _027_ (net)
                  0.42    0.01    8.97 ^ _066_/A (sky130_fd_sc_hd__buf_1)
                  2.79    2.28   11.25 ^ _066_/X (sky130_fd_sc_hd__buf_1)
     6    0.15                           _028_ (net)
                  2.80    0.04   11.30 ^ _073_/D (sky130_fd_sc_hd__and4_2)
                  1.05    1.92   13.22 ^ _073_/X (sky130_fd_sc_hd__and4_2)
     5    0.13                           _032_ (net)
                  1.05    0.02   13.23 ^ _079_/C (sky130_fd_sc_hd__and3_2)
                  0.41    0.96   14.19 ^ _079_/X (sky130_fd_sc_hd__and3_2)
     1    0.05                           _036_ (net)
                  0.41    0.01   14.20 ^ _080_/A (sky130_fd_sc_hd__buf_1)
                  3.04    2.46   16.66 ^ _080_/X (sky130_fd_sc_hd__buf_1)
     9    0.17                           _037_ (net)
                  3.04    0.03   16.70 ^ _092_/C (sky130_fd_sc_hd__nand4_2)
                  0.90    1.47   18.16 v _092_/Y (sky130_fd_sc_hd__nand4_2)
     1    0.04                           _045_ (net)
                  0.90    0.01   18.17 v _094_/B (sky130_fd_sc_hd__and3b_2)
                  0.46    1.22   19.39 v _094_/X (sky130_fd_sc_hd__and3b_2)
     1    0.10                           _047_ (net)
                  0.46    0.05   19.44 v _095_/A (sky130_fd_sc_hd__buf_1)
                  0.47    0.66   20.10 v _095_/X (sky130_fd_sc_hd__buf_1)
     1    0.04                           _015_ (net)
                  0.47    0.01   20.11 v _111_/D (sky130_fd_sc_hd__dfxtp_2)
                                 20.11   data arrival time

                         10.00   10.00   clock clk (rise edge)
                          0.00   10.00   clock source latency
                  0.48    0.32   10.32 ^ clk (in)
     1    0.07                           clk (net)
                  0.48    0.00   10.32 ^ clkbuf_0_clk/A (sky130_fd_sc_hd__clkbuf_16)
                  0.10    0.41   10.72 ^ clkbuf_0_clk/X (sky130_fd_sc_hd__clkbuf_16)
     2    0.04                           clknet_0_clk (net)
                  0.10    0.00   10.73 ^ clkbuf_1_1__f_clk/A (sky130_fd_sc_hd__clkbuf_16)
                  0.16    0.30   11.03 ^ clkbuf_1_1__f_clk/X (sky130_fd_sc_hd__clkbuf_16)
     7    0.09                           clknet_1_1__leaf_clk (net)
                  0.17    0.01   11.04 ^ _111_/CLK (sky130_fd_sc_hd__dfxtp_2)
                         -0.25   10.79   clock uncertainty
                          0.08   10.86   clock reconvergence pessimism
                         -0.42   10.45   library setup time
                                 10.45   data required time
-----------------------------------------------------------------------------
                                 10.45   data required time
                                -20.11   data arrival time
-----------------------------------------------------------------------------
                                 -9.66   slack (VIOLATED)



======================= Typical Corner ===================================

Startpoint: _096_ (rising edge-triggered flip-flop clocked by clk)
Endpoint: _111_ (rising edge-triggered flip-flop clocked by clk)
Path Group: clk
Path Type: max
Corner: Typical

Fanout     Cap    Slew   Delay    Time   Description
-----------------------------------------------------------------------------
                          0.00    0.00   clock clk (rise edge)
                          0.00    0.00   clock source latency
                  0.30    0.22    0.22 ^ clk (in)
     1    0.07                           clk (net)
                  0.30    0.00    0.22 ^ clkbuf_0_clk/A (sky130_fd_sc_hd__clkbuf_16)
                  0.07    0.24    0.46 ^ clkbuf_0_clk/X (sky130_fd_sc_hd__clkbuf_16)
     2    0.04                           clknet_0_clk (net)
                  0.07    0.00    0.46 ^ clkbuf_1_0__f_clk/A (sky130_fd_sc_hd__clkbuf_16)
                  0.11    0.20    0.66 ^ clkbuf_1_0__f_clk/X (sky130_fd_sc_hd__clkbuf_16)
     9    0.10                           clknet_1_0__leaf_clk (net)
                  0.11    0.01    0.67 ^ _096_/CLK (sky130_fd_sc_hd__dfxtp_2)
                  1.14    1.12    1.79 ^ _096_/Q (sky130_fd_sc_hd__dfxtp_2)
     7    0.23                           pc_out[0] (net)
                  1.14    0.01    1.80 ^ _055_/A (sky130_fd_sc_hd__and4_2)
                  0.38    0.71    2.51 ^ _055_/X (sky130_fd_sc_hd__and4_2)
     1    0.07                           _020_ (net)
                  0.38    0.02    2.53 ^ _056_/A (sky130_fd_sc_hd__buf_1)
                  2.07    1.60    4.13 ^ _056_/X (sky130_fd_sc_hd__buf_1)
     7    0.18                           _021_ (net)
                  2.07    0.04    4.17 ^ _065_/D (sky130_fd_sc_hd__and4_2)
                  0.25    0.63    4.80 ^ _065_/X (sky130_fd_sc_hd__and4_2)
     1    0.04                           _027_ (net)
                  0.25    0.01    4.81 ^ _066_/A (sky130_fd_sc_hd__buf_1)
                  1.76    1.34    6.14 ^ _066_/X (sky130_fd_sc_hd__buf_1)
     6    0.15                           _028_ (net)
                  1.76    0.04    6.19 ^ _073_/D (sky130_fd_sc_hd__and4_2)
                  0.64    0.91    7.10 ^ _073_/X (sky130_fd_sc_hd__and4_2)
     5    0.13                           _032_ (net)
                  0.64    0.02    7.11 ^ _079_/C (sky130_fd_sc_hd__and3_2)
                  0.25    0.46    7.57 ^ _079_/X (sky130_fd_sc_hd__and3_2)
     1    0.05                           _036_ (net)
                  0.25    0.01    7.59 ^ _080_/A (sky130_fd_sc_hd__buf_1)
                  1.89    1.45    9.04 ^ _080_/X (sky130_fd_sc_hd__buf_1)
     9    0.17                           _037_ (net)
                  1.89    0.03    9.07 ^ _092_/C (sky130_fd_sc_hd__nand4_2)
                  0.48    0.58    9.65 v _092_/Y (sky130_fd_sc_hd__nand4_2)
     1    0.04                           _045_ (net)
                  0.48    0.01    9.66 v _094_/B (sky130_fd_sc_hd__and3b_2)
                  0.25    0.59   10.25 v _094_/X (sky130_fd_sc_hd__and3b_2)
     1    0.10                           _047_ (net)
                  0.26    0.05   10.29 v _095_/A (sky130_fd_sc_hd__buf_1)
                  0.24    0.35   10.65 v _095_/X (sky130_fd_sc_hd__buf_1)
     1    0.04                           _015_ (net)
                  0.24    0.01   10.65 v _111_/D (sky130_fd_sc_hd__dfxtp_2)
                                 10.65   data arrival time

                         10.00   10.00   clock clk (rise edge)
                          0.00   10.00   clock source latency
                  0.30    0.20   10.20 ^ clk (in)
     1    0.07                           clk (net)
                  0.30    0.00   10.20 ^ clkbuf_0_clk/A (sky130_fd_sc_hd__clkbuf_16)
                  0.07    0.21   10.41 ^ clkbuf_0_clk/X (sky130_fd_sc_hd__clkbuf_16)
     2    0.04                           clknet_0_clk (net)
                  0.07    0.00   10.42 ^ clkbuf_1_1__f_clk/A (sky130_fd_sc_hd__clkbuf_16)
                  0.11    0.18   10.59 ^ clkbuf_1_1__f_clk/X (sky130_fd_sc_hd__clkbuf_16)
     7    0.09                           clknet_1_1__leaf_clk (net)
                  0.11    0.01   10.60 ^ _111_/CLK (sky130_fd_sc_hd__dfxtp_2)
                         -0.25   10.35   clock uncertainty
                          0.04   10.39   clock reconvergence pessimism
                         -0.18   10.21   library setup time
                                 10.21   data required time
-----------------------------------------------------------------------------
                                 10.21   data required time
                                -10.65   data arrival time
-----------------------------------------------------------------------------
                                 -0.44   slack (VIOLATED)




===========================================================================
 report_check_types -max_slew -max_cap -max_fanout -violators
============================================================================
======================= Fastest Corner ===================================

max slew

Pin                                    Limit    Slew   Slack
------------------------------------------------------------
_072_/A                                 0.75    1.80   -1.05 (VIOLATED)
_059_/B1                                0.75    1.80   -1.05 (VIOLATED)
_049_/B                                 0.75    1.80   -1.05 (VIOLATED)
_067_/A                                 0.75    1.80   -1.05 (VIOLATED)
_087_/C1                                0.75    1.80   -1.05 (VIOLATED)
_076_/B1                                0.75    1.80   -1.05 (VIOLATED)
_050_/B1                                0.75    1.80   -1.05 (VIOLATED)
_068_/B1                                0.75    1.80   -1.05 (VIOLATED)
_081_/A                                 0.75    1.80   -1.05 (VIOLATED)
_054_/A                                 0.75    1.80   -1.05 (VIOLATED)
_048_/X                                 0.75    1.80   -1.05 (VIOLATED)
_064_/A3                                0.75    1.56   -0.81 (VIOLATED)
_059_/A2                                0.75    1.56   -0.81 (VIOLATED)
_061_/A2                                0.75    1.56   -0.81 (VIOLATED)
_065_/D                                 0.75    1.56   -0.81 (VIOLATED)
_060_/A2                                0.75    1.56   -0.81 (VIOLATED)
_062_/A3                                0.75    1.56   -0.81 (VIOLATED)
_057_/B                                 0.75    1.56   -0.81 (VIOLATED)
_056_/X                                 0.75    1.56   -0.81 (VIOLATED)
_083_/A2                                0.75    1.43   -0.68 (VIOLATED)
_081_/C                                 0.75    1.43   -0.68 (VIOLATED)
_087_/B2                                0.75    1.43   -0.68 (VIOLATED)
_088_/A2                                0.75    1.43   -0.68 (VIOLATED)
_092_/C                                 0.75    1.43   -0.68 (VIOLATED)
_089_/A1                                0.75    1.43   -0.68 (VIOLATED)
_082_/A2                                0.75    1.43   -0.68 (VIOLATED)
_093_/A2                                0.75    1.43   -0.68 (VIOLATED)
_085_/B                                 0.75    1.43   -0.68 (VIOLATED)
_080_/X                                 0.75    1.43   -0.68 (VIOLATED)
_070_/A2                                0.75    1.33   -0.58 (VIOLATED)
_071_/C                                 0.75    1.33   -0.58 (VIOLATED)
_069_/A2                                0.75    1.33   -0.58 (VIOLATED)
_067_/C                                 0.75    1.33   -0.58 (VIOLATED)
_073_/D                                 0.75    1.33   -0.58 (VIOLATED)
_068_/A2                                0.75    1.32   -0.57 (VIOLATED)
_066_/X                                 0.75    1.32   -0.57 (VIOLATED)
pc_out[0]                               0.75    0.88   -0.13 (VIOLATED)
_083_/B1                                0.75    0.88   -0.13 (VIOLATED)
_082_/Y                                 0.75    0.87   -0.12 (VIOLATED)
_051_/A1                                0.75    0.87   -0.12 (VIOLATED)
_050_/A1                                0.75    0.87   -0.12 (VIOLATED)
_052_/A                                 0.75    0.87   -0.12 (VIOLATED)
_053_/A1                                0.75    0.86   -0.11 (VIOLATED)
_049_/A                                 0.75    0.86   -0.11 (VIOLATED)
_055_/A                                 0.75    0.86   -0.11 (VIOLATED)
_096_/Q                                 0.75    0.86   -0.11 (VIOLATED)
_059_/A1                                0.75    0.86   -0.11 (VIOLATED)
_060_/A1                                0.75    0.86   -0.11 (VIOLATED)
pc_out[4]                               0.75    0.86   -0.11 (VIOLATED)
_064_/A1                                0.75    0.86   -0.11 (VIOLATED)
_062_/A1                                0.75    0.86   -0.11 (VIOLATED)
_065_/A                                 0.75    0.86   -0.11 (VIOLATED)
_061_/A1                                0.75    0.86   -0.11 (VIOLATED)
_100_/Q                                 0.75    0.86   -0.11 (VIOLATED)
pc_out[7]                               0.75    0.81   -0.06 (VIOLATED)
_068_/A1                                0.75    0.81   -0.06 (VIOLATED)
_069_/A1                                0.75    0.81   -0.06 (VIOLATED)
_073_/A                                 0.75    0.81   -0.06 (VIOLATED)
_070_/A1                                0.75    0.80   -0.05 (VIOLATED)
_071_/A                                 0.75    0.80   -0.05 (VIOLATED)
_103_/Q                                 0.75    0.80   -0.05 (VIOLATED)
pc_out[10]                              0.75    0.76   -0.01 (VIOLATED)
_079_/A                                 0.75    0.75   -0.00 (VIOLATED)
pc_out[2]                               0.75    0.75   -0.00 (VIOLATED)
pc_out[1]                               0.75    0.75   -0.00 (VIOLATED)
_076_/A1                                0.75    0.75   -0.00 (VIOLATED)

max capacitance

Pin                                    Limit     Cap   Slack
------------------------------------------------------------
_048_/X                                 0.17    0.21   -0.04 (VIOLATED)
_056_/X                                 0.17    0.18   -0.01 (VIOLATED)


======================= Slowest Corner ===================================

max slew

Pin                                    Limit    Slew   Slack
------------------------------------------------------------
_072_/A                                 0.75    3.86   -3.11 (VIOLATED)
_059_/B1                                0.75    3.86   -3.11 (VIOLATED)
_049_/B                                 0.75    3.86   -3.11 (VIOLATED)
_067_/A                                 0.75    3.86   -3.11 (VIOLATED)
_087_/C1                                0.75    3.86   -3.11 (VIOLATED)
_076_/B1                                0.75    3.86   -3.11 (VIOLATED)
_050_/B1                                0.75    3.86   -3.11 (VIOLATED)
_068_/B1                                0.75    3.86   -3.11 (VIOLATED)
_081_/A                                 0.75    3.86   -3.11 (VIOLATED)
_054_/A                                 0.75    3.86   -3.11 (VIOLATED)
_048_/X                                 0.75    3.86   -3.11 (VIOLATED)
_064_/A3                                0.75    3.32   -2.57 (VIOLATED)
_059_/A2                                0.75    3.32   -2.57 (VIOLATED)
_061_/A2                                0.75    3.32   -2.57 (VIOLATED)
_065_/D                                 0.75    3.32   -2.57 (VIOLATED)
_060_/A2                                0.75    3.32   -2.57 (VIOLATED)
_062_/A3                                0.75    3.32   -2.57 (VIOLATED)
_057_/B                                 0.75    3.32   -2.57 (VIOLATED)
_056_/X                                 0.75    3.32   -2.57 (VIOLATED)
_083_/A2                                0.75    3.04   -2.29 (VIOLATED)
_081_/C                                 0.75    3.04   -2.29 (VIOLATED)
_087_/B2                                0.75    3.04   -2.29 (VIOLATED)
_088_/A2                                0.75    3.04   -2.29 (VIOLATED)
_092_/C                                 0.75    3.04   -2.29 (VIOLATED)
_082_/A2                                0.75    3.04   -2.29 (VIOLATED)
_089_/A1                                0.75    3.04   -2.29 (VIOLATED)
_093_/A2                                0.75    3.04   -2.29 (VIOLATED)
_085_/B                                 0.75    3.04   -2.29 (VIOLATED)
_080_/X                                 0.75    3.04   -2.29 (VIOLATED)
_070_/A2                                0.75    2.80   -2.05 (VIOLATED)
_071_/C                                 0.75    2.80   -2.05 (VIOLATED)
_069_/A2                                0.75    2.80   -2.05 (VIOLATED)
_067_/C                                 0.75    2.80   -2.05 (VIOLATED)
_073_/D                                 0.75    2.80   -2.05 (VIOLATED)
_068_/A2                                0.75    2.79   -2.04 (VIOLATED)
_066_/X                                 0.75    2.79   -2.04 (VIOLATED)
_083_/B1                                0.75    1.93   -1.18 (VIOLATED)
_082_/Y                                 0.75    1.93   -1.18 (VIOLATED)
pc_out[0]                               0.75    1.81   -1.06 (VIOLATED)
_051_/A1                                0.75    1.81   -1.06 (VIOLATED)
_050_/A1                                0.75    1.80   -1.05 (VIOLATED)
_052_/A                                 0.75    1.80   -1.05 (VIOLATED)
_053_/A1                                0.75    1.80   -1.05 (VIOLATED)
_049_/A                                 0.75    1.80   -1.05 (VIOLATED)
_055_/A                                 0.75    1.80   -1.05 (VIOLATED)
_096_/Q                                 0.75    1.80   -1.05 (VIOLATED)
_059_/A1                                0.75    1.79   -1.04 (VIOLATED)
_060_/A1                                0.75    1.79   -1.04 (VIOLATED)
pc_out[4]                               0.75    1.79   -1.04 (VIOLATED)
_064_/A1                                0.75    1.79   -1.04 (VIOLATED)
_062_/A1                                0.75    1.79   -1.04 (VIOLATED)
_065_/A                                 0.75    1.79   -1.04 (VIOLATED)
_061_/A1                                0.75    1.79   -1.04 (VIOLATED)
_100_/Q                                 0.75    1.79   -1.04 (VIOLATED)
pc_out[7]                               0.75    1.67   -0.92 (VIOLATED)
_068_/A1                                0.75    1.67   -0.92 (VIOLATED)
_069_/A1                                0.75    1.67   -0.92 (VIOLATED)
_073_/A                                 0.75    1.67   -0.92 (VIOLATED)
_070_/A1                                0.75    1.67   -0.92 (VIOLATED)
_071_/A                                 0.75    1.66   -0.91 (VIOLATED)
_103_/Q                                 0.75    1.66   -0.91 (VIOLATED)
_098_/D                                 0.75    1.63   -0.88 (VIOLATED)
_054_/Y                                 0.75    1.62   -0.87 (VIOLATED)
pc_out[2]                               0.75    1.55   -0.80 (VIOLATED)
pc_out[1]                               0.75    1.55   -0.80 (VIOLATED)
_052_/B                                 0.75    1.55   -0.80 (VIOLATED)
_052_/C                                 0.75    1.55   -0.80 (VIOLATED)
_050_/A2                                0.75    1.55   -0.80 (VIOLATED)
_053_/B1                                0.75    1.55   -0.80 (VIOLATED)
_055_/C                                 0.75    1.55   -0.80 (VIOLATED)
_098_/Q                                 0.75    1.55   -0.80 (VIOLATED)
_051_/A2                                0.75    1.55   -0.80 (VIOLATED)
_053_/A2                                0.75    1.55   -0.80 (VIOLATED)
_055_/B                                 0.75    1.55   -0.80 (VIOLATED)
_097_/Q                                 0.75    1.55   -0.80 (VIOLATED)
_069_/B1                                0.75    1.54   -0.79 (VIOLATED)
_068_/Y                                 0.75    1.54   -0.79 (VIOLATED)
pc_out[10]                              0.75    1.54   -0.79 (VIOLATED)
_079_/A                                 0.75    1.54   -0.79 (VIOLATED)
_076_/A1                                0.75    1.53   -0.78 (VIOLATED)
_077_/A1                                0.75    1.53   -0.78 (VIOLATED)
_078_/A1                                0.75    1.53   -0.78 (VIOLATED)
_106_/Q                                 0.75    1.52   -0.77 (VIOLATED)
_081_/B                                 0.75    1.51   -0.76 (VIOLATED)
_078_/Y                                 0.75    1.51   -0.76 (VIOLATED)
pc_out[12]                              0.75    1.43   -0.68 (VIOLATED)
_083_/A1                                0.75    1.43   -0.68 (VIOLATED)
_082_/A1                                0.75    1.42   -0.67 (VIOLATED)
_085_/A                                 0.75    1.42   -0.67 (VIOLATED)
_086_/A                                 0.75    1.42   -0.67 (VIOLATED)
_108_/Q                                 0.75    1.42   -0.67 (VIOLATED)
_109_/D                                 0.75    1.31   -0.56 (VIOLATED)
_087_/Y                                 0.75    1.31   -0.56 (VIOLATED)
_057_/A                                 0.75    1.28   -0.53 (VIOLATED)
_048_/A                                 0.75    1.28   -0.53 (VIOLATED)
_062_/B1                                0.75    1.28   -0.53 (VIOLATED)
_088_/B1                                0.75    1.28   -0.53 (VIOLATED)
pc_out[5]                               0.75    1.28   -0.53 (VIOLATED)
_074_/A                                 0.75    1.27   -0.52 (VIOLATED)
_062_/A2                                0.75    1.27   -0.52 (VIOLATED)
_064_/A2                                0.75    1.27   -0.52 (VIOLATED)
_082_/B1                                0.75    1.27   -0.52 (VIOLATED)
_094_/A_N                               0.75    1.27   -0.52 (VIOLATED)
_061_/B1                                0.75    1.27   -0.52 (VIOLATED)
_065_/B                                 0.75    1.27   -0.52 (VIOLATED)
rst                                     0.75    1.27   -0.52 (VIOLATED)
_101_/Q                                 0.75    1.27   -0.52 (VIOLATED)
_104_/D                                 0.75    1.24   -0.49 (VIOLATED)
_072_/Y                                 0.75    1.24   -0.49 (VIOLATED)
_054_/C                                 0.75    1.24   -0.49 (VIOLATED)
_053_/Y                                 0.75    1.24   -0.49 (VIOLATED)
_086_/B                                 0.75    1.22   -0.47 (VIOLATED)
pc_out[13]                              0.75    1.22   -0.47 (VIOLATED)
_084_/A                                 0.75    1.22   -0.47 (VIOLATED)
_109_/Q                                 0.75    1.22   -0.47 (VIOLATED)
_070_/B1                                0.75    1.21   -0.46 (VIOLATED)
_071_/B                                 0.75    1.21   -0.46 (VIOLATED)
_073_/B                                 0.75    1.21   -0.46 (VIOLATED)
pc_out[8]                               0.75    1.21   -0.46 (VIOLATED)
_104_/Q                                 0.75    1.21   -0.46 (VIOLATED)
pc_out[15]                              0.75    1.20   -0.45 (VIOLATED)
_093_/B1                                0.75    1.20   -0.45 (VIOLATED)
_092_/B                                 0.75    1.20   -0.45 (VIOLATED)
_111_/Q                                 0.75    1.20   -0.45 (VIOLATED)
_092_/D                                 0.75    1.13   -0.38 (VIOLATED)
_088_/A3                                0.75    1.13   -0.38 (VIOLATED)
_087_/B1                                0.75    1.13   -0.38 (VIOLATED)
_089_/A2                                0.75    1.13   -0.38 (VIOLATED)
_093_/A3                                0.75    1.13   -0.38 (VIOLATED)
_086_/X                                 0.75    1.13   -0.38 (VIOLATED)
pc_out[14]                              0.75    1.12   -0.37 (VIOLATED)
_088_/A1                                0.75    1.12   -0.37 (VIOLATED)
_092_/A                                 0.75    1.12   -0.37 (VIOLATED)
_089_/B1                                0.75    1.12   -0.37 (VIOLATED)
_093_/A1                                0.75    1.12   -0.37 (VIOLATED)
_110_/Q                                 0.75    1.12   -0.37 (VIOLATED)
_058_/B1                                0.75    1.12   -0.37 (VIOLATED)
_057_/Y                                 0.75    1.12   -0.37 (VIOLATED)
pc_out[3]                               0.75    1.07   -0.32 (VIOLATED)
_055_/D                                 0.75    1.07   -0.32 (VIOLATED)
_058_/A1                                0.75    1.07   -0.32 (VIOLATED)
_099_/Q                                 0.75    1.07   -0.32 (VIOLATED)
_074_/B                                 0.75    1.05   -0.30 (VIOLATED)
_078_/A2                                0.75    1.05   -0.30 (VIOLATED)
_076_/A2                                0.75    1.05   -0.30 (VIOLATED)
_079_/C                                 0.75    1.05   -0.30 (VIOLATED)
_077_/A2                                0.75    1.05   -0.30 (VIOLATED)
_073_/X                                 0.75    1.05   -0.30 (VIOLATED)
_107_/D                                 0.75    1.02   -0.27 (VIOLATED)
_081_/Y                                 0.75    1.02   -0.27 (VIOLATED)
_064_/B1                                0.75    1.01   -0.26 (VIOLATED)
_065_/C                                 0.75    1.01   -0.26 (VIOLATED)
pc_out[6]                               0.75    1.01   -0.26 (VIOLATED)
_102_/Q                                 0.75    1.01   -0.26 (VIOLATED)
_067_/B                                 0.75    0.98   -0.23 (VIOLATED)
_064_/Y                                 0.75    0.98   -0.23 (VIOLATED)
_078_/B1                                0.75    0.92   -0.17 (VIOLATED)
pc_out[11]                              0.75    0.92   -0.17 (VIOLATED)
_079_/B                                 0.75    0.92   -0.17 (VIOLATED)
_107_/Q                                 0.75    0.92   -0.17 (VIOLATED)
_094_/B                                 0.75    0.90   -0.15 (VIOLATED)
_092_/Y                                 0.75    0.90   -0.15 (VIOLATED)
_072_/B                                 0.75    0.84   -0.09 (VIOLATED)
_070_/Y                                 0.75    0.84   -0.09 (VIOLATED)
_087_/A2                                0.75    0.84   -0.09 (VIOLATED)
_085_/Y                                 0.75    0.84   -0.09 (VIOLATED)
_077_/B1                                0.75    0.83   -0.08 (VIOLATED)
_076_/Y                                 0.75    0.83   -0.08 (VIOLATED)
pc_out[9]                               0.75    0.82   -0.07 (VIOLATED)
_075_/A1                                0.75    0.82   -0.07 (VIOLATED)
_073_/C                                 0.75    0.82   -0.07 (VIOLATED)
_105_/Q                                 0.75    0.82   -0.07 (VIOLATED)
_075_/A2                                0.75    0.81   -0.06 (VIOLATED)
_072_/C                                 0.75    0.81   -0.06 (VIOLATED)
_071_/X                                 0.75    0.81   -0.06 (VIOLATED)
_060_/B1                                0.75    0.79   -0.04 (VIOLATED)
_059_/Y                                 0.75    0.79   -0.04 (VIOLATED)
_095_/A                                 0.75    0.78   -0.03 (VIOLATED)
_094_/X                                 0.75    0.78   -0.03 (VIOLATED)
_111_/D                                 0.75    0.78   -0.03 (VIOLATED)
_095_/X                                 0.75    0.78   -0.03 (VIOLATED)
_075_/B1                                0.75    0.76   -0.01 (VIOLATED)
_074_/Y                                 0.75    0.76   -0.01 (VIOLATED)
_102_/D                                 0.75    0.75   -0.00 (VIOLATED)
_067_/Y                                 0.75    0.75   -0.00 (VIOLATED)

max capacitance

Pin                                    Limit     Cap   Slack
------------------------------------------------------------
_048_/X                                 0.08    0.21   -0.13 (VIOLATED)
_056_/X                                 0.08    0.18   -0.10 (VIOLATED)
_080_/X                                 0.08    0.17   -0.08 (VIOLATED)
_066_/X                                 0.08    0.15   -0.07 (VIOLATED)
_096_/Q                                 0.19    0.23   -0.04 (VIOLATED)
_100_/Q                                 0.19    0.23   -0.04 (VIOLATED)
_082_/Y                                 0.08    0.10   -0.02 (VIOLATED)
_103_/Q                                 0.19    0.21   -0.02 (VIOLATED)
_098_/Q                                 0.19    0.20   -0.01 (VIOLATED)
_097_/Q                                 0.19    0.20   -0.01 (VIOLATED)
_054_/Y                                 0.05    0.06   -0.00 (VIOLATED)
_106_/Q                                 0.19    0.19   -0.00 (VIOLATED)
_078_/Y                                 0.08    0.08   -0.00 (VIOLATED)


======================= Typical Corner ===================================

max slew

Pin                                    Limit    Slew   Slack
------------------------------------------------------------
_072_/A                                 0.75    2.42   -1.67 (VIOLATED)
_059_/B1                                0.75    2.42   -1.67 (VIOLATED)
_049_/B                                 0.75    2.42   -1.67 (VIOLATED)
_067_/A                                 0.75    2.42   -1.67 (VIOLATED)
_087_/C1                                0.75    2.42   -1.67 (VIOLATED)
_076_/B1                                0.75    2.42   -1.67 (VIOLATED)
_050_/B1                                0.75    2.42   -1.67 (VIOLATED)
_068_/B1                                0.75    2.42   -1.67 (VIOLATED)
_081_/A                                 0.75    2.42   -1.67 (VIOLATED)
_054_/A                                 0.75    2.42   -1.67 (VIOLATED)
_048_/X                                 0.75    2.42   -1.67 (VIOLATED)
_064_/A3                                0.75    2.07   -1.32 (VIOLATED)
_059_/A2                                0.75    2.07   -1.32 (VIOLATED)
_061_/A2                                0.75    2.07   -1.32 (VIOLATED)
_065_/D                                 0.75    2.07   -1.32 (VIOLATED)
_060_/A2                                0.75    2.07   -1.32 (VIOLATED)
_062_/A3                                0.75    2.07   -1.32 (VIOLATED)
_057_/B                                 0.75    2.07   -1.32 (VIOLATED)
_056_/X                                 0.75    2.07   -1.32 (VIOLATED)
_083_/A2                                0.75    1.89   -1.14 (VIOLATED)
_081_/C                                 0.75    1.89   -1.14 (VIOLATED)
_087_/B2                                0.75    1.89   -1.14 (VIOLATED)
_088_/A2                                0.75    1.89   -1.14 (VIOLATED)
_092_/C                                 0.75    1.89   -1.14 (VIOLATED)
_089_/A1                                0.75    1.89   -1.14 (VIOLATED)
_082_/A2                                0.75    1.89   -1.14 (VIOLATED)
_093_/A2                                0.75    1.89   -1.14 (VIOLATED)
_085_/B                                 0.75    1.89   -1.14 (VIOLATED)
_080_/X                                 0.75    1.89   -1.14 (VIOLATED)
_070_/A2                                0.75    1.76   -1.01 (VIOLATED)
_071_/C                                 0.75    1.76   -1.01 (VIOLATED)
_069_/A2                                0.75    1.76   -1.01 (VIOLATED)
_067_/C                                 0.75    1.76   -1.01 (VIOLATED)
_073_/D                                 0.75    1.76   -1.01 (VIOLATED)
_068_/A2                                0.75    1.76   -1.01 (VIOLATED)
_066_/X                                 0.75    1.76   -1.01 (VIOLATED)
_083_/B1                                0.75    1.19   -0.44 (VIOLATED)
_082_/Y                                 0.75    1.19   -0.44 (VIOLATED)
pc_out[0]                               0.75    1.16   -0.41 (VIOLATED)
_051_/A1                                0.75    1.15   -0.40 (VIOLATED)
_050_/A1                                0.75    1.15   -0.40 (VIOLATED)
_052_/A                                 0.75    1.14   -0.39 (VIOLATED)
_053_/A1                                0.75    1.14   -0.39 (VIOLATED)
_049_/A                                 0.75    1.14   -0.39 (VIOLATED)
_055_/A                                 0.75    1.14   -0.39 (VIOLATED)
_096_/Q                                 0.75    1.14   -0.39 (VIOLATED)
_059_/A1                                0.75    1.14   -0.39 (VIOLATED)
_060_/A1                                0.75    1.14   -0.39 (VIOLATED)
pc_out[4]                               0.75    1.14   -0.39 (VIOLATED)
_064_/A1                                0.75    1.13   -0.38 (VIOLATED)
_062_/A1                                0.75    1.13   -0.38 (VIOLATED)
_065_/A                                 0.75    1.13   -0.38 (VIOLATED)
_061_/A1                                0.75    1.13   -0.38 (VIOLATED)
_100_/Q                                 0.75    1.13   -0.38 (VIOLATED)
pc_out[7]                               0.75    1.07   -0.32 (VIOLATED)
_068_/A1                                0.75    1.06   -0.31 (VIOLATED)
_069_/A1                                0.75    1.06   -0.31 (VIOLATED)
_073_/A                                 0.75    1.06   -0.31 (VIOLATED)
_070_/A1                                0.75    1.06   -0.31 (VIOLATED)
_071_/A                                 0.75    1.06   -0.31 (VIOLATED)
_103_/Q                                 0.75    1.06   -0.31 (VIOLATED)
pc_out[2]                               0.75    0.99   -0.24 (VIOLATED)
pc_out[10]                              0.75    0.99   -0.24 (VIOLATED)
pc_out[1]                               0.75    0.99   -0.24 (VIOLATED)
_052_/C                                 0.75    0.99   -0.24 (VIOLATED)
_053_/B1                                0.75    0.99   -0.24 (VIOLATED)
_055_/C                                 0.75    0.99   -0.24 (VIOLATED)
_098_/Q                                 0.75    0.99   -0.24 (VIOLATED)
_079_/A                                 0.75    0.98   -0.23 (VIOLATED)
_052_/B                                 0.75    0.98   -0.23 (VIOLATED)
_050_/A2                                0.75    0.98   -0.23 (VIOLATED)
_051_/A2                                0.75    0.98   -0.23 (VIOLATED)
_076_/A1                                0.75    0.98   -0.23 (VIOLATED)
_053_/A2                                0.75    0.98   -0.23 (VIOLATED)
_055_/B                                 0.75    0.98   -0.23 (VIOLATED)
_097_/Q                                 0.75    0.98   -0.23 (VIOLATED)
_077_/A1                                0.75    0.98   -0.23 (VIOLATED)
_098_/D                                 0.75    0.98   -0.23 (VIOLATED)
_054_/Y                                 0.75    0.97   -0.22 (VIOLATED)
_078_/A1                                0.75    0.97   -0.22 (VIOLATED)
_106_/Q                                 0.75    0.97   -0.22 (VIOLATED)
_081_/B                                 0.75    0.93   -0.18 (VIOLATED)
_078_/Y                                 0.75    0.93   -0.18 (VIOLATED)
_069_/B1                                0.75    0.91   -0.16 (VIOLATED)
_068_/Y                                 0.75    0.91   -0.16 (VIOLATED)
pc_out[12]                              0.75    0.90   -0.15 (VIOLATED)
_083_/A1                                0.75    0.90   -0.15 (VIOLATED)
_082_/A1                                0.75    0.90   -0.15 (VIOLATED)
_085_/A                                 0.75    0.90   -0.15 (VIOLATED)
_086_/A                                 0.75    0.90   -0.15 (VIOLATED)
_108_/Q                                 0.75    0.90   -0.15 (VIOLATED)
pc_out[5]                               0.75    0.81   -0.06 (VIOLATED)
_062_/A2                                0.75    0.81   -0.06 (VIOLATED)
_064_/A2                                0.75    0.81   -0.06 (VIOLATED)
_057_/A                                 0.75    0.81   -0.06 (VIOLATED)
_048_/A                                 0.75    0.81   -0.06 (VIOLATED)
_061_/B1                                0.75    0.81   -0.06 (VIOLATED)
_065_/B                                 0.75    0.81   -0.06 (VIOLATED)
_062_/B1                                0.75    0.81   -0.06 (VIOLATED)
_101_/Q                                 0.75    0.81   -0.06 (VIOLATED)
_088_/B1                                0.75    0.81   -0.06 (VIOLATED)
_074_/A                                 0.75    0.80   -0.05 (VIOLATED)
_082_/B1                                0.75    0.80   -0.05 (VIOLATED)
_094_/A_N                               0.75    0.80   -0.05 (VIOLATED)
rst                                     0.75    0.80   -0.05 (VIOLATED)
_109_/D                                 0.75    0.78   -0.03 (VIOLATED)
_087_/Y                                 0.75    0.78   -0.03 (VIOLATED)
_070_/B1                                0.75    0.78   -0.03 (VIOLATED)
_086_/B                                 0.75    0.77   -0.02 (VIOLATED)
_071_/B                                 0.75    0.77   -0.02 (VIOLATED)
pc_out[13]                              0.75    0.77   -0.02 (VIOLATED)
_084_/A                                 0.75    0.77   -0.02 (VIOLATED)
_109_/Q                                 0.75    0.77   -0.02 (VIOLATED)
_073_/B                                 0.75    0.77   -0.02 (VIOLATED)
pc_out[8]                               0.75    0.77   -0.02 (VIOLATED)
_104_/Q                                 0.75    0.77   -0.02 (VIOLATED)
pc_out[15]                              0.75    0.77   -0.02 (VIOLATED)
_093_/B1                                0.75    0.77   -0.02 (VIOLATED)
_092_/B                                 0.75    0.77   -0.02 (VIOLATED)
_054_/C                                 0.75    0.76   -0.01 (VIOLATED)
_111_/Q                                 0.75    0.76   -0.01 (VIOLATED)
_053_/Y                                 0.75    0.76   -0.01 (VIOLATED)

max capacitance

Pin                                    Limit     Cap   Slack
------------------------------------------------------------
_048_/X                                 0.13    0.21   -0.08 (VIOLATED)
_056_/X                                 0.13    0.18   -0.05 (VIOLATED)
_080_/X                                 0.13    0.17   -0.04 (VIOLATED)
_066_/X                                 0.13    0.15   -0.02 (VIOLATED)



===========================================================================
report_parasitic_annotation -report_unannotated
============================================================================
Found 8 unannotated drivers.
 _112_/HI
 _113_/HI
 _114_/HI
 _115_/HI
 _116_/HI
 _117_/HI
 _118_/HI
 _119_/HI
Found 0 partially unannotated drivers.

===========================================================================
max slew violation count 185
max fanout violation count 0
max cap violation count 13
============================================================================

===========================================================================
check_setup -verbose -unconstrained_endpoints -multiple_clock -no_clock -no_input_delay -loops -generated_clocks
===========================================================================
Warning: There are 8 unconstrained endpoints.
  result[0]
  result[1]
  result[2]
  result[3]
  result[4]
  result[5]
  result[6]
  result[7]
