
===========================================================================
report_checks -unconstrained
===========================================================================
======================= Typical Corner ===================================

Startpoint: rst (input port clocked by clk)
Endpoint: _121_ (recovery check against rising-edge clock clk)
Path Group: asynchronous
Path Type: max

Fanout     Cap    Slew   Delay    Time   Description
-----------------------------------------------------------------------------
                          0.00    0.00   clock clk (rise edge)
                          0.00    0.00   clock network delay (propagated)
                          2.00    2.00 v input external delay
                  0.04    0.03    2.03 v rst (in)
     5    0.02                           rst (net)
                  0.04    0.00    2.03 v _100_/A (sky130_fd_sc_hd__buf_1)
                  0.25    0.27    2.30 v _100_/X (sky130_fd_sc_hd__buf_1)
    10    0.04                           _056_ (net)
                  0.25    0.00    2.30 v _107_/A (sky130_fd_sc_hd__inv_2)
                  0.07    0.11    2.41 ^ _107_/Y (sky130_fd_sc_hd__inv_2)
     2    0.00                           _019_ (net)
                  0.07    0.00    2.41 ^ _121_/RESET_B (sky130_fd_sc_hd__dfrtp_2)
                                  2.41   data arrival time

                         10.00   10.00   clock clk (rise edge)
                          0.00   10.00   clock source latency
                  0.04    0.03   10.03 ^ clk (in)
     1    0.01                           clk (net)
                  0.04    0.00   10.03 ^ clkbuf_0_clk/A (sky130_fd_sc_hd__clkbuf_16)
                  0.04    0.11   10.14 ^ clkbuf_0_clk/X (sky130_fd_sc_hd__clkbuf_16)
     2    0.02                           clknet_0_clk (net)
                  0.04    0.00   10.14 ^ clkbuf_1_0__f_clk/A (sky130_fd_sc_hd__clkbuf_16)
                  0.04    0.11   10.25 ^ clkbuf_1_0__f_clk/X (sky130_fd_sc_hd__clkbuf_16)
     7    0.01                           clknet_1_0__leaf_clk (net)
                  0.04    0.00   10.25 ^ _121_/CLK (sky130_fd_sc_hd__dfrtp_2)
                         -0.25   10.00   clock uncertainty
                          0.00   10.00   clock reconvergence pessimism
                          0.21   10.21   library recovery time
                                 10.21   data required time
-----------------------------------------------------------------------------
                                 10.21   data required time
                                 -2.41   data arrival time
-----------------------------------------------------------------------------
                                  7.80   slack (MET)


Startpoint: _115_ (rising edge-triggered flip-flop clocked by clk)
Endpoint: an[1] (output port clocked by clk)
Path Group: clk
Path Type: max

Fanout     Cap    Slew   Delay    Time   Description
-----------------------------------------------------------------------------
                          0.00    0.00   clock clk (rise edge)
                          0.00    0.00   clock source latency
                  0.04    0.03    0.03 ^ clk (in)
     1    0.01                           clk (net)
                  0.04    0.00    0.03 ^ clkbuf_0_clk/A (sky130_fd_sc_hd__clkbuf_16)
                  0.04    0.13    0.16 ^ clkbuf_0_clk/X (sky130_fd_sc_hd__clkbuf_16)
     2    0.02                           clknet_0_clk (net)
                  0.04    0.00    0.16 ^ clkbuf_1_1__f_clk/A (sky130_fd_sc_hd__clkbuf_16)
                  0.04    0.12    0.28 ^ clkbuf_1_1__f_clk/X (sky130_fd_sc_hd__clkbuf_16)
     8    0.01                           clknet_1_1__leaf_clk (net)
                  0.04    0.00    0.28 ^ _115_/CLK (sky130_fd_sc_hd__dfrtp_2)
                  0.14    0.52    0.80 v _115_/Q (sky130_fd_sc_hd__dfrtp_2)
     3    0.05                           an[0] (net)
                  0.14    0.00    0.80 v _057_/A (sky130_fd_sc_hd__inv_2)
                  0.16    0.19    0.98 ^ _057_/Y (sky130_fd_sc_hd__inv_2)
     1    0.03                           an[1] (net)
                  0.16    0.00    0.98 ^ an[1] (out)
                                  0.98   data arrival time

                         10.00   10.00   clock clk (rise edge)
                          0.00   10.00   clock network delay (propagated)
                         -0.25    9.75   clock uncertainty
                          0.00    9.75   clock reconvergence pessimism
                         -2.00    7.75   output external delay
                                  7.75   data required time
-----------------------------------------------------------------------------
                                  7.75   data required time
                                 -0.98   data arrival time
-----------------------------------------------------------------------------
                                  6.77   slack (MET)




===========================================================================
report_checks --slack_max -0.01
============================================================================
======================= Typical Corner ===================================

No paths found.


===========================================================================
 report_check_types -max_slew -max_cap -max_fanout -violators
============================================================================
======================= Typical Corner ===================================



===========================================================================
report_parasitic_annotation -report_unannotated
============================================================================
Found 94 unannotated drivers.
 btn_step
 clk
 rst
 _057_/Y
 _058_/Y
 _059_/X
 _060_/X
 _061_/X
 _062_/X
 _063_/X
 _064_/Y
 _065_/Y
 _066_/X
 _067_/Y
 _068_/Y
 _069_/X
 _070_/X
 _071_/Y
 _072_/X
 _073_/X
 _074_/X
 _075_/X
 _076_/X
 _077_/Y
 _078_/Y
 _079_/X
 _080_/X
 _081_/X
 _082_/Y
 _083_/X
 _084_/X
 _085_/Y
 _086_/Y
 _087_/X
 _088_/X
 _089_/X
 _090_/X
 _091_/Y
 _092_/Y
 _093_/X
 _094_/X
 _095_/Y
 _096_/Y
 _097_/X
 _098_/X
 _099_/X
 _100_/X
 _101_/Y
 _102_/Y
 _103_/Y
 _104_/Y
 _105_/Y
 _106_/Y
 _107_/Y
 _108_/Y
 _109_/Y
 _110_/Y
 _111_/Y
 _112_/Y
 _113_/Y
 _114_/Y
 _115_/Q
 _116_/Q
 _117_/Q
 _118_/Q
 _119_/Q
 _120_/Q
 _121_/Q
 _122_/Q
 _123_/Q
 _124_/Q
 _125_/Q
 _126_/Q
 _127_/Q
 _128_/Q
 _129_/HI
 _129_/LO
 _130_/HI
 _130_/LO
 _131_/HI
 _131_/LO
 _132_/HI
 _132_/LO
 _133_/HI
 _133_/LO
 _134_/HI
 _134_/LO
 _135_/HI
 _135_/LO
 _136_/HI
 _136_/LO
 clkbuf_0_clk/X
 clkbuf_1_0__f_clk/X
 clkbuf_1_1__f_clk/X
Found 0 partially unannotated drivers.

===========================================================================
max slew violation count 0
max fanout violation count 0
max cap violation count 0
============================================================================

===========================================================================
check_setup -verbose -unconstrained_endpoints -multiple_clock -no_clock -no_input_delay -loops -generated_clocks
===========================================================================
Warning: There are 8 unconstrained endpoints.
  dp
  seg[0]
  seg[1]
  seg[2]
  seg[3]
  seg[4]
  seg[5]
  seg[6]
