[INFO]: Run Directory: /openlane/designs/part4_halfcpu/runs/RUN_2026.05.16_10.29.34
[INFO]: Saving runtime environment...
[INFO]: Preparing LEF files for the nom corner...
[INFO]: Preparing LEF files for the min corner...
[INFO]: Preparing LEF files for the max corner...
[INFO]: Running linter (Verilator) (log: designs/part4_halfcpu/runs/RUN_2026.05.16_10.29.34/logs/synthesis/linter.log)...
[INFO]: 0 errors found by linter
[WARNING]: 7 warnings found by linter
[INFO]: Running Synthesis (log: designs/part4_halfcpu/runs/RUN_2026.05.16_10.29.34/logs/synthesis/1-synthesis.log)...
[ERROR]: Synthesis failed. Signal not matching port size. Search for 'Resizing cell port' in /openlane/designs/part4_halfcpu/runs/RUN_2026.05.16_10.29.34/logs/synthesis/1-synthesis.log
[ERROR]: Step 1 (synthesis) failed with error:
-code 1 -level 0 -errorcode NONE -errorinfo {
    while executing
"throw_error"
    (procedure "check_resizing_cell_port" line 7)
    invoked from within
"check_resizing_cell_port $log"
    (procedure "run_synthesis_checkers" line 4)
    invoked from within
"run_synthesis_checkers $log $pre_synth_report"
    (procedure "run_synthesis" line 19)
    invoked from within
"run_synthesis"} -errorline 1
[INFO]: Saving current set of views in 'designs/part4_halfcpu/runs/RUN_2026.05.16_10.29.34/results/final'...
[INFO]: Generating final set of reports...
[INFO]: Created manufacturability report at 'designs/part4_halfcpu/runs/RUN_2026.05.16_10.29.34/reports/manufacturability.rpt'.
[INFO]: Created metrics report at 'designs/part4_halfcpu/runs/RUN_2026.05.16_10.29.34/reports/metrics.csv'.
[INFO]: Saving runtime environment...
[ERROR]: Flow failed.
[INFO]: The failure may have been because of the following warnings:
