
===========================================================================
report_checks -path_delay max (Setup)
============================================================================
======================= Typical Corner ===================================

Startpoint: _096_ (rising edge-triggered flip-flop clocked by clk)
Endpoint: _111_ (rising edge-triggered flip-flop clocked by clk)
Path Group: clk
Path Type: max

Fanout     Cap    Slew   Delay    Time   Description
-----------------------------------------------------------------------------
                  0.15    0.00    0.00   clock clk (rise edge)
                          0.00    0.00   clock network delay (ideal)
                  0.15    0.00    0.00 ^ _096_/CLK (sky130_fd_sc_hd__dfxtp_2)
                  0.71    0.85    0.85 ^ _096_/Q (sky130_fd_sc_hd__dfxtp_2)
     7    0.14                           pc_out[0] (net)
                  0.71    0.01    0.86 ^ _055_/A (sky130_fd_sc_hd__and4_2)
                  0.22    0.54    1.40 ^ _055_/X (sky130_fd_sc_hd__and4_2)
     1    0.04                           _020_ (net)
                  0.22    0.01    1.41 ^ _056_/A (sky130_fd_sc_hd__buf_1)
                  1.19    0.95    2.36 ^ _056_/X (sky130_fd_sc_hd__buf_1)
     7    0.10                           _021_ (net)
                  1.19    0.01    2.38 ^ _065_/D (sky130_fd_sc_hd__and4_2)
                  0.16    0.48    2.86 ^ _065_/X (sky130_fd_sc_hd__and4_2)
     1    0.03                           _027_ (net)
                  0.16    0.00    2.86 ^ _066_/A (sky130_fd_sc_hd__buf_1)
                  1.08    0.86    3.72 ^ _066_/X (sky130_fd_sc_hd__buf_1)
     6    0.09                           _028_ (net)
                  1.08    0.02    3.74 ^ _073_/D (sky130_fd_sc_hd__and4_2)
                  0.43    0.69    4.43 ^ _073_/X (sky130_fd_sc_hd__and4_2)
     5    0.08                           _032_ (net)
                  0.43    0.01    4.43 ^ _079_/C (sky130_fd_sc_hd__and3_2)
                  0.18    0.38    4.81 ^ _079_/X (sky130_fd_sc_hd__and3_2)
     1    0.03                           _036_ (net)
                  0.18    0.01    4.82 ^ _080_/A (sky130_fd_sc_hd__buf_1)
                  1.17    0.93    5.75 ^ _080_/X (sky130_fd_sc_hd__buf_1)
     9    0.10                           _037_ (net)
                  1.17    0.01    5.76 ^ _092_/C (sky130_fd_sc_hd__nand4_2)
                  0.29    0.35    6.11 v _092_/Y (sky130_fd_sc_hd__nand4_2)
     1    0.02                           _045_ (net)
                  0.29    0.00    6.11 v _094_/B (sky130_fd_sc_hd__and3b_2)
                  0.17    0.46    6.57 v _094_/X (sky130_fd_sc_hd__and3b_2)
     1    0.07                           _047_ (net)
                  0.18    0.02    6.59 v _095_/A (sky130_fd_sc_hd__buf_1)
                  0.13    0.23    6.83 v _095_/X (sky130_fd_sc_hd__buf_1)
     1    0.02                           _015_ (net)
                  0.13    0.00    6.83 v _111_/D (sky130_fd_sc_hd__dfxtp_2)
                                  6.83   data arrival time

                  0.15   10.00   10.00   clock clk (rise edge)
                          0.00   10.00   clock network delay (ideal)
                         -0.25    9.75   clock uncertainty
                          0.00    9.75   clock reconvergence pessimism
                                  9.75 ^ _111_/CLK (sky130_fd_sc_hd__dfxtp_2)
                         -0.12    9.63   library setup time
                                  9.63   data required time
-----------------------------------------------------------------------------
                                  9.63   data required time
                                 -6.83   data arrival time
-----------------------------------------------------------------------------
                                  2.79   slack (MET)


Startpoint: _096_ (rising edge-triggered flip-flop clocked by clk)
Endpoint: _110_ (rising edge-triggered flip-flop clocked by clk)
Path Group: clk
Path Type: max

Fanout     Cap    Slew   Delay    Time   Description
-----------------------------------------------------------------------------
                  0.15    0.00    0.00   clock clk (rise edge)
                          0.00    0.00   clock network delay (ideal)
                  0.15    0.00    0.00 ^ _096_/CLK (sky130_fd_sc_hd__dfxtp_2)
                  0.71    0.85    0.85 ^ _096_/Q (sky130_fd_sc_hd__dfxtp_2)
     7    0.14                           pc_out[0] (net)
                  0.71    0.01    0.86 ^ _055_/A (sky130_fd_sc_hd__and4_2)
                  0.22    0.54    1.40 ^ _055_/X (sky130_fd_sc_hd__and4_2)
     1    0.04                           _020_ (net)
                  0.22    0.01    1.41 ^ _056_/A (sky130_fd_sc_hd__buf_1)
                  1.19    0.95    2.36 ^ _056_/X (sky130_fd_sc_hd__buf_1)
     7    0.10                           _021_ (net)
                  1.19    0.01    2.38 ^ _065_/D (sky130_fd_sc_hd__and4_2)
                  0.16    0.48    2.86 ^ _065_/X (sky130_fd_sc_hd__and4_2)
     1    0.03                           _027_ (net)
                  0.16    0.00    2.86 ^ _066_/A (sky130_fd_sc_hd__buf_1)
                  1.08    0.86    3.72 ^ _066_/X (sky130_fd_sc_hd__buf_1)
     6    0.09                           _028_ (net)
                  1.08    0.02    3.74 ^ _073_/D (sky130_fd_sc_hd__and4_2)
                  0.43    0.69    4.43 ^ _073_/X (sky130_fd_sc_hd__and4_2)
     5    0.08                           _032_ (net)
                  0.43    0.01    4.43 ^ _079_/C (sky130_fd_sc_hd__and3_2)
                  0.18    0.38    4.81 ^ _079_/X (sky130_fd_sc_hd__and3_2)
     1    0.03                           _036_ (net)
                  0.18    0.01    4.82 ^ _080_/A (sky130_fd_sc_hd__buf_1)
                  1.17    0.93    5.75 ^ _080_/X (sky130_fd_sc_hd__buf_1)
     9    0.10                           _037_ (net)
                  1.18    0.02    5.77 ^ _088_/A2 (sky130_fd_sc_hd__a31o_2)
                  0.22    0.46    6.23 ^ _088_/X (sky130_fd_sc_hd__a31o_2)
     1    0.04                           _042_ (net)
                  0.22    0.01    6.23 ^ _090_/A_N (sky130_fd_sc_hd__and2b_2)
                  0.14    0.37    6.60 v _090_/X (sky130_fd_sc_hd__and2b_2)
     1    0.05                           _044_ (net)
                  0.14    0.02    6.62 v _091_/A (sky130_fd_sc_hd__buf_1)
                  0.09    0.19    6.81 v _091_/X (sky130_fd_sc_hd__buf_1)
     1    0.02                           _014_ (net)
                  0.09    0.00    6.82 v _110_/D (sky130_fd_sc_hd__dfxtp_2)
                                  6.82   data arrival time

                  0.15   10.00   10.00   clock clk (rise edge)
                          0.00   10.00   clock network delay (ideal)
                         -0.25    9.75   clock uncertainty
                          0.00    9.75   clock reconvergence pessimism
                                  9.75 ^ _110_/CLK (sky130_fd_sc_hd__dfxtp_2)
                         -0.11    9.64   library setup time
                                  9.64   data required time
-----------------------------------------------------------------------------
                                  9.64   data required time
                                 -6.82   data arrival time
-----------------------------------------------------------------------------
                                  2.82   slack (MET)


Startpoint: _096_ (rising edge-triggered flip-flop clocked by clk)
Endpoint: _109_ (rising edge-triggered flip-flop clocked by clk)
Path Group: clk
Path Type: max

Fanout     Cap    Slew   Delay    Time   Description
-----------------------------------------------------------------------------
                  0.15    0.00    0.00   clock clk (rise edge)
                          0.00    0.00   clock network delay (ideal)
                  0.15    0.00    0.00 ^ _096_/CLK (sky130_fd_sc_hd__dfxtp_2)
                  0.71    0.85    0.85 ^ _096_/Q (sky130_fd_sc_hd__dfxtp_2)
     7    0.14                           pc_out[0] (net)
                  0.71    0.01    0.86 ^ _055_/A (sky130_fd_sc_hd__and4_2)
                  0.22    0.54    1.40 ^ _055_/X (sky130_fd_sc_hd__and4_2)
     1    0.04                           _020_ (net)
                  0.22    0.01    1.41 ^ _056_/A (sky130_fd_sc_hd__buf_1)
                  1.19    0.95    2.36 ^ _056_/X (sky130_fd_sc_hd__buf_1)
     7    0.10                           _021_ (net)
                  1.19    0.01    2.38 ^ _065_/D (sky130_fd_sc_hd__and4_2)
                  0.16    0.48    2.86 ^ _065_/X (sky130_fd_sc_hd__and4_2)
     1    0.03                           _027_ (net)
                  0.16    0.00    2.86 ^ _066_/A (sky130_fd_sc_hd__buf_1)
                  1.08    0.86    3.72 ^ _066_/X (sky130_fd_sc_hd__buf_1)
     6    0.09                           _028_ (net)
                  1.08    0.02    3.74 ^ _073_/D (sky130_fd_sc_hd__and4_2)
                  0.43    0.69    4.43 ^ _073_/X (sky130_fd_sc_hd__and4_2)
     5    0.08                           _032_ (net)
                  0.43    0.01    4.43 ^ _079_/C (sky130_fd_sc_hd__and3_2)
                  0.18    0.38    4.81 ^ _079_/X (sky130_fd_sc_hd__and3_2)
     1    0.03                           _036_ (net)
                  0.18    0.01    4.82 ^ _080_/A (sky130_fd_sc_hd__buf_1)
                  1.17    0.93    5.75 ^ _080_/X (sky130_fd_sc_hd__buf_1)
     9    0.10                           _037_ (net)
                  1.17    0.00    5.75 ^ _085_/B (sky130_fd_sc_hd__nand2_2)
                  0.28    0.36    6.11 v _085_/Y (sky130_fd_sc_hd__nand2_2)
     1    0.04                           _040_ (net)
                  0.28    0.01    6.11 v _087_/A2 (sky130_fd_sc_hd__a221oi_2)
                  0.49    0.59    6.70 ^ _087_/Y (sky130_fd_sc_hd__a221oi_2)
     1    0.02                           _013_ (net)
                  0.49    0.00    6.70 ^ _109_/D (sky130_fd_sc_hd__dfxtp_2)
                                  6.70   data arrival time

                  0.15   10.00   10.00   clock clk (rise edge)
                          0.00   10.00   clock network delay (ideal)
                         -0.25    9.75   clock uncertainty
                          0.00    9.75   clock reconvergence pessimism
                                  9.75 ^ _109_/CLK (sky130_fd_sc_hd__dfxtp_2)
                         -0.14    9.61   library setup time
                                  9.61   data required time
-----------------------------------------------------------------------------
                                  9.61   data required time
                                 -6.70   data arrival time
-----------------------------------------------------------------------------
                                  2.90   slack (MET)


Startpoint: _096_ (rising edge-triggered flip-flop clocked by clk)
Endpoint: _108_ (rising edge-triggered flip-flop clocked by clk)
Path Group: clk
Path Type: max

Fanout     Cap    Slew   Delay    Time   Description
-----------------------------------------------------------------------------
                  0.15    0.00    0.00   clock clk (rise edge)
                          0.00    0.00   clock network delay (ideal)
                  0.15    0.00    0.00 ^ _096_/CLK (sky130_fd_sc_hd__dfxtp_2)
                  0.71    0.85    0.85 ^ _096_/Q (sky130_fd_sc_hd__dfxtp_2)
     7    0.14                           pc_out[0] (net)
                  0.71    0.01    0.86 ^ _055_/A (sky130_fd_sc_hd__and4_2)
                  0.22    0.54    1.40 ^ _055_/X (sky130_fd_sc_hd__and4_2)
     1    0.04                           _020_ (net)
                  0.22    0.01    1.41 ^ _056_/A (sky130_fd_sc_hd__buf_1)
                  1.19    0.95    2.36 ^ _056_/X (sky130_fd_sc_hd__buf_1)
     7    0.10                           _021_ (net)
                  1.19    0.01    2.38 ^ _065_/D (sky130_fd_sc_hd__and4_2)
                  0.16    0.48    2.86 ^ _065_/X (sky130_fd_sc_hd__and4_2)
     1    0.03                           _027_ (net)
                  0.16    0.00    2.86 ^ _066_/A (sky130_fd_sc_hd__buf_1)
                  1.08    0.86    3.72 ^ _066_/X (sky130_fd_sc_hd__buf_1)
     6    0.09                           _028_ (net)
                  1.08    0.02    3.74 ^ _073_/D (sky130_fd_sc_hd__and4_2)
                  0.43    0.69    4.43 ^ _073_/X (sky130_fd_sc_hd__and4_2)
     5    0.08                           _032_ (net)
                  0.43    0.01    4.43 ^ _079_/C (sky130_fd_sc_hd__and3_2)
                  0.18    0.38    4.81 ^ _079_/X (sky130_fd_sc_hd__and3_2)
     1    0.03                           _036_ (net)
                  0.18    0.01    4.82 ^ _080_/A (sky130_fd_sc_hd__buf_1)
                  1.17    0.93    5.75 ^ _080_/X (sky130_fd_sc_hd__buf_1)
     9    0.10                           _037_ (net)
                  1.17    0.00    5.75 ^ _082_/A2 (sky130_fd_sc_hd__a21oi_2)
                  0.33    0.44    6.19 v _082_/Y (sky130_fd_sc_hd__a21oi_2)
     1    0.06                           _038_ (net)
                  0.34    0.02    6.21 v _083_/B1 (sky130_fd_sc_hd__o21a_2)
                  0.09    0.31    6.51 v _083_/X (sky130_fd_sc_hd__o21a_2)
     1    0.03                           _012_ (net)
                  0.09    0.00    6.52 v _108_/D (sky130_fd_sc_hd__dfxtp_2)
                                  6.52   data arrival time

                  0.15   10.00   10.00   clock clk (rise edge)
                          0.00   10.00   clock network delay (ideal)
                         -0.25    9.75   clock uncertainty
                          0.00    9.75   clock reconvergence pessimism
                                  9.75 ^ _108_/CLK (sky130_fd_sc_hd__dfxtp_2)
                         -0.11    9.64   library setup time
                                  9.64   data required time
-----------------------------------------------------------------------------
                                  9.64   data required time
                                 -6.52   data arrival time
-----------------------------------------------------------------------------
                                  3.12   slack (MET)


Startpoint: _096_ (rising edge-triggered flip-flop clocked by clk)
Endpoint: _107_ (rising edge-triggered flip-flop clocked by clk)
Path Group: clk
Path Type: max

Fanout     Cap    Slew   Delay    Time   Description
-----------------------------------------------------------------------------
                  0.15    0.00    0.00   clock clk (rise edge)
                          0.00    0.00   clock network delay (ideal)
                  0.15    0.00    0.00 ^ _096_/CLK (sky130_fd_sc_hd__dfxtp_2)
                  0.71    0.85    0.85 ^ _096_/Q (sky130_fd_sc_hd__dfxtp_2)
     7    0.14                           pc_out[0] (net)
                  0.71    0.01    0.86 ^ _055_/A (sky130_fd_sc_hd__and4_2)
                  0.22    0.54    1.40 ^ _055_/X (sky130_fd_sc_hd__and4_2)
     1    0.04                           _020_ (net)
                  0.22    0.01    1.41 ^ _056_/A (sky130_fd_sc_hd__buf_1)
                  1.19    0.95    2.36 ^ _056_/X (sky130_fd_sc_hd__buf_1)
     7    0.10                           _021_ (net)
                  1.19    0.01    2.38 ^ _065_/D (sky130_fd_sc_hd__and4_2)
                  0.16    0.48    2.86 ^ _065_/X (sky130_fd_sc_hd__and4_2)
     1    0.03                           _027_ (net)
                  0.16    0.00    2.86 ^ _066_/A (sky130_fd_sc_hd__buf_1)
                  1.08    0.86    3.72 ^ _066_/X (sky130_fd_sc_hd__buf_1)
     6    0.09                           _028_ (net)
                  1.08    0.02    3.74 ^ _073_/D (sky130_fd_sc_hd__and4_2)
                  0.43    0.69    4.43 ^ _073_/X (sky130_fd_sc_hd__and4_2)
     5    0.08                           _032_ (net)
                  0.43    0.01    4.43 ^ _079_/C (sky130_fd_sc_hd__and3_2)
                  0.18    0.38    4.81 ^ _079_/X (sky130_fd_sc_hd__and3_2)
     1    0.03                           _036_ (net)
                  0.18    0.01    4.82 ^ _080_/A (sky130_fd_sc_hd__buf_1)
                  1.17    0.93    5.75 ^ _080_/X (sky130_fd_sc_hd__buf_1)
     9    0.10                           _037_ (net)
                  1.18    0.03    5.78 ^ _081_/C (sky130_fd_sc_hd__nor3_2)
                  0.27    0.21    5.99 v _081_/Y (sky130_fd_sc_hd__nor3_2)
     1    0.02                           _011_ (net)
                  0.27    0.00    5.99 v _107_/D (sky130_fd_sc_hd__dfxtp_2)
                                  5.99   data arrival time

                  0.15   10.00   10.00   clock clk (rise edge)
                          0.00   10.00   clock network delay (ideal)
                         -0.25    9.75   clock uncertainty
                          0.00    9.75   clock reconvergence pessimism
                                  9.75 ^ _107_/CLK (sky130_fd_sc_hd__dfxtp_2)
                         -0.19    9.56   library setup time
                                  9.56   data required time
-----------------------------------------------------------------------------
                                  9.56   data required time
                                 -5.99   data arrival time
-----------------------------------------------------------------------------
                                  3.57   slack (MET)


Startpoint: _096_ (rising edge-triggered flip-flop clocked by clk)
Endpoint: _106_ (rising edge-triggered flip-flop clocked by clk)
Path Group: clk
Path Type: max

Fanout     Cap    Slew   Delay    Time   Description
-----------------------------------------------------------------------------
                  0.15    0.00    0.00   clock clk (rise edge)
                          0.00    0.00   clock network delay (ideal)
                  0.15    0.00    0.00 ^ _096_/CLK (sky130_fd_sc_hd__dfxtp_2)
                  0.71    0.85    0.85 ^ _096_/Q (sky130_fd_sc_hd__dfxtp_2)
     7    0.14                           pc_out[0] (net)
                  0.71    0.01    0.86 ^ _055_/A (sky130_fd_sc_hd__and4_2)
                  0.22    0.54    1.40 ^ _055_/X (sky130_fd_sc_hd__and4_2)
     1    0.04                           _020_ (net)
                  0.22    0.01    1.41 ^ _056_/A (sky130_fd_sc_hd__buf_1)
                  1.19    0.95    2.36 ^ _056_/X (sky130_fd_sc_hd__buf_1)
     7    0.10                           _021_ (net)
                  1.19    0.01    2.38 ^ _065_/D (sky130_fd_sc_hd__and4_2)
                  0.16    0.48    2.86 ^ _065_/X (sky130_fd_sc_hd__and4_2)
     1    0.03                           _027_ (net)
                  0.16    0.00    2.86 ^ _066_/A (sky130_fd_sc_hd__buf_1)
                  1.08    0.86    3.72 ^ _066_/X (sky130_fd_sc_hd__buf_1)
     6    0.09                           _028_ (net)
                  1.08    0.02    3.74 ^ _073_/D (sky130_fd_sc_hd__and4_2)
                  0.43    0.69    4.43 ^ _073_/X (sky130_fd_sc_hd__and4_2)
     5    0.08                           _032_ (net)
                  0.43    0.01    4.43 ^ _076_/A2 (sky130_fd_sc_hd__a21oi_2)
                  0.26    0.17    4.60 v _076_/Y (sky130_fd_sc_hd__a21oi_2)
     1    0.02                           _034_ (net)
                  0.26    0.00    4.60 v _077_/B1 (sky130_fd_sc_hd__o21a_2)
                  0.11    0.30    4.90 v _077_/X (sky130_fd_sc_hd__o21a_2)
     1    0.04                           _010_ (net)
                  0.11    0.01    4.91 v _106_/D (sky130_fd_sc_hd__dfxtp_2)
                                  4.91   data arrival time

                  0.15   10.00   10.00   clock clk (rise edge)
                          0.00   10.00   clock network delay (ideal)
                         -0.25    9.75   clock uncertainty
                          0.00    9.75   clock reconvergence pessimism
                                  9.75 ^ _106_/CLK (sky130_fd_sc_hd__dfxtp_2)
                         -0.12    9.63   library setup time
                                  9.63   data required time
-----------------------------------------------------------------------------
                                  9.63   data required time
                                 -4.91   data arrival time
-----------------------------------------------------------------------------
                                  4.73   slack (MET)


Startpoint: _096_ (rising edge-triggered flip-flop clocked by clk)
Endpoint: _105_ (rising edge-triggered flip-flop clocked by clk)
Path Group: clk
Path Type: max

Fanout     Cap    Slew   Delay    Time   Description
-----------------------------------------------------------------------------
                  0.15    0.00    0.00   clock clk (rise edge)
                          0.00    0.00   clock network delay (ideal)
                  0.15    0.00    0.00 ^ _096_/CLK (sky130_fd_sc_hd__dfxtp_2)
                  0.71    0.85    0.85 ^ _096_/Q (sky130_fd_sc_hd__dfxtp_2)
     7    0.14                           pc_out[0] (net)
                  0.71    0.01    0.86 ^ _055_/A (sky130_fd_sc_hd__and4_2)
                  0.22    0.54    1.40 ^ _055_/X (sky130_fd_sc_hd__and4_2)
     1    0.04                           _020_ (net)
                  0.22    0.01    1.41 ^ _056_/A (sky130_fd_sc_hd__buf_1)
                  1.19    0.95    2.36 ^ _056_/X (sky130_fd_sc_hd__buf_1)
     7    0.10                           _021_ (net)
                  1.19    0.01    2.38 ^ _065_/D (sky130_fd_sc_hd__and4_2)
                  0.16    0.48    2.86 ^ _065_/X (sky130_fd_sc_hd__and4_2)
     1    0.03                           _027_ (net)
                  0.16    0.00    2.86 ^ _066_/A (sky130_fd_sc_hd__buf_1)
                  1.08    0.86    3.72 ^ _066_/X (sky130_fd_sc_hd__buf_1)
     6    0.09                           _028_ (net)
                  1.08    0.02    3.74 ^ _073_/D (sky130_fd_sc_hd__and4_2)
                  0.43    0.69    4.43 ^ _073_/X (sky130_fd_sc_hd__and4_2)
     5    0.08                           _032_ (net)
                  0.43    0.01    4.43 ^ _074_/B (sky130_fd_sc_hd__nor2_2)
                  0.16    0.17    4.60 v _074_/Y (sky130_fd_sc_hd__nor2_2)
     1    0.03                           _033_ (net)
                  0.16    0.01    4.61 v _075_/B1 (sky130_fd_sc_hd__o21a_2)
                  0.08    0.22    4.83 v _075_/X (sky130_fd_sc_hd__o21a_2)
     1    0.02                           _009_ (net)
                  0.08    0.00    4.84 v _105_/D (sky130_fd_sc_hd__dfxtp_2)
                                  4.84   data arrival time

                  0.15   10.00   10.00   clock clk (rise edge)
                          0.00   10.00   clock network delay (ideal)
                         -0.25    9.75   clock uncertainty
                          0.00    9.75   clock reconvergence pessimism
                                  9.75 ^ _105_/CLK (sky130_fd_sc_hd__dfxtp_2)
                         -0.10    9.65   library setup time
                                  9.65   data required time
-----------------------------------------------------------------------------
                                  9.65   data required time
                                 -4.84   data arrival time
-----------------------------------------------------------------------------
                                  4.81   slack (MET)


Startpoint: _096_ (rising edge-triggered flip-flop clocked by clk)
Endpoint: _104_ (rising edge-triggered flip-flop clocked by clk)
Path Group: clk
Path Type: max

Fanout     Cap    Slew   Delay    Time   Description
-----------------------------------------------------------------------------
                  0.15    0.00    0.00   clock clk (rise edge)
                          0.00    0.00   clock network delay (ideal)
                  0.15    0.00    0.00 ^ _096_/CLK (sky130_fd_sc_hd__dfxtp_2)
                  0.71    0.85    0.85 ^ _096_/Q (sky130_fd_sc_hd__dfxtp_2)
     7    0.14                           pc_out[0] (net)
                  0.71    0.01    0.86 ^ _055_/A (sky130_fd_sc_hd__and4_2)
                  0.22    0.54    1.40 ^ _055_/X (sky130_fd_sc_hd__and4_2)
     1    0.04                           _020_ (net)
                  0.22    0.01    1.41 ^ _056_/A (sky130_fd_sc_hd__buf_1)
                  1.19    0.95    2.36 ^ _056_/X (sky130_fd_sc_hd__buf_1)
     7    0.10                           _021_ (net)
                  1.19    0.01    2.38 ^ _065_/D (sky130_fd_sc_hd__and4_2)
                  0.16    0.48    2.86 ^ _065_/X (sky130_fd_sc_hd__and4_2)
     1    0.03                           _027_ (net)
                  0.16    0.00    2.86 ^ _066_/A (sky130_fd_sc_hd__buf_1)
                  1.08    0.86    3.72 ^ _066_/X (sky130_fd_sc_hd__buf_1)
     6    0.09                           _028_ (net)
                  1.08    0.03    3.75 ^ _070_/A2 (sky130_fd_sc_hd__a21oi_2)
                  0.22    0.28    4.03 v _070_/Y (sky130_fd_sc_hd__a21oi_2)
     1    0.03                           _030_ (net)
                  0.22    0.00    4.03 v _072_/B (sky130_fd_sc_hd__nor3_2)
                  0.50    0.50    4.54 ^ _072_/Y (sky130_fd_sc_hd__nor3_2)
     1    0.03                           _008_ (net)
                  0.50    0.00    4.54 ^ _104_/D (sky130_fd_sc_hd__dfxtp_2)
                                  4.54   data arrival time

                  0.15   10.00   10.00   clock clk (rise edge)
                          0.00   10.00   clock network delay (ideal)
                         -0.25    9.75   clock uncertainty
                          0.00    9.75   clock reconvergence pessimism
                                  9.75 ^ _104_/CLK (sky130_fd_sc_hd__dfxtp_2)
                         -0.15    9.60   library setup time
                                  9.60   data required time
-----------------------------------------------------------------------------
                                  9.60   data required time
                                 -4.54   data arrival time
-----------------------------------------------------------------------------
                                  5.06   slack (MET)


Startpoint: _096_ (rising edge-triggered flip-flop clocked by clk)
Endpoint: _103_ (rising edge-triggered flip-flop clocked by clk)
Path Group: clk
Path Type: max

Fanout     Cap    Slew   Delay    Time   Description
-----------------------------------------------------------------------------
                  0.15    0.00    0.00   clock clk (rise edge)
                          0.00    0.00   clock network delay (ideal)
                  0.15    0.00    0.00 ^ _096_/CLK (sky130_fd_sc_hd__dfxtp_2)
                  0.71    0.85    0.85 ^ _096_/Q (sky130_fd_sc_hd__dfxtp_2)
     7    0.14                           pc_out[0] (net)
                  0.71    0.01    0.86 ^ _055_/A (sky130_fd_sc_hd__and4_2)
                  0.22    0.54    1.40 ^ _055_/X (sky130_fd_sc_hd__and4_2)
     1    0.04                           _020_ (net)
                  0.22    0.01    1.41 ^ _056_/A (sky130_fd_sc_hd__buf_1)
                  1.19    0.95    2.36 ^ _056_/X (sky130_fd_sc_hd__buf_1)
     7    0.10                           _021_ (net)
                  1.19    0.01    2.38 ^ _065_/D (sky130_fd_sc_hd__and4_2)
                  0.16    0.48    2.86 ^ _065_/X (sky130_fd_sc_hd__and4_2)
     1    0.03                           _027_ (net)
                  0.16    0.00    2.86 ^ _066_/A (sky130_fd_sc_hd__buf_1)
                  1.08    0.86    3.72 ^ _066_/X (sky130_fd_sc_hd__buf_1)
     6    0.09                           _028_ (net)
                  1.08    0.00    3.72 ^ _068_/A2 (sky130_fd_sc_hd__a21oi_2)
                  0.35    0.35    4.07 v _068_/Y (sky130_fd_sc_hd__a21oi_2)
     1    0.04                           _029_ (net)
                  0.35    0.01    4.08 v _069_/B1 (sky130_fd_sc_hd__o21a_2)
                  0.09    0.31    4.39 v _069_/X (sky130_fd_sc_hd__o21a_2)
     1    0.03                           _007_ (net)
                  0.09    0.00    4.39 v _103_/D (sky130_fd_sc_hd__dfxtp_2)
                                  4.39   data arrival time

                  0.15   10.00   10.00   clock clk (rise edge)
                          0.00   10.00   clock network delay (ideal)
                         -0.25    9.75   clock uncertainty
                          0.00    9.75   clock reconvergence pessimism
                                  9.75 ^ _103_/CLK (sky130_fd_sc_hd__dfxtp_2)
                         -0.11    9.64   library setup time
                                  9.64   data required time
-----------------------------------------------------------------------------
                                  9.64   data required time
                                 -4.39   data arrival time
-----------------------------------------------------------------------------
                                  5.25   slack (MET)


Startpoint: rst (input port clocked by clk)
Endpoint: _100_ (rising edge-triggered flip-flop clocked by clk)
Path Group: clk
Path Type: max

Fanout     Cap    Slew   Delay    Time   Description
-----------------------------------------------------------------------------
                  0.15    0.00    0.00   clock clk (rise edge)
                          0.00    0.00   clock network delay (ideal)
                          2.00    2.00 ^ input external delay
                  0.54    0.41    2.41 ^ rst (in)
     7    0.12                           rst (net)
                  0.54    0.00    2.41 ^ _048_/A (sky130_fd_sc_hd__buf_1)
                  1.51    1.21    3.61 ^ _048_/X (sky130_fd_sc_hd__buf_1)
    10    0.13                           _016_ (net)
                  1.51    0.02    3.64 ^ _059_/B1 (sky130_fd_sc_hd__a21oi_2)
                  0.27    0.17    3.80 v _059_/Y (sky130_fd_sc_hd__a21oi_2)
     1    0.02                           _023_ (net)
                  0.27    0.00    3.81 v _060_/B1 (sky130_fd_sc_hd__o21a_2)
                  0.11    0.30    4.11 v _060_/X (sky130_fd_sc_hd__o21a_2)
     1    0.04                           _004_ (net)
                  0.11    0.01    4.11 v _100_/D (sky130_fd_sc_hd__dfxtp_2)
                                  4.11   data arrival time

                  0.15   10.00   10.00   clock clk (rise edge)
                          0.00   10.00   clock network delay (ideal)
                         -0.25    9.75   clock uncertainty
                          0.00    9.75   clock reconvergence pessimism
                                  9.75 ^ _100_/CLK (sky130_fd_sc_hd__dfxtp_2)
                         -0.12    9.63   library setup time
                                  9.63   data required time
-----------------------------------------------------------------------------
                                  9.63   data required time
                                 -4.11   data arrival time
-----------------------------------------------------------------------------
                                  5.52   slack (MET)


Startpoint: rst (input port clocked by clk)
Endpoint: _098_ (rising edge-triggered flip-flop clocked by clk)
Path Group: clk
Path Type: max

Fanout     Cap    Slew   Delay    Time   Description
-----------------------------------------------------------------------------
                  0.15    0.00    0.00   clock clk (rise edge)
                          0.00    0.00   clock network delay (ideal)
                          2.00    2.00 ^ input external delay
                  0.54    0.41    2.41 ^ rst (in)
     7    0.12                           rst (net)
                  0.54    0.00    2.41 ^ _048_/A (sky130_fd_sc_hd__buf_1)
                  1.51    1.21    3.61 ^ _048_/X (sky130_fd_sc_hd__buf_1)
    10    0.13                           _016_ (net)
                  1.51    0.00    3.62 ^ _054_/A (sky130_fd_sc_hd__nor3_2)
                  0.32    0.33    3.95 v _054_/Y (sky130_fd_sc_hd__nor3_2)
     1    0.03                           _002_ (net)
                  0.32    0.01    3.95 v _098_/D (sky130_fd_sc_hd__dfxtp_2)
                                  3.95   data arrival time

                  0.15   10.00   10.00   clock clk (rise edge)
                          0.00   10.00   clock network delay (ideal)
                         -0.25    9.75   clock uncertainty
                          0.00    9.75   clock reconvergence pessimism
                                  9.75 ^ _098_/CLK (sky130_fd_sc_hd__dfxtp_2)
                         -0.21    9.54   library setup time
                                  9.54   data required time
-----------------------------------------------------------------------------
                                  9.54   data required time
                                 -3.95   data arrival time
-----------------------------------------------------------------------------
                                  5.59   slack (MET)


Startpoint: rst (input port clocked by clk)
Endpoint: _097_ (rising edge-triggered flip-flop clocked by clk)
Path Group: clk
Path Type: max

Fanout     Cap    Slew   Delay    Time   Description
-----------------------------------------------------------------------------
                  0.15    0.00    0.00   clock clk (rise edge)
                          0.00    0.00   clock network delay (ideal)
                          2.00    2.00 ^ input external delay
                  0.54    0.41    2.41 ^ rst (in)
     7    0.12                           rst (net)
                  0.54    0.00    2.41 ^ _048_/A (sky130_fd_sc_hd__buf_1)
                  1.51    1.21    3.61 ^ _048_/X (sky130_fd_sc_hd__buf_1)
    10    0.13                           _016_ (net)
                  1.51    0.01    3.62 ^ _050_/B1 (sky130_fd_sc_hd__a21oi_2)
                  0.25    0.12    3.74 v _050_/Y (sky130_fd_sc_hd__a21oi_2)
     1    0.01                           _017_ (net)
                  0.25    0.00    3.75 v _051_/B1 (sky130_fd_sc_hd__o21a_2)
                  0.06    0.24    3.98 v _051_/X (sky130_fd_sc_hd__o21a_2)
     1    0.01                           _001_ (net)
                  0.06    0.00    3.98 v _097_/D (sky130_fd_sc_hd__dfxtp_2)
                                  3.98   data arrival time

                  0.15   10.00   10.00   clock clk (rise edge)
                          0.00   10.00   clock network delay (ideal)
                         -0.25    9.75   clock uncertainty
                          0.00    9.75   clock reconvergence pessimism
                                  9.75 ^ _097_/CLK (sky130_fd_sc_hd__dfxtp_2)
                         -0.09    9.66   library setup time
                                  9.66   data required time
-----------------------------------------------------------------------------
                                  9.66   data required time
                                 -3.98   data arrival time
-----------------------------------------------------------------------------
                                  5.67   slack (MET)


Startpoint: _096_ (rising edge-triggered flip-flop clocked by clk)
Endpoint: _102_ (rising edge-triggered flip-flop clocked by clk)
Path Group: clk
Path Type: max

Fanout     Cap    Slew   Delay    Time   Description
-----------------------------------------------------------------------------
                  0.15    0.00    0.00   clock clk (rise edge)
                          0.00    0.00   clock network delay (ideal)
                  0.15    0.00    0.00 ^ _096_/CLK (sky130_fd_sc_hd__dfxtp_2)
                  0.71    0.85    0.85 ^ _096_/Q (sky130_fd_sc_hd__dfxtp_2)
     7    0.14                           pc_out[0] (net)
                  0.71    0.01    0.86 ^ _055_/A (sky130_fd_sc_hd__and4_2)
                  0.22    0.54    1.40 ^ _055_/X (sky130_fd_sc_hd__and4_2)
     1    0.04                           _020_ (net)
                  0.22    0.01    1.41 ^ _056_/A (sky130_fd_sc_hd__buf_1)
                  1.19    0.95    2.36 ^ _056_/X (sky130_fd_sc_hd__buf_1)
     7    0.10                           _021_ (net)
                  1.19    0.01    2.38 ^ _065_/D (sky130_fd_sc_hd__and4_2)
                  0.16    0.48    2.86 ^ _065_/X (sky130_fd_sc_hd__and4_2)
     1    0.03                           _027_ (net)
                  0.16    0.00    2.86 ^ _066_/A (sky130_fd_sc_hd__buf_1)
                  1.08    0.86    3.72 ^ _066_/X (sky130_fd_sc_hd__buf_1)
     6    0.09                           _028_ (net)
                  1.08    0.02    3.74 ^ _067_/C (sky130_fd_sc_hd__nor3_2)
                  0.23    0.13    3.87 v _067_/Y (sky130_fd_sc_hd__nor3_2)
     1    0.01                           _006_ (net)
                  0.23    0.00    3.87 v _102_/D (sky130_fd_sc_hd__dfxtp_2)
                                  3.87   data arrival time

                  0.15   10.00   10.00   clock clk (rise edge)
                          0.00   10.00   clock network delay (ideal)
                         -0.25    9.75   clock uncertainty
                          0.00    9.75   clock reconvergence pessimism
                                  9.75 ^ _102_/CLK (sky130_fd_sc_hd__dfxtp_2)
                         -0.17    9.58   library setup time
                                  9.58   data required time
-----------------------------------------------------------------------------
                                  9.58   data required time
                                 -3.87   data arrival time
-----------------------------------------------------------------------------
                                  5.71   slack (MET)


Startpoint: rst (input port clocked by clk)
Endpoint: _096_ (rising edge-triggered flip-flop clocked by clk)
Path Group: clk
Path Type: max

Fanout     Cap    Slew   Delay    Time   Description
-----------------------------------------------------------------------------
                  0.15    0.00    0.00   clock clk (rise edge)
                          0.00    0.00   clock network delay (ideal)
                          2.00    2.00 ^ input external delay
                  0.54    0.41    2.41 ^ rst (in)
     7    0.12                           rst (net)
                  0.54    0.00    2.41 ^ _048_/A (sky130_fd_sc_hd__buf_1)
                  1.51    1.21    3.61 ^ _048_/X (sky130_fd_sc_hd__buf_1)
    10    0.13                           _016_ (net)
                  1.51    0.02    3.64 ^ _049_/B (sky130_fd_sc_hd__nor2_2)
                  0.23    0.14    3.77 v _049_/Y (sky130_fd_sc_hd__nor2_2)
     1    0.01                           _000_ (net)
                  0.23    0.00    3.77 v _096_/D (sky130_fd_sc_hd__dfxtp_2)
                                  3.77   data arrival time

                  0.15   10.00   10.00   clock clk (rise edge)
                          0.00   10.00   clock network delay (ideal)
                         -0.25    9.75   clock uncertainty
                          0.00    9.75   clock reconvergence pessimism
                                  9.75 ^ _096_/CLK (sky130_fd_sc_hd__dfxtp_2)
                         -0.17    9.58   library setup time
                                  9.58   data required time
-----------------------------------------------------------------------------
                                  9.58   data required time
                                 -3.77   data arrival time
-----------------------------------------------------------------------------
                                  5.81   slack (MET)


Startpoint: _096_ (rising edge-triggered flip-flop clocked by clk)
Endpoint: _099_ (rising edge-triggered flip-flop clocked by clk)
Path Group: clk
Path Type: max

Fanout     Cap    Slew   Delay    Time   Description
-----------------------------------------------------------------------------
                  0.15    0.00    0.00   clock clk (rise edge)
                          0.00    0.00   clock network delay (ideal)
                  0.15    0.00    0.00 ^ _096_/CLK (sky130_fd_sc_hd__dfxtp_2)
                  0.71    0.85    0.85 ^ _096_/Q (sky130_fd_sc_hd__dfxtp_2)
     7    0.14                           pc_out[0] (net)
                  0.71    0.01    0.86 ^ _055_/A (sky130_fd_sc_hd__and4_2)
                  0.22    0.54    1.40 ^ _055_/X (sky130_fd_sc_hd__and4_2)
     1    0.04                           _020_ (net)
                  0.22    0.01    1.41 ^ _056_/A (sky130_fd_sc_hd__buf_1)
                  1.19    0.95    2.36 ^ _056_/X (sky130_fd_sc_hd__buf_1)
     7    0.10                           _021_ (net)
                  1.19    0.01    2.37 ^ _057_/B (sky130_fd_sc_hd__nor2_2)
                  0.26    0.25    2.62 v _057_/Y (sky130_fd_sc_hd__nor2_2)
     1    0.03                           _022_ (net)
                  0.26    0.01    2.62 v _058_/B1 (sky130_fd_sc_hd__o21a_2)
                  0.06    0.25    2.87 v _058_/X (sky130_fd_sc_hd__o21a_2)
     1    0.01                           _003_ (net)
                  0.06    0.00    2.87 v _099_/D (sky130_fd_sc_hd__dfxtp_2)
                                  2.87   data arrival time

                  0.15   10.00   10.00   clock clk (rise edge)
                          0.00   10.00   clock network delay (ideal)
                         -0.25    9.75   clock uncertainty
                          0.00    9.75   clock reconvergence pessimism
                                  9.75 ^ _099_/CLK (sky130_fd_sc_hd__dfxtp_2)
                         -0.09    9.66   library setup time
                                  9.66   data required time
-----------------------------------------------------------------------------
                                  9.66   data required time
                                 -2.87   data arrival time
-----------------------------------------------------------------------------
                                  6.79   slack (MET)


Startpoint: _096_ (rising edge-triggered flip-flop clocked by clk)
Endpoint: pc_out[0] (output port clocked by clk)
Path Group: clk
Path Type: max

Fanout     Cap    Slew   Delay    Time   Description
-----------------------------------------------------------------------------
                  0.15    0.00    0.00   clock clk (rise edge)
                          0.00    0.00   clock network delay (ideal)
                  0.15    0.00    0.00 ^ _096_/CLK (sky130_fd_sc_hd__dfxtp_2)
                  0.71    0.85    0.85 ^ _096_/Q (sky130_fd_sc_hd__dfxtp_2)
     7    0.14                           pc_out[0] (net)
                  0.72    0.05    0.90 ^ pc_out[0] (out)
                                  0.90   data arrival time

                  0.15   10.00   10.00   clock clk (rise edge)
                          0.00   10.00   clock network delay (ideal)
                         -0.25    9.75   clock uncertainty
                          0.00    9.75   clock reconvergence pessimism
                         -2.00    7.75   output external delay
                                  7.75   data required time
-----------------------------------------------------------------------------
                                  7.75   data required time
                                 -0.90   data arrival time
-----------------------------------------------------------------------------
                                  6.85   slack (MET)


Startpoint: _100_ (rising edge-triggered flip-flop clocked by clk)
Endpoint: pc_out[4] (output port clocked by clk)
Path Group: clk
Path Type: max

Fanout     Cap    Slew   Delay    Time   Description
-----------------------------------------------------------------------------
                  0.15    0.00    0.00   clock clk (rise edge)
                          0.00    0.00   clock network delay (ideal)
                  0.15    0.00    0.00 ^ _100_/CLK (sky130_fd_sc_hd__dfxtp_2)
                  0.69    0.84    0.84 ^ _100_/Q (sky130_fd_sc_hd__dfxtp_2)
     7    0.14                           pc_out[4] (net)
                  0.70    0.02    0.87 ^ pc_out[4] (out)
                                  0.87   data arrival time

                  0.15   10.00   10.00   clock clk (rise edge)
                          0.00   10.00   clock network delay (ideal)
                         -0.25    9.75   clock uncertainty
                          0.00    9.75   clock reconvergence pessimism
                         -2.00    7.75   output external delay
                                  7.75   data required time
-----------------------------------------------------------------------------
                                  7.75   data required time
                                 -0.87   data arrival time
-----------------------------------------------------------------------------
                                  6.88   slack (MET)


Startpoint: _096_ (rising edge-triggered flip-flop clocked by clk)
Endpoint: _101_ (rising edge-triggered flip-flop clocked by clk)
Path Group: clk
Path Type: max

Fanout     Cap    Slew   Delay    Time   Description
-----------------------------------------------------------------------------
                  0.15    0.00    0.00   clock clk (rise edge)
                          0.00    0.00   clock network delay (ideal)
                  0.15    0.00    0.00 ^ _096_/CLK (sky130_fd_sc_hd__dfxtp_2)
                  0.71    0.85    0.85 ^ _096_/Q (sky130_fd_sc_hd__dfxtp_2)
     7    0.14                           pc_out[0] (net)
                  0.71    0.01    0.86 ^ _055_/A (sky130_fd_sc_hd__and4_2)
                  0.22    0.54    1.40 ^ _055_/X (sky130_fd_sc_hd__and4_2)
     1    0.04                           _020_ (net)
                  0.22    0.01    1.41 ^ _056_/A (sky130_fd_sc_hd__buf_1)
                  1.19    0.95    2.36 ^ _056_/X (sky130_fd_sc_hd__buf_1)
     7    0.10                           _021_ (net)
                  1.19    0.01    2.37 ^ _062_/A3 (sky130_fd_sc_hd__a31o_2)
                  0.11    0.35    2.72 ^ _062_/X (sky130_fd_sc_hd__a31o_2)
     1    0.01                           _025_ (net)
                  0.11    0.00    2.72 ^ _063_/B (sky130_fd_sc_hd__nor2_2)
                  0.06    0.05    2.77 v _063_/Y (sky130_fd_sc_hd__nor2_2)
     1    0.01                           _005_ (net)
                  0.06    0.00    2.77 v _101_/D (sky130_fd_sc_hd__dfxtp_2)
                                  2.77   data arrival time

                  0.15   10.00   10.00   clock clk (rise edge)
                          0.00   10.00   clock network delay (ideal)
                         -0.25    9.75   clock uncertainty
                          0.00    9.75   clock reconvergence pessimism
                                  9.75 ^ _101_/CLK (sky130_fd_sc_hd__dfxtp_2)
                         -0.09    9.66   library setup time
                                  9.66   data required time
-----------------------------------------------------------------------------
                                  9.66   data required time
                                 -2.77   data arrival time
-----------------------------------------------------------------------------
                                  6.89   slack (MET)


Startpoint: _103_ (rising edge-triggered flip-flop clocked by clk)
Endpoint: pc_out[7] (output port clocked by clk)
Path Group: clk
Path Type: max

Fanout     Cap    Slew   Delay    Time   Description
-----------------------------------------------------------------------------
                  0.15    0.00    0.00   clock clk (rise edge)
                          0.00    0.00   clock network delay (ideal)
                  0.15    0.00    0.00 ^ _103_/CLK (sky130_fd_sc_hd__dfxtp_2)
                  0.66    0.81    0.81 ^ _103_/Q (sky130_fd_sc_hd__dfxtp_2)
     6    0.13                           pc_out[7] (net)
                  0.66    0.03    0.84 ^ pc_out[7] (out)
                                  0.84   data arrival time

                  0.15   10.00   10.00   clock clk (rise edge)
                          0.00   10.00   clock network delay (ideal)
                         -0.25    9.75   clock uncertainty
                          0.00    9.75   clock reconvergence pessimism
                         -2.00    7.75   output external delay
                                  7.75   data required time
-----------------------------------------------------------------------------
                                  7.75   data required time
                                 -0.84   data arrival time
-----------------------------------------------------------------------------
                                  6.91   slack (MET)


Startpoint: _106_ (rising edge-triggered flip-flop clocked by clk)
Endpoint: pc_out[10] (output port clocked by clk)
Path Group: clk
Path Type: max

Fanout     Cap    Slew   Delay    Time   Description
-----------------------------------------------------------------------------
                  0.15    0.00    0.00   clock clk (rise edge)
                          0.00    0.00   clock network delay (ideal)
                  0.15    0.00    0.00 ^ _106_/CLK (sky130_fd_sc_hd__dfxtp_2)
                  0.64    0.78    0.78 ^ _106_/Q (sky130_fd_sc_hd__dfxtp_2)
     5    0.13                           pc_out[10] (net)
                  0.65    0.06    0.84 ^ pc_out[10] (out)
                                  0.84   data arrival time

                  0.15   10.00   10.00   clock clk (rise edge)
                          0.00   10.00   clock network delay (ideal)
                         -0.25    9.75   clock uncertainty
                          0.00    9.75   clock reconvergence pessimism
                         -2.00    7.75   output external delay
                                  7.75   data required time
-----------------------------------------------------------------------------
                                  7.75   data required time
                                 -0.84   data arrival time
-----------------------------------------------------------------------------
                                  6.91   slack (MET)


Startpoint: _097_ (rising edge-triggered flip-flop clocked by clk)
Endpoint: pc_out[1] (output port clocked by clk)
Path Group: clk
Path Type: max

Fanout     Cap    Slew   Delay    Time   Description
-----------------------------------------------------------------------------
                  0.15    0.00    0.00   clock clk (rise edge)
                          0.00    0.00   clock network delay (ideal)
                  0.15    0.00    0.00 ^ _097_/CLK (sky130_fd_sc_hd__dfxtp_2)
                  0.63    0.79    0.79 ^ _097_/Q (sky130_fd_sc_hd__dfxtp_2)
     6    0.13                           pc_out[1] (net)
                  0.63    0.03    0.82 ^ pc_out[1] (out)
                                  0.82   data arrival time

                  0.15   10.00   10.00   clock clk (rise edge)
                          0.00   10.00   clock network delay (ideal)
                         -0.25    9.75   clock uncertainty
                          0.00    9.75   clock reconvergence pessimism
                         -2.00    7.75   output external delay
                                  7.75   data required time
-----------------------------------------------------------------------------
                                  7.75   data required time
                                 -0.82   data arrival time
-----------------------------------------------------------------------------
                                  6.93   slack (MET)


Startpoint: _108_ (rising edge-triggered flip-flop clocked by clk)
Endpoint: pc_out[12] (output port clocked by clk)
Path Group: clk
Path Type: max

Fanout     Cap    Slew   Delay    Time   Description
-----------------------------------------------------------------------------
                  0.15    0.00    0.00   clock clk (rise edge)
                          0.00    0.00   clock network delay (ideal)
                  0.15    0.00    0.00 ^ _108_/CLK (sky130_fd_sc_hd__dfxtp_2)
                  0.58    0.77    0.77 ^ _108_/Q (sky130_fd_sc_hd__dfxtp_2)
     5    0.12                           pc_out[12] (net)
                  0.58    0.01    0.78 ^ pc_out[12] (out)
                                  0.78   data arrival time

                  0.15   10.00   10.00   clock clk (rise edge)
                          0.00   10.00   clock network delay (ideal)
                         -0.25    9.75   clock uncertainty
                          0.00    9.75   clock reconvergence pessimism
                         -2.00    7.75   output external delay
                                  7.75   data required time
-----------------------------------------------------------------------------
                                  7.75   data required time
                                 -0.78   data arrival time
-----------------------------------------------------------------------------
                                  6.97   slack (MET)


Startpoint: _098_ (rising edge-triggered flip-flop clocked by clk)
Endpoint: pc_out[2] (output port clocked by clk)
Path Group: clk
Path Type: max

Fanout     Cap    Slew   Delay    Time   Description
-----------------------------------------------------------------------------
                  0.15    0.00    0.00   clock clk (rise edge)
                          0.00    0.00   clock network delay (ideal)
                  0.15    0.00    0.00 ^ _098_/CLK (sky130_fd_sc_hd__dfxtp_2)
                  0.56    0.75    0.75 ^ _098_/Q (sky130_fd_sc_hd__dfxtp_2)
     4    0.11                           pc_out[2] (net)
                  0.57    0.03    0.78 ^ pc_out[2] (out)
                                  0.78   data arrival time

                  0.15   10.00   10.00   clock clk (rise edge)
                          0.00   10.00   clock network delay (ideal)
                         -0.25    9.75   clock uncertainty
                          0.00    9.75   clock reconvergence pessimism
                         -2.00    7.75   output external delay
                                  7.75   data required time
-----------------------------------------------------------------------------
                                  7.75   data required time
                                 -0.78   data arrival time
-----------------------------------------------------------------------------
                                  6.97   slack (MET)


Startpoint: _111_ (rising edge-triggered flip-flop clocked by clk)
Endpoint: pc_out[15] (output port clocked by clk)
Path Group: clk
Path Type: max

Fanout     Cap    Slew   Delay    Time   Description
-----------------------------------------------------------------------------
                  0.15    0.00    0.00   clock clk (rise edge)
                          0.00    0.00   clock network delay (ideal)
                  0.15    0.00    0.00 ^ _111_/CLK (sky130_fd_sc_hd__dfxtp_2)
                  0.54    0.72    0.72 ^ _111_/Q (sky130_fd_sc_hd__dfxtp_2)
     3    0.11                           pc_out[15] (net)
                  0.54    0.04    0.75 ^ pc_out[15] (out)
                                  0.75   data arrival time

                  0.15   10.00   10.00   clock clk (rise edge)
                          0.00   10.00   clock network delay (ideal)
                         -0.25    9.75   clock uncertainty
                          0.00    9.75   clock reconvergence pessimism
                         -2.00    7.75   output external delay
                                  7.75   data required time
-----------------------------------------------------------------------------
                                  7.75   data required time
                                 -0.75   data arrival time
-----------------------------------------------------------------------------
                                  7.00   slack (MET)


Startpoint: _101_ (rising edge-triggered flip-flop clocked by clk)
Endpoint: pc_out[5] (output port clocked by clk)
Path Group: clk
Path Type: max

Fanout     Cap    Slew   Delay    Time   Description
-----------------------------------------------------------------------------
                  0.15    0.00    0.00   clock clk (rise edge)
                          0.00    0.00   clock network delay (ideal)
                  0.15    0.00    0.00 ^ _101_/CLK (sky130_fd_sc_hd__dfxtp_2)
                  0.50    0.70    0.70 ^ _101_/Q (sky130_fd_sc_hd__dfxtp_2)
     5    0.10                           pc_out[5] (net)
                  0.50    0.02    0.72 ^ pc_out[5] (out)
                                  0.72   data arrival time

                  0.15   10.00   10.00   clock clk (rise edge)
                          0.00   10.00   clock network delay (ideal)
                         -0.25    9.75   clock uncertainty
                          0.00    9.75   clock reconvergence pessimism
                         -2.00    7.75   output external delay
                                  7.75   data required time
-----------------------------------------------------------------------------
                                  7.75   data required time
                                 -0.72   data arrival time
-----------------------------------------------------------------------------
                                  7.03   slack (MET)


Startpoint: _109_ (rising edge-triggered flip-flop clocked by clk)
Endpoint: pc_out[13] (output port clocked by clk)
Path Group: clk
Path Type: max

Fanout     Cap    Slew   Delay    Time   Description
-----------------------------------------------------------------------------
                  0.15    0.00    0.00   clock clk (rise edge)
                          0.00    0.00   clock network delay (ideal)
                  0.15    0.00    0.00 ^ _109_/CLK (sky130_fd_sc_hd__dfxtp_2)
                  0.50    0.71    0.71 ^ _109_/Q (sky130_fd_sc_hd__dfxtp_2)
     3    0.10                           pc_out[13] (net)
                  0.50    0.01    0.72 ^ pc_out[13] (out)
                                  0.72   data arrival time

                  0.15   10.00   10.00   clock clk (rise edge)
                          0.00   10.00   clock network delay (ideal)
                         -0.25    9.75   clock uncertainty
                          0.00    9.75   clock reconvergence pessimism
                         -2.00    7.75   output external delay
                                  7.75   data required time
-----------------------------------------------------------------------------
                                  7.75   data required time
                                 -0.72   data arrival time
-----------------------------------------------------------------------------
                                  7.03   slack (MET)


Startpoint: _110_ (rising edge-triggered flip-flop clocked by clk)
Endpoint: pc_out[14] (output port clocked by clk)
Path Group: clk
Path Type: max

Fanout     Cap    Slew   Delay    Time   Description
-----------------------------------------------------------------------------
                  0.15    0.00    0.00   clock clk (rise edge)
                          0.00    0.00   clock network delay (ideal)
                  0.15    0.00    0.00 ^ _110_/CLK (sky130_fd_sc_hd__dfxtp_2)
                  0.49    0.70    0.70 ^ _110_/Q (sky130_fd_sc_hd__dfxtp_2)
     5    0.10                           pc_out[14] (net)
                  0.49    0.02    0.72 ^ pc_out[14] (out)
                                  0.72   data arrival time

                  0.15   10.00   10.00   clock clk (rise edge)
                          0.00   10.00   clock network delay (ideal)
                         -0.25    9.75   clock uncertainty
                          0.00    9.75   clock reconvergence pessimism
                         -2.00    7.75   output external delay
                                  7.75   data required time
-----------------------------------------------------------------------------
                                  7.75   data required time
                                 -0.72   data arrival time
-----------------------------------------------------------------------------
                                  7.03   slack (MET)


Startpoint: _104_ (rising edge-triggered flip-flop clocked by clk)
Endpoint: pc_out[8] (output port clocked by clk)
Path Group: clk
Path Type: max

Fanout     Cap    Slew   Delay    Time   Description
-----------------------------------------------------------------------------
                  0.15    0.00    0.00   clock clk (rise edge)
                          0.00    0.00   clock network delay (ideal)
                  0.15    0.00    0.00 ^ _104_/CLK (sky130_fd_sc_hd__dfxtp_2)
                  0.50    0.71    0.71 ^ _104_/Q (sky130_fd_sc_hd__dfxtp_2)
     4    0.10                           pc_out[8] (net)
                  0.50    0.01    0.72 ^ pc_out[8] (out)
                                  0.72   data arrival time

                  0.15   10.00   10.00   clock clk (rise edge)
                          0.00   10.00   clock network delay (ideal)
                         -0.25    9.75   clock uncertainty
                          0.00    9.75   clock reconvergence pessimism
                         -2.00    7.75   output external delay
                                  7.75   data required time
-----------------------------------------------------------------------------
                                  7.75   data required time
                                 -0.72   data arrival time
-----------------------------------------------------------------------------
                                  7.03   slack (MET)


Startpoint: _099_ (rising edge-triggered flip-flop clocked by clk)
Endpoint: pc_out[3] (output port clocked by clk)
Path Group: clk
Path Type: max

Fanout     Cap    Slew   Delay    Time   Description
-----------------------------------------------------------------------------
                  0.15    0.00    0.00   clock clk (rise edge)
                          0.00    0.00   clock network delay (ideal)
                  0.15    0.00    0.00 ^ _099_/CLK (sky130_fd_sc_hd__dfxtp_2)
                  0.43    0.66    0.66 ^ _099_/Q (sky130_fd_sc_hd__dfxtp_2)
     3    0.09                           pc_out[3] (net)
                  0.43    0.02    0.67 ^ pc_out[3] (out)
                                  0.67   data arrival time

                  0.15   10.00   10.00   clock clk (rise edge)
                          0.00   10.00   clock network delay (ideal)
                         -0.25    9.75   clock uncertainty
                          0.00    9.75   clock reconvergence pessimism
                         -2.00    7.75   output external delay
                                  7.75   data required time
-----------------------------------------------------------------------------
                                  7.75   data required time
                                 -0.67   data arrival time
-----------------------------------------------------------------------------
                                  7.08   slack (MET)


Startpoint: _102_ (rising edge-triggered flip-flop clocked by clk)
Endpoint: pc_out[6] (output port clocked by clk)
Path Group: clk
Path Type: max

Fanout     Cap    Slew   Delay    Time   Description
-----------------------------------------------------------------------------
                  0.15    0.00    0.00   clock clk (rise edge)
                          0.00    0.00   clock network delay (ideal)
                  0.15    0.00    0.00 ^ _102_/CLK (sky130_fd_sc_hd__dfxtp_2)
                  0.43    0.66    0.66 ^ _102_/Q (sky130_fd_sc_hd__dfxtp_2)
     3    0.09                           pc_out[6] (net)
                  0.43    0.01    0.66 ^ pc_out[6] (out)
                                  0.66   data arrival time

                  0.15   10.00   10.00   clock clk (rise edge)
                          0.00   10.00   clock network delay (ideal)
                         -0.25    9.75   clock uncertainty
                          0.00    9.75   clock reconvergence pessimism
                         -2.00    7.75   output external delay
                                  7.75   data required time
-----------------------------------------------------------------------------
                                  7.75   data required time
                                 -0.66   data arrival time
-----------------------------------------------------------------------------
                                  7.09   slack (MET)


Startpoint: _107_ (rising edge-triggered flip-flop clocked by clk)
Endpoint: pc_out[11] (output port clocked by clk)
Path Group: clk
Path Type: max

Fanout     Cap    Slew   Delay    Time   Description
-----------------------------------------------------------------------------
                  0.15    0.00    0.00   clock clk (rise edge)
                          0.00    0.00   clock network delay (ideal)
                  0.15    0.00    0.00 ^ _107_/CLK (sky130_fd_sc_hd__dfxtp_2)
                  0.41    0.65    0.65 ^ _107_/Q (sky130_fd_sc_hd__dfxtp_2)
     3    0.08                           pc_out[11] (net)
                  0.42    0.01    0.66 ^ pc_out[11] (out)
                                  0.66   data arrival time

                  0.15   10.00   10.00   clock clk (rise edge)
                          0.00   10.00   clock network delay (ideal)
                         -0.25    9.75   clock uncertainty
                          0.00    9.75   clock reconvergence pessimism
                         -2.00    7.75   output external delay
                                  7.75   data required time
-----------------------------------------------------------------------------
                                  7.75   data required time
                                 -0.66   data arrival time
-----------------------------------------------------------------------------
                                  7.09   slack (MET)


Startpoint: _105_ (rising edge-triggered flip-flop clocked by clk)
Endpoint: pc_out[9] (output port clocked by clk)
Path Group: clk
Path Type: max

Fanout     Cap    Slew   Delay    Time   Description
-----------------------------------------------------------------------------
                  0.15    0.00    0.00   clock clk (rise edge)
                          0.00    0.00   clock network delay (ideal)
                  0.15    0.00    0.00 ^ _105_/CLK (sky130_fd_sc_hd__dfxtp_2)
                  0.36    0.61    0.61 ^ _105_/Q (sky130_fd_sc_hd__dfxtp_2)
     3    0.07                           pc_out[9] (net)
                  0.36    0.01    0.62 ^ pc_out[9] (out)
                                  0.62   data arrival time

                  0.15   10.00   10.00   clock clk (rise edge)
                          0.00   10.00   clock network delay (ideal)
                         -0.25    9.75   clock uncertainty
                          0.00    9.75   clock reconvergence pessimism
                         -2.00    7.75   output external delay
                                  7.75   data required time
-----------------------------------------------------------------------------
                                  7.75   data required time
                                 -0.62   data arrival time
-----------------------------------------------------------------------------
                                  7.13   slack (MET)



