OpenROAD 41a51eaf4ca2171c92ff38afb91eb37bbd3f36da 
This program is licensed under the BSD-3 license. See the LICENSE file for details.
Components of this program may be licensed under more restrictive licenses which must be honored.
[INFO]: Reading ODB at '/openlane/designs/part3_regfile/runs/RUN_2026.05.16_10.05.05/results/cts/register_file.odb'…
define_corners Typical
read_liberty -corner Typical /Users/egehuriel/.ciel/sky130A/libs.ref/sky130_fd_sc_hd/lib/sky130_fd_sc_hd__tt_025C_1v80.lib
Using 1e-12 for capacitance...
Using 1e+03 for resistance...
Using 1e-09 for time...
Using 1e+00 for voltage...
Using 1e-03 for current...
Using 1e-09 for power...
Using 1e-06 for distance...
Reading design constraints file at '/openlane/designs/part3_regfile/runs/RUN_2026.05.16_10.05.05/results/cts/register_file.sdc'…
[INFO]: Setting signal min routing layer to: met1 and clock min routing layer to met3. 
[INFO]: Setting signal max routing layer to: met5 and clock max routing layer to met5. 
-congestion_iterations 50 -verbose -congestion_report_file /openlane/designs/part3_regfile/runs/RUN_2026.05.16_10.05.05/tmp/routing/groute-congestion.rpt -allow_congestion
[INFO GRT-0020] Min routing layer: met1
[INFO GRT-0021] Max routing layer: met5
[INFO GRT-0022] Global adjustment: 30%
[INFO GRT-0023] Grid origin: (0, 0)
[INFO GRT-0043] No OR_DEFAULT vias defined.
[INFO GRT-0088] Layer li1     Track-Pitch = 0.4600  line-2-Via Pitch: 0.3400
[INFO GRT-0088] Layer met1    Track-Pitch = 0.3400  line-2-Via Pitch: 0.3400
[INFO GRT-0088] Layer met2    Track-Pitch = 0.4600  line-2-Via Pitch: 0.3500
[INFO GRT-0088] Layer met3    Track-Pitch = 0.6800  line-2-Via Pitch: 0.6150
[INFO GRT-0088] Layer met4    Track-Pitch = 0.9200  line-2-Via Pitch: 1.0400
[INFO GRT-0088] Layer met5    Track-Pitch = 3.4000  line-2-Via Pitch: 3.1100
[INFO GRT-0019] Found 88 clock nets.
[INFO GRT-0001] Minimum degree: 2
[INFO GRT-0002] Maximum degree: 15
[INFO GRT-0003] Macros: 0
[INFO GRT-0004] Blockages: 4304

[INFO GRT-0053] Routing resources analysis:
          Routing      Original      Derated      Resource
Layer     Direction    Resources     Resources    Reduction (%)
---------------------------------------------------------------
li1        Vertical            0             0          0.00%
met1       Horizontal     103680         51935          49.91%
met2       Vertical        77760         51316          34.01%
met3       Horizontal      51840         35555          31.41%
met4       Vertical        31104         16182          47.97%
met5       Horizontal      10368          4118          60.28%
---------------------------------------------------------------

[INFO GRT-0101] Running extra iterations to remove overflow.
[INFO GRT-0197] Via related to pin nodes: 5737
[INFO GRT-0198] Via related Steiner nodes: 775
[INFO GRT-0199] Via filling finished.
[INFO GRT-0111] Final number of vias: 9319
[INFO GRT-0112] Final usage 3D: 90386

[INFO GRT-0096] Final congestion report:
Layer         Resource        Demand        Usage (%)    Max H / Max V / Total Overflow
---------------------------------------------------------------------------------------
li1                  0             0            0.00%             0 /  0 /  0
met1             51935         27709           53.35%             0 /  0 /  0
met2             51316         25984           50.64%             0 /  0 /  0
met3             35555          4267           12.00%             0 /  0 /  0
met4             16182          4469           27.62%             0 /  0 /  0
met5              4118             0            0.00%             0 /  0 /  0
---------------------------------------------------------------------------------------
Total           159106         62429           39.24%             0 /  0 /  0

[INFO GRT-0018] Total wirelength: 474326 um
[INFO GRT-0014] Routed nets: 944
[INFO GRT-0006] Repairing antennas, iteration 1.
[INFO GRT-0043] No OR_DEFAULT vias defined.
[WARNING ANT-0009] Net _0063_ requires more than 10 diodes per gate to repair violations.
[WARNING ANT-0009] Net _0087_ requires more than 10 diodes per gate to repair violations.
[WARNING ANT-0009] Net _0148_ requires more than 10 diodes per gate to repair violations.
[WARNING ANT-0009] Net _0243_ requires more than 10 diodes per gate to repair violations.
[WARNING ANT-0009] Net _0390_ requires more than 10 diodes per gate to repair violations.
[INFO GRT-0012] Found 98 antenna violations.
[INFO GRT-0015] Inserted 555 diodes.
[INFO GRT-0054] Using detailed placer to place 35 diodes.
[INFO GRT-0009] rerouting 800 nets.
[INFO GRT-0001] Minimum degree: 2
[INFO GRT-0002] Maximum degree: 24
[INFO GRT-0006] Repairing antennas, iteration 2.
[INFO GRT-0043] No OR_DEFAULT vias defined.
[INFO GRT-0012] Found 50 antenna violations.
[INFO GRT-0015] Inserted 155 diodes.
[INFO GRT-0009] rerouting 278 nets.
[INFO GRT-0001] Minimum degree: 2
[INFO GRT-0002] Maximum degree: 24
[INFO GRT-0006] Repairing antennas, iteration 3.
[INFO GRT-0043] No OR_DEFAULT vias defined.
[INFO GRT-0012] Found 11 antenna violations.
[INFO GRT-0015] Inserted 24 diodes.
[INFO GRT-0009] rerouting 43 nets.
[INFO GRT-0001] Minimum degree: 3
[INFO GRT-0002] Maximum degree: 20
[INFO GRT-0006] Repairing antennas, iteration 4.
[INFO GRT-0043] No OR_DEFAULT vias defined.
[INFO GRT-0012] Found 4 antenna violations.
[INFO GRT-0015] Inserted 5 diodes.
[INFO GRT-0009] rerouting 7 nets.
[INFO GRT-0001] Minimum degree: 9
[INFO GRT-0002] Maximum degree: 13
[INFO GRT-0006] Repairing antennas, iteration 5.
[INFO GRT-0043] No OR_DEFAULT vias defined.
[INFO GRT-0012] Found 1 antenna violations.
[INFO GRT-0015] Inserted 2 diodes.
[INFO GRT-0009] rerouting 1 nets.
[INFO GRT-0001] Minimum degree: 11
[INFO GRT-0002] Maximum degree: 11
[INFO GRT-0006] Repairing antennas, iteration 6.
[INFO GRT-0043] No OR_DEFAULT vias defined.
[INFO GRT-0012] Found 0 antenna violations.
Setting global connections for newly added cells…
Writing OpenROAD database to '/openlane/designs/part3_regfile/runs/RUN_2026.05.16_10.05.05/tmp/routing/12-global.odb'…
Writing layout to '/openlane/designs/part3_regfile/runs/RUN_2026.05.16_10.05.05/tmp/routing/12-global.def'…
Writing routing guides to '/openlane/designs/part3_regfile/runs/RUN_2026.05.16_10.05.05/tmp/routing/12-global.guide'…
