OpenROAD 41a51eaf4ca2171c92ff38afb91eb37bbd3f36da 
This program is licensed under the BSD-3 license. See the LICENSE file for details.
Components of this program may be licensed under more restrictive licenses which must be honored.
[INFO]: Reading ODB at '/openlane/designs/part3_regfile/runs/RUN_2026.05.16_10.05.05/tmp/routing/15-fill.odb'…
define_corners Typical
read_liberty -corner Typical /Users/egehuriel/.ciel/sky130A/libs.ref/sky130_fd_sc_hd/lib/sky130_fd_sc_hd__tt_025C_1v80.lib
Using 1e-12 for capacitance...
Using 1e+03 for resistance...
Using 1e-09 for time...
Using 1e+00 for voltage...
Using 1e-03 for current...
Using 1e-09 for power...
Using 1e-06 for distance...
Reading design constraints file at '/openlane/designs/part3_regfile/runs/RUN_2026.05.16_10.05.05/results/cts/register_file.sdc'…
[INFO ORD-0030] Using 2 thread(s).
[INFO DRT-0149] Reading tech and libs.

Units:                1000
Number of layers:     13
Number of macros:     441
Number of vias:       25
Number of viarulegen: 25

[INFO DRT-0150] Reading design.

Design:                   register_file
Die area:                 ( 0 0 ) ( 500000 500000 )
Number of track patterns: 12
Number of DEF vias:       0
Number of components:     24921
Number of terminals:      53
Number of snets:          2
Number of nets:           956

[INFO DRT-0167] List of default vias:
  Layer mcon
    default via: L1M1_PR
  Layer via
    default via: M1M2_PR
  Layer via2
    default via: M2M3_PR
  Layer via3
    default via: M3M4_PR
  Layer via4
    default via: M4M5_PR
[INFO DRT-0162] Library cell analysis.
[INFO DRT-0163] Instance analysis.
  Complete 10000 instances.
  Complete 20000 instances.
[INFO DRT-0164] Number of unique instances = 62.
[INFO DRT-0168] Init region query.
[INFO DRT-0018]   Complete 10000 insts.
[INFO DRT-0018]   Complete 20000 insts.
[INFO DRT-0024]   Complete FR_MASTERSLICE.
[INFO DRT-0024]   Complete licon.
[INFO DRT-0024]   Complete li1.
[INFO DRT-0024]   Complete mcon.
[INFO DRT-0024]   Complete met1.
[INFO DRT-0024]   Complete via.
[INFO DRT-0024]   Complete met2.
[INFO DRT-0024]   Complete via2.
[INFO DRT-0024]   Complete met3.
[INFO DRT-0024]   Complete via3.
[INFO DRT-0024]   Complete met4.
[INFO DRT-0024]   Complete via4.
[INFO DRT-0024]   Complete met5.
[INFO DRT-0033] FR_MASTERSLICE shape region query size = 0.
[INFO DRT-0033] licon shape region query size = 0.
[INFO DRT-0033] li1 shape region query size = 157645.
[INFO DRT-0033] mcon shape region query size = 285048.
[INFO DRT-0033] met1 shape region query size = 58178.
[INFO DRT-0033] via shape region query size = 17600.
[INFO DRT-0033] met2 shape region query size = 10560.
[INFO DRT-0033] via2 shape region query size = 14080.
[INFO DRT-0033] met3 shape region query size = 10611.
[INFO DRT-0033] via3 shape region query size = 14080.
[INFO DRT-0033] met4 shape region query size = 4360.
[INFO DRT-0033] via4 shape region query size = 760.
[INFO DRT-0033] met5 shape region query size = 836.
[INFO DRT-0165] Start pin access.
[INFO DRT-0076]   Complete 100 pins.
[INFO DRT-0078]   Complete 168 pins.
[INFO DRT-0081]   Complete 44 unique inst patterns.
[INFO DRT-0082]   Complete 1000 groups.
[INFO DRT-0084]   Complete 1632 groups.
#scanned instances     = 24921
#unique  instances     = 62
#stdCellGenAp          = 1192
#stdCellValidPlanarAp  = 28
#stdCellValidViaAp     = 928
#stdCellPinNoAp        = 0
#stdCellPinCnt         = 3485
#instTermValidViaApCnt = 0
#macroGenAp            = 0
#macroValidPlanarAp    = 0
#macroValidViaAp       = 0
#macroNoAp             = 0
[INFO DRT-0166] Complete pin access.
[INFO DRT-0267] cpu time = 00:00:02, elapsed time = 00:00:01, memory = 191.81 (MB), peak = 198.54 (MB)

Number of guides:     16503

[INFO DRT-0169] Post process guides.
[INFO DRT-0176] GCELLGRID X 0 DO 72 STEP 6900 ;
[INFO DRT-0177] GCELLGRID Y 0 DO 72 STEP 6900 ;
[INFO DRT-0026]   Complete 10000 origin guides.
[INFO DRT-0028]   Complete FR_MASTERSLICE.
[INFO DRT-0028]   Complete licon.
[INFO DRT-0028]   Complete li1.
[INFO DRT-0028]   Complete mcon.
[INFO DRT-0028]   Complete met1.
[INFO DRT-0028]   Complete via.
[INFO DRT-0028]   Complete met2.
[INFO DRT-0028]   Complete via2.
[INFO DRT-0028]   Complete met3.
[INFO DRT-0028]   Complete via3.
[INFO DRT-0028]   Complete met4.
[INFO DRT-0028]   Complete via4.
[INFO DRT-0028]   Complete met5.
[INFO DRT-0178] Init guide query.
[INFO DRT-0035]   Complete FR_MASTERSLICE (guide).
[INFO DRT-0035]   Complete licon (guide).
[INFO DRT-0035]   Complete li1 (guide).
[INFO DRT-0035]   Complete mcon (guide).
[INFO DRT-0035]   Complete met1 (guide).
[INFO DRT-0035]   Complete via (guide).
[INFO DRT-0035]   Complete met2 (guide).
[INFO DRT-0035]   Complete via2 (guide).
[INFO DRT-0035]   Complete met3 (guide).
[INFO DRT-0035]   Complete via3 (guide).
[INFO DRT-0035]   Complete met4 (guide).
[INFO DRT-0035]   Complete via4 (guide).
[INFO DRT-0035]   Complete met5 (guide).
[INFO DRT-0036] FR_MASTERSLICE guide region query size = 0.
[INFO DRT-0036] licon guide region query size = 0.
[INFO DRT-0036] li1 guide region query size = 3735.
[INFO DRT-0036] mcon guide region query size = 0.
[INFO DRT-0036] met1 guide region query size = 4650.
[INFO DRT-0036] via guide region query size = 0.
[INFO DRT-0036] met2 guide region query size = 3152.
[INFO DRT-0036] via2 guide region query size = 0.
[INFO DRT-0036] met3 guide region query size = 482.
[INFO DRT-0036] via3 guide region query size = 0.
[INFO DRT-0036] met4 guide region query size = 197.
[INFO DRT-0036] via4 guide region query size = 0.
[INFO DRT-0036] met5 guide region query size = 0.
[INFO DRT-0179] Init gr pin query.
[INFO DRT-0245] skipped writing guide updates to database.
[INFO DRT-0185] Post process initialize RPin region query.
[INFO DRT-0181] Start track assignment.
[INFO DRT-0184] Done with 7084 vertical wires in 2 frboxes and 5132 horizontal wires in 2 frboxes.
[INFO DRT-0186] Done with 704 vertical wires in 2 frboxes and 1118 horizontal wires in 2 frboxes.
[INFO DRT-0182] Complete track assignment.
[INFO DRT-0267] cpu time = 00:00:01, elapsed time = 00:00:00, memory = 252.65 (MB), peak = 270.40 (MB)
[INFO DRT-0187] Start routing data preparation.
[INFO DRT-0267] cpu time = 00:00:00, elapsed time = 00:00:00, memory = 252.65 (MB), peak = 270.40 (MB)
[INFO DRT-0194] Start detail routing.
[INFO DRT-0195] Start 0th optimization iteration.
    Completing 10% with 0 violations.
    elapsed time = 00:00:00, memory = 364.56 (MB).
    Completing 20% with 0 violations.
    elapsed time = 00:00:01, memory = 509.32 (MB).
    Completing 30% with 332 violations.
    elapsed time = 00:00:02, memory = 416.87 (MB).
    Completing 40% with 332 violations.
    elapsed time = 00:00:03, memory = 503.22 (MB).
    Completing 50% with 332 violations.
    elapsed time = 00:00:04, memory = 589.33 (MB).
    Completing 60% with 609 violations.
    elapsed time = 00:00:05, memory = 449.63 (MB).
    Completing 70% with 609 violations.
    elapsed time = 00:00:06, memory = 520.96 (MB).
    Completing 80% with 919 violations.
    elapsed time = 00:00:07, memory = 427.02 (MB).
    Completing 90% with 919 violations.
    elapsed time = 00:00:08, memory = 515.30 (MB).
    Completing 100% with 1172 violations.
    elapsed time = 00:00:10, memory = 409.33 (MB).
[INFO DRT-0199]   Number of violations = 1381.
Viol/Layer         li1   met1   met2   met3
Metal Spacing        1     91     79      0
Recheck              0    143     59      7
Short                0    693    308      0
[INFO DRT-0267] cpu time = 00:00:20, elapsed time = 00:00:10, memory = 569.35 (MB), peak = 603.04 (MB)
Total wire length = 438968 um.
Total wire length on LAYER li1 = 0 um.
Total wire length on LAYER met1 = 195461 um.
Total wire length on LAYER met2 = 182489 um.
Total wire length on LAYER met3 = 31058 um.
Total wire length on LAYER met4 = 29958 um.
Total wire length on LAYER met5 = 0 um.
Total number of vias = 12354.
Up-via summary (total 12354):.

------------------------
 FR_MASTERSLICE        0
            li1     4178
           met1     7214
           met2      567
           met3      395
           met4        0
------------------------
                   12354


[INFO DRT-0195] Start 1st optimization iteration.
    Completing 10% with 1381 violations.
    elapsed time = 00:00:00, memory = 622.23 (MB).
    Completing 20% with 1381 violations.
    elapsed time = 00:00:01, memory = 690.68 (MB).
    Completing 30% with 1188 violations.
    elapsed time = 00:00:02, memory = 574.84 (MB).
    Completing 40% with 1188 violations.
    elapsed time = 00:00:03, memory = 647.25 (MB).
    Completing 50% with 1188 violations.
    elapsed time = 00:00:04, memory = 724.55 (MB).
    Completing 60% with 995 violations.
    elapsed time = 00:00:05, memory = 621.54 (MB).
    Completing 70% with 995 violations.
    elapsed time = 00:00:06, memory = 683.75 (MB).
    Completing 80% with 848 violations.
    elapsed time = 00:00:07, memory = 582.39 (MB).
    Completing 90% with 848 violations.
    elapsed time = 00:00:09, memory = 665.92 (MB).
    Completing 100% with 570 violations.
    elapsed time = 00:00:10, memory = 564.41 (MB).
[INFO DRT-0199]   Number of violations = 577.
Viol/Layer        met1   met2
Metal Spacing       41     29
Recheck              6      1
Short              388    112
[INFO DRT-0267] cpu time = 00:00:20, elapsed time = 00:00:10, memory = 570.43 (MB), peak = 742.23 (MB)
Total wire length = 439196 um.
Total wire length on LAYER li1 = 0 um.
Total wire length on LAYER met1 = 195594 um.
Total wire length on LAYER met2 = 182681 um.
Total wire length on LAYER met3 = 31006 um.
Total wire length on LAYER met4 = 29914 um.
Total wire length on LAYER met5 = 0 um.
Total number of vias = 12713.
Up-via summary (total 12713):.

------------------------
 FR_MASTERSLICE        0
            li1     4178
           met1     7567
           met2      588
           met3      380
           met4        0
------------------------
                   12713


[INFO DRT-0195] Start 2nd optimization iteration.
    Completing 10% with 577 violations.
    elapsed time = 00:00:00, memory = 611.35 (MB).
    Completing 20% with 577 violations.
    elapsed time = 00:00:01, memory = 655.76 (MB).
    Completing 30% with 573 violations.
    elapsed time = 00:00:01, memory = 565.38 (MB).
    Completing 40% with 573 violations.
    elapsed time = 00:00:02, memory = 618.36 (MB).
    Completing 50% with 573 violations.
    elapsed time = 00:00:03, memory = 698.11 (MB).
    Completing 60% with 536 violations.
    elapsed time = 00:00:04, memory = 594.69 (MB).
    Completing 70% with 536 violations.
    elapsed time = 00:00:05, memory = 660.58 (MB).
    Completing 80% with 519 violations.
    elapsed time = 00:00:06, memory = 565.38 (MB).
    Completing 90% with 519 violations.
    elapsed time = 00:00:07, memory = 639.62 (MB).
    Completing 100% with 459 violations.
    elapsed time = 00:00:09, memory = 565.38 (MB).
[INFO DRT-0199]   Number of violations = 469.
Viol/Layer        met1   met2
Metal Spacing       43     38
Recheck              8      2
Short              303     75
[INFO DRT-0267] cpu time = 00:00:18, elapsed time = 00:00:09, memory = 571.21 (MB), peak = 742.23 (MB)
Total wire length = 439149 um.
Total wire length on LAYER li1 = 0 um.
Total wire length on LAYER met1 = 195556 um.
Total wire length on LAYER met2 = 182655 um.
Total wire length on LAYER met3 = 31061 um.
Total wire length on LAYER met4 = 29875 um.
Total wire length on LAYER met5 = 0 um.
Total number of vias = 12711.
Up-via summary (total 12711):.

------------------------
 FR_MASTERSLICE        0
            li1     4178
           met1     7548
           met2      603
           met3      382
           met4        0
------------------------
                   12711


[INFO DRT-0195] Start 3rd optimization iteration.
    Completing 10% with 469 violations.
    elapsed time = 00:00:00, memory = 623.19 (MB).
    Completing 20% with 469 violations.
    elapsed time = 00:00:01, memory = 670.62 (MB).
    Completing 30% with 352 violations.
    elapsed time = 00:00:02, memory = 566.13 (MB).
    Completing 40% with 352 violations.
    elapsed time = 00:00:02, memory = 637.45 (MB).
    Completing 50% with 352 violations.
    elapsed time = 00:00:04, memory = 715.62 (MB).
    Completing 60% with 243 violations.
    elapsed time = 00:00:04, memory = 598.05 (MB).
    Completing 70% with 243 violations.
    elapsed time = 00:00:05, memory = 659.07 (MB).
    Completing 80% with 123 violations.
    elapsed time = 00:00:06, memory = 566.13 (MB).
    Completing 90% with 123 violations.
    elapsed time = 00:00:07, memory = 667.63 (MB).
    Completing 100% with 16 violations.
    elapsed time = 00:00:07, memory = 566.13 (MB).
[INFO DRT-0199]   Number of violations = 16.
Viol/Layer        met1   met2
Metal Spacing        4      1
Short                6      5
[INFO DRT-0267] cpu time = 00:00:15, elapsed time = 00:00:08, memory = 568.52 (MB), peak = 742.23 (MB)
Total wire length = 439388 um.
Total wire length on LAYER li1 = 0 um.
Total wire length on LAYER met1 = 194699 um.
Total wire length on LAYER met2 = 182814 um.
Total wire length on LAYER met3 = 31966 um.
Total wire length on LAYER met4 = 29907 um.
Total wire length on LAYER met5 = 0 um.
Total number of vias = 13260.
Up-via summary (total 13260):.

------------------------
 FR_MASTERSLICE        0
            li1     4178
           met1     7960
           met2      734
           met3      388
           met4        0
------------------------
                   13260


[INFO DRT-0195] Start 4th optimization iteration.
    Completing 10% with 16 violations.
    elapsed time = 00:00:00, memory = 568.52 (MB).
    Completing 20% with 16 violations.
    elapsed time = 00:00:00, memory = 568.52 (MB).
    Completing 30% with 11 violations.
    elapsed time = 00:00:00, memory = 568.52 (MB).
    Completing 40% with 11 violations.
    elapsed time = 00:00:00, memory = 568.52 (MB).
    Completing 50% with 11 violations.
    elapsed time = 00:00:00, memory = 568.52 (MB).
    Completing 60% with 5 violations.
    elapsed time = 00:00:00, memory = 573.65 (MB).
    Completing 70% with 5 violations.
    elapsed time = 00:00:00, memory = 573.65 (MB).
    Completing 80% with 5 violations.
    elapsed time = 00:00:00, memory = 573.65 (MB).
    Completing 90% with 5 violations.
    elapsed time = 00:00:00, memory = 573.65 (MB).
    Completing 100% with 0 violations.
    elapsed time = 00:00:00, memory = 573.65 (MB).
[INFO DRT-0199]   Number of violations = 0.
[INFO DRT-0267] cpu time = 00:00:00, elapsed time = 00:00:00, memory = 573.65 (MB), peak = 742.23 (MB)
Total wire length = 439385 um.
Total wire length on LAYER li1 = 0 um.
Total wire length on LAYER met1 = 194696 um.
Total wire length on LAYER met2 = 182811 um.
Total wire length on LAYER met3 = 31969 um.
Total wire length on LAYER met4 = 29907 um.
Total wire length on LAYER met5 = 0 um.
Total number of vias = 13262.
Up-via summary (total 13262):.

------------------------
 FR_MASTERSLICE        0
            li1     4178
           met1     7964
           met2      732
           met3      388
           met4        0
------------------------
                   13262


[INFO DRT-0198] Complete detail routing.
Total wire length = 439385 um.
Total wire length on LAYER li1 = 0 um.
Total wire length on LAYER met1 = 194696 um.
Total wire length on LAYER met2 = 182811 um.
Total wire length on LAYER met3 = 31969 um.
Total wire length on LAYER met4 = 29907 um.
Total wire length on LAYER met5 = 0 um.
Total number of vias = 13262.
Up-via summary (total 13262):.

------------------------
 FR_MASTERSLICE        0
            li1     4178
           met1     7964
           met2      732
           met3      388
           met4        0
------------------------
                   13262


[INFO DRT-0267] cpu time = 00:01:15, elapsed time = 00:00:39, memory = 573.65 (MB), peak = 742.23 (MB)

[INFO DRT-0180] Post processing.
Setting global connections for newly added cells…
Writing OpenROAD database to '/openlane/designs/part3_regfile/runs/RUN_2026.05.16_10.05.05/results/routing/register_file.odb'…
Writing netlist to '/openlane/designs/part3_regfile/runs/RUN_2026.05.16_10.05.05/results/routing/register_file.nl.v'…
Writing powered netlist to '/openlane/designs/part3_regfile/runs/RUN_2026.05.16_10.05.05/results/routing/register_file.pnl.v'…
Writing layout to '/openlane/designs/part3_regfile/runs/RUN_2026.05.16_10.05.05/results/routing/register_file.def'…
