
===========================================================================
 report_power
============================================================================
======================= Fastest Corner ===================================

Group                  Internal  Switching    Leakage      Total
                          Power      Power      Power      Power (Watts)
----------------------------------------------------------------
Sequential             5.75e-05   1.62e-04   6.85e-08   2.20e-04  37.2%
Combinational          9.08e-05   2.80e-04   1.81e-08   3.71e-04  62.8%
Macro                  0.00e+00   0.00e+00   0.00e+00   0.00e+00   0.0%
Pad                    0.00e+00   0.00e+00   0.00e+00   0.00e+00   0.0%
----------------------------------------------------------------
Total                  1.48e-04   4.43e-04   8.66e-08   5.91e-04 100.0%
                          25.1%      74.9%       0.0%

======================= Slowest Corner ===================================

Group                  Internal  Switching    Leakage      Total
                          Power      Power      Power      Power (Watts)
----------------------------------------------------------------
Sequential             3.74e-05   1.09e-04   2.73e-07   1.47e-04  36.9%
Combinational          6.26e-05   1.88e-04   3.61e-07   2.51e-04  63.1%
Macro                  0.00e+00   0.00e+00   0.00e+00   0.00e+00   0.0%
Pad                    0.00e+00   0.00e+00   0.00e+00   0.00e+00   0.0%
----------------------------------------------------------------
Total                  1.00e-04   2.97e-04   6.34e-07   3.97e-04 100.0%
                          25.2%      74.7%       0.2%

======================= Typical Corner ===================================

Group                  Internal  Switching    Leakage      Total
                          Power      Power      Power      Power (Watts)
----------------------------------------------------------------
Sequential             4.93e-05   1.38e-04   6.84e-08   1.87e-04  37.2%
Combinational          7.79e-05   2.38e-04   1.77e-08   3.16e-04  62.8%
Macro                  0.00e+00   0.00e+00   0.00e+00   0.00e+00   0.0%
Pad                    0.00e+00   0.00e+00   0.00e+00   0.00e+00   0.0%
----------------------------------------------------------------
Total                  1.27e-04   3.76e-04   8.62e-08   5.04e-04 100.0%
                          25.3%      74.7%       0.0%

