OpenROAD 41a51eaf4ca2171c92ff38afb91eb37bbd3f36da 
This program is licensed under the BSD-3 license. See the LICENSE file for details.
Components of this program may be licensed under more restrictive licenses which must be honored.
[INFO]: Reading ODB at '/openlane/designs/part1_alu/runs/RUN_2026.05.15_10.31.42/tmp/routing/16-fill.odb'…
define_corners Typical
read_liberty -corner Typical /Users/egehuriel/.ciel/sky130A/libs.ref/sky130_fd_sc_hd/lib/sky130_fd_sc_hd__tt_025C_1v80.lib
Using 1e-12 for capacitance...
Using 1e+03 for resistance...
Using 1e-09 for time...
Using 1e+00 for voltage...
Using 1e-03 for current...
Using 1e-09 for power...
Using 1e-06 for distance...
Reading design constraints file at '/openlane/designs/part1_alu/runs/RUN_2026.05.15_10.31.42/tmp/11-alu.sdc'…
[INFO ORD-0030] Using 2 thread(s).
[INFO DRT-0149] Reading tech and libs.

Units:                1000
Number of layers:     13
Number of macros:     441
Number of vias:       25
Number of viarulegen: 25

[INFO DRT-0150] Reading design.

Design:                   alu
Die area:                 ( 0 0 ) ( 300000 300000 )
Number of track patterns: 12
Number of DEF vias:       0
Number of components:     8567
Number of terminals:      37
Number of snets:          2
Number of nets:           752

[INFO DRT-0167] List of default vias:
  Layer mcon
    default via: L1M1_PR
  Layer via
    default via: M1M2_PR
  Layer via2
    default via: M2M3_PR
  Layer via3
    default via: M3M4_PR
  Layer via4
    default via: M4M5_PR
[INFO DRT-0162] Library cell analysis.
[INFO DRT-0163] Instance analysis.
[INFO DRT-0164] Number of unique instances = 233.
[INFO DRT-0168] Init region query.
[INFO DRT-0024]   Complete FR_MASTERSLICE.
[INFO DRT-0024]   Complete licon.
[INFO DRT-0024]   Complete li1.
[INFO DRT-0024]   Complete mcon.
[INFO DRT-0024]   Complete met1.
[INFO DRT-0024]   Complete via.
[INFO DRT-0024]   Complete met2.
[INFO DRT-0024]   Complete via2.
[INFO DRT-0024]   Complete met3.
[INFO DRT-0024]   Complete via3.
[INFO DRT-0024]   Complete met4.
[INFO DRT-0024]   Complete via4.
[INFO DRT-0024]   Complete met5.
[INFO DRT-0033] FR_MASTERSLICE shape region query size = 0.
[INFO DRT-0033] licon shape region query size = 0.
[INFO DRT-0033] li1 shape region query size = 63773.
[INFO DRT-0033] mcon shape region query size = 89256.
[INFO DRT-0033] met1 shape region query size = 18938.
[INFO DRT-0033] via shape region query size = 6180.
[INFO DRT-0033] met2 shape region query size = 3708.
[INFO DRT-0033] via2 shape region query size = 4944.
[INFO DRT-0033] met3 shape region query size = 3743.
[INFO DRT-0033] via3 shape region query size = 4944.
[INFO DRT-0033] met4 shape region query size = 1548.
[INFO DRT-0033] via4 shape region query size = 264.
[INFO DRT-0033] met5 shape region query size = 308.
[INFO DRT-0165] Start pin access.
[INFO DRT-0076]   Complete 100 pins.
[INFO DRT-0076]   Complete 200 pins.
[INFO DRT-0076]   Complete 300 pins.
[INFO DRT-0076]   Complete 400 pins.
[INFO DRT-0076]   Complete 500 pins.
[INFO DRT-0076]   Complete 600 pins.
[INFO DRT-0076]   Complete 700 pins.
[INFO DRT-0076]   Complete 800 pins.
[INFO DRT-0078]   Complete 843 pins.
[INFO DRT-0079]   Complete 100 unique inst patterns.
[INFO DRT-0079]   Complete 200 unique inst patterns.
[INFO DRT-0081]   Complete 215 unique inst patterns.
[INFO DRT-0084]   Complete 769 groups.
#scanned instances     = 8567
#unique  instances     = 233
#stdCellGenAp          = 6527
#stdCellValidPlanarAp  = 51
#stdCellValidViaAp     = 4886
#stdCellPinNoAp        = 0
#stdCellPinCnt         = 2549
#instTermValidViaApCnt = 0
#macroGenAp            = 0
#macroValidPlanarAp    = 0
#macroValidViaAp       = 0
#macroNoAp             = 0
[INFO DRT-0166] Complete pin access.
[INFO DRT-0267] cpu time = 00:00:10, elapsed time = 00:00:05, memory = 143.90 (MB), peak = 143.57 (MB)

Number of guides:     12316

[INFO DRT-0169] Post process guides.
[INFO DRT-0176] GCELLGRID X 0 DO 43 STEP 6900 ;
[INFO DRT-0177] GCELLGRID Y 0 DO 43 STEP 6900 ;
[INFO DRT-0026]   Complete 10000 origin guides.
[INFO DRT-0028]   Complete FR_MASTERSLICE.
[INFO DRT-0028]   Complete licon.
[INFO DRT-0028]   Complete li1.
[INFO DRT-0028]   Complete mcon.
[INFO DRT-0028]   Complete met1.
[INFO DRT-0028]   Complete via.
[INFO DRT-0028]   Complete met2.
[INFO DRT-0028]   Complete via2.
[INFO DRT-0028]   Complete met3.
[INFO DRT-0028]   Complete via3.
[INFO DRT-0028]   Complete met4.
[INFO DRT-0028]   Complete via4.
[INFO DRT-0028]   Complete met5.
[INFO DRT-0178] Init guide query.
[INFO DRT-0035]   Complete FR_MASTERSLICE (guide).
[INFO DRT-0035]   Complete licon (guide).
[INFO DRT-0035]   Complete li1 (guide).
[INFO DRT-0035]   Complete mcon (guide).
[INFO DRT-0035]   Complete met1 (guide).
[INFO DRT-0035]   Complete via (guide).
[INFO DRT-0035]   Complete met2 (guide).
[INFO DRT-0035]   Complete via2 (guide).
[INFO DRT-0035]   Complete met3 (guide).
[INFO DRT-0035]   Complete via3 (guide).
[INFO DRT-0035]   Complete met4 (guide).
[INFO DRT-0035]   Complete via4 (guide).
[INFO DRT-0035]   Complete met5 (guide).
[INFO DRT-0036] FR_MASTERSLICE guide region query size = 0.
[INFO DRT-0036] licon guide region query size = 0.
[INFO DRT-0036] li1 guide region query size = 2546.
[INFO DRT-0036] mcon guide region query size = 0.
[INFO DRT-0036] met1 guide region query size = 3052.
[INFO DRT-0036] via guide region query size = 0.
[INFO DRT-0036] met2 guide region query size = 2382.
[INFO DRT-0036] via2 guide region query size = 0.
[INFO DRT-0036] met3 guide region query size = 760.
[INFO DRT-0036] via3 guide region query size = 0.
[INFO DRT-0036] met4 guide region query size = 253.
[INFO DRT-0036] via4 guide region query size = 0.
[INFO DRT-0036] met5 guide region query size = 8.
[INFO DRT-0179] Init gr pin query.
[INFO DRT-0245] skipped writing guide updates to database.
[INFO DRT-0185] Post process initialize RPin region query.
[INFO DRT-0181] Start track assignment.
[INFO DRT-0184] Done with 5181 vertical wires in 1 frboxes and 3820 horizontal wires in 1 frboxes.
[INFO DRT-0186] Done with 1022 vertical wires in 1 frboxes and 1069 horizontal wires in 1 frboxes.
[INFO DRT-0182] Complete track assignment.
[INFO DRT-0267] cpu time = 00:00:00, elapsed time = 00:00:00, memory = 176.97 (MB), peak = 176.57 (MB)
[INFO DRT-0187] Start routing data preparation.
[INFO DRT-0267] cpu time = 00:00:00, elapsed time = 00:00:00, memory = 176.97 (MB), peak = 176.57 (MB)
[INFO DRT-0194] Start detail routing.
[INFO DRT-0195] Start 0th optimization iteration.
    Completing 10% with 0 violations.
    elapsed time = 00:00:00, memory = 226.16 (MB).
    Completing 20% with 0 violations.
    elapsed time = 00:00:01, memory = 287.67 (MB).
    Completing 30% with 0 violations.
    elapsed time = 00:00:01, memory = 293.14 (MB).
    Completing 40% with 291 violations.
    elapsed time = 00:00:03, memory = 275.87 (MB).
    Completing 50% with 291 violations.
    elapsed time = 00:00:03, memory = 301.66 (MB).
    Completing 60% with 585 violations.
    elapsed time = 00:00:05, memory = 274.13 (MB).
    Completing 70% with 585 violations.
    elapsed time = 00:00:05, memory = 297.78 (MB).
    Completing 80% with 585 violations.
    elapsed time = 00:00:06, memory = 330.45 (MB).
    Completing 90% with 860 violations.
    elapsed time = 00:00:08, memory = 292.70 (MB).
    Completing 100% with 1067 violations.
    elapsed time = 00:00:09, memory = 252.55 (MB).
[INFO DRT-0199]   Number of violations = 1211.
Viol/Layer         li1   met1   met2   met3   met4
Metal Spacing        2     39    145     26      3
Recheck              0     74     60      8      2
Short                0    410    399     36      7
[INFO DRT-0267] cpu time = 00:00:17, elapsed time = 00:00:09, memory = 508.46 (MB), peak = 520.01 (MB)
Total wire length = 225514 um.
Total wire length on LAYER li1 = 0 um.
Total wire length on LAYER met1 = 79783 um.
Total wire length on LAYER met2 = 85762 um.
Total wire length on LAYER met3 = 37706 um.
Total wire length on LAYER met4 = 21090 um.
Total wire length on LAYER met5 = 1172 um.
Total number of vias = 9133.
Up-via summary (total 9133):.

-----------------------
 FR_MASTERSLICE       0
            li1    2597
           met1    4953
           met2    1068
           met3     499
           met4      16
-----------------------
                   9133


[INFO DRT-0195] Start 1st optimization iteration.
    Completing 10% with 1211 violations.
    elapsed time = 00:00:00, memory = 526.77 (MB).
    Completing 20% with 1211 violations.
    elapsed time = 00:00:01, memory = 580.70 (MB).
    Completing 30% with 1211 violations.
    elapsed time = 00:00:01, memory = 573.57 (MB).
    Completing 40% with 1126 violations.
    elapsed time = 00:00:02, memory = 542.69 (MB).
    Completing 50% with 1126 violations.
    elapsed time = 00:00:03, memory = 560.20 (MB).
    Completing 60% with 968 violations.
    elapsed time = 00:00:04, memory = 529.34 (MB).
    Completing 70% with 968 violations.
    elapsed time = 00:00:05, memory = 557.86 (MB).
    Completing 80% with 968 violations.
    elapsed time = 00:00:06, memory = 576.36 (MB).
    Completing 90% with 827 violations.
    elapsed time = 00:00:07, memory = 549.98 (MB).
    Completing 100% with 595 violations.
    elapsed time = 00:00:08, memory = 504.66 (MB).
[INFO DRT-0199]   Number of violations = 597.
Viol/Layer        met1   met2   met3   met4
Metal Spacing       27     85     15      0
Recheck              2      0      0      0
Short              302    152     11      3
[INFO DRT-0267] cpu time = 00:00:16, elapsed time = 00:00:08, memory = 520.61 (MB), peak = 580.35 (MB)
Total wire length = 225543 um.
Total wire length on LAYER li1 = 0 um.
Total wire length on LAYER met1 = 79887 um.
Total wire length on LAYER met2 = 85861 um.
Total wire length on LAYER met3 = 37541 um.
Total wire length on LAYER met4 = 21071 um.
Total wire length on LAYER met5 = 1182 um.
Total number of vias = 9395.
Up-via summary (total 9395):.

-----------------------
 FR_MASTERSLICE       0
            li1    2597
           met1    5191
           met2    1102
           met3     489
           met4      16
-----------------------
                   9395


[INFO DRT-0195] Start 2nd optimization iteration.
    Completing 10% with 597 violations.
    elapsed time = 00:00:00, memory = 537.63 (MB).
    Completing 20% with 597 violations.
    elapsed time = 00:00:01, memory = 571.41 (MB).
    Completing 30% with 597 violations.
    elapsed time = 00:00:01, memory = 588.28 (MB).
    Completing 40% with 601 violations.
    elapsed time = 00:00:02, memory = 539.21 (MB).
    Completing 50% with 601 violations.
    elapsed time = 00:00:03, memory = 596.60 (MB).
    Completing 60% with 596 violations.
    elapsed time = 00:00:04, memory = 539.70 (MB).
    Completing 70% with 596 violations.
    elapsed time = 00:00:05, memory = 561.15 (MB).
    Completing 80% with 596 violations.
    elapsed time = 00:00:06, memory = 581.57 (MB).
    Completing 90% with 617 violations.
    elapsed time = 00:00:07, memory = 563.74 (MB).
    Completing 100% with 550 violations.
    elapsed time = 00:00:08, memory = 517.57 (MB).
[INFO DRT-0199]   Number of violations = 776.
Viol/Layer        met1   met2   met3   met4
Metal Spacing       37     87     14      1
Recheck              1      0    225      0
Short              268    136      6      1
[INFO DRT-0267] cpu time = 00:00:16, elapsed time = 00:00:08, memory = 521.38 (MB), peak = 613.26 (MB)
Total wire length = 225524 um.
Total wire length on LAYER li1 = 0 um.
Total wire length on LAYER met1 = 79945 um.
Total wire length on LAYER met2 = 85996 um.
Total wire length on LAYER met3 = 37376 um.
Total wire length on LAYER met4 = 21016 um.
Total wire length on LAYER met5 = 1189 um.
Total number of vias = 9528.
Up-via summary (total 9528):.

-----------------------
 FR_MASTERSLICE       0
            li1    2597
           met1    5315
           met2    1112
           met3     488
           met4      16
-----------------------
                   9528


[INFO DRT-0195] Start 3rd optimization iteration.
    Completing 10% with 776 violations.
    elapsed time = 00:00:00, memory = 555.71 (MB).
    Completing 20% with 776 violations.
    elapsed time = 00:00:00, memory = 580.71 (MB).
    Completing 30% with 776 violations.
    elapsed time = 00:00:00, memory = 580.71 (MB).
    Completing 40% with 456 violations.
    elapsed time = 00:00:01, memory = 559.69 (MB).
    Completing 50% with 456 violations.
    elapsed time = 00:00:01, memory = 576.40 (MB).
    Completing 60% with 307 violations.
    elapsed time = 00:00:02, memory = 558.26 (MB).
    Completing 70% with 307 violations.
    elapsed time = 00:00:02, memory = 580.22 (MB).
    Completing 80% with 307 violations.
    elapsed time = 00:00:03, memory = 580.81 (MB).
    Completing 90% with 170 violations.
    elapsed time = 00:00:04, memory = 577.78 (MB).
    Completing 100% with 17 violations.
    elapsed time = 00:00:04, memory = 518.11 (MB).
[INFO DRT-0199]   Number of violations = 17.
Viol/Layer        met1   met2
Metal Spacing        0      4
Short                8      5
[INFO DRT-0267] cpu time = 00:00:08, elapsed time = 00:00:04, memory = 519.98 (MB), peak = 613.26 (MB)
Total wire length = 225739 um.
Total wire length on LAYER li1 = 0 um.
Total wire length on LAYER met1 = 80130 um.
Total wire length on LAYER met2 = 85661 um.
Total wire length on LAYER met3 = 37319 um.
Total wire length on LAYER met4 = 21446 um.
Total wire length on LAYER met5 = 1182 um.
Total number of vias = 9961.
Up-via summary (total 9961):.

-----------------------
 FR_MASTERSLICE       0
            li1    2597
           met1    5643
           met2    1186
           met3     519
           met4      16
-----------------------
                   9961


[INFO DRT-0195] Start 4th optimization iteration.
    Completing 10% with 17 violations.
    elapsed time = 00:00:00, memory = 519.98 (MB).
    Completing 20% with 17 violations.
    elapsed time = 00:00:00, memory = 519.98 (MB).
    Completing 30% with 17 violations.
    elapsed time = 00:00:00, memory = 519.98 (MB).
    Completing 40% with 17 violations.
    elapsed time = 00:00:00, memory = 519.98 (MB).
    Completing 50% with 17 violations.
    elapsed time = 00:00:00, memory = 540.49 (MB).
    Completing 60% with 0 violations.
    elapsed time = 00:00:00, memory = 518.30 (MB).
    Completing 70% with 0 violations.
    elapsed time = 00:00:00, memory = 518.30 (MB).
    Completing 80% with 0 violations.
    elapsed time = 00:00:00, memory = 518.30 (MB).
    Completing 90% with 0 violations.
    elapsed time = 00:00:00, memory = 518.30 (MB).
    Completing 100% with 0 violations.
    elapsed time = 00:00:00, memory = 518.30 (MB).
[INFO DRT-0199]   Number of violations = 0.
[INFO DRT-0267] cpu time = 00:00:00, elapsed time = 00:00:00, memory = 518.30 (MB), peak = 613.26 (MB)
Total wire length = 225734 um.
Total wire length on LAYER li1 = 0 um.
Total wire length on LAYER met1 = 80113 um.
Total wire length on LAYER met2 = 85660 um.
Total wire length on LAYER met3 = 37330 um.
Total wire length on LAYER met4 = 21446 um.
Total wire length on LAYER met5 = 1182 um.
Total number of vias = 9963.
Up-via summary (total 9963):.

-----------------------
 FR_MASTERSLICE       0
            li1    2597
           met1    5643
           met2    1188
           met3     519
           met4      16
-----------------------
                   9963


[INFO DRT-0198] Complete detail routing.
Total wire length = 225734 um.
Total wire length on LAYER li1 = 0 um.
Total wire length on LAYER met1 = 80113 um.
Total wire length on LAYER met2 = 85660 um.
Total wire length on LAYER met3 = 37330 um.
Total wire length on LAYER met4 = 21446 um.
Total wire length on LAYER met5 = 1182 um.
Total number of vias = 9963.
Up-via summary (total 9963):.

-----------------------
 FR_MASTERSLICE       0
            li1    2597
           met1    5643
           met2    1188
           met3     519
           met4      16
-----------------------
                   9963


[INFO DRT-0267] cpu time = 00:00:59, elapsed time = 00:00:31, memory = 518.30 (MB), peak = 613.26 (MB)

[INFO DRT-0180] Post processing.
Setting global connections for newly added cells…
Writing OpenROAD database to '/openlane/designs/part1_alu/runs/RUN_2026.05.15_10.31.42/results/routing/alu.odb'…
Writing netlist to '/openlane/designs/part1_alu/runs/RUN_2026.05.15_10.31.42/results/routing/alu.nl.v'…
Writing powered netlist to '/openlane/designs/part1_alu/runs/RUN_2026.05.15_10.31.42/results/routing/alu.pnl.v'…
Writing layout to '/openlane/designs/part1_alu/runs/RUN_2026.05.15_10.31.42/results/routing/alu.def'…
