
===========================================================================
report_checks -unconstrained
===========================================================================
======================= Typical Corner ===================================

Startpoint: _096_ (rising edge-triggered flip-flop clocked by clk)
Endpoint: _111_ (rising edge-triggered flip-flop clocked by clk)
Path Group: clk
Path Type: max

Fanout     Cap    Slew   Delay    Time   Description
-----------------------------------------------------------------------------
                          0.00    0.00   clock clk (rise edge)
                          0.00    0.00   clock source latency
                  0.28    0.21    0.21 ^ clk (in)
     1    0.06                           clk (net)
                  0.28    0.00    0.21 ^ clkbuf_0_clk/A (sky130_fd_sc_hd__clkbuf_16)
                  0.07    0.23    0.44 ^ clkbuf_0_clk/X (sky130_fd_sc_hd__clkbuf_16)
     2    0.04                           clknet_0_clk (net)
                  0.07    0.00    0.44 ^ clkbuf_1_0__f_clk/A (sky130_fd_sc_hd__clkbuf_16)
                  0.11    0.19    0.63 ^ clkbuf_1_0__f_clk/X (sky130_fd_sc_hd__clkbuf_16)
     9    0.09                           clknet_1_0__leaf_clk (net)
                  0.11    0.01    0.64 ^ _096_/CLK (sky130_fd_sc_hd__dfxtp_2)
                  1.08    1.09    1.73 ^ _096_/Q (sky130_fd_sc_hd__dfxtp_2)
     7    0.22                           pc_out[0] (net)
                  1.08    0.01    1.74 ^ _055_/A (sky130_fd_sc_hd__and4_2)
                  0.36    0.69    2.43 ^ _055_/X (sky130_fd_sc_hd__and4_2)
     1    0.07                           _020_ (net)
                  0.36    0.02    2.45 ^ _056_/A (sky130_fd_sc_hd__buf_1)
                  1.97    1.52    3.97 ^ _056_/X (sky130_fd_sc_hd__buf_1)
     7    0.17                           _021_ (net)
                  1.97    0.03    4.00 ^ _065_/D (sky130_fd_sc_hd__and4_2)
                  0.24    0.61    4.61 ^ _065_/X (sky130_fd_sc_hd__and4_2)
     1    0.04                           _027_ (net)
                  0.24    0.01    4.62 ^ _066_/A (sky130_fd_sc_hd__buf_1)
                  1.66    1.28    5.90 ^ _066_/X (sky130_fd_sc_hd__buf_1)
     6    0.15                           _028_ (net)
                  1.66    0.03    5.93 ^ _073_/D (sky130_fd_sc_hd__and4_2)
                  0.61    0.88    6.81 ^ _073_/X (sky130_fd_sc_hd__and4_2)
     5    0.12                           _032_ (net)
                  0.61    0.01    6.82 ^ _079_/C (sky130_fd_sc_hd__and3_2)
                  0.24    0.45    7.27 ^ _079_/X (sky130_fd_sc_hd__and3_2)
     1    0.04                           _036_ (net)
                  0.24    0.01    7.28 ^ _080_/A (sky130_fd_sc_hd__buf_1)
                  1.80    1.39    8.68 ^ _080_/X (sky130_fd_sc_hd__buf_1)
     9    0.16                           _037_ (net)
                  1.81    0.02    8.70 ^ _092_/C (sky130_fd_sc_hd__nand4_2)
                  0.47    0.56    9.26 v _092_/Y (sky130_fd_sc_hd__nand4_2)
     1    0.04                           _045_ (net)
                  0.47    0.00    9.26 v _094_/B (sky130_fd_sc_hd__and3b_2)
                  0.24    0.58    9.84 v _094_/X (sky130_fd_sc_hd__and3b_2)
     1    0.09                           _047_ (net)
                  0.24    0.04    9.88 v _095_/A (sky130_fd_sc_hd__buf_1)
                  0.24    0.34   10.22 v _095_/X (sky130_fd_sc_hd__buf_1)
     1    0.04                           _015_ (net)
                  0.24    0.01   10.22 v _111_/D (sky130_fd_sc_hd__dfxtp_2)
                                 10.22   data arrival time

                         10.00   10.00   clock clk (rise edge)
                          0.00   10.00   clock source latency
                  0.28    0.19   10.19 ^ clk (in)
     1    0.06                           clk (net)
                  0.28    0.00   10.19 ^ clkbuf_0_clk/A (sky130_fd_sc_hd__clkbuf_16)
                  0.07    0.21   10.40 ^ clkbuf_0_clk/X (sky130_fd_sc_hd__clkbuf_16)
     2    0.04                           clknet_0_clk (net)
                  0.07    0.00   10.40 ^ clkbuf_1_1__f_clk/A (sky130_fd_sc_hd__clkbuf_16)
                  0.10    0.17   10.57 ^ clkbuf_1_1__f_clk/X (sky130_fd_sc_hd__clkbuf_16)
     7    0.09                           clknet_1_1__leaf_clk (net)
                  0.10    0.00   10.58 ^ _111_/CLK (sky130_fd_sc_hd__dfxtp_2)
                         -0.25   10.33   clock uncertainty
                          0.04   10.37   clock reconvergence pessimism
                         -0.18   10.19   library setup time
                                 10.19   data required time
-----------------------------------------------------------------------------
                                 10.19   data required time
                                -10.22   data arrival time
-----------------------------------------------------------------------------
                                 -0.04   slack (VIOLATED)




===========================================================================
report_checks --slack_max -0.01
============================================================================
======================= Typical Corner ===================================

Startpoint: _096_ (rising edge-triggered flip-flop clocked by clk)
Endpoint: _111_ (rising edge-triggered flip-flop clocked by clk)
Path Group: clk
Path Type: max

Fanout     Cap    Slew   Delay    Time   Description
-----------------------------------------------------------------------------
                          0.00    0.00   clock clk (rise edge)
                          0.00    0.00   clock source latency
                  0.28    0.21    0.21 ^ clk (in)
     1    0.06                           clk (net)
                  0.28    0.00    0.21 ^ clkbuf_0_clk/A (sky130_fd_sc_hd__clkbuf_16)
                  0.07    0.23    0.44 ^ clkbuf_0_clk/X (sky130_fd_sc_hd__clkbuf_16)
     2    0.04                           clknet_0_clk (net)
                  0.07    0.00    0.44 ^ clkbuf_1_0__f_clk/A (sky130_fd_sc_hd__clkbuf_16)
                  0.11    0.19    0.63 ^ clkbuf_1_0__f_clk/X (sky130_fd_sc_hd__clkbuf_16)
     9    0.09                           clknet_1_0__leaf_clk (net)
                  0.11    0.01    0.64 ^ _096_/CLK (sky130_fd_sc_hd__dfxtp_2)
                  1.08    1.09    1.73 ^ _096_/Q (sky130_fd_sc_hd__dfxtp_2)
     7    0.22                           pc_out[0] (net)
                  1.08    0.01    1.74 ^ _055_/A (sky130_fd_sc_hd__and4_2)
                  0.36    0.69    2.43 ^ _055_/X (sky130_fd_sc_hd__and4_2)
     1    0.07                           _020_ (net)
                  0.36    0.02    2.45 ^ _056_/A (sky130_fd_sc_hd__buf_1)
                  1.97    1.52    3.97 ^ _056_/X (sky130_fd_sc_hd__buf_1)
     7    0.17                           _021_ (net)
                  1.97    0.03    4.00 ^ _065_/D (sky130_fd_sc_hd__and4_2)
                  0.24    0.61    4.61 ^ _065_/X (sky130_fd_sc_hd__and4_2)
     1    0.04                           _027_ (net)
                  0.24    0.01    4.62 ^ _066_/A (sky130_fd_sc_hd__buf_1)
                  1.66    1.28    5.90 ^ _066_/X (sky130_fd_sc_hd__buf_1)
     6    0.15                           _028_ (net)
                  1.66    0.03    5.93 ^ _073_/D (sky130_fd_sc_hd__and4_2)
                  0.61    0.88    6.81 ^ _073_/X (sky130_fd_sc_hd__and4_2)
     5    0.12                           _032_ (net)
                  0.61    0.01    6.82 ^ _079_/C (sky130_fd_sc_hd__and3_2)
                  0.24    0.45    7.27 ^ _079_/X (sky130_fd_sc_hd__and3_2)
     1    0.04                           _036_ (net)
                  0.24    0.01    7.28 ^ _080_/A (sky130_fd_sc_hd__buf_1)
                  1.80    1.39    8.68 ^ _080_/X (sky130_fd_sc_hd__buf_1)
     9    0.16                           _037_ (net)
                  1.81    0.02    8.70 ^ _092_/C (sky130_fd_sc_hd__nand4_2)
                  0.47    0.56    9.26 v _092_/Y (sky130_fd_sc_hd__nand4_2)
     1    0.04                           _045_ (net)
                  0.47    0.00    9.26 v _094_/B (sky130_fd_sc_hd__and3b_2)
                  0.24    0.58    9.84 v _094_/X (sky130_fd_sc_hd__and3b_2)
     1    0.09                           _047_ (net)
                  0.24    0.04    9.88 v _095_/A (sky130_fd_sc_hd__buf_1)
                  0.24    0.34   10.22 v _095_/X (sky130_fd_sc_hd__buf_1)
     1    0.04                           _015_ (net)
                  0.24    0.01   10.22 v _111_/D (sky130_fd_sc_hd__dfxtp_2)
                                 10.22   data arrival time

                         10.00   10.00   clock clk (rise edge)
                          0.00   10.00   clock source latency
                  0.28    0.19   10.19 ^ clk (in)
     1    0.06                           clk (net)
                  0.28    0.00   10.19 ^ clkbuf_0_clk/A (sky130_fd_sc_hd__clkbuf_16)
                  0.07    0.21   10.40 ^ clkbuf_0_clk/X (sky130_fd_sc_hd__clkbuf_16)
     2    0.04                           clknet_0_clk (net)
                  0.07    0.00   10.40 ^ clkbuf_1_1__f_clk/A (sky130_fd_sc_hd__clkbuf_16)
                  0.10    0.17   10.57 ^ clkbuf_1_1__f_clk/X (sky130_fd_sc_hd__clkbuf_16)
     7    0.09                           clknet_1_1__leaf_clk (net)
                  0.10    0.00   10.58 ^ _111_/CLK (sky130_fd_sc_hd__dfxtp_2)
                         -0.25   10.33   clock uncertainty
                          0.04   10.37   clock reconvergence pessimism
                         -0.18   10.19   library setup time
                                 10.19   data required time
-----------------------------------------------------------------------------
                                 10.19   data required time
                                -10.22   data arrival time
-----------------------------------------------------------------------------
                                 -0.04   slack (VIOLATED)




===========================================================================
 report_check_types -max_slew -max_cap -max_fanout -violators
============================================================================
======================= Typical Corner ===================================

max slew

Pin                                    Limit    Slew   Slack
------------------------------------------------------------
_072_/A                                 0.75    2.31   -1.56 (VIOLATED)
_059_/B1                                0.75    2.31   -1.56 (VIOLATED)
_049_/B                                 0.75    2.31   -1.56 (VIOLATED)
_067_/A                                 0.75    2.31   -1.56 (VIOLATED)
_087_/C1                                0.75    2.31   -1.56 (VIOLATED)
_076_/B1                                0.75    2.31   -1.56 (VIOLATED)
_050_/B1                                0.75    2.31   -1.56 (VIOLATED)
_068_/B1                                0.75    2.31   -1.56 (VIOLATED)
_081_/A                                 0.75    2.31   -1.56 (VIOLATED)
_054_/A                                 0.75    2.31   -1.56 (VIOLATED)
_048_/X                                 0.75    2.31   -1.56 (VIOLATED)
_064_/A3                                0.75    1.97   -1.22 (VIOLATED)
_059_/A2                                0.75    1.97   -1.22 (VIOLATED)
_061_/A2                                0.75    1.97   -1.22 (VIOLATED)
_065_/D                                 0.75    1.97   -1.22 (VIOLATED)
_060_/A2                                0.75    1.97   -1.22 (VIOLATED)
_062_/A3                                0.75    1.97   -1.22 (VIOLATED)
_057_/B                                 0.75    1.97   -1.22 (VIOLATED)
_056_/X                                 0.75    1.97   -1.22 (VIOLATED)
_083_/A2                                0.75    1.81   -1.06 (VIOLATED)
_081_/C                                 0.75    1.81   -1.06 (VIOLATED)
_087_/B2                                0.75    1.81   -1.06 (VIOLATED)
_088_/A2                                0.75    1.81   -1.06 (VIOLATED)
_092_/C                                 0.75    1.81   -1.06 (VIOLATED)
_089_/A1                                0.75    1.80   -1.05 (VIOLATED)
_093_/A2                                0.75    1.80   -1.05 (VIOLATED)
_082_/A2                                0.75    1.80   -1.05 (VIOLATED)
_085_/B                                 0.75    1.80   -1.05 (VIOLATED)
_080_/X                                 0.75    1.80   -1.05 (VIOLATED)
_070_/A2                                0.75    1.66   -0.91 (VIOLATED)
_071_/C                                 0.75    1.66   -0.91 (VIOLATED)
_069_/A2                                0.75    1.66   -0.91 (VIOLATED)
_067_/C                                 0.75    1.66   -0.91 (VIOLATED)
_073_/D                                 0.75    1.66   -0.91 (VIOLATED)
_068_/A2                                0.75    1.66   -0.91 (VIOLATED)
_066_/X                                 0.75    1.66   -0.91 (VIOLATED)
_083_/B1                                0.75    1.13   -0.38 (VIOLATED)
_082_/Y                                 0.75    1.13   -0.38 (VIOLATED)
pc_out[0]                               0.75    1.09   -0.34 (VIOLATED)
_051_/A1                                0.75    1.08   -0.33 (VIOLATED)
_050_/A1                                0.75    1.08   -0.33 (VIOLATED)
_052_/A                                 0.75    1.08   -0.33 (VIOLATED)
_053_/A1                                0.75    1.08   -0.33 (VIOLATED)
_049_/A                                 0.75    1.08   -0.33 (VIOLATED)
_055_/A                                 0.75    1.08   -0.33 (VIOLATED)
_096_/Q                                 0.75    1.08   -0.33 (VIOLATED)
_059_/A1                                0.75    1.07   -0.32 (VIOLATED)
_060_/A1                                0.75    1.07   -0.32 (VIOLATED)
pc_out[4]                               0.75    1.07   -0.32 (VIOLATED)
_064_/A1                                0.75    1.06   -0.31 (VIOLATED)
_062_/A1                                0.75    1.06   -0.31 (VIOLATED)
_065_/A                                 0.75    1.06   -0.31 (VIOLATED)
_061_/A1                                0.75    1.06   -0.31 (VIOLATED)
_100_/Q                                 0.75    1.06   -0.31 (VIOLATED)
pc_out[7]                               0.75    1.01   -0.26 (VIOLATED)
_068_/A1                                0.75    1.01   -0.26 (VIOLATED)
_069_/A1                                0.75    1.01   -0.26 (VIOLATED)
_073_/A                                 0.75    1.01   -0.26 (VIOLATED)
_070_/A1                                0.75    1.01   -0.26 (VIOLATED)
_071_/A                                 0.75    1.01   -0.26 (VIOLATED)
_103_/Q                                 0.75    1.01   -0.26 (VIOLATED)
pc_out[2]                               0.75    0.94   -0.19 (VIOLATED)
_052_/C                                 0.75    0.93   -0.18 (VIOLATED)
_053_/B1                                0.75    0.93   -0.18 (VIOLATED)
_055_/C                                 0.75    0.93   -0.18 (VIOLATED)
_098_/Q                                 0.75    0.93   -0.18 (VIOLATED)
pc_out[10]                              0.75    0.93   -0.18 (VIOLATED)
_098_/D                                 0.75    0.93   -0.18 (VIOLATED)
pc_out[1]                               0.75    0.93   -0.18 (VIOLATED)
_054_/Y                                 0.75    0.93   -0.18 (VIOLATED)
_052_/B                                 0.75    0.93   -0.18 (VIOLATED)
_050_/A2                                0.75    0.93   -0.18 (VIOLATED)
_079_/A                                 0.75    0.93   -0.18 (VIOLATED)
_051_/A2                                0.75    0.92   -0.17 (VIOLATED)
_055_/B                                 0.75    0.92   -0.17 (VIOLATED)
_053_/A2                                0.75    0.92   -0.17 (VIOLATED)
_097_/Q                                 0.75    0.92   -0.17 (VIOLATED)
_076_/A1                                0.75    0.92   -0.17 (VIOLATED)
_077_/A1                                0.75    0.92   -0.17 (VIOLATED)
_078_/A1                                0.75    0.92   -0.17 (VIOLATED)
_106_/Q                                 0.75    0.92   -0.17 (VIOLATED)
_081_/B                                 0.75    0.89   -0.14 (VIOLATED)
_078_/Y                                 0.75    0.89   -0.14 (VIOLATED)
pc_out[12]                              0.75    0.86   -0.11 (VIOLATED)
_083_/A1                                0.75    0.86   -0.11 (VIOLATED)
_082_/A1                                0.75    0.86   -0.11 (VIOLATED)
_085_/A                                 0.75    0.86   -0.11 (VIOLATED)
_086_/A                                 0.75    0.86   -0.11 (VIOLATED)
_108_/Q                                 0.75    0.86   -0.11 (VIOLATED)
_069_/B1                                0.75    0.84   -0.09 (VIOLATED)
_068_/Y                                 0.75    0.84   -0.09 (VIOLATED)
pc_out[5]                               0.75    0.77   -0.02 (VIOLATED)
_062_/A2                                0.75    0.77   -0.02 (VIOLATED)
_064_/A2                                0.75    0.77   -0.02 (VIOLATED)
_061_/B1                                0.75    0.77   -0.02 (VIOLATED)
_065_/B                                 0.75    0.77   -0.02 (VIOLATED)
_101_/Q                                 0.75    0.77   -0.02 (VIOLATED)
_057_/A                                 0.75    0.76   -0.01 (VIOLATED)
_048_/A                                 0.75    0.76   -0.01 (VIOLATED)
_062_/B1                                0.75    0.76   -0.01 (VIOLATED)
_088_/B1                                0.75    0.76   -0.01 (VIOLATED)
_074_/A                                 0.75    0.75   -0.00 (VIOLATED)
_082_/B1                                0.75    0.75   -0.00 (VIOLATED)
_094_/A_N                               0.75    0.75   -0.00 (VIOLATED)
rst                                     0.75    0.75   -0.00 (VIOLATED)

max capacitance

Pin                                    Limit     Cap   Slack
------------------------------------------------------------
_048_/X                                 0.13    0.20   -0.07 (VIOLATED)
_056_/X                                 0.13    0.17   -0.04 (VIOLATED)
_080_/X                                 0.13    0.16   -0.03 (VIOLATED)
_066_/X                                 0.13    0.15   -0.02 (VIOLATED)



===========================================================================
report_parasitic_annotation -report_unannotated
============================================================================
Found 8 unannotated drivers.
 _112_/HI
 _113_/HI
 _114_/HI
 _115_/HI
 _116_/HI
 _117_/HI
 _118_/HI
 _119_/HI
Found 0 partially unannotated drivers.

===========================================================================
max slew violation count 105
max fanout violation count 0
max cap violation count 4
============================================================================

===========================================================================
check_setup -verbose -unconstrained_endpoints -multiple_clock -no_clock -no_input_delay -loops -generated_clocks
===========================================================================
Warning: There are 8 unconstrained endpoints.
  result[0]
  result[1]
  result[2]
  result[3]
  result[4]
  result[5]
  result[6]
  result[7]
