
===========================================================================
report_checks -path_delay min (Hold)
============================================================================
======================= Typical Corner ===================================

Startpoint: op[1] (input port clocked by __VIRTUAL_CLK__)
Endpoint: Y[6] (output port clocked by __VIRTUAL_CLK__)
Path Group: __VIRTUAL_CLK__
Path Type: min

Fanout     Cap    Slew   Delay    Time   Description
-----------------------------------------------------------------------------
                  0.00    0.00    0.00   clock __VIRTUAL_CLK__ (rise edge)
                          0.00    0.00   clock network delay (ideal)
                          2.00    2.00 ^ input external delay
                  0.10    0.06    2.06 ^ op[1] (in)
     7    0.02                           op[1] (net)
                  0.10    0.00    2.06 ^ _0944_/A (sky130_fd_sc_hd__or3b_2)
                  0.09    0.16    2.22 ^ _0944_/X (sky130_fd_sc_hd__or3b_2)
     5    0.01                           _0216_ (net)
                  0.09    0.00    2.22 ^ _1104_/A1 (sky130_fd_sc_hd__o21ai_2)
                  0.14    0.14    2.37 v _1104_/Y (sky130_fd_sc_hd__o21ai_2)
     2    0.04                           Y[6] (net)
                  0.14    0.00    2.37 v Y[6] (out)
                                  2.37   data arrival time

                  0.00    0.00    0.00   clock __VIRTUAL_CLK__ (rise edge)
                          0.00    0.00   clock network delay (ideal)
                          0.25    0.25   clock uncertainty
                          0.00    0.25   clock reconvergence pessimism
                         -2.00   -1.75   output external delay
                                 -1.75   data required time
-----------------------------------------------------------------------------
                                 -1.75   data required time
                                 -2.37   data arrival time
-----------------------------------------------------------------------------
                                  4.12   slack (MET)


Startpoint: op[0] (input port clocked by __VIRTUAL_CLK__)
Endpoint: carry (output port clocked by __VIRTUAL_CLK__)
Path Group: __VIRTUAL_CLK__
Path Type: min

Fanout     Cap    Slew   Delay    Time   Description
-----------------------------------------------------------------------------
                  0.00    0.00    0.00   clock __VIRTUAL_CLK__ (rise edge)
                          0.00    0.00   clock network delay (ideal)
                          2.00    2.00 ^ input external delay
                  0.10    0.06    2.06 ^ op[0] (in)
    10    0.02                           op[0] (net)
                  0.10    0.00    2.06 ^ _1118_/B (sky130_fd_sc_hd__nor3_2)
                  0.04    0.06    2.12 v _1118_/Y (sky130_fd_sc_hd__nor3_2)
     3    0.01                           _0395_ (net)
                  0.04    0.00    2.12 v _1348_/A1 (sky130_fd_sc_hd__a31o_2)
                  0.10    0.26    2.38 v _1348_/X (sky130_fd_sc_hd__a31o_2)
     1    0.03                           carry (net)
                  0.10    0.00    2.38 v carry (out)
                                  2.38   data arrival time

                  0.00    0.00    0.00   clock __VIRTUAL_CLK__ (rise edge)
                          0.00    0.00   clock network delay (ideal)
                          0.25    0.25   clock uncertainty
                          0.00    0.25   clock reconvergence pessimism
                         -2.00   -1.75   output external delay
                                 -1.75   data required time
-----------------------------------------------------------------------------
                                 -1.75   data required time
                                 -2.38   data arrival time
-----------------------------------------------------------------------------
                                  4.13   slack (MET)


Startpoint: op[1] (input port clocked by __VIRTUAL_CLK__)
Endpoint: Y[2] (output port clocked by __VIRTUAL_CLK__)
Path Group: __VIRTUAL_CLK__
Path Type: min

Fanout     Cap    Slew   Delay    Time   Description
-----------------------------------------------------------------------------
                  0.00    0.00    0.00   clock __VIRTUAL_CLK__ (rise edge)
                          0.00    0.00   clock network delay (ideal)
                          2.00    2.00 v input external delay
                  0.04    0.03    2.03 v op[1] (in)
     7    0.02                           op[1] (net)
                  0.04    0.00    2.03 v _0888_/A (sky130_fd_sc_hd__and4_2)
                  0.05    0.18    2.21 v _0888_/X (sky130_fd_sc_hd__and4_2)
     3    0.01                           _0162_ (net)
                  0.05    0.00    2.21 v _0889_/A (sky130_fd_sc_hd__inv_2)
                  0.09    0.08    2.29 ^ _0889_/Y (sky130_fd_sc_hd__inv_2)
     6    0.02                           _0163_ (net)
                  0.09    0.00    2.29 ^ _0949_/A2 (sky130_fd_sc_hd__o21ai_2)
                  0.14    0.14    2.43 v _0949_/Y (sky130_fd_sc_hd__o21ai_2)
     2    0.04                           Y[2] (net)
                  0.14    0.00    2.43 v Y[2] (out)
                                  2.43   data arrival time

                  0.00    0.00    0.00   clock __VIRTUAL_CLK__ (rise edge)
                          0.00    0.00   clock network delay (ideal)
                          0.25    0.25   clock uncertainty
                          0.00    0.25   clock reconvergence pessimism
                         -2.00   -1.75   output external delay
                                 -1.75   data required time
-----------------------------------------------------------------------------
                                 -1.75   data required time
                                 -2.43   data arrival time
-----------------------------------------------------------------------------
                                  4.18   slack (MET)


Startpoint: op[0] (input port clocked by __VIRTUAL_CLK__)
Endpoint: Y[1] (output port clocked by __VIRTUAL_CLK__)
Path Group: __VIRTUAL_CLK__
Path Type: min

Fanout     Cap    Slew   Delay    Time   Description
-----------------------------------------------------------------------------
                  0.00    0.00    0.00   clock __VIRTUAL_CLK__ (rise edge)
                          0.00    0.00   clock network delay (ideal)
                          2.00    2.00 ^ input external delay
                  0.10    0.06    2.06 ^ op[0] (in)
    10    0.02                           op[0] (net)
                  0.10    0.00    2.06 ^ _0912_/B (sky130_fd_sc_hd__or3_2)
                  0.10    0.16    2.23 ^ _0912_/X (sky130_fd_sc_hd__or3_2)
     7    0.02                           _0185_ (net)
                  0.10    0.00    2.23 ^ _0925_/B2 (sky130_fd_sc_hd__o22a_2)
                  0.18    0.24    2.46 ^ _0925_/X (sky130_fd_sc_hd__o22a_2)
     2    0.03                           Y[1] (net)
                  0.18    0.00    2.46 ^ Y[1] (out)
                                  2.46   data arrival time

                  0.00    0.00    0.00   clock __VIRTUAL_CLK__ (rise edge)
                          0.00    0.00   clock network delay (ideal)
                          0.25    0.25   clock uncertainty
                          0.00    0.25   clock reconvergence pessimism
                         -2.00   -1.75   output external delay
                                 -1.75   data required time
-----------------------------------------------------------------------------
                                 -1.75   data required time
                                 -2.46   data arrival time
-----------------------------------------------------------------------------
                                  4.21   slack (MET)


Startpoint: op[2] (input port clocked by __VIRTUAL_CLK__)
Endpoint: overflow (output port clocked by __VIRTUAL_CLK__)
Path Group: __VIRTUAL_CLK__
Path Type: min

Fanout     Cap    Slew   Delay    Time   Description
-----------------------------------------------------------------------------
                  0.00    0.00    0.00   clock __VIRTUAL_CLK__ (rise edge)
                          0.00    0.00   clock network delay (ideal)
                          2.00    2.00 v input external delay
                  0.05    0.03    2.03 v op[2] (in)
     9    0.02                           op[2] (net)
                  0.05    0.00    2.03 v _1118_/C (sky130_fd_sc_hd__nor3_2)
                  0.18    0.14    2.17 ^ _1118_/Y (sky130_fd_sc_hd__nor3_2)
     3    0.01                           _0395_ (net)
                  0.18    0.00    2.17 ^ _1346_/A1 (sky130_fd_sc_hd__a311o_2)
                  0.18    0.30    2.47 ^ _1346_/X (sky130_fd_sc_hd__a311o_2)
     1    0.03                           overflow (net)
                  0.18    0.00    2.47 ^ overflow (out)
                                  2.47   data arrival time

                  0.00    0.00    0.00   clock __VIRTUAL_CLK__ (rise edge)
                          0.00    0.00   clock network delay (ideal)
                          0.25    0.25   clock uncertainty
                          0.00    0.25   clock reconvergence pessimism
                         -2.00   -1.75   output external delay
                                 -1.75   data required time
-----------------------------------------------------------------------------
                                 -1.75   data required time
                                 -2.47   data arrival time
-----------------------------------------------------------------------------
                                  4.22   slack (MET)


Startpoint: A[7] (input port clocked by __VIRTUAL_CLK__)
Endpoint: Y[15] (output port clocked by __VIRTUAL_CLK__)
Path Group: __VIRTUAL_CLK__
Path Type: min

Fanout     Cap    Slew   Delay    Time   Description
-----------------------------------------------------------------------------
                  0.00    0.00    0.00   clock __VIRTUAL_CLK__ (rise edge)
                          0.00    0.00   clock network delay (ideal)
                          2.00    2.00 v input external delay
                  0.04    0.03    2.03 v A[7] (in)
     6    0.02                           A[7] (net)
                  0.04    0.00    2.03 v _0687_/A (sky130_fd_sc_hd__inv_2)
                  0.06    0.07    2.09 ^ _0687_/Y (sky130_fd_sc_hd__inv_2)
     6    0.01                           _0532_ (net)
                  0.06    0.00    2.09 ^ _1312_/A (sky130_fd_sc_hd__or4b_2)
                  0.05    0.12    2.21 ^ _1312_/X (sky130_fd_sc_hd__or4b_2)
     2    0.01                           _0602_ (net)
                  0.05    0.00    2.21 ^ _1331_/A (sky130_fd_sc_hd__and3_2)
                  0.07    0.18    2.39 ^ _1331_/X (sky130_fd_sc_hd__and3_2)
     2    0.01                           _0621_ (net)
                  0.07    0.00    2.39 ^ _1332_/B (sky130_fd_sc_hd__nor2_2)
                  0.08    0.09    2.48 v _1332_/Y (sky130_fd_sc_hd__nor2_2)
     2    0.03                           Y[15] (net)
                  0.08    0.00    2.48 v Y[15] (out)
                                  2.48   data arrival time

                  0.00    0.00    0.00   clock __VIRTUAL_CLK__ (rise edge)
                          0.00    0.00   clock network delay (ideal)
                          0.25    0.25   clock uncertainty
                          0.00    0.25   clock reconvergence pessimism
                         -2.00   -1.75   output external delay
                                 -1.75   data required time
-----------------------------------------------------------------------------
                                 -1.75   data required time
                                 -2.48   data arrival time
-----------------------------------------------------------------------------
                                  4.23   slack (MET)


Startpoint: op[1] (input port clocked by __VIRTUAL_CLK__)
Endpoint: Y[5] (output port clocked by __VIRTUAL_CLK__)
Path Group: __VIRTUAL_CLK__
Path Type: min

Fanout     Cap    Slew   Delay    Time   Description
-----------------------------------------------------------------------------
                  0.00    0.00    0.00   clock __VIRTUAL_CLK__ (rise edge)
                          0.00    0.00   clock network delay (ideal)
                          2.00    2.00 v input external delay
                  0.04    0.03    2.03 v op[1] (in)
     7    0.02                           op[1] (net)
                  0.04    0.00    2.03 v _0972_/A (sky130_fd_sc_hd__nor2_2)
                  0.12    0.12    2.15 ^ _0972_/Y (sky130_fd_sc_hd__nor2_2)
     3    0.01                           _0243_ (net)
                  0.12    0.00    2.15 ^ _1021_/A1 (sky130_fd_sc_hd__a221oi_2)
                  0.05    0.07    2.22 v _1021_/Y (sky130_fd_sc_hd__a221oi_2)
     1    0.00                           _0290_ (net)
                  0.05    0.00    2.22 v _1050_/B1 (sky130_fd_sc_hd__o311a_2)
                  0.03    0.13    2.34 v _1050_/X (sky130_fd_sc_hd__o311a_2)
     1    0.00                           _0322_ (net)
                  0.03    0.00    2.34 v _1056_/A (sky130_fd_sc_hd__nand2_2)
                  0.19    0.15    2.49 ^ _1056_/Y (sky130_fd_sc_hd__nand2_2)
     2    0.03                           Y[5] (net)
                  0.19    0.00    2.49 ^ Y[5] (out)
                                  2.49   data arrival time

                  0.00    0.00    0.00   clock __VIRTUAL_CLK__ (rise edge)
                          0.00    0.00   clock network delay (ideal)
                          0.25    0.25   clock uncertainty
                          0.00    0.25   clock reconvergence pessimism
                         -2.00   -1.75   output external delay
                                 -1.75   data required time
-----------------------------------------------------------------------------
                                 -1.75   data required time
                                 -2.49   data arrival time
-----------------------------------------------------------------------------
                                  4.24   slack (MET)


Startpoint: op[0] (input port clocked by __VIRTUAL_CLK__)
Endpoint: Y[7] (output port clocked by __VIRTUAL_CLK__)
Path Group: __VIRTUAL_CLK__
Path Type: min

Fanout     Cap    Slew   Delay    Time   Description
-----------------------------------------------------------------------------
                  0.00    0.00    0.00   clock __VIRTUAL_CLK__ (rise edge)
                          0.00    0.00   clock network delay (ideal)
                          2.00    2.00 ^ input external delay
                  0.10    0.06    2.06 ^ op[0] (in)
    10    0.02                           op[0] (net)
                  0.10    0.00    2.06 ^ _1121_/C1 (sky130_fd_sc_hd__o2111a_2)
                  0.04    0.17    2.24 ^ _1121_/X (sky130_fd_sc_hd__o2111a_2)
     1    0.00                           _0398_ (net)
                  0.04    0.00    2.24 ^ _1123_/C (sky130_fd_sc_hd__or4b_2)
                  0.03    0.09    2.33 ^ _1123_/X (sky130_fd_sc_hd__or4b_2)
     1    0.00                           _0400_ (net)
                  0.03    0.00    2.33 ^ _1166_/B1 (sky130_fd_sc_hd__a211o_2)
                  0.18    0.19    2.52 ^ _1166_/X (sky130_fd_sc_hd__a211o_2)
     3    0.04                           Y[7] (net)
                  0.18    0.00    2.52 ^ Y[7] (out)
                                  2.52   data arrival time

                  0.00    0.00    0.00   clock __VIRTUAL_CLK__ (rise edge)
                          0.00    0.00   clock network delay (ideal)
                          0.25    0.25   clock uncertainty
                          0.00    0.25   clock reconvergence pessimism
                         -2.00   -1.75   output external delay
                                 -1.75   data required time
-----------------------------------------------------------------------------
                                 -1.75   data required time
                                 -2.52   data arrival time
-----------------------------------------------------------------------------
                                  4.27   slack (MET)


Startpoint: op[2] (input port clocked by __VIRTUAL_CLK__)
Endpoint: Y[0] (output port clocked by __VIRTUAL_CLK__)
Path Group: __VIRTUAL_CLK__
Path Type: min

Fanout     Cap    Slew   Delay    Time   Description
-----------------------------------------------------------------------------
                  0.00    0.00    0.00   clock __VIRTUAL_CLK__ (rise edge)
                          0.00    0.00   clock network delay (ideal)
                          2.00    2.00 v input external delay
                  0.05    0.03    2.03 v op[2] (in)
     9    0.02                           op[2] (net)
                  0.05    0.00    2.03 v _0904_/B (sky130_fd_sc_hd__nand2_2)
                  0.07    0.09    2.12 ^ _0904_/Y (sky130_fd_sc_hd__nand2_2)
     5    0.01                           _0178_ (net)
                  0.07    0.00    2.12 ^ _0905_/A2 (sky130_fd_sc_hd__a21o_2)
                  0.03    0.11    2.23 ^ _0905_/X (sky130_fd_sc_hd__a21o_2)
     1    0.00                           _0179_ (net)
                  0.03    0.00    2.23 ^ _0906_/C1 (sky130_fd_sc_hd__o221a_2)
                  0.06    0.16    2.40 ^ _0906_/X (sky130_fd_sc_hd__o221a_2)
     2    0.01                           _0180_ (net)
                  0.06    0.00    2.40 ^ _0907_/B (sky130_fd_sc_hd__nand2_2)
                  0.14    0.13    2.52 v _0907_/Y (sky130_fd_sc_hd__nand2_2)
     1    0.03                           Y[0] (net)
                  0.14    0.00    2.52 v Y[0] (out)
                                  2.52   data arrival time

                  0.00    0.00    0.00   clock __VIRTUAL_CLK__ (rise edge)
                          0.00    0.00   clock network delay (ideal)
                          0.25    0.25   clock uncertainty
                          0.00    0.25   clock reconvergence pessimism
                         -2.00   -1.75   output external delay
                                 -1.75   data required time
-----------------------------------------------------------------------------
                                 -1.75   data required time
                                 -2.52   data arrival time
-----------------------------------------------------------------------------
                                  4.27   slack (MET)


Startpoint: op[0] (input port clocked by __VIRTUAL_CLK__)
Endpoint: Y[3] (output port clocked by __VIRTUAL_CLK__)
Path Group: __VIRTUAL_CLK__
Path Type: min

Fanout     Cap    Slew   Delay    Time   Description
-----------------------------------------------------------------------------
                  0.00    0.00    0.00   clock __VIRTUAL_CLK__ (rise edge)
                          0.00    0.00   clock network delay (ideal)
                          2.00    2.00 ^ input external delay
                  0.10    0.06    2.06 ^ op[0] (in)
    10    0.02                           op[0] (net)
                  0.10    0.00    2.06 ^ _0912_/B (sky130_fd_sc_hd__or3_2)
                  0.10    0.16    2.23 ^ _0912_/X (sky130_fd_sc_hd__or3_2)
     7    0.02                           _0185_ (net)
                  0.10    0.00    2.23 ^ _0976_/B1 (sky130_fd_sc_hd__o221a_2)
                  0.05    0.19    2.41 ^ _0976_/X (sky130_fd_sc_hd__o221a_2)
     1    0.00                           _0247_ (net)
                  0.05    0.00    2.41 ^ _0977_/B1 (sky130_fd_sc_hd__o31ai_2)
                  0.14    0.15    2.56 v _0977_/Y (sky130_fd_sc_hd__o31ai_2)
     2    0.03                           Y[3] (net)
                  0.14    0.00    2.56 v Y[3] (out)
                                  2.56   data arrival time

                  0.00    0.00    0.00   clock __VIRTUAL_CLK__ (rise edge)
                          0.00    0.00   clock network delay (ideal)
                          0.25    0.25   clock uncertainty
                          0.00    0.25   clock reconvergence pessimism
                         -2.00   -1.75   output external delay
                                 -1.75   data required time
-----------------------------------------------------------------------------
                                 -1.75   data required time
                                 -2.56   data arrival time
-----------------------------------------------------------------------------
                                  4.31   slack (MET)


Startpoint: op[0] (input port clocked by __VIRTUAL_CLK__)
Endpoint: Y[8] (output port clocked by __VIRTUAL_CLK__)
Path Group: __VIRTUAL_CLK__
Path Type: min

Fanout     Cap    Slew   Delay    Time   Description
-----------------------------------------------------------------------------
                  0.00    0.00    0.00   clock __VIRTUAL_CLK__ (rise edge)
                          0.00    0.00   clock network delay (ideal)
                          2.00    2.00 ^ input external delay
                  0.10    0.06    2.06 ^ op[0] (in)
    10    0.02                           op[0] (net)
                  0.10    0.00    2.06 ^ _0901_/B (sky130_fd_sc_hd__or3_2)
                  0.03    0.11    2.17 ^ _0901_/X (sky130_fd_sc_hd__or3_2)
     1    0.00                           _0175_ (net)
                  0.03    0.00    2.17 ^ _0902_/A (sky130_fd_sc_hd__buf_1)
                  0.31    0.25    2.42 ^ _0902_/X (sky130_fd_sc_hd__buf_1)
     8    0.03                           _0176_ (net)
                  0.31    0.00    2.42 ^ _1205_/A (sky130_fd_sc_hd__nor2_2)
                  0.08    0.16    2.58 v _1205_/Y (sky130_fd_sc_hd__nor2_2)
     2    0.03                           Y[8] (net)
                  0.08    0.00    2.58 v Y[8] (out)
                                  2.58   data arrival time

                  0.00    0.00    0.00   clock __VIRTUAL_CLK__ (rise edge)
                          0.00    0.00   clock network delay (ideal)
                          0.25    0.25   clock uncertainty
                          0.00    0.25   clock reconvergence pessimism
                         -2.00   -1.75   output external delay
                                 -1.75   data required time
-----------------------------------------------------------------------------
                                 -1.75   data required time
                                 -2.58   data arrival time
-----------------------------------------------------------------------------
                                  4.33   slack (MET)


Startpoint: op[0] (input port clocked by __VIRTUAL_CLK__)
Endpoint: Y[9] (output port clocked by __VIRTUAL_CLK__)
Path Group: __VIRTUAL_CLK__
Path Type: min

Fanout     Cap    Slew   Delay    Time   Description
-----------------------------------------------------------------------------
                  0.00    0.00    0.00   clock __VIRTUAL_CLK__ (rise edge)
                          0.00    0.00   clock network delay (ideal)
                          2.00    2.00 ^ input external delay
                  0.10    0.06    2.06 ^ op[0] (in)
    10    0.02                           op[0] (net)
                  0.10    0.00    2.06 ^ _0901_/B (sky130_fd_sc_hd__or3_2)
                  0.03    0.11    2.17 ^ _0901_/X (sky130_fd_sc_hd__or3_2)
     1    0.00                           _0175_ (net)
                  0.03    0.00    2.17 ^ _0902_/A (sky130_fd_sc_hd__buf_1)
                  0.31    0.25    2.42 ^ _0902_/X (sky130_fd_sc_hd__buf_1)
     8    0.03                           _0176_ (net)
                  0.31    0.00    2.42 ^ _1237_/A (sky130_fd_sc_hd__nor2_2)
                  0.08    0.16    2.58 v _1237_/Y (sky130_fd_sc_hd__nor2_2)
     2    0.03                           Y[9] (net)
                  0.08    0.00    2.58 v Y[9] (out)
                                  2.58   data arrival time

                  0.00    0.00    0.00   clock __VIRTUAL_CLK__ (rise edge)
                          0.00    0.00   clock network delay (ideal)
                          0.25    0.25   clock uncertainty
                          0.00    0.25   clock reconvergence pessimism
                         -2.00   -1.75   output external delay
                                 -1.75   data required time
-----------------------------------------------------------------------------
                                 -1.75   data required time
                                 -2.58   data arrival time
-----------------------------------------------------------------------------
                                  4.33   slack (MET)


Startpoint: op[0] (input port clocked by __VIRTUAL_CLK__)
Endpoint: Y[10] (output port clocked by __VIRTUAL_CLK__)
Path Group: __VIRTUAL_CLK__
Path Type: min

Fanout     Cap    Slew   Delay    Time   Description
-----------------------------------------------------------------------------
                  0.00    0.00    0.00   clock __VIRTUAL_CLK__ (rise edge)
                          0.00    0.00   clock network delay (ideal)
                          2.00    2.00 ^ input external delay
                  0.10    0.06    2.06 ^ op[0] (in)
    10    0.02                           op[0] (net)
                  0.10    0.00    2.06 ^ _0901_/B (sky130_fd_sc_hd__or3_2)
                  0.03    0.11    2.17 ^ _0901_/X (sky130_fd_sc_hd__or3_2)
     1    0.00                           _0175_ (net)
                  0.03    0.00    2.17 ^ _0902_/A (sky130_fd_sc_hd__buf_1)
                  0.31    0.25    2.42 ^ _0902_/X (sky130_fd_sc_hd__buf_1)
     8    0.03                           _0176_ (net)
                  0.31    0.00    2.42 ^ _1265_/A (sky130_fd_sc_hd__nor2_2)
                  0.08    0.16    2.58 v _1265_/Y (sky130_fd_sc_hd__nor2_2)
     2    0.03                           Y[10] (net)
                  0.08    0.00    2.58 v Y[10] (out)
                                  2.58   data arrival time

                  0.00    0.00    0.00   clock __VIRTUAL_CLK__ (rise edge)
                          0.00    0.00   clock network delay (ideal)
                          0.25    0.25   clock uncertainty
                          0.00    0.25   clock reconvergence pessimism
                         -2.00   -1.75   output external delay
                                 -1.75   data required time
-----------------------------------------------------------------------------
                                 -1.75   data required time
                                 -2.58   data arrival time
-----------------------------------------------------------------------------
                                  4.33   slack (MET)


Startpoint: A[7] (input port clocked by __VIRTUAL_CLK__)
Endpoint: Y[14] (output port clocked by __VIRTUAL_CLK__)
Path Group: __VIRTUAL_CLK__
Path Type: min

Fanout     Cap    Slew   Delay    Time   Description
-----------------------------------------------------------------------------
                  0.00    0.00    0.00   clock __VIRTUAL_CLK__ (rise edge)
                          0.00    0.00   clock network delay (ideal)
                          2.00    2.00 v input external delay
                  0.04    0.03    2.03 v A[7] (in)
     6    0.02                           A[7] (net)
                  0.04    0.00    2.03 v _0687_/A (sky130_fd_sc_hd__inv_2)
                  0.06    0.07    2.09 ^ _0687_/Y (sky130_fd_sc_hd__inv_2)
     6    0.01                           _0532_ (net)
                  0.06    0.00    2.09 ^ _1295_/A (sky130_fd_sc_hd__or3b_2)
                  0.12    0.16    2.25 ^ _1295_/X (sky130_fd_sc_hd__or3b_2)
     3    0.02                           _0584_ (net)
                  0.12    0.00    2.25 ^ _1322_/A1 (sky130_fd_sc_hd__o21bai_2)
                  0.07    0.11    2.36 v _1322_/Y (sky130_fd_sc_hd__o21bai_2)
     2    0.01                           _0612_ (net)
                  0.07    0.00    2.36 v _1324_/A (sky130_fd_sc_hd__xnor2_2)
                  0.05    0.16    2.52 ^ _1324_/Y (sky130_fd_sc_hd__xnor2_2)
     2    0.01                           _0614_ (net)
                  0.05    0.00    2.52 ^ _1326_/A (sky130_fd_sc_hd__nand2_2)
                  0.03    0.04    2.56 v _1326_/Y (sky130_fd_sc_hd__nand2_2)
     1    0.00                           _0617_ (net)
                  0.03    0.00    2.56 v _1328_/A (sky130_fd_sc_hd__nand2_2)
                  0.06    0.06    2.62 ^ _1328_/Y (sky130_fd_sc_hd__nand2_2)
     2    0.01                           _0619_ (net)
                  0.06    0.00    2.62 ^ _1329_/B (sky130_fd_sc_hd__nor2_2)
                  0.08    0.09    2.71 v _1329_/Y (sky130_fd_sc_hd__nor2_2)
     2    0.04                           Y[14] (net)
                  0.08    0.00    2.71 v Y[14] (out)
                                  2.71   data arrival time

                  0.00    0.00    0.00   clock __VIRTUAL_CLK__ (rise edge)
                          0.00    0.00   clock network delay (ideal)
                          0.25    0.25   clock uncertainty
                          0.00    0.25   clock reconvergence pessimism
                         -2.00   -1.75   output external delay
                                 -1.75   data required time
-----------------------------------------------------------------------------
                                 -1.75   data required time
                                 -2.71   data arrival time
-----------------------------------------------------------------------------
                                  4.46   slack (MET)


Startpoint: op[0] (input port clocked by __VIRTUAL_CLK__)
Endpoint: sign (output port clocked by __VIRTUAL_CLK__)
Path Group: __VIRTUAL_CLK__
Path Type: min

Fanout     Cap    Slew   Delay    Time   Description
-----------------------------------------------------------------------------
                  0.00    0.00    0.00   clock __VIRTUAL_CLK__ (rise edge)
                          0.00    0.00   clock network delay (ideal)
                          2.00    2.00 ^ input external delay
                  0.10    0.06    2.06 ^ op[0] (in)
    10    0.02                           op[0] (net)
                  0.10    0.00    2.06 ^ _1121_/C1 (sky130_fd_sc_hd__o2111a_2)
                  0.04    0.17    2.24 ^ _1121_/X (sky130_fd_sc_hd__o2111a_2)
     1    0.00                           _0398_ (net)
                  0.04    0.00    2.24 ^ _1123_/C (sky130_fd_sc_hd__or4b_2)
                  0.03    0.09    2.33 ^ _1123_/X (sky130_fd_sc_hd__or4b_2)
     1    0.00                           _0400_ (net)
                  0.03    0.00    2.33 ^ _1166_/B1 (sky130_fd_sc_hd__a211o_2)
                  0.18    0.19    2.52 ^ _1166_/X (sky130_fd_sc_hd__a211o_2)
     3    0.04                           Y[7] (net)
                  0.18    0.00    2.52 ^ _1349_/A (sky130_fd_sc_hd__buf_2)
                  0.17    0.23    2.74 ^ _1349_/X (sky130_fd_sc_hd__buf_2)
     1    0.03                           sign (net)
                  0.17    0.00    2.74 ^ sign (out)
                                  2.74   data arrival time

                  0.00    0.00    0.00   clock __VIRTUAL_CLK__ (rise edge)
                          0.00    0.00   clock network delay (ideal)
                          0.25    0.25   clock uncertainty
                          0.00    0.25   clock reconvergence pessimism
                         -2.00   -1.75   output external delay
                                 -1.75   data required time
-----------------------------------------------------------------------------
                                 -1.75   data required time
                                 -2.74   data arrival time
-----------------------------------------------------------------------------
                                  4.49   slack (MET)


Startpoint: op[1] (input port clocked by __VIRTUAL_CLK__)
Endpoint: Y[4] (output port clocked by __VIRTUAL_CLK__)
Path Group: __VIRTUAL_CLK__
Path Type: min

Fanout     Cap    Slew   Delay    Time   Description
-----------------------------------------------------------------------------
                  0.00    0.00    0.00   clock __VIRTUAL_CLK__ (rise edge)
                          0.00    0.00   clock network delay (ideal)
                          2.00    2.00 v input external delay
                  0.04    0.03    2.03 v op[1] (in)
     7    0.02                           op[1] (net)
                  0.04    0.00    2.03 v _0972_/A (sky130_fd_sc_hd__nor2_2)
                  0.12    0.12    2.15 ^ _0972_/Y (sky130_fd_sc_hd__nor2_2)
     3    0.01                           _0243_ (net)
                  0.12    0.00    2.15 ^ _1006_/B2 (sky130_fd_sc_hd__a2bb2o_2)
                  0.03    0.15    2.30 ^ _1006_/X (sky130_fd_sc_hd__a2bb2o_2)
     1    0.00                           _0276_ (net)
                  0.03    0.00    2.30 ^ _1007_/C1 (sky130_fd_sc_hd__a221o_2)
                  0.03    0.08    2.38 ^ _1007_/X (sky130_fd_sc_hd__a221o_2)
     1    0.00                           _0277_ (net)
                  0.03    0.00    2.38 ^ _1011_/C (sky130_fd_sc_hd__or4b_2)
                  0.03    0.09    2.47 ^ _1011_/X (sky130_fd_sc_hd__or4b_2)
     1    0.00                           _0281_ (net)
                  0.03    0.00    2.47 ^ _1012_/A (sky130_fd_sc_hd__buf_1)
                  0.41    0.31    2.78 ^ _1012_/X (sky130_fd_sc_hd__buf_1)
     2    0.03                           Y[4] (net)
                  0.41    0.00    2.78 ^ Y[4] (out)
                                  2.78   data arrival time

                  0.00    0.00    0.00   clock __VIRTUAL_CLK__ (rise edge)
                          0.00    0.00   clock network delay (ideal)
                          0.25    0.25   clock uncertainty
                          0.00    0.25   clock reconvergence pessimism
                         -2.00   -1.75   output external delay
                                 -1.75   data required time
-----------------------------------------------------------------------------
                                 -1.75   data required time
                                 -2.78   data arrival time
-----------------------------------------------------------------------------
                                  4.53   slack (MET)


Startpoint: B[7] (input port clocked by __VIRTUAL_CLK__)
Endpoint: Y[11] (output port clocked by __VIRTUAL_CLK__)
Path Group: __VIRTUAL_CLK__
Path Type: min

Fanout     Cap    Slew   Delay    Time   Description
-----------------------------------------------------------------------------
                  0.00    0.00    0.00   clock __VIRTUAL_CLK__ (rise edge)
                          0.00    0.00   clock network delay (ideal)
                          2.00    2.00 v input external delay
                  0.05    0.03    2.03 v B[7] (in)
     7    0.02                           B[7] (net)
                  0.05    0.00    2.03 v _1213_/A2 (sky130_fd_sc_hd__a21oi_2)
                  0.10    0.13    2.17 ^ _1213_/Y (sky130_fd_sc_hd__a21oi_2)
     1    0.00                           _0497_ (net)
                  0.10    0.00    2.17 ^ _1214_/B (sky130_fd_sc_hd__nor2_2)
                  0.03    0.04    2.21 v _1214_/Y (sky130_fd_sc_hd__nor2_2)
     2    0.01                           _0498_ (net)
                  0.03    0.00    2.21 v _1226_/A (sky130_fd_sc_hd__nand2_2)
                  0.07    0.07    2.28 ^ _1226_/Y (sky130_fd_sc_hd__nand2_2)
     3    0.01                           _0512_ (net)
                  0.07    0.00    2.28 ^ _1256_/A2 (sky130_fd_sc_hd__a21oi_2)
                  0.03    0.07    2.35 v _1256_/Y (sky130_fd_sc_hd__a21oi_2)
     3    0.01                           _0544_ (net)
                  0.03    0.00    2.35 v _1285_/A (sky130_fd_sc_hd__nor3_2)
                  0.14    0.17    2.52 ^ _1285_/Y (sky130_fd_sc_hd__nor3_2)
     1    0.00                           _0574_ (net)
                  0.14    0.00    2.52 ^ _1286_/B (sky130_fd_sc_hd__nor2_2)
                  0.04    0.07    2.59 v _1286_/Y (sky130_fd_sc_hd__nor2_2)
     2    0.01                           _0576_ (net)
                  0.04    0.00    2.59 v _1287_/B (sky130_fd_sc_hd__xnor2_2)
                  0.05    0.13    2.72 ^ _1287_/Y (sky130_fd_sc_hd__xnor2_2)
     2    0.01                           _0577_ (net)
                  0.05    0.00    2.72 ^ _1288_/B (sky130_fd_sc_hd__nor2_2)
                  0.08    0.08    2.80 v _1288_/Y (sky130_fd_sc_hd__nor2_2)
     2    0.04                           Y[11] (net)
                  0.08    0.00    2.80 v Y[11] (out)
                                  2.80   data arrival time

                  0.00    0.00    0.00   clock __VIRTUAL_CLK__ (rise edge)
                          0.00    0.00   clock network delay (ideal)
                          0.25    0.25   clock uncertainty
                          0.00    0.25   clock reconvergence pessimism
                         -2.00   -1.75   output external delay
                                 -1.75   data required time
-----------------------------------------------------------------------------
                                 -1.75   data required time
                                 -2.80   data arrival time
-----------------------------------------------------------------------------
                                  4.55   slack (MET)


Startpoint: B[7] (input port clocked by __VIRTUAL_CLK__)
Endpoint: Y[12] (output port clocked by __VIRTUAL_CLK__)
Path Group: __VIRTUAL_CLK__
Path Type: min

Fanout     Cap    Slew   Delay    Time   Description
-----------------------------------------------------------------------------
                  0.00    0.00    0.00   clock __VIRTUAL_CLK__ (rise edge)
                          0.00    0.00   clock network delay (ideal)
                          2.00    2.00 v input external delay
                  0.05    0.03    2.03 v B[7] (in)
     7    0.02                           B[7] (net)
                  0.05    0.00    2.03 v _1240_/B (sky130_fd_sc_hd__nand2_2)
                  0.05    0.07    2.10 ^ _1240_/Y (sky130_fd_sc_hd__nand2_2)
     2    0.01                           _0526_ (net)
                  0.05    0.00    2.10 ^ _1244_/A (sky130_fd_sc_hd__nor2_2)
                  0.03    0.04    2.14 v _1244_/Y (sky130_fd_sc_hd__nor2_2)
     2    0.01                           _0530_ (net)
                  0.03    0.00    2.14 v _1268_/B1 (sky130_fd_sc_hd__a31oi_2)
                  0.16    0.18    2.32 ^ _1268_/Y (sky130_fd_sc_hd__a31oi_2)
     2    0.01                           _0556_ (net)
                  0.16    0.00    2.32 ^ _1283_/A (sky130_fd_sc_hd__xnor2_2)
                  0.04    0.09    2.41 v _1283_/Y (sky130_fd_sc_hd__xnor2_2)
     2    0.01                           _0572_ (net)
                  0.04    0.00    2.41 v _1284_/B1 (sky130_fd_sc_hd__o21a_2)
                  0.04    0.12    2.53 v _1284_/X (sky130_fd_sc_hd__o21a_2)
     2    0.01                           _0573_ (net)
                  0.04    0.00    2.53 v _1303_/B1 (sky130_fd_sc_hd__a21oi_2)
                  0.11    0.11    2.64 ^ _1303_/Y (sky130_fd_sc_hd__a21oi_2)
     2    0.01                           _0593_ (net)
                  0.11    0.00    2.64 ^ _1304_/B (sky130_fd_sc_hd__nand2_2)
                  0.03    0.06    2.70 v _1304_/Y (sky130_fd_sc_hd__nand2_2)
     1    0.00                           _0594_ (net)
                  0.03    0.00    2.70 v _1306_/A (sky130_fd_sc_hd__nand2_2)
                  0.04    0.05    2.75 ^ _1306_/Y (sky130_fd_sc_hd__nand2_2)
     2    0.01                           _0597_ (net)
                  0.04    0.00    2.75 ^ _1307_/B (sky130_fd_sc_hd__nor2_2)
                  0.08    0.08    2.83 v _1307_/Y (sky130_fd_sc_hd__nor2_2)
     2    0.03                           Y[12] (net)
                  0.08    0.00    2.83 v Y[12] (out)
                                  2.83   data arrival time

                  0.00    0.00    0.00   clock __VIRTUAL_CLK__ (rise edge)
                          0.00    0.00   clock network delay (ideal)
                          0.25    0.25   clock uncertainty
                          0.00    0.25   clock reconvergence pessimism
                         -2.00   -1.75   output external delay
                                 -1.75   data required time
-----------------------------------------------------------------------------
                                 -1.75   data required time
                                 -2.83   data arrival time
-----------------------------------------------------------------------------
                                  4.58   slack (MET)


Startpoint: op[2] (input port clocked by __VIRTUAL_CLK__)
Endpoint: zero (output port clocked by __VIRTUAL_CLK__)
Path Group: __VIRTUAL_CLK__
Path Type: min

Fanout     Cap    Slew   Delay    Time   Description
-----------------------------------------------------------------------------
                  0.00    0.00    0.00   clock __VIRTUAL_CLK__ (rise edge)
                          0.00    0.00   clock network delay (ideal)
                          2.00    2.00 ^ input external delay
                  0.12    0.07    2.07 ^ op[2] (in)
     9    0.02                           op[2] (net)
                  0.12    0.00    2.07 ^ _0904_/B (sky130_fd_sc_hd__nand2_2)
                  0.06    0.08    2.16 v _0904_/Y (sky130_fd_sc_hd__nand2_2)
     5    0.01                           _0178_ (net)
                  0.06    0.00    2.16 v _0905_/A2 (sky130_fd_sc_hd__a21o_2)
                  0.03    0.19    2.35 v _0905_/X (sky130_fd_sc_hd__a21o_2)
     1    0.00                           _0179_ (net)
                  0.03    0.00    2.35 v _0906_/C1 (sky130_fd_sc_hd__o221a_2)
                  0.04    0.11    2.47 v _0906_/X (sky130_fd_sc_hd__o221a_2)
     2    0.01                           _0180_ (net)
                  0.04    0.00    2.47 v _1338_/C (sky130_fd_sc_hd__and3b_2)
                  0.03    0.18    2.65 v _1338_/X (sky130_fd_sc_hd__and3b_2)
     1    0.00                           _0628_ (net)
                  0.03    0.00    2.65 v _1339_/A (sky130_fd_sc_hd__buf_1)
                  0.19    0.20    2.85 v _1339_/X (sky130_fd_sc_hd__buf_1)
     1    0.03                           zero (net)
                  0.19    0.00    2.85 v zero (out)
                                  2.85   data arrival time

                  0.00    0.00    0.00   clock __VIRTUAL_CLK__ (rise edge)
                          0.00    0.00   clock network delay (ideal)
                          0.25    0.25   clock uncertainty
                          0.00    0.25   clock reconvergence pessimism
                         -2.00   -1.75   output external delay
                                 -1.75   data required time
-----------------------------------------------------------------------------
                                 -1.75   data required time
                                 -2.85   data arrival time
-----------------------------------------------------------------------------
                                  4.60   slack (MET)


Startpoint: A[7] (input port clocked by __VIRTUAL_CLK__)
Endpoint: Y[13] (output port clocked by __VIRTUAL_CLK__)
Path Group: __VIRTUAL_CLK__
Path Type: min

Fanout     Cap    Slew   Delay    Time   Description
-----------------------------------------------------------------------------
                  0.00    0.00    0.00   clock __VIRTUAL_CLK__ (rise edge)
                          0.00    0.00   clock network delay (ideal)
                          2.00    2.00 v input external delay
                  0.04    0.03    2.03 v A[7] (in)
     6    0.02                           A[7] (net)
                  0.04    0.00    2.03 v _0687_/A (sky130_fd_sc_hd__inv_2)
                  0.06    0.07    2.09 ^ _0687_/Y (sky130_fd_sc_hd__inv_2)
     6    0.01                           _0532_ (net)
                  0.06    0.00    2.09 ^ _1295_/A (sky130_fd_sc_hd__or3b_2)
                  0.12    0.16    2.25 ^ _1295_/X (sky130_fd_sc_hd__or3b_2)
     3    0.02                           _0584_ (net)
                  0.12    0.00    2.25 ^ _1297_/A (sky130_fd_sc_hd__nand2_2)
                  0.03    0.06    2.31 v _1297_/Y (sky130_fd_sc_hd__nand2_2)
     2    0.01                           _0587_ (net)
                  0.03    0.00    2.31 v _1298_/B (sky130_fd_sc_hd__nor2_2)
                  0.12    0.10    2.42 ^ _1298_/Y (sky130_fd_sc_hd__nor2_2)
     3    0.01                           _0588_ (net)
                  0.12    0.00    2.42 ^ _1317_/A (sky130_fd_sc_hd__or3_2)
                  0.05    0.14    2.56 ^ _1317_/X (sky130_fd_sc_hd__or3_2)
     2    0.01                           _0608_ (net)
                  0.05    0.00    2.56 ^ _1318_/B (sky130_fd_sc_hd__and2b_2)
                  0.06    0.15    2.70 ^ _1318_/X (sky130_fd_sc_hd__and2b_2)
     1    0.01                           _0609_ (net)
                  0.06    0.00    2.70 ^ _1319_/B (sky130_fd_sc_hd__xnor2_2)
                  0.05    0.11    2.81 ^ _1319_/Y (sky130_fd_sc_hd__xnor2_2)
     2    0.01                           _0610_ (net)
                  0.05    0.00    2.81 ^ _1320_/B (sky130_fd_sc_hd__nor2_2)
                  0.08    0.08    2.89 v _1320_/Y (sky130_fd_sc_hd__nor2_2)
     2    0.03                           Y[13] (net)
                  0.08    0.00    2.89 v Y[13] (out)
                                  2.89   data arrival time

                  0.00    0.00    0.00   clock __VIRTUAL_CLK__ (rise edge)
                          0.00    0.00   clock network delay (ideal)
                          0.25    0.25   clock uncertainty
                          0.00    0.25   clock reconvergence pessimism
                         -2.00   -1.75   output external delay
                                 -1.75   data required time
-----------------------------------------------------------------------------
                                 -1.75   data required time
                                 -2.89   data arrival time
-----------------------------------------------------------------------------
                                  4.64   slack (MET)



