
===========================================================================
report_checks -path_delay max (Setup)
============================================================================
======================= Typical Corner ===================================

Startpoint: _116_ (rising edge-triggered flip-flop clocked by clk)
Endpoint: _128_ (rising edge-triggered flip-flop clocked by clk)
Path Group: clk
Path Type: max

Fanout     Cap    Slew   Delay    Time   Description
-----------------------------------------------------------------------------
                          0.00    0.00   clock clk (rise edge)
                          0.00    0.00   clock source latency
                  0.24    0.18    0.18 ^ clk (in)
     1    0.05                           clk (net)
                  0.24    0.00    0.18 ^ clkbuf_0_clk/A (sky130_fd_sc_hd__clkbuf_16)
                  0.06    0.22    0.40 ^ clkbuf_0_clk/X (sky130_fd_sc_hd__clkbuf_16)
     2    0.04                           clknet_0_clk (net)
                  0.06    0.00    0.40 ^ clkbuf_1_1__f_clk/A (sky130_fd_sc_hd__clkbuf_16)
                  0.10    0.19    0.59 ^ clkbuf_1_1__f_clk/X (sky130_fd_sc_hd__clkbuf_16)
     8    0.09                           clknet_1_1__leaf_clk (net)
                  0.10    0.00    0.59 ^ _116_/CLK (sky130_fd_sc_hd__dfrtp_2)
                  0.42    0.67    1.25 ^ _116_/Q (sky130_fd_sc_hd__dfrtp_2)
     5    0.09                           u_sevenseg.refresh_count[0] (net)
                  0.42    0.03    1.28 ^ _069_/B (sky130_fd_sc_hd__and4_2)
                  0.13    0.39    1.67 ^ _069_/X (sky130_fd_sc_hd__and4_2)
     1    0.02                           _035_ (net)
                  0.13    0.00    1.67 ^ _070_/A (sky130_fd_sc_hd__buf_1)
                  1.22    0.96    2.63 ^ _070_/X (sky130_fd_sc_hd__buf_1)
     7    0.11                           _036_ (net)
                  1.22    0.02    2.65 ^ _090_/B (sky130_fd_sc_hd__and3b_2)
                  0.48    0.72    3.37 ^ _090_/X (sky130_fd_sc_hd__and3b_2)
     4    0.10                           _049_ (net)
                  0.48    0.02    3.39 ^ _097_/A3 (sky130_fd_sc_hd__a31o_2)
                  0.25    0.40    3.80 ^ _097_/X (sky130_fd_sc_hd__a31o_2)
     1    0.04                           _054_ (net)
                  0.26    0.01    3.81 ^ _098_/C (sky130_fd_sc_hd__and3_2)
                  0.20    0.36    4.17 ^ _098_/X (sky130_fd_sc_hd__and3_2)
     1    0.04                           _055_ (net)
                  0.20    0.01    4.18 ^ _099_/A (sky130_fd_sc_hd__buf_1)
                  0.39    0.37    4.55 ^ _099_/X (sky130_fd_sc_hd__buf_1)
     1    0.03                           _003_ (net)
                  0.39    0.01    4.55 ^ _128_/D (sky130_fd_sc_hd__dfrtp_2)
                                  4.55   data arrival time

                         10.00   10.00   clock clk (rise edge)
                          0.00   10.00   clock source latency
                  0.24    0.16   10.16 ^ clk (in)
     1    0.05                           clk (net)
                  0.24    0.00   10.16 ^ clkbuf_0_clk/A (sky130_fd_sc_hd__clkbuf_16)
                  0.06    0.20   10.36 ^ clkbuf_0_clk/X (sky130_fd_sc_hd__clkbuf_16)
     2    0.04                           clknet_0_clk (net)
                  0.06    0.00   10.36 ^ clkbuf_1_0__f_clk/A (sky130_fd_sc_hd__clkbuf_16)
                  0.09    0.17   10.52 ^ clkbuf_1_0__f_clk/X (sky130_fd_sc_hd__clkbuf_16)
     6    0.08                           clknet_1_0__leaf_clk (net)
                  0.09    0.00   10.52 ^ _128_/CLK (sky130_fd_sc_hd__dfrtp_2)
                         -0.25   10.27   clock uncertainty
                          0.04   10.31   clock reconvergence pessimism
                         -0.14   10.18   library setup time
                                 10.18   data required time
-----------------------------------------------------------------------------
                                 10.18   data required time
                                 -4.55   data arrival time
-----------------------------------------------------------------------------
                                  5.62   slack (MET)


Startpoint: _127_ (rising edge-triggered flip-flop clocked by clk)
Endpoint: _119_ (rising edge-triggered flip-flop clocked by clk)
Path Group: clk
Path Type: max

Fanout     Cap    Slew   Delay    Time   Description
-----------------------------------------------------------------------------
                          0.00    0.00   clock clk (rise edge)
                          0.00    0.00   clock source latency
                  0.24    0.18    0.18 ^ clk (in)
     1    0.05                           clk (net)
                  0.24    0.00    0.18 ^ clkbuf_0_clk/A (sky130_fd_sc_hd__clkbuf_16)
                  0.06    0.22    0.40 ^ clkbuf_0_clk/X (sky130_fd_sc_hd__clkbuf_16)
     2    0.04                           clknet_0_clk (net)
                  0.06    0.00    0.40 ^ clkbuf_1_0__f_clk/A (sky130_fd_sc_hd__clkbuf_16)
                  0.09    0.18    0.58 ^ clkbuf_1_0__f_clk/X (sky130_fd_sc_hd__clkbuf_16)
     6    0.08                           clknet_1_0__leaf_clk (net)
                  0.09    0.00    0.58 ^ _127_/CLK (sky130_fd_sc_hd__dfrtp_2)
                  0.27    0.65    1.22 v _127_/Q (sky130_fd_sc_hd__dfrtp_2)
     4    0.11                           u_sevenseg.refresh_count[11] (net)
                  0.27    0.02    1.24 v _060_/A (sky130_fd_sc_hd__or4bb_2)
                  0.19    0.87    2.11 v _060_/X (sky130_fd_sc_hd__or4bb_2)
     1    0.03                           _030_ (net)
                  0.19    0.01    2.12 v _062_/C (sky130_fd_sc_hd__or4b_2)
                  0.19    0.82    2.94 v _062_/X (sky130_fd_sc_hd__or4b_2)
     1    0.03                           _032_ (net)
                  0.19    0.00    2.95 v _063_/A (sky130_fd_sc_hd__buf_1)
                  0.56    0.55    3.50 v _063_/X (sky130_fd_sc_hd__buf_1)
     6    0.10                           _033_ (net)
                  0.56    0.02    3.51 v _073_/A (sky130_fd_sc_hd__and3_2)
                  0.09    0.47    3.98 v _073_/X (sky130_fd_sc_hd__and3_2)
     1    0.02                           _039_ (net)
                  0.09    0.00    3.99 v _074_/A (sky130_fd_sc_hd__buf_1)
                  0.19    0.24    4.23 v _074_/X (sky130_fd_sc_hd__buf_1)
     1    0.03                           _006_ (net)
                  0.19    0.01    4.24 v _119_/D (sky130_fd_sc_hd__dfrtp_2)
                                  4.24   data arrival time

                         10.00   10.00   clock clk (rise edge)
                          0.00   10.00   clock source latency
                  0.24    0.16   10.16 ^ clk (in)
     1    0.05                           clk (net)
                  0.24    0.00   10.16 ^ clkbuf_0_clk/A (sky130_fd_sc_hd__clkbuf_16)
                  0.06    0.20   10.36 ^ clkbuf_0_clk/X (sky130_fd_sc_hd__clkbuf_16)
     2    0.04                           clknet_0_clk (net)
                  0.06    0.00   10.36 ^ clkbuf_1_1__f_clk/A (sky130_fd_sc_hd__clkbuf_16)
                  0.10    0.17   10.53 ^ clkbuf_1_1__f_clk/X (sky130_fd_sc_hd__clkbuf_16)
     8    0.09                           clknet_1_1__leaf_clk (net)
                  0.10    0.00   10.53 ^ _119_/CLK (sky130_fd_sc_hd__dfrtp_2)
                         -0.25   10.28   clock uncertainty
                          0.04   10.32   clock reconvergence pessimism
                         -0.17   10.15   library setup time
                                 10.15   data required time
-----------------------------------------------------------------------------
                                 10.15   data required time
                                 -4.24   data arrival time
-----------------------------------------------------------------------------
                                  5.91   slack (MET)


Startpoint: _116_ (rising edge-triggered flip-flop clocked by clk)
Endpoint: _127_ (rising edge-triggered flip-flop clocked by clk)
Path Group: clk
Path Type: max

Fanout     Cap    Slew   Delay    Time   Description
-----------------------------------------------------------------------------
                          0.00    0.00   clock clk (rise edge)
                          0.00    0.00   clock source latency
                  0.24    0.18    0.18 ^ clk (in)
     1    0.05                           clk (net)
                  0.24    0.00    0.18 ^ clkbuf_0_clk/A (sky130_fd_sc_hd__clkbuf_16)
                  0.06    0.22    0.40 ^ clkbuf_0_clk/X (sky130_fd_sc_hd__clkbuf_16)
     2    0.04                           clknet_0_clk (net)
                  0.06    0.00    0.40 ^ clkbuf_1_1__f_clk/A (sky130_fd_sc_hd__clkbuf_16)
                  0.10    0.19    0.59 ^ clkbuf_1_1__f_clk/X (sky130_fd_sc_hd__clkbuf_16)
     8    0.09                           clknet_1_1__leaf_clk (net)
                  0.10    0.00    0.59 ^ _116_/CLK (sky130_fd_sc_hd__dfrtp_2)
                  0.42    0.67    1.25 ^ _116_/Q (sky130_fd_sc_hd__dfrtp_2)
     5    0.09                           u_sevenseg.refresh_count[0] (net)
                  0.42    0.03    1.28 ^ _069_/B (sky130_fd_sc_hd__and4_2)
                  0.13    0.39    1.67 ^ _069_/X (sky130_fd_sc_hd__and4_2)
     1    0.02                           _035_ (net)
                  0.13    0.00    1.67 ^ _070_/A (sky130_fd_sc_hd__buf_1)
                  1.22    0.96    2.63 ^ _070_/X (sky130_fd_sc_hd__buf_1)
     7    0.11                           _036_ (net)
                  1.22    0.02    2.65 ^ _090_/B (sky130_fd_sc_hd__and3b_2)
                  0.48    0.72    3.37 ^ _090_/X (sky130_fd_sc_hd__and3b_2)
     4    0.10                           _049_ (net)
                  0.48    0.02    3.39 ^ _092_/B (sky130_fd_sc_hd__nand2_2)
                  0.19    0.25    3.64 v _092_/Y (sky130_fd_sc_hd__nand2_2)
     2    0.03                           _051_ (net)
                  0.19    0.00    3.64 v _095_/B (sky130_fd_sc_hd__xnor2_2)
                  0.60    0.56    4.20 ^ _095_/Y (sky130_fd_sc_hd__xnor2_2)
     1    0.05                           _002_ (net)
                  0.60    0.01    4.21 ^ _127_/D (sky130_fd_sc_hd__dfrtp_2)
                                  4.21   data arrival time

                         10.00   10.00   clock clk (rise edge)
                          0.00   10.00   clock source latency
                  0.24    0.16   10.16 ^ clk (in)
     1    0.05                           clk (net)
                  0.24    0.00   10.16 ^ clkbuf_0_clk/A (sky130_fd_sc_hd__clkbuf_16)
                  0.06    0.20   10.36 ^ clkbuf_0_clk/X (sky130_fd_sc_hd__clkbuf_16)
     2    0.04                           clknet_0_clk (net)
                  0.06    0.00   10.36 ^ clkbuf_1_0__f_clk/A (sky130_fd_sc_hd__clkbuf_16)
                  0.09    0.17   10.52 ^ clkbuf_1_0__f_clk/X (sky130_fd_sc_hd__clkbuf_16)
     6    0.08                           clknet_1_0__leaf_clk (net)
                  0.09    0.00   10.52 ^ _127_/CLK (sky130_fd_sc_hd__dfrtp_2)
                         -0.25   10.27   clock uncertainty
                          0.04   10.31   clock reconvergence pessimism
                         -0.17   10.14   library setup time
                                 10.14   data required time
-----------------------------------------------------------------------------
                                 10.14   data required time
                                 -4.21   data arrival time
-----------------------------------------------------------------------------
                                  5.93   slack (MET)


Startpoint: _116_ (rising edge-triggered flip-flop clocked by clk)
Endpoint: _126_ (rising edge-triggered flip-flop clocked by clk)
Path Group: clk
Path Type: max

Fanout     Cap    Slew   Delay    Time   Description
-----------------------------------------------------------------------------
                          0.00    0.00   clock clk (rise edge)
                          0.00    0.00   clock source latency
                  0.24    0.18    0.18 ^ clk (in)
     1    0.05                           clk (net)
                  0.24    0.00    0.18 ^ clkbuf_0_clk/A (sky130_fd_sc_hd__clkbuf_16)
                  0.06    0.22    0.40 ^ clkbuf_0_clk/X (sky130_fd_sc_hd__clkbuf_16)
     2    0.04                           clknet_0_clk (net)
                  0.06    0.00    0.40 ^ clkbuf_1_1__f_clk/A (sky130_fd_sc_hd__clkbuf_16)
                  0.10    0.19    0.59 ^ clkbuf_1_1__f_clk/X (sky130_fd_sc_hd__clkbuf_16)
     8    0.09                           clknet_1_1__leaf_clk (net)
                  0.10    0.00    0.59 ^ _116_/CLK (sky130_fd_sc_hd__dfrtp_2)
                  0.42    0.67    1.25 ^ _116_/Q (sky130_fd_sc_hd__dfrtp_2)
     5    0.09                           u_sevenseg.refresh_count[0] (net)
                  0.42    0.03    1.28 ^ _069_/B (sky130_fd_sc_hd__and4_2)
                  0.13    0.39    1.67 ^ _069_/X (sky130_fd_sc_hd__and4_2)
     1    0.02                           _035_ (net)
                  0.13    0.00    1.67 ^ _070_/A (sky130_fd_sc_hd__buf_1)
                  1.22    0.96    2.63 ^ _070_/X (sky130_fd_sc_hd__buf_1)
     7    0.11                           _036_ (net)
                  1.22    0.02    2.65 ^ _090_/B (sky130_fd_sc_hd__and3b_2)
                  0.48    0.72    3.37 ^ _090_/X (sky130_fd_sc_hd__and3b_2)
     4    0.10                           _049_ (net)
                  0.48    0.02    3.39 ^ _091_/B (sky130_fd_sc_hd__nor2_2)
                  0.18    0.22    3.61 v _091_/Y (sky130_fd_sc_hd__nor2_2)
     1    0.04                           _050_ (net)
                  0.18    0.01    3.62 v _093_/A_N (sky130_fd_sc_hd__and2b_2)
                  0.11    0.34    3.96 ^ _093_/X (sky130_fd_sc_hd__and2b_2)
     1    0.02                           _052_ (net)
                  0.11    0.00    3.96 ^ _094_/A (sky130_fd_sc_hd__buf_1)
                  0.26    0.26    4.22 ^ _094_/X (sky130_fd_sc_hd__buf_1)
     1    0.02                           _001_ (net)
                  0.26    0.00    4.22 ^ _126_/D (sky130_fd_sc_hd__dfrtp_2)
                                  4.22   data arrival time

                         10.00   10.00   clock clk (rise edge)
                          0.00   10.00   clock source latency
                  0.24    0.16   10.16 ^ clk (in)
     1    0.05                           clk (net)
                  0.24    0.00   10.16 ^ clkbuf_0_clk/A (sky130_fd_sc_hd__clkbuf_16)
                  0.06    0.20   10.36 ^ clkbuf_0_clk/X (sky130_fd_sc_hd__clkbuf_16)
     2    0.04                           clknet_0_clk (net)
                  0.06    0.00   10.36 ^ clkbuf_1_0__f_clk/A (sky130_fd_sc_hd__clkbuf_16)
                  0.09    0.17   10.52 ^ clkbuf_1_0__f_clk/X (sky130_fd_sc_hd__clkbuf_16)
     6    0.08                           clknet_1_0__leaf_clk (net)
                  0.09    0.00   10.52 ^ _126_/CLK (sky130_fd_sc_hd__dfrtp_2)
                         -0.25   10.27   clock uncertainty
                          0.04   10.31   clock reconvergence pessimism
                         -0.11   10.20   library setup time
                                 10.20   data required time
-----------------------------------------------------------------------------
                                 10.20   data required time
                                 -4.22   data arrival time
-----------------------------------------------------------------------------
                                  5.98   slack (MET)


Startpoint: _127_ (rising edge-triggered flip-flop clocked by clk)
Endpoint: _123_ (rising edge-triggered flip-flop clocked by clk)
Path Group: clk
Path Type: max

Fanout     Cap    Slew   Delay    Time   Description
-----------------------------------------------------------------------------
                          0.00    0.00   clock clk (rise edge)
                          0.00    0.00   clock source latency
                  0.24    0.18    0.18 ^ clk (in)
     1    0.05                           clk (net)
                  0.24    0.00    0.18 ^ clkbuf_0_clk/A (sky130_fd_sc_hd__clkbuf_16)
                  0.06    0.22    0.40 ^ clkbuf_0_clk/X (sky130_fd_sc_hd__clkbuf_16)
     2    0.04                           clknet_0_clk (net)
                  0.06    0.00    0.40 ^ clkbuf_1_0__f_clk/A (sky130_fd_sc_hd__clkbuf_16)
                  0.09    0.18    0.58 ^ clkbuf_1_0__f_clk/X (sky130_fd_sc_hd__clkbuf_16)
     6    0.08                           clknet_1_0__leaf_clk (net)
                  0.09    0.00    0.58 ^ _127_/CLK (sky130_fd_sc_hd__dfrtp_2)
                  0.27    0.65    1.22 v _127_/Q (sky130_fd_sc_hd__dfrtp_2)
     4    0.11                           u_sevenseg.refresh_count[11] (net)
                  0.27    0.02    1.24 v _060_/A (sky130_fd_sc_hd__or4bb_2)
                  0.19    0.87    2.11 v _060_/X (sky130_fd_sc_hd__or4bb_2)
     1    0.03                           _030_ (net)
                  0.19    0.01    2.12 v _062_/C (sky130_fd_sc_hd__or4b_2)
                  0.19    0.82    2.94 v _062_/X (sky130_fd_sc_hd__or4b_2)
     1    0.03                           _032_ (net)
                  0.19    0.00    2.95 v _063_/A (sky130_fd_sc_hd__buf_1)
                  0.56    0.55    3.50 v _063_/X (sky130_fd_sc_hd__buf_1)
     6    0.10                           _033_ (net)
                  0.56    0.03    3.52 v _083_/A (sky130_fd_sc_hd__and3_2)
                  0.11    0.49    4.02 v _083_/X (sky130_fd_sc_hd__and3_2)
     1    0.03                           _045_ (net)
                  0.11    0.01    4.02 v _084_/A (sky130_fd_sc_hd__buf_1)
                  0.08    0.17    4.20 v _084_/X (sky130_fd_sc_hd__buf_1)
     1    0.01                           _010_ (net)
                  0.08    0.00    4.20 v _123_/D (sky130_fd_sc_hd__dfrtp_2)
                                  4.20   data arrival time

                         10.00   10.00   clock clk (rise edge)
                          0.00   10.00   clock source latency
                  0.24    0.16   10.16 ^ clk (in)
     1    0.05                           clk (net)
                  0.24    0.00   10.16 ^ clkbuf_0_clk/A (sky130_fd_sc_hd__clkbuf_16)
                  0.06    0.20   10.36 ^ clkbuf_0_clk/X (sky130_fd_sc_hd__clkbuf_16)
     2    0.04                           clknet_0_clk (net)
                  0.06    0.00   10.36 ^ clkbuf_1_1__f_clk/A (sky130_fd_sc_hd__clkbuf_16)
                  0.10    0.17   10.53 ^ clkbuf_1_1__f_clk/X (sky130_fd_sc_hd__clkbuf_16)
     8    0.09                           clknet_1_1__leaf_clk (net)
                  0.10    0.00   10.53 ^ _123_/CLK (sky130_fd_sc_hd__dfrtp_2)
                         -0.25   10.28   clock uncertainty
                          0.04   10.32   clock reconvergence pessimism
                         -0.12   10.20   library setup time
                                 10.20   data required time
-----------------------------------------------------------------------------
                                 10.20   data required time
                                 -4.20   data arrival time
-----------------------------------------------------------------------------
                                  6.00   slack (MET)


Startpoint: _115_ (rising edge-triggered flip-flop clocked by clk)
Endpoint: an[1] (output port clocked by clk)
Path Group: clk
Path Type: max

Fanout     Cap    Slew   Delay    Time   Description
-----------------------------------------------------------------------------
                          0.00    0.00   clock clk (rise edge)
                          0.00    0.00   clock source latency
                  0.24    0.18    0.18 ^ clk (in)
     1    0.05                           clk (net)
                  0.24    0.00    0.18 ^ clkbuf_0_clk/A (sky130_fd_sc_hd__clkbuf_16)
                  0.06    0.22    0.40 ^ clkbuf_0_clk/X (sky130_fd_sc_hd__clkbuf_16)
     2    0.04                           clknet_0_clk (net)
                  0.06    0.00    0.40 ^ clkbuf_1_1__f_clk/A (sky130_fd_sc_hd__clkbuf_16)
                  0.10    0.19    0.59 ^ clkbuf_1_1__f_clk/X (sky130_fd_sc_hd__clkbuf_16)
     8    0.09                           clknet_1_1__leaf_clk (net)
                  0.10    0.00    0.59 ^ _115_/CLK (sky130_fd_sc_hd__dfrtp_2)
                  0.26    0.64    1.23 v _115_/Q (sky130_fd_sc_hd__dfrtp_2)
     3    0.10                           an[0] (net)
                  0.26    0.01    1.24 v _057_/A (sky130_fd_sc_hd__inv_2)
                  0.39    0.40    1.64 ^ _057_/Y (sky130_fd_sc_hd__inv_2)
     1    0.09                           an[1] (net)
                  0.39    0.04    1.67 ^ an[1] (out)
                                  1.67   data arrival time

                         10.00   10.00   clock clk (rise edge)
                          0.00   10.00   clock network delay (propagated)
                         -0.25    9.75   clock uncertainty
                          0.00    9.75   clock reconvergence pessimism
                         -2.00    7.75   output external delay
                                  7.75   data required time
-----------------------------------------------------------------------------
                                  7.75   data required time
                                 -1.67   data arrival time
-----------------------------------------------------------------------------
                                  6.08   slack (MET)


Startpoint: _127_ (rising edge-triggered flip-flop clocked by clk)
Endpoint: _115_ (rising edge-triggered flip-flop clocked by clk)
Path Group: clk
Path Type: max

Fanout     Cap    Slew   Delay    Time   Description
-----------------------------------------------------------------------------
                          0.00    0.00   clock clk (rise edge)
                          0.00    0.00   clock source latency
                  0.24    0.18    0.18 ^ clk (in)
     1    0.05                           clk (net)
                  0.24    0.00    0.18 ^ clkbuf_0_clk/A (sky130_fd_sc_hd__clkbuf_16)
                  0.06    0.22    0.40 ^ clkbuf_0_clk/X (sky130_fd_sc_hd__clkbuf_16)
     2    0.04                           clknet_0_clk (net)
                  0.06    0.00    0.40 ^ clkbuf_1_0__f_clk/A (sky130_fd_sc_hd__clkbuf_16)
                  0.09    0.18    0.58 ^ clkbuf_1_0__f_clk/X (sky130_fd_sc_hd__clkbuf_16)
     6    0.08                           clknet_1_0__leaf_clk (net)
                  0.09    0.00    0.58 ^ _127_/CLK (sky130_fd_sc_hd__dfrtp_2)
                  0.27    0.65    1.22 v _127_/Q (sky130_fd_sc_hd__dfrtp_2)
     4    0.11                           u_sevenseg.refresh_count[11] (net)
                  0.27    0.02    1.24 v _060_/A (sky130_fd_sc_hd__or4bb_2)
                  0.19    0.87    2.11 v _060_/X (sky130_fd_sc_hd__or4bb_2)
     1    0.03                           _030_ (net)
                  0.19    0.01    2.12 v _062_/C (sky130_fd_sc_hd__or4b_2)
                  0.19    0.82    2.94 v _062_/X (sky130_fd_sc_hd__or4b_2)
     1    0.03                           _032_ (net)
                  0.19    0.00    2.95 v _063_/A (sky130_fd_sc_hd__buf_1)
                  0.56    0.55    3.50 v _063_/X (sky130_fd_sc_hd__buf_1)
     6    0.10                           _033_ (net)
                  0.56    0.03    3.52 v _064_/B (sky130_fd_sc_hd__xnor2_2)
                  0.42    0.56    4.08 ^ _064_/Y (sky130_fd_sc_hd__xnor2_2)
     1    0.03                           _027_ (net)
                  0.42    0.00    4.09 ^ _115_/D (sky130_fd_sc_hd__dfrtp_2)
                                  4.09   data arrival time

                         10.00   10.00   clock clk (rise edge)
                          0.00   10.00   clock source latency
                  0.24    0.16   10.16 ^ clk (in)
     1    0.05                           clk (net)
                  0.24    0.00   10.16 ^ clkbuf_0_clk/A (sky130_fd_sc_hd__clkbuf_16)
                  0.06    0.20   10.36 ^ clkbuf_0_clk/X (sky130_fd_sc_hd__clkbuf_16)
     2    0.04                           clknet_0_clk (net)
                  0.06    0.00   10.36 ^ clkbuf_1_1__f_clk/A (sky130_fd_sc_hd__clkbuf_16)
                  0.10    0.17   10.53 ^ clkbuf_1_1__f_clk/X (sky130_fd_sc_hd__clkbuf_16)
     8    0.09                           clknet_1_1__leaf_clk (net)
                  0.10    0.00   10.53 ^ _115_/CLK (sky130_fd_sc_hd__dfrtp_2)
                         -0.25   10.28   clock uncertainty
                          0.04   10.32   clock reconvergence pessimism
                         -0.14   10.18   library setup time
                                 10.18   data required time
-----------------------------------------------------------------------------
                                 10.18   data required time
                                 -4.09   data arrival time
-----------------------------------------------------------------------------
                                  6.09   slack (MET)


Startpoint: _127_ (rising edge-triggered flip-flop clocked by clk)
Endpoint: _125_ (rising edge-triggered flip-flop clocked by clk)
Path Group: clk
Path Type: max

Fanout     Cap    Slew   Delay    Time   Description
-----------------------------------------------------------------------------
                          0.00    0.00   clock clk (rise edge)
                          0.00    0.00   clock source latency
                  0.24    0.18    0.18 ^ clk (in)
     1    0.05                           clk (net)
                  0.24    0.00    0.18 ^ clkbuf_0_clk/A (sky130_fd_sc_hd__clkbuf_16)
                  0.06    0.22    0.40 ^ clkbuf_0_clk/X (sky130_fd_sc_hd__clkbuf_16)
     2    0.04                           clknet_0_clk (net)
                  0.06    0.00    0.40 ^ clkbuf_1_0__f_clk/A (sky130_fd_sc_hd__clkbuf_16)
                  0.09    0.18    0.58 ^ clkbuf_1_0__f_clk/X (sky130_fd_sc_hd__clkbuf_16)
     6    0.08                           clknet_1_0__leaf_clk (net)
                  0.09    0.00    0.58 ^ _127_/CLK (sky130_fd_sc_hd__dfrtp_2)
                  0.27    0.65    1.22 v _127_/Q (sky130_fd_sc_hd__dfrtp_2)
     4    0.11                           u_sevenseg.refresh_count[11] (net)
                  0.27    0.02    1.24 v _060_/A (sky130_fd_sc_hd__or4bb_2)
                  0.19    0.87    2.11 v _060_/X (sky130_fd_sc_hd__or4bb_2)
     1    0.03                           _030_ (net)
                  0.19    0.01    2.12 v _062_/C (sky130_fd_sc_hd__or4b_2)
                  0.19    0.82    2.94 v _062_/X (sky130_fd_sc_hd__or4b_2)
     1    0.03                           _032_ (net)
                  0.19    0.00    2.95 v _063_/A (sky130_fd_sc_hd__buf_1)
                  0.56    0.55    3.50 v _063_/X (sky130_fd_sc_hd__buf_1)
     6    0.10                           _033_ (net)
                  0.56    0.03    3.52 v _089_/C1 (sky130_fd_sc_hd__o211a_2)
                  0.16    0.43    3.96 v _089_/X (sky130_fd_sc_hd__o211a_2)
     1    0.06                           _012_ (net)
                  0.16    0.02    3.98 v _125_/D (sky130_fd_sc_hd__dfrtp_2)
                                  3.98   data arrival time

                         10.00   10.00   clock clk (rise edge)
                          0.00   10.00   clock source latency
                  0.24    0.16   10.16 ^ clk (in)
     1    0.05                           clk (net)
                  0.24    0.00   10.16 ^ clkbuf_0_clk/A (sky130_fd_sc_hd__clkbuf_16)
                  0.06    0.20   10.36 ^ clkbuf_0_clk/X (sky130_fd_sc_hd__clkbuf_16)
     2    0.04                           clknet_0_clk (net)
                  0.06    0.00   10.36 ^ clkbuf_1_1__f_clk/A (sky130_fd_sc_hd__clkbuf_16)
                  0.10    0.17   10.53 ^ clkbuf_1_1__f_clk/X (sky130_fd_sc_hd__clkbuf_16)
     8    0.09                           clknet_1_1__leaf_clk (net)
                  0.10    0.00   10.53 ^ _125_/CLK (sky130_fd_sc_hd__dfrtp_2)
                         -0.25   10.28   clock uncertainty
                          0.04   10.32   clock reconvergence pessimism
                         -0.15   10.17   library setup time
                                 10.17   data required time
-----------------------------------------------------------------------------
                                 10.17   data required time
                                 -3.98   data arrival time
-----------------------------------------------------------------------------
                                  6.19   slack (MET)


Startpoint: _127_ (rising edge-triggered flip-flop clocked by clk)
Endpoint: _124_ (rising edge-triggered flip-flop clocked by clk)
Path Group: clk
Path Type: max

Fanout     Cap    Slew   Delay    Time   Description
-----------------------------------------------------------------------------
                          0.00    0.00   clock clk (rise edge)
                          0.00    0.00   clock source latency
                  0.24    0.18    0.18 ^ clk (in)
     1    0.05                           clk (net)
                  0.24    0.00    0.18 ^ clkbuf_0_clk/A (sky130_fd_sc_hd__clkbuf_16)
                  0.06    0.22    0.40 ^ clkbuf_0_clk/X (sky130_fd_sc_hd__clkbuf_16)
     2    0.04                           clknet_0_clk (net)
                  0.06    0.00    0.40 ^ clkbuf_1_0__f_clk/A (sky130_fd_sc_hd__clkbuf_16)
                  0.09    0.18    0.58 ^ clkbuf_1_0__f_clk/X (sky130_fd_sc_hd__clkbuf_16)
     6    0.08                           clknet_1_0__leaf_clk (net)
                  0.09    0.00    0.58 ^ _127_/CLK (sky130_fd_sc_hd__dfrtp_2)
                  0.27    0.65    1.22 v _127_/Q (sky130_fd_sc_hd__dfrtp_2)
     4    0.11                           u_sevenseg.refresh_count[11] (net)
                  0.27    0.02    1.24 v _060_/A (sky130_fd_sc_hd__or4bb_2)
                  0.19    0.87    2.11 v _060_/X (sky130_fd_sc_hd__or4bb_2)
     1    0.03                           _030_ (net)
                  0.19    0.01    2.12 v _062_/C (sky130_fd_sc_hd__or4b_2)
                  0.19    0.82    2.94 v _062_/X (sky130_fd_sc_hd__or4b_2)
     1    0.03                           _032_ (net)
                  0.19    0.00    2.95 v _063_/A (sky130_fd_sc_hd__buf_1)
                  0.56    0.55    3.50 v _063_/X (sky130_fd_sc_hd__buf_1)
     6    0.10                           _033_ (net)
                  0.56    0.03    3.52 v _087_/C1 (sky130_fd_sc_hd__o211a_2)
                  0.07    0.35    3.88 v _087_/X (sky130_fd_sc_hd__o211a_2)
     1    0.02                           _011_ (net)
                  0.07    0.00    3.88 v _124_/D (sky130_fd_sc_hd__dfrtp_2)
                                  3.88   data arrival time

                         10.00   10.00   clock clk (rise edge)
                          0.00   10.00   clock source latency
                  0.24    0.16   10.16 ^ clk (in)
     1    0.05                           clk (net)
                  0.24    0.00   10.16 ^ clkbuf_0_clk/A (sky130_fd_sc_hd__clkbuf_16)
                  0.06    0.20   10.36 ^ clkbuf_0_clk/X (sky130_fd_sc_hd__clkbuf_16)
     2    0.04                           clknet_0_clk (net)
                  0.06    0.00   10.36 ^ clkbuf_1_0__f_clk/A (sky130_fd_sc_hd__clkbuf_16)
                  0.09    0.17   10.52 ^ clkbuf_1_0__f_clk/X (sky130_fd_sc_hd__clkbuf_16)
     6    0.08                           clknet_1_0__leaf_clk (net)
                  0.09    0.00   10.52 ^ _124_/CLK (sky130_fd_sc_hd__dfrtp_2)
                         -0.25   10.27   clock uncertainty
                          0.06   10.33   clock reconvergence pessimism
                         -0.12   10.21   library setup time
                                 10.21   data required time
-----------------------------------------------------------------------------
                                 10.21   data required time
                                 -3.88   data arrival time
-----------------------------------------------------------------------------
                                  6.33   slack (MET)


Startpoint: _115_ (rising edge-triggered flip-flop clocked by clk)
Endpoint: an[0] (output port clocked by clk)
Path Group: clk
Path Type: max

Fanout     Cap    Slew   Delay    Time   Description
-----------------------------------------------------------------------------
                          0.00    0.00   clock clk (rise edge)
                          0.00    0.00   clock source latency
                  0.24    0.18    0.18 ^ clk (in)
     1    0.05                           clk (net)
                  0.24    0.00    0.18 ^ clkbuf_0_clk/A (sky130_fd_sc_hd__clkbuf_16)
                  0.06    0.22    0.40 ^ clkbuf_0_clk/X (sky130_fd_sc_hd__clkbuf_16)
     2    0.04                           clknet_0_clk (net)
                  0.06    0.00    0.40 ^ clkbuf_1_1__f_clk/A (sky130_fd_sc_hd__clkbuf_16)
                  0.10    0.19    0.59 ^ clkbuf_1_1__f_clk/X (sky130_fd_sc_hd__clkbuf_16)
     8    0.09                           clknet_1_1__leaf_clk (net)
                  0.10    0.00    0.59 ^ _115_/CLK (sky130_fd_sc_hd__dfrtp_2)
                  0.49    0.73    1.31 ^ _115_/Q (sky130_fd_sc_hd__dfrtp_2)
     3    0.11                           an[0] (net)
                  0.49    0.02    1.33 ^ an[0] (out)
                                  1.33   data arrival time

                         10.00   10.00   clock clk (rise edge)
                          0.00   10.00   clock network delay (propagated)
                         -0.25    9.75   clock uncertainty
                          0.00    9.75   clock reconvergence pessimism
                         -2.00    7.75   output external delay
                                  7.75   data required time
-----------------------------------------------------------------------------
                                  7.75   data required time
                                 -1.33   data arrival time
-----------------------------------------------------------------------------
                                  6.42   slack (MET)


Startpoint: _116_ (rising edge-triggered flip-flop clocked by clk)
Endpoint: _121_ (rising edge-triggered flip-flop clocked by clk)
Path Group: clk
Path Type: max

Fanout     Cap    Slew   Delay    Time   Description
-----------------------------------------------------------------------------
                          0.00    0.00   clock clk (rise edge)
                          0.00    0.00   clock source latency
                  0.24    0.18    0.18 ^ clk (in)
     1    0.05                           clk (net)
                  0.24    0.00    0.18 ^ clkbuf_0_clk/A (sky130_fd_sc_hd__clkbuf_16)
                  0.06    0.22    0.40 ^ clkbuf_0_clk/X (sky130_fd_sc_hd__clkbuf_16)
     2    0.04                           clknet_0_clk (net)
                  0.06    0.00    0.40 ^ clkbuf_1_1__f_clk/A (sky130_fd_sc_hd__clkbuf_16)
                  0.10    0.19    0.59 ^ clkbuf_1_1__f_clk/X (sky130_fd_sc_hd__clkbuf_16)
     8    0.09                           clknet_1_1__leaf_clk (net)
                  0.10    0.00    0.59 ^ _116_/CLK (sky130_fd_sc_hd__dfrtp_2)
                  0.42    0.67    1.25 ^ _116_/Q (sky130_fd_sc_hd__dfrtp_2)
     5    0.09                           u_sevenseg.refresh_count[0] (net)
                  0.42    0.03    1.28 ^ _069_/B (sky130_fd_sc_hd__and4_2)
                  0.13    0.39    1.67 ^ _069_/X (sky130_fd_sc_hd__and4_2)
     1    0.02                           _035_ (net)
                  0.13    0.00    1.67 ^ _070_/A (sky130_fd_sc_hd__buf_1)
                  1.22    0.96    2.63 ^ _070_/X (sky130_fd_sc_hd__buf_1)
     7    0.11                           _036_ (net)
                  1.22    0.02    2.65 ^ _077_/A2 (sky130_fd_sc_hd__a21oi_2)
                  0.25    0.31    2.96 v _077_/Y (sky130_fd_sc_hd__a21oi_2)
     1    0.03                           _041_ (net)
                  0.25    0.00    2.97 v _078_/B (sky130_fd_sc_hd__nor2_2)
                  0.61    0.58    3.55 ^ _078_/Y (sky130_fd_sc_hd__nor2_2)
     1    0.06                           _008_ (net)
                  0.61    0.02    3.57 ^ _121_/D (sky130_fd_sc_hd__dfrtp_2)
                                  3.57   data arrival time

                         10.00   10.00   clock clk (rise edge)
                          0.00   10.00   clock source latency
                  0.24    0.16   10.16 ^ clk (in)
     1    0.05                           clk (net)
                  0.24    0.00   10.16 ^ clkbuf_0_clk/A (sky130_fd_sc_hd__clkbuf_16)
                  0.06    0.20   10.36 ^ clkbuf_0_clk/X (sky130_fd_sc_hd__clkbuf_16)
     2    0.04                           clknet_0_clk (net)
                  0.06    0.00   10.36 ^ clkbuf_1_0__f_clk/A (sky130_fd_sc_hd__clkbuf_16)
                  0.09    0.17   10.52 ^ clkbuf_1_0__f_clk/X (sky130_fd_sc_hd__clkbuf_16)
     6    0.08                           clknet_1_0__leaf_clk (net)
                  0.09    0.00   10.52 ^ _121_/CLK (sky130_fd_sc_hd__dfrtp_2)
                         -0.25   10.27   clock uncertainty
                          0.04   10.31   clock reconvergence pessimism
                         -0.17   10.14   library setup time
                                 10.14   data required time
-----------------------------------------------------------------------------
                                 10.14   data required time
                                 -3.57   data arrival time
-----------------------------------------------------------------------------
                                  6.57   slack (MET)


Startpoint: _117_ (rising edge-triggered flip-flop clocked by clk)
Endpoint: _122_ (rising edge-triggered flip-flop clocked by clk)
Path Group: clk
Path Type: max

Fanout     Cap    Slew   Delay    Time   Description
-----------------------------------------------------------------------------
                          0.00    0.00   clock clk (rise edge)
                          0.00    0.00   clock source latency
                  0.24    0.18    0.18 ^ clk (in)
     1    0.05                           clk (net)
                  0.24    0.00    0.18 ^ clkbuf_0_clk/A (sky130_fd_sc_hd__clkbuf_16)
                  0.06    0.22    0.40 ^ clkbuf_0_clk/X (sky130_fd_sc_hd__clkbuf_16)
     2    0.04                           clknet_0_clk (net)
                  0.06    0.00    0.40 ^ clkbuf_1_0__f_clk/A (sky130_fd_sc_hd__clkbuf_16)
                  0.09    0.18    0.58 ^ clkbuf_1_0__f_clk/X (sky130_fd_sc_hd__clkbuf_16)
     6    0.08                           clknet_1_0__leaf_clk (net)
                  0.09    0.00    0.58 ^ _117_/CLK (sky130_fd_sc_hd__dfrtp_2)
                  0.44    0.68    1.25 ^ _117_/Q (sky130_fd_sc_hd__dfrtp_2)
     4    0.09                           u_sevenseg.refresh_count[1] (net)
                  0.44    0.03    1.28 ^ _069_/A (sky130_fd_sc_hd__and4_2)
                  0.13    0.40    1.68 ^ _069_/X (sky130_fd_sc_hd__and4_2)
     1    0.02                           _035_ (net)
                  0.13    0.00    1.68 ^ _070_/A (sky130_fd_sc_hd__buf_1)
                  1.22    0.96    2.64 ^ _070_/X (sky130_fd_sc_hd__buf_1)
     7    0.11                           _036_ (net)
                  1.22    0.00    2.64 ^ _076_/C (sky130_fd_sc_hd__and3_2)
                  0.41    0.63    3.27 ^ _076_/X (sky130_fd_sc_hd__and3_2)
     3    0.08                           _040_ (net)
                  0.41    0.03    3.29 ^ _079_/B (sky130_fd_sc_hd__xor2_2)
                  0.21    0.25    3.55 ^ _079_/X (sky130_fd_sc_hd__xor2_2)
     1    0.01                           _009_ (net)
                  0.21    0.00    3.55 ^ _122_/D (sky130_fd_sc_hd__dfrtp_2)
                                  3.55   data arrival time

                         10.00   10.00   clock clk (rise edge)
                          0.00   10.00   clock source latency
                  0.24    0.16   10.16 ^ clk (in)
     1    0.05                           clk (net)
                  0.24    0.00   10.16 ^ clkbuf_0_clk/A (sky130_fd_sc_hd__clkbuf_16)
                  0.06    0.20   10.36 ^ clkbuf_0_clk/X (sky130_fd_sc_hd__clkbuf_16)
     2    0.04                           clknet_0_clk (net)
                  0.06    0.00   10.36 ^ clkbuf_1_1__f_clk/A (sky130_fd_sc_hd__clkbuf_16)
                  0.10    0.17   10.53 ^ clkbuf_1_1__f_clk/X (sky130_fd_sc_hd__clkbuf_16)
     8    0.09                           clknet_1_1__leaf_clk (net)
                  0.10    0.00   10.53 ^ _122_/CLK (sky130_fd_sc_hd__dfrtp_2)
                         -0.25   10.28   clock uncertainty
                          0.04   10.32   clock reconvergence pessimism
                         -0.09   10.23   library setup time
                                 10.23   data required time
-----------------------------------------------------------------------------
                                 10.23   data required time
                                 -3.55   data arrival time
-----------------------------------------------------------------------------
                                  6.68   slack (MET)


Startpoint: rst (input port clocked by clk)
Endpoint: _115_ (recovery check against rising-edge clock clk)
Path Group: asynchronous
Path Type: max

Fanout     Cap    Slew   Delay    Time   Description
-----------------------------------------------------------------------------
                          0.00    0.00   clock clk (rise edge)
                          0.00    0.00   clock network delay (propagated)
                          2.00    2.00 v input external delay
                  0.24    0.20    2.20 v rst (in)
     5    0.11                           rst (net)
                  0.26    0.00    2.20 v _100_/A (sky130_fd_sc_hd__buf_1)
                  0.90    0.83    3.02 v _100_/X (sky130_fd_sc_hd__buf_1)
    10    0.16                           _056_ (net)
                  0.90    0.04    3.06 v _101_/A (sky130_fd_sc_hd__inv_2)
                  0.37    0.57    3.63 ^ _101_/Y (sky130_fd_sc_hd__inv_2)
     1    0.06                           _013_ (net)
                  0.38    0.02    3.65 ^ _115_/RESET_B (sky130_fd_sc_hd__dfrtp_2)
                                  3.65   data arrival time

                         10.00   10.00   clock clk (rise edge)
                          0.00   10.00   clock source latency
                  0.24    0.16   10.16 ^ clk (in)
     1    0.05                           clk (net)
                  0.24    0.00   10.16 ^ clkbuf_0_clk/A (sky130_fd_sc_hd__clkbuf_16)
                  0.06    0.20   10.36 ^ clkbuf_0_clk/X (sky130_fd_sc_hd__clkbuf_16)
     2    0.04                           clknet_0_clk (net)
                  0.06    0.00   10.36 ^ clkbuf_1_1__f_clk/A (sky130_fd_sc_hd__clkbuf_16)
                  0.10    0.17   10.53 ^ clkbuf_1_1__f_clk/X (sky130_fd_sc_hd__clkbuf_16)
     8    0.09                           clknet_1_1__leaf_clk (net)
                  0.10    0.00   10.53 ^ _115_/CLK (sky130_fd_sc_hd__dfrtp_2)
                         -0.25   10.28   clock uncertainty
                          0.00   10.28   clock reconvergence pessimism
                          0.14   10.42   library recovery time
                                 10.42   data required time
-----------------------------------------------------------------------------
                                 10.42   data required time
                                 -3.65   data arrival time
-----------------------------------------------------------------------------
                                  6.77   slack (MET)


Startpoint: rst (input port clocked by clk)
Endpoint: _121_ (recovery check against rising-edge clock clk)
Path Group: asynchronous
Path Type: max

Fanout     Cap    Slew   Delay    Time   Description
-----------------------------------------------------------------------------
                          0.00    0.00   clock clk (rise edge)
                          0.00    0.00   clock network delay (propagated)
                          2.00    2.00 v input external delay
                  0.24    0.20    2.20 v rst (in)
     5    0.11                           rst (net)
                  0.26    0.00    2.20 v _100_/A (sky130_fd_sc_hd__buf_1)
                  0.90    0.83    3.02 v _100_/X (sky130_fd_sc_hd__buf_1)
    10    0.16                           _056_ (net)
                  0.90    0.05    3.07 v _107_/A (sky130_fd_sc_hd__inv_2)
                  0.36    0.55    3.62 ^ _107_/Y (sky130_fd_sc_hd__inv_2)
     1    0.05                           _019_ (net)
                  0.36    0.02    3.64 ^ _121_/RESET_B (sky130_fd_sc_hd__dfrtp_2)
                                  3.64   data arrival time

                         10.00   10.00   clock clk (rise edge)
                          0.00   10.00   clock source latency
                  0.24    0.16   10.16 ^ clk (in)
     1    0.05                           clk (net)
                  0.24    0.00   10.16 ^ clkbuf_0_clk/A (sky130_fd_sc_hd__clkbuf_16)
                  0.06    0.20   10.36 ^ clkbuf_0_clk/X (sky130_fd_sc_hd__clkbuf_16)
     2    0.04                           clknet_0_clk (net)
                  0.06    0.00   10.36 ^ clkbuf_1_0__f_clk/A (sky130_fd_sc_hd__clkbuf_16)
                  0.09    0.17   10.52 ^ clkbuf_1_0__f_clk/X (sky130_fd_sc_hd__clkbuf_16)
     6    0.08                           clknet_1_0__leaf_clk (net)
                  0.09    0.00   10.52 ^ _121_/CLK (sky130_fd_sc_hd__dfrtp_2)
                         -0.25   10.27   clock uncertainty
                          0.00   10.27   clock reconvergence pessimism
                          0.14   10.41   library recovery time
                                 10.41   data required time
-----------------------------------------------------------------------------
                                 10.41   data required time
                                 -3.64   data arrival time
-----------------------------------------------------------------------------
                                  6.78   slack (MET)


Startpoint: rst (input port clocked by clk)
Endpoint: _116_ (recovery check against rising-edge clock clk)
Path Group: asynchronous
Path Type: max

Fanout     Cap    Slew   Delay    Time   Description
-----------------------------------------------------------------------------
                          0.00    0.00   clock clk (rise edge)
                          0.00    0.00   clock network delay (propagated)
                          2.00    2.00 v input external delay
                  0.24    0.20    2.20 v rst (in)
     5    0.11                           rst (net)
                  0.26    0.00    2.20 v _100_/A (sky130_fd_sc_hd__buf_1)
                  0.90    0.83    3.02 v _100_/X (sky130_fd_sc_hd__buf_1)
    10    0.16                           _056_ (net)
                  0.90    0.04    3.07 v _102_/A (sky130_fd_sc_hd__inv_2)
                  0.32    0.48    3.54 ^ _102_/Y (sky130_fd_sc_hd__inv_2)
     1    0.04                           _014_ (net)
                  0.32    0.01    3.55 ^ _116_/RESET_B (sky130_fd_sc_hd__dfrtp_2)
                                  3.55   data arrival time

                         10.00   10.00   clock clk (rise edge)
                          0.00   10.00   clock source latency
                  0.24    0.16   10.16 ^ clk (in)
     1    0.05                           clk (net)
                  0.24    0.00   10.16 ^ clkbuf_0_clk/A (sky130_fd_sc_hd__clkbuf_16)
                  0.06    0.20   10.36 ^ clkbuf_0_clk/X (sky130_fd_sc_hd__clkbuf_16)
     2    0.04                           clknet_0_clk (net)
                  0.06    0.00   10.36 ^ clkbuf_1_1__f_clk/A (sky130_fd_sc_hd__clkbuf_16)
                  0.10    0.17   10.53 ^ clkbuf_1_1__f_clk/X (sky130_fd_sc_hd__clkbuf_16)
     8    0.09                           clknet_1_1__leaf_clk (net)
                  0.10    0.00   10.53 ^ _116_/CLK (sky130_fd_sc_hd__dfrtp_2)
                         -0.25   10.28   clock uncertainty
                          0.00   10.28   clock reconvergence pessimism
                          0.16   10.44   library recovery time
                                 10.44   data required time
-----------------------------------------------------------------------------
                                 10.44   data required time
                                 -3.55   data arrival time
-----------------------------------------------------------------------------
                                  6.89   slack (MET)


Startpoint: rst (input port clocked by clk)
Endpoint: _123_ (recovery check against rising-edge clock clk)
Path Group: asynchronous
Path Type: max

Fanout     Cap    Slew   Delay    Time   Description
-----------------------------------------------------------------------------
                          0.00    0.00   clock clk (rise edge)
                          0.00    0.00   clock network delay (propagated)
                          2.00    2.00 v input external delay
                  0.24    0.20    2.20 v rst (in)
     5    0.11                           rst (net)
                  0.26    0.00    2.20 v _100_/A (sky130_fd_sc_hd__buf_1)
                  0.90    0.83    3.02 v _100_/X (sky130_fd_sc_hd__buf_1)
    10    0.16                           _056_ (net)
                  0.90    0.04    3.06 v _109_/A (sky130_fd_sc_hd__inv_2)
                  0.32    0.47    3.54 ^ _109_/Y (sky130_fd_sc_hd__inv_2)
     1    0.04                           _021_ (net)
                  0.32    0.01    3.54 ^ _123_/RESET_B (sky130_fd_sc_hd__dfrtp_2)
                                  3.54   data arrival time

                         10.00   10.00   clock clk (rise edge)
                          0.00   10.00   clock source latency
                  0.24    0.16   10.16 ^ clk (in)
     1    0.05                           clk (net)
                  0.24    0.00   10.16 ^ clkbuf_0_clk/A (sky130_fd_sc_hd__clkbuf_16)
                  0.06    0.20   10.36 ^ clkbuf_0_clk/X (sky130_fd_sc_hd__clkbuf_16)
     2    0.04                           clknet_0_clk (net)
                  0.06    0.00   10.36 ^ clkbuf_1_1__f_clk/A (sky130_fd_sc_hd__clkbuf_16)
                  0.10    0.17   10.53 ^ clkbuf_1_1__f_clk/X (sky130_fd_sc_hd__clkbuf_16)
     8    0.09                           clknet_1_1__leaf_clk (net)
                  0.10    0.00   10.53 ^ _123_/CLK (sky130_fd_sc_hd__dfrtp_2)
                         -0.25   10.28   clock uncertainty
                          0.00   10.28   clock reconvergence pessimism
                          0.16   10.44   library recovery time
                                 10.44   data required time
-----------------------------------------------------------------------------
                                 10.44   data required time
                                 -3.54   data arrival time
-----------------------------------------------------------------------------
                                  6.89   slack (MET)


Startpoint: rst (input port clocked by clk)
Endpoint: _117_ (recovery check against rising-edge clock clk)
Path Group: asynchronous
Path Type: max

Fanout     Cap    Slew   Delay    Time   Description
-----------------------------------------------------------------------------
                          0.00    0.00   clock clk (rise edge)
                          0.00    0.00   clock network delay (propagated)
                          2.00    2.00 v input external delay
                  0.24    0.20    2.20 v rst (in)
     5    0.11                           rst (net)
                  0.26    0.00    2.20 v _100_/A (sky130_fd_sc_hd__buf_1)
                  0.90    0.83    3.02 v _100_/X (sky130_fd_sc_hd__buf_1)
    10    0.16                           _056_ (net)
                  0.90    0.04    3.06 v _103_/A (sky130_fd_sc_hd__inv_2)
                  0.30    0.46    3.52 ^ _103_/Y (sky130_fd_sc_hd__inv_2)
     1    0.03                           _015_ (net)
                  0.30    0.01    3.52 ^ _117_/RESET_B (sky130_fd_sc_hd__dfrtp_2)
                                  3.52   data arrival time

                         10.00   10.00   clock clk (rise edge)
                          0.00   10.00   clock source latency
                  0.24    0.16   10.16 ^ clk (in)
     1    0.05                           clk (net)
                  0.24    0.00   10.16 ^ clkbuf_0_clk/A (sky130_fd_sc_hd__clkbuf_16)
                  0.06    0.20   10.36 ^ clkbuf_0_clk/X (sky130_fd_sc_hd__clkbuf_16)
     2    0.04                           clknet_0_clk (net)
                  0.06    0.00   10.36 ^ clkbuf_1_0__f_clk/A (sky130_fd_sc_hd__clkbuf_16)
                  0.09    0.17   10.52 ^ clkbuf_1_0__f_clk/X (sky130_fd_sc_hd__clkbuf_16)
     6    0.08                           clknet_1_0__leaf_clk (net)
                  0.09    0.00   10.52 ^ _117_/CLK (sky130_fd_sc_hd__dfrtp_2)
                         -0.25   10.27   clock uncertainty
                          0.00   10.27   clock reconvergence pessimism
                          0.16   10.43   library recovery time
                                 10.43   data required time
-----------------------------------------------------------------------------
                                 10.43   data required time
                                 -3.52   data arrival time
-----------------------------------------------------------------------------
                                  6.91   slack (MET)


Startpoint: rst (input port clocked by clk)
Endpoint: _122_ (recovery check against rising-edge clock clk)
Path Group: asynchronous
Path Type: max

Fanout     Cap    Slew   Delay    Time   Description
-----------------------------------------------------------------------------
                          0.00    0.00   clock clk (rise edge)
                          0.00    0.00   clock network delay (propagated)
                          2.00    2.00 v input external delay
                  0.24    0.20    2.20 v rst (in)
     5    0.11                           rst (net)
                  0.26    0.00    2.20 v _100_/A (sky130_fd_sc_hd__buf_1)
                  0.90    0.83    3.02 v _100_/X (sky130_fd_sc_hd__buf_1)
    10    0.16                           _056_ (net)
                  0.90    0.03    3.06 v _108_/A (sky130_fd_sc_hd__inv_2)
                  0.30    0.46    3.51 ^ _108_/Y (sky130_fd_sc_hd__inv_2)
     1    0.03                           _020_ (net)
                  0.30    0.01    3.52 ^ _122_/RESET_B (sky130_fd_sc_hd__dfrtp_2)
                                  3.52   data arrival time

                         10.00   10.00   clock clk (rise edge)
                          0.00   10.00   clock source latency
                  0.24    0.16   10.16 ^ clk (in)
     1    0.05                           clk (net)
                  0.24    0.00   10.16 ^ clkbuf_0_clk/A (sky130_fd_sc_hd__clkbuf_16)
                  0.06    0.20   10.36 ^ clkbuf_0_clk/X (sky130_fd_sc_hd__clkbuf_16)
     2    0.04                           clknet_0_clk (net)
                  0.06    0.00   10.36 ^ clkbuf_1_1__f_clk/A (sky130_fd_sc_hd__clkbuf_16)
                  0.10    0.17   10.53 ^ clkbuf_1_1__f_clk/X (sky130_fd_sc_hd__clkbuf_16)
     8    0.09                           clknet_1_1__leaf_clk (net)
                  0.10    0.00   10.53 ^ _122_/CLK (sky130_fd_sc_hd__dfrtp_2)
                         -0.25   10.28   clock uncertainty
                          0.00   10.28   clock reconvergence pessimism
                          0.16   10.44   library recovery time
                                 10.44   data required time
-----------------------------------------------------------------------------
                                 10.44   data required time
                                 -3.52   data arrival time
-----------------------------------------------------------------------------
                                  6.92   slack (MET)


Startpoint: rst (input port clocked by clk)
Endpoint: _118_ (recovery check against rising-edge clock clk)
Path Group: asynchronous
Path Type: max

Fanout     Cap    Slew   Delay    Time   Description
-----------------------------------------------------------------------------
                          0.00    0.00   clock clk (rise edge)
                          0.00    0.00   clock network delay (propagated)
                          2.00    2.00 v input external delay
                  0.24    0.20    2.20 v rst (in)
     5    0.11                           rst (net)
                  0.26    0.00    2.20 v _100_/A (sky130_fd_sc_hd__buf_1)
                  0.90    0.83    3.02 v _100_/X (sky130_fd_sc_hd__buf_1)
    10    0.16                           _056_ (net)
                  0.90    0.01    3.03 v _104_/A (sky130_fd_sc_hd__inv_2)
                  0.30    0.46    3.49 ^ _104_/Y (sky130_fd_sc_hd__inv_2)
     1    0.03                           _016_ (net)
                  0.30    0.01    3.49 ^ _118_/RESET_B (sky130_fd_sc_hd__dfrtp_2)
                                  3.49   data arrival time

                         10.00   10.00   clock clk (rise edge)
                          0.00   10.00   clock source latency
                  0.24    0.16   10.16 ^ clk (in)
     1    0.05                           clk (net)
                  0.24    0.00   10.16 ^ clkbuf_0_clk/A (sky130_fd_sc_hd__clkbuf_16)
                  0.06    0.20   10.36 ^ clkbuf_0_clk/X (sky130_fd_sc_hd__clkbuf_16)
     2    0.04                           clknet_0_clk (net)
                  0.06    0.00   10.36 ^ clkbuf_1_1__f_clk/A (sky130_fd_sc_hd__clkbuf_16)
                  0.10    0.17   10.53 ^ clkbuf_1_1__f_clk/X (sky130_fd_sc_hd__clkbuf_16)
     8    0.09                           clknet_1_1__leaf_clk (net)
                  0.10    0.00   10.53 ^ _118_/CLK (sky130_fd_sc_hd__dfrtp_2)
                         -0.25   10.28   clock uncertainty
                          0.00   10.28   clock reconvergence pessimism
                          0.16   10.44   library recovery time
                                 10.44   data required time
-----------------------------------------------------------------------------
                                 10.44   data required time
                                 -3.49   data arrival time
-----------------------------------------------------------------------------
                                  6.95   slack (MET)


Startpoint: rst (input port clocked by clk)
Endpoint: _124_ (recovery check against rising-edge clock clk)
Path Group: asynchronous
Path Type: max

Fanout     Cap    Slew   Delay    Time   Description
-----------------------------------------------------------------------------
                          0.00    0.00   clock clk (rise edge)
                          0.00    0.00   clock network delay (propagated)
                          2.00    2.00 v input external delay
                  0.24    0.20    2.20 v rst (in)
     5    0.11                           rst (net)
                  0.26    0.00    2.20 v _100_/A (sky130_fd_sc_hd__buf_1)
                  0.90    0.83    3.02 v _100_/X (sky130_fd_sc_hd__buf_1)
    10    0.16                           _056_ (net)
                  0.90    0.03    3.05 v _110_/A (sky130_fd_sc_hd__inv_2)
                  0.24    0.38    3.43 ^ _110_/Y (sky130_fd_sc_hd__inv_2)
     1    0.02                           _022_ (net)
                  0.24    0.00    3.44 ^ _124_/RESET_B (sky130_fd_sc_hd__dfrtp_2)
                                  3.44   data arrival time

                         10.00   10.00   clock clk (rise edge)
                          0.00   10.00   clock source latency
                  0.24    0.16   10.16 ^ clk (in)
     1    0.05                           clk (net)
                  0.24    0.00   10.16 ^ clkbuf_0_clk/A (sky130_fd_sc_hd__clkbuf_16)
                  0.06    0.20   10.36 ^ clkbuf_0_clk/X (sky130_fd_sc_hd__clkbuf_16)
     2    0.04                           clknet_0_clk (net)
                  0.06    0.00   10.36 ^ clkbuf_1_0__f_clk/A (sky130_fd_sc_hd__clkbuf_16)
                  0.09    0.17   10.52 ^ clkbuf_1_0__f_clk/X (sky130_fd_sc_hd__clkbuf_16)
     6    0.08                           clknet_1_0__leaf_clk (net)
                  0.09    0.00   10.52 ^ _124_/CLK (sky130_fd_sc_hd__dfrtp_2)
                         -0.25   10.27   clock uncertainty
                          0.00   10.27   clock reconvergence pessimism
                          0.17   10.45   library recovery time
                                 10.45   data required time
-----------------------------------------------------------------------------
                                 10.45   data required time
                                 -3.44   data arrival time
-----------------------------------------------------------------------------
                                  7.01   slack (MET)


Startpoint: rst (input port clocked by clk)
Endpoint: _120_ (recovery check against rising-edge clock clk)
Path Group: asynchronous
Path Type: max

Fanout     Cap    Slew   Delay    Time   Description
-----------------------------------------------------------------------------
                          0.00    0.00   clock clk (rise edge)
                          0.00    0.00   clock network delay (propagated)
                          2.00    2.00 v input external delay
                  0.24    0.20    2.20 v rst (in)
     5    0.11                           rst (net)
                  0.26    0.00    2.20 v _100_/A (sky130_fd_sc_hd__buf_1)
                  0.90    0.83    3.02 v _100_/X (sky130_fd_sc_hd__buf_1)
    10    0.16                           _056_ (net)
                  0.90    0.03    3.05 v _106_/A (sky130_fd_sc_hd__inv_2)
                  0.24    0.38    3.43 ^ _106_/Y (sky130_fd_sc_hd__inv_2)
     1    0.02                           _018_ (net)
                  0.24    0.00    3.43 ^ _120_/RESET_B (sky130_fd_sc_hd__dfrtp_2)
                                  3.43   data arrival time

                         10.00   10.00   clock clk (rise edge)
                          0.00   10.00   clock source latency
                  0.24    0.16   10.16 ^ clk (in)
     1    0.05                           clk (net)
                  0.24    0.00   10.16 ^ clkbuf_0_clk/A (sky130_fd_sc_hd__clkbuf_16)
                  0.06    0.20   10.36 ^ clkbuf_0_clk/X (sky130_fd_sc_hd__clkbuf_16)
     2    0.04                           clknet_0_clk (net)
                  0.06    0.00   10.36 ^ clkbuf_1_1__f_clk/A (sky130_fd_sc_hd__clkbuf_16)
                  0.10    0.17   10.53 ^ clkbuf_1_1__f_clk/X (sky130_fd_sc_hd__clkbuf_16)
     8    0.09                           clknet_1_1__leaf_clk (net)
                  0.10    0.00   10.53 ^ _120_/CLK (sky130_fd_sc_hd__dfrtp_2)
                         -0.25   10.28   clock uncertainty
                          0.00   10.28   clock reconvergence pessimism
                          0.18   10.46   library recovery time
                                 10.46   data required time
-----------------------------------------------------------------------------
                                 10.46   data required time
                                 -3.43   data arrival time
-----------------------------------------------------------------------------
                                  7.03   slack (MET)


Startpoint: rst (input port clocked by clk)
Endpoint: _119_ (recovery check against rising-edge clock clk)
Path Group: asynchronous
Path Type: max

Fanout     Cap    Slew   Delay    Time   Description
-----------------------------------------------------------------------------
                          0.00    0.00   clock clk (rise edge)
                          0.00    0.00   clock network delay (propagated)
                          2.00    2.00 v input external delay
                  0.24    0.20    2.20 v rst (in)
     5    0.11                           rst (net)
                  0.26    0.00    2.20 v _100_/A (sky130_fd_sc_hd__buf_1)
                  0.90    0.83    3.02 v _100_/X (sky130_fd_sc_hd__buf_1)
    10    0.16                           _056_ (net)
                  0.90    0.04    3.06 v _105_/A (sky130_fd_sc_hd__inv_2)
                  0.21    0.33    3.39 ^ _105_/Y (sky130_fd_sc_hd__inv_2)
     1    0.02                           _017_ (net)
                  0.21    0.00    3.39 ^ _119_/RESET_B (sky130_fd_sc_hd__dfrtp_2)
                                  3.39   data arrival time

                         10.00   10.00   clock clk (rise edge)
                          0.00   10.00   clock source latency
                  0.24    0.16   10.16 ^ clk (in)
     1    0.05                           clk (net)
                  0.24    0.00   10.16 ^ clkbuf_0_clk/A (sky130_fd_sc_hd__clkbuf_16)
                  0.06    0.20   10.36 ^ clkbuf_0_clk/X (sky130_fd_sc_hd__clkbuf_16)
     2    0.04                           clknet_0_clk (net)
                  0.06    0.00   10.36 ^ clkbuf_1_1__f_clk/A (sky130_fd_sc_hd__clkbuf_16)
                  0.10    0.17   10.53 ^ clkbuf_1_1__f_clk/X (sky130_fd_sc_hd__clkbuf_16)
     8    0.09                           clknet_1_1__leaf_clk (net)
                  0.10    0.00   10.53 ^ _119_/CLK (sky130_fd_sc_hd__dfrtp_2)
                         -0.25   10.28   clock uncertainty
                          0.00   10.28   clock reconvergence pessimism
                          0.19   10.47   library recovery time
                                 10.47   data required time
-----------------------------------------------------------------------------
                                 10.47   data required time
                                 -3.39   data arrival time
-----------------------------------------------------------------------------
                                  7.07   slack (MET)


Startpoint: _117_ (rising edge-triggered flip-flop clocked by clk)
Endpoint: _120_ (rising edge-triggered flip-flop clocked by clk)
Path Group: clk
Path Type: max

Fanout     Cap    Slew   Delay    Time   Description
-----------------------------------------------------------------------------
                          0.00    0.00   clock clk (rise edge)
                          0.00    0.00   clock source latency
                  0.24    0.18    0.18 ^ clk (in)
     1    0.05                           clk (net)
                  0.24    0.00    0.18 ^ clkbuf_0_clk/A (sky130_fd_sc_hd__clkbuf_16)
                  0.06    0.22    0.40 ^ clkbuf_0_clk/X (sky130_fd_sc_hd__clkbuf_16)
     2    0.04                           clknet_0_clk (net)
                  0.06    0.00    0.40 ^ clkbuf_1_0__f_clk/A (sky130_fd_sc_hd__clkbuf_16)
                  0.09    0.18    0.58 ^ clkbuf_1_0__f_clk/X (sky130_fd_sc_hd__clkbuf_16)
     6    0.08                           clknet_1_0__leaf_clk (net)
                  0.09    0.00    0.58 ^ _117_/CLK (sky130_fd_sc_hd__dfrtp_2)
                  0.44    0.68    1.25 ^ _117_/Q (sky130_fd_sc_hd__dfrtp_2)
     4    0.09                           u_sevenseg.refresh_count[1] (net)
                  0.44    0.03    1.28 ^ _069_/A (sky130_fd_sc_hd__and4_2)
                  0.13    0.40    1.68 ^ _069_/X (sky130_fd_sc_hd__and4_2)
     1    0.02                           _035_ (net)
                  0.13    0.00    1.68 ^ _070_/A (sky130_fd_sc_hd__buf_1)
                  1.22    0.96    2.64 ^ _070_/X (sky130_fd_sc_hd__buf_1)
     7    0.11                           _036_ (net)
                  1.22    0.02    2.66 ^ _075_/B (sky130_fd_sc_hd__xor2_2)
                  0.22    0.21    2.86 v _075_/X (sky130_fd_sc_hd__xor2_2)
     1    0.01                           _007_ (net)
                  0.22    0.00    2.86 v _120_/D (sky130_fd_sc_hd__dfrtp_2)
                                  2.86   data arrival time

                         10.00   10.00   clock clk (rise edge)
                          0.00   10.00   clock source latency
                  0.24    0.16   10.16 ^ clk (in)
     1    0.05                           clk (net)
                  0.24    0.00   10.16 ^ clkbuf_0_clk/A (sky130_fd_sc_hd__clkbuf_16)
                  0.06    0.20   10.36 ^ clkbuf_0_clk/X (sky130_fd_sc_hd__clkbuf_16)
     2    0.04                           clknet_0_clk (net)
                  0.06    0.00   10.36 ^ clkbuf_1_1__f_clk/A (sky130_fd_sc_hd__clkbuf_16)
                  0.10    0.17   10.53 ^ clkbuf_1_1__f_clk/X (sky130_fd_sc_hd__clkbuf_16)
     8    0.09                           clknet_1_1__leaf_clk (net)
                  0.10    0.00   10.53 ^ _120_/CLK (sky130_fd_sc_hd__dfrtp_2)
                         -0.25   10.28   clock uncertainty
                          0.04   10.32   clock reconvergence pessimism
                         -0.18   10.14   library setup time
                                 10.14   data required time
-----------------------------------------------------------------------------
                                 10.14   data required time
                                 -2.86   data arrival time
-----------------------------------------------------------------------------
                                  7.28   slack (MET)


Startpoint: _117_ (rising edge-triggered flip-flop clocked by clk)
Endpoint: _118_ (rising edge-triggered flip-flop clocked by clk)
Path Group: clk
Path Type: max

Fanout     Cap    Slew   Delay    Time   Description
-----------------------------------------------------------------------------
                          0.00    0.00   clock clk (rise edge)
                          0.00    0.00   clock source latency
                  0.24    0.18    0.18 ^ clk (in)
     1    0.05                           clk (net)
                  0.24    0.00    0.18 ^ clkbuf_0_clk/A (sky130_fd_sc_hd__clkbuf_16)
                  0.06    0.22    0.40 ^ clkbuf_0_clk/X (sky130_fd_sc_hd__clkbuf_16)
     2    0.04                           clknet_0_clk (net)
                  0.06    0.00    0.40 ^ clkbuf_1_0__f_clk/A (sky130_fd_sc_hd__clkbuf_16)
                  0.09    0.18    0.58 ^ clkbuf_1_0__f_clk/X (sky130_fd_sc_hd__clkbuf_16)
     6    0.08                           clknet_1_0__leaf_clk (net)
                  0.09    0.00    0.58 ^ _117_/CLK (sky130_fd_sc_hd__dfrtp_2)
                  0.24    0.61    1.19 v _117_/Q (sky130_fd_sc_hd__dfrtp_2)
     4    0.09                           u_sevenseg.refresh_count[1] (net)
                  0.24    0.02    1.21 v _061_/A (sky130_fd_sc_hd__and3_2)
                  0.16    0.39    1.60 v _061_/X (sky130_fd_sc_hd__and3_2)
     3    0.06                           _031_ (net)
                  0.16    0.02    1.62 v _068_/A (sky130_fd_sc_hd__nor2_2)
                  0.74    0.66    2.28 ^ _068_/Y (sky130_fd_sc_hd__nor2_2)
     1    0.07                           _005_ (net)
                  0.75    0.03    2.31 ^ _118_/D (sky130_fd_sc_hd__dfrtp_2)
                                  2.31   data arrival time

                         10.00   10.00   clock clk (rise edge)
                          0.00   10.00   clock source latency
                  0.24    0.16   10.16 ^ clk (in)
     1    0.05                           clk (net)
                  0.24    0.00   10.16 ^ clkbuf_0_clk/A (sky130_fd_sc_hd__clkbuf_16)
                  0.06    0.20   10.36 ^ clkbuf_0_clk/X (sky130_fd_sc_hd__clkbuf_16)
     2    0.04                           clknet_0_clk (net)
                  0.06    0.00   10.36 ^ clkbuf_1_1__f_clk/A (sky130_fd_sc_hd__clkbuf_16)
                  0.10    0.17   10.53 ^ clkbuf_1_1__f_clk/X (sky130_fd_sc_hd__clkbuf_16)
     8    0.09                           clknet_1_1__leaf_clk (net)
                  0.10    0.00   10.53 ^ _118_/CLK (sky130_fd_sc_hd__dfrtp_2)
                         -0.25   10.28   clock uncertainty
                          0.04   10.32   clock reconvergence pessimism
                         -0.18   10.14   library setup time
                                 10.14   data required time
-----------------------------------------------------------------------------
                                 10.14   data required time
                                 -2.31   data arrival time
-----------------------------------------------------------------------------
                                  7.83   slack (MET)


Startpoint: rst (input port clocked by clk)
Endpoint: _125_ (recovery check against rising-edge clock clk)
Path Group: asynchronous
Path Type: max

Fanout     Cap    Slew   Delay    Time   Description
-----------------------------------------------------------------------------
                          0.00    0.00   clock clk (rise edge)
                          0.00    0.00   clock network delay (propagated)
                          2.00    2.00 v input external delay
                  0.24    0.19    2.19 v rst (in)
     5    0.11                           rst (net)
                  0.25    0.00    2.19 v _111_/A (sky130_fd_sc_hd__inv_2)
                  0.25    0.30    2.49 ^ _111_/Y (sky130_fd_sc_hd__inv_2)
     1    0.05                           _023_ (net)
                  0.25    0.02    2.51 ^ _125_/RESET_B (sky130_fd_sc_hd__dfrtp_2)
                                  2.51   data arrival time

                         10.00   10.00   clock clk (rise edge)
                          0.00   10.00   clock source latency
                  0.24    0.16   10.16 ^ clk (in)
     1    0.05                           clk (net)
                  0.24    0.00   10.16 ^ clkbuf_0_clk/A (sky130_fd_sc_hd__clkbuf_16)
                  0.06    0.20   10.36 ^ clkbuf_0_clk/X (sky130_fd_sc_hd__clkbuf_16)
     2    0.04                           clknet_0_clk (net)
                  0.06    0.00   10.36 ^ clkbuf_1_1__f_clk/A (sky130_fd_sc_hd__clkbuf_16)
                  0.10    0.17   10.53 ^ clkbuf_1_1__f_clk/X (sky130_fd_sc_hd__clkbuf_16)
     8    0.09                           clknet_1_1__leaf_clk (net)
                  0.10    0.00   10.53 ^ _125_/CLK (sky130_fd_sc_hd__dfrtp_2)
                         -0.25   10.28   clock uncertainty
                          0.00   10.28   clock reconvergence pessimism
                          0.18   10.46   library recovery time
                                 10.46   data required time
-----------------------------------------------------------------------------
                                 10.46   data required time
                                 -2.51   data arrival time
-----------------------------------------------------------------------------
                                  7.95   slack (MET)


Startpoint: rst (input port clocked by clk)
Endpoint: _127_ (recovery check against rising-edge clock clk)
Path Group: asynchronous
Path Type: max

Fanout     Cap    Slew   Delay    Time   Description
-----------------------------------------------------------------------------
                          0.00    0.00   clock clk (rise edge)
                          0.00    0.00   clock network delay (propagated)
                          2.00    2.00 v input external delay
                  0.24    0.20    2.20 v rst (in)
     5    0.11                           rst (net)
                  0.26    0.00    2.20 v _113_/A (sky130_fd_sc_hd__inv_2)
                  0.19    0.26    2.46 ^ _113_/Y (sky130_fd_sc_hd__inv_2)
     1    0.04                           _025_ (net)
                  0.19    0.01    2.47 ^ _127_/RESET_B (sky130_fd_sc_hd__dfrtp_2)
                                  2.47   data arrival time

                         10.00   10.00   clock clk (rise edge)
                          0.00   10.00   clock source latency
                  0.24    0.16   10.16 ^ clk (in)
     1    0.05                           clk (net)
                  0.24    0.00   10.16 ^ clkbuf_0_clk/A (sky130_fd_sc_hd__clkbuf_16)
                  0.06    0.20   10.36 ^ clkbuf_0_clk/X (sky130_fd_sc_hd__clkbuf_16)
     2    0.04                           clknet_0_clk (net)
                  0.06    0.00   10.36 ^ clkbuf_1_0__f_clk/A (sky130_fd_sc_hd__clkbuf_16)
                  0.09    0.17   10.52 ^ clkbuf_1_0__f_clk/X (sky130_fd_sc_hd__clkbuf_16)
     6    0.08                           clknet_1_0__leaf_clk (net)
                  0.09    0.00   10.52 ^ _127_/CLK (sky130_fd_sc_hd__dfrtp_2)
                         -0.25   10.27   clock uncertainty
                          0.00   10.27   clock reconvergence pessimism
                          0.19   10.46   library recovery time
                                 10.46   data required time
-----------------------------------------------------------------------------
                                 10.46   data required time
                                 -2.47   data arrival time
-----------------------------------------------------------------------------
                                  7.99   slack (MET)


Startpoint: rst (input port clocked by clk)
Endpoint: _126_ (recovery check against rising-edge clock clk)
Path Group: asynchronous
Path Type: max

Fanout     Cap    Slew   Delay    Time   Description
-----------------------------------------------------------------------------
                          0.00    0.00   clock clk (rise edge)
                          0.00    0.00   clock network delay (propagated)
                          2.00    2.00 v input external delay
                  0.24    0.20    2.20 v rst (in)
     5    0.11                           rst (net)
                  0.26    0.00    2.20 v _112_/A (sky130_fd_sc_hd__inv_2)
                  0.19    0.26    2.46 ^ _112_/Y (sky130_fd_sc_hd__inv_2)
     1    0.04                           _024_ (net)
                  0.19    0.01    2.47 ^ _126_/RESET_B (sky130_fd_sc_hd__dfrtp_2)
                                  2.47   data arrival time

                         10.00   10.00   clock clk (rise edge)
                          0.00   10.00   clock source latency
                  0.24    0.16   10.16 ^ clk (in)
     1    0.05                           clk (net)
                  0.24    0.00   10.16 ^ clkbuf_0_clk/A (sky130_fd_sc_hd__clkbuf_16)
                  0.06    0.20   10.36 ^ clkbuf_0_clk/X (sky130_fd_sc_hd__clkbuf_16)
     2    0.04                           clknet_0_clk (net)
                  0.06    0.00   10.36 ^ clkbuf_1_0__f_clk/A (sky130_fd_sc_hd__clkbuf_16)
                  0.09    0.17   10.52 ^ clkbuf_1_0__f_clk/X (sky130_fd_sc_hd__clkbuf_16)
     6    0.08                           clknet_1_0__leaf_clk (net)
                  0.09    0.00   10.52 ^ _126_/CLK (sky130_fd_sc_hd__dfrtp_2)
                         -0.25   10.27   clock uncertainty
                          0.00   10.27   clock reconvergence pessimism
                          0.19   10.46   library recovery time
                                 10.46   data required time
-----------------------------------------------------------------------------
                                 10.46   data required time
                                 -2.47   data arrival time
-----------------------------------------------------------------------------
                                  7.99   slack (MET)


Startpoint: rst (input port clocked by clk)
Endpoint: _128_ (recovery check against rising-edge clock clk)
Path Group: asynchronous
Path Type: max

Fanout     Cap    Slew   Delay    Time   Description
-----------------------------------------------------------------------------
                          0.00    0.00   clock clk (rise edge)
                          0.00    0.00   clock network delay (propagated)
                          2.00    2.00 v input external delay
                  0.24    0.19    2.19 v rst (in)
     5    0.11                           rst (net)
                  0.25    0.00    2.19 v _114_/A (sky130_fd_sc_hd__inv_2)
                  0.09    0.14    2.34 ^ _114_/Y (sky130_fd_sc_hd__inv_2)
     1    0.01                           _026_ (net)
                  0.09    0.00    2.34 ^ _128_/RESET_B (sky130_fd_sc_hd__dfrtp_2)
                                  2.34   data arrival time

                         10.00   10.00   clock clk (rise edge)
                          0.00   10.00   clock source latency
                  0.24    0.16   10.16 ^ clk (in)
     1    0.05                           clk (net)
                  0.24    0.00   10.16 ^ clkbuf_0_clk/A (sky130_fd_sc_hd__clkbuf_16)
                  0.06    0.20   10.36 ^ clkbuf_0_clk/X (sky130_fd_sc_hd__clkbuf_16)
     2    0.04                           clknet_0_clk (net)
                  0.06    0.00   10.36 ^ clkbuf_1_0__f_clk/A (sky130_fd_sc_hd__clkbuf_16)
                  0.09    0.17   10.52 ^ clkbuf_1_0__f_clk/X (sky130_fd_sc_hd__clkbuf_16)
     6    0.08                           clknet_1_0__leaf_clk (net)
                  0.09    0.00   10.52 ^ _128_/CLK (sky130_fd_sc_hd__dfrtp_2)
                         -0.25   10.27   clock uncertainty
                          0.00   10.27   clock reconvergence pessimism
                          0.22   10.49   library recovery time
                                 10.49   data required time
-----------------------------------------------------------------------------
                                 10.49   data required time
                                 -2.34   data arrival time
-----------------------------------------------------------------------------
                                  8.16   slack (MET)


Startpoint: _117_ (rising edge-triggered flip-flop clocked by clk)
Endpoint: _117_ (rising edge-triggered flip-flop clocked by clk)
Path Group: clk
Path Type: max

Fanout     Cap    Slew   Delay    Time   Description
-----------------------------------------------------------------------------
                          0.00    0.00   clock clk (rise edge)
                          0.00    0.00   clock source latency
                  0.24    0.18    0.18 ^ clk (in)
     1    0.05                           clk (net)
                  0.24    0.00    0.18 ^ clkbuf_0_clk/A (sky130_fd_sc_hd__clkbuf_16)
                  0.06    0.22    0.40 ^ clkbuf_0_clk/X (sky130_fd_sc_hd__clkbuf_16)
     2    0.04                           clknet_0_clk (net)
                  0.06    0.00    0.40 ^ clkbuf_1_0__f_clk/A (sky130_fd_sc_hd__clkbuf_16)
                  0.09    0.18    0.58 ^ clkbuf_1_0__f_clk/X (sky130_fd_sc_hd__clkbuf_16)
     6    0.08                           clknet_1_0__leaf_clk (net)
                  0.09    0.00    0.58 ^ _117_/CLK (sky130_fd_sc_hd__dfrtp_2)
                  0.44    0.68    1.25 ^ _117_/Q (sky130_fd_sc_hd__dfrtp_2)
     4    0.09                           u_sevenseg.refresh_count[1] (net)
                  0.44    0.02    1.28 ^ _066_/A (sky130_fd_sc_hd__xor2_2)
                  0.51    0.49    1.77 ^ _066_/X (sky130_fd_sc_hd__xor2_2)
     1    0.04                           _004_ (net)
                  0.51    0.01    1.78 ^ _117_/D (sky130_fd_sc_hd__dfrtp_2)
                                  1.78   data arrival time

                         10.00   10.00   clock clk (rise edge)
                          0.00   10.00   clock source latency
                  0.24    0.16   10.16 ^ clk (in)
     1    0.05                           clk (net)
                  0.24    0.00   10.16 ^ clkbuf_0_clk/A (sky130_fd_sc_hd__clkbuf_16)
                  0.06    0.20   10.36 ^ clkbuf_0_clk/X (sky130_fd_sc_hd__clkbuf_16)
     2    0.04                           clknet_0_clk (net)
                  0.06    0.00   10.36 ^ clkbuf_1_0__f_clk/A (sky130_fd_sc_hd__clkbuf_16)
                  0.09    0.17   10.52 ^ clkbuf_1_0__f_clk/X (sky130_fd_sc_hd__clkbuf_16)
     6    0.08                           clknet_1_0__leaf_clk (net)
                  0.09    0.00   10.52 ^ _117_/CLK (sky130_fd_sc_hd__dfrtp_2)
                         -0.25   10.27   clock uncertainty
                          0.06   10.33   clock reconvergence pessimism
                         -0.16   10.17   library setup time
                                 10.17   data required time
-----------------------------------------------------------------------------
                                 10.17   data required time
                                 -1.78   data arrival time
-----------------------------------------------------------------------------
                                  8.39   slack (MET)


Startpoint: _116_ (rising edge-triggered flip-flop clocked by clk)
Endpoint: _116_ (rising edge-triggered flip-flop clocked by clk)
Path Group: clk
Path Type: max

Fanout     Cap    Slew   Delay    Time   Description
-----------------------------------------------------------------------------
                          0.00    0.00   clock clk (rise edge)
                          0.00    0.00   clock source latency
                  0.24    0.18    0.18 ^ clk (in)
     1    0.05                           clk (net)
                  0.24    0.00    0.18 ^ clkbuf_0_clk/A (sky130_fd_sc_hd__clkbuf_16)
                  0.06    0.22    0.40 ^ clkbuf_0_clk/X (sky130_fd_sc_hd__clkbuf_16)
     2    0.04                           clknet_0_clk (net)
                  0.06    0.00    0.40 ^ clkbuf_1_1__f_clk/A (sky130_fd_sc_hd__clkbuf_16)
                  0.10    0.19    0.59 ^ clkbuf_1_1__f_clk/X (sky130_fd_sc_hd__clkbuf_16)
     8    0.09                           clknet_1_1__leaf_clk (net)
                  0.10    0.00    0.59 ^ _116_/CLK (sky130_fd_sc_hd__dfrtp_2)
                  0.42    0.67    1.25 ^ _116_/Q (sky130_fd_sc_hd__dfrtp_2)
     5    0.09                           u_sevenseg.refresh_count[0] (net)
                  0.42    0.02    1.27 ^ _065_/A (sky130_fd_sc_hd__inv_2)
                  0.12    0.15    1.42 v _065_/Y (sky130_fd_sc_hd__inv_2)
     1    0.02                           _000_ (net)
                  0.12    0.00    1.42 v _116_/D (sky130_fd_sc_hd__dfrtp_2)
                                  1.42   data arrival time

                         10.00   10.00   clock clk (rise edge)
                          0.00   10.00   clock source latency
                  0.24    0.16   10.16 ^ clk (in)
     1    0.05                           clk (net)
                  0.24    0.00   10.16 ^ clkbuf_0_clk/A (sky130_fd_sc_hd__clkbuf_16)
                  0.06    0.20   10.36 ^ clkbuf_0_clk/X (sky130_fd_sc_hd__clkbuf_16)
     2    0.04                           clknet_0_clk (net)
                  0.06    0.00   10.36 ^ clkbuf_1_1__f_clk/A (sky130_fd_sc_hd__clkbuf_16)
                  0.10    0.17   10.53 ^ clkbuf_1_1__f_clk/X (sky130_fd_sc_hd__clkbuf_16)
     8    0.09                           clknet_1_1__leaf_clk (net)
                  0.10    0.00   10.53 ^ _116_/CLK (sky130_fd_sc_hd__dfrtp_2)
                         -0.25   10.28   clock uncertainty
                          0.06   10.34   clock reconvergence pessimism
                         -0.14   10.20   library setup time
                                 10.20   data required time
-----------------------------------------------------------------------------
                                 10.20   data required time
                                 -1.42   data arrival time
-----------------------------------------------------------------------------
                                  8.78   slack (MET)



