
===========================================================================
report_checks -unconstrained
===========================================================================
======================= Fastest Corner ===================================

Startpoint: B[0] (input port clocked by __VIRTUAL_CLK__)
Endpoint: Y[0] (output port clocked by __VIRTUAL_CLK__)
Path Group: __VIRTUAL_CLK__
Path Type: max
Corner: Fastest

Fanout     Cap    Slew   Delay    Time   Description
-----------------------------------------------------------------------------
                  0.00    0.00    0.00   clock __VIRTUAL_CLK__ (rise edge)
                          0.00    0.00   clock network delay (ideal)
                          2.00    2.00 ^ input external delay
                  0.02    0.01    2.01 ^ B[0] (in)
     1    0.00                           B[0] (net)
                  0.02    0.00    2.01 ^ input9/A (sky130_fd_sc_hd__buf_4)
                  0.20    0.19    2.20 ^ input9/X (sky130_fd_sc_hd__buf_4)
     3    0.10                           net9 (net)
                  0.20    0.01    2.21 ^ _0664_/B_N (sky130_fd_sc_hd__or2b_4)
                  0.11    0.26    2.48 v _0664_/X (sky130_fd_sc_hd__or2b_4)
     2    0.09                           _0374_ (net)
                  0.11    0.01    2.49 v _0665_/A2 (sky130_fd_sc_hd__a21oi_4)
                  0.51    0.46    2.95 ^ _0665_/Y (sky130_fd_sc_hd__a21oi_4)
     3    0.10                           _0385_ (net)
                  0.51    0.01    2.96 ^ _0667_/A2 (sky130_fd_sc_hd__o31a_4)
                  0.23    0.25    3.21 ^ _0667_/X (sky130_fd_sc_hd__o31a_4)
     4    0.10                           _0406_ (net)
                  0.23    0.02    3.23 ^ _0668_/B (sky130_fd_sc_hd__or2_4)
                  0.25    0.27    3.50 ^ _0668_/X (sky130_fd_sc_hd__or2_4)
     4    0.11                           _0417_ (net)
                  0.25    0.01    3.50 ^ _0676_/A2 (sky130_fd_sc_hd__a31o_4)
                  0.35    0.35    3.85 ^ _0676_/X (sky130_fd_sc_hd__a31o_4)
     6    0.15                           _0503_ (net)
                  0.35    0.02    3.88 ^ _0687_/D_N (sky130_fd_sc_hd__or4b_4)
                  0.11    0.37    4.25 v _0687_/X (sky130_fd_sc_hd__or4b_4)
     3    0.05                           _0619_ (net)
                  0.11    0.01    4.26 v _0690_/A3 (sky130_fd_sc_hd__a32o_4)
                  0.08    0.25    4.51 v _0690_/X (sky130_fd_sc_hd__a32o_4)
     3    0.06                           _0626_ (net)
                  0.08    0.00    4.51 v _0692_/A3 (sky130_fd_sc_hd__a31o_2)
                  0.09    0.25    4.77 v _0692_/X (sky130_fd_sc_hd__a31o_2)
     1    0.05                           _0628_ (net)
                  0.09    0.01    4.77 v _0693_/A2 (sky130_fd_sc_hd__a211oi_4)
                  0.35    0.36    5.14 ^ _0693_/Y (sky130_fd_sc_hd__a211oi_4)
     2    0.04                           _0629_ (net)
                  0.35    0.00    5.14 ^ wire53/A (sky130_fd_sc_hd__buf_2)
                  0.15    0.20    5.34 ^ wire53/X (sky130_fd_sc_hd__buf_2)
     3    0.04                           net53 (net)
                  0.15    0.00    5.35 ^ max_cap52/A (sky130_fd_sc_hd__clkbuf_2)
                  0.15    0.18    5.53 ^ max_cap52/X (sky130_fd_sc_hd__clkbuf_2)
     1    0.04                           net52 (net)
                  0.15    0.00    5.53 ^ _0701_/B (sky130_fd_sc_hd__nand3b_4)
                  0.22    0.20    5.74 v _0701_/Y (sky130_fd_sc_hd__nand3b_4)
     4    0.10                           _0637_ (net)
                  0.22    0.01    5.75 v _0706_/A2 (sky130_fd_sc_hd__a21o_4)
                  0.10    0.28    6.03 v _0706_/X (sky130_fd_sc_hd__a21o_4)
     3    0.10                           _0642_ (net)
                  0.11    0.02    6.05 v _0720_/B2 (sky130_fd_sc_hd__a22oi_4)
                  0.23    0.23    6.28 ^ _0720_/Y (sky130_fd_sc_hd__a22oi_4)
     2    0.05                           _0002_ (net)
                  0.23    0.00    6.28 ^ _0730_/A2 (sky130_fd_sc_hd__o31ai_4)
                  0.12    0.11    6.39 v _0730_/Y (sky130_fd_sc_hd__o31ai_4)
     2    0.04                           _0012_ (net)
                  0.12    0.00    6.40 v _0732_/A2 (sky130_fd_sc_hd__a21oi_4)
                  0.40    0.38    6.78 ^ _0732_/Y (sky130_fd_sc_hd__a21oi_4)
     3    0.08                           _0014_ (net)
                  0.40    0.00    6.78 ^ max_cap46/A (sky130_fd_sc_hd__buf_4)
                  0.12    0.18    6.96 ^ max_cap46/X (sky130_fd_sc_hd__buf_4)
     3    0.06                           net46 (net)
                  0.13    0.01    6.97 ^ _0733_/S (sky130_fd_sc_hd__mux2_8)
                  0.09    0.30    7.26 v _0733_/X (sky130_fd_sc_hd__mux2_8)
     3    0.08                           _0015_ (net)
                  0.09    0.01    7.27 v _0746_/B (sky130_fd_sc_hd__xnor2_1)
                  0.20    0.20    7.47 ^ _0746_/Y (sky130_fd_sc_hd__xnor2_1)
     1    0.01                           _0028_ (net)
                  0.20    0.00    7.47 ^ wire42/A (sky130_fd_sc_hd__buf_4)
                  0.21    0.22    7.70 ^ wire42/X (sky130_fd_sc_hd__buf_4)
     3    0.10                           net42 (net)
                  0.21    0.02    7.72 ^ _0763_/A1 (sky130_fd_sc_hd__a21o_4)
                  0.17    0.19    7.91 ^ _0763_/X (sky130_fd_sc_hd__a21o_4)
     2    0.08                           _0045_ (net)
                  0.18    0.02    7.94 ^ _0765_/A2 (sky130_fd_sc_hd__a21o_4)
                  0.32    0.30    8.24 ^ _0765_/X (sky130_fd_sc_hd__a21o_4)
     4    0.16                           _0047_ (net)
                  0.32    0.02    8.26 ^ _0776_/A1 (sky130_fd_sc_hd__a32oi_4)
                  0.20    0.20    8.45 v _0776_/Y (sky130_fd_sc_hd__a32oi_4)
     3    0.06                           _0058_ (net)
                  0.20    0.01    8.47 v _0780_/A2 (sky130_fd_sc_hd__a21oi_4)
                  0.27    0.31    8.78 ^ _0780_/Y (sky130_fd_sc_hd__a21oi_4)
     5    0.05                           _0062_ (net)
                  0.27    0.00    8.78 ^ max_cap39/A (sky130_fd_sc_hd__buf_4)
                  0.13    0.18    8.96 ^ max_cap39/X (sky130_fd_sc_hd__buf_4)
     4    0.06                           net39 (net)
                  0.13    0.01    8.97 ^ _0788_/A2 (sky130_fd_sc_hd__o21ba_4)
                  0.37    0.33    9.30 ^ _0788_/X (sky130_fd_sc_hd__o21ba_4)
     4    0.14                           _0070_ (net)
                  0.37    0.03    9.33 ^ _0789_/B (sky130_fd_sc_hd__xnor2_4)
                  0.20    0.18    9.51 v _0789_/Y (sky130_fd_sc_hd__xnor2_4)
     3    0.09                           _0071_ (net)
                  0.20    0.02    9.53 v _0825_/A (sky130_fd_sc_hd__nor2_2)
                  0.35    0.35    9.89 ^ _0825_/Y (sky130_fd_sc_hd__nor2_2)
     2    0.04                           _0107_ (net)
                  0.35    0.00    9.89 ^ _0835_/A4 (sky130_fd_sc_hd__a41o_4)
                  0.18    0.27   10.16 ^ _0835_/X (sky130_fd_sc_hd__a41o_4)
     3    0.08                           _0117_ (net)
                  0.18    0.02   10.18 ^ _0836_/B (sky130_fd_sc_hd__and2_1)
                  0.20    0.22   10.40 ^ _0836_/X (sky130_fd_sc_hd__and2_1)
     1    0.03                           _0118_ (net)
                  0.20    0.00   10.40 ^ _0837_/A (sky130_fd_sc_hd__buf_6)
                  0.23    0.23   10.63 ^ _0837_/X (sky130_fd_sc_hd__buf_6)
     8    0.15                           _0119_ (net)
                  0.23    0.01   10.64 ^ _0850_/S (sky130_fd_sc_hd__mux2_4)
                  0.21    0.27   10.92 ^ _0850_/X (sky130_fd_sc_hd__mux2_4)
     4    0.10                           _0132_ (net)
                  0.21    0.01   10.92 ^ _0851_/B1 (sky130_fd_sc_hd__o22a_2)
                  0.18    0.22   11.14 ^ _0851_/X (sky130_fd_sc_hd__o22a_2)
     1    0.05                           _0133_ (net)
                  0.18    0.00   11.14 ^ _0863_/A1 (sky130_fd_sc_hd__a21o_1)
                  0.24    0.24   11.38 ^ _0863_/X (sky130_fd_sc_hd__a21o_1)
     1    0.04                           _0145_ (net)
                  0.24    0.00   11.39 ^ _0871_/A2 (sky130_fd_sc_hd__a21o_1)
                  0.16    0.19   11.58 ^ _0871_/X (sky130_fd_sc_hd__a21o_1)
     1    0.02                           _0153_ (net)
                  0.16    0.00   11.58 ^ _0881_/A1 (sky130_fd_sc_hd__a21oi_2)
                  0.10    0.11   11.69 v _0881_/Y (sky130_fd_sc_hd__a21oi_2)
     2    0.04                           _0163_ (net)
                  0.10    0.00   11.69 v _0895_/A (sky130_fd_sc_hd__or4_2)
                  0.12    0.49   12.18 v _0895_/X (sky130_fd_sc_hd__or4_2)
     1    0.03                           _0177_ (net)
                  0.12    0.00   12.19 v _0896_/A (sky130_fd_sc_hd__buf_1)
                  0.04    0.11   12.30 v _0896_/X (sky130_fd_sc_hd__buf_1)
     1    0.01                           net20 (net)
                  0.04    0.00   12.30 v output20/A (sky130_fd_sc_hd__clkbuf_4)
                  0.06    0.13   12.43 v output20/X (sky130_fd_sc_hd__clkbuf_4)
     1    0.03                           Y[0] (net)
                  0.06    0.00   12.43 v Y[0] (out)
                                 12.43   data arrival time

                  0.00   10.00   10.00   clock __VIRTUAL_CLK__ (rise edge)
                          0.00   10.00   clock network delay (ideal)
                         -0.25    9.75   clock uncertainty
                          0.00    9.75   clock reconvergence pessimism
                         -2.00    7.75   output external delay
                                  7.75   data required time
-----------------------------------------------------------------------------
                                  7.75   data required time
                                -12.43   data arrival time
-----------------------------------------------------------------------------
                                 -4.68   slack (VIOLATED)



======================= Slowest Corner ===================================

Startpoint: B[0] (input port clocked by __VIRTUAL_CLK__)
Endpoint: Y[0] (output port clocked by __VIRTUAL_CLK__)
Path Group: __VIRTUAL_CLK__
Path Type: max
Corner: Slowest

Fanout     Cap    Slew   Delay    Time   Description
-----------------------------------------------------------------------------
                  0.00    0.00    0.00   clock __VIRTUAL_CLK__ (rise edge)
                          0.00    0.00   clock network delay (ideal)
                          2.00    2.00 ^ input external delay
                  0.03    0.02    2.02 ^ B[0] (in)
     1    0.00                           B[0] (net)
                  0.03    0.00    2.02 ^ input9/A (sky130_fd_sc_hd__buf_4)
                  0.42    0.47    2.49 ^ input9/X (sky130_fd_sc_hd__buf_4)
     3    0.10                           net9 (net)
                  0.42    0.01    2.50 ^ _0664_/B_N (sky130_fd_sc_hd__or2b_4)
                  0.26    0.88    3.38 v _0664_/X (sky130_fd_sc_hd__or2b_4)
     2    0.09                           _0374_ (net)
                  0.26    0.02    3.40 v _0665_/A2 (sky130_fd_sc_hd__a21oi_4)
                  1.09    1.05    4.45 ^ _0665_/Y (sky130_fd_sc_hd__a21oi_4)
     3    0.10                           _0385_ (net)
                  1.09    0.01    4.46 ^ _0667_/A2 (sky130_fd_sc_hd__o31a_4)
                  0.48    0.92    5.38 ^ _0667_/X (sky130_fd_sc_hd__o31a_4)
     4    0.10                           _0406_ (net)
                  0.48    0.02    5.40 ^ _0668_/B (sky130_fd_sc_hd__or2_4)
                  0.51    0.75    6.15 ^ _0668_/X (sky130_fd_sc_hd__or2_4)
     4    0.11                           _0417_ (net)
                  0.51    0.01    6.15 ^ _0676_/A2 (sky130_fd_sc_hd__a31o_4)
                  0.71    1.00    7.15 ^ _0676_/X (sky130_fd_sc_hd__a31o_4)
     6    0.15                           _0503_ (net)
                  0.71    0.02    7.17 ^ _0687_/D_N (sky130_fd_sc_hd__or4b_4)
                  0.29    1.40    8.57 v _0687_/X (sky130_fd_sc_hd__or4b_4)
     3    0.05                           _0619_ (net)
                  0.29    0.01    8.58 v _0690_/A3 (sky130_fd_sc_hd__a32o_4)
                  0.18    0.81    9.38 v _0690_/X (sky130_fd_sc_hd__a32o_4)
     3    0.06                           _0626_ (net)
                  0.18    0.00    9.39 v _0692_/A3 (sky130_fd_sc_hd__a31o_2)
                  0.24    0.71   10.10 v _0692_/X (sky130_fd_sc_hd__a31o_2)
     1    0.05                           _0628_ (net)
                  0.24    0.01   10.10 v _0693_/A2 (sky130_fd_sc_hd__a211oi_4)
                  0.76    0.89   10.99 ^ _0693_/Y (sky130_fd_sc_hd__a211oi_4)
     2    0.04                           _0629_ (net)
                  0.76    0.00   11.00 ^ wire53/A (sky130_fd_sc_hd__buf_2)
                  0.32    0.67   11.67 ^ wire53/X (sky130_fd_sc_hd__buf_2)
     3    0.04                           net53 (net)
                  0.32    0.00   11.67 ^ max_cap52/A (sky130_fd_sc_hd__clkbuf_2)
                  0.31    0.49   12.17 ^ max_cap52/X (sky130_fd_sc_hd__clkbuf_2)
     1    0.04                           net52 (net)
                  0.31    0.00   12.17 ^ _0701_/B (sky130_fd_sc_hd__nand3b_4)
                  0.70    0.71   12.88 v _0701_/Y (sky130_fd_sc_hd__nand3b_4)
     4    0.10                           _0637_ (net)
                  0.70    0.01   12.89 v _0706_/A2 (sky130_fd_sc_hd__a21o_4)
                  0.24    0.87   13.76 v _0706_/X (sky130_fd_sc_hd__a21o_4)
     3    0.10                           _0642_ (net)
                  0.24    0.02   13.78 v _0720_/B2 (sky130_fd_sc_hd__a22oi_4)
                  0.65    0.69   14.47 ^ _0720_/Y (sky130_fd_sc_hd__a22oi_4)
     2    0.05                           _0002_ (net)
                  0.65    0.00   14.47 ^ _0730_/A2 (sky130_fd_sc_hd__o31ai_4)
                  0.29    0.47   14.95 v _0730_/Y (sky130_fd_sc_hd__o31ai_4)
     2    0.04                           _0012_ (net)
                  0.29    0.00   14.95 v _0732_/A2 (sky130_fd_sc_hd__a21oi_4)
                  0.86    0.89   15.84 ^ _0732_/Y (sky130_fd_sc_hd__a21oi_4)
     3    0.08                           _0014_ (net)
                  0.86    0.00   15.84 ^ max_cap46/A (sky130_fd_sc_hd__buf_4)
                  0.26    0.67   16.51 ^ max_cap46/X (sky130_fd_sc_hd__buf_4)
     3    0.06                           net46 (net)
                  0.26    0.01   16.52 ^ _0733_/S (sky130_fd_sc_hd__mux2_8)
                  0.18    0.93   17.45 v _0733_/X (sky130_fd_sc_hd__mux2_8)
     3    0.08                           _0015_ (net)
                  0.18    0.01   17.45 v _0746_/B (sky130_fd_sc_hd__xnor2_1)
                  0.46    0.49   17.94 ^ _0746_/Y (sky130_fd_sc_hd__xnor2_1)
     1    0.01                           _0028_ (net)
                  0.46    0.00   17.95 ^ wire42/A (sky130_fd_sc_hd__buf_4)
                  0.43    0.66   18.60 ^ wire42/X (sky130_fd_sc_hd__buf_4)
     3    0.10                           net42 (net)
                  0.44    0.03   18.63 ^ _0763_/A1 (sky130_fd_sc_hd__a21o_4)
                  0.37    0.62   19.25 ^ _0763_/X (sky130_fd_sc_hd__a21o_4)
     2    0.08                           _0045_ (net)
                  0.37    0.02   19.27 ^ _0765_/A2 (sky130_fd_sc_hd__a21o_4)
                  0.67    0.82   20.09 ^ _0765_/X (sky130_fd_sc_hd__a21o_4)
     4    0.16                           _0047_ (net)
                  0.67    0.02   20.11 ^ _0776_/A1 (sky130_fd_sc_hd__a32oi_4)
                  0.52    0.73   20.84 v _0776_/Y (sky130_fd_sc_hd__a32oi_4)
     3    0.06                           _0058_ (net)
                  0.52    0.01   20.85 v _0780_/A2 (sky130_fd_sc_hd__a21oi_4)
                  0.57    0.77   21.62 ^ _0780_/Y (sky130_fd_sc_hd__a21oi_4)
     5    0.05                           _0062_ (net)
                  0.57    0.00   21.62 ^ max_cap39/A (sky130_fd_sc_hd__buf_4)
                  0.28    0.60   22.22 ^ max_cap39/X (sky130_fd_sc_hd__buf_4)
     4    0.06                           net39 (net)
                  0.28    0.01   22.23 ^ _0788_/A2 (sky130_fd_sc_hd__o21ba_4)
                  0.74    0.84   23.07 ^ _0788_/X (sky130_fd_sc_hd__o21ba_4)
     4    0.14                           _0070_ (net)
                  0.74    0.03   23.10 ^ _0789_/B (sky130_fd_sc_hd__xnor2_4)
                  0.49    0.65   23.75 v _0789_/Y (sky130_fd_sc_hd__xnor2_4)
     3    0.09                           _0071_ (net)
                  0.49    0.02   23.77 v _0825_/A (sky130_fd_sc_hd__nor2_2)
                  0.78    0.87   24.64 ^ _0825_/Y (sky130_fd_sc_hd__nor2_2)
     2    0.04                           _0107_ (net)
                  0.78    0.00   24.64 ^ _0835_/A4 (sky130_fd_sc_hd__a41o_4)
                  0.39    0.97   25.61 ^ _0835_/X (sky130_fd_sc_hd__a41o_4)
     3    0.08                           _0117_ (net)
                  0.39    0.02   25.63 ^ _0836_/B (sky130_fd_sc_hd__and2_1)
                  0.43    0.63   26.26 ^ _0836_/X (sky130_fd_sc_hd__and2_1)
     1    0.03                           _0118_ (net)
                  0.43    0.00   26.27 ^ _0837_/A (sky130_fd_sc_hd__buf_6)
                  0.48    0.65   26.91 ^ _0837_/X (sky130_fd_sc_hd__buf_6)
     8    0.15                           _0119_ (net)
                  0.48    0.01   26.92 ^ _0850_/S (sky130_fd_sc_hd__mux2_4)
                  0.45    0.81   27.73 ^ _0850_/X (sky130_fd_sc_hd__mux2_4)
     4    0.10                           _0132_ (net)
                  0.45    0.01   27.74 ^ _0851_/B1 (sky130_fd_sc_hd__o22a_2)
                  0.40    0.73   28.47 ^ _0851_/X (sky130_fd_sc_hd__o22a_2)
     1    0.05                           _0133_ (net)
                  0.40    0.00   28.47 ^ _0863_/A1 (sky130_fd_sc_hd__a21o_1)
                  0.50    0.67   29.15 ^ _0863_/X (sky130_fd_sc_hd__a21o_1)
     1    0.04                           _0145_ (net)
                  0.50    0.00   29.15 ^ _0871_/A2 (sky130_fd_sc_hd__a21o_1)
                  0.34    0.60   29.75 ^ _0871_/X (sky130_fd_sc_hd__a21o_1)
     1    0.02                           _0153_ (net)
                  0.34    0.00   29.75 ^ _0881_/A1 (sky130_fd_sc_hd__a21oi_2)
                  0.31    0.41   30.16 v _0881_/Y (sky130_fd_sc_hd__a21oi_2)
     2    0.04                           _0163_ (net)
                  0.31    0.00   30.17 v _0895_/A (sky130_fd_sc_hd__or4_2)
                  0.36    2.00   32.17 v _0895_/X (sky130_fd_sc_hd__or4_2)
     1    0.03                           _0177_ (net)
                  0.36    0.00   32.17 v _0896_/A (sky130_fd_sc_hd__buf_1)
                  0.11    0.35   32.52 v _0896_/X (sky130_fd_sc_hd__buf_1)
     1    0.01                           net20 (net)
                  0.11    0.00   32.52 v output20/A (sky130_fd_sc_hd__clkbuf_4)
                  0.14    0.36   32.88 v output20/X (sky130_fd_sc_hd__clkbuf_4)
     1    0.03                           Y[0] (net)
                  0.14    0.00   32.88 v Y[0] (out)
                                 32.88   data arrival time

                  0.00   10.00   10.00   clock __VIRTUAL_CLK__ (rise edge)
                          0.00   10.00   clock network delay (ideal)
                         -0.25    9.75   clock uncertainty
                          0.00    9.75   clock reconvergence pessimism
                         -2.00    7.75   output external delay
                                  7.75   data required time
-----------------------------------------------------------------------------
                                  7.75   data required time
                                -32.88   data arrival time
-----------------------------------------------------------------------------
                                -25.13   slack (VIOLATED)



======================= Typical Corner ===================================

Startpoint: B[0] (input port clocked by __VIRTUAL_CLK__)
Endpoint: Y[0] (output port clocked by __VIRTUAL_CLK__)
Path Group: __VIRTUAL_CLK__
Path Type: max
Corner: Typical

Fanout     Cap    Slew   Delay    Time   Description
-----------------------------------------------------------------------------
                  0.00    0.00    0.00   clock __VIRTUAL_CLK__ (rise edge)
                          0.00    0.00   clock network delay (ideal)
                          2.00    2.00 ^ input external delay
                  0.02    0.01    2.01 ^ B[0] (in)
     1    0.00                           B[0] (net)
                  0.02    0.00    2.01 ^ input9/A (sky130_fd_sc_hd__buf_4)
                  0.27    0.27    2.28 ^ input9/X (sky130_fd_sc_hd__buf_4)
     3    0.10                           net9 (net)
                  0.27    0.01    2.29 ^ _0664_/B_N (sky130_fd_sc_hd__or2b_4)
                  0.15    0.44    2.73 v _0664_/X (sky130_fd_sc_hd__or2b_4)
     2    0.09                           _0374_ (net)
                  0.15    0.01    2.75 v _0665_/A2 (sky130_fd_sc_hd__a21oi_4)
                  0.69    0.64    3.39 ^ _0665_/Y (sky130_fd_sc_hd__a21oi_4)
     3    0.10                           _0385_ (net)
                  0.69    0.01    3.40 ^ _0667_/A2 (sky130_fd_sc_hd__o31a_4)
                  0.30    0.45    3.84 ^ _0667_/X (sky130_fd_sc_hd__o31a_4)
     4    0.10                           _0406_ (net)
                  0.30    0.02    3.86 ^ _0668_/B (sky130_fd_sc_hd__or2_4)
                  0.33    0.41    4.28 ^ _0668_/X (sky130_fd_sc_hd__or2_4)
     4    0.11                           _0417_ (net)
                  0.33    0.01    4.28 ^ _0676_/A2 (sky130_fd_sc_hd__a31o_4)
                  0.46    0.53    4.82 ^ _0676_/X (sky130_fd_sc_hd__a31o_4)
     6    0.15                           _0503_ (net)
                  0.46    0.02    4.84 ^ _0687_/D_N (sky130_fd_sc_hd__or4b_4)
                  0.16    0.67    5.51 v _0687_/X (sky130_fd_sc_hd__or4b_4)
     3    0.05                           _0619_ (net)
                  0.16    0.01    5.51 v _0690_/A3 (sky130_fd_sc_hd__a32o_4)
                  0.11    0.46    5.97 v _0690_/X (sky130_fd_sc_hd__a32o_4)
     3    0.06                           _0626_ (net)
                  0.11    0.00    5.98 v _0692_/A3 (sky130_fd_sc_hd__a31o_2)
                  0.13    0.38    6.36 v _0692_/X (sky130_fd_sc_hd__a31o_2)
     1    0.05                           _0628_ (net)
                  0.13    0.01    6.37 v _0693_/A2 (sky130_fd_sc_hd__a211oi_4)
                  0.47    0.52    6.89 ^ _0693_/Y (sky130_fd_sc_hd__a211oi_4)
     2    0.04                           _0629_ (net)
                  0.47    0.00    6.89 ^ wire53/A (sky130_fd_sc_hd__buf_2)
                  0.20    0.34    7.23 ^ wire53/X (sky130_fd_sc_hd__buf_2)
     3    0.04                           net53 (net)
                  0.20    0.00    7.23 ^ max_cap52/A (sky130_fd_sc_hd__clkbuf_2)
                  0.20    0.27    7.50 ^ max_cap52/X (sky130_fd_sc_hd__clkbuf_2)
     1    0.04                           net52 (net)
                  0.20    0.00    7.51 ^ _0701_/B (sky130_fd_sc_hd__nand3b_4)
                  0.34    0.33    7.84 v _0701_/Y (sky130_fd_sc_hd__nand3b_4)
     4    0.10                           _0637_ (net)
                  0.34    0.01    7.85 v _0706_/A2 (sky130_fd_sc_hd__a21o_4)
                  0.14    0.44    8.29 v _0706_/X (sky130_fd_sc_hd__a21o_4)
     3    0.10                           _0642_ (net)
                  0.14    0.02    8.32 v _0720_/B2 (sky130_fd_sc_hd__a22oi_4)
                  0.41    0.42    8.73 ^ _0720_/Y (sky130_fd_sc_hd__a22oi_4)
     2    0.05                           _0002_ (net)
                  0.41    0.00    8.74 ^ _0730_/A2 (sky130_fd_sc_hd__o31ai_4)
                  0.17    0.21    8.95 v _0730_/Y (sky130_fd_sc_hd__o31ai_4)
     2    0.04                           _0012_ (net)
                  0.17    0.00    8.96 v _0732_/A2 (sky130_fd_sc_hd__a21oi_4)
                  0.54    0.53    9.49 ^ _0732_/Y (sky130_fd_sc_hd__a21oi_4)
     3    0.08                           _0014_ (net)
                  0.54    0.00    9.49 ^ max_cap46/A (sky130_fd_sc_hd__buf_4)
                  0.16    0.32    9.82 ^ max_cap46/X (sky130_fd_sc_hd__buf_4)
     3    0.06                           net46 (net)
                  0.16    0.01    9.82 ^ _0733_/S (sky130_fd_sc_hd__mux2_8)
                  0.11    0.48   10.31 v _0733_/X (sky130_fd_sc_hd__mux2_8)
     3    0.08                           _0015_ (net)
                  0.11    0.01   10.31 v _0746_/B (sky130_fd_sc_hd__xnor2_1)
                  0.28    0.29   10.61 ^ _0746_/Y (sky130_fd_sc_hd__xnor2_1)
     1    0.01                           _0028_ (net)
                  0.28    0.00   10.61 ^ wire42/A (sky130_fd_sc_hd__buf_4)
                  0.27    0.35   10.96 ^ wire42/X (sky130_fd_sc_hd__buf_4)
     3    0.10                           net42 (net)
                  0.28    0.02   10.98 ^ _0763_/A1 (sky130_fd_sc_hd__a21o_4)
                  0.23    0.32   11.30 ^ _0763_/X (sky130_fd_sc_hd__a21o_4)
     2    0.08                           _0045_ (net)
                  0.23    0.02   11.32 ^ _0765_/A2 (sky130_fd_sc_hd__a21o_4)
                  0.42    0.45   11.77 ^ _0765_/X (sky130_fd_sc_hd__a21o_4)
     4    0.16                           _0047_ (net)
                  0.42    0.02   11.79 ^ _0776_/A1 (sky130_fd_sc_hd__a32oi_4)
                  0.28    0.35   12.14 v _0776_/Y (sky130_fd_sc_hd__a32oi_4)
     3    0.06                           _0058_ (net)
                  0.28    0.01   12.15 v _0780_/A2 (sky130_fd_sc_hd__a21oi_4)
                  0.36    0.45   12.60 ^ _0780_/Y (sky130_fd_sc_hd__a21oi_4)
     5    0.05                           _0062_ (net)
                  0.36    0.00   12.60 ^ max_cap39/A (sky130_fd_sc_hd__buf_4)
                  0.18    0.30   12.90 ^ max_cap39/X (sky130_fd_sc_hd__buf_4)
     4    0.06                           net39 (net)
                  0.18    0.01   12.91 ^ _0788_/A2 (sky130_fd_sc_hd__o21ba_4)
                  0.48    0.47   13.39 ^ _0788_/X (sky130_fd_sc_hd__o21ba_4)
     4    0.14                           _0070_ (net)
                  0.48    0.03   13.42 ^ _0789_/B (sky130_fd_sc_hd__xnor2_4)
                  0.26    0.32   13.73 v _0789_/Y (sky130_fd_sc_hd__xnor2_4)
     3    0.09                           _0071_ (net)
                  0.26    0.02   13.75 v _0825_/A (sky130_fd_sc_hd__nor2_2)
                  0.48    0.50   14.25 ^ _0825_/Y (sky130_fd_sc_hd__nor2_2)
     2    0.04                           _0107_ (net)
                  0.48    0.00   14.26 ^ _0835_/A4 (sky130_fd_sc_hd__a41o_4)
                  0.24    0.46   14.71 ^ _0835_/X (sky130_fd_sc_hd__a41o_4)
     3    0.08                           _0117_ (net)
                  0.24    0.02   14.73 ^ _0836_/B (sky130_fd_sc_hd__and2_1)
                  0.27    0.34   15.07 ^ _0836_/X (sky130_fd_sc_hd__and2_1)
     1    0.03                           _0118_ (net)
                  0.27    0.00   15.07 ^ _0837_/A (sky130_fd_sc_hd__buf_6)
                  0.30    0.35   15.43 ^ _0837_/X (sky130_fd_sc_hd__buf_6)
     8    0.15                           _0119_ (net)
                  0.30    0.01   15.44 ^ _0850_/S (sky130_fd_sc_hd__mux2_4)
                  0.28    0.42   15.86 ^ _0850_/X (sky130_fd_sc_hd__mux2_4)
     4    0.10                           _0132_ (net)
                  0.28    0.01   15.87 ^ _0851_/B1 (sky130_fd_sc_hd__o22a_2)
                  0.24    0.38   16.25 ^ _0851_/X (sky130_fd_sc_hd__o22a_2)
     1    0.05                           _0133_ (net)
                  0.24    0.00   16.25 ^ _0863_/A1 (sky130_fd_sc_hd__a21o_1)
                  0.32    0.36   16.62 ^ _0863_/X (sky130_fd_sc_hd__a21o_1)
     1    0.04                           _0145_ (net)
                  0.32    0.00   16.62 ^ _0871_/A2 (sky130_fd_sc_hd__a21o_1)
                  0.22    0.31   16.93 ^ _0871_/X (sky130_fd_sc_hd__a21o_1)
     1    0.02                           _0153_ (net)
                  0.22    0.00   16.94 ^ _0881_/A1 (sky130_fd_sc_hd__a21oi_2)
                  0.15    0.19   17.13 v _0881_/Y (sky130_fd_sc_hd__a21oi_2)
     2    0.04                           _0163_ (net)
                  0.15    0.00   17.13 v _0895_/A (sky130_fd_sc_hd__or4_2)
                  0.18    0.85   17.98 v _0895_/X (sky130_fd_sc_hd__or4_2)
     1    0.03                           _0177_ (net)
                  0.18    0.00   17.99 v _0896_/A (sky130_fd_sc_hd__buf_1)
                  0.06    0.18   18.16 v _0896_/X (sky130_fd_sc_hd__buf_1)
     1    0.01                           net20 (net)
                  0.06    0.00   18.16 v output20/A (sky130_fd_sc_hd__clkbuf_4)
                  0.08    0.20   18.36 v output20/X (sky130_fd_sc_hd__clkbuf_4)
     1    0.03                           Y[0] (net)
                  0.08    0.00   18.36 v Y[0] (out)
                                 18.36   data arrival time

                  0.00   10.00   10.00   clock __VIRTUAL_CLK__ (rise edge)
                          0.00   10.00   clock network delay (ideal)
                         -0.25    9.75   clock uncertainty
                          0.00    9.75   clock reconvergence pessimism
                         -2.00    7.75   output external delay
                                  7.75   data required time
-----------------------------------------------------------------------------
                                  7.75   data required time
                                -18.36   data arrival time
-----------------------------------------------------------------------------
                                -10.61   slack (VIOLATED)




===========================================================================
report_checks --slack_max -0.01
============================================================================
======================= Fastest Corner ===================================

Startpoint: B[0] (input port clocked by __VIRTUAL_CLK__)
Endpoint: Y[0] (output port clocked by __VIRTUAL_CLK__)
Path Group: __VIRTUAL_CLK__
Path Type: max
Corner: Fastest

Fanout     Cap    Slew   Delay    Time   Description
-----------------------------------------------------------------------------
                  0.00    0.00    0.00   clock __VIRTUAL_CLK__ (rise edge)
                          0.00    0.00   clock network delay (ideal)
                          2.00    2.00 ^ input external delay
                  0.02    0.01    2.01 ^ B[0] (in)
     1    0.00                           B[0] (net)
                  0.02    0.00    2.01 ^ input9/A (sky130_fd_sc_hd__buf_4)
                  0.20    0.19    2.20 ^ input9/X (sky130_fd_sc_hd__buf_4)
     3    0.10                           net9 (net)
                  0.20    0.01    2.21 ^ _0664_/B_N (sky130_fd_sc_hd__or2b_4)
                  0.11    0.26    2.48 v _0664_/X (sky130_fd_sc_hd__or2b_4)
     2    0.09                           _0374_ (net)
                  0.11    0.01    2.49 v _0665_/A2 (sky130_fd_sc_hd__a21oi_4)
                  0.51    0.46    2.95 ^ _0665_/Y (sky130_fd_sc_hd__a21oi_4)
     3    0.10                           _0385_ (net)
                  0.51    0.01    2.96 ^ _0667_/A2 (sky130_fd_sc_hd__o31a_4)
                  0.23    0.25    3.21 ^ _0667_/X (sky130_fd_sc_hd__o31a_4)
     4    0.10                           _0406_ (net)
                  0.23    0.02    3.23 ^ _0668_/B (sky130_fd_sc_hd__or2_4)
                  0.25    0.27    3.50 ^ _0668_/X (sky130_fd_sc_hd__or2_4)
     4    0.11                           _0417_ (net)
                  0.25    0.01    3.50 ^ _0676_/A2 (sky130_fd_sc_hd__a31o_4)
                  0.35    0.35    3.85 ^ _0676_/X (sky130_fd_sc_hd__a31o_4)
     6    0.15                           _0503_ (net)
                  0.35    0.02    3.88 ^ _0687_/D_N (sky130_fd_sc_hd__or4b_4)
                  0.11    0.37    4.25 v _0687_/X (sky130_fd_sc_hd__or4b_4)
     3    0.05                           _0619_ (net)
                  0.11    0.01    4.26 v _0690_/A3 (sky130_fd_sc_hd__a32o_4)
                  0.08    0.25    4.51 v _0690_/X (sky130_fd_sc_hd__a32o_4)
     3    0.06                           _0626_ (net)
                  0.08    0.00    4.51 v _0692_/A3 (sky130_fd_sc_hd__a31o_2)
                  0.09    0.25    4.77 v _0692_/X (sky130_fd_sc_hd__a31o_2)
     1    0.05                           _0628_ (net)
                  0.09    0.01    4.77 v _0693_/A2 (sky130_fd_sc_hd__a211oi_4)
                  0.35    0.36    5.14 ^ _0693_/Y (sky130_fd_sc_hd__a211oi_4)
     2    0.04                           _0629_ (net)
                  0.35    0.00    5.14 ^ wire53/A (sky130_fd_sc_hd__buf_2)
                  0.15    0.20    5.34 ^ wire53/X (sky130_fd_sc_hd__buf_2)
     3    0.04                           net53 (net)
                  0.15    0.00    5.35 ^ max_cap52/A (sky130_fd_sc_hd__clkbuf_2)
                  0.15    0.18    5.53 ^ max_cap52/X (sky130_fd_sc_hd__clkbuf_2)
     1    0.04                           net52 (net)
                  0.15    0.00    5.53 ^ _0701_/B (sky130_fd_sc_hd__nand3b_4)
                  0.22    0.20    5.74 v _0701_/Y (sky130_fd_sc_hd__nand3b_4)
     4    0.10                           _0637_ (net)
                  0.22    0.01    5.75 v _0706_/A2 (sky130_fd_sc_hd__a21o_4)
                  0.10    0.28    6.03 v _0706_/X (sky130_fd_sc_hd__a21o_4)
     3    0.10                           _0642_ (net)
                  0.11    0.02    6.05 v _0720_/B2 (sky130_fd_sc_hd__a22oi_4)
                  0.23    0.23    6.28 ^ _0720_/Y (sky130_fd_sc_hd__a22oi_4)
     2    0.05                           _0002_ (net)
                  0.23    0.00    6.28 ^ _0730_/A2 (sky130_fd_sc_hd__o31ai_4)
                  0.12    0.11    6.39 v _0730_/Y (sky130_fd_sc_hd__o31ai_4)
     2    0.04                           _0012_ (net)
                  0.12    0.00    6.40 v _0732_/A2 (sky130_fd_sc_hd__a21oi_4)
                  0.40    0.38    6.78 ^ _0732_/Y (sky130_fd_sc_hd__a21oi_4)
     3    0.08                           _0014_ (net)
                  0.40    0.00    6.78 ^ max_cap46/A (sky130_fd_sc_hd__buf_4)
                  0.12    0.18    6.96 ^ max_cap46/X (sky130_fd_sc_hd__buf_4)
     3    0.06                           net46 (net)
                  0.13    0.01    6.97 ^ _0733_/S (sky130_fd_sc_hd__mux2_8)
                  0.09    0.30    7.26 v _0733_/X (sky130_fd_sc_hd__mux2_8)
     3    0.08                           _0015_ (net)
                  0.09    0.01    7.27 v _0746_/B (sky130_fd_sc_hd__xnor2_1)
                  0.20    0.20    7.47 ^ _0746_/Y (sky130_fd_sc_hd__xnor2_1)
     1    0.01                           _0028_ (net)
                  0.20    0.00    7.47 ^ wire42/A (sky130_fd_sc_hd__buf_4)
                  0.21    0.22    7.70 ^ wire42/X (sky130_fd_sc_hd__buf_4)
     3    0.10                           net42 (net)
                  0.21    0.02    7.72 ^ _0763_/A1 (sky130_fd_sc_hd__a21o_4)
                  0.17    0.19    7.91 ^ _0763_/X (sky130_fd_sc_hd__a21o_4)
     2    0.08                           _0045_ (net)
                  0.18    0.02    7.94 ^ _0765_/A2 (sky130_fd_sc_hd__a21o_4)
                  0.32    0.30    8.24 ^ _0765_/X (sky130_fd_sc_hd__a21o_4)
     4    0.16                           _0047_ (net)
                  0.32    0.02    8.26 ^ _0776_/A1 (sky130_fd_sc_hd__a32oi_4)
                  0.20    0.20    8.45 v _0776_/Y (sky130_fd_sc_hd__a32oi_4)
     3    0.06                           _0058_ (net)
                  0.20    0.01    8.47 v _0780_/A2 (sky130_fd_sc_hd__a21oi_4)
                  0.27    0.31    8.78 ^ _0780_/Y (sky130_fd_sc_hd__a21oi_4)
     5    0.05                           _0062_ (net)
                  0.27    0.00    8.78 ^ max_cap39/A (sky130_fd_sc_hd__buf_4)
                  0.13    0.18    8.96 ^ max_cap39/X (sky130_fd_sc_hd__buf_4)
     4    0.06                           net39 (net)
                  0.13    0.01    8.97 ^ _0788_/A2 (sky130_fd_sc_hd__o21ba_4)
                  0.37    0.33    9.30 ^ _0788_/X (sky130_fd_sc_hd__o21ba_4)
     4    0.14                           _0070_ (net)
                  0.37    0.03    9.33 ^ _0789_/B (sky130_fd_sc_hd__xnor2_4)
                  0.20    0.18    9.51 v _0789_/Y (sky130_fd_sc_hd__xnor2_4)
     3    0.09                           _0071_ (net)
                  0.20    0.02    9.53 v _0825_/A (sky130_fd_sc_hd__nor2_2)
                  0.35    0.35    9.89 ^ _0825_/Y (sky130_fd_sc_hd__nor2_2)
     2    0.04                           _0107_ (net)
                  0.35    0.00    9.89 ^ _0835_/A4 (sky130_fd_sc_hd__a41o_4)
                  0.18    0.27   10.16 ^ _0835_/X (sky130_fd_sc_hd__a41o_4)
     3    0.08                           _0117_ (net)
                  0.18    0.02   10.18 ^ _0836_/B (sky130_fd_sc_hd__and2_1)
                  0.20    0.22   10.40 ^ _0836_/X (sky130_fd_sc_hd__and2_1)
     1    0.03                           _0118_ (net)
                  0.20    0.00   10.40 ^ _0837_/A (sky130_fd_sc_hd__buf_6)
                  0.23    0.23   10.63 ^ _0837_/X (sky130_fd_sc_hd__buf_6)
     8    0.15                           _0119_ (net)
                  0.23    0.01   10.64 ^ _0850_/S (sky130_fd_sc_hd__mux2_4)
                  0.21    0.27   10.92 ^ _0850_/X (sky130_fd_sc_hd__mux2_4)
     4    0.10                           _0132_ (net)
                  0.21    0.01   10.92 ^ _0851_/B1 (sky130_fd_sc_hd__o22a_2)
                  0.18    0.22   11.14 ^ _0851_/X (sky130_fd_sc_hd__o22a_2)
     1    0.05                           _0133_ (net)
                  0.18    0.00   11.14 ^ _0863_/A1 (sky130_fd_sc_hd__a21o_1)
                  0.24    0.24   11.38 ^ _0863_/X (sky130_fd_sc_hd__a21o_1)
     1    0.04                           _0145_ (net)
                  0.24    0.00   11.39 ^ _0871_/A2 (sky130_fd_sc_hd__a21o_1)
                  0.16    0.19   11.58 ^ _0871_/X (sky130_fd_sc_hd__a21o_1)
     1    0.02                           _0153_ (net)
                  0.16    0.00   11.58 ^ _0881_/A1 (sky130_fd_sc_hd__a21oi_2)
                  0.10    0.11   11.69 v _0881_/Y (sky130_fd_sc_hd__a21oi_2)
     2    0.04                           _0163_ (net)
                  0.10    0.00   11.69 v _0895_/A (sky130_fd_sc_hd__or4_2)
                  0.12    0.49   12.18 v _0895_/X (sky130_fd_sc_hd__or4_2)
     1    0.03                           _0177_ (net)
                  0.12    0.00   12.19 v _0896_/A (sky130_fd_sc_hd__buf_1)
                  0.04    0.11   12.30 v _0896_/X (sky130_fd_sc_hd__buf_1)
     1    0.01                           net20 (net)
                  0.04    0.00   12.30 v output20/A (sky130_fd_sc_hd__clkbuf_4)
                  0.06    0.13   12.43 v output20/X (sky130_fd_sc_hd__clkbuf_4)
     1    0.03                           Y[0] (net)
                  0.06    0.00   12.43 v Y[0] (out)
                                 12.43   data arrival time

                  0.00   10.00   10.00   clock __VIRTUAL_CLK__ (rise edge)
                          0.00   10.00   clock network delay (ideal)
                         -0.25    9.75   clock uncertainty
                          0.00    9.75   clock reconvergence pessimism
                         -2.00    7.75   output external delay
                                  7.75   data required time
-----------------------------------------------------------------------------
                                  7.75   data required time
                                -12.43   data arrival time
-----------------------------------------------------------------------------
                                 -4.68   slack (VIOLATED)



======================= Slowest Corner ===================================

Startpoint: B[0] (input port clocked by __VIRTUAL_CLK__)
Endpoint: Y[0] (output port clocked by __VIRTUAL_CLK__)
Path Group: __VIRTUAL_CLK__
Path Type: max
Corner: Slowest

Fanout     Cap    Slew   Delay    Time   Description
-----------------------------------------------------------------------------
                  0.00    0.00    0.00   clock __VIRTUAL_CLK__ (rise edge)
                          0.00    0.00   clock network delay (ideal)
                          2.00    2.00 ^ input external delay
                  0.03    0.02    2.02 ^ B[0] (in)
     1    0.00                           B[0] (net)
                  0.03    0.00    2.02 ^ input9/A (sky130_fd_sc_hd__buf_4)
                  0.42    0.47    2.49 ^ input9/X (sky130_fd_sc_hd__buf_4)
     3    0.10                           net9 (net)
                  0.42    0.01    2.50 ^ _0664_/B_N (sky130_fd_sc_hd__or2b_4)
                  0.26    0.88    3.38 v _0664_/X (sky130_fd_sc_hd__or2b_4)
     2    0.09                           _0374_ (net)
                  0.26    0.02    3.40 v _0665_/A2 (sky130_fd_sc_hd__a21oi_4)
                  1.09    1.05    4.45 ^ _0665_/Y (sky130_fd_sc_hd__a21oi_4)
     3    0.10                           _0385_ (net)
                  1.09    0.01    4.46 ^ _0667_/A2 (sky130_fd_sc_hd__o31a_4)
                  0.48    0.92    5.38 ^ _0667_/X (sky130_fd_sc_hd__o31a_4)
     4    0.10                           _0406_ (net)
                  0.48    0.02    5.40 ^ _0668_/B (sky130_fd_sc_hd__or2_4)
                  0.51    0.75    6.15 ^ _0668_/X (sky130_fd_sc_hd__or2_4)
     4    0.11                           _0417_ (net)
                  0.51    0.01    6.15 ^ _0676_/A2 (sky130_fd_sc_hd__a31o_4)
                  0.71    1.00    7.15 ^ _0676_/X (sky130_fd_sc_hd__a31o_4)
     6    0.15                           _0503_ (net)
                  0.71    0.02    7.17 ^ _0687_/D_N (sky130_fd_sc_hd__or4b_4)
                  0.29    1.40    8.57 v _0687_/X (sky130_fd_sc_hd__or4b_4)
     3    0.05                           _0619_ (net)
                  0.29    0.01    8.58 v _0690_/A3 (sky130_fd_sc_hd__a32o_4)
                  0.18    0.81    9.38 v _0690_/X (sky130_fd_sc_hd__a32o_4)
     3    0.06                           _0626_ (net)
                  0.18    0.00    9.39 v _0692_/A3 (sky130_fd_sc_hd__a31o_2)
                  0.24    0.71   10.10 v _0692_/X (sky130_fd_sc_hd__a31o_2)
     1    0.05                           _0628_ (net)
                  0.24    0.01   10.10 v _0693_/A2 (sky130_fd_sc_hd__a211oi_4)
                  0.76    0.89   10.99 ^ _0693_/Y (sky130_fd_sc_hd__a211oi_4)
     2    0.04                           _0629_ (net)
                  0.76    0.00   11.00 ^ wire53/A (sky130_fd_sc_hd__buf_2)
                  0.32    0.67   11.67 ^ wire53/X (sky130_fd_sc_hd__buf_2)
     3    0.04                           net53 (net)
                  0.32    0.00   11.67 ^ max_cap52/A (sky130_fd_sc_hd__clkbuf_2)
                  0.31    0.49   12.17 ^ max_cap52/X (sky130_fd_sc_hd__clkbuf_2)
     1    0.04                           net52 (net)
                  0.31    0.00   12.17 ^ _0701_/B (sky130_fd_sc_hd__nand3b_4)
                  0.70    0.71   12.88 v _0701_/Y (sky130_fd_sc_hd__nand3b_4)
     4    0.10                           _0637_ (net)
                  0.70    0.01   12.89 v _0706_/A2 (sky130_fd_sc_hd__a21o_4)
                  0.24    0.87   13.76 v _0706_/X (sky130_fd_sc_hd__a21o_4)
     3    0.10                           _0642_ (net)
                  0.24    0.02   13.78 v _0720_/B2 (sky130_fd_sc_hd__a22oi_4)
                  0.65    0.69   14.47 ^ _0720_/Y (sky130_fd_sc_hd__a22oi_4)
     2    0.05                           _0002_ (net)
                  0.65    0.00   14.47 ^ _0730_/A2 (sky130_fd_sc_hd__o31ai_4)
                  0.29    0.47   14.95 v _0730_/Y (sky130_fd_sc_hd__o31ai_4)
     2    0.04                           _0012_ (net)
                  0.29    0.00   14.95 v _0732_/A2 (sky130_fd_sc_hd__a21oi_4)
                  0.86    0.89   15.84 ^ _0732_/Y (sky130_fd_sc_hd__a21oi_4)
     3    0.08                           _0014_ (net)
                  0.86    0.00   15.84 ^ max_cap46/A (sky130_fd_sc_hd__buf_4)
                  0.26    0.67   16.51 ^ max_cap46/X (sky130_fd_sc_hd__buf_4)
     3    0.06                           net46 (net)
                  0.26    0.01   16.52 ^ _0733_/S (sky130_fd_sc_hd__mux2_8)
                  0.18    0.93   17.45 v _0733_/X (sky130_fd_sc_hd__mux2_8)
     3    0.08                           _0015_ (net)
                  0.18    0.01   17.45 v _0746_/B (sky130_fd_sc_hd__xnor2_1)
                  0.46    0.49   17.94 ^ _0746_/Y (sky130_fd_sc_hd__xnor2_1)
     1    0.01                           _0028_ (net)
                  0.46    0.00   17.95 ^ wire42/A (sky130_fd_sc_hd__buf_4)
                  0.43    0.66   18.60 ^ wire42/X (sky130_fd_sc_hd__buf_4)
     3    0.10                           net42 (net)
                  0.44    0.03   18.63 ^ _0763_/A1 (sky130_fd_sc_hd__a21o_4)
                  0.37    0.62   19.25 ^ _0763_/X (sky130_fd_sc_hd__a21o_4)
     2    0.08                           _0045_ (net)
                  0.37    0.02   19.27 ^ _0765_/A2 (sky130_fd_sc_hd__a21o_4)
                  0.67    0.82   20.09 ^ _0765_/X (sky130_fd_sc_hd__a21o_4)
     4    0.16                           _0047_ (net)
                  0.67    0.02   20.11 ^ _0776_/A1 (sky130_fd_sc_hd__a32oi_4)
                  0.52    0.73   20.84 v _0776_/Y (sky130_fd_sc_hd__a32oi_4)
     3    0.06                           _0058_ (net)
                  0.52    0.01   20.85 v _0780_/A2 (sky130_fd_sc_hd__a21oi_4)
                  0.57    0.77   21.62 ^ _0780_/Y (sky130_fd_sc_hd__a21oi_4)
     5    0.05                           _0062_ (net)
                  0.57    0.00   21.62 ^ max_cap39/A (sky130_fd_sc_hd__buf_4)
                  0.28    0.60   22.22 ^ max_cap39/X (sky130_fd_sc_hd__buf_4)
     4    0.06                           net39 (net)
                  0.28    0.01   22.23 ^ _0788_/A2 (sky130_fd_sc_hd__o21ba_4)
                  0.74    0.84   23.07 ^ _0788_/X (sky130_fd_sc_hd__o21ba_4)
     4    0.14                           _0070_ (net)
                  0.74    0.03   23.10 ^ _0789_/B (sky130_fd_sc_hd__xnor2_4)
                  0.49    0.65   23.75 v _0789_/Y (sky130_fd_sc_hd__xnor2_4)
     3    0.09                           _0071_ (net)
                  0.49    0.02   23.77 v _0825_/A (sky130_fd_sc_hd__nor2_2)
                  0.78    0.87   24.64 ^ _0825_/Y (sky130_fd_sc_hd__nor2_2)
     2    0.04                           _0107_ (net)
                  0.78    0.00   24.64 ^ _0835_/A4 (sky130_fd_sc_hd__a41o_4)
                  0.39    0.97   25.61 ^ _0835_/X (sky130_fd_sc_hd__a41o_4)
     3    0.08                           _0117_ (net)
                  0.39    0.02   25.63 ^ _0836_/B (sky130_fd_sc_hd__and2_1)
                  0.43    0.63   26.26 ^ _0836_/X (sky130_fd_sc_hd__and2_1)
     1    0.03                           _0118_ (net)
                  0.43    0.00   26.27 ^ _0837_/A (sky130_fd_sc_hd__buf_6)
                  0.48    0.65   26.91 ^ _0837_/X (sky130_fd_sc_hd__buf_6)
     8    0.15                           _0119_ (net)
                  0.48    0.01   26.92 ^ _0850_/S (sky130_fd_sc_hd__mux2_4)
                  0.45    0.81   27.73 ^ _0850_/X (sky130_fd_sc_hd__mux2_4)
     4    0.10                           _0132_ (net)
                  0.45    0.01   27.74 ^ _0851_/B1 (sky130_fd_sc_hd__o22a_2)
                  0.40    0.73   28.47 ^ _0851_/X (sky130_fd_sc_hd__o22a_2)
     1    0.05                           _0133_ (net)
                  0.40    0.00   28.47 ^ _0863_/A1 (sky130_fd_sc_hd__a21o_1)
                  0.50    0.67   29.15 ^ _0863_/X (sky130_fd_sc_hd__a21o_1)
     1    0.04                           _0145_ (net)
                  0.50    0.00   29.15 ^ _0871_/A2 (sky130_fd_sc_hd__a21o_1)
                  0.34    0.60   29.75 ^ _0871_/X (sky130_fd_sc_hd__a21o_1)
     1    0.02                           _0153_ (net)
                  0.34    0.00   29.75 ^ _0881_/A1 (sky130_fd_sc_hd__a21oi_2)
                  0.31    0.41   30.16 v _0881_/Y (sky130_fd_sc_hd__a21oi_2)
     2    0.04                           _0163_ (net)
                  0.31    0.00   30.17 v _0895_/A (sky130_fd_sc_hd__or4_2)
                  0.36    2.00   32.17 v _0895_/X (sky130_fd_sc_hd__or4_2)
     1    0.03                           _0177_ (net)
                  0.36    0.00   32.17 v _0896_/A (sky130_fd_sc_hd__buf_1)
                  0.11    0.35   32.52 v _0896_/X (sky130_fd_sc_hd__buf_1)
     1    0.01                           net20 (net)
                  0.11    0.00   32.52 v output20/A (sky130_fd_sc_hd__clkbuf_4)
                  0.14    0.36   32.88 v output20/X (sky130_fd_sc_hd__clkbuf_4)
     1    0.03                           Y[0] (net)
                  0.14    0.00   32.88 v Y[0] (out)
                                 32.88   data arrival time

                  0.00   10.00   10.00   clock __VIRTUAL_CLK__ (rise edge)
                          0.00   10.00   clock network delay (ideal)
                         -0.25    9.75   clock uncertainty
                          0.00    9.75   clock reconvergence pessimism
                         -2.00    7.75   output external delay
                                  7.75   data required time
-----------------------------------------------------------------------------
                                  7.75   data required time
                                -32.88   data arrival time
-----------------------------------------------------------------------------
                                -25.13   slack (VIOLATED)



======================= Typical Corner ===================================

Startpoint: B[0] (input port clocked by __VIRTUAL_CLK__)
Endpoint: Y[0] (output port clocked by __VIRTUAL_CLK__)
Path Group: __VIRTUAL_CLK__
Path Type: max
Corner: Typical

Fanout     Cap    Slew   Delay    Time   Description
-----------------------------------------------------------------------------
                  0.00    0.00    0.00   clock __VIRTUAL_CLK__ (rise edge)
                          0.00    0.00   clock network delay (ideal)
                          2.00    2.00 ^ input external delay
                  0.02    0.01    2.01 ^ B[0] (in)
     1    0.00                           B[0] (net)
                  0.02    0.00    2.01 ^ input9/A (sky130_fd_sc_hd__buf_4)
                  0.27    0.27    2.28 ^ input9/X (sky130_fd_sc_hd__buf_4)
     3    0.10                           net9 (net)
                  0.27    0.01    2.29 ^ _0664_/B_N (sky130_fd_sc_hd__or2b_4)
                  0.15    0.44    2.73 v _0664_/X (sky130_fd_sc_hd__or2b_4)
     2    0.09                           _0374_ (net)
                  0.15    0.01    2.75 v _0665_/A2 (sky130_fd_sc_hd__a21oi_4)
                  0.69    0.64    3.39 ^ _0665_/Y (sky130_fd_sc_hd__a21oi_4)
     3    0.10                           _0385_ (net)
                  0.69    0.01    3.40 ^ _0667_/A2 (sky130_fd_sc_hd__o31a_4)
                  0.30    0.45    3.84 ^ _0667_/X (sky130_fd_sc_hd__o31a_4)
     4    0.10                           _0406_ (net)
                  0.30    0.02    3.86 ^ _0668_/B (sky130_fd_sc_hd__or2_4)
                  0.33    0.41    4.28 ^ _0668_/X (sky130_fd_sc_hd__or2_4)
     4    0.11                           _0417_ (net)
                  0.33    0.01    4.28 ^ _0676_/A2 (sky130_fd_sc_hd__a31o_4)
                  0.46    0.53    4.82 ^ _0676_/X (sky130_fd_sc_hd__a31o_4)
     6    0.15                           _0503_ (net)
                  0.46    0.02    4.84 ^ _0687_/D_N (sky130_fd_sc_hd__or4b_4)
                  0.16    0.67    5.51 v _0687_/X (sky130_fd_sc_hd__or4b_4)
     3    0.05                           _0619_ (net)
                  0.16    0.01    5.51 v _0690_/A3 (sky130_fd_sc_hd__a32o_4)
                  0.11    0.46    5.97 v _0690_/X (sky130_fd_sc_hd__a32o_4)
     3    0.06                           _0626_ (net)
                  0.11    0.00    5.98 v _0692_/A3 (sky130_fd_sc_hd__a31o_2)
                  0.13    0.38    6.36 v _0692_/X (sky130_fd_sc_hd__a31o_2)
     1    0.05                           _0628_ (net)
                  0.13    0.01    6.37 v _0693_/A2 (sky130_fd_sc_hd__a211oi_4)
                  0.47    0.52    6.89 ^ _0693_/Y (sky130_fd_sc_hd__a211oi_4)
     2    0.04                           _0629_ (net)
                  0.47    0.00    6.89 ^ wire53/A (sky130_fd_sc_hd__buf_2)
                  0.20    0.34    7.23 ^ wire53/X (sky130_fd_sc_hd__buf_2)
     3    0.04                           net53 (net)
                  0.20    0.00    7.23 ^ max_cap52/A (sky130_fd_sc_hd__clkbuf_2)
                  0.20    0.27    7.50 ^ max_cap52/X (sky130_fd_sc_hd__clkbuf_2)
     1    0.04                           net52 (net)
                  0.20    0.00    7.51 ^ _0701_/B (sky130_fd_sc_hd__nand3b_4)
                  0.34    0.33    7.84 v _0701_/Y (sky130_fd_sc_hd__nand3b_4)
     4    0.10                           _0637_ (net)
                  0.34    0.01    7.85 v _0706_/A2 (sky130_fd_sc_hd__a21o_4)
                  0.14    0.44    8.29 v _0706_/X (sky130_fd_sc_hd__a21o_4)
     3    0.10                           _0642_ (net)
                  0.14    0.02    8.32 v _0720_/B2 (sky130_fd_sc_hd__a22oi_4)
                  0.41    0.42    8.73 ^ _0720_/Y (sky130_fd_sc_hd__a22oi_4)
     2    0.05                           _0002_ (net)
                  0.41    0.00    8.74 ^ _0730_/A2 (sky130_fd_sc_hd__o31ai_4)
                  0.17    0.21    8.95 v _0730_/Y (sky130_fd_sc_hd__o31ai_4)
     2    0.04                           _0012_ (net)
                  0.17    0.00    8.96 v _0732_/A2 (sky130_fd_sc_hd__a21oi_4)
                  0.54    0.53    9.49 ^ _0732_/Y (sky130_fd_sc_hd__a21oi_4)
     3    0.08                           _0014_ (net)
                  0.54    0.00    9.49 ^ max_cap46/A (sky130_fd_sc_hd__buf_4)
                  0.16    0.32    9.82 ^ max_cap46/X (sky130_fd_sc_hd__buf_4)
     3    0.06                           net46 (net)
                  0.16    0.01    9.82 ^ _0733_/S (sky130_fd_sc_hd__mux2_8)
                  0.11    0.48   10.31 v _0733_/X (sky130_fd_sc_hd__mux2_8)
     3    0.08                           _0015_ (net)
                  0.11    0.01   10.31 v _0746_/B (sky130_fd_sc_hd__xnor2_1)
                  0.28    0.29   10.61 ^ _0746_/Y (sky130_fd_sc_hd__xnor2_1)
     1    0.01                           _0028_ (net)
                  0.28    0.00   10.61 ^ wire42/A (sky130_fd_sc_hd__buf_4)
                  0.27    0.35   10.96 ^ wire42/X (sky130_fd_sc_hd__buf_4)
     3    0.10                           net42 (net)
                  0.28    0.02   10.98 ^ _0763_/A1 (sky130_fd_sc_hd__a21o_4)
                  0.23    0.32   11.30 ^ _0763_/X (sky130_fd_sc_hd__a21o_4)
     2    0.08                           _0045_ (net)
                  0.23    0.02   11.32 ^ _0765_/A2 (sky130_fd_sc_hd__a21o_4)
                  0.42    0.45   11.77 ^ _0765_/X (sky130_fd_sc_hd__a21o_4)
     4    0.16                           _0047_ (net)
                  0.42    0.02   11.79 ^ _0776_/A1 (sky130_fd_sc_hd__a32oi_4)
                  0.28    0.35   12.14 v _0776_/Y (sky130_fd_sc_hd__a32oi_4)
     3    0.06                           _0058_ (net)
                  0.28    0.01   12.15 v _0780_/A2 (sky130_fd_sc_hd__a21oi_4)
                  0.36    0.45   12.60 ^ _0780_/Y (sky130_fd_sc_hd__a21oi_4)
     5    0.05                           _0062_ (net)
                  0.36    0.00   12.60 ^ max_cap39/A (sky130_fd_sc_hd__buf_4)
                  0.18    0.30   12.90 ^ max_cap39/X (sky130_fd_sc_hd__buf_4)
     4    0.06                           net39 (net)
                  0.18    0.01   12.91 ^ _0788_/A2 (sky130_fd_sc_hd__o21ba_4)
                  0.48    0.47   13.39 ^ _0788_/X (sky130_fd_sc_hd__o21ba_4)
     4    0.14                           _0070_ (net)
                  0.48    0.03   13.42 ^ _0789_/B (sky130_fd_sc_hd__xnor2_4)
                  0.26    0.32   13.73 v _0789_/Y (sky130_fd_sc_hd__xnor2_4)
     3    0.09                           _0071_ (net)
                  0.26    0.02   13.75 v _0825_/A (sky130_fd_sc_hd__nor2_2)
                  0.48    0.50   14.25 ^ _0825_/Y (sky130_fd_sc_hd__nor2_2)
     2    0.04                           _0107_ (net)
                  0.48    0.00   14.26 ^ _0835_/A4 (sky130_fd_sc_hd__a41o_4)
                  0.24    0.46   14.71 ^ _0835_/X (sky130_fd_sc_hd__a41o_4)
     3    0.08                           _0117_ (net)
                  0.24    0.02   14.73 ^ _0836_/B (sky130_fd_sc_hd__and2_1)
                  0.27    0.34   15.07 ^ _0836_/X (sky130_fd_sc_hd__and2_1)
     1    0.03                           _0118_ (net)
                  0.27    0.00   15.07 ^ _0837_/A (sky130_fd_sc_hd__buf_6)
                  0.30    0.35   15.43 ^ _0837_/X (sky130_fd_sc_hd__buf_6)
     8    0.15                           _0119_ (net)
                  0.30    0.01   15.44 ^ _0850_/S (sky130_fd_sc_hd__mux2_4)
                  0.28    0.42   15.86 ^ _0850_/X (sky130_fd_sc_hd__mux2_4)
     4    0.10                           _0132_ (net)
                  0.28    0.01   15.87 ^ _0851_/B1 (sky130_fd_sc_hd__o22a_2)
                  0.24    0.38   16.25 ^ _0851_/X (sky130_fd_sc_hd__o22a_2)
     1    0.05                           _0133_ (net)
                  0.24    0.00   16.25 ^ _0863_/A1 (sky130_fd_sc_hd__a21o_1)
                  0.32    0.36   16.62 ^ _0863_/X (sky130_fd_sc_hd__a21o_1)
     1    0.04                           _0145_ (net)
                  0.32    0.00   16.62 ^ _0871_/A2 (sky130_fd_sc_hd__a21o_1)
                  0.22    0.31   16.93 ^ _0871_/X (sky130_fd_sc_hd__a21o_1)
     1    0.02                           _0153_ (net)
                  0.22    0.00   16.94 ^ _0881_/A1 (sky130_fd_sc_hd__a21oi_2)
                  0.15    0.19   17.13 v _0881_/Y (sky130_fd_sc_hd__a21oi_2)
     2    0.04                           _0163_ (net)
                  0.15    0.00   17.13 v _0895_/A (sky130_fd_sc_hd__or4_2)
                  0.18    0.85   17.98 v _0895_/X (sky130_fd_sc_hd__or4_2)
     1    0.03                           _0177_ (net)
                  0.18    0.00   17.99 v _0896_/A (sky130_fd_sc_hd__buf_1)
                  0.06    0.18   18.16 v _0896_/X (sky130_fd_sc_hd__buf_1)
     1    0.01                           net20 (net)
                  0.06    0.00   18.16 v output20/A (sky130_fd_sc_hd__clkbuf_4)
                  0.08    0.20   18.36 v output20/X (sky130_fd_sc_hd__clkbuf_4)
     1    0.03                           Y[0] (net)
                  0.08    0.00   18.36 v Y[0] (out)
                                 18.36   data arrival time

                  0.00   10.00   10.00   clock __VIRTUAL_CLK__ (rise edge)
                          0.00   10.00   clock network delay (ideal)
                         -0.25    9.75   clock uncertainty
                          0.00    9.75   clock reconvergence pessimism
                         -2.00    7.75   output external delay
                                  7.75   data required time
-----------------------------------------------------------------------------
                                  7.75   data required time
                                -18.36   data arrival time
-----------------------------------------------------------------------------
                                -10.61   slack (VIOLATED)




===========================================================================
 report_check_types -max_slew -max_cap -max_fanout -violators
============================================================================
======================= Fastest Corner ===================================

max fanout

Pin                                   Limit Fanout  Slack
---------------------------------------------------------
_0711_/X                                 10     11        (VIOLATED)
_0755_/X                                 10     11        (VIOLATED)


======================= Slowest Corner ===================================

max slew

Pin                                    Limit    Slew   Slack
------------------------------------------------------------
_1115_/B1                               0.75    1.19   -0.44 (VIOLATED)
_1113_/Y                                0.75    1.19   -0.44 (VIOLATED)
_0814_/A1                               0.75    1.12   -0.37 (VIOLATED)
_0813_/X                                0.75    1.12   -0.37 (VIOLATED)
_0866_/A                                0.75    1.11   -0.36 (VIOLATED)
_0867_/A1                               0.75    1.11   -0.36 (VIOLATED)
ANTENNA_88/DIODE                        0.75    1.11   -0.36 (VIOLATED)
_0864_/Y                                0.75    1.11   -0.36 (VIOLATED)
_0827_/B1                               0.75    1.10   -0.35 (VIOLATED)
_0822_/B1                               0.75    1.10   -0.35 (VIOLATED)
_0821_/Y                                0.75    1.10   -0.35 (VIOLATED)
_0667_/A2                               0.75    1.09   -0.34 (VIOLATED)
_1094_/B1                               0.75    1.09   -0.34 (VIOLATED)
ANTENNA_38/DIODE                        0.75    1.09   -0.34 (VIOLATED)
_0665_/Y                                0.75    1.09   -0.34 (VIOLATED)
_1246_/A                                0.75    1.08   -0.33 (VIOLATED)
_1216_/B                                0.75    1.08   -0.33 (VIOLATED)
_1247_/A1                               0.75    1.08   -0.33 (VIOLATED)
_1215_/Y                                0.75    1.08   -0.33 (VIOLATED)
_1239_/A1                               0.75    1.07   -0.32 (VIOLATED)
_1213_/A                                0.75    1.07   -0.32 (VIOLATED)
_1211_/X                                0.75    1.07   -0.32 (VIOLATED)
_0825_/A                                0.75    1.05   -0.30 (VIOLATED)
_0810_/B_N                              0.75    1.05   -0.30 (VIOLATED)
_0809_/A                                0.75    1.05   -0.30 (VIOLATED)
_0789_/Y                                0.75    1.05   -0.30 (VIOLATED)
_1177_/B                                0.75    1.05   -0.30 (VIOLATED)
_1178_/B                                0.75    1.05   -0.30 (VIOLATED)
_1176_/Y                                0.75    1.05   -0.30 (VIOLATED)
_1221_/B                                0.75    1.03   -0.28 (VIOLATED)
_1227_/B1                               0.75    1.03   -0.28 (VIOLATED)
_1220_/Y                                0.75    1.03   -0.28 (VIOLATED)
_0913_/A2                               0.75    1.03   -0.28 (VIOLATED)
_1097_/A2                               0.75    1.03   -0.28 (VIOLATED)
_0926_/A2_N                             0.75    1.03   -0.28 (VIOLATED)
_0894_/B                                0.75    1.03   -0.28 (VIOLATED)
_1109_/A2                               0.75    1.03   -0.28 (VIOLATED)
ANTENNA_31/DIODE                        0.75    1.03   -0.28 (VIOLATED)
_1032_/A                                0.75    1.03   -0.28 (VIOLATED)
ANTENNA_32/DIODE                        0.75    1.03   -0.28 (VIOLATED)
ANTENNA_33/DIODE                        0.75    1.03   -0.28 (VIOLATED)
_0965_/A2_N                             0.75    1.03   -0.28 (VIOLATED)
_1047_/A2                               0.75    1.03   -0.28 (VIOLATED)
_0995_/B                                0.75    1.03   -0.28 (VIOLATED)
_0893_/Y                                0.75    1.03   -0.28 (VIOLATED)
ANTENNA_28/DIODE                        0.75    1.03   -0.28 (VIOLATED)
ANTENNA_29/DIODE                        0.75    1.03   -0.28 (VIOLATED)
ANTENNA_30/DIODE                        0.75    1.03   -0.28 (VIOLATED)
_1030_/Y                                0.75    1.03   -0.28 (VIOLATED)
ANTENNA_59/DIODE                        0.75    1.02   -0.27 (VIOLATED)
_0695_/A                                0.75    1.02   -0.27 (VIOLATED)
_0687_/B                                0.75    1.02   -0.27 (VIOLATED)
ANTENNA_58/DIODE                        0.75    1.02   -0.27 (VIOLATED)
_0686_/Y                                0.75    1.02   -0.27 (VIOLATED)
wire60/A                                0.75    1.02   -0.27 (VIOLATED)
_0901_/Y                                0.75    1.02   -0.27 (VIOLATED)
_1073_/A                                0.75    1.02   -0.27 (VIOLATED)
_1061_/X                                0.75    1.02   -0.27 (VIOLATED)
_1074_/A                                0.75    1.02   -0.27 (VIOLATED)
_0763_/B1                               0.75    1.00   -0.25 (VIOLATED)
_0762_/Y                                0.75    1.00   -0.25 (VIOLATED)
_1184_/B                                0.75    1.00   -0.25 (VIOLATED)
_1198_/B_N                              0.75    1.00   -0.25 (VIOLATED)
_1183_/Y                                0.75    1.00   -0.25 (VIOLATED)
_1266_/A                                0.75    0.98   -0.23 (VIOLATED)
_1267_/B1                               0.75    0.98   -0.23 (VIOLATED)
_1262_/Y                                0.75    0.98   -0.23 (VIOLATED)
_1223_/B1                               0.75    0.96   -0.21 (VIOLATED)
ANTENNA_98/DIODE                        0.75    0.96   -0.21 (VIOLATED)
_1224_/C                                0.75    0.96   -0.21 (VIOLATED)
_1222_/X                                0.75    0.96   -0.21 (VIOLATED)
_1181_/A                                0.75    0.96   -0.21 (VIOLATED)
_1180_/A                                0.75    0.96   -0.21 (VIOLATED)
_1172_/X                                0.75    0.96   -0.21 (VIOLATED)
_1164_/B1                               0.75    0.96   -0.21 (VIOLATED)
_1165_/C                                0.75    0.96   -0.21 (VIOLATED)
_1163_/Y                                0.75    0.96   -0.21 (VIOLATED)
_1093_/C1                               0.75    0.95   -0.20 (VIOLATED)
_1091_/A2                               0.75    0.95   -0.20 (VIOLATED)
_1098_/B1                               0.75    0.95   -0.20 (VIOLATED)
_1090_/B                                0.75    0.95   -0.20 (VIOLATED)
_1092_/A2                               0.75    0.95   -0.20 (VIOLATED)
_1088_/Y                                0.75    0.95   -0.20 (VIOLATED)
_1253_/A1                               0.75    0.95   -0.20 (VIOLATED)
_1298_/A1                               0.75    0.95   -0.20 (VIOLATED)
_1009_/A1                               0.75    0.95   -0.20 (VIOLATED)
_0943_/Y                                0.75    0.95   -0.20 (VIOLATED)
max_cap59/A                             0.75    0.95   -0.20 (VIOLATED)
_0802_/C1                               0.75    0.95   -0.20 (VIOLATED)
_0817_/A                                0.75    0.95   -0.20 (VIOLATED)
_0787_/D1                               0.75    0.95   -0.20 (VIOLATED)
_0827_/C1                               0.75    0.95   -0.20 (VIOLATED)
_0786_/Y                                0.75    0.95   -0.20 (VIOLATED)
_1193_/B                                0.75    0.95   -0.20 (VIOLATED)
_1187_/B                                0.75    0.95   -0.20 (VIOLATED)
_1186_/Y                                0.75    0.95   -0.20 (VIOLATED)
_0929_/A2                               0.75    0.94   -0.19 (VIOLATED)
_0899_/B                                0.75    0.94   -0.19 (VIOLATED)
_1056_/B                                0.75    0.94   -0.19 (VIOLATED)
_1029_/B                                0.75    0.94   -0.19 (VIOLATED)
_0898_/Y                                0.75    0.94   -0.19 (VIOLATED)
_1028_/Y                                0.75    0.94   -0.19 (VIOLATED)
_1040_/B                                0.75    0.94   -0.19 (VIOLATED)
_1038_/B                                0.75    0.94   -0.19 (VIOLATED)
_1037_/B                                0.75    0.94   -0.19 (VIOLATED)
_1036_/Y                                0.75    0.94   -0.19 (VIOLATED)
_0921_/A                                0.75    0.94   -0.19 (VIOLATED)
_0926_/B1                               0.75    0.94   -0.19 (VIOLATED)
_0980_/B                                0.75    0.94   -0.19 (VIOLATED)
_0919_/Y                                0.75    0.94   -0.19 (VIOLATED)
_0931_/B2                               0.75    0.93   -0.18 (VIOLATED)
ANTENNA_16/DIODE                        0.75    0.93   -0.18 (VIOLATED)
_0930_/Y                                0.75    0.93   -0.18 (VIOLATED)
_1243_/A                                0.75    0.93   -0.18 (VIOLATED)
ANTENNA_45/DIODE                        0.75    0.93   -0.18 (VIOLATED)
_1244_/A                                0.75    0.93   -0.18 (VIOLATED)
ANTENNA_46/DIODE                        0.75    0.93   -0.18 (VIOLATED)
_1234_/X                                0.75    0.93   -0.18 (VIOLATED)
_1101_/B1                               0.75    0.91   -0.16 (VIOLATED)
_1100_/Y                                0.75    0.91   -0.16 (VIOLATED)
_0939_/B                                0.75    0.90   -0.15 (VIOLATED)
_0938_/B                                0.75    0.90   -0.15 (VIOLATED)
ANTENNA_18/DIODE                        0.75    0.90   -0.15 (VIOLATED)
_0937_/Y                                0.75    0.90   -0.15 (VIOLATED)
_1068_/C                                0.75    0.90   -0.15 (VIOLATED)
_1067_/B1                               0.75    0.90   -0.15 (VIOLATED)
_1066_/Y                                0.75    0.90   -0.15 (VIOLATED)
_1211_/A                                0.75    0.88   -0.13 (VIOLATED)
_1229_/A3                               0.75    0.88   -0.13 (VIOLATED)
ANTENNA_97/DIODE                        0.75    0.88   -0.13 (VIOLATED)
_1209_/Y                                0.75    0.88   -0.13 (VIOLATED)
_0950_/C                                0.75    0.87   -0.12 (VIOLATED)
ANTENNA_19/DIODE                        0.75    0.87   -0.12 (VIOLATED)
_0951_/B1                               0.75    0.87   -0.12 (VIOLATED)
_0949_/Y                                0.75    0.87   -0.12 (VIOLATED)
_0958_/A                                0.75    0.87   -0.12 (VIOLATED)
_0956_/Y                                0.75    0.87   -0.12 (VIOLATED)
_1157_/B2                               0.75    0.87   -0.12 (VIOLATED)
_1148_/A                                0.75    0.87   -0.12 (VIOLATED)
_1120_/Y                                0.75    0.87   -0.12 (VIOLATED)
_0731_/A2                               0.75    0.86   -0.11 (VIOLATED)
_0709_/B1                               0.75    0.86   -0.11 (VIOLATED)
_0698_/A                                0.75    0.86   -0.11 (VIOLATED)
_0696_/Y                                0.75    0.86   -0.11 (VIOLATED)
_0834_/A1                               0.75    0.86   -0.11 (VIOLATED)
_0835_/A2                               0.75    0.86   -0.11 (VIOLATED)
_0815_/Y                                0.75    0.86   -0.11 (VIOLATED)
_1078_/B                                0.75    0.86   -0.11 (VIOLATED)
_1120_/B1                               0.75    0.86   -0.11 (VIOLATED)
_1077_/Y                                0.75    0.86   -0.11 (VIOLATED)
_0790_/A2                               0.75    0.86   -0.11 (VIOLATED)
_0972_/B2                               0.75    0.86   -0.11 (VIOLATED)
max_cap46/A                             0.75    0.86   -0.11 (VIOLATED)
_0732_/Y                                0.75    0.86   -0.11 (VIOLATED)
_1115_/A2                               0.75    0.85   -0.10 (VIOLATED)
_1111_/Y                                0.75    0.85   -0.10 (VIOLATED)
_1159_/A1                               0.75    0.85   -0.10 (VIOLATED)
_1147_/A                                0.75    0.85   -0.10 (VIOLATED)
_1127_/Y                                0.75    0.85   -0.10 (VIOLATED)
_0936_/B1                               0.75    0.85   -0.10 (VIOLATED)
ANTENNA_17/DIODE                        0.75    0.85   -0.10 (VIOLATED)
_0935_/C                                0.75    0.85   -0.10 (VIOLATED)
_0934_/Y                                0.75    0.85   -0.10 (VIOLATED)
_1206_/A                                0.75    0.85   -0.10 (VIOLATED)
_0780_/A2                               0.75    0.85   -0.10 (VIOLATED)
_1228_/B1_N                             0.75    0.85   -0.10 (VIOLATED)
_1204_/Y                                0.75    0.85   -0.10 (VIOLATED)
_0822_/A2                               0.75    0.85   -0.10 (VIOLATED)
max_cap40/A                             0.75    0.85   -0.10 (VIOLATED)
_0776_/Y                                0.75    0.85   -0.10 (VIOLATED)
_1179_/A                                0.75    0.85   -0.10 (VIOLATED)
_1177_/Y                                0.75    0.85   -0.10 (VIOLATED)
_0820_/A_N                              0.75    0.84   -0.09 (VIOLATED)
_0765_/B1                               0.75    0.84   -0.09 (VIOLATED)
_0764_/Y                                0.75    0.84   -0.09 (VIOLATED)
_1131_/A                                0.75    0.84   -0.09 (VIOLATED)
_1129_/Y                                0.75    0.84   -0.09 (VIOLATED)
_1100_/A2                               0.75    0.84   -0.09 (VIOLATED)
_1090_/Y                                0.75    0.84   -0.09 (VIOLATED)
wire47/A                                0.75    0.84   -0.09 (VIOLATED)
_0732_/A2                               0.75    0.84   -0.09 (VIOLATED)
_0730_/Y                                0.75    0.84   -0.09 (VIOLATED)
_1262_/A                                0.75    0.83   -0.08 (VIOLATED)
_1280_/A3                               0.75    0.83   -0.08 (VIOLATED)
_1260_/Y                                0.75    0.83   -0.08 (VIOLATED)
_1232_/B                                0.75    0.83   -0.08 (VIOLATED)
_1231_/Y                                0.75    0.83   -0.08 (VIOLATED)
_1240_/A                                0.75    0.83   -0.08 (VIOLATED)
ANTENNA_48/DIODE                        0.75    0.83   -0.08 (VIOLATED)
ANTENNA_47/DIODE                        0.75    0.83   -0.08 (VIOLATED)
_1241_/B_N                              0.75    0.83   -0.08 (VIOLATED)
ANTENNA_49/DIODE                        0.75    0.83   -0.08 (VIOLATED)
_1238_/X                                0.75    0.83   -0.08 (VIOLATED)
_1140_/B1                               0.75    0.83   -0.08 (VIOLATED)
_1138_/Y                                0.75    0.82   -0.07 (VIOLATED)
_1139_/C                                0.75    0.82   -0.07 (VIOLATED)
_1304_/B                                0.75    0.82   -0.07 (VIOLATED)
_1305_/B                                0.75    0.82   -0.07 (VIOLATED)
ANTENNA_99/DIODE                        0.75    0.82   -0.07 (VIOLATED)
_1303_/X                                0.75    0.82   -0.07 (VIOLATED)
_1314_/A                                0.75    0.82   -0.07 (VIOLATED)
_1091_/A1                               0.75    0.82   -0.07 (VIOLATED)
_1092_/A1                               0.75    0.82   -0.07 (VIOLATED)
_1090_/A                                0.75    0.82   -0.07 (VIOLATED)
_1107_/A1                               0.75    0.82   -0.07 (VIOLATED)
_1093_/B1                               0.75    0.82   -0.07 (VIOLATED)
_1106_/A                                0.75    0.82   -0.07 (VIOLATED)
_1086_/Y                                0.75    0.82   -0.07 (VIOLATED)
_1020_/A                                0.75    0.81   -0.06 (VIOLATED)
_1054_/A2                               0.75    0.81   -0.06 (VIOLATED)
_1018_/Y                                0.75    0.81   -0.06 (VIOLATED)
_0865_/B1                               0.75    0.81   -0.06 (VIOLATED)
_0834_/A3                               0.75    0.81   -0.06 (VIOLATED)
_0829_/Y                                0.75    0.81   -0.06 (VIOLATED)
_1306_/A                                0.75    0.80   -0.05 (VIOLATED)
ANTENNA_57/DIODE                        0.75    0.80   -0.05 (VIOLATED)
_1304_/Y                                0.75    0.80   -0.05 (VIOLATED)
_1030_/A                                0.75    0.80   -0.05 (VIOLATED)
_1031_/A                                0.75    0.80   -0.05 (VIOLATED)
ANTENNA_25/DIODE                        0.75    0.80   -0.05 (VIOLATED)
_1021_/Y                                0.75    0.80   -0.05 (VIOLATED)
_0970_/B                                0.75    0.80   -0.05 (VIOLATED)
_0971_/B                                0.75    0.80   -0.05 (VIOLATED)
_1003_/A2                               0.75    0.80   -0.05 (VIOLATED)
_0969_/Y                                0.75    0.80   -0.05 (VIOLATED)
_0674_/A3                               0.75    0.80   -0.05 (VIOLATED)
_0876_/C_N                              0.75    0.80   -0.05 (VIOLATED)
_1111_/B1                               0.75    0.80   -0.05 (VIOLATED)
_0672_/Y                                0.75    0.80   -0.05 (VIOLATED)
_1034_/A2                               0.75    0.80   -0.05 (VIOLATED)
_1002_/B1                               0.75    0.80   -0.05 (VIOLATED)
_0995_/Y                                0.75    0.80   -0.05 (VIOLATED)
_1033_/B                                0.75    0.80   -0.05 (VIOLATED)
ANTENNA_91/DIODE                        0.75    0.80   -0.05 (VIOLATED)
_1227_/A1                               0.75    0.80   -0.05 (VIOLATED)
_1199_/Y                                0.75    0.80   -0.05 (VIOLATED)
max_cap48/A                             0.75    0.80   -0.05 (VIOLATED)
_0987_/B                                0.75    0.80   -0.05 (VIOLATED)
_0986_/Y                                0.75    0.80   -0.05 (VIOLATED)
_1183_/B                                0.75    0.79   -0.04 (VIOLATED)
_1182_/Y                                0.75    0.79   -0.04 (VIOLATED)
_0859_/B1                               0.75    0.79   -0.04 (VIOLATED)
ANTENNA_6/DIODE                         0.75    0.79   -0.04 (VIOLATED)
ANTENNA_7/DIODE                         0.75    0.79   -0.04 (VIOLATED)
_0860_/C                                0.75    0.79   -0.04 (VIOLATED)
_0902_/A                                0.75    0.79   -0.04 (VIOLATED)
_0858_/Y                                0.75    0.79   -0.04 (VIOLATED)
_0988_/A1                               0.75    0.79   -0.04 (VIOLATED)
_0952_/B                                0.75    0.79   -0.04 (VIOLATED)
_0989_/A                                0.75    0.79   -0.04 (VIOLATED)
_0951_/Y                                0.75    0.79   -0.04 (VIOLATED)
_1185_/B                                0.75    0.79   -0.04 (VIOLATED)
_1194_/B_N                              0.75    0.79   -0.04 (VIOLATED)
_1184_/Y                                0.75    0.79   -0.04 (VIOLATED)
_0921_/B                                0.75    0.79   -0.04 (VIOLATED)
_0969_/A1                               0.75    0.79   -0.04 (VIOLATED)
_0920_/Y                                0.75    0.79   -0.04 (VIOLATED)
_1268_/B                                0.75    0.78   -0.03 (VIOLATED)
ANTENNA_53/DIODE                        0.75    0.78   -0.03 (VIOLATED)
_1267_/Y                                0.75    0.78   -0.03 (VIOLATED)
_1071_/B                                0.75    0.78   -0.03 (VIOLATED)
_1070_/B                                0.75    0.78   -0.03 (VIOLATED)
ANTENNA_36/DIODE                        0.75    0.78   -0.03 (VIOLATED)
_1069_/Y                                0.75    0.78   -0.03 (VIOLATED)
_0865_/A2                               0.75    0.78   -0.03 (VIOLATED)
_1127_/A                                0.75    0.78   -0.03 (VIOLATED)
_0835_/A4                               0.75    0.78   -0.03 (VIOLATED)
_1158_/B1_N                             0.75    0.78   -0.03 (VIOLATED)
_0825_/Y                                0.75    0.78   -0.03 (VIOLATED)
_1125_/Y                                0.75    0.78   -0.03 (VIOLATED)
_0895_/D                                0.75    0.78   -0.03 (VIOLATED)
_0894_/Y                                0.75    0.78   -0.03 (VIOLATED)
_1317_/A                                0.75    0.78   -0.03 (VIOLATED)
_1321_/A2                               0.75    0.78   -0.03 (VIOLATED)
_1315_/Y                                0.75    0.78   -0.03 (VIOLATED)
_1085_/A                                0.75    0.76   -0.01 (VIOLATED)
_1041_/B1                               0.75    0.76   -0.01 (VIOLATED)
_1084_/A                                0.75    0.76   -0.01 (VIOLATED)
_1040_/Y                                0.75    0.76   -0.01 (VIOLATED)
_1251_/C                                0.75    0.76   -0.01 (VIOLATED)
_1252_/B1                               0.75    0.76   -0.01 (VIOLATED)
_1250_/Y                                0.75    0.76   -0.01 (VIOLATED)
_0835_/A3                               0.75    0.76   -0.01 (VIOLATED)
_0834_/A2                               0.75    0.76   -0.01 (VIOLATED)
ANTENNA_87/DIODE                        0.75    0.76   -0.01 (VIOLATED)
_0819_/Y                                0.75    0.76   -0.01 (VIOLATED)
_0709_/A2                               0.75    0.76   -0.01 (VIOLATED)
wire53/A                                0.75    0.76   -0.01 (VIOLATED)
_0693_/Y                                0.75    0.76   -0.01 (VIOLATED)
_1126_/A                                0.75    0.75   -0.00 (VIOLATED)
_1125_/A                                0.75    0.75   -0.00 (VIOLATED)
_1123_/Y                                0.75    0.75   -0.00 (VIOLATED)
_1225_/B1                               0.75    0.75   -0.00 (VIOLATED)
_1312_/B1                               0.75    0.75   -0.00 (VIOLATED)
wire44/A                                0.75    0.75   -0.00 (VIOLATED)
_1190_/Y                                0.75    0.75   -0.00 (VIOLATED)
ANTENNA_86/DIODE                        0.75    0.75   -0.00 (VIOLATED)
_0843_/A                                0.75    0.75   -0.00 (VIOLATED)
_0808_/B1                               0.75    0.75   -0.00 (VIOLATED)
ANTENNA_85/DIODE                        0.75    0.75   -0.00 (VIOLATED)
_0807_/Y                                0.75    0.75   -0.00 (VIOLATED)
_1085_/B                                0.75    0.75   -0.00 (VIOLATED)
_1260_/B                                0.75    0.75   -0.00 (VIOLATED)
_1259_/Y                                0.75    0.75   -0.00 (VIOLATED)
_1084_/B                                0.75    0.75   -0.00 (VIOLATED)
_1079_/A                                0.75    0.75   -0.00 (VIOLATED)
_1120_/A1                               0.75    0.75   -0.00 (VIOLATED)
_1083_/Y                                0.75    0.75   -0.00 (VIOLATED)
_1055_/Y                                0.75    0.75   -0.00 (VIOLATED)

max fanout

Pin                                   Limit Fanout  Slack
---------------------------------------------------------
_0711_/X                                 10     11        (VIOLATED)
_0755_/X                                 10     11        (VIOLATED)


======================= Typical Corner ===================================

max fanout

Pin                                   Limit Fanout  Slack
---------------------------------------------------------
_0711_/X                                 10     11        (VIOLATED)
_0755_/X                                 10     11        (VIOLATED)



===========================================================================
report_parasitic_annotation -report_unannotated
============================================================================
Found 0 unannotated drivers.
Found 0 partially unannotated drivers.

===========================================================================
max slew violation count 309
max fanout violation count 2
max cap violation count 0
============================================================================

===========================================================================
check_setup -verbose -unconstrained_endpoints -multiple_clock -no_clock -no_input_delay -loops -generated_clocks
===========================================================================
