[ERROR]: during executing openroad script /openlane/scripts/openroad/resizer_routing_timing.tcl
[ERROR]: Log: designs/part1_alu/runs/RUN_2026.05.15_10.30.30/logs/routing/14-resizer_timing.log
[ERROR]: Last 10 lines:
[INFO GRT-0002] Maximum degree: 3
[INFO GRT-0009] rerouting 4 nets.
[INFO GRT-0001] Minimum degree: 3
[INFO GRT-0002] Maximum degree: 3
[INFO GRT-0009] rerouting 4 nets.
[INFO GRT-0009] rerouting 6 nets.
[INFO GRT-0009] rerouting 6 nets.
[INFO GRT-0009] rerouting 9 nets.
[INFO GRT-0009] rerouting 14 nets.
child killed: segmentation violation

[ERROR]: Creating issue reproducible...
[ERROR]: Step 14 (routing) failed with error:
-code 1 -level 0 -errorcode NONE -errorinfo {
    while executing
"throw_error"
    (procedure "run_tcl_script" line 219)
    invoked from within
"run_tcl_script -tool openroad -no_consume {*}$args"
    (procedure "run_openroad_script" line 2)
    invoked from within
"run_openroad_script $::env(SCRIPTS_DIR)/openroad/resizer_routing_timing.tcl -indexed_log $log -save "dir=$::env(routing_tmpfiles),def,sdc,odb,netlist,..."
    (procedure "run_resizer_timing_routing" line 9)
    invoked from within
"run_resizer_timing_routing"
    (procedure "run_routing" line 9)
    invoked from within
"run_routing"
    (procedure "run_routing_step" line 7)
    invoked from within
"run_routing_step"} -errorline 1
[ERROR]: Flow failed.
