[INFO]: Run Directory: /openlane/designs/part1_alu/runs/RUN_2026.05.15_10.30.30
[INFO]: Saving runtime environment...
[INFO]: Preparing LEF files for the nom corner...
[INFO]: Preparing LEF files for the min corner...
[INFO]: Preparing LEF files for the max corner...
[INFO]: Running linter (Verilator) (log: designs/part1_alu/runs/RUN_2026.05.15_10.30.30/logs/synthesis/linter.log)...
[INFO]: 0 errors found by linter
[INFO]: 0 warnings found by linter
[INFO]: Running Synthesis (log: designs/part1_alu/runs/RUN_2026.05.15_10.30.30/logs/synthesis/1-synthesis.log)...
[INFO]: Running Single-Corner Static Timing Analysis (log: designs/part1_alu/runs/RUN_2026.05.15_10.30.30/logs/synthesis/2-sta.log)...
[INFO]: Running Initial Floorplanning (log: designs/part1_alu/runs/RUN_2026.05.15_10.30.30/logs/floorplan/3-initial_fp.log)...
[INFO]: Floorplanned with width 288.88 and height 277.44.
[INFO]: Running IO Placement (log: designs/part1_alu/runs/RUN_2026.05.15_10.30.30/logs/floorplan/4-place_io.log)...
[INFO]: Running Tap/Decap Insertion (log: designs/part1_alu/runs/RUN_2026.05.15_10.30.30/logs/floorplan/5-tap.log)...
[INFO]: Power planning with power {VPWR} and ground {VGND}...
[INFO]: Generating PDN (log: designs/part1_alu/runs/RUN_2026.05.15_10.30.30/logs/floorplan/6-pdn.log)...
[INFO]: Performing Random Global Placement (log: designs/part1_alu/runs/RUN_2026.05.15_10.30.30/logs/placement/7-global.log)...
[INFO]: Running Placement Resizer Design Optimizations (log: designs/part1_alu/runs/RUN_2026.05.15_10.30.30/logs/placement/8-resizer.log)...
[INFO]: Running Detailed Placement (log: designs/part1_alu/runs/RUN_2026.05.15_10.30.30/logs/placement/9-detailed.log)...
[INFO]: Running Single-Corner Static Timing Analysis (log: designs/part1_alu/runs/RUN_2026.05.15_10.30.30/logs/placement/10-dpl_sta.log)...
[INFO]: Running Placement Resizer Timing Optimizations (log: designs/part1_alu/runs/RUN_2026.05.15_10.30.30/logs/cts/11-resizer.log)...
[INFO]: Running Global Routing Resizer Design Optimizations (log: designs/part1_alu/runs/RUN_2026.05.15_10.30.30/logs/routing/12-resizer_design.log)...
[INFO]: Running Single-Corner Static Timing Analysis (log: designs/part1_alu/runs/RUN_2026.05.15_10.30.30/logs/routing/13-rsz_design_sta.log)...
[INFO]: Running Global Routing Resizer Timing Optimizations (log: designs/part1_alu/runs/RUN_2026.05.15_10.30.30/logs/routing/14-resizer_timing.log)...
[ERROR]: during executing openroad script /openlane/scripts/openroad/resizer_routing_timing.tcl
[ERROR]: Log: designs/part1_alu/runs/RUN_2026.05.15_10.30.30/logs/routing/14-resizer_timing.log
[ERROR]: Last 10 lines:
[INFO GRT-0002] Maximum degree: 3
[INFO GRT-0009] rerouting 4 nets.
[INFO GRT-0001] Minimum degree: 3
[INFO GRT-0002] Maximum degree: 3
[INFO GRT-0009] rerouting 4 nets.
[INFO GRT-0009] rerouting 6 nets.
[INFO GRT-0009] rerouting 6 nets.
[INFO GRT-0009] rerouting 9 nets.
[INFO GRT-0009] rerouting 14 nets.
child killed: segmentation violation

[ERROR]: Creating issue reproducible...
[INFO]: Saving runtime environment...
[INFO]: Reproducible packaged: Please tarball and upload 'designs/part1_alu/runs/RUN_2026.05.15_10.30.30/issue_reproducible' if you're going to submit an issue.
[ERROR]: Step 14 (routing) failed with error:
-code 1 -level 0 -errorcode NONE -errorinfo {
    while executing
"throw_error"
    (procedure "run_tcl_script" line 219)
    invoked from within
"run_tcl_script -tool openroad -no_consume {*}$args"
    (procedure "run_openroad_script" line 2)
    invoked from within
"run_openroad_script $::env(SCRIPTS_DIR)/openroad/resizer_routing_timing.tcl -indexed_log $log -save "dir=$::env(routing_tmpfiles),def,sdc,odb,netlist,..."
    (procedure "run_resizer_timing_routing" line 9)
    invoked from within
"run_resizer_timing_routing"
    (procedure "run_routing" line 9)
    invoked from within
"run_routing"
    (procedure "run_routing_step" line 7)
    invoked from within
"run_routing_step"} -errorline 1
[INFO]: Saving current set of views in 'designs/part1_alu/runs/RUN_2026.05.15_10.30.30/results/final'...
[INFO]: Generating final set of reports...
[INFO]: Created manufacturability report at 'designs/part1_alu/runs/RUN_2026.05.15_10.30.30/reports/manufacturability.rpt'.
[INFO]: Created metrics report at 'designs/part1_alu/runs/RUN_2026.05.15_10.30.30/reports/metrics.csv'.
[INFO]: Saving runtime environment...
[ERROR]: Flow failed.
