
64. Printing statistics.

=== cpu_top ===

   Number of wires:                 52
   Number of wire bits:             74
   Number of public wires:           4
   Number of public wire bits:      26
   Number of memories:               0
   Number of memory bits:            0
   Number of processes:              0
   Number of cells:                 72
     sky130_fd_sc_hd__a21o_2         1
     sky130_fd_sc_hd__a21oi_2        9
     sky130_fd_sc_hd__a221oi_2       1
     sky130_fd_sc_hd__a31o_2         3
     sky130_fd_sc_hd__a31oi_2        1
     sky130_fd_sc_hd__and2_2         1
     sky130_fd_sc_hd__and2b_2        1
     sky130_fd_sc_hd__and3_2         3
     sky130_fd_sc_hd__and3b_2        1
     sky130_fd_sc_hd__and4_2         3
     sky130_fd_sc_hd__buf_1          6
     sky130_fd_sc_hd__conb_1         8
     sky130_fd_sc_hd__dfxtp_2       16
     sky130_fd_sc_hd__inv_2          1
     sky130_fd_sc_hd__nand2_2        1
     sky130_fd_sc_hd__nand4_2        1
     sky130_fd_sc_hd__nor2_2         4
     sky130_fd_sc_hd__nor3_2         4
     sky130_fd_sc_hd__o21a_2         7

   Chip area for module '\cpu_top': 761.980800

