
===========================================================================
report_checks -unconstrained
===========================================================================
======================= Fastest Corner ===================================

Startpoint: _096_ (rising edge-triggered flip-flop clocked by clk)
Endpoint: _111_ (rising edge-triggered flip-flop clocked by clk)
Path Group: clk
Path Type: max
Corner: Fastest

Fanout     Cap    Slew   Delay    Time   Description
-----------------------------------------------------------------------------
                          0.00    0.00   clock clk (rise edge)
                          0.00    0.00   clock source latency
                  0.21    0.15    0.15 ^ clk (in)
     1    0.06                           clk (net)
                  0.21    0.00    0.15 ^ clkbuf_0_clk/A (sky130_fd_sc_hd__clkbuf_16)
                  0.05    0.14    0.30 ^ clkbuf_0_clk/X (sky130_fd_sc_hd__clkbuf_16)
     2    0.04                           clknet_0_clk (net)
                  0.05    0.00    0.30 ^ clkbuf_1_0__f_clk/A (sky130_fd_sc_hd__clkbuf_16)
                  0.08    0.14    0.43 ^ clkbuf_1_0__f_clk/X (sky130_fd_sc_hd__clkbuf_16)
     9    0.09                           clknet_1_0__leaf_clk (net)
                  0.08    0.01    0.44 ^ _096_/CLK (sky130_fd_sc_hd__dfxtp_2)
                  0.82    0.76    1.20 ^ _096_/Q (sky130_fd_sc_hd__dfxtp_2)
     7    0.22                           pc_out[0] (net)
                  0.82    0.01    1.21 ^ _055_/A (sky130_fd_sc_hd__and4_2)
                  0.27    0.38    1.59 ^ _055_/X (sky130_fd_sc_hd__and4_2)
     1    0.07                           _020_ (net)
                  0.27    0.02    1.61 ^ _056_/A (sky130_fd_sc_hd__buf_1)
                  1.48    1.09    2.71 ^ _056_/X (sky130_fd_sc_hd__buf_1)
     7    0.17                           _021_ (net)
                  1.48    0.03    2.73 ^ _065_/D (sky130_fd_sc_hd__and4_2)
                  0.18    0.26    2.99 ^ _065_/X (sky130_fd_sc_hd__and4_2)
     1    0.04                           _027_ (net)
                  0.18    0.01    3.00 ^ _066_/A (sky130_fd_sc_hd__buf_1)
                  1.26    0.92    3.92 ^ _066_/X (sky130_fd_sc_hd__buf_1)
     6    0.15                           _028_ (net)
                  1.26    0.03    3.95 ^ _073_/D (sky130_fd_sc_hd__and4_2)
                  0.46    0.48    4.44 ^ _073_/X (sky130_fd_sc_hd__and4_2)
     5    0.12                           _032_ (net)
                  0.46    0.01    4.45 ^ _079_/C (sky130_fd_sc_hd__and3_2)
                  0.18    0.26    4.71 ^ _079_/X (sky130_fd_sc_hd__and3_2)
     1    0.05                           _036_ (net)
                  0.18    0.01    4.72 ^ _080_/A (sky130_fd_sc_hd__buf_1)
                  1.36    1.00    5.72 ^ _080_/X (sky130_fd_sc_hd__buf_1)
     9    0.16                           _037_ (net)
                  1.36    0.02    5.75 ^ _092_/C (sky130_fd_sc_hd__nand4_2)
                  0.33    0.21    5.96 v _092_/Y (sky130_fd_sc_hd__nand4_2)
     1    0.04                           _045_ (net)
                  0.33    0.00    5.97 v _094_/B (sky130_fd_sc_hd__and3b_2)
                  0.17    0.37    6.33 v _094_/X (sky130_fd_sc_hd__and3b_2)
     1    0.09                           _047_ (net)
                  0.18    0.04    6.37 v _095_/A (sky130_fd_sc_hd__buf_1)
                  0.16    0.23    6.60 v _095_/X (sky130_fd_sc_hd__buf_1)
     1    0.04                           _015_ (net)
                  0.16    0.01    6.60 v _111_/D (sky130_fd_sc_hd__dfxtp_2)
                                  6.60   data arrival time

                         10.00   10.00   clock clk (rise edge)
                          0.00   10.00   clock source latency
                  0.21    0.14   10.14 ^ clk (in)
     1    0.06                           clk (net)
                  0.21    0.00   10.14 ^ clkbuf_0_clk/A (sky130_fd_sc_hd__clkbuf_16)
                  0.05    0.13   10.27 ^ clkbuf_0_clk/X (sky130_fd_sc_hd__clkbuf_16)
     2    0.04                           clknet_0_clk (net)
                  0.05    0.00   10.27 ^ clkbuf_1_1__f_clk/A (sky130_fd_sc_hd__clkbuf_16)
                  0.08    0.12   10.39 ^ clkbuf_1_1__f_clk/X (sky130_fd_sc_hd__clkbuf_16)
     7    0.09                           clknet_1_1__leaf_clk (net)
                  0.08    0.00   10.40 ^ _111_/CLK (sky130_fd_sc_hd__dfxtp_2)
                         -0.25   10.15   clock uncertainty
                          0.03   10.17   clock reconvergence pessimism
                         -0.11   10.06   library setup time
                                 10.06   data required time
-----------------------------------------------------------------------------
                                 10.06   data required time
                                 -6.60   data arrival time
-----------------------------------------------------------------------------
                                  3.46   slack (MET)



======================= Slowest Corner ===================================

Startpoint: _096_ (rising edge-triggered flip-flop clocked by clk)
Endpoint: _111_ (rising edge-triggered flip-flop clocked by clk)
Path Group: clk
Path Type: max
Corner: Slowest

Fanout     Cap    Slew   Delay    Time   Description
-----------------------------------------------------------------------------
                          0.00    0.00   clock clk (rise edge)
                          0.00    0.00   clock source latency
                  0.44    0.33    0.33 ^ clk (in)
     1    0.06                           clk (net)
                  0.44    0.00    0.33 ^ clkbuf_0_clk/A (sky130_fd_sc_hd__clkbuf_16)
                  0.10    0.43    0.76 ^ clkbuf_0_clk/X (sky130_fd_sc_hd__clkbuf_16)
     2    0.04                           clknet_0_clk (net)
                  0.10    0.00    0.76 ^ clkbuf_1_0__f_clk/A (sky130_fd_sc_hd__clkbuf_16)
                  0.16    0.33    1.10 ^ clkbuf_1_0__f_clk/X (sky130_fd_sc_hd__clkbuf_16)
     9    0.09                           clknet_1_0__leaf_clk (net)
                  0.16    0.01    1.10 ^ _096_/CLK (sky130_fd_sc_hd__dfxtp_2)
                  1.71    1.93    3.03 ^ _096_/Q (sky130_fd_sc_hd__dfxtp_2)
     7    0.22                           pc_out[0] (net)
                  1.71    0.01    3.04 ^ _055_/A (sky130_fd_sc_hd__and4_2)
                  0.58    1.48    4.52 ^ _055_/X (sky130_fd_sc_hd__and4_2)
     1    0.07                           _020_ (net)
                  0.58    0.02    4.53 ^ _056_/A (sky130_fd_sc_hd__buf_1)
                  3.15    2.60    7.14 ^ _056_/X (sky130_fd_sc_hd__buf_1)
     7    0.17                           _021_ (net)
                  3.15    0.03    7.16 ^ _065_/D (sky130_fd_sc_hd__and4_2)
                  0.40    1.45    8.61 ^ _065_/X (sky130_fd_sc_hd__and4_2)
     1    0.04                           _027_ (net)
                  0.40    0.01    8.62 ^ _066_/A (sky130_fd_sc_hd__buf_1)
                  2.67    2.18   10.80 ^ _066_/X (sky130_fd_sc_hd__buf_1)
     6    0.15                           _028_ (net)
                  2.67    0.03   10.83 ^ _073_/D (sky130_fd_sc_hd__and4_2)
                  1.00    1.86   12.70 ^ _073_/X (sky130_fd_sc_hd__and4_2)
     5    0.12                           _032_ (net)
                  1.00    0.01   12.71 ^ _079_/C (sky130_fd_sc_hd__and3_2)
                  0.39    0.93   13.64 ^ _079_/X (sky130_fd_sc_hd__and3_2)
     1    0.04                           _036_ (net)
                  0.39    0.01   13.65 ^ _080_/A (sky130_fd_sc_hd__buf_1)
                  2.90    2.36   16.01 ^ _080_/X (sky130_fd_sc_hd__buf_1)
     9    0.16                           _037_ (net)
                  2.90    0.02   16.03 ^ _092_/C (sky130_fd_sc_hd__nand4_2)
                  0.87    1.42   17.45 v _092_/Y (sky130_fd_sc_hd__nand4_2)
     1    0.04                           _045_ (net)
                  0.87    0.00   17.46 v _094_/B (sky130_fd_sc_hd__and3b_2)
                  0.43    1.19   18.65 v _094_/X (sky130_fd_sc_hd__and3b_2)
     1    0.09                           _047_ (net)
                  0.43    0.04   18.69 v _095_/A (sky130_fd_sc_hd__buf_1)
                  0.46    0.65   19.33 v _095_/X (sky130_fd_sc_hd__buf_1)
     1    0.04                           _015_ (net)
                  0.46    0.01   19.34 v _111_/D (sky130_fd_sc_hd__dfxtp_2)
                                 19.34   data arrival time

                         10.00   10.00   clock clk (rise edge)
                          0.00   10.00   clock source latency
                  0.44    0.29   10.29 ^ clk (in)
     1    0.06                           clk (net)
                  0.44    0.00   10.29 ^ clkbuf_0_clk/A (sky130_fd_sc_hd__clkbuf_16)
                  0.10    0.39   10.69 ^ clkbuf_0_clk/X (sky130_fd_sc_hd__clkbuf_16)
     2    0.04                           clknet_0_clk (net)
                  0.10    0.00   10.69 ^ clkbuf_1_1__f_clk/A (sky130_fd_sc_hd__clkbuf_16)
                  0.16    0.30   10.99 ^ clkbuf_1_1__f_clk/X (sky130_fd_sc_hd__clkbuf_16)
     7    0.09                           clknet_1_1__leaf_clk (net)
                  0.16    0.00   10.99 ^ _111_/CLK (sky130_fd_sc_hd__dfxtp_2)
                         -0.25   10.74   clock uncertainty
                          0.07   10.81   clock reconvergence pessimism
                         -0.41   10.40   library setup time
                                 10.40   data required time
-----------------------------------------------------------------------------
                                 10.40   data required time
                                -19.34   data arrival time
-----------------------------------------------------------------------------
                                 -8.94   slack (VIOLATED)



======================= Typical Corner ===================================

Startpoint: _096_ (rising edge-triggered flip-flop clocked by clk)
Endpoint: _111_ (rising edge-triggered flip-flop clocked by clk)
Path Group: clk
Path Type: max
Corner: Typical

Fanout     Cap    Slew   Delay    Time   Description
-----------------------------------------------------------------------------
                          0.00    0.00   clock clk (rise edge)
                          0.00    0.00   clock source latency
                  0.28    0.21    0.21 ^ clk (in)
     1    0.06                           clk (net)
                  0.28    0.00    0.21 ^ clkbuf_0_clk/A (sky130_fd_sc_hd__clkbuf_16)
                  0.07    0.23    0.44 ^ clkbuf_0_clk/X (sky130_fd_sc_hd__clkbuf_16)
     2    0.04                           clknet_0_clk (net)
                  0.07    0.00    0.44 ^ clkbuf_1_0__f_clk/A (sky130_fd_sc_hd__clkbuf_16)
                  0.11    0.19    0.63 ^ clkbuf_1_0__f_clk/X (sky130_fd_sc_hd__clkbuf_16)
     9    0.09                           clknet_1_0__leaf_clk (net)
                  0.11    0.01    0.64 ^ _096_/CLK (sky130_fd_sc_hd__dfxtp_2)
                  1.08    1.09    1.73 ^ _096_/Q (sky130_fd_sc_hd__dfxtp_2)
     7    0.22                           pc_out[0] (net)
                  1.08    0.01    1.74 ^ _055_/A (sky130_fd_sc_hd__and4_2)
                  0.36    0.69    2.43 ^ _055_/X (sky130_fd_sc_hd__and4_2)
     1    0.07                           _020_ (net)
                  0.36    0.02    2.45 ^ _056_/A (sky130_fd_sc_hd__buf_1)
                  1.97    1.52    3.97 ^ _056_/X (sky130_fd_sc_hd__buf_1)
     7    0.17                           _021_ (net)
                  1.97    0.03    4.00 ^ _065_/D (sky130_fd_sc_hd__and4_2)
                  0.24    0.61    4.61 ^ _065_/X (sky130_fd_sc_hd__and4_2)
     1    0.04                           _027_ (net)
                  0.24    0.01    4.62 ^ _066_/A (sky130_fd_sc_hd__buf_1)
                  1.66    1.28    5.90 ^ _066_/X (sky130_fd_sc_hd__buf_1)
     6    0.15                           _028_ (net)
                  1.66    0.03    5.93 ^ _073_/D (sky130_fd_sc_hd__and4_2)
                  0.61    0.88    6.81 ^ _073_/X (sky130_fd_sc_hd__and4_2)
     5    0.12                           _032_ (net)
                  0.61    0.01    6.82 ^ _079_/C (sky130_fd_sc_hd__and3_2)
                  0.24    0.45    7.27 ^ _079_/X (sky130_fd_sc_hd__and3_2)
     1    0.04                           _036_ (net)
                  0.24    0.01    7.28 ^ _080_/A (sky130_fd_sc_hd__buf_1)
                  1.80    1.39    8.68 ^ _080_/X (sky130_fd_sc_hd__buf_1)
     9    0.16                           _037_ (net)
                  1.81    0.02    8.70 ^ _092_/C (sky130_fd_sc_hd__nand4_2)
                  0.47    0.56    9.26 v _092_/Y (sky130_fd_sc_hd__nand4_2)
     1    0.04                           _045_ (net)
                  0.47    0.00    9.26 v _094_/B (sky130_fd_sc_hd__and3b_2)
                  0.24    0.58    9.84 v _094_/X (sky130_fd_sc_hd__and3b_2)
     1    0.09                           _047_ (net)
                  0.24    0.04    9.88 v _095_/A (sky130_fd_sc_hd__buf_1)
                  0.24    0.34   10.22 v _095_/X (sky130_fd_sc_hd__buf_1)
     1    0.04                           _015_ (net)
                  0.24    0.01   10.22 v _111_/D (sky130_fd_sc_hd__dfxtp_2)
                                 10.22   data arrival time

                         10.00   10.00   clock clk (rise edge)
                          0.00   10.00   clock source latency
                  0.28    0.19   10.19 ^ clk (in)
     1    0.06                           clk (net)
                  0.28    0.00   10.19 ^ clkbuf_0_clk/A (sky130_fd_sc_hd__clkbuf_16)
                  0.07    0.21   10.40 ^ clkbuf_0_clk/X (sky130_fd_sc_hd__clkbuf_16)
     2    0.04                           clknet_0_clk (net)
                  0.07    0.00   10.40 ^ clkbuf_1_1__f_clk/A (sky130_fd_sc_hd__clkbuf_16)
                  0.10    0.17   10.57 ^ clkbuf_1_1__f_clk/X (sky130_fd_sc_hd__clkbuf_16)
     7    0.09                           clknet_1_1__leaf_clk (net)
                  0.10    0.00   10.58 ^ _111_/CLK (sky130_fd_sc_hd__dfxtp_2)
                         -0.25   10.33   clock uncertainty
                          0.04   10.37   clock reconvergence pessimism
                         -0.18   10.19   library setup time
                                 10.19   data required time
-----------------------------------------------------------------------------
                                 10.19   data required time
                                -10.22   data arrival time
-----------------------------------------------------------------------------
                                 -0.04   slack (VIOLATED)




===========================================================================
report_checks --slack_max -0.01
============================================================================
======================= Fastest Corner ===================================

No paths found.

======================= Slowest Corner ===================================

Startpoint: _096_ (rising edge-triggered flip-flop clocked by clk)
Endpoint: _111_ (rising edge-triggered flip-flop clocked by clk)
Path Group: clk
Path Type: max
Corner: Slowest

Fanout     Cap    Slew   Delay    Time   Description
-----------------------------------------------------------------------------
                          0.00    0.00   clock clk (rise edge)
                          0.00    0.00   clock source latency
                  0.44    0.33    0.33 ^ clk (in)
     1    0.06                           clk (net)
                  0.44    0.00    0.33 ^ clkbuf_0_clk/A (sky130_fd_sc_hd__clkbuf_16)
                  0.10    0.43    0.76 ^ clkbuf_0_clk/X (sky130_fd_sc_hd__clkbuf_16)
     2    0.04                           clknet_0_clk (net)
                  0.10    0.00    0.76 ^ clkbuf_1_0__f_clk/A (sky130_fd_sc_hd__clkbuf_16)
                  0.16    0.33    1.10 ^ clkbuf_1_0__f_clk/X (sky130_fd_sc_hd__clkbuf_16)
     9    0.09                           clknet_1_0__leaf_clk (net)
                  0.16    0.01    1.10 ^ _096_/CLK (sky130_fd_sc_hd__dfxtp_2)
                  1.71    1.93    3.03 ^ _096_/Q (sky130_fd_sc_hd__dfxtp_2)
     7    0.22                           pc_out[0] (net)
                  1.71    0.01    3.04 ^ _055_/A (sky130_fd_sc_hd__and4_2)
                  0.58    1.48    4.52 ^ _055_/X (sky130_fd_sc_hd__and4_2)
     1    0.07                           _020_ (net)
                  0.58    0.02    4.53 ^ _056_/A (sky130_fd_sc_hd__buf_1)
                  3.15    2.60    7.14 ^ _056_/X (sky130_fd_sc_hd__buf_1)
     7    0.17                           _021_ (net)
                  3.15    0.03    7.16 ^ _065_/D (sky130_fd_sc_hd__and4_2)
                  0.40    1.45    8.61 ^ _065_/X (sky130_fd_sc_hd__and4_2)
     1    0.04                           _027_ (net)
                  0.40    0.01    8.62 ^ _066_/A (sky130_fd_sc_hd__buf_1)
                  2.67    2.18   10.80 ^ _066_/X (sky130_fd_sc_hd__buf_1)
     6    0.15                           _028_ (net)
                  2.67    0.03   10.83 ^ _073_/D (sky130_fd_sc_hd__and4_2)
                  1.00    1.86   12.70 ^ _073_/X (sky130_fd_sc_hd__and4_2)
     5    0.12                           _032_ (net)
                  1.00    0.01   12.71 ^ _079_/C (sky130_fd_sc_hd__and3_2)
                  0.39    0.93   13.64 ^ _079_/X (sky130_fd_sc_hd__and3_2)
     1    0.04                           _036_ (net)
                  0.39    0.01   13.65 ^ _080_/A (sky130_fd_sc_hd__buf_1)
                  2.90    2.36   16.01 ^ _080_/X (sky130_fd_sc_hd__buf_1)
     9    0.16                           _037_ (net)
                  2.90    0.02   16.03 ^ _092_/C (sky130_fd_sc_hd__nand4_2)
                  0.87    1.42   17.45 v _092_/Y (sky130_fd_sc_hd__nand4_2)
     1    0.04                           _045_ (net)
                  0.87    0.00   17.46 v _094_/B (sky130_fd_sc_hd__and3b_2)
                  0.43    1.19   18.65 v _094_/X (sky130_fd_sc_hd__and3b_2)
     1    0.09                           _047_ (net)
                  0.43    0.04   18.69 v _095_/A (sky130_fd_sc_hd__buf_1)
                  0.46    0.65   19.33 v _095_/X (sky130_fd_sc_hd__buf_1)
     1    0.04                           _015_ (net)
                  0.46    0.01   19.34 v _111_/D (sky130_fd_sc_hd__dfxtp_2)
                                 19.34   data arrival time

                         10.00   10.00   clock clk (rise edge)
                          0.00   10.00   clock source latency
                  0.44    0.29   10.29 ^ clk (in)
     1    0.06                           clk (net)
                  0.44    0.00   10.29 ^ clkbuf_0_clk/A (sky130_fd_sc_hd__clkbuf_16)
                  0.10    0.39   10.69 ^ clkbuf_0_clk/X (sky130_fd_sc_hd__clkbuf_16)
     2    0.04                           clknet_0_clk (net)
                  0.10    0.00   10.69 ^ clkbuf_1_1__f_clk/A (sky130_fd_sc_hd__clkbuf_16)
                  0.16    0.30   10.99 ^ clkbuf_1_1__f_clk/X (sky130_fd_sc_hd__clkbuf_16)
     7    0.09                           clknet_1_1__leaf_clk (net)
                  0.16    0.00   10.99 ^ _111_/CLK (sky130_fd_sc_hd__dfxtp_2)
                         -0.25   10.74   clock uncertainty
                          0.07   10.81   clock reconvergence pessimism
                         -0.41   10.40   library setup time
                                 10.40   data required time
-----------------------------------------------------------------------------
                                 10.40   data required time
                                -19.34   data arrival time
-----------------------------------------------------------------------------
                                 -8.94   slack (VIOLATED)



======================= Typical Corner ===================================

Startpoint: _096_ (rising edge-triggered flip-flop clocked by clk)
Endpoint: _111_ (rising edge-triggered flip-flop clocked by clk)
Path Group: clk
Path Type: max
Corner: Typical

Fanout     Cap    Slew   Delay    Time   Description
-----------------------------------------------------------------------------
                          0.00    0.00   clock clk (rise edge)
                          0.00    0.00   clock source latency
                  0.28    0.21    0.21 ^ clk (in)
     1    0.06                           clk (net)
                  0.28    0.00    0.21 ^ clkbuf_0_clk/A (sky130_fd_sc_hd__clkbuf_16)
                  0.07    0.23    0.44 ^ clkbuf_0_clk/X (sky130_fd_sc_hd__clkbuf_16)
     2    0.04                           clknet_0_clk (net)
                  0.07    0.00    0.44 ^ clkbuf_1_0__f_clk/A (sky130_fd_sc_hd__clkbuf_16)
                  0.11    0.19    0.63 ^ clkbuf_1_0__f_clk/X (sky130_fd_sc_hd__clkbuf_16)
     9    0.09                           clknet_1_0__leaf_clk (net)
                  0.11    0.01    0.64 ^ _096_/CLK (sky130_fd_sc_hd__dfxtp_2)
                  1.08    1.09    1.73 ^ _096_/Q (sky130_fd_sc_hd__dfxtp_2)
     7    0.22                           pc_out[0] (net)
                  1.08    0.01    1.74 ^ _055_/A (sky130_fd_sc_hd__and4_2)
                  0.36    0.69    2.43 ^ _055_/X (sky130_fd_sc_hd__and4_2)
     1    0.07                           _020_ (net)
                  0.36    0.02    2.45 ^ _056_/A (sky130_fd_sc_hd__buf_1)
                  1.97    1.52    3.97 ^ _056_/X (sky130_fd_sc_hd__buf_1)
     7    0.17                           _021_ (net)
                  1.97    0.03    4.00 ^ _065_/D (sky130_fd_sc_hd__and4_2)
                  0.24    0.61    4.61 ^ _065_/X (sky130_fd_sc_hd__and4_2)
     1    0.04                           _027_ (net)
                  0.24    0.01    4.62 ^ _066_/A (sky130_fd_sc_hd__buf_1)
                  1.66    1.28    5.90 ^ _066_/X (sky130_fd_sc_hd__buf_1)
     6    0.15                           _028_ (net)
                  1.66    0.03    5.93 ^ _073_/D (sky130_fd_sc_hd__and4_2)
                  0.61    0.88    6.81 ^ _073_/X (sky130_fd_sc_hd__and4_2)
     5    0.12                           _032_ (net)
                  0.61    0.01    6.82 ^ _079_/C (sky130_fd_sc_hd__and3_2)
                  0.24    0.45    7.27 ^ _079_/X (sky130_fd_sc_hd__and3_2)
     1    0.04                           _036_ (net)
                  0.24    0.01    7.28 ^ _080_/A (sky130_fd_sc_hd__buf_1)
                  1.80    1.39    8.68 ^ _080_/X (sky130_fd_sc_hd__buf_1)
     9    0.16                           _037_ (net)
                  1.81    0.02    8.70 ^ _092_/C (sky130_fd_sc_hd__nand4_2)
                  0.47    0.56    9.26 v _092_/Y (sky130_fd_sc_hd__nand4_2)
     1    0.04                           _045_ (net)
                  0.47    0.00    9.26 v _094_/B (sky130_fd_sc_hd__and3b_2)
                  0.24    0.58    9.84 v _094_/X (sky130_fd_sc_hd__and3b_2)
     1    0.09                           _047_ (net)
                  0.24    0.04    9.88 v _095_/A (sky130_fd_sc_hd__buf_1)
                  0.24    0.34   10.22 v _095_/X (sky130_fd_sc_hd__buf_1)
     1    0.04                           _015_ (net)
                  0.24    0.01   10.22 v _111_/D (sky130_fd_sc_hd__dfxtp_2)
                                 10.22   data arrival time

                         10.00   10.00   clock clk (rise edge)
                          0.00   10.00   clock source latency
                  0.28    0.19   10.19 ^ clk (in)
     1    0.06                           clk (net)
                  0.28    0.00   10.19 ^ clkbuf_0_clk/A (sky130_fd_sc_hd__clkbuf_16)
                  0.07    0.21   10.40 ^ clkbuf_0_clk/X (sky130_fd_sc_hd__clkbuf_16)
     2    0.04                           clknet_0_clk (net)
                  0.07    0.00   10.40 ^ clkbuf_1_1__f_clk/A (sky130_fd_sc_hd__clkbuf_16)
                  0.10    0.17   10.57 ^ clkbuf_1_1__f_clk/X (sky130_fd_sc_hd__clkbuf_16)
     7    0.09                           clknet_1_1__leaf_clk (net)
                  0.10    0.00   10.58 ^ _111_/CLK (sky130_fd_sc_hd__dfxtp_2)
                         -0.25   10.33   clock uncertainty
                          0.04   10.37   clock reconvergence pessimism
                         -0.18   10.19   library setup time
                                 10.19   data required time
-----------------------------------------------------------------------------
                                 10.19   data required time
                                -10.22   data arrival time
-----------------------------------------------------------------------------
                                 -0.04   slack (VIOLATED)




===========================================================================
 report_check_types -max_slew -max_cap -max_fanout -violators
============================================================================
======================= Fastest Corner ===================================

max slew

Pin                                    Limit    Slew   Slack
------------------------------------------------------------
_072_/A                                 0.75    1.73   -0.98 (VIOLATED)
_059_/B1                                0.75    1.73   -0.98 (VIOLATED)
_049_/B                                 0.75    1.73   -0.98 (VIOLATED)
_067_/A                                 0.75    1.73   -0.98 (VIOLATED)
_087_/C1                                0.75    1.73   -0.98 (VIOLATED)
_076_/B1                                0.75    1.73   -0.98 (VIOLATED)
_050_/B1                                0.75    1.73   -0.98 (VIOLATED)
_068_/B1                                0.75    1.73   -0.98 (VIOLATED)
_081_/A                                 0.75    1.73   -0.98 (VIOLATED)
_054_/A                                 0.75    1.72   -0.97 (VIOLATED)
_048_/X                                 0.75    1.72   -0.97 (VIOLATED)
_064_/A3                                0.75    1.48   -0.73 (VIOLATED)
_059_/A2                                0.75    1.48   -0.73 (VIOLATED)
_061_/A2                                0.75    1.48   -0.73 (VIOLATED)
_065_/D                                 0.75    1.48   -0.73 (VIOLATED)
_060_/A2                                0.75    1.48   -0.73 (VIOLATED)
_062_/A3                                0.75    1.48   -0.73 (VIOLATED)
_057_/B                                 0.75    1.48   -0.73 (VIOLATED)
_056_/X                                 0.75    1.48   -0.73 (VIOLATED)
_083_/A2                                0.75    1.36   -0.61 (VIOLATED)
_081_/C                                 0.75    1.36   -0.61 (VIOLATED)
_087_/B2                                0.75    1.36   -0.61 (VIOLATED)
_088_/A2                                0.75    1.36   -0.61 (VIOLATED)
_092_/C                                 0.75    1.36   -0.61 (VIOLATED)
_089_/A1                                0.75    1.36   -0.61 (VIOLATED)
_093_/A2                                0.75    1.36   -0.61 (VIOLATED)
_082_/A2                                0.75    1.36   -0.61 (VIOLATED)
_085_/B                                 0.75    1.36   -0.61 (VIOLATED)
_080_/X                                 0.75    1.36   -0.61 (VIOLATED)
_070_/A2                                0.75    1.26   -0.51 (VIOLATED)
_071_/C                                 0.75    1.26   -0.51 (VIOLATED)
_069_/A2                                0.75    1.26   -0.51 (VIOLATED)
_067_/C                                 0.75    1.26   -0.51 (VIOLATED)
_073_/D                                 0.75    1.26   -0.51 (VIOLATED)
_068_/A2                                0.75    1.26   -0.51 (VIOLATED)
_066_/X                                 0.75    1.26   -0.51 (VIOLATED)
_083_/B1                                0.75    0.83   -0.08 (VIOLATED)
pc_out[0]                               0.75    0.83   -0.08 (VIOLATED)
_082_/Y                                 0.75    0.83   -0.08 (VIOLATED)
_051_/A1                                0.75    0.82   -0.07 (VIOLATED)
_050_/A1                                0.75    0.82   -0.07 (VIOLATED)
_052_/A                                 0.75    0.82   -0.07 (VIOLATED)
_053_/A1                                0.75    0.82   -0.07 (VIOLATED)
_049_/A                                 0.75    0.82   -0.07 (VIOLATED)
_055_/A                                 0.75    0.82   -0.07 (VIOLATED)
_096_/Q                                 0.75    0.82   -0.07 (VIOLATED)
_059_/A1                                0.75    0.81   -0.06 (VIOLATED)
_060_/A1                                0.75    0.81   -0.06 (VIOLATED)
pc_out[4]                               0.75    0.81   -0.06 (VIOLATED)
_064_/A1                                0.75    0.81   -0.06 (VIOLATED)
_062_/A1                                0.75    0.81   -0.06 (VIOLATED)
_065_/A                                 0.75    0.81   -0.06 (VIOLATED)
_061_/A1                                0.75    0.81   -0.06 (VIOLATED)
_100_/Q                                 0.75    0.80   -0.05 (VIOLATED)
pc_out[7]                               0.75    0.77   -0.02 (VIOLATED)
_068_/A1                                0.75    0.77   -0.02 (VIOLATED)
_069_/A1                                0.75    0.77   -0.02 (VIOLATED)
_073_/A                                 0.75    0.77   -0.02 (VIOLATED)
_070_/A1                                0.75    0.76   -0.01 (VIOLATED)
_071_/A                                 0.75    0.76   -0.01 (VIOLATED)
_103_/Q                                 0.75    0.76   -0.01 (VIOLATED)

max capacitance

Pin                                    Limit     Cap   Slack
------------------------------------------------------------
_048_/X                                 0.17    0.20   -0.03 (VIOLATED)


======================= Slowest Corner ===================================

max slew

Pin                                    Limit    Slew   Slack
------------------------------------------------------------
_072_/A                                 0.75    3.67   -2.92 (VIOLATED)
_059_/B1                                0.75    3.67   -2.92 (VIOLATED)
_049_/B                                 0.75    3.67   -2.92 (VIOLATED)
_067_/A                                 0.75    3.67   -2.92 (VIOLATED)
_087_/C1                                0.75    3.67   -2.92 (VIOLATED)
_050_/B1                                0.75    3.67   -2.92 (VIOLATED)
_076_/B1                                0.75    3.67   -2.92 (VIOLATED)
_068_/B1                                0.75    3.67   -2.92 (VIOLATED)
_081_/A                                 0.75    3.67   -2.92 (VIOLATED)
_048_/X                                 0.75    3.67   -2.92 (VIOLATED)
_054_/A                                 0.75    3.67   -2.92 (VIOLATED)
_064_/A3                                0.75    3.15   -2.40 (VIOLATED)
_059_/A2                                0.75    3.15   -2.40 (VIOLATED)
_061_/A2                                0.75    3.15   -2.40 (VIOLATED)
_065_/D                                 0.75    3.15   -2.40 (VIOLATED)
_060_/A2                                0.75    3.15   -2.40 (VIOLATED)
_062_/A3                                0.75    3.15   -2.40 (VIOLATED)
_057_/B                                 0.75    3.15   -2.40 (VIOLATED)
_056_/X                                 0.75    3.15   -2.40 (VIOLATED)
_083_/A2                                0.75    2.90   -2.15 (VIOLATED)
_081_/C                                 0.75    2.90   -2.15 (VIOLATED)
_087_/B2                                0.75    2.90   -2.15 (VIOLATED)
_088_/A2                                0.75    2.90   -2.15 (VIOLATED)
_092_/C                                 0.75    2.90   -2.15 (VIOLATED)
_089_/A1                                0.75    2.90   -2.15 (VIOLATED)
_082_/A2                                0.75    2.90   -2.15 (VIOLATED)
_093_/A2                                0.75    2.90   -2.15 (VIOLATED)
_085_/B                                 0.75    2.90   -2.15 (VIOLATED)
_080_/X                                 0.75    2.90   -2.15 (VIOLATED)
_070_/A2                                0.75    2.67   -1.92 (VIOLATED)
_071_/C                                 0.75    2.67   -1.92 (VIOLATED)
_069_/A2                                0.75    2.67   -1.92 (VIOLATED)
_067_/C                                 0.75    2.67   -1.92 (VIOLATED)
_073_/D                                 0.75    2.67   -1.92 (VIOLATED)
_066_/X                                 0.75    2.67   -1.92 (VIOLATED)
_068_/A2                                0.75    2.67   -1.92 (VIOLATED)
_083_/B1                                0.75    1.84   -1.09 (VIOLATED)
_082_/Y                                 0.75    1.84   -1.09 (VIOLATED)
pc_out[0]                               0.75    1.71   -0.96 (VIOLATED)
_051_/A1                                0.75    1.71   -0.96 (VIOLATED)
_050_/A1                                0.75    1.71   -0.96 (VIOLATED)
_052_/A                                 0.75    1.71   -0.96 (VIOLATED)
_053_/A1                                0.75    1.71   -0.96 (VIOLATED)
_049_/A                                 0.75    1.71   -0.96 (VIOLATED)
_055_/A                                 0.75    1.71   -0.96 (VIOLATED)
_096_/Q                                 0.75    1.71   -0.96 (VIOLATED)
_059_/A1                                0.75    1.68   -0.93 (VIOLATED)
_060_/A1                                0.75    1.68   -0.93 (VIOLATED)
pc_out[4]                               0.75    1.68   -0.93 (VIOLATED)
_064_/A1                                0.75    1.68   -0.93 (VIOLATED)
_062_/A1                                0.75    1.68   -0.93 (VIOLATED)
_065_/A                                 0.75    1.68   -0.93 (VIOLATED)
_061_/A1                                0.75    1.68   -0.93 (VIOLATED)
_100_/Q                                 0.75    1.68   -0.93 (VIOLATED)
pc_out[7]                               0.75    1.59   -0.84 (VIOLATED)
_068_/A1                                0.75    1.59   -0.84 (VIOLATED)
_069_/A1                                0.75    1.59   -0.84 (VIOLATED)
_073_/A                                 0.75    1.59   -0.84 (VIOLATED)
_070_/A1                                0.75    1.59   -0.84 (VIOLATED)
_071_/A                                 0.75    1.59   -0.84 (VIOLATED)
_103_/Q                                 0.75    1.59   -0.84 (VIOLATED)
_098_/D                                 0.75    1.54   -0.79 (VIOLATED)
_054_/Y                                 0.75    1.54   -0.79 (VIOLATED)
pc_out[2]                               0.75    1.47   -0.72 (VIOLATED)
_052_/C                                 0.75    1.47   -0.72 (VIOLATED)
_053_/B1                                0.75    1.47   -0.72 (VIOLATED)
_055_/C                                 0.75    1.47   -0.72 (VIOLATED)
_098_/Q                                 0.75    1.47   -0.72 (VIOLATED)
pc_out[1]                               0.75    1.45   -0.70 (VIOLATED)
_052_/B                                 0.75    1.45   -0.70 (VIOLATED)
_050_/A2                                0.75    1.45   -0.70 (VIOLATED)
_051_/A2                                0.75    1.45   -0.70 (VIOLATED)
pc_out[10]                              0.75    1.45   -0.70 (VIOLATED)
_053_/A2                                0.75    1.45   -0.70 (VIOLATED)
_055_/B                                 0.75    1.45   -0.70 (VIOLATED)
_097_/Q                                 0.75    1.45   -0.70 (VIOLATED)
_079_/A                                 0.75    1.45   -0.70 (VIOLATED)
_081_/B                                 0.75    1.45   -0.70 (VIOLATED)
_076_/A1                                0.75    1.45   -0.70 (VIOLATED)
_078_/Y                                 0.75    1.45   -0.70 (VIOLATED)
_077_/A1                                0.75    1.44   -0.69 (VIOLATED)
_078_/A1                                0.75    1.44   -0.69 (VIOLATED)
_106_/Q                                 0.75    1.44   -0.69 (VIOLATED)
_069_/B1                                0.75    1.43   -0.68 (VIOLATED)
_068_/Y                                 0.75    1.43   -0.68 (VIOLATED)
pc_out[12]                              0.75    1.36   -0.61 (VIOLATED)
_083_/A1                                0.75    1.36   -0.61 (VIOLATED)
_082_/A1                                0.75    1.36   -0.61 (VIOLATED)
_085_/A                                 0.75    1.36   -0.61 (VIOLATED)
_086_/A                                 0.75    1.36   -0.61 (VIOLATED)
_108_/Q                                 0.75    1.36   -0.61 (VIOLATED)
_109_/D                                 0.75    1.25   -0.50 (VIOLATED)
_087_/Y                                 0.75    1.25   -0.50 (VIOLATED)
pc_out[5]                               0.75    1.21   -0.46 (VIOLATED)
_062_/A2                                0.75    1.21   -0.46 (VIOLATED)
_064_/A2                                0.75    1.21   -0.46 (VIOLATED)
_061_/B1                                0.75    1.21   -0.46 (VIOLATED)
_065_/B                                 0.75    1.21   -0.46 (VIOLATED)
_101_/Q                                 0.75    1.21   -0.46 (VIOLATED)
_057_/A                                 0.75    1.20   -0.45 (VIOLATED)
_048_/A                                 0.75    1.20   -0.45 (VIOLATED)
_062_/B1                                0.75    1.20   -0.45 (VIOLATED)
_088_/B1                                0.75    1.20   -0.45 (VIOLATED)
_074_/A                                 0.75    1.20   -0.45 (VIOLATED)
_082_/B1                                0.75    1.20   -0.45 (VIOLATED)
_094_/A_N                               0.75    1.20   -0.45 (VIOLATED)
rst                                     0.75    1.20   -0.45 (VIOLATED)
_104_/D                                 0.75    1.18   -0.43 (VIOLATED)
_072_/Y                                 0.75    1.18   -0.43 (VIOLATED)
_054_/C                                 0.75    1.17   -0.42 (VIOLATED)
_053_/Y                                 0.75    1.17   -0.42 (VIOLATED)
_070_/B1                                0.75    1.17   -0.42 (VIOLATED)
_071_/B                                 0.75    1.17   -0.42 (VIOLATED)
_073_/B                                 0.75    1.17   -0.42 (VIOLATED)
pc_out[8]                               0.75    1.17   -0.42 (VIOLATED)
_104_/Q                                 0.75    1.17   -0.42 (VIOLATED)
_086_/B                                 0.75    1.16   -0.41 (VIOLATED)
pc_out[13]                              0.75    1.16   -0.41 (VIOLATED)
_084_/A                                 0.75    1.16   -0.41 (VIOLATED)
_109_/Q                                 0.75    1.16   -0.41 (VIOLATED)
pc_out[15]                              0.75    1.14   -0.39 (VIOLATED)
_093_/B1                                0.75    1.14   -0.39 (VIOLATED)
_092_/B                                 0.75    1.14   -0.39 (VIOLATED)
_111_/Q                                 0.75    1.13   -0.38 (VIOLATED)
pc_out[14]                              0.75    1.08   -0.33 (VIOLATED)
_088_/A1                                0.75    1.08   -0.33 (VIOLATED)
_092_/A                                 0.75    1.08   -0.33 (VIOLATED)
_089_/B1                                0.75    1.08   -0.33 (VIOLATED)
_093_/A1                                0.75    1.08   -0.33 (VIOLATED)
_110_/Q                                 0.75    1.08   -0.33 (VIOLATED)
_058_/B1                                0.75    1.07   -0.32 (VIOLATED)
_057_/Y                                 0.75    1.07   -0.32 (VIOLATED)
_092_/D                                 0.75    1.06   -0.31 (VIOLATED)
_088_/A3                                0.75    1.06   -0.31 (VIOLATED)
_087_/B1                                0.75    1.06   -0.31 (VIOLATED)
_089_/A2                                0.75    1.06   -0.31 (VIOLATED)
_093_/A3                                0.75    1.06   -0.31 (VIOLATED)
_086_/X                                 0.75    1.06   -0.31 (VIOLATED)
pc_out[3]                               0.75    1.02   -0.27 (VIOLATED)
_055_/D                                 0.75    1.02   -0.27 (VIOLATED)
_058_/A1                                0.75    1.02   -0.27 (VIOLATED)
_099_/Q                                 0.75    1.02   -0.27 (VIOLATED)
_074_/B                                 0.75    1.00   -0.25 (VIOLATED)
_078_/A2                                0.75    1.00   -0.25 (VIOLATED)
_076_/A2                                0.75    1.00   -0.25 (VIOLATED)
_079_/C                                 0.75    1.00   -0.25 (VIOLATED)
_077_/A2                                0.75    1.00   -0.25 (VIOLATED)
_073_/X                                 0.75    1.00   -0.25 (VIOLATED)
_064_/B1                                0.75    0.97   -0.22 (VIOLATED)
_065_/C                                 0.75    0.97   -0.22 (VIOLATED)
pc_out[6]                               0.75    0.97   -0.22 (VIOLATED)
_102_/Q                                 0.75    0.97   -0.22 (VIOLATED)
_107_/D                                 0.75    0.96   -0.21 (VIOLATED)
_081_/Y                                 0.75    0.96   -0.21 (VIOLATED)
_067_/B                                 0.75    0.93   -0.18 (VIOLATED)
_064_/Y                                 0.75    0.93   -0.18 (VIOLATED)
_078_/B1                                0.75    0.89   -0.14 (VIOLATED)
pc_out[11]                              0.75    0.89   -0.14 (VIOLATED)
_079_/B                                 0.75    0.89   -0.14 (VIOLATED)
_107_/Q                                 0.75    0.89   -0.14 (VIOLATED)
_094_/B                                 0.75    0.87   -0.12 (VIOLATED)
_092_/Y                                 0.75    0.87   -0.12 (VIOLATED)
_072_/B                                 0.75    0.80   -0.05 (VIOLATED)
_070_/Y                                 0.75    0.80   -0.05 (VIOLATED)
_077_/B1                                0.75    0.79   -0.04 (VIOLATED)
_076_/Y                                 0.75    0.79   -0.04 (VIOLATED)
_075_/A1                                0.75    0.79   -0.04 (VIOLATED)
pc_out[9]                               0.75    0.79   -0.04 (VIOLATED)
_073_/C                                 0.75    0.78   -0.03 (VIOLATED)
_105_/Q                                 0.75    0.78   -0.03 (VIOLATED)
_087_/A2                                0.75    0.78   -0.03 (VIOLATED)
_085_/Y                                 0.75    0.78   -0.03 (VIOLATED)
_111_/D                                 0.75    0.76   -0.01 (VIOLATED)
_095_/X                                 0.75    0.76   -0.01 (VIOLATED)
_075_/A2                                0.75    0.75   -0.00 (VIOLATED)
_072_/C                                 0.75    0.75   -0.00 (VIOLATED)
_071_/X                                 0.75    0.75   -0.00 (VIOLATED)

max capacitance

Pin                                    Limit     Cap   Slack
------------------------------------------------------------
_048_/X                                 0.08    0.20   -0.12 (VIOLATED)
_056_/X                                 0.08    0.17   -0.09 (VIOLATED)
_080_/X                                 0.08    0.16   -0.08 (VIOLATED)
_066_/X                                 0.08    0.15   -0.06 (VIOLATED)
_096_/Q                                 0.19    0.22   -0.03 (VIOLATED)
_100_/Q                                 0.19    0.21   -0.02 (VIOLATED)
_082_/Y                                 0.08    0.10   -0.02 (VIOLATED)
_103_/Q                                 0.19    0.20   -0.01 (VIOLATED)
_054_/Y                                 0.05    0.06   -0.00 (VIOLATED)


======================= Typical Corner ===================================

max slew

Pin                                    Limit    Slew   Slack
------------------------------------------------------------
_072_/A                                 0.75    2.31   -1.56 (VIOLATED)
_059_/B1                                0.75    2.31   -1.56 (VIOLATED)
_049_/B                                 0.75    2.31   -1.56 (VIOLATED)
_067_/A                                 0.75    2.31   -1.56 (VIOLATED)
_087_/C1                                0.75    2.31   -1.56 (VIOLATED)
_076_/B1                                0.75    2.31   -1.56 (VIOLATED)
_050_/B1                                0.75    2.31   -1.56 (VIOLATED)
_068_/B1                                0.75    2.31   -1.56 (VIOLATED)
_081_/A                                 0.75    2.31   -1.56 (VIOLATED)
_054_/A                                 0.75    2.31   -1.56 (VIOLATED)
_048_/X                                 0.75    2.31   -1.56 (VIOLATED)
_064_/A3                                0.75    1.97   -1.22 (VIOLATED)
_059_/A2                                0.75    1.97   -1.22 (VIOLATED)
_061_/A2                                0.75    1.97   -1.22 (VIOLATED)
_065_/D                                 0.75    1.97   -1.22 (VIOLATED)
_060_/A2                                0.75    1.97   -1.22 (VIOLATED)
_062_/A3                                0.75    1.97   -1.22 (VIOLATED)
_057_/B                                 0.75    1.97   -1.22 (VIOLATED)
_056_/X                                 0.75    1.97   -1.22 (VIOLATED)
_083_/A2                                0.75    1.81   -1.06 (VIOLATED)
_081_/C                                 0.75    1.81   -1.06 (VIOLATED)
_087_/B2                                0.75    1.81   -1.06 (VIOLATED)
_088_/A2                                0.75    1.81   -1.06 (VIOLATED)
_092_/C                                 0.75    1.81   -1.06 (VIOLATED)
_089_/A1                                0.75    1.80   -1.05 (VIOLATED)
_093_/A2                                0.75    1.80   -1.05 (VIOLATED)
_082_/A2                                0.75    1.80   -1.05 (VIOLATED)
_085_/B                                 0.75    1.80   -1.05 (VIOLATED)
_080_/X                                 0.75    1.80   -1.05 (VIOLATED)
_070_/A2                                0.75    1.66   -0.91 (VIOLATED)
_071_/C                                 0.75    1.66   -0.91 (VIOLATED)
_069_/A2                                0.75    1.66   -0.91 (VIOLATED)
_067_/C                                 0.75    1.66   -0.91 (VIOLATED)
_073_/D                                 0.75    1.66   -0.91 (VIOLATED)
_068_/A2                                0.75    1.66   -0.91 (VIOLATED)
_066_/X                                 0.75    1.66   -0.91 (VIOLATED)
_083_/B1                                0.75    1.13   -0.38 (VIOLATED)
_082_/Y                                 0.75    1.13   -0.38 (VIOLATED)
pc_out[0]                               0.75    1.09   -0.34 (VIOLATED)
_051_/A1                                0.75    1.08   -0.33 (VIOLATED)
_050_/A1                                0.75    1.08   -0.33 (VIOLATED)
_052_/A                                 0.75    1.08   -0.33 (VIOLATED)
_053_/A1                                0.75    1.08   -0.33 (VIOLATED)
_049_/A                                 0.75    1.08   -0.33 (VIOLATED)
_055_/A                                 0.75    1.08   -0.33 (VIOLATED)
_096_/Q                                 0.75    1.08   -0.33 (VIOLATED)
_059_/A1                                0.75    1.07   -0.32 (VIOLATED)
_060_/A1                                0.75    1.07   -0.32 (VIOLATED)
pc_out[4]                               0.75    1.07   -0.32 (VIOLATED)
_064_/A1                                0.75    1.06   -0.31 (VIOLATED)
_062_/A1                                0.75    1.06   -0.31 (VIOLATED)
_065_/A                                 0.75    1.06   -0.31 (VIOLATED)
_061_/A1                                0.75    1.06   -0.31 (VIOLATED)
_100_/Q                                 0.75    1.06   -0.31 (VIOLATED)
pc_out[7]                               0.75    1.01   -0.26 (VIOLATED)
_068_/A1                                0.75    1.01   -0.26 (VIOLATED)
_069_/A1                                0.75    1.01   -0.26 (VIOLATED)
_073_/A                                 0.75    1.01   -0.26 (VIOLATED)
_070_/A1                                0.75    1.01   -0.26 (VIOLATED)
_071_/A                                 0.75    1.01   -0.26 (VIOLATED)
_103_/Q                                 0.75    1.01   -0.26 (VIOLATED)
pc_out[2]                               0.75    0.94   -0.19 (VIOLATED)
_052_/C                                 0.75    0.93   -0.18 (VIOLATED)
_053_/B1                                0.75    0.93   -0.18 (VIOLATED)
_055_/C                                 0.75    0.93   -0.18 (VIOLATED)
_098_/Q                                 0.75    0.93   -0.18 (VIOLATED)
pc_out[10]                              0.75    0.93   -0.18 (VIOLATED)
_098_/D                                 0.75    0.93   -0.18 (VIOLATED)
pc_out[1]                               0.75    0.93   -0.18 (VIOLATED)
_054_/Y                                 0.75    0.93   -0.18 (VIOLATED)
_052_/B                                 0.75    0.93   -0.18 (VIOLATED)
_050_/A2                                0.75    0.93   -0.18 (VIOLATED)
_079_/A                                 0.75    0.93   -0.18 (VIOLATED)
_051_/A2                                0.75    0.92   -0.17 (VIOLATED)
_055_/B                                 0.75    0.92   -0.17 (VIOLATED)
_053_/A2                                0.75    0.92   -0.17 (VIOLATED)
_097_/Q                                 0.75    0.92   -0.17 (VIOLATED)
_076_/A1                                0.75    0.92   -0.17 (VIOLATED)
_077_/A1                                0.75    0.92   -0.17 (VIOLATED)
_078_/A1                                0.75    0.92   -0.17 (VIOLATED)
_106_/Q                                 0.75    0.92   -0.17 (VIOLATED)
_081_/B                                 0.75    0.89   -0.14 (VIOLATED)
_078_/Y                                 0.75    0.89   -0.14 (VIOLATED)
pc_out[12]                              0.75    0.86   -0.11 (VIOLATED)
_083_/A1                                0.75    0.86   -0.11 (VIOLATED)
_082_/A1                                0.75    0.86   -0.11 (VIOLATED)
_085_/A                                 0.75    0.86   -0.11 (VIOLATED)
_086_/A                                 0.75    0.86   -0.11 (VIOLATED)
_108_/Q                                 0.75    0.86   -0.11 (VIOLATED)
_069_/B1                                0.75    0.84   -0.09 (VIOLATED)
_068_/Y                                 0.75    0.84   -0.09 (VIOLATED)
pc_out[5]                               0.75    0.77   -0.02 (VIOLATED)
_062_/A2                                0.75    0.77   -0.02 (VIOLATED)
_064_/A2                                0.75    0.77   -0.02 (VIOLATED)
_061_/B1                                0.75    0.77   -0.02 (VIOLATED)
_065_/B                                 0.75    0.77   -0.02 (VIOLATED)
_101_/Q                                 0.75    0.77   -0.02 (VIOLATED)
_057_/A                                 0.75    0.76   -0.01 (VIOLATED)
_048_/A                                 0.75    0.76   -0.01 (VIOLATED)
_062_/B1                                0.75    0.76   -0.01 (VIOLATED)
_088_/B1                                0.75    0.76   -0.01 (VIOLATED)
_074_/A                                 0.75    0.75   -0.00 (VIOLATED)
_082_/B1                                0.75    0.75   -0.00 (VIOLATED)
_094_/A_N                               0.75    0.75   -0.00 (VIOLATED)
rst                                     0.75    0.75   -0.00 (VIOLATED)

max capacitance

Pin                                    Limit     Cap   Slack
------------------------------------------------------------
_048_/X                                 0.13    0.20   -0.07 (VIOLATED)
_056_/X                                 0.13    0.17   -0.04 (VIOLATED)
_080_/X                                 0.13    0.16   -0.03 (VIOLATED)
_066_/X                                 0.13    0.15   -0.02 (VIOLATED)



===========================================================================
report_parasitic_annotation -report_unannotated
============================================================================
Found 8 unannotated drivers.
 _112_/HI
 _113_/HI
 _114_/HI
 _115_/HI
 _116_/HI
 _117_/HI
 _118_/HI
 _119_/HI
Found 0 partially unannotated drivers.

===========================================================================
max slew violation count 177
max fanout violation count 0
max cap violation count 9
============================================================================

===========================================================================
check_setup -verbose -unconstrained_endpoints -multiple_clock -no_clock -no_input_delay -loops -generated_clocks
===========================================================================
Warning: There are 8 unconstrained endpoints.
  result[0]
  result[1]
  result[2]
  result[3]
  result[4]
  result[5]
  result[6]
  result[7]
