
===========================================================================
 report_power
============================================================================
======================= Fastest Corner ===================================

Group                  Internal  Switching    Leakage      Total
                          Power      Power      Power      Power (Watts)
----------------------------------------------------------------
Sequential             8.14e-05   8.48e-05   2.82e-10   1.66e-04  41.9%
Combinational          7.32e-05   1.57e-04   1.25e-08   2.30e-04  58.1%
Macro                  0.00e+00   0.00e+00   0.00e+00   0.00e+00   0.0%
Pad                    0.00e+00   0.00e+00   0.00e+00   0.00e+00   0.0%
----------------------------------------------------------------
Total                  1.55e-04   2.42e-04   1.28e-08   3.97e-04 100.0%
                          39.0%      61.0%       0.0%

======================= Slowest Corner ===================================

Group                  Internal  Switching    Leakage      Total
                          Power      Power      Power      Power (Watts)
----------------------------------------------------------------
Sequential             5.46e-05   5.70e-05   2.46e-07   1.12e-04  41.7%
Combinational          5.15e-05   1.05e-04   2.63e-07   1.56e-04  58.3%
Macro                  0.00e+00   0.00e+00   0.00e+00   0.00e+00   0.0%
Pad                    0.00e+00   0.00e+00   0.00e+00   0.00e+00   0.0%
----------------------------------------------------------------
Total                  1.06e-04   1.62e-04   5.09e-07   2.68e-04 100.0%
                          39.5%      60.3%       0.2%

======================= Typical Corner ===================================

Group                  Internal  Switching    Leakage      Total
                          Power      Power      Power      Power (Watts)
----------------------------------------------------------------
Sequential             7.04e-05   7.22e-05   1.35e-10   1.43e-04  42.0%
Combinational          6.37e-05   1.33e-04   1.21e-08   1.97e-04  58.0%
Macro                  0.00e+00   0.00e+00   0.00e+00   0.00e+00   0.0%
Pad                    0.00e+00   0.00e+00   0.00e+00   0.00e+00   0.0%
----------------------------------------------------------------
Total                  1.34e-04   2.06e-04   1.22e-08   3.40e-04 100.0%
                          39.5%      60.5%       0.0%

