Partial/Required:  4.35, Required:    400.0, Partial:  1741.89, Net: _0266_, Pin: _1055_/A, Layer: met1
Partial/Required:  4.12, Required:    400.0, Partial:  1648.81, Net: _0185_, Pin: _1325_/D, Layer: met1
Partial/Required:  4.02, Required:    400.0, Partial:  1609.78, Net: _0321_, Pin: _0596_/D, Layer: met1
Partial/Required:  3.86, Required:    400.0, Partial:  1544.78, Net: regs\[15\]\[0\], Pin: _0595_/A_N, Layer: met1
Partial/Required:  3.79, Required:    400.0, Partial:  1514.08, Net: _0068_, Pin: _1208_/D, Layer: met1
Partial/Required:  3.68, Required:    400.0, Partial:  1470.22, Net: _0038_, Pin: _1178_/D, Layer: met1
Partial/Required:  3.33, Required:    400.0, Partial:  1332.67, Net: regs\[14\]\[12\], Pin: _0735_/B, Layer: met1
Partial/Required:  3.01, Required:    400.0, Partial:  1205.06, Net: regs\[10\]\[12\], Pin: _0732_/A2, Layer: met1
Partial/Required:  3.00, Required:    400.0, Partial:  1200.36, Net: _0179_, Pin: _1319_/D, Layer: met1
Partial/Required:  2.73, Required:    400.0, Partial:  1093.61, Net: _0099_, Pin: _1239_/D, Layer: met2
Partial/Required:  2.66, Required:    400.0, Partial:  1063.69, Net: _0159_, Pin: _1299_/D, Layer: met1
Partial/Required:  2.62, Required:    400.0, Partial:  1048.22, Net: _0304_, Pin: _0758_/C_N, Layer: met1
Partial/Required:  2.58, Required:    400.0, Partial:  1033.97, Net: _0423_, Pin: _0709_/A0, Layer: met1
Partial/Required:  2.55, Required:    400.0, Partial:  1020.67, Net: _0515_, Pin: _1076_/A, Layer: met1
Partial/Required:  2.54, Required:    400.0, Partial:  1017.39, Net: data_in[12], Pin: _1050_/A1, Layer: met1
Partial/Required:  2.49, Required:    400.0, Partial:   996.06, Net: _0048_, Pin: _1188_/D, Layer: met2
Partial/Required:  2.49, Required:    400.0, Partial:   995.62, Net: regs\[14\]\[4\], Pin: _0979_/B2, Layer: met3
Partial/Required:  2.46, Required:    400.0, Partial:    984.3, Net: data_in[2], Pin: _1083_/A1, Layer: met1
Partial/Required:  2.44, Required:    400.0, Partial:   974.14, Net: _0173_, Pin: _1313_/D, Layer: met1
Partial/Required:  2.43, Required:    400.0, Partial:   971.81, Net: _0045_, Pin: _1185_/D, Layer: met1
Partial/Required:  2.41, Required:    400.0, Partial:   963.61, Net: _0212_, Pin: _1352_/D, Layer: met2
Partial/Required:  2.31, Required:    400.0, Partial:   924.11, Net: _0316_, Pin: _0702_/C_N, Layer: met1
Partial/Required:  2.24, Required:    400.0, Partial:   895.78, Net: _0527_, Pin: _0903_/B, Layer: met1
Partial/Required:  2.24, Required:    400.0, Partial:    895.3, Net: regs\[0\]\[0\], Pin: _0568_/A0, Layer: met1
Partial/Required:  2.21, Required:    400.0, Partial:   885.78, Net: _0341_, Pin: _0658_/A, Layer: met1
Partial/Required:  2.18, Required:    400.0, Partial:   871.92, Net: _0000_, Pin: _1140_/D, Layer: met1
Partial/Required:  2.17, Required:    400.0, Partial:   867.67, Net: regs\[14\]\[9\], Pin: _0702_/B, Layer: met1
Partial/Required:  2.15, Required:    400.0, Partial:   859.72, Net: regs\[2\]\[9\], Pin: _0696_/A2, Layer: met1
Partial/Required:  2.14, Required:    400.0, Partial:   855.61, Net: _0536_, Pin: _0920_/B1, Layer: met1
Partial/Required:  2.07, Required:    400.0, Partial:   829.33, Net: regs\[13\]\[7\], Pin: _0681_/B, Layer: met1
Partial/Required:  2.07, Required:    400.0, Partial:   827.67, Net: _0430_, Pin: _0716_/C, Layer: met1
Partial/Required:  2.05, Required:    400.0, Partial:   820.32, Net: _0271_, Pin: _1064_/B1, Layer: met1
Partial/Required:  2.03, Required:    400.0, Partial:   812.62, Net: regs\[5\]\[13\], Pin: _0741_/A1, Layer: met1
Partial/Required:  2.03, Required:    400.0, Partial:   811.12, Net: _0463_, Pin: _0753_/A0, Layer: met1
Partial/Required:  1.98, Required:    400.0, Partial:   792.81, Net: _0161_, Pin: _1301_/D, Layer: met1
Partial/Required:  1.98, Required:    400.0, Partial:   792.11, Net: regs\[15\]\[15\], Pin: _0770_/A_N, Layer: met1
Partial/Required:  1.97, Required:    400.0, Partial:   786.89, Net: regs\[15\]\[13\], Pin: _0748_/A_N, Layer: met1
Partial/Required:  1.90, Required:    400.0, Partial:   761.77, Net: _0435_, Pin: _0728_/A2, Layer: met1
Partial/Required:  1.90, Required:    400.0, Partial:   761.22, Net: _0316_, Pin: _0746_/C_N, Layer: met1
Partial/Required:  1.86, Required:    400.0, Partial:   744.52, Net: _0498_, Pin: _0826_/A1, Layer: met1
Partial/Required:  1.86, Required:    400.0, Partial:   744.46, Net: address[2], Pin: _0573_/A, Layer: met1
Partial/Required:  1.84, Required:    400.0, Partial:   735.69, Net: _0134_, Pin: _1274_/D, Layer: met1
Partial/Required:  1.84, Required:    400.0, Partial:   734.73, Net: _0561_, Pin: _1004_/B1, Layer: met1
Partial/Required:  1.79, Required:    400.0, Partial:   717.89, Net: _0290_, Pin: _1118_/B, Layer: met1
Partial/Required:  1.75, Required:    400.0, Partial:   700.92, Net: _0204_, Pin: _1344_/D, Layer: met1
Partial/Required:  1.73, Required:    400.0, Partial:   690.75, Net: regs\[7\]\[6\], Pin: _0663_/A3, Layer: met1
Partial/Required:  1.72, Required:    400.0, Partial:    688.8, Net: regs\[8\]\[7\], Pin: _0915_/B2, Layer: met1
Partial/Required:  1.71, Required:    400.0, Partial:   685.92, Net: data_in[5], Pin: _1107_/A1, Layer: met1
Partial/Required:  1.71, Required:    400.0, Partial:   683.71, Net: _0501_, Pin: _0941_/A1, Layer: met1
Partial/Required:  1.69, Required:    400.0, Partial:   676.11, Net: _0313_, Pin: _0589_/A, Layer: met1
Partial/Required:  1.68, Required:    400.0, Partial:   670.25, Net: _0026_, Pin: _1166_/D, Layer: met1
Partial/Required:  1.66, Required:    400.0, Partial:   662.67, Net: regs\[13\]\[4\], Pin: _0645_/B, Layer: met1
Partial/Required:  1.64, Required:    400.0, Partial:   656.73, Net: _0501_, Pin: _0801_/A1, Layer: met1
Partial/Required:  1.64, Required:    400.0, Partial:   655.36, Net: regs\[2\]\[15\], Pin: _0762_/A2, Layer: met1
Partial/Required:  1.63, Required:    400.0, Partial:    653.9, Net: _0553_, Pin: _0988_/A2, Layer: met1
Partial/Required:  1.63, Required:    400.0, Partial:   650.05, Net: _0499_, Pin: _0850_/A1, Layer: met1
Partial/Required:  1.62, Required:    400.0, Partial:   647.22, Net: _0364_, Pin: _0723_/B1, Layer: met1
Partial/Required:  1.62, Required:    400.0, Partial:   646.28, Net: _0019_, Pin: _1159_/D, Layer: met2
Partial/Required:  1.57, Required:    400.0, Partial:   628.47, Net: data_in[14], Pin: _0810_/A, Layer: met1
Partial/Required:  1.57, Required:    400.0, Partial:   626.92, Net: _0559_, Pin: _1001_/A2, Layer: met1
Partial/Required:  1.57, Required:    400.0, Partial:   626.29, Net: _0535_, Pin: _0912_/A2, Layer: met1
Partial/Required:  1.56, Required:    400.0, Partial:   623.67, Net: _0468_, Pin: _0760_/A, Layer: met1
Partial/Required:  1.54, Required:    400.0, Partial:   617.33, Net: _0398_, Pin: _0683_/A, Layer: met1
Partial/Required:  1.54, Required:    400.0, Partial:   617.06, Net: _0393_, Pin: _0675_/A1, Layer: met1
Partial/Required:  1.54, Required:    400.0, Partial:   616.45, Net: _0555_, Pin: _0988_/B1, Layer: met1
Partial/Required:  1.53, Required:    400.0, Partial:   611.64, Net: regs\[11\]\[4\], Pin: _1021_/B2, Layer: met1
Partial/Required:  1.52, Required:    400.0, Partial:   609.21, Net: _0351_, Pin: _0635_/B1, Layer: met1
Partial/Required:  1.52, Required:    400.0, Partial:   608.89, Net: address[3], Pin: _0814_/A, Layer: met1
Partial/Required:  1.51, Required:    400.0, Partial:   603.91, Net: _0279_, Pin: _1110_/A2, Layer: met1
Partial/Required:  1.51, Required:    400.0, Partial:   602.71, Net: regs\[0\]\[5\], Pin: _0825_/B2, Layer: met1
Partial/Required:  1.49, Required:    400.0, Partial:   596.89, Net: regs\[13\]\[2\], Pin: _0618_/B, Layer: met1
Partial/Required:  1.48, Required:    400.0, Partial:   592.81, Net: _0498_, Pin: _0795_/A1, Layer: met1
Partial/Required:  1.48, Required:    400.0, Partial:   590.69, Net: _0205_, Pin: _1345_/D, Layer: met1
Partial/Required:  1.47, Required:    400.0, Partial:   587.67, Net: _0292_, Pin: _0736_/A, Layer: met1
Partial/Required:  1.45, Required:    400.0, Partial:   580.81, Net: _0060_, Pin: _1200_/D, Layer: met1
Partial/Required:  1.43, Required:    400.0, Partial:   573.39, Net: data_in[8], Pin: _0798_/A, Layer: met1
Partial/Required:  1.43, Required:    400.0, Partial:    570.8, Net: _0547_, Pin: _0963_/A2, Layer: met1
Partial/Required:  1.42, Required:    400.0, Partial:   566.36, Net: _0077_, Pin: _1217_/D, Layer: met1
Partial/Required:  1.40, Required:    400.0, Partial:    561.0, Net: _0341_, Pin: _0725_/A, Layer: met1
Partial/Required:  1.38, Required:    400.0, Partial:   551.83, Net: _0485_, Pin: _1055_/C, Layer: met2
Partial/Required:  1.36, Required:    400.0, Partial:   544.22, Net: _0459_, Pin: _0749_/B, Layer: met1
Partial/Required:  1.35, Required:    400.0, Partial:   538.36, Net: _0249_, Pin: _1389_/D, Layer: met1
Partial/Required:  1.34, Required:    400.0, Partial:    536.5, Net: _0350_, Pin: _0641_/B1_N, Layer: met1
Partial/Required:  1.34, Required:    400.0, Partial:   534.26, Net: regs\[11\]\[1\], Pin: _1018_/B2, Layer: met1
Partial/Required:  1.33, Required:    400.0, Partial:   532.14, Net: _0184_, Pin: _1324_/D, Layer: met1
Partial/Required:  1.33, Required:    400.0, Partial:    531.3, Net: regs\[0\]\[9\], Pin: _0696_/A0, Layer: met1
Partial/Required:  1.33, Required:    400.0, Partial:   530.33, Net: _0377_, Pin: _0746_/A, Layer: met1
Partial/Required:  1.32, Required:    400.0, Partial:    527.7, Net: regs\[7\]\[2\], Pin: _1104_/B2, Layer: met1
Partial/Required:  1.29, Required:    400.0, Partial:   515.22, Net: _0478_, Pin: _0771_/A, Layer: met1
Partial/Required:  1.28, Required:    400.0, Partial:   512.17, Net: _0288_, Pin: _0602_/B1_N, Layer: met1
Partial/Required:  1.26, Required:    400.0, Partial:   505.13, Net: _0260_, Pin: _1020_/B1, Layer: met1
Partial/Required:  1.26, Required:    400.0, Partial:   503.29, Net: _0525_, Pin: _0864_/A, Layer: met1
Partial/Required:  1.26, Required:    400.0, Partial:   502.83, Net: _0504_, Pin: _0965_/A1, Layer: met1
Partial/Required:  1.25, Required:    400.0, Partial:   499.08, Net: _0550_, Pin: _0961_/B1, Layer: met1
Partial/Required:  1.24, Required:    400.0, Partial:   495.06, Net: data_in[2], Pin: _1104_/A1, Layer: met1
Partial/Required:  1.24, Required:    400.0, Partial:   494.78, Net: _0313_, Pin: _0644_/A, Layer: met1
Partial/Required:  1.23, Required:    400.0, Partial:   493.08, Net: _0518_, Pin: _0847_/A2, Layer: met1
Partial/Required:  1.23, Required:    400.0, Partial:   492.22, Net: _0540_, Pin: _0948_/B, Layer: met1
Partial/Required:  1.23, Required:    400.0, Partial:   491.69, Net: _0004_, Pin: _1144_/D, Layer: met1
Partial/Required:  1.22, Required:    400.0, Partial:   489.92, Net: _0023_, Pin: _1163_/D, Layer: met1
Partial/Required:  1.22, Required:    400.0, Partial:    487.0, Net: _0314_, Pin: _0604_/C_N, Layer: met1
Partial/Required:  1.22, Required:    400.0, Partial:    487.0, Net: _0314_, Pin: _0631_/C_N, Layer: met1
Partial/Required:  1.22, Required:    400.0, Partial:   486.58, Net: _0556_, Pin: _0975_/B1, Layer: met1
Partial/Required:  1.21, Required:    400.0, Partial:    483.5, Net: _0250_, Pin: _1390_/D, Layer: met2
Partial/Required:  1.20, Required:    400.0, Partial:   480.07, Net: _0534_, Pin: _0920_/A2, Layer: met1
Partial/Required:  1.20, Required:    400.0, Partial:   479.69, Net: _0053_, Pin: _1193_/D, Layer: met1
Partial/Required:  1.19, Required:    400.0, Partial:   477.98, Net: _0270_, Pin: _1073_/B1, Layer: met1
Partial/Required:  1.19, Required:    400.0, Partial:   477.92, Net: _0284_, Pin: _1134_/A2, Layer: met1
Partial/Required:  1.19, Required:    400.0, Partial:   476.89, Net: regs\[13\]\[14\], Pin: _0758_/B, Layer: met1
Partial/Required:  1.19, Required:    400.0, Partial:    475.0, Net: _0341_, Pin: _0681_/A, Layer: met1
Partial/Required:  1.18, Required:    400.0, Partial:   470.87, Net: _0297_, Pin: _0718_/S1, Layer: met1
Partial/Required:  1.17, Required:    400.0, Partial:   467.18, Net: _0263_, Pin: _1041_/A2, Layer: met1
Partial/Required:  1.17, Required:    400.0, Partial:   466.55, Net: regs\[3\]\[6\], Pin: _1130_/B2, Layer: met1
Partial/Required:  1.16, Required:    400.0, Partial:   464.11, Net: regs\[14\]\[0\], Pin: _0589_/B, Layer: met1
Partial/Required:  1.15, Required:    400.0, Partial:   461.41, Net: data_in[10], Pin: _1134_/A1, Layer: met1
Partial/Required:  1.15, Required:    400.0, Partial:   460.32, Net: regs\[13\]\[13\], Pin: _0747_/B, Layer: met3
Partial/Required:  1.14, Required:    400.0, Partial:   457.76, Net: _0510_, Pin: _0828_/A2, Layer: met1
Partial/Required:  1.14, Required:    400.0, Partial:   455.03, Net: _0190_, Pin: _1330_/D, Layer: met1
Partial/Required:  1.13, Required:    400.0, Partial:   451.65, Net: _0558_, Pin: _1009_/A2, Layer: met1
Partial/Required:  1.12, Required:    400.0, Partial:   449.99, Net: _0270_, Pin: _1059_/A, Layer: met1
Partial/Required:  1.12, Required:    400.0, Partial:   449.28, Net: regs\[4\]\[10\], Pin: _0708_/A0, Layer: met2
Partial/Required:  1.12, Required:    400.0, Partial:   448.06, Net: regs\[14\]\[6\], Pin: _0981_/B2, Layer: met1
Partial/Required:  1.10, Required:    400.0, Partial:   440.02, Net: _0519_, Pin: _0856_/B1, Layer: met1
Partial/Required:  1.09, Required:    400.0, Partial:   436.63, Net: _0530_, Pin: _0891_/A2, Layer: met1
Partial/Required:  1.09, Required:    400.0, Partial:   435.27, Net: _0394_, Pin: _0684_/A2, Layer: met1
Partial/Required:  1.09, Required:    400.0, Partial:   434.49, Net: _0529_, Pin: _0898_/A2, Layer: met1
Partial/Required:  1.08, Required:    400.0, Partial:   432.11, Net: _0105_, Pin: _1245_/D, Layer: met1
Partial/Required:  1.06, Required:    400.0, Partial:   424.22, Net: _0551_, Pin: _0970_/B, Layer: met1
Partial/Required:  1.06, Required:    400.0, Partial:   423.39, Net: regs\[14\]\[15\], Pin: _0768_/B, Layer: met2
Partial/Required:  1.05, Required:    400.0, Partial:    422.0, Net: _0350_, Pin: _0700_/B1_N, Layer: met1
Partial/Required:  1.05, Required:    400.0, Partial:    421.7, Net: _0269_, Pin: _1064_/A2, Layer: met1
Partial/Required:  1.05, Required:    400.0, Partial:   420.71, Net: regs\[12\]\[7\], Pin: _1045_/B2, Layer: met2
Partial/Required:  1.05, Required:    400.0, Partial:   418.42, Net: _0414_, Pin: _0698_/A1, Layer: met1
Partial/Required:  1.05, Required:    400.0, Partial:   418.11, Net: _0343_, Pin: _0620_/D, Layer: met1
Partial/Required:  1.05, Required:    400.0, Partial:   418.02, Net: _0265_, Pin: _1039_/B1, Layer: met1
Partial/Required:  1.04, Required:    400.0, Partial:   415.81, Net: regs\[10\]\[9\], Pin: _1005_/B2, Layer: met1
Partial/Required:  1.04, Required:    400.0, Partial:   415.08, Net: regs\[0\]\[0\], Pin: _0820_/B2, Layer: met1
Partial/Required:  1.04, Required:    400.0, Partial:   414.97, Net: _0532_, Pin: _0891_/B1, Layer: met1
Partial/Required:  1.03, Required:    400.0, Partial:   412.14, Net: _0252_, Pin: _1392_/D, Layer: met1
Partial/Required:  1.03, Required:    400.0, Partial:   411.78, Net: _0305_, Pin: _0613_/S1, Layer: met1
Partial/Required:  1.02, Required:    400.0, Partial:   406.99, Net: _0500_, Pin: _0873_/A1, Layer: met1
Partial/Required:  1.01, Required:    400.0, Partial:   405.69, Net: _0310_, Pin: _0615_/A2, Layer: met1
Partial/Required:  1.01, Required:    400.0, Partial:   405.35, Net: _0495_, Pin: _0999_/A1, Layer: met1
Partial/Required:  1.01, Required:    400.0, Partial:   405.11, Net: _0280_, Pin: _1101_/A, Layer: met1
Partial/Required:  1.01, Required:    400.0, Partial:   403.37, Net: _0506_, Pin: _0834_/A1, Layer: met1
Partial/Required:  1.00, Required:    400.0, Partial:   401.92, Net: _0031_, Pin: _1171_/D, Layer: met1
Partial/Required:  1.00, Required:    400.0, Partial:   401.79, Net: regs\[12\]\[15\], Pin: _1053_/B2, Layer: met1
Partial/Required:  1.00, Required:    400.0, Partial:   400.98, Net: clknet_3_6_0_clk, Pin: _1293_/CLK, Layer: met1
