OpenROAD 41a51eaf4ca2171c92ff38afb91eb37bbd3f36da 
This program is licensed under the BSD-3 license. See the LICENSE file for details.
Components of this program may be licensed under more restrictive licenses which must be honored.
[INFO]: Reading ODB at '/openlane/designs/part1_alu/runs/RUN_2026.05.15_10.30.30/tmp/placement/7-global.odb'…
define_corners Slowest Typical Fastest
read_liberty -corner Slowest /Users/egehuriel/.ciel/sky130A/libs.ref/sky130_fd_sc_hd/lib/sky130_fd_sc_hd__ss_100C_1v60.lib
read_liberty -corner Typical /Users/egehuriel/.ciel/sky130A/libs.ref/sky130_fd_sc_hd/lib/sky130_fd_sc_hd__tt_025C_1v80.lib
read_liberty -corner Fastest /Users/egehuriel/.ciel/sky130A/libs.ref/sky130_fd_sc_hd/lib/sky130_fd_sc_hd__ff_n40C_1v95.lib
Using 1e-12 for capacitance...
Using 1e+03 for resistance...
Using 1e-09 for time...
Using 1e+00 for voltage...
Using 1e-03 for current...
Using 1e-09 for power...
Using 1e-06 for distance...
Reading design constraints file at '/openlane/designs/part1_alu/runs/RUN_2026.05.15_10.30.30/tmp/floorplan/3-initial_fp.sdc'…
[INFO]: Setting RC values...
[INFO RSZ-0027] Inserted 19 input buffers.
[INFO RSZ-0028] Inserted 16 output buffers.
[INFO RSZ-0058] Using max wire length 4508um.
[INFO RSZ-0034] Found 20 slew violations.
[INFO RSZ-0036] Found 1 capacitance violations.
[INFO RSZ-0038] Inserted 26 buffers in 20 nets.
[INFO RSZ-0039] Resized 508 instances.
Placement Analysis
---------------------------------
total displacement       1053.7 u
average displacement        0.5 u
max displacement            7.2 u
original HPWL          197140.6 u
legalized HPWL         197132.0 u
delta HPWL                    0 %

[INFO DPL-0020] Mirrored 360 instances
[INFO DPL-0021] HPWL before          197132.0 u
[INFO DPL-0022] HPWL after           196423.3 u
[INFO DPL-0023] HPWL delta               -0.4 %
Setting global connections for newly added cells…
Writing OpenROAD database to '/openlane/designs/part1_alu/runs/RUN_2026.05.15_10.30.30/tmp/placement/8-resizer.odb'…
Writing netlist to '/openlane/designs/part1_alu/runs/RUN_2026.05.15_10.30.30/tmp/placement/8-resizer.nl.v'…
Writing powered netlist to '/openlane/designs/part1_alu/runs/RUN_2026.05.15_10.30.30/tmp/placement/8-resizer.pnl.v'…
Writing layout to '/openlane/designs/part1_alu/runs/RUN_2026.05.15_10.30.30/tmp/placement/8-resizer.def'…
Writing timing constraints to '/openlane/designs/part1_alu/runs/RUN_2026.05.15_10.30.30/tmp/placement/8-resizer.sdc'…
area_report

===========================================================================
report_design_area
============================================================================
Design area 10249 u^2 13% utilization.
area_report_end
