Netgen 1.5.255 compiled on Wed Jul 12 10:36:52 UTC 2023
Warning: netgen command 'format' use fully-qualified name '::netgen::format'
Warning: netgen command 'global' use fully-qualified name '::netgen::global'
Generating JSON file result
Reading netlist file /openlane/designs/part5_full/runs/RUN_2026.05.16_12.13.09/results/signoff/full_system.spice
Reading netlist file /openlane/designs/part5_full/runs/RUN_2026.05.16_12.13.09/tmp/signoff/29-full_system.pnl.v
Warning:  A case-insensitive file has been read and so the	verilog file must be treated case-insensitive to match.
Creating placeholder cell definition for module sky130_fd_sc_hd__diode_2.
Creating placeholder cell definition for module sky130_fd_sc_hd__decap_3.
Creating placeholder cell definition for module sky130_ef_sc_hd__decap_12.
Creating placeholder cell definition for module sky130_fd_sc_hd__decap_4.
Creating placeholder cell definition for module sky130_fd_sc_hd__fill_1.
Creating placeholder cell definition for module sky130_fd_sc_hd__decap_6.
Creating placeholder cell definition for module sky130_fd_sc_hd__decap_8.
Creating placeholder cell definition for module sky130_fd_sc_hd__fill_2.
Creating placeholder cell definition for module sky130_fd_sc_hd__tapvpwrvgnd_1.
Creating placeholder cell definition for module sky130_fd_sc_hd__inv_2.
Creating placeholder cell definition for module sky130_fd_sc_hd__nand2_2.
Creating placeholder cell definition for module sky130_fd_sc_hd__or4_2.
Creating placeholder cell definition for module sky130_fd_sc_hd__or4bb_2.
Creating placeholder cell definition for module sky130_fd_sc_hd__and3_2.
Creating placeholder cell definition for module sky130_fd_sc_hd__or4b_2.
Creating placeholder cell definition for module sky130_fd_sc_hd__buf_1.
Creating placeholder cell definition for module sky130_fd_sc_hd__xnor2_2.
Creating placeholder cell definition for module sky130_fd_sc_hd__xor2_2.
Creating placeholder cell definition for module sky130_fd_sc_hd__a21oi_2.
Creating placeholder cell definition for module sky130_fd_sc_hd__nor2_2.
Creating placeholder cell definition for module sky130_fd_sc_hd__and4_2.
Creating placeholder cell definition for module sky130_fd_sc_hd__or2_2.
Creating placeholder cell definition for module sky130_fd_sc_hd__a21o_2.
Creating placeholder cell definition for module sky130_fd_sc_hd__o211a_2.
Creating placeholder cell definition for module sky130_fd_sc_hd__a31o_2.
Creating placeholder cell definition for module sky130_fd_sc_hd__and3b_2.
Creating placeholder cell definition for module sky130_fd_sc_hd__and2b_2.
Creating placeholder cell definition for module sky130_fd_sc_hd__nand4_2.
Creating placeholder cell definition for module sky130_fd_sc_hd__dfrtp_2.
Creating placeholder cell definition for module sky130_fd_sc_hd__conb_1.
Note:  Implicit pin HI in instance _131_ of sky130_fd_sc_hd__conb_1 in cell full_system
Note:  Implicit pin LO in instance _129_ of sky130_fd_sc_hd__conb_1 in cell full_system
Note:  Implicit pin LO in instance _130_ of sky130_fd_sc_hd__conb_1 in cell full_system
Note:  Implicit pin HI in instance _132_ of sky130_fd_sc_hd__conb_1 in cell full_system
Note:  Implicit pin HI in instance _133_ of sky130_fd_sc_hd__conb_1 in cell full_system
Note:  Implicit pin HI in instance _134_ of sky130_fd_sc_hd__conb_1 in cell full_system
Note:  Implicit pin HI in instance _135_ of sky130_fd_sc_hd__conb_1 in cell full_system
Note:  Implicit pin HI in instance _136_ of sky130_fd_sc_hd__conb_1 in cell full_system
Creating placeholder cell definition for module sky130_fd_sc_hd__clkbuf_16.

Reading setup file /Users/egehuriel/.ciel/sky130A/libs.tech/netgen/sky130A_setup.tcl

Comparison output logged to file /openlane/designs/part5_full/runs/RUN_2026.05.16_12.13.09/logs/signoff/32-full_system.lef.lvs.log
Logging to file "/openlane/designs/part5_full/runs/RUN_2026.05.16_12.13.09/logs/signoff/32-full_system.lef.lvs.log" enabled

Contents of circuit 1:  Circuit: 'sky130_fd_sc_hd__fill_1'
Circuit sky130_fd_sc_hd__fill_1 contains 0 device instances.
Circuit contains 0 nets, and 4 disconnected pins.
Contents of circuit 2:  Circuit: 'sky130_fd_sc_hd__fill_1'
Circuit sky130_fd_sc_hd__fill_1 contains 0 device instances.
Circuit contains 0 nets.

Circuit sky130_fd_sc_hd__fill_1 contains no devices.

Contents of circuit 1:  Circuit: 'sky130_fd_sc_hd__decap_6'
Circuit sky130_fd_sc_hd__decap_6 contains 0 device instances.
Circuit contains 0 nets, and 4 disconnected pins.
Contents of circuit 2:  Circuit: 'sky130_fd_sc_hd__decap_6'
Circuit sky130_fd_sc_hd__decap_6 contains 0 device instances.
Circuit contains 0 nets.

Circuit sky130_fd_sc_hd__decap_6 contains no devices.

Contents of circuit 1:  Circuit: 'sky130_ef_sc_hd__decap_12'
Circuit sky130_ef_sc_hd__decap_12 contains 0 device instances.
Circuit contains 0 nets, and 4 disconnected pins.
Contents of circuit 2:  Circuit: 'sky130_ef_sc_hd__decap_12'
Circuit sky130_ef_sc_hd__decap_12 contains 0 device instances.
Circuit contains 0 nets.

Circuit sky130_ef_sc_hd__decap_12 contains no devices.

Contents of circuit 1:  Circuit: 'sky130_fd_sc_hd__tapvpwrvgnd_1'
Circuit sky130_fd_sc_hd__tapvpwrvgnd_1 contains 0 device instances.
Circuit contains 0 nets, and 2 disconnected pins.
Contents of circuit 2:  Circuit: 'sky130_fd_sc_hd__tapvpwrvgnd_1'
Circuit sky130_fd_sc_hd__tapvpwrvgnd_1 contains 0 device instances.
Circuit contains 0 nets.

Circuit sky130_fd_sc_hd__tapvpwrvgnd_1 contains no devices.

Contents of circuit 1:  Circuit: 'sky130_fd_sc_hd__decap_4'
Circuit sky130_fd_sc_hd__decap_4 contains 0 device instances.
Circuit contains 0 nets, and 4 disconnected pins.
Contents of circuit 2:  Circuit: 'sky130_fd_sc_hd__decap_4'
Circuit sky130_fd_sc_hd__decap_4 contains 0 device instances.
Circuit contains 0 nets.

Circuit sky130_fd_sc_hd__decap_4 contains no devices.

Contents of circuit 1:  Circuit: 'sky130_fd_sc_hd__conb_1'
Circuit sky130_fd_sc_hd__conb_1 contains 0 device instances.
Circuit contains 0 nets, and 6 disconnected pins.
Contents of circuit 2:  Circuit: 'sky130_fd_sc_hd__conb_1'
Circuit sky130_fd_sc_hd__conb_1 contains 0 device instances.
Circuit contains 0 nets.

Circuit sky130_fd_sc_hd__conb_1 contains no devices.

Contents of circuit 1:  Circuit: 'sky130_fd_sc_hd__or4b_2'
Circuit sky130_fd_sc_hd__or4b_2 contains 0 device instances.
Circuit contains 0 nets, and 9 disconnected pins.
Contents of circuit 2:  Circuit: 'sky130_fd_sc_hd__or4b_2'
Circuit sky130_fd_sc_hd__or4b_2 contains 0 device instances.
Circuit contains 0 nets.

Circuit sky130_fd_sc_hd__or4b_2 contains no devices.

Contents of circuit 1:  Circuit: 'sky130_fd_sc_hd__decap_3'
Circuit sky130_fd_sc_hd__decap_3 contains 0 device instances.
Circuit contains 0 nets, and 4 disconnected pins.
Contents of circuit 2:  Circuit: 'sky130_fd_sc_hd__decap_3'
Circuit sky130_fd_sc_hd__decap_3 contains 0 device instances.
Circuit contains 0 nets.

Circuit sky130_fd_sc_hd__decap_3 contains no devices.

Contents of circuit 1:  Circuit: 'sky130_fd_sc_hd__inv_2'
Circuit sky130_fd_sc_hd__inv_2 contains 0 device instances.
Circuit contains 0 nets, and 6 disconnected pins.
Contents of circuit 2:  Circuit: 'sky130_fd_sc_hd__inv_2'
Circuit sky130_fd_sc_hd__inv_2 contains 0 device instances.
Circuit contains 0 nets.

Circuit sky130_fd_sc_hd__inv_2 contains no devices.

Contents of circuit 1:  Circuit: 'sky130_fd_sc_hd__fill_2'
Circuit sky130_fd_sc_hd__fill_2 contains 0 device instances.
Circuit contains 0 nets, and 4 disconnected pins.
Contents of circuit 2:  Circuit: 'sky130_fd_sc_hd__fill_2'
Circuit sky130_fd_sc_hd__fill_2 contains 0 device instances.
Circuit contains 0 nets.

Circuit sky130_fd_sc_hd__fill_2 contains no devices.

Contents of circuit 1:  Circuit: 'sky130_fd_sc_hd__decap_8'
Circuit sky130_fd_sc_hd__decap_8 contains 0 device instances.
Circuit contains 0 nets, and 4 disconnected pins.
Contents of circuit 2:  Circuit: 'sky130_fd_sc_hd__decap_8'
Circuit sky130_fd_sc_hd__decap_8 contains 0 device instances.
Circuit contains 0 nets.

Circuit sky130_fd_sc_hd__decap_8 contains no devices.

Contents of circuit 1:  Circuit: 'sky130_fd_sc_hd__and3_2'
Circuit sky130_fd_sc_hd__and3_2 contains 0 device instances.
Circuit contains 0 nets, and 8 disconnected pins.
Contents of circuit 2:  Circuit: 'sky130_fd_sc_hd__and3_2'
Circuit sky130_fd_sc_hd__and3_2 contains 0 device instances.
Circuit contains 0 nets.

Circuit sky130_fd_sc_hd__and3_2 contains no devices.

Contents of circuit 1:  Circuit: 'sky130_fd_sc_hd__or4bb_2'
Circuit sky130_fd_sc_hd__or4bb_2 contains 0 device instances.
Circuit contains 0 nets, and 9 disconnected pins.
Contents of circuit 2:  Circuit: 'sky130_fd_sc_hd__or4bb_2'
Circuit sky130_fd_sc_hd__or4bb_2 contains 0 device instances.
Circuit contains 0 nets.

Circuit sky130_fd_sc_hd__or4bb_2 contains no devices.

Contents of circuit 1:  Circuit: 'sky130_fd_sc_hd__buf_1'
Circuit sky130_fd_sc_hd__buf_1 contains 0 device instances.
Circuit contains 0 nets, and 6 disconnected pins.
Contents of circuit 2:  Circuit: 'sky130_fd_sc_hd__buf_1'
Circuit sky130_fd_sc_hd__buf_1 contains 0 device instances.
Circuit contains 0 nets.

Circuit sky130_fd_sc_hd__buf_1 contains no devices.

Contents of circuit 1:  Circuit: 'sky130_fd_sc_hd__clkbuf_16'
Circuit sky130_fd_sc_hd__clkbuf_16 contains 0 device instances.
Circuit contains 0 nets, and 6 disconnected pins.
Contents of circuit 2:  Circuit: 'sky130_fd_sc_hd__clkbuf_16'
Circuit sky130_fd_sc_hd__clkbuf_16 contains 0 device instances.
Circuit contains 0 nets.

Circuit sky130_fd_sc_hd__clkbuf_16 contains no devices.

Contents of circuit 1:  Circuit: 'sky130_fd_sc_hd__a31o_2'
Circuit sky130_fd_sc_hd__a31o_2 contains 0 device instances.
Circuit contains 0 nets, and 9 disconnected pins.
Contents of circuit 2:  Circuit: 'sky130_fd_sc_hd__a31o_2'
Circuit sky130_fd_sc_hd__a31o_2 contains 0 device instances.
Circuit contains 0 nets.

Circuit sky130_fd_sc_hd__a31o_2 contains no devices.

Contents of circuit 1:  Circuit: 'sky130_fd_sc_hd__nand4_2'
Circuit sky130_fd_sc_hd__nand4_2 contains 0 device instances.
Circuit contains 0 nets, and 9 disconnected pins.
Contents of circuit 2:  Circuit: 'sky130_fd_sc_hd__nand4_2'
Circuit sky130_fd_sc_hd__nand4_2 contains 0 device instances.
Circuit contains 0 nets.

Circuit sky130_fd_sc_hd__nand4_2 contains no devices.

Contents of circuit 1:  Circuit: 'sky130_fd_sc_hd__xor2_2'
Circuit sky130_fd_sc_hd__xor2_2 contains 0 device instances.
Circuit contains 0 nets, and 7 disconnected pins.
Contents of circuit 2:  Circuit: 'sky130_fd_sc_hd__xor2_2'
Circuit sky130_fd_sc_hd__xor2_2 contains 0 device instances.
Circuit contains 0 nets.

Circuit sky130_fd_sc_hd__xor2_2 contains no devices.

Contents of circuit 1:  Circuit: 'sky130_fd_sc_hd__xnor2_2'
Circuit sky130_fd_sc_hd__xnor2_2 contains 0 device instances.
Circuit contains 0 nets, and 7 disconnected pins.
Contents of circuit 2:  Circuit: 'sky130_fd_sc_hd__xnor2_2'
Circuit sky130_fd_sc_hd__xnor2_2 contains 0 device instances.
Circuit contains 0 nets.

Circuit sky130_fd_sc_hd__xnor2_2 contains no devices.

Contents of circuit 1:  Circuit: 'sky130_fd_sc_hd__nor2_2'
Circuit sky130_fd_sc_hd__nor2_2 contains 0 device instances.
Circuit contains 0 nets, and 7 disconnected pins.
Contents of circuit 2:  Circuit: 'sky130_fd_sc_hd__nor2_2'
Circuit sky130_fd_sc_hd__nor2_2 contains 0 device instances.
Circuit contains 0 nets.

Circuit sky130_fd_sc_hd__nor2_2 contains no devices.

Contents of circuit 1:  Circuit: 'sky130_fd_sc_hd__a21oi_2'
Circuit sky130_fd_sc_hd__a21oi_2 contains 0 device instances.
Circuit contains 0 nets, and 8 disconnected pins.
Contents of circuit 2:  Circuit: 'sky130_fd_sc_hd__a21oi_2'
Circuit sky130_fd_sc_hd__a21oi_2 contains 0 device instances.
Circuit contains 0 nets.

Circuit sky130_fd_sc_hd__a21oi_2 contains no devices.

Contents of circuit 1:  Circuit: 'sky130_fd_sc_hd__and2b_2'
Circuit sky130_fd_sc_hd__and2b_2 contains 0 device instances.
Circuit contains 0 nets, and 7 disconnected pins.
Contents of circuit 2:  Circuit: 'sky130_fd_sc_hd__and2b_2'
Circuit sky130_fd_sc_hd__and2b_2 contains 0 device instances.
Circuit contains 0 nets.

Circuit sky130_fd_sc_hd__and2b_2 contains no devices.

Contents of circuit 1:  Circuit: 'sky130_fd_sc_hd__dfrtp_2'
Circuit sky130_fd_sc_hd__dfrtp_2 contains 0 device instances.
Circuit contains 0 nets, and 8 disconnected pins.
Contents of circuit 2:  Circuit: 'sky130_fd_sc_hd__dfrtp_2'
Circuit sky130_fd_sc_hd__dfrtp_2 contains 0 device instances.
Circuit contains 0 nets.

Circuit sky130_fd_sc_hd__dfrtp_2 contains no devices.

Contents of circuit 1:  Circuit: 'sky130_fd_sc_hd__or4_2'
Circuit sky130_fd_sc_hd__or4_2 contains 0 device instances.
Circuit contains 0 nets, and 9 disconnected pins.
Contents of circuit 2:  Circuit: 'sky130_fd_sc_hd__or4_2'
Circuit sky130_fd_sc_hd__or4_2 contains 0 device instances.
Circuit contains 0 nets.

Circuit sky130_fd_sc_hd__or4_2 contains no devices.

Contents of circuit 1:  Circuit: 'sky130_fd_sc_hd__nand2_2'
Circuit sky130_fd_sc_hd__nand2_2 contains 0 device instances.
Circuit contains 0 nets, and 7 disconnected pins.
Contents of circuit 2:  Circuit: 'sky130_fd_sc_hd__nand2_2'
Circuit sky130_fd_sc_hd__nand2_2 contains 0 device instances.
Circuit contains 0 nets.

Circuit sky130_fd_sc_hd__nand2_2 contains no devices.

Contents of circuit 1:  Circuit: 'sky130_fd_sc_hd__and3b_2'
Circuit sky130_fd_sc_hd__and3b_2 contains 0 device instances.
Circuit contains 0 nets, and 8 disconnected pins.
Contents of circuit 2:  Circuit: 'sky130_fd_sc_hd__and3b_2'
Circuit sky130_fd_sc_hd__and3b_2 contains 0 device instances.
Circuit contains 0 nets.

Circuit sky130_fd_sc_hd__and3b_2 contains no devices.

Contents of circuit 1:  Circuit: 'sky130_fd_sc_hd__or2_2'
Circuit sky130_fd_sc_hd__or2_2 contains 0 device instances.
Circuit contains 0 nets, and 7 disconnected pins.
Contents of circuit 2:  Circuit: 'sky130_fd_sc_hd__or2_2'
Circuit sky130_fd_sc_hd__or2_2 contains 0 device instances.
Circuit contains 0 nets.

Circuit sky130_fd_sc_hd__or2_2 contains no devices.

Contents of circuit 1:  Circuit: 'sky130_fd_sc_hd__o211a_2'
Circuit sky130_fd_sc_hd__o211a_2 contains 0 device instances.
Circuit contains 0 nets, and 9 disconnected pins.
Contents of circuit 2:  Circuit: 'sky130_fd_sc_hd__o211a_2'
Circuit sky130_fd_sc_hd__o211a_2 contains 0 device instances.
Circuit contains 0 nets.

Circuit sky130_fd_sc_hd__o211a_2 contains no devices.

Contents of circuit 1:  Circuit: 'sky130_fd_sc_hd__and4_2'
Circuit sky130_fd_sc_hd__and4_2 contains 0 device instances.
Circuit contains 0 nets, and 9 disconnected pins.
Contents of circuit 2:  Circuit: 'sky130_fd_sc_hd__and4_2'
Circuit sky130_fd_sc_hd__and4_2 contains 0 device instances.
Circuit contains 0 nets.

Circuit sky130_fd_sc_hd__and4_2 contains no devices.

Contents of circuit 1:  Circuit: 'sky130_fd_sc_hd__diode_2'
Circuit sky130_fd_sc_hd__diode_2 contains 0 device instances.
Circuit contains 0 nets, and 5 disconnected pins.
Contents of circuit 2:  Circuit: 'sky130_fd_sc_hd__diode_2'
Circuit sky130_fd_sc_hd__diode_2 contains 0 device instances.
Circuit contains 0 nets.

Circuit sky130_fd_sc_hd__diode_2 contains no devices.

Contents of circuit 1:  Circuit: 'sky130_fd_sc_hd__a21o_2'
Circuit sky130_fd_sc_hd__a21o_2 contains 0 device instances.
Circuit contains 0 nets, and 8 disconnected pins.
Contents of circuit 2:  Circuit: 'sky130_fd_sc_hd__a21o_2'
Circuit sky130_fd_sc_hd__a21o_2 contains 0 device instances.
Circuit contains 0 nets.

Circuit sky130_fd_sc_hd__a21o_2 contains no devices.

Contents of circuit 1:  Circuit: 'full_system'
Circuit full_system contains 34233 device instances.
  Class: sky130_fd_sc_hd__a31o_2 instances:   2
  Class: sky130_fd_sc_hd__a21o_2 instances:   1
  Class: sky130_fd_sc_hd__clkbuf_16 instances:   3
  Class: sky130_fd_sc_hd__or4_2 instances:   1
  Class: sky130_fd_sc_hd__buf_1 instances:   7
  Class: sky130_fd_sc_hd__nand4_2 instances:   1
  Class: sky130_fd_sc_hd__and3b_2 instances:   1
  Class: sky130_fd_sc_hd__xor2_2 instances:   3
  Class: sky130_ef_sc_hd__decap_12 instances: 19215
  Class: sky130_fd_sc_hd__dfrtp_2 instances:  14
  Class: sky130_fd_sc_hd__and4_2 instances:   2
  Class: sky130_fd_sc_hd__inv_2 instances:  18
  Class: sky130_fd_sc_hd__and2b_2 instances:   1
  Class: sky130_fd_sc_hd__conb_1 instances:   8
  Class: sky130_fd_sc_hd__and3_2 instances:   5
  Class: sky130_fd_sc_hd__decap_3 instances: 538
  Class: sky130_fd_sc_hd__decap_4 instances: 231
  Class: sky130_fd_sc_hd__decap_6 instances: 4463
  Class: sky130_fd_sc_hd__decap_8 instances: 146
  Class: sky130_fd_sc_hd__or2_2 instances:   1
  Class: sky130_fd_sc_hd__nand2_2 instances:   4
  Class: sky130_fd_sc_hd__or4b_2 instances:   1
  Class: sky130_fd_sc_hd__xnor2_2 instances:   2
  Class: sky130_fd_sc_hd__o211a_2 instances:   2
  Class: sky130_fd_sc_hd__diode_2 instances:   3
  Class: sky130_fd_sc_hd__or4bb_2 instances:   1
  Class: sky130_fd_sc_hd__tapvpwrvgnd_1 instances: 4815
  Class: sky130_fd_sc_hd__a21oi_2 instances:   2
  Class: sky130_fd_sc_hd__fill_1 instances: 4708
  Class: sky130_fd_sc_hd__fill_2 instances:  31
  Class: sky130_fd_sc_hd__nor2_2 instances:   3
Circuit contains 95 nets, and 1 disconnected pin.
Contents of circuit 2:  Circuit: 'full_system'
Circuit full_system contains 34233 device instances.
  Class: sky130_fd_sc_hd__a31o_2 instances:   2
  Class: sky130_fd_sc_hd__a21o_2 instances:   1
  Class: sky130_fd_sc_hd__clkbuf_16 instances:   3
  Class: sky130_fd_sc_hd__or4_2 instances:   1
  Class: sky130_fd_sc_hd__buf_1 instances:   7
  Class: sky130_fd_sc_hd__nand4_2 instances:   1
  Class: sky130_fd_sc_hd__and3b_2 instances:   1
  Class: sky130_fd_sc_hd__xor2_2 instances:   3
  Class: sky130_ef_sc_hd__decap_12 instances: 19215
  Class: sky130_fd_sc_hd__dfrtp_2 instances:  14
  Class: sky130_fd_sc_hd__and4_2 instances:   2
  Class: sky130_fd_sc_hd__inv_2 instances:  18
  Class: sky130_fd_sc_hd__conb_1 instances:   8
  Class: sky130_fd_sc_hd__and2b_2 instances:   1
  Class: sky130_fd_sc_hd__and3_2 instances:   5
  Class: sky130_fd_sc_hd__decap_3 instances: 538
  Class: sky130_fd_sc_hd__decap_4 instances: 231
  Class: sky130_fd_sc_hd__decap_6 instances: 4463
  Class: sky130_fd_sc_hd__decap_8 instances: 146
  Class: sky130_fd_sc_hd__or2_2 instances:   1
  Class: sky130_fd_sc_hd__nand2_2 instances:   4
  Class: sky130_fd_sc_hd__or4b_2 instances:   1
  Class: sky130_fd_sc_hd__xnor2_2 instances:   2
  Class: sky130_fd_sc_hd__o211a_2 instances:   2
  Class: sky130_fd_sc_hd__diode_2 instances:   3
  Class: sky130_fd_sc_hd__or4bb_2 instances:   1
  Class: sky130_fd_sc_hd__tapvpwrvgnd_1 instances: 4815
  Class: sky130_fd_sc_hd__a21oi_2 instances:   2
  Class: sky130_fd_sc_hd__fill_1 instances: 4708
  Class: sky130_fd_sc_hd__fill_2 instances:  31
  Class: sky130_fd_sc_hd__nor2_2 instances:   3
Circuit contains 95 nets, and 1 disconnected pin.

Circuit was modified by parallel/series device merging.
New circuit summary:

Contents of circuit 1:  Circuit: 'full_system'
Circuit full_system contains 94 device instances.
  Class: sky130_fd_sc_hd__a31o_2 instances:   2
  Class: sky130_fd_sc_hd__a21o_2 instances:   1
  Class: sky130_fd_sc_hd__clkbuf_16 instances:   3
  Class: sky130_fd_sc_hd__or4_2 instances:   1
  Class: sky130_fd_sc_hd__buf_1 instances:   7
  Class: sky130_fd_sc_hd__nand4_2 instances:   1
  Class: sky130_fd_sc_hd__and3b_2 instances:   1
  Class: sky130_fd_sc_hd__xor2_2 instances:   3
  Class: sky130_ef_sc_hd__decap_12 instances:   1
  Class: sky130_fd_sc_hd__dfrtp_2 instances:  14
  Class: sky130_fd_sc_hd__and4_2 instances:   2
  Class: sky130_fd_sc_hd__inv_2 instances:  18
  Class: sky130_fd_sc_hd__and2b_2 instances:   1
  Class: sky130_fd_sc_hd__conb_1 instances:   8
  Class: sky130_fd_sc_hd__and3_2 instances:   5
  Class: sky130_fd_sc_hd__decap_3 instances:   1
  Class: sky130_fd_sc_hd__decap_4 instances:   1
  Class: sky130_fd_sc_hd__decap_6 instances:   1
  Class: sky130_fd_sc_hd__decap_8 instances:   1
  Class: sky130_fd_sc_hd__or2_2 instances:   1
  Class: sky130_fd_sc_hd__nand2_2 instances:   4
  Class: sky130_fd_sc_hd__or4b_2 instances:   1
  Class: sky130_fd_sc_hd__xnor2_2 instances:   2
  Class: sky130_fd_sc_hd__o211a_2 instances:   2
  Class: sky130_fd_sc_hd__diode_2 instances:   3
  Class: sky130_fd_sc_hd__or4bb_2 instances:   1
  Class: sky130_fd_sc_hd__tapvpwrvgnd_1 instances:   1
  Class: sky130_fd_sc_hd__a21oi_2 instances:   2
  Class: sky130_fd_sc_hd__fill_1 instances:   1
  Class: sky130_fd_sc_hd__fill_2 instances:   1
  Class: sky130_fd_sc_hd__nor2_2 instances:   3
Circuit contains 95 nets, and 1 disconnected pin.
Contents of circuit 2:  Circuit: 'full_system'
Circuit full_system contains 94 device instances.
  Class: sky130_fd_sc_hd__a31o_2 instances:   2
  Class: sky130_fd_sc_hd__a21o_2 instances:   1
  Class: sky130_fd_sc_hd__clkbuf_16 instances:   3
  Class: sky130_fd_sc_hd__or4_2 instances:   1
  Class: sky130_fd_sc_hd__buf_1 instances:   7
  Class: sky130_fd_sc_hd__nand4_2 instances:   1
  Class: sky130_fd_sc_hd__and3b_2 instances:   1
  Class: sky130_fd_sc_hd__xor2_2 instances:   3
  Class: sky130_ef_sc_hd__decap_12 instances:   1
  Class: sky130_fd_sc_hd__dfrtp_2 instances:  14
  Class: sky130_fd_sc_hd__and4_2 instances:   2
  Class: sky130_fd_sc_hd__inv_2 instances:  18
  Class: sky130_fd_sc_hd__conb_1 instances:   8
  Class: sky130_fd_sc_hd__and2b_2 instances:   1
  Class: sky130_fd_sc_hd__and3_2 instances:   5
  Class: sky130_fd_sc_hd__decap_3 instances:   1
  Class: sky130_fd_sc_hd__decap_4 instances:   1
  Class: sky130_fd_sc_hd__decap_6 instances:   1
  Class: sky130_fd_sc_hd__decap_8 instances:   1
  Class: sky130_fd_sc_hd__or2_2 instances:   1
  Class: sky130_fd_sc_hd__nand2_2 instances:   4
  Class: sky130_fd_sc_hd__or4b_2 instances:   1
  Class: sky130_fd_sc_hd__xnor2_2 instances:   2
  Class: sky130_fd_sc_hd__o211a_2 instances:   2
  Class: sky130_fd_sc_hd__diode_2 instances:   3
  Class: sky130_fd_sc_hd__or4bb_2 instances:   1
  Class: sky130_fd_sc_hd__tapvpwrvgnd_1 instances:   1
  Class: sky130_fd_sc_hd__a21oi_2 instances:   2
  Class: sky130_fd_sc_hd__fill_1 instances:   1
  Class: sky130_fd_sc_hd__fill_2 instances:   1
  Class: sky130_fd_sc_hd__nor2_2 instances:   3
Circuit contains 95 nets, and 1 disconnected pin.

Circuit 1 contains 94 devices, Circuit 2 contains 94 devices.
Circuit 1 contains 95 nets,    Circuit 2 contains 95 nets.


Final result: 
Circuits match uniquely.
.
Logging to file "/openlane/designs/part5_full/runs/RUN_2026.05.16_12.13.09/logs/signoff/32-full_system.lef.lvs.log" disabled
LVS Done.
