
===========================================================================
report_checks -unconstrained
===========================================================================
======================= Typical Corner ===================================

Startpoint: _096_ (rising edge-triggered flip-flop clocked by clk)
Endpoint: _110_ (rising edge-triggered flip-flop clocked by clk)
Path Group: clk
Path Type: max

Fanout     Cap    Slew   Delay    Time   Description
-----------------------------------------------------------------------------
                          0.00    0.00   clock clk (rise edge)
                          0.00    0.00   clock source latency
                  0.04    0.03    0.03 ^ clk (in)
     1    0.01                           clk (net)
                  0.04    0.00    0.03 ^ clkbuf_0_clk/A (sky130_fd_sc_hd__clkbuf_16)
                  0.04    0.13    0.16 ^ clkbuf_0_clk/X (sky130_fd_sc_hd__clkbuf_16)
     2    0.02                           clknet_0_clk (net)
                  0.04    0.00    0.16 ^ clkbuf_1_0__f_clk/A (sky130_fd_sc_hd__clkbuf_16)
                  0.04    0.13    0.28 ^ clkbuf_1_0__f_clk/X (sky130_fd_sc_hd__clkbuf_16)
     9    0.02                           clknet_1_0__leaf_clk (net)
                  0.04    0.00    0.28 ^ _096_/CLK (sky130_fd_sc_hd__dfxtp_2)
                  0.27    0.50    0.78 ^ _096_/Q (sky130_fd_sc_hd__dfxtp_2)
     7    0.05                           pc_out[0] (net)
                  0.27    0.00    0.78 ^ _055_/A (sky130_fd_sc_hd__and4_2)
                  0.05    0.26    1.05 ^ _055_/X (sky130_fd_sc_hd__and4_2)
     1    0.00                           _020_ (net)
                  0.05    0.00    1.05 ^ _056_/A (sky130_fd_sc_hd__buf_1)
                  0.31    0.28    1.33 ^ _056_/X (sky130_fd_sc_hd__buf_1)
     7    0.03                           _021_ (net)
                  0.31    0.00    1.33 ^ _065_/D (sky130_fd_sc_hd__and4_2)
                  0.05    0.27    1.60 ^ _065_/X (sky130_fd_sc_hd__and4_2)
     1    0.00                           _027_ (net)
                  0.05    0.00    1.60 ^ _066_/A (sky130_fd_sc_hd__buf_1)
                  0.25    0.23    1.83 ^ _066_/X (sky130_fd_sc_hd__buf_1)
     6    0.02                           _028_ (net)
                  0.25    0.00    1.83 ^ _073_/D (sky130_fd_sc_hd__and4_2)
                  0.13    0.35    2.18 ^ _073_/X (sky130_fd_sc_hd__and4_2)
     5    0.02                           _032_ (net)
                  0.13    0.00    2.18 ^ _079_/C (sky130_fd_sc_hd__and3_2)
                  0.04    0.19    2.37 ^ _079_/X (sky130_fd_sc_hd__and3_2)
     1    0.00                           _036_ (net)
                  0.04    0.00    2.37 ^ _080_/A (sky130_fd_sc_hd__buf_1)
                  0.40    0.34    2.71 ^ _080_/X (sky130_fd_sc_hd__buf_1)
     9    0.03                           _037_ (net)
                  0.40    0.00    2.71 ^ _088_/A2 (sky130_fd_sc_hd__a31o_2)
                  0.04    0.22    2.93 ^ _088_/X (sky130_fd_sc_hd__a31o_2)
     1    0.00                           _042_ (net)
                  0.04    0.00    2.93 ^ _090_/A_N (sky130_fd_sc_hd__and2b_2)
                  0.03    0.20    3.13 v _090_/X (sky130_fd_sc_hd__and2b_2)
     1    0.00                           _044_ (net)
                  0.03    0.00    3.13 v _091_/A (sky130_fd_sc_hd__buf_1)
                  0.02    0.08    3.21 v _091_/X (sky130_fd_sc_hd__buf_1)
     1    0.00                           _014_ (net)
                  0.02    0.00    3.21 v _110_/D (sky130_fd_sc_hd__dfxtp_2)
                                  3.21   data arrival time

                         10.00   10.00   clock clk (rise edge)
                          0.00   10.00   clock source latency
                  0.04    0.03   10.03 ^ clk (in)
     1    0.01                           clk (net)
                  0.04    0.00   10.03 ^ clkbuf_0_clk/A (sky130_fd_sc_hd__clkbuf_16)
                  0.04    0.11   10.14 ^ clkbuf_0_clk/X (sky130_fd_sc_hd__clkbuf_16)
     2    0.02                           clknet_0_clk (net)
                  0.04    0.00   10.14 ^ clkbuf_1_0__f_clk/A (sky130_fd_sc_hd__clkbuf_16)
                  0.04    0.11   10.25 ^ clkbuf_1_0__f_clk/X (sky130_fd_sc_hd__clkbuf_16)
     9    0.02                           clknet_1_0__leaf_clk (net)
                  0.04    0.00   10.25 ^ _110_/CLK (sky130_fd_sc_hd__dfxtp_2)
                         -0.25   10.00   clock uncertainty
                          0.03   10.03   clock reconvergence pessimism
                         -0.10    9.93   library setup time
                                  9.93   data required time
-----------------------------------------------------------------------------
                                  9.93   data required time
                                 -3.21   data arrival time
-----------------------------------------------------------------------------
                                  6.71   slack (MET)




===========================================================================
report_checks --slack_max -0.01
============================================================================
======================= Typical Corner ===================================

No paths found.


===========================================================================
 report_check_types -max_slew -max_cap -max_fanout -violators
============================================================================
======================= Typical Corner ===================================



===========================================================================
report_parasitic_annotation -report_unannotated
============================================================================
Found 85 unannotated drivers.
 clk
 rst
 _048_/X
 _049_/Y
 _050_/Y
 _051_/X
 _052_/X
 _053_/Y
 _054_/Y
 _055_/X
 _056_/X
 _057_/Y
 _058_/X
 _059_/Y
 _060_/X
 _061_/Y
 _062_/X
 _063_/Y
 _064_/Y
 _065_/X
 _066_/X
 _067_/Y
 _068_/Y
 _069_/X
 _070_/Y
 _071_/X
 _072_/Y
 _073_/X
 _074_/Y
 _075_/X
 _076_/Y
 _077_/X
 _078_/Y
 _079_/X
 _080_/X
 _081_/Y
 _082_/Y
 _083_/X
 _084_/Y
 _085_/Y
 _086_/X
 _087_/Y
 _088_/X
 _089_/X
 _090_/X
 _091_/X
 _092_/Y
 _093_/X
 _094_/X
 _095_/X
 _096_/Q
 _097_/Q
 _098_/Q
 _099_/Q
 _100_/Q
 _101_/Q
 _102_/Q
 _103_/Q
 _104_/Q
 _105_/Q
 _106_/Q
 _107_/Q
 _108_/Q
 _109_/Q
 _110_/Q
 _111_/Q
 _112_/HI
 _112_/LO
 _113_/HI
 _113_/LO
 _114_/HI
 _114_/LO
 _115_/HI
 _115_/LO
 _116_/HI
 _116_/LO
 _117_/HI
 _117_/LO
 _118_/HI
 _118_/LO
 _119_/HI
 _119_/LO
 clkbuf_0_clk/X
 clkbuf_1_0__f_clk/X
 clkbuf_1_1__f_clk/X
Found 0 partially unannotated drivers.

===========================================================================
max slew violation count 0
max fanout violation count 0
max cap violation count 0
============================================================================

===========================================================================
check_setup -verbose -unconstrained_endpoints -multiple_clock -no_clock -no_input_delay -loops -generated_clocks
===========================================================================
Warning: There are 8 unconstrained endpoints.
  result[0]
  result[1]
  result[2]
  result[3]
  result[4]
  result[5]
  result[6]
  result[7]
