
===========================================================================
report_checks -path_delay max (Setup)
============================================================================
======================= Typical Corner ===================================

Startpoint: _096_ (rising edge-triggered flip-flop clocked by clk)
Endpoint: _110_ (rising edge-triggered flip-flop clocked by clk)
Path Group: clk
Path Type: max

Fanout     Cap    Slew   Delay    Time   Description
-----------------------------------------------------------------------------
                          0.00    0.00   clock clk (rise edge)
                          0.00    0.00   clock source latency
                  0.04    0.03    0.03 ^ clk (in)
     1    0.01                           clk (net)
                  0.04    0.00    0.03 ^ clkbuf_0_clk/A (sky130_fd_sc_hd__clkbuf_16)
                  0.04    0.13    0.16 ^ clkbuf_0_clk/X (sky130_fd_sc_hd__clkbuf_16)
     2    0.02                           clknet_0_clk (net)
                  0.04    0.00    0.16 ^ clkbuf_1_0__f_clk/A (sky130_fd_sc_hd__clkbuf_16)
                  0.04    0.13    0.28 ^ clkbuf_1_0__f_clk/X (sky130_fd_sc_hd__clkbuf_16)
     9    0.02                           clknet_1_0__leaf_clk (net)
                  0.04    0.00    0.28 ^ _096_/CLK (sky130_fd_sc_hd__dfxtp_2)
                  0.27    0.50    0.78 ^ _096_/Q (sky130_fd_sc_hd__dfxtp_2)
     7    0.05                           pc_out[0] (net)
                  0.27    0.00    0.78 ^ _055_/A (sky130_fd_sc_hd__and4_2)
                  0.05    0.26    1.05 ^ _055_/X (sky130_fd_sc_hd__and4_2)
     1    0.00                           _020_ (net)
                  0.05    0.00    1.05 ^ _056_/A (sky130_fd_sc_hd__buf_1)
                  0.31    0.28    1.33 ^ _056_/X (sky130_fd_sc_hd__buf_1)
     7    0.03                           _021_ (net)
                  0.31    0.00    1.33 ^ _065_/D (sky130_fd_sc_hd__and4_2)
                  0.05    0.27    1.60 ^ _065_/X (sky130_fd_sc_hd__and4_2)
     1    0.00                           _027_ (net)
                  0.05    0.00    1.60 ^ _066_/A (sky130_fd_sc_hd__buf_1)
                  0.25    0.23    1.83 ^ _066_/X (sky130_fd_sc_hd__buf_1)
     6    0.02                           _028_ (net)
                  0.25    0.00    1.83 ^ _073_/D (sky130_fd_sc_hd__and4_2)
                  0.13    0.35    2.18 ^ _073_/X (sky130_fd_sc_hd__and4_2)
     5    0.02                           _032_ (net)
                  0.13    0.00    2.18 ^ _079_/C (sky130_fd_sc_hd__and3_2)
                  0.04    0.19    2.37 ^ _079_/X (sky130_fd_sc_hd__and3_2)
     1    0.00                           _036_ (net)
                  0.04    0.00    2.37 ^ _080_/A (sky130_fd_sc_hd__buf_1)
                  0.40    0.34    2.71 ^ _080_/X (sky130_fd_sc_hd__buf_1)
     9    0.03                           _037_ (net)
                  0.40    0.00    2.71 ^ _088_/A2 (sky130_fd_sc_hd__a31o_2)
                  0.04    0.22    2.93 ^ _088_/X (sky130_fd_sc_hd__a31o_2)
     1    0.00                           _042_ (net)
                  0.04    0.00    2.93 ^ _090_/A_N (sky130_fd_sc_hd__and2b_2)
                  0.03    0.20    3.13 v _090_/X (sky130_fd_sc_hd__and2b_2)
     1    0.00                           _044_ (net)
                  0.03    0.00    3.13 v _091_/A (sky130_fd_sc_hd__buf_1)
                  0.02    0.08    3.21 v _091_/X (sky130_fd_sc_hd__buf_1)
     1    0.00                           _014_ (net)
                  0.02    0.00    3.21 v _110_/D (sky130_fd_sc_hd__dfxtp_2)
                                  3.21   data arrival time

                         10.00   10.00   clock clk (rise edge)
                          0.00   10.00   clock source latency
                  0.04    0.03   10.03 ^ clk (in)
     1    0.01                           clk (net)
                  0.04    0.00   10.03 ^ clkbuf_0_clk/A (sky130_fd_sc_hd__clkbuf_16)
                  0.04    0.11   10.14 ^ clkbuf_0_clk/X (sky130_fd_sc_hd__clkbuf_16)
     2    0.02                           clknet_0_clk (net)
                  0.04    0.00   10.14 ^ clkbuf_1_0__f_clk/A (sky130_fd_sc_hd__clkbuf_16)
                  0.04    0.11   10.25 ^ clkbuf_1_0__f_clk/X (sky130_fd_sc_hd__clkbuf_16)
     9    0.02                           clknet_1_0__leaf_clk (net)
                  0.04    0.00   10.25 ^ _110_/CLK (sky130_fd_sc_hd__dfxtp_2)
                         -0.25   10.00   clock uncertainty
                          0.03   10.03   clock reconvergence pessimism
                         -0.10    9.93   library setup time
                                  9.93   data required time
-----------------------------------------------------------------------------
                                  9.93   data required time
                                 -3.21   data arrival time
-----------------------------------------------------------------------------
                                  6.71   slack (MET)


Startpoint: _096_ (rising edge-triggered flip-flop clocked by clk)
Endpoint: _111_ (rising edge-triggered flip-flop clocked by clk)
Path Group: clk
Path Type: max

Fanout     Cap    Slew   Delay    Time   Description
-----------------------------------------------------------------------------
                          0.00    0.00   clock clk (rise edge)
                          0.00    0.00   clock source latency
                  0.04    0.03    0.03 ^ clk (in)
     1    0.01                           clk (net)
                  0.04    0.00    0.03 ^ clkbuf_0_clk/A (sky130_fd_sc_hd__clkbuf_16)
                  0.04    0.13    0.16 ^ clkbuf_0_clk/X (sky130_fd_sc_hd__clkbuf_16)
     2    0.02                           clknet_0_clk (net)
                  0.04    0.00    0.16 ^ clkbuf_1_0__f_clk/A (sky130_fd_sc_hd__clkbuf_16)
                  0.04    0.13    0.28 ^ clkbuf_1_0__f_clk/X (sky130_fd_sc_hd__clkbuf_16)
     9    0.02                           clknet_1_0__leaf_clk (net)
                  0.04    0.00    0.28 ^ _096_/CLK (sky130_fd_sc_hd__dfxtp_2)
                  0.27    0.50    0.78 ^ _096_/Q (sky130_fd_sc_hd__dfxtp_2)
     7    0.05                           pc_out[0] (net)
                  0.27    0.00    0.78 ^ _055_/A (sky130_fd_sc_hd__and4_2)
                  0.05    0.26    1.05 ^ _055_/X (sky130_fd_sc_hd__and4_2)
     1    0.00                           _020_ (net)
                  0.05    0.00    1.05 ^ _056_/A (sky130_fd_sc_hd__buf_1)
                  0.31    0.28    1.33 ^ _056_/X (sky130_fd_sc_hd__buf_1)
     7    0.03                           _021_ (net)
                  0.31    0.00    1.33 ^ _065_/D (sky130_fd_sc_hd__and4_2)
                  0.05    0.27    1.60 ^ _065_/X (sky130_fd_sc_hd__and4_2)
     1    0.00                           _027_ (net)
                  0.05    0.00    1.60 ^ _066_/A (sky130_fd_sc_hd__buf_1)
                  0.25    0.23    1.83 ^ _066_/X (sky130_fd_sc_hd__buf_1)
     6    0.02                           _028_ (net)
                  0.25    0.00    1.83 ^ _073_/D (sky130_fd_sc_hd__and4_2)
                  0.13    0.35    2.18 ^ _073_/X (sky130_fd_sc_hd__and4_2)
     5    0.02                           _032_ (net)
                  0.13    0.00    2.18 ^ _079_/C (sky130_fd_sc_hd__and3_2)
                  0.04    0.19    2.37 ^ _079_/X (sky130_fd_sc_hd__and3_2)
     1    0.00                           _036_ (net)
                  0.04    0.00    2.37 ^ _080_/A (sky130_fd_sc_hd__buf_1)
                  0.40    0.34    2.71 ^ _080_/X (sky130_fd_sc_hd__buf_1)
     9    0.03                           _037_ (net)
                  0.40    0.00    2.71 ^ _092_/C (sky130_fd_sc_hd__nand4_2)
                  0.08    0.13    2.84 v _092_/Y (sky130_fd_sc_hd__nand4_2)
     1    0.00                           _045_ (net)
                  0.08    0.00    2.84 v _094_/B (sky130_fd_sc_hd__and3b_2)
                  0.04    0.21    3.05 v _094_/X (sky130_fd_sc_hd__and3b_2)
     1    0.00                           _047_ (net)
                  0.04    0.00    3.05 v _095_/A (sky130_fd_sc_hd__buf_1)
                  0.02    0.08    3.13 v _095_/X (sky130_fd_sc_hd__buf_1)
     1    0.00                           _015_ (net)
                  0.02    0.00    3.13 v _111_/D (sky130_fd_sc_hd__dfxtp_2)
                                  3.13   data arrival time

                         10.00   10.00   clock clk (rise edge)
                          0.00   10.00   clock source latency
                  0.04    0.03   10.03 ^ clk (in)
     1    0.01                           clk (net)
                  0.04    0.00   10.03 ^ clkbuf_0_clk/A (sky130_fd_sc_hd__clkbuf_16)
                  0.04    0.11   10.14 ^ clkbuf_0_clk/X (sky130_fd_sc_hd__clkbuf_16)
     2    0.02                           clknet_0_clk (net)
                  0.04    0.00   10.14 ^ clkbuf_1_1__f_clk/A (sky130_fd_sc_hd__clkbuf_16)
                  0.04    0.11   10.25 ^ clkbuf_1_1__f_clk/X (sky130_fd_sc_hd__clkbuf_16)
     7    0.01                           clknet_1_1__leaf_clk (net)
                  0.04    0.00   10.25 ^ _111_/CLK (sky130_fd_sc_hd__dfxtp_2)
                         -0.25   10.00   clock uncertainty
                          0.01   10.02   clock reconvergence pessimism
                         -0.10    9.91   library setup time
                                  9.91   data required time
-----------------------------------------------------------------------------
                                  9.91   data required time
                                 -3.13   data arrival time
-----------------------------------------------------------------------------
                                  6.78   slack (MET)


Startpoint: _096_ (rising edge-triggered flip-flop clocked by clk)
Endpoint: _109_ (rising edge-triggered flip-flop clocked by clk)
Path Group: clk
Path Type: max

Fanout     Cap    Slew   Delay    Time   Description
-----------------------------------------------------------------------------
                          0.00    0.00   clock clk (rise edge)
                          0.00    0.00   clock source latency
                  0.04    0.03    0.03 ^ clk (in)
     1    0.01                           clk (net)
                  0.04    0.00    0.03 ^ clkbuf_0_clk/A (sky130_fd_sc_hd__clkbuf_16)
                  0.04    0.13    0.16 ^ clkbuf_0_clk/X (sky130_fd_sc_hd__clkbuf_16)
     2    0.02                           clknet_0_clk (net)
                  0.04    0.00    0.16 ^ clkbuf_1_0__f_clk/A (sky130_fd_sc_hd__clkbuf_16)
                  0.04    0.13    0.28 ^ clkbuf_1_0__f_clk/X (sky130_fd_sc_hd__clkbuf_16)
     9    0.02                           clknet_1_0__leaf_clk (net)
                  0.04    0.00    0.28 ^ _096_/CLK (sky130_fd_sc_hd__dfxtp_2)
                  0.27    0.50    0.78 ^ _096_/Q (sky130_fd_sc_hd__dfxtp_2)
     7    0.05                           pc_out[0] (net)
                  0.27    0.00    0.78 ^ _055_/A (sky130_fd_sc_hd__and4_2)
                  0.05    0.26    1.05 ^ _055_/X (sky130_fd_sc_hd__and4_2)
     1    0.00                           _020_ (net)
                  0.05    0.00    1.05 ^ _056_/A (sky130_fd_sc_hd__buf_1)
                  0.31    0.28    1.33 ^ _056_/X (sky130_fd_sc_hd__buf_1)
     7    0.03                           _021_ (net)
                  0.31    0.00    1.33 ^ _065_/D (sky130_fd_sc_hd__and4_2)
                  0.05    0.27    1.60 ^ _065_/X (sky130_fd_sc_hd__and4_2)
     1    0.00                           _027_ (net)
                  0.05    0.00    1.60 ^ _066_/A (sky130_fd_sc_hd__buf_1)
                  0.25    0.23    1.83 ^ _066_/X (sky130_fd_sc_hd__buf_1)
     6    0.02                           _028_ (net)
                  0.25    0.00    1.83 ^ _073_/D (sky130_fd_sc_hd__and4_2)
                  0.13    0.35    2.18 ^ _073_/X (sky130_fd_sc_hd__and4_2)
     5    0.02                           _032_ (net)
                  0.13    0.00    2.18 ^ _079_/C (sky130_fd_sc_hd__and3_2)
                  0.04    0.19    2.37 ^ _079_/X (sky130_fd_sc_hd__and3_2)
     1    0.00                           _036_ (net)
                  0.04    0.00    2.37 ^ _080_/A (sky130_fd_sc_hd__buf_1)
                  0.40    0.34    2.71 ^ _080_/X (sky130_fd_sc_hd__buf_1)
     9    0.03                           _037_ (net)
                  0.40    0.00    2.71 ^ _085_/B (sky130_fd_sc_hd__nand2_2)
                  0.07    0.10    2.80 v _085_/Y (sky130_fd_sc_hd__nand2_2)
     1    0.00                           _040_ (net)
                  0.07    0.00    2.80 v _087_/A2 (sky130_fd_sc_hd__a221oi_2)
                  0.16    0.26    3.06 ^ _087_/Y (sky130_fd_sc_hd__a221oi_2)
     1    0.00                           _013_ (net)
                  0.16    0.00    3.06 ^ _109_/D (sky130_fd_sc_hd__dfxtp_2)
                                  3.06   data arrival time

                         10.00   10.00   clock clk (rise edge)
                          0.00   10.00   clock source latency
                  0.04    0.03   10.03 ^ clk (in)
     1    0.01                           clk (net)
                  0.04    0.00   10.03 ^ clkbuf_0_clk/A (sky130_fd_sc_hd__clkbuf_16)
                  0.04    0.11   10.14 ^ clkbuf_0_clk/X (sky130_fd_sc_hd__clkbuf_16)
     2    0.02                           clknet_0_clk (net)
                  0.04    0.00   10.14 ^ clkbuf_1_0__f_clk/A (sky130_fd_sc_hd__clkbuf_16)
                  0.04    0.11   10.25 ^ clkbuf_1_0__f_clk/X (sky130_fd_sc_hd__clkbuf_16)
     9    0.02                           clknet_1_0__leaf_clk (net)
                  0.04    0.00   10.25 ^ _109_/CLK (sky130_fd_sc_hd__dfxtp_2)
                         -0.25   10.00   clock uncertainty
                          0.03   10.03   clock reconvergence pessimism
                         -0.09    9.95   library setup time
                                  9.95   data required time
-----------------------------------------------------------------------------
                                  9.95   data required time
                                 -3.06   data arrival time
-----------------------------------------------------------------------------
                                  6.88   slack (MET)


Startpoint: _100_ (rising edge-triggered flip-flop clocked by clk)
Endpoint: pc_out[4] (output port clocked by clk)
Path Group: clk
Path Type: max

Fanout     Cap    Slew   Delay    Time   Description
-----------------------------------------------------------------------------
                          0.00    0.00   clock clk (rise edge)
                          0.00    0.00   clock source latency
                  0.04    0.03    0.03 ^ clk (in)
     1    0.01                           clk (net)
                  0.04    0.00    0.03 ^ clkbuf_0_clk/A (sky130_fd_sc_hd__clkbuf_16)
                  0.04    0.13    0.16 ^ clkbuf_0_clk/X (sky130_fd_sc_hd__clkbuf_16)
     2    0.02                           clknet_0_clk (net)
                  0.04    0.00    0.16 ^ clkbuf_1_0__f_clk/A (sky130_fd_sc_hd__clkbuf_16)
                  0.04    0.13    0.28 ^ clkbuf_1_0__f_clk/X (sky130_fd_sc_hd__clkbuf_16)
     9    0.02                           clknet_1_0__leaf_clk (net)
                  0.04    0.00    0.28 ^ _100_/CLK (sky130_fd_sc_hd__dfxtp_2)
                  0.27    0.51    0.79 ^ _100_/Q (sky130_fd_sc_hd__dfxtp_2)
     7    0.05                           pc_out[4] (net)
                  0.27    0.00    0.79 ^ pc_out[4] (out)
                                  0.79   data arrival time

                         10.00   10.00   clock clk (rise edge)
                          0.00   10.00   clock network delay (propagated)
                         -0.25    9.75   clock uncertainty
                          0.00    9.75   clock reconvergence pessimism
                         -2.00    7.75   output external delay
                                  7.75   data required time
-----------------------------------------------------------------------------
                                  7.75   data required time
                                 -0.79   data arrival time
-----------------------------------------------------------------------------
                                  6.96   slack (MET)


Startpoint: _096_ (rising edge-triggered flip-flop clocked by clk)
Endpoint: pc_out[0] (output port clocked by clk)
Path Group: clk
Path Type: max

Fanout     Cap    Slew   Delay    Time   Description
-----------------------------------------------------------------------------
                          0.00    0.00   clock clk (rise edge)
                          0.00    0.00   clock source latency
                  0.04    0.03    0.03 ^ clk (in)
     1    0.01                           clk (net)
                  0.04    0.00    0.03 ^ clkbuf_0_clk/A (sky130_fd_sc_hd__clkbuf_16)
                  0.04    0.13    0.16 ^ clkbuf_0_clk/X (sky130_fd_sc_hd__clkbuf_16)
     2    0.02                           clknet_0_clk (net)
                  0.04    0.00    0.16 ^ clkbuf_1_0__f_clk/A (sky130_fd_sc_hd__clkbuf_16)
                  0.04    0.13    0.28 ^ clkbuf_1_0__f_clk/X (sky130_fd_sc_hd__clkbuf_16)
     9    0.02                           clknet_1_0__leaf_clk (net)
                  0.04    0.00    0.28 ^ _096_/CLK (sky130_fd_sc_hd__dfxtp_2)
                  0.27    0.50    0.78 ^ _096_/Q (sky130_fd_sc_hd__dfxtp_2)
     7    0.05                           pc_out[0] (net)
                  0.27    0.00    0.78 ^ pc_out[0] (out)
                                  0.78   data arrival time

                         10.00   10.00   clock clk (rise edge)
                          0.00   10.00   clock network delay (propagated)
                         -0.25    9.75   clock uncertainty
                          0.00    9.75   clock reconvergence pessimism
                         -2.00    7.75   output external delay
                                  7.75   data required time
-----------------------------------------------------------------------------
                                  7.75   data required time
                                 -0.78   data arrival time
-----------------------------------------------------------------------------
                                  6.97   slack (MET)


Startpoint: _096_ (rising edge-triggered flip-flop clocked by clk)
Endpoint: _108_ (rising edge-triggered flip-flop clocked by clk)
Path Group: clk
Path Type: max

Fanout     Cap    Slew   Delay    Time   Description
-----------------------------------------------------------------------------
                          0.00    0.00   clock clk (rise edge)
                          0.00    0.00   clock source latency
                  0.04    0.03    0.03 ^ clk (in)
     1    0.01                           clk (net)
                  0.04    0.00    0.03 ^ clkbuf_0_clk/A (sky130_fd_sc_hd__clkbuf_16)
                  0.04    0.13    0.16 ^ clkbuf_0_clk/X (sky130_fd_sc_hd__clkbuf_16)
     2    0.02                           clknet_0_clk (net)
                  0.04    0.00    0.16 ^ clkbuf_1_0__f_clk/A (sky130_fd_sc_hd__clkbuf_16)
                  0.04    0.13    0.28 ^ clkbuf_1_0__f_clk/X (sky130_fd_sc_hd__clkbuf_16)
     9    0.02                           clknet_1_0__leaf_clk (net)
                  0.04    0.00    0.28 ^ _096_/CLK (sky130_fd_sc_hd__dfxtp_2)
                  0.27    0.50    0.78 ^ _096_/Q (sky130_fd_sc_hd__dfxtp_2)
     7    0.05                           pc_out[0] (net)
                  0.27    0.00    0.78 ^ _055_/A (sky130_fd_sc_hd__and4_2)
                  0.05    0.26    1.05 ^ _055_/X (sky130_fd_sc_hd__and4_2)
     1    0.00                           _020_ (net)
                  0.05    0.00    1.05 ^ _056_/A (sky130_fd_sc_hd__buf_1)
                  0.31    0.28    1.33 ^ _056_/X (sky130_fd_sc_hd__buf_1)
     7    0.03                           _021_ (net)
                  0.31    0.00    1.33 ^ _065_/D (sky130_fd_sc_hd__and4_2)
                  0.05    0.27    1.60 ^ _065_/X (sky130_fd_sc_hd__and4_2)
     1    0.00                           _027_ (net)
                  0.05    0.00    1.60 ^ _066_/A (sky130_fd_sc_hd__buf_1)
                  0.25    0.23    1.83 ^ _066_/X (sky130_fd_sc_hd__buf_1)
     6    0.02                           _028_ (net)
                  0.25    0.00    1.83 ^ _073_/D (sky130_fd_sc_hd__and4_2)
                  0.13    0.35    2.18 ^ _073_/X (sky130_fd_sc_hd__and4_2)
     5    0.02                           _032_ (net)
                  0.13    0.00    2.18 ^ _079_/C (sky130_fd_sc_hd__and3_2)
                  0.04    0.19    2.37 ^ _079_/X (sky130_fd_sc_hd__and3_2)
     1    0.00                           _036_ (net)
                  0.04    0.00    2.37 ^ _080_/A (sky130_fd_sc_hd__buf_1)
                  0.40    0.34    2.71 ^ _080_/X (sky130_fd_sc_hd__buf_1)
     9    0.03                           _037_ (net)
                  0.40    0.00    2.71 ^ _082_/A2 (sky130_fd_sc_hd__a21oi_2)
                  0.07    0.10    2.81 v _082_/Y (sky130_fd_sc_hd__a21oi_2)
     1    0.00                           _038_ (net)
                  0.07    0.00    2.81 v _083_/B1 (sky130_fd_sc_hd__o21a_2)
                  0.03    0.12    2.93 v _083_/X (sky130_fd_sc_hd__o21a_2)
     1    0.00                           _012_ (net)
                  0.03    0.00    2.93 v _108_/D (sky130_fd_sc_hd__dfxtp_2)
                                  2.93   data arrival time

                         10.00   10.00   clock clk (rise edge)
                          0.00   10.00   clock source latency
                  0.04    0.03   10.03 ^ clk (in)
     1    0.01                           clk (net)
                  0.04    0.00   10.03 ^ clkbuf_0_clk/A (sky130_fd_sc_hd__clkbuf_16)
                  0.04    0.11   10.14 ^ clkbuf_0_clk/X (sky130_fd_sc_hd__clkbuf_16)
     2    0.02                           clknet_0_clk (net)
                  0.04    0.00   10.14 ^ clkbuf_1_1__f_clk/A (sky130_fd_sc_hd__clkbuf_16)
                  0.04    0.11   10.25 ^ clkbuf_1_1__f_clk/X (sky130_fd_sc_hd__clkbuf_16)
     7    0.01                           clknet_1_1__leaf_clk (net)
                  0.04    0.00   10.25 ^ _108_/CLK (sky130_fd_sc_hd__dfxtp_2)
                         -0.25   10.00   clock uncertainty
                          0.01   10.02   clock reconvergence pessimism
                         -0.11    9.91   library setup time
                                  9.91   data required time
-----------------------------------------------------------------------------
                                  9.91   data required time
                                 -2.93   data arrival time
-----------------------------------------------------------------------------
                                  6.98   slack (MET)


Startpoint: _103_ (rising edge-triggered flip-flop clocked by clk)
Endpoint: pc_out[7] (output port clocked by clk)
Path Group: clk
Path Type: max

Fanout     Cap    Slew   Delay    Time   Description
-----------------------------------------------------------------------------
                          0.00    0.00   clock clk (rise edge)
                          0.00    0.00   clock source latency
                  0.04    0.03    0.03 ^ clk (in)
     1    0.01                           clk (net)
                  0.04    0.00    0.03 ^ clkbuf_0_clk/A (sky130_fd_sc_hd__clkbuf_16)
                  0.04    0.13    0.16 ^ clkbuf_0_clk/X (sky130_fd_sc_hd__clkbuf_16)
     2    0.02                           clknet_0_clk (net)
                  0.04    0.00    0.16 ^ clkbuf_1_0__f_clk/A (sky130_fd_sc_hd__clkbuf_16)
                  0.04    0.13    0.28 ^ clkbuf_1_0__f_clk/X (sky130_fd_sc_hd__clkbuf_16)
     9    0.02                           clknet_1_0__leaf_clk (net)
                  0.04    0.00    0.28 ^ _103_/CLK (sky130_fd_sc_hd__dfxtp_2)
                  0.25    0.49    0.77 ^ _103_/Q (sky130_fd_sc_hd__dfxtp_2)
     6    0.05                           pc_out[7] (net)
                  0.25    0.00    0.77 ^ pc_out[7] (out)
                                  0.77   data arrival time

                         10.00   10.00   clock clk (rise edge)
                          0.00   10.00   clock network delay (propagated)
                         -0.25    9.75   clock uncertainty
                          0.00    9.75   clock reconvergence pessimism
                         -2.00    7.75   output external delay
                                  7.75   data required time
-----------------------------------------------------------------------------
                                  7.75   data required time
                                 -0.77   data arrival time
-----------------------------------------------------------------------------
                                  6.98   slack (MET)


Startpoint: _097_ (rising edge-triggered flip-flop clocked by clk)
Endpoint: pc_out[1] (output port clocked by clk)
Path Group: clk
Path Type: max

Fanout     Cap    Slew   Delay    Time   Description
-----------------------------------------------------------------------------
                          0.00    0.00   clock clk (rise edge)
                          0.00    0.00   clock source latency
                  0.04    0.03    0.03 ^ clk (in)
     1    0.01                           clk (net)
                  0.04    0.00    0.03 ^ clkbuf_0_clk/A (sky130_fd_sc_hd__clkbuf_16)
                  0.04    0.13    0.16 ^ clkbuf_0_clk/X (sky130_fd_sc_hd__clkbuf_16)
     2    0.02                           clknet_0_clk (net)
                  0.04    0.00    0.16 ^ clkbuf_1_1__f_clk/A (sky130_fd_sc_hd__clkbuf_16)
                  0.04    0.12    0.28 ^ clkbuf_1_1__f_clk/X (sky130_fd_sc_hd__clkbuf_16)
     7    0.01                           clknet_1_1__leaf_clk (net)
                  0.04    0.00    0.28 ^ _097_/CLK (sky130_fd_sc_hd__dfxtp_2)
                  0.25    0.49    0.77 ^ _097_/Q (sky130_fd_sc_hd__dfxtp_2)
     6    0.05                           pc_out[1] (net)
                  0.25    0.00    0.77 ^ pc_out[1] (out)
                                  0.77   data arrival time

                         10.00   10.00   clock clk (rise edge)
                          0.00   10.00   clock network delay (propagated)
                         -0.25    9.75   clock uncertainty
                          0.00    9.75   clock reconvergence pessimism
                         -2.00    7.75   output external delay
                                  7.75   data required time
-----------------------------------------------------------------------------
                                  7.75   data required time
                                 -0.77   data arrival time
-----------------------------------------------------------------------------
                                  6.98   slack (MET)


Startpoint: _110_ (rising edge-triggered flip-flop clocked by clk)
Endpoint: pc_out[14] (output port clocked by clk)
Path Group: clk
Path Type: max

Fanout     Cap    Slew   Delay    Time   Description
-----------------------------------------------------------------------------
                          0.00    0.00   clock clk (rise edge)
                          0.00    0.00   clock source latency
                  0.04    0.03    0.03 ^ clk (in)
     1    0.01                           clk (net)
                  0.04    0.00    0.03 ^ clkbuf_0_clk/A (sky130_fd_sc_hd__clkbuf_16)
                  0.04    0.13    0.16 ^ clkbuf_0_clk/X (sky130_fd_sc_hd__clkbuf_16)
     2    0.02                           clknet_0_clk (net)
                  0.04    0.00    0.16 ^ clkbuf_1_0__f_clk/A (sky130_fd_sc_hd__clkbuf_16)
                  0.04    0.13    0.28 ^ clkbuf_1_0__f_clk/X (sky130_fd_sc_hd__clkbuf_16)
     9    0.02                           clknet_1_0__leaf_clk (net)
                  0.04    0.00    0.28 ^ _110_/CLK (sky130_fd_sc_hd__dfxtp_2)
                  0.23    0.48    0.76 ^ _110_/Q (sky130_fd_sc_hd__dfxtp_2)
     5    0.05                           pc_out[14] (net)
                  0.23    0.00    0.76 ^ pc_out[14] (out)
                                  0.76   data arrival time

                         10.00   10.00   clock clk (rise edge)
                          0.00   10.00   clock network delay (propagated)
                         -0.25    9.75   clock uncertainty
                          0.00    9.75   clock reconvergence pessimism
                         -2.00    7.75   output external delay
                                  7.75   data required time
-----------------------------------------------------------------------------
                                  7.75   data required time
                                 -0.76   data arrival time
-----------------------------------------------------------------------------
                                  6.99   slack (MET)


Startpoint: _101_ (rising edge-triggered flip-flop clocked by clk)
Endpoint: pc_out[5] (output port clocked by clk)
Path Group: clk
Path Type: max

Fanout     Cap    Slew   Delay    Time   Description
-----------------------------------------------------------------------------
                          0.00    0.00   clock clk (rise edge)
                          0.00    0.00   clock source latency
                  0.04    0.03    0.03 ^ clk (in)
     1    0.01                           clk (net)
                  0.04    0.00    0.03 ^ clkbuf_0_clk/A (sky130_fd_sc_hd__clkbuf_16)
                  0.04    0.13    0.16 ^ clkbuf_0_clk/X (sky130_fd_sc_hd__clkbuf_16)
     2    0.02                           clknet_0_clk (net)
                  0.04    0.00    0.16 ^ clkbuf_1_1__f_clk/A (sky130_fd_sc_hd__clkbuf_16)
                  0.04    0.12    0.28 ^ clkbuf_1_1__f_clk/X (sky130_fd_sc_hd__clkbuf_16)
     7    0.01                           clknet_1_1__leaf_clk (net)
                  0.04    0.00    0.28 ^ _101_/CLK (sky130_fd_sc_hd__dfxtp_2)
                  0.24    0.48    0.76 ^ _101_/Q (sky130_fd_sc_hd__dfxtp_2)
     5    0.05                           pc_out[5] (net)
                  0.24    0.00    0.76 ^ pc_out[5] (out)
                                  0.76   data arrival time

                         10.00   10.00   clock clk (rise edge)
                          0.00   10.00   clock network delay (propagated)
                         -0.25    9.75   clock uncertainty
                          0.00    9.75   clock reconvergence pessimism
                         -2.00    7.75   output external delay
                                  7.75   data required time
-----------------------------------------------------------------------------
                                  7.75   data required time
                                 -0.76   data arrival time
-----------------------------------------------------------------------------
                                  6.99   slack (MET)


Startpoint: _106_ (rising edge-triggered flip-flop clocked by clk)
Endpoint: pc_out[10] (output port clocked by clk)
Path Group: clk
Path Type: max

Fanout     Cap    Slew   Delay    Time   Description
-----------------------------------------------------------------------------
                          0.00    0.00   clock clk (rise edge)
                          0.00    0.00   clock source latency
                  0.04    0.03    0.03 ^ clk (in)
     1    0.01                           clk (net)
                  0.04    0.00    0.03 ^ clkbuf_0_clk/A (sky130_fd_sc_hd__clkbuf_16)
                  0.04    0.13    0.16 ^ clkbuf_0_clk/X (sky130_fd_sc_hd__clkbuf_16)
     2    0.02                           clknet_0_clk (net)
                  0.04    0.00    0.16 ^ clkbuf_1_1__f_clk/A (sky130_fd_sc_hd__clkbuf_16)
                  0.04    0.12    0.28 ^ clkbuf_1_1__f_clk/X (sky130_fd_sc_hd__clkbuf_16)
     7    0.01                           clknet_1_1__leaf_clk (net)
                  0.04    0.00    0.28 ^ _106_/CLK (sky130_fd_sc_hd__dfxtp_2)
                  0.24    0.48    0.76 ^ _106_/Q (sky130_fd_sc_hd__dfxtp_2)
     5    0.05                           pc_out[10] (net)
                  0.24    0.00    0.76 ^ pc_out[10] (out)
                                  0.76   data arrival time

                         10.00   10.00   clock clk (rise edge)
                          0.00   10.00   clock network delay (propagated)
                         -0.25    9.75   clock uncertainty
                          0.00    9.75   clock reconvergence pessimism
                         -2.00    7.75   output external delay
                                  7.75   data required time
-----------------------------------------------------------------------------
                                  7.75   data required time
                                 -0.76   data arrival time
-----------------------------------------------------------------------------
                                  6.99   slack (MET)


Startpoint: _108_ (rising edge-triggered flip-flop clocked by clk)
Endpoint: pc_out[12] (output port clocked by clk)
Path Group: clk
Path Type: max

Fanout     Cap    Slew   Delay    Time   Description
-----------------------------------------------------------------------------
                          0.00    0.00   clock clk (rise edge)
                          0.00    0.00   clock source latency
                  0.04    0.03    0.03 ^ clk (in)
     1    0.01                           clk (net)
                  0.04    0.00    0.03 ^ clkbuf_0_clk/A (sky130_fd_sc_hd__clkbuf_16)
                  0.04    0.13    0.16 ^ clkbuf_0_clk/X (sky130_fd_sc_hd__clkbuf_16)
     2    0.02                           clknet_0_clk (net)
                  0.04    0.00    0.16 ^ clkbuf_1_1__f_clk/A (sky130_fd_sc_hd__clkbuf_16)
                  0.04    0.12    0.28 ^ clkbuf_1_1__f_clk/X (sky130_fd_sc_hd__clkbuf_16)
     7    0.01                           clknet_1_1__leaf_clk (net)
                  0.04    0.00    0.28 ^ _108_/CLK (sky130_fd_sc_hd__dfxtp_2)
                  0.24    0.48    0.76 ^ _108_/Q (sky130_fd_sc_hd__dfxtp_2)
     5    0.05                           pc_out[12] (net)
                  0.24    0.00    0.76 ^ pc_out[12] (out)
                                  0.76   data arrival time

                         10.00   10.00   clock clk (rise edge)
                          0.00   10.00   clock network delay (propagated)
                         -0.25    9.75   clock uncertainty
                          0.00    9.75   clock reconvergence pessimism
                         -2.00    7.75   output external delay
                                  7.75   data required time
-----------------------------------------------------------------------------
                                  7.75   data required time
                                 -0.76   data arrival time
-----------------------------------------------------------------------------
                                  6.99   slack (MET)


Startpoint: _098_ (rising edge-triggered flip-flop clocked by clk)
Endpoint: pc_out[2] (output port clocked by clk)
Path Group: clk
Path Type: max

Fanout     Cap    Slew   Delay    Time   Description
-----------------------------------------------------------------------------
                          0.00    0.00   clock clk (rise edge)
                          0.00    0.00   clock source latency
                  0.04    0.03    0.03 ^ clk (in)
     1    0.01                           clk (net)
                  0.04    0.00    0.03 ^ clkbuf_0_clk/A (sky130_fd_sc_hd__clkbuf_16)
                  0.04    0.13    0.16 ^ clkbuf_0_clk/X (sky130_fd_sc_hd__clkbuf_16)
     2    0.02                           clknet_0_clk (net)
                  0.04    0.00    0.16 ^ clkbuf_1_0__f_clk/A (sky130_fd_sc_hd__clkbuf_16)
                  0.04    0.13    0.28 ^ clkbuf_1_0__f_clk/X (sky130_fd_sc_hd__clkbuf_16)
     9    0.02                           clknet_1_0__leaf_clk (net)
                  0.04    0.00    0.28 ^ _098_/CLK (sky130_fd_sc_hd__dfxtp_2)
                  0.21    0.46    0.74 ^ _098_/Q (sky130_fd_sc_hd__dfxtp_2)
     4    0.04                           pc_out[2] (net)
                  0.21    0.00    0.74 ^ pc_out[2] (out)
                                  0.74   data arrival time

                         10.00   10.00   clock clk (rise edge)
                          0.00   10.00   clock network delay (propagated)
                         -0.25    9.75   clock uncertainty
                          0.00    9.75   clock reconvergence pessimism
                         -2.00    7.75   output external delay
                                  7.75   data required time
-----------------------------------------------------------------------------
                                  7.75   data required time
                                 -0.74   data arrival time
-----------------------------------------------------------------------------
                                  7.01   slack (MET)


Startpoint: _104_ (rising edge-triggered flip-flop clocked by clk)
Endpoint: pc_out[8] (output port clocked by clk)
Path Group: clk
Path Type: max

Fanout     Cap    Slew   Delay    Time   Description
-----------------------------------------------------------------------------
                          0.00    0.00   clock clk (rise edge)
                          0.00    0.00   clock source latency
                  0.04    0.03    0.03 ^ clk (in)
     1    0.01                           clk (net)
                  0.04    0.00    0.03 ^ clkbuf_0_clk/A (sky130_fd_sc_hd__clkbuf_16)
                  0.04    0.13    0.16 ^ clkbuf_0_clk/X (sky130_fd_sc_hd__clkbuf_16)
     2    0.02                           clknet_0_clk (net)
                  0.04    0.00    0.16 ^ clkbuf_1_0__f_clk/A (sky130_fd_sc_hd__clkbuf_16)
                  0.04    0.13    0.28 ^ clkbuf_1_0__f_clk/X (sky130_fd_sc_hd__clkbuf_16)
     9    0.02                           clknet_1_0__leaf_clk (net)
                  0.04    0.00    0.28 ^ _104_/CLK (sky130_fd_sc_hd__dfxtp_2)
                  0.21    0.46    0.74 ^ _104_/Q (sky130_fd_sc_hd__dfxtp_2)
     4    0.04                           pc_out[8] (net)
                  0.21    0.00    0.74 ^ pc_out[8] (out)
                                  0.74   data arrival time

                         10.00   10.00   clock clk (rise edge)
                          0.00   10.00   clock network delay (propagated)
                         -0.25    9.75   clock uncertainty
                          0.00    9.75   clock reconvergence pessimism
                         -2.00    7.75   output external delay
                                  7.75   data required time
-----------------------------------------------------------------------------
                                  7.75   data required time
                                 -0.74   data arrival time
-----------------------------------------------------------------------------
                                  7.01   slack (MET)


Startpoint: _107_ (rising edge-triggered flip-flop clocked by clk)
Endpoint: pc_out[11] (output port clocked by clk)
Path Group: clk
Path Type: max

Fanout     Cap    Slew   Delay    Time   Description
-----------------------------------------------------------------------------
                          0.00    0.00   clock clk (rise edge)
                          0.00    0.00   clock source latency
                  0.04    0.03    0.03 ^ clk (in)
     1    0.01                           clk (net)
                  0.04    0.00    0.03 ^ clkbuf_0_clk/A (sky130_fd_sc_hd__clkbuf_16)
                  0.04    0.13    0.16 ^ clkbuf_0_clk/X (sky130_fd_sc_hd__clkbuf_16)
     2    0.02                           clknet_0_clk (net)
                  0.04    0.00    0.16 ^ clkbuf_1_0__f_clk/A (sky130_fd_sc_hd__clkbuf_16)
                  0.04    0.13    0.28 ^ clkbuf_1_0__f_clk/X (sky130_fd_sc_hd__clkbuf_16)
     9    0.02                           clknet_1_0__leaf_clk (net)
                  0.04    0.00    0.28 ^ _107_/CLK (sky130_fd_sc_hd__dfxtp_2)
                  0.21    0.46    0.74 ^ _107_/Q (sky130_fd_sc_hd__dfxtp_2)
     3    0.04                           pc_out[11] (net)
                  0.21    0.00    0.74 ^ pc_out[11] (out)
                                  0.74   data arrival time

                         10.00   10.00   clock clk (rise edge)
                          0.00   10.00   clock network delay (propagated)
                         -0.25    9.75   clock uncertainty
                          0.00    9.75   clock reconvergence pessimism
                         -2.00    7.75   output external delay
                                  7.75   data required time
-----------------------------------------------------------------------------
                                  7.75   data required time
                                 -0.74   data arrival time
-----------------------------------------------------------------------------
                                  7.01   slack (MET)


Startpoint: _109_ (rising edge-triggered flip-flop clocked by clk)
Endpoint: pc_out[13] (output port clocked by clk)
Path Group: clk
Path Type: max

Fanout     Cap    Slew   Delay    Time   Description
-----------------------------------------------------------------------------
                          0.00    0.00   clock clk (rise edge)
                          0.00    0.00   clock source latency
                  0.04    0.03    0.03 ^ clk (in)
     1    0.01                           clk (net)
                  0.04    0.00    0.03 ^ clkbuf_0_clk/A (sky130_fd_sc_hd__clkbuf_16)
                  0.04    0.13    0.16 ^ clkbuf_0_clk/X (sky130_fd_sc_hd__clkbuf_16)
     2    0.02                           clknet_0_clk (net)
                  0.04    0.00    0.16 ^ clkbuf_1_0__f_clk/A (sky130_fd_sc_hd__clkbuf_16)
                  0.04    0.13    0.28 ^ clkbuf_1_0__f_clk/X (sky130_fd_sc_hd__clkbuf_16)
     9    0.02                           clknet_1_0__leaf_clk (net)
                  0.04    0.00    0.28 ^ _109_/CLK (sky130_fd_sc_hd__dfxtp_2)
                  0.21    0.45    0.74 ^ _109_/Q (sky130_fd_sc_hd__dfxtp_2)
     3    0.04                           pc_out[13] (net)
                  0.21    0.00    0.74 ^ pc_out[13] (out)
                                  0.74   data arrival time

                         10.00   10.00   clock clk (rise edge)
                          0.00   10.00   clock network delay (propagated)
                         -0.25    9.75   clock uncertainty
                          0.00    9.75   clock reconvergence pessimism
                         -2.00    7.75   output external delay
                                  7.75   data required time
-----------------------------------------------------------------------------
                                  7.75   data required time
                                 -0.74   data arrival time
-----------------------------------------------------------------------------
                                  7.01   slack (MET)


Startpoint: _111_ (rising edge-triggered flip-flop clocked by clk)
Endpoint: pc_out[15] (output port clocked by clk)
Path Group: clk
Path Type: max

Fanout     Cap    Slew   Delay    Time   Description
-----------------------------------------------------------------------------
                          0.00    0.00   clock clk (rise edge)
                          0.00    0.00   clock source latency
                  0.04    0.03    0.03 ^ clk (in)
     1    0.01                           clk (net)
                  0.04    0.00    0.03 ^ clkbuf_0_clk/A (sky130_fd_sc_hd__clkbuf_16)
                  0.04    0.13    0.16 ^ clkbuf_0_clk/X (sky130_fd_sc_hd__clkbuf_16)
     2    0.02                           clknet_0_clk (net)
                  0.04    0.00    0.16 ^ clkbuf_1_1__f_clk/A (sky130_fd_sc_hd__clkbuf_16)
                  0.04    0.12    0.28 ^ clkbuf_1_1__f_clk/X (sky130_fd_sc_hd__clkbuf_16)
     7    0.01                           clknet_1_1__leaf_clk (net)
                  0.04    0.00    0.28 ^ _111_/CLK (sky130_fd_sc_hd__dfxtp_2)
                  0.21    0.46    0.73 ^ _111_/Q (sky130_fd_sc_hd__dfxtp_2)
     3    0.04                           pc_out[15] (net)
                  0.21    0.00    0.73 ^ pc_out[15] (out)
                                  0.73   data arrival time

                         10.00   10.00   clock clk (rise edge)
                          0.00   10.00   clock network delay (propagated)
                         -0.25    9.75   clock uncertainty
                          0.00    9.75   clock reconvergence pessimism
                         -2.00    7.75   output external delay
                                  7.75   data required time
-----------------------------------------------------------------------------
                                  7.75   data required time
                                 -0.73   data arrival time
-----------------------------------------------------------------------------
                                  7.02   slack (MET)


Startpoint: _102_ (rising edge-triggered flip-flop clocked by clk)
Endpoint: pc_out[6] (output port clocked by clk)
Path Group: clk
Path Type: max

Fanout     Cap    Slew   Delay    Time   Description
-----------------------------------------------------------------------------
                          0.00    0.00   clock clk (rise edge)
                          0.00    0.00   clock source latency
                  0.04    0.03    0.03 ^ clk (in)
     1    0.01                           clk (net)
                  0.04    0.00    0.03 ^ clkbuf_0_clk/A (sky130_fd_sc_hd__clkbuf_16)
                  0.04    0.13    0.16 ^ clkbuf_0_clk/X (sky130_fd_sc_hd__clkbuf_16)
     2    0.02                           clknet_0_clk (net)
                  0.04    0.00    0.16 ^ clkbuf_1_1__f_clk/A (sky130_fd_sc_hd__clkbuf_16)
                  0.04    0.12    0.28 ^ clkbuf_1_1__f_clk/X (sky130_fd_sc_hd__clkbuf_16)
     7    0.01                           clknet_1_1__leaf_clk (net)
                  0.04    0.00    0.28 ^ _102_/CLK (sky130_fd_sc_hd__dfxtp_2)
                  0.21    0.45    0.73 ^ _102_/Q (sky130_fd_sc_hd__dfxtp_2)
     3    0.04                           pc_out[6] (net)
                  0.21    0.00    0.73 ^ pc_out[6] (out)
                                  0.73   data arrival time

                         10.00   10.00   clock clk (rise edge)
                          0.00   10.00   clock network delay (propagated)
                         -0.25    9.75   clock uncertainty
                          0.00    9.75   clock reconvergence pessimism
                         -2.00    7.75   output external delay
                                  7.75   data required time
-----------------------------------------------------------------------------
                                  7.75   data required time
                                 -0.73   data arrival time
-----------------------------------------------------------------------------
                                  7.02   slack (MET)


Startpoint: _105_ (rising edge-triggered flip-flop clocked by clk)
Endpoint: pc_out[9] (output port clocked by clk)
Path Group: clk
Path Type: max

Fanout     Cap    Slew   Delay    Time   Description
-----------------------------------------------------------------------------
                          0.00    0.00   clock clk (rise edge)
                          0.00    0.00   clock source latency
                  0.04    0.03    0.03 ^ clk (in)
     1    0.01                           clk (net)
                  0.04    0.00    0.03 ^ clkbuf_0_clk/A (sky130_fd_sc_hd__clkbuf_16)
                  0.04    0.13    0.16 ^ clkbuf_0_clk/X (sky130_fd_sc_hd__clkbuf_16)
     2    0.02                           clknet_0_clk (net)
                  0.04    0.00    0.16 ^ clkbuf_1_0__f_clk/A (sky130_fd_sc_hd__clkbuf_16)
                  0.04    0.13    0.28 ^ clkbuf_1_0__f_clk/X (sky130_fd_sc_hd__clkbuf_16)
     9    0.02                           clknet_1_0__leaf_clk (net)
                  0.04    0.00    0.28 ^ _105_/CLK (sky130_fd_sc_hd__dfxtp_2)
                  0.19    0.45    0.73 ^ _105_/Q (sky130_fd_sc_hd__dfxtp_2)
     3    0.04                           pc_out[9] (net)
                  0.19    0.00    0.73 ^ pc_out[9] (out)
                                  0.73   data arrival time

                         10.00   10.00   clock clk (rise edge)
                          0.00   10.00   clock network delay (propagated)
                         -0.25    9.75   clock uncertainty
                          0.00    9.75   clock reconvergence pessimism
                         -2.00    7.75   output external delay
                                  7.75   data required time
-----------------------------------------------------------------------------
                                  7.75   data required time
                                 -0.73   data arrival time
-----------------------------------------------------------------------------
                                  7.02   slack (MET)


Startpoint: _099_ (rising edge-triggered flip-flop clocked by clk)
Endpoint: pc_out[3] (output port clocked by clk)
Path Group: clk
Path Type: max

Fanout     Cap    Slew   Delay    Time   Description
-----------------------------------------------------------------------------
                          0.00    0.00   clock clk (rise edge)
                          0.00    0.00   clock source latency
                  0.04    0.03    0.03 ^ clk (in)
     1    0.01                           clk (net)
                  0.04    0.00    0.03 ^ clkbuf_0_clk/A (sky130_fd_sc_hd__clkbuf_16)
                  0.04    0.13    0.16 ^ clkbuf_0_clk/X (sky130_fd_sc_hd__clkbuf_16)
     2    0.02                           clknet_0_clk (net)
                  0.04    0.00    0.16 ^ clkbuf_1_1__f_clk/A (sky130_fd_sc_hd__clkbuf_16)
                  0.04    0.12    0.28 ^ clkbuf_1_1__f_clk/X (sky130_fd_sc_hd__clkbuf_16)
     7    0.01                           clknet_1_1__leaf_clk (net)
                  0.04    0.00    0.28 ^ _099_/CLK (sky130_fd_sc_hd__dfxtp_2)
                  0.19    0.45    0.72 ^ _099_/Q (sky130_fd_sc_hd__dfxtp_2)
     3    0.04                           pc_out[3] (net)
                  0.19    0.00    0.72 ^ pc_out[3] (out)
                                  0.72   data arrival time

                         10.00   10.00   clock clk (rise edge)
                          0.00   10.00   clock network delay (propagated)
                         -0.25    9.75   clock uncertainty
                          0.00    9.75   clock reconvergence pessimism
                         -2.00    7.75   output external delay
                                  7.75   data required time
-----------------------------------------------------------------------------
                                  7.75   data required time
                                 -0.72   data arrival time
-----------------------------------------------------------------------------
                                  7.03   slack (MET)


Startpoint: _096_ (rising edge-triggered flip-flop clocked by clk)
Endpoint: _107_ (rising edge-triggered flip-flop clocked by clk)
Path Group: clk
Path Type: max

Fanout     Cap    Slew   Delay    Time   Description
-----------------------------------------------------------------------------
                          0.00    0.00   clock clk (rise edge)
                          0.00    0.00   clock source latency
                  0.04    0.03    0.03 ^ clk (in)
     1    0.01                           clk (net)
                  0.04    0.00    0.03 ^ clkbuf_0_clk/A (sky130_fd_sc_hd__clkbuf_16)
                  0.04    0.13    0.16 ^ clkbuf_0_clk/X (sky130_fd_sc_hd__clkbuf_16)
     2    0.02                           clknet_0_clk (net)
                  0.04    0.00    0.16 ^ clkbuf_1_0__f_clk/A (sky130_fd_sc_hd__clkbuf_16)
                  0.04    0.13    0.28 ^ clkbuf_1_0__f_clk/X (sky130_fd_sc_hd__clkbuf_16)
     9    0.02                           clknet_1_0__leaf_clk (net)
                  0.04    0.00    0.28 ^ _096_/CLK (sky130_fd_sc_hd__dfxtp_2)
                  0.27    0.50    0.78 ^ _096_/Q (sky130_fd_sc_hd__dfxtp_2)
     7    0.05                           pc_out[0] (net)
                  0.27    0.00    0.78 ^ _055_/A (sky130_fd_sc_hd__and4_2)
                  0.05    0.26    1.05 ^ _055_/X (sky130_fd_sc_hd__and4_2)
     1    0.00                           _020_ (net)
                  0.05    0.00    1.05 ^ _056_/A (sky130_fd_sc_hd__buf_1)
                  0.31    0.28    1.33 ^ _056_/X (sky130_fd_sc_hd__buf_1)
     7    0.03                           _021_ (net)
                  0.31    0.00    1.33 ^ _065_/D (sky130_fd_sc_hd__and4_2)
                  0.05    0.27    1.60 ^ _065_/X (sky130_fd_sc_hd__and4_2)
     1    0.00                           _027_ (net)
                  0.05    0.00    1.60 ^ _066_/A (sky130_fd_sc_hd__buf_1)
                  0.25    0.23    1.83 ^ _066_/X (sky130_fd_sc_hd__buf_1)
     6    0.02                           _028_ (net)
                  0.25    0.00    1.83 ^ _073_/D (sky130_fd_sc_hd__and4_2)
                  0.13    0.35    2.18 ^ _073_/X (sky130_fd_sc_hd__and4_2)
     5    0.02                           _032_ (net)
                  0.13    0.00    2.18 ^ _079_/C (sky130_fd_sc_hd__and3_2)
                  0.04    0.19    2.37 ^ _079_/X (sky130_fd_sc_hd__and3_2)
     1    0.00                           _036_ (net)
                  0.04    0.00    2.37 ^ _080_/A (sky130_fd_sc_hd__buf_1)
                  0.40    0.34    2.71 ^ _080_/X (sky130_fd_sc_hd__buf_1)
     9    0.03                           _037_ (net)
                  0.40    0.00    2.71 ^ _081_/C (sky130_fd_sc_hd__nor3_2)
                  0.09    0.06    2.76 v _081_/Y (sky130_fd_sc_hd__nor3_2)
     1    0.00                           _011_ (net)
                  0.09    0.00    2.76 v _107_/D (sky130_fd_sc_hd__dfxtp_2)
                                  2.76   data arrival time

                         10.00   10.00   clock clk (rise edge)
                          0.00   10.00   clock source latency
                  0.04    0.03   10.03 ^ clk (in)
     1    0.01                           clk (net)
                  0.04    0.00   10.03 ^ clkbuf_0_clk/A (sky130_fd_sc_hd__clkbuf_16)
                  0.04    0.11   10.14 ^ clkbuf_0_clk/X (sky130_fd_sc_hd__clkbuf_16)
     2    0.02                           clknet_0_clk (net)
                  0.04    0.00   10.14 ^ clkbuf_1_0__f_clk/A (sky130_fd_sc_hd__clkbuf_16)
                  0.04    0.11   10.25 ^ clkbuf_1_0__f_clk/X (sky130_fd_sc_hd__clkbuf_16)
     9    0.02                           clknet_1_0__leaf_clk (net)
                  0.04    0.00   10.25 ^ _107_/CLK (sky130_fd_sc_hd__dfxtp_2)
                         -0.25   10.00   clock uncertainty
                          0.03   10.03   clock reconvergence pessimism
                         -0.13    9.90   library setup time
                                  9.90   data required time
-----------------------------------------------------------------------------
                                  9.90   data required time
                                 -2.76   data arrival time
-----------------------------------------------------------------------------
                                  7.13   slack (MET)


Startpoint: rst (input port clocked by clk)
Endpoint: _097_ (rising edge-triggered flip-flop clocked by clk)
Path Group: clk
Path Type: max

Fanout     Cap    Slew   Delay    Time   Description
-----------------------------------------------------------------------------
                          0.00    0.00   clock clk (rise edge)
                          0.00    0.00   clock network delay (propagated)
                          2.00    2.00 ^ input external delay
                  0.11    0.08    2.08 ^ rst (in)
     7    0.02                           rst (net)
                  0.11    0.00    2.08 ^ _048_/A (sky130_fd_sc_hd__buf_1)
                  0.55    0.47    2.55 ^ _048_/X (sky130_fd_sc_hd__buf_1)
    10    0.05                           _016_ (net)
                  0.55    0.00    2.55 ^ _050_/B1 (sky130_fd_sc_hd__a21oi_2)
                  0.10    0.04    2.59 v _050_/Y (sky130_fd_sc_hd__a21oi_2)
     1    0.00                           _017_ (net)
                  0.10    0.00    2.59 v _051_/B1 (sky130_fd_sc_hd__o21a_2)
                  0.03    0.14    2.72 v _051_/X (sky130_fd_sc_hd__o21a_2)
     1    0.00                           _001_ (net)
                  0.03    0.00    2.72 v _097_/D (sky130_fd_sc_hd__dfxtp_2)
                                  2.72   data arrival time

                         10.00   10.00   clock clk (rise edge)
                          0.00   10.00   clock source latency
                  0.04    0.03   10.03 ^ clk (in)
     1    0.01                           clk (net)
                  0.04    0.00   10.03 ^ clkbuf_0_clk/A (sky130_fd_sc_hd__clkbuf_16)
                  0.04    0.11   10.14 ^ clkbuf_0_clk/X (sky130_fd_sc_hd__clkbuf_16)
     2    0.02                           clknet_0_clk (net)
                  0.04    0.00   10.14 ^ clkbuf_1_1__f_clk/A (sky130_fd_sc_hd__clkbuf_16)
                  0.04    0.11   10.25 ^ clkbuf_1_1__f_clk/X (sky130_fd_sc_hd__clkbuf_16)
     7    0.01                           clknet_1_1__leaf_clk (net)
                  0.04    0.00   10.25 ^ _097_/CLK (sky130_fd_sc_hd__dfxtp_2)
                         -0.25   10.00   clock uncertainty
                          0.00   10.00   clock reconvergence pessimism
                         -0.11    9.89   library setup time
                                  9.89   data required time
-----------------------------------------------------------------------------
                                  9.89   data required time
                                 -2.72   data arrival time
-----------------------------------------------------------------------------
                                  7.17   slack (MET)


Startpoint: rst (input port clocked by clk)
Endpoint: _106_ (rising edge-triggered flip-flop clocked by clk)
Path Group: clk
Path Type: max

Fanout     Cap    Slew   Delay    Time   Description
-----------------------------------------------------------------------------
                          0.00    0.00   clock clk (rise edge)
                          0.00    0.00   clock network delay (propagated)
                          2.00    2.00 ^ input external delay
                  0.11    0.08    2.08 ^ rst (in)
     7    0.02                           rst (net)
                  0.11    0.00    2.08 ^ _048_/A (sky130_fd_sc_hd__buf_1)
                  0.55    0.47    2.55 ^ _048_/X (sky130_fd_sc_hd__buf_1)
    10    0.05                           _016_ (net)
                  0.55    0.00    2.55 ^ _076_/B1 (sky130_fd_sc_hd__a21oi_2)
                  0.10    0.04    2.59 v _076_/Y (sky130_fd_sc_hd__a21oi_2)
     1    0.00                           _034_ (net)
                  0.10    0.00    2.59 v _077_/B1 (sky130_fd_sc_hd__o21a_2)
                  0.03    0.14    2.72 v _077_/X (sky130_fd_sc_hd__o21a_2)
     1    0.00                           _010_ (net)
                  0.03    0.00    2.72 v _106_/D (sky130_fd_sc_hd__dfxtp_2)
                                  2.72   data arrival time

                         10.00   10.00   clock clk (rise edge)
                          0.00   10.00   clock source latency
                  0.04    0.03   10.03 ^ clk (in)
     1    0.01                           clk (net)
                  0.04    0.00   10.03 ^ clkbuf_0_clk/A (sky130_fd_sc_hd__clkbuf_16)
                  0.04    0.11   10.14 ^ clkbuf_0_clk/X (sky130_fd_sc_hd__clkbuf_16)
     2    0.02                           clknet_0_clk (net)
                  0.04    0.00   10.14 ^ clkbuf_1_1__f_clk/A (sky130_fd_sc_hd__clkbuf_16)
                  0.04    0.11   10.25 ^ clkbuf_1_1__f_clk/X (sky130_fd_sc_hd__clkbuf_16)
     7    0.01                           clknet_1_1__leaf_clk (net)
                  0.04    0.00   10.25 ^ _106_/CLK (sky130_fd_sc_hd__dfxtp_2)
                         -0.25   10.00   clock uncertainty
                          0.00   10.00   clock reconvergence pessimism
                         -0.11    9.89   library setup time
                                  9.89   data required time
-----------------------------------------------------------------------------
                                  9.89   data required time
                                 -2.72   data arrival time
-----------------------------------------------------------------------------
                                  7.17   slack (MET)


Startpoint: rst (input port clocked by clk)
Endpoint: _100_ (rising edge-triggered flip-flop clocked by clk)
Path Group: clk
Path Type: max

Fanout     Cap    Slew   Delay    Time   Description
-----------------------------------------------------------------------------
                          0.00    0.00   clock clk (rise edge)
                          0.00    0.00   clock network delay (propagated)
                          2.00    2.00 ^ input external delay
                  0.11    0.08    2.08 ^ rst (in)
     7    0.02                           rst (net)
                  0.11    0.00    2.08 ^ _048_/A (sky130_fd_sc_hd__buf_1)
                  0.55    0.47    2.55 ^ _048_/X (sky130_fd_sc_hd__buf_1)
    10    0.05                           _016_ (net)
                  0.55    0.00    2.55 ^ _059_/B1 (sky130_fd_sc_hd__a21oi_2)
                  0.10    0.04    2.59 v _059_/Y (sky130_fd_sc_hd__a21oi_2)
     1    0.00                           _023_ (net)
                  0.10    0.00    2.59 v _060_/B1 (sky130_fd_sc_hd__o21a_2)
                  0.03    0.14    2.72 v _060_/X (sky130_fd_sc_hd__o21a_2)
     1    0.00                           _004_ (net)
                  0.03    0.00    2.72 v _100_/D (sky130_fd_sc_hd__dfxtp_2)
                                  2.72   data arrival time

                         10.00   10.00   clock clk (rise edge)
                          0.00   10.00   clock source latency
                  0.04    0.03   10.03 ^ clk (in)
     1    0.01                           clk (net)
                  0.04    0.00   10.03 ^ clkbuf_0_clk/A (sky130_fd_sc_hd__clkbuf_16)
                  0.04    0.11   10.14 ^ clkbuf_0_clk/X (sky130_fd_sc_hd__clkbuf_16)
     2    0.02                           clknet_0_clk (net)
                  0.04    0.00   10.14 ^ clkbuf_1_0__f_clk/A (sky130_fd_sc_hd__clkbuf_16)
                  0.04    0.11   10.25 ^ clkbuf_1_0__f_clk/X (sky130_fd_sc_hd__clkbuf_16)
     9    0.02                           clknet_1_0__leaf_clk (net)
                  0.04    0.00   10.25 ^ _100_/CLK (sky130_fd_sc_hd__dfxtp_2)
                         -0.25   10.00   clock uncertainty
                          0.00   10.00   clock reconvergence pessimism
                         -0.11    9.90   library setup time
                                  9.90   data required time
-----------------------------------------------------------------------------
                                  9.90   data required time
                                 -2.72   data arrival time
-----------------------------------------------------------------------------
                                  7.18   slack (MET)


Startpoint: rst (input port clocked by clk)
Endpoint: _103_ (rising edge-triggered flip-flop clocked by clk)
Path Group: clk
Path Type: max

Fanout     Cap    Slew   Delay    Time   Description
-----------------------------------------------------------------------------
                          0.00    0.00   clock clk (rise edge)
                          0.00    0.00   clock network delay (propagated)
                          2.00    2.00 ^ input external delay
                  0.11    0.08    2.08 ^ rst (in)
     7    0.02                           rst (net)
                  0.11    0.00    2.08 ^ _048_/A (sky130_fd_sc_hd__buf_1)
                  0.55    0.47    2.55 ^ _048_/X (sky130_fd_sc_hd__buf_1)
    10    0.05                           _016_ (net)
                  0.55    0.00    2.55 ^ _068_/B1 (sky130_fd_sc_hd__a21oi_2)
                  0.10    0.04    2.59 v _068_/Y (sky130_fd_sc_hd__a21oi_2)
     1    0.00                           _029_ (net)
                  0.10    0.00    2.59 v _069_/B1 (sky130_fd_sc_hd__o21a_2)
                  0.03    0.14    2.72 v _069_/X (sky130_fd_sc_hd__o21a_2)
     1    0.00                           _007_ (net)
                  0.03    0.00    2.72 v _103_/D (sky130_fd_sc_hd__dfxtp_2)
                                  2.72   data arrival time

                         10.00   10.00   clock clk (rise edge)
                          0.00   10.00   clock source latency
                  0.04    0.03   10.03 ^ clk (in)
     1    0.01                           clk (net)
                  0.04    0.00   10.03 ^ clkbuf_0_clk/A (sky130_fd_sc_hd__clkbuf_16)
                  0.04    0.11   10.14 ^ clkbuf_0_clk/X (sky130_fd_sc_hd__clkbuf_16)
     2    0.02                           clknet_0_clk (net)
                  0.04    0.00   10.14 ^ clkbuf_1_0__f_clk/A (sky130_fd_sc_hd__clkbuf_16)
                  0.04    0.11   10.25 ^ clkbuf_1_0__f_clk/X (sky130_fd_sc_hd__clkbuf_16)
     9    0.02                           clknet_1_0__leaf_clk (net)
                  0.04    0.00   10.25 ^ _103_/CLK (sky130_fd_sc_hd__dfxtp_2)
                         -0.25   10.00   clock uncertainty
                          0.00   10.00   clock reconvergence pessimism
                         -0.11    9.90   library setup time
                                  9.90   data required time
-----------------------------------------------------------------------------
                                  9.90   data required time
                                 -2.72   data arrival time
-----------------------------------------------------------------------------
                                  7.18   slack (MET)


Startpoint: rst (input port clocked by clk)
Endpoint: _102_ (rising edge-triggered flip-flop clocked by clk)
Path Group: clk
Path Type: max

Fanout     Cap    Slew   Delay    Time   Description
-----------------------------------------------------------------------------
                          0.00    0.00   clock clk (rise edge)
                          0.00    0.00   clock network delay (propagated)
                          2.00    2.00 ^ input external delay
                  0.11    0.08    2.08 ^ rst (in)
     7    0.02                           rst (net)
                  0.11    0.00    2.08 ^ _048_/A (sky130_fd_sc_hd__buf_1)
                  0.55    0.47    2.55 ^ _048_/X (sky130_fd_sc_hd__buf_1)
    10    0.05                           _016_ (net)
                  0.55    0.00    2.55 ^ _067_/A (sky130_fd_sc_hd__nor3_2)
                  0.09    0.10    2.64 v _067_/Y (sky130_fd_sc_hd__nor3_2)
     1    0.00                           _006_ (net)
                  0.09    0.00    2.64 v _102_/D (sky130_fd_sc_hd__dfxtp_2)
                                  2.64   data arrival time

                         10.00   10.00   clock clk (rise edge)
                          0.00   10.00   clock source latency
                  0.04    0.03   10.03 ^ clk (in)
     1    0.01                           clk (net)
                  0.04    0.00   10.03 ^ clkbuf_0_clk/A (sky130_fd_sc_hd__clkbuf_16)
                  0.04    0.11   10.14 ^ clkbuf_0_clk/X (sky130_fd_sc_hd__clkbuf_16)
     2    0.02                           clknet_0_clk (net)
                  0.04    0.00   10.14 ^ clkbuf_1_1__f_clk/A (sky130_fd_sc_hd__clkbuf_16)
                  0.04    0.11   10.25 ^ clkbuf_1_1__f_clk/X (sky130_fd_sc_hd__clkbuf_16)
     7    0.01                           clknet_1_1__leaf_clk (net)
                  0.04    0.00   10.25 ^ _102_/CLK (sky130_fd_sc_hd__dfxtp_2)
                         -0.25   10.00   clock uncertainty
                          0.00   10.00   clock reconvergence pessimism
                         -0.13    9.87   library setup time
                                  9.87   data required time
-----------------------------------------------------------------------------
                                  9.87   data required time
                                 -2.64   data arrival time
-----------------------------------------------------------------------------
                                  7.23   slack (MET)


Startpoint: rst (input port clocked by clk)
Endpoint: _098_ (rising edge-triggered flip-flop clocked by clk)
Path Group: clk
Path Type: max

Fanout     Cap    Slew   Delay    Time   Description
-----------------------------------------------------------------------------
                          0.00    0.00   clock clk (rise edge)
                          0.00    0.00   clock network delay (propagated)
                          2.00    2.00 ^ input external delay
                  0.11    0.08    2.08 ^ rst (in)
     7    0.02                           rst (net)
                  0.11    0.00    2.08 ^ _048_/A (sky130_fd_sc_hd__buf_1)
                  0.55    0.47    2.55 ^ _048_/X (sky130_fd_sc_hd__buf_1)
    10    0.05                           _016_ (net)
                  0.55    0.00    2.55 ^ _054_/A (sky130_fd_sc_hd__nor3_2)
                  0.09    0.10    2.64 v _054_/Y (sky130_fd_sc_hd__nor3_2)
     1    0.00                           _002_ (net)
                  0.09    0.00    2.64 v _098_/D (sky130_fd_sc_hd__dfxtp_2)
                                  2.64   data arrival time

                         10.00   10.00   clock clk (rise edge)
                          0.00   10.00   clock source latency
                  0.04    0.03   10.03 ^ clk (in)
     1    0.01                           clk (net)
                  0.04    0.00   10.03 ^ clkbuf_0_clk/A (sky130_fd_sc_hd__clkbuf_16)
                  0.04    0.11   10.14 ^ clkbuf_0_clk/X (sky130_fd_sc_hd__clkbuf_16)
     2    0.02                           clknet_0_clk (net)
                  0.04    0.00   10.14 ^ clkbuf_1_0__f_clk/A (sky130_fd_sc_hd__clkbuf_16)
                  0.04    0.11   10.25 ^ clkbuf_1_0__f_clk/X (sky130_fd_sc_hd__clkbuf_16)
     9    0.02                           clknet_1_0__leaf_clk (net)
                  0.04    0.00   10.25 ^ _098_/CLK (sky130_fd_sc_hd__dfxtp_2)
                         -0.25   10.00   clock uncertainty
                          0.00   10.00   clock reconvergence pessimism
                         -0.13    9.87   library setup time
                                  9.87   data required time
-----------------------------------------------------------------------------
                                  9.87   data required time
                                 -2.64   data arrival time
-----------------------------------------------------------------------------
                                  7.23   slack (MET)


Startpoint: rst (input port clocked by clk)
Endpoint: _104_ (rising edge-triggered flip-flop clocked by clk)
Path Group: clk
Path Type: max

Fanout     Cap    Slew   Delay    Time   Description
-----------------------------------------------------------------------------
                          0.00    0.00   clock clk (rise edge)
                          0.00    0.00   clock network delay (propagated)
                          2.00    2.00 ^ input external delay
                  0.11    0.08    2.08 ^ rst (in)
     7    0.02                           rst (net)
                  0.11    0.00    2.08 ^ _048_/A (sky130_fd_sc_hd__buf_1)
                  0.55    0.47    2.55 ^ _048_/X (sky130_fd_sc_hd__buf_1)
    10    0.05                           _016_ (net)
                  0.55    0.00    2.55 ^ _072_/A (sky130_fd_sc_hd__nor3_2)
                  0.09    0.10    2.64 v _072_/Y (sky130_fd_sc_hd__nor3_2)
     1    0.00                           _008_ (net)
                  0.09    0.00    2.64 v _104_/D (sky130_fd_sc_hd__dfxtp_2)
                                  2.64   data arrival time

                         10.00   10.00   clock clk (rise edge)
                          0.00   10.00   clock source latency
                  0.04    0.03   10.03 ^ clk (in)
     1    0.01                           clk (net)
                  0.04    0.00   10.03 ^ clkbuf_0_clk/A (sky130_fd_sc_hd__clkbuf_16)
                  0.04    0.11   10.14 ^ clkbuf_0_clk/X (sky130_fd_sc_hd__clkbuf_16)
     2    0.02                           clknet_0_clk (net)
                  0.04    0.00   10.14 ^ clkbuf_1_0__f_clk/A (sky130_fd_sc_hd__clkbuf_16)
                  0.04    0.11   10.25 ^ clkbuf_1_0__f_clk/X (sky130_fd_sc_hd__clkbuf_16)
     9    0.02                           clknet_1_0__leaf_clk (net)
                  0.04    0.00   10.25 ^ _104_/CLK (sky130_fd_sc_hd__dfxtp_2)
                         -0.25   10.00   clock uncertainty
                          0.00   10.00   clock reconvergence pessimism
                         -0.13    9.87   library setup time
                                  9.87   data required time
-----------------------------------------------------------------------------
                                  9.87   data required time
                                 -2.64   data arrival time
-----------------------------------------------------------------------------
                                  7.23   slack (MET)


Startpoint: rst (input port clocked by clk)
Endpoint: _096_ (rising edge-triggered flip-flop clocked by clk)
Path Group: clk
Path Type: max

Fanout     Cap    Slew   Delay    Time   Description
-----------------------------------------------------------------------------
                          0.00    0.00   clock clk (rise edge)
                          0.00    0.00   clock network delay (propagated)
                          2.00    2.00 ^ input external delay
                  0.11    0.08    2.08 ^ rst (in)
     7    0.02                           rst (net)
                  0.11    0.00    2.08 ^ _048_/A (sky130_fd_sc_hd__buf_1)
                  0.55    0.47    2.55 ^ _048_/X (sky130_fd_sc_hd__buf_1)
    10    0.05                           _016_ (net)
                  0.55    0.00    2.55 ^ _049_/B (sky130_fd_sc_hd__nor2_2)
                  0.07    0.04    2.58 v _049_/Y (sky130_fd_sc_hd__nor2_2)
     1    0.00                           _000_ (net)
                  0.07    0.00    2.58 v _096_/D (sky130_fd_sc_hd__dfxtp_2)
                                  2.58   data arrival time

                         10.00   10.00   clock clk (rise edge)
                          0.00   10.00   clock source latency
                  0.04    0.03   10.03 ^ clk (in)
     1    0.01                           clk (net)
                  0.04    0.00   10.03 ^ clkbuf_0_clk/A (sky130_fd_sc_hd__clkbuf_16)
                  0.04    0.11   10.14 ^ clkbuf_0_clk/X (sky130_fd_sc_hd__clkbuf_16)
     2    0.02                           clknet_0_clk (net)
                  0.04    0.00   10.14 ^ clkbuf_1_0__f_clk/A (sky130_fd_sc_hd__clkbuf_16)
                  0.04    0.11   10.25 ^ clkbuf_1_0__f_clk/X (sky130_fd_sc_hd__clkbuf_16)
     9    0.02                           clknet_1_0__leaf_clk (net)
                  0.04    0.00   10.25 ^ _096_/CLK (sky130_fd_sc_hd__dfxtp_2)
                         -0.25   10.00   clock uncertainty
                          0.00   10.00   clock reconvergence pessimism
                         -0.13    9.88   library setup time
                                  9.88   data required time
-----------------------------------------------------------------------------
                                  9.88   data required time
                                 -2.58   data arrival time
-----------------------------------------------------------------------------
                                  7.30   slack (MET)


Startpoint: _096_ (rising edge-triggered flip-flop clocked by clk)
Endpoint: _105_ (rising edge-triggered flip-flop clocked by clk)
Path Group: clk
Path Type: max

Fanout     Cap    Slew   Delay    Time   Description
-----------------------------------------------------------------------------
                          0.00    0.00   clock clk (rise edge)
                          0.00    0.00   clock source latency
                  0.04    0.03    0.03 ^ clk (in)
     1    0.01                           clk (net)
                  0.04    0.00    0.03 ^ clkbuf_0_clk/A (sky130_fd_sc_hd__clkbuf_16)
                  0.04    0.13    0.16 ^ clkbuf_0_clk/X (sky130_fd_sc_hd__clkbuf_16)
     2    0.02                           clknet_0_clk (net)
                  0.04    0.00    0.16 ^ clkbuf_1_0__f_clk/A (sky130_fd_sc_hd__clkbuf_16)
                  0.04    0.13    0.28 ^ clkbuf_1_0__f_clk/X (sky130_fd_sc_hd__clkbuf_16)
     9    0.02                           clknet_1_0__leaf_clk (net)
                  0.04    0.00    0.28 ^ _096_/CLK (sky130_fd_sc_hd__dfxtp_2)
                  0.27    0.50    0.78 ^ _096_/Q (sky130_fd_sc_hd__dfxtp_2)
     7    0.05                           pc_out[0] (net)
                  0.27    0.00    0.78 ^ _055_/A (sky130_fd_sc_hd__and4_2)
                  0.05    0.26    1.05 ^ _055_/X (sky130_fd_sc_hd__and4_2)
     1    0.00                           _020_ (net)
                  0.05    0.00    1.05 ^ _056_/A (sky130_fd_sc_hd__buf_1)
                  0.31    0.28    1.33 ^ _056_/X (sky130_fd_sc_hd__buf_1)
     7    0.03                           _021_ (net)
                  0.31    0.00    1.33 ^ _065_/D (sky130_fd_sc_hd__and4_2)
                  0.05    0.27    1.60 ^ _065_/X (sky130_fd_sc_hd__and4_2)
     1    0.00                           _027_ (net)
                  0.05    0.00    1.60 ^ _066_/A (sky130_fd_sc_hd__buf_1)
                  0.25    0.23    1.83 ^ _066_/X (sky130_fd_sc_hd__buf_1)
     6    0.02                           _028_ (net)
                  0.25    0.00    1.83 ^ _073_/D (sky130_fd_sc_hd__and4_2)
                  0.13    0.35    2.18 ^ _073_/X (sky130_fd_sc_hd__and4_2)
     5    0.02                           _032_ (net)
                  0.13    0.00    2.18 ^ _074_/B (sky130_fd_sc_hd__nor2_2)
                  0.03    0.04    2.22 v _074_/Y (sky130_fd_sc_hd__nor2_2)
     1    0.00                           _033_ (net)
                  0.03    0.00    2.22 v _075_/B1 (sky130_fd_sc_hd__o21a_2)
                  0.03    0.10    2.32 v _075_/X (sky130_fd_sc_hd__o21a_2)
     1    0.00                           _009_ (net)
                  0.03    0.00    2.32 v _105_/D (sky130_fd_sc_hd__dfxtp_2)
                                  2.32   data arrival time

                         10.00   10.00   clock clk (rise edge)
                          0.00   10.00   clock source latency
                  0.04    0.03   10.03 ^ clk (in)
     1    0.01                           clk (net)
                  0.04    0.00   10.03 ^ clkbuf_0_clk/A (sky130_fd_sc_hd__clkbuf_16)
                  0.04    0.11   10.14 ^ clkbuf_0_clk/X (sky130_fd_sc_hd__clkbuf_16)
     2    0.02                           clknet_0_clk (net)
                  0.04    0.00   10.14 ^ clkbuf_1_0__f_clk/A (sky130_fd_sc_hd__clkbuf_16)
                  0.04    0.11   10.25 ^ clkbuf_1_0__f_clk/X (sky130_fd_sc_hd__clkbuf_16)
     9    0.02                           clknet_1_0__leaf_clk (net)
                  0.04    0.00   10.25 ^ _105_/CLK (sky130_fd_sc_hd__dfxtp_2)
                         -0.25   10.00   clock uncertainty
                          0.03   10.03   clock reconvergence pessimism
                         -0.11    9.92   library setup time
                                  9.92   data required time
-----------------------------------------------------------------------------
                                  9.92   data required time
                                 -2.32   data arrival time
-----------------------------------------------------------------------------
                                  7.60   slack (MET)


Startpoint: rst (input port clocked by clk)
Endpoint: _101_ (rising edge-triggered flip-flop clocked by clk)
Path Group: clk
Path Type: max

Fanout     Cap    Slew   Delay    Time   Description
-----------------------------------------------------------------------------
                          0.00    0.00   clock clk (rise edge)
                          0.00    0.00   clock network delay (propagated)
                          2.00    2.00 v input external delay
                  0.05    0.03    2.03 v rst (in)
     7    0.02                           rst (net)
                  0.05    0.00    2.03 v _062_/B1 (sky130_fd_sc_hd__a31o_2)
                  0.04    0.22    2.26 v _062_/X (sky130_fd_sc_hd__a31o_2)
     1    0.00                           _025_ (net)
                  0.04    0.00    2.26 v _063_/B (sky130_fd_sc_hd__nor2_2)
                  0.05    0.06    2.32 ^ _063_/Y (sky130_fd_sc_hd__nor2_2)
     1    0.00                           _005_ (net)
                  0.05    0.00    2.32 ^ _101_/D (sky130_fd_sc_hd__dfxtp_2)
                                  2.32   data arrival time

                         10.00   10.00   clock clk (rise edge)
                          0.00   10.00   clock source latency
                  0.04    0.03   10.03 ^ clk (in)
     1    0.01                           clk (net)
                  0.04    0.00   10.03 ^ clkbuf_0_clk/A (sky130_fd_sc_hd__clkbuf_16)
                  0.04    0.11   10.14 ^ clkbuf_0_clk/X (sky130_fd_sc_hd__clkbuf_16)
     2    0.02                           clknet_0_clk (net)
                  0.04    0.00   10.14 ^ clkbuf_1_1__f_clk/A (sky130_fd_sc_hd__clkbuf_16)
                  0.04    0.11   10.25 ^ clkbuf_1_1__f_clk/X (sky130_fd_sc_hd__clkbuf_16)
     7    0.01                           clknet_1_1__leaf_clk (net)
                  0.04    0.00   10.25 ^ _101_/CLK (sky130_fd_sc_hd__dfxtp_2)
                         -0.25   10.00   clock uncertainty
                          0.00   10.00   clock reconvergence pessimism
                         -0.06    9.94   library setup time
                                  9.94   data required time
-----------------------------------------------------------------------------
                                  9.94   data required time
                                 -2.32   data arrival time
-----------------------------------------------------------------------------
                                  7.62   slack (MET)


Startpoint: rst (input port clocked by clk)
Endpoint: _099_ (rising edge-triggered flip-flop clocked by clk)
Path Group: clk
Path Type: max

Fanout     Cap    Slew   Delay    Time   Description
-----------------------------------------------------------------------------
                          0.00    0.00   clock clk (rise edge)
                          0.00    0.00   clock network delay (propagated)
                          2.00    2.00 ^ input external delay
                  0.11    0.08    2.08 ^ rst (in)
     7    0.02                           rst (net)
                  0.11    0.00    2.08 ^ _057_/A (sky130_fd_sc_hd__nor2_2)
                  0.05    0.05    2.13 v _057_/Y (sky130_fd_sc_hd__nor2_2)
     1    0.00                           _022_ (net)
                  0.05    0.00    2.13 v _058_/B1 (sky130_fd_sc_hd__o21a_2)
                  0.03    0.11    2.24 v _058_/X (sky130_fd_sc_hd__o21a_2)
     1    0.00                           _003_ (net)
                  0.03    0.00    2.24 v _099_/D (sky130_fd_sc_hd__dfxtp_2)
                                  2.24   data arrival time

                         10.00   10.00   clock clk (rise edge)
                          0.00   10.00   clock source latency
                  0.04    0.03   10.03 ^ clk (in)
     1    0.01                           clk (net)
                  0.04    0.00   10.03 ^ clkbuf_0_clk/A (sky130_fd_sc_hd__clkbuf_16)
                  0.04    0.11   10.14 ^ clkbuf_0_clk/X (sky130_fd_sc_hd__clkbuf_16)
     2    0.02                           clknet_0_clk (net)
                  0.04    0.00   10.14 ^ clkbuf_1_1__f_clk/A (sky130_fd_sc_hd__clkbuf_16)
                  0.04    0.11   10.25 ^ clkbuf_1_1__f_clk/X (sky130_fd_sc_hd__clkbuf_16)
     7    0.01                           clknet_1_1__leaf_clk (net)
                  0.04    0.00   10.25 ^ _099_/CLK (sky130_fd_sc_hd__dfxtp_2)
                         -0.25   10.00   clock uncertainty
                          0.00   10.00   clock reconvergence pessimism
                         -0.11    9.89   library setup time
                                  9.89   data required time
-----------------------------------------------------------------------------
                                  9.89   data required time
                                 -2.24   data arrival time
-----------------------------------------------------------------------------
                                  7.65   slack (MET)



