
===========================================================================
report_checks -path_delay min (Hold)
============================================================================
======================= Typical Corner ===================================

Startpoint: _116_ (rising edge-triggered flip-flop clocked by clk)
Endpoint: _116_ (rising edge-triggered flip-flop clocked by clk)
Path Group: clk
Path Type: min

Fanout     Cap    Slew   Delay    Time   Description
-----------------------------------------------------------------------------
                  0.15    0.00    0.00   clock clk (rise edge)
                          0.00    0.00   clock network delay (ideal)
                  0.15    0.00    0.00 ^ _116_/CLK (sky130_fd_sc_hd__dfrtp_2)
                  0.23    0.56    0.56 v _116_/Q (sky130_fd_sc_hd__dfrtp_2)
     5    0.09                           u_sevenseg.refresh_count[0] (net)
                  0.23    0.02    0.58 v _065_/A (sky130_fd_sc_hd__inv_2)
                  0.13    0.17    0.75 ^ _065_/Y (sky130_fd_sc_hd__inv_2)
     1    0.02                           _000_ (net)
                  0.13    0.00    0.75 ^ _116_/D (sky130_fd_sc_hd__dfrtp_2)
                                  0.75   data arrival time

                  0.15    0.00    0.00   clock clk (rise edge)
                          0.00    0.00   clock network delay (ideal)
                          0.25    0.25   clock uncertainty
                          0.00    0.25   clock reconvergence pessimism
                                  0.25 ^ _116_/CLK (sky130_fd_sc_hd__dfrtp_2)
                         -0.04    0.21   library hold time
                                  0.21   data required time
-----------------------------------------------------------------------------
                                  0.21   data required time
                                 -0.75   data arrival time
-----------------------------------------------------------------------------
                                  0.54   slack (MET)


Startpoint: _122_ (rising edge-triggered flip-flop clocked by clk)
Endpoint: _122_ (rising edge-triggered flip-flop clocked by clk)
Path Group: clk
Path Type: min

Fanout     Cap    Slew   Delay    Time   Description
-----------------------------------------------------------------------------
                  0.15    0.00    0.00   clock clk (rise edge)
                          0.00    0.00   clock network delay (ideal)
                  0.15    0.00    0.00 ^ _122_/CLK (sky130_fd_sc_hd__dfrtp_2)
                  0.43    0.63    0.63 ^ _122_/Q (sky130_fd_sc_hd__dfrtp_2)
     4    0.09                           u_sevenseg.refresh_count[6] (net)
                  0.43    0.01    0.63 ^ _079_/A (sky130_fd_sc_hd__xor2_2)
                  0.06    0.16    0.80 v _079_/X (sky130_fd_sc_hd__xor2_2)
     1    0.01                           _009_ (net)
                  0.06    0.00    0.80 v _122_/D (sky130_fd_sc_hd__dfrtp_2)
                                  0.80   data arrival time

                  0.15    0.00    0.00   clock clk (rise edge)
                          0.00    0.00   clock network delay (ideal)
                          0.25    0.25   clock uncertainty
                          0.00    0.25   clock reconvergence pessimism
                                  0.25 ^ _122_/CLK (sky130_fd_sc_hd__dfrtp_2)
                         -0.02    0.23   library hold time
                                  0.23   data required time
-----------------------------------------------------------------------------
                                  0.23   data required time
                                 -0.80   data arrival time
-----------------------------------------------------------------------------
                                  0.57   slack (MET)


Startpoint: _120_ (rising edge-triggered flip-flop clocked by clk)
Endpoint: _120_ (rising edge-triggered flip-flop clocked by clk)
Path Group: clk
Path Type: min

Fanout     Cap    Slew   Delay    Time   Description
-----------------------------------------------------------------------------
                  0.15    0.00    0.00   clock clk (rise edge)
                          0.00    0.00   clock network delay (ideal)
                  0.15    0.00    0.00 ^ _120_/CLK (sky130_fd_sc_hd__dfrtp_2)
                  0.48    0.66    0.66 ^ _120_/Q (sky130_fd_sc_hd__dfrtp_2)
     5    0.10                           u_sevenseg.refresh_count[4] (net)
                  0.48    0.00    0.66 ^ _075_/A (sky130_fd_sc_hd__xor2_2)
                  0.05    0.15    0.82 v _075_/X (sky130_fd_sc_hd__xor2_2)
     1    0.01                           _007_ (net)
                  0.05    0.00    0.82 v _120_/D (sky130_fd_sc_hd__dfrtp_2)
                                  0.82   data arrival time

                  0.15    0.00    0.00   clock clk (rise edge)
                          0.00    0.00   clock network delay (ideal)
                          0.25    0.25   clock uncertainty
                          0.00    0.25   clock reconvergence pessimism
                                  0.25 ^ _120_/CLK (sky130_fd_sc_hd__dfrtp_2)
                         -0.02    0.23   library hold time
                                  0.23   data required time
-----------------------------------------------------------------------------
                                  0.23   data required time
                                 -0.82   data arrival time
-----------------------------------------------------------------------------
                                  0.59   slack (MET)


Startpoint: _116_ (rising edge-triggered flip-flop clocked by clk)
Endpoint: _117_ (rising edge-triggered flip-flop clocked by clk)
Path Group: clk
Path Type: min

Fanout     Cap    Slew   Delay    Time   Description
-----------------------------------------------------------------------------
                  0.15    0.00    0.00   clock clk (rise edge)
                          0.00    0.00   clock network delay (ideal)
                  0.15    0.00    0.00 ^ _116_/CLK (sky130_fd_sc_hd__dfrtp_2)
                  0.23    0.56    0.56 v _116_/Q (sky130_fd_sc_hd__dfrtp_2)
     5    0.09                           u_sevenseg.refresh_count[0] (net)
                  0.23    0.01    0.57 v _066_/B (sky130_fd_sc_hd__xor2_2)
                  0.12    0.28    0.85 v _066_/X (sky130_fd_sc_hd__xor2_2)
     1    0.04                           _004_ (net)
                  0.12    0.01    0.86 v _117_/D (sky130_fd_sc_hd__dfrtp_2)
                                  0.86   data arrival time

                  0.15    0.00    0.00   clock clk (rise edge)
                          0.00    0.00   clock network delay (ideal)
                          0.25    0.25   clock uncertainty
                          0.00    0.25   clock reconvergence pessimism
                                  0.25 ^ _117_/CLK (sky130_fd_sc_hd__dfrtp_2)
                         -0.05    0.20   library hold time
                                  0.20   data required time
-----------------------------------------------------------------------------
                                  0.20   data required time
                                 -0.86   data arrival time
-----------------------------------------------------------------------------
                                  0.66   slack (MET)


Startpoint: _115_ (rising edge-triggered flip-flop clocked by clk)
Endpoint: _115_ (rising edge-triggered flip-flop clocked by clk)
Path Group: clk
Path Type: min

Fanout     Cap    Slew   Delay    Time   Description
-----------------------------------------------------------------------------
                  0.15    0.00    0.00   clock clk (rise edge)
                          0.00    0.00   clock network delay (ideal)
                  0.15    0.00    0.00 ^ _115_/CLK (sky130_fd_sc_hd__dfrtp_2)
                  0.26    0.60    0.60 v _115_/Q (sky130_fd_sc_hd__dfrtp_2)
     3    0.10                           an[0] (net)
                  0.26    0.01    0.61 v _064_/A (sky130_fd_sc_hd__xnor2_2)
                  0.13    0.28    0.89 v _064_/Y (sky130_fd_sc_hd__xnor2_2)
     1    0.03                           _027_ (net)
                  0.13    0.00    0.89 v _115_/D (sky130_fd_sc_hd__dfrtp_2)
                                  0.89   data arrival time

                  0.15    0.00    0.00   clock clk (rise edge)
                          0.00    0.00   clock network delay (ideal)
                          0.25    0.25   clock uncertainty
                          0.00    0.25   clock reconvergence pessimism
                                  0.25 ^ _115_/CLK (sky130_fd_sc_hd__dfrtp_2)
                         -0.05    0.20   library hold time
                                  0.20   data required time
-----------------------------------------------------------------------------
                                  0.20   data required time
                                 -0.89   data arrival time
-----------------------------------------------------------------------------
                                  0.70   slack (MET)


Startpoint: _124_ (rising edge-triggered flip-flop clocked by clk)
Endpoint: _124_ (rising edge-triggered flip-flop clocked by clk)
Path Group: clk
Path Type: min

Fanout     Cap    Slew   Delay    Time   Description
-----------------------------------------------------------------------------
                  0.15    0.00    0.00   clock clk (rise edge)
                          0.00    0.00   clock network delay (ideal)
                  0.15    0.00    0.00 ^ _124_/CLK (sky130_fd_sc_hd__dfrtp_2)
                  0.17    0.53    0.53 v _124_/Q (sky130_fd_sc_hd__dfrtp_2)
     3    0.06                           u_sevenseg.refresh_count[8] (net)
                  0.17    0.00    0.53 v _085_/A (sky130_fd_sc_hd__inv_2)
                  0.17    0.19    0.72 ^ _085_/Y (sky130_fd_sc_hd__inv_2)
     2    0.04                           _046_ (net)
                  0.17    0.01    0.73 ^ _087_/A1 (sky130_fd_sc_hd__o211a_2)
                  0.11    0.24    0.97 ^ _087_/X (sky130_fd_sc_hd__o211a_2)
     1    0.02                           _011_ (net)
                  0.11    0.00    0.97 ^ _124_/D (sky130_fd_sc_hd__dfrtp_2)
                                  0.97   data arrival time

                  0.15    0.00    0.00   clock clk (rise edge)
                          0.00    0.00   clock network delay (ideal)
                          0.25    0.25   clock uncertainty
                          0.00    0.25   clock reconvergence pessimism
                                  0.25 ^ _124_/CLK (sky130_fd_sc_hd__dfrtp_2)
                         -0.03    0.22   library hold time
                                  0.22   data required time
-----------------------------------------------------------------------------
                                  0.22   data required time
                                 -0.97   data arrival time
-----------------------------------------------------------------------------
                                  0.76   slack (MET)


Startpoint: _127_ (rising edge-triggered flip-flop clocked by clk)
Endpoint: _127_ (rising edge-triggered flip-flop clocked by clk)
Path Group: clk
Path Type: min

Fanout     Cap    Slew   Delay    Time   Description
-----------------------------------------------------------------------------
                  0.15    0.00    0.00   clock clk (rise edge)
                          0.00    0.00   clock network delay (ideal)
                  0.15    0.00    0.00 ^ _127_/CLK (sky130_fd_sc_hd__dfrtp_2)
                  0.27    0.60    0.60 v _127_/Q (sky130_fd_sc_hd__dfrtp_2)
     4    0.11                           u_sevenseg.refresh_count[11] (net)
                  0.27    0.02    0.62 v _095_/A (sky130_fd_sc_hd__xnor2_2)
                  0.21    0.34    0.96 v _095_/Y (sky130_fd_sc_hd__xnor2_2)
     1    0.05                           _002_ (net)
                  0.21    0.01    0.97 v _127_/D (sky130_fd_sc_hd__dfrtp_2)
                                  0.97   data arrival time

                  0.15    0.00    0.00   clock clk (rise edge)
                          0.00    0.00   clock network delay (ideal)
                          0.25    0.25   clock uncertainty
                          0.00    0.25   clock reconvergence pessimism
                                  0.25 ^ _127_/CLK (sky130_fd_sc_hd__dfrtp_2)
                         -0.09    0.16   library hold time
                                  0.16   data required time
-----------------------------------------------------------------------------
                                  0.16   data required time
                                 -0.97   data arrival time
-----------------------------------------------------------------------------
                                  0.81   slack (MET)


Startpoint: _124_ (rising edge-triggered flip-flop clocked by clk)
Endpoint: _125_ (rising edge-triggered flip-flop clocked by clk)
Path Group: clk
Path Type: min

Fanout     Cap    Slew   Delay    Time   Description
-----------------------------------------------------------------------------
                  0.15    0.00    0.00   clock clk (rise edge)
                          0.00    0.00   clock network delay (ideal)
                  0.15    0.00    0.00 ^ _124_/CLK (sky130_fd_sc_hd__dfrtp_2)
                  0.17    0.53    0.53 v _124_/Q (sky130_fd_sc_hd__dfrtp_2)
     3    0.06                           u_sevenseg.refresh_count[8] (net)
                  0.17    0.01    0.53 v _088_/A1 (sky130_fd_sc_hd__a31o_2)
                  0.11    0.31    0.85 v _088_/X (sky130_fd_sc_hd__a31o_2)
     1    0.04                           _048_ (net)
                  0.11    0.01    0.85 v _089_/B1 (sky130_fd_sc_hd__o211a_2)
                  0.14    0.25    1.10 v _089_/X (sky130_fd_sc_hd__o211a_2)
     1    0.06                           _012_ (net)
                  0.15    0.02    1.12 v _125_/D (sky130_fd_sc_hd__dfrtp_2)
                                  1.12   data arrival time

                  0.15    0.00    0.00   clock clk (rise edge)
                          0.00    0.00   clock network delay (ideal)
                          0.25    0.25   clock uncertainty
                          0.00    0.25   clock reconvergence pessimism
                                  0.25 ^ _125_/CLK (sky130_fd_sc_hd__dfrtp_2)
                         -0.06    0.19   library hold time
                                  0.19   data required time
-----------------------------------------------------------------------------
                                  0.19   data required time
                                 -1.12   data arrival time
-----------------------------------------------------------------------------
                                  0.93   slack (MET)


Startpoint: _120_ (rising edge-triggered flip-flop clocked by clk)
Endpoint: _121_ (rising edge-triggered flip-flop clocked by clk)
Path Group: clk
Path Type: min

Fanout     Cap    Slew   Delay    Time   Description
-----------------------------------------------------------------------------
                  0.15    0.00    0.00   clock clk (rise edge)
                          0.00    0.00   clock network delay (ideal)
                  0.15    0.00    0.00 ^ _120_/CLK (sky130_fd_sc_hd__dfrtp_2)
                  0.25    0.59    0.59 v _120_/Q (sky130_fd_sc_hd__dfrtp_2)
     5    0.10                           u_sevenseg.refresh_count[4] (net)
                  0.25    0.00    0.59 v _077_/A1 (sky130_fd_sc_hd__a21oi_2)
                  0.36    0.39    0.98 ^ _077_/Y (sky130_fd_sc_hd__a21oi_2)
     1    0.03                           _041_ (net)
                  0.36    0.00    0.98 ^ _078_/B (sky130_fd_sc_hd__nor2_2)
                  0.17    0.21    1.19 v _078_/Y (sky130_fd_sc_hd__nor2_2)
     1    0.06                           _008_ (net)
                  0.17    0.02    1.21 v _121_/D (sky130_fd_sc_hd__dfrtp_2)
                                  1.21   data arrival time

                  0.15    0.00    0.00   clock clk (rise edge)
                          0.00    0.00   clock network delay (ideal)
                          0.25    0.25   clock uncertainty
                          0.00    0.25   clock reconvergence pessimism
                                  0.25 ^ _121_/CLK (sky130_fd_sc_hd__dfrtp_2)
                         -0.07    0.18   library hold time
                                  0.18   data required time
-----------------------------------------------------------------------------
                                  0.18   data required time
                                 -1.21   data arrival time
-----------------------------------------------------------------------------
                                  1.03   slack (MET)


Startpoint: _118_ (rising edge-triggered flip-flop clocked by clk)
Endpoint: _118_ (rising edge-triggered flip-flop clocked by clk)
Path Group: clk
Path Type: min

Fanout     Cap    Slew   Delay    Time   Description
-----------------------------------------------------------------------------
                  0.15    0.00    0.00   clock clk (rise edge)
                          0.00    0.00   clock network delay (ideal)
                  0.15    0.00    0.00 ^ _118_/CLK (sky130_fd_sc_hd__dfrtp_2)
                  0.19    0.54    0.54 v _118_/Q (sky130_fd_sc_hd__dfrtp_2)
     3    0.07                           u_sevenseg.refresh_count[2] (net)
                  0.20    0.02    0.56 v _067_/B1 (sky130_fd_sc_hd__a21oi_2)
                  0.44    0.40    0.95 ^ _067_/Y (sky130_fd_sc_hd__a21oi_2)
     1    0.04                           _034_ (net)
                  0.44    0.01    0.96 ^ _068_/B (sky130_fd_sc_hd__nor2_2)
                  0.19    0.25    1.21 v _068_/Y (sky130_fd_sc_hd__nor2_2)
     1    0.07                           _005_ (net)
                  0.19    0.03    1.24 v _118_/D (sky130_fd_sc_hd__dfrtp_2)
                                  1.24   data arrival time

                  0.15    0.00    0.00   clock clk (rise edge)
                          0.00    0.00   clock network delay (ideal)
                          0.25    0.25   clock uncertainty
                          0.00    0.25   clock reconvergence pessimism
                                  0.25 ^ _118_/CLK (sky130_fd_sc_hd__dfrtp_2)
                         -0.08    0.17   library hold time
                                  0.17   data required time
-----------------------------------------------------------------------------
                                  0.17   data required time
                                 -1.24   data arrival time
-----------------------------------------------------------------------------
                                  1.07   slack (MET)


Startpoint: _126_ (rising edge-triggered flip-flop clocked by clk)
Endpoint: _126_ (rising edge-triggered flip-flop clocked by clk)
Path Group: clk
Path Type: min

Fanout     Cap    Slew   Delay    Time   Description
-----------------------------------------------------------------------------
                  0.15    0.00    0.00   clock clk (rise edge)
                          0.00    0.00   clock network delay (ideal)
                  0.15    0.00    0.00 ^ _126_/CLK (sky130_fd_sc_hd__dfrtp_2)
                  0.22    0.57    0.57 v _126_/Q (sky130_fd_sc_hd__dfrtp_2)
     5    0.08                           u_sevenseg.refresh_count[10] (net)
                  0.22    0.01    0.57 v _092_/A (sky130_fd_sc_hd__nand2_2)
                  0.19    0.23    0.80 ^ _092_/Y (sky130_fd_sc_hd__nand2_2)
     2    0.04                           _051_ (net)
                  0.19    0.00    0.80 ^ _093_/B (sky130_fd_sc_hd__and2b_2)
                  0.11    0.22    1.02 ^ _093_/X (sky130_fd_sc_hd__and2b_2)
     1    0.02                           _052_ (net)
                  0.11    0.00    1.02 ^ _094_/A (sky130_fd_sc_hd__buf_1)
                  0.26    0.23    1.26 ^ _094_/X (sky130_fd_sc_hd__buf_1)
     1    0.02                           _001_ (net)
                  0.26    0.00    1.26 ^ _126_/D (sky130_fd_sc_hd__dfrtp_2)
                                  1.26   data arrival time

                  0.15    0.00    0.00   clock clk (rise edge)
                          0.00    0.00   clock network delay (ideal)
                          0.25    0.25   clock uncertainty
                          0.00    0.25   clock reconvergence pessimism
                                  0.25 ^ _126_/CLK (sky130_fd_sc_hd__dfrtp_2)
                         -0.06    0.19   library hold time
                                  0.19   data required time
-----------------------------------------------------------------------------
                                  0.19   data required time
                                 -1.26   data arrival time
-----------------------------------------------------------------------------
                                  1.07   slack (MET)


Startpoint: _123_ (rising edge-triggered flip-flop clocked by clk)
Endpoint: _123_ (rising edge-triggered flip-flop clocked by clk)
Path Group: clk
Path Type: min

Fanout     Cap    Slew   Delay    Time   Description
-----------------------------------------------------------------------------
                  0.15    0.00    0.00   clock clk (rise edge)
                          0.00    0.00   clock network delay (ideal)
                  0.15    0.00    0.00 ^ _123_/CLK (sky130_fd_sc_hd__dfrtp_2)
                  0.18    0.54    0.54 v _123_/Q (sky130_fd_sc_hd__dfrtp_2)
     3    0.07                           u_sevenseg.refresh_count[7] (net)
                  0.18    0.00    0.54 v _080_/B1 (sky130_fd_sc_hd__a21o_2)
                  0.12    0.31    0.85 v _080_/X (sky130_fd_sc_hd__a21o_2)
     1    0.04                           _042_ (net)
                  0.12    0.01    0.86 v _083_/B (sky130_fd_sc_hd__and3_2)
                  0.11    0.29    1.14 v _083_/X (sky130_fd_sc_hd__and3_2)
     1    0.03                           _045_ (net)
                  0.11    0.01    1.15 v _084_/A (sky130_fd_sc_hd__buf_1)
                  0.08    0.16    1.31 v _084_/X (sky130_fd_sc_hd__buf_1)
     1    0.01                           _010_ (net)
                  0.08    0.00    1.31 v _123_/D (sky130_fd_sc_hd__dfrtp_2)
                                  1.31   data arrival time

                  0.15    0.00    0.00   clock clk (rise edge)
                          0.00    0.00   clock network delay (ideal)
                          0.25    0.25   clock uncertainty
                          0.00    0.25   clock reconvergence pessimism
                                  0.25 ^ _123_/CLK (sky130_fd_sc_hd__dfrtp_2)
                         -0.03    0.22   library hold time
                                  0.22   data required time
-----------------------------------------------------------------------------
                                  0.22   data required time
                                 -1.31   data arrival time
-----------------------------------------------------------------------------
                                  1.09   slack (MET)


Startpoint: _119_ (rising edge-triggered flip-flop clocked by clk)
Endpoint: _119_ (rising edge-triggered flip-flop clocked by clk)
Path Group: clk
Path Type: min

Fanout     Cap    Slew   Delay    Time   Description
-----------------------------------------------------------------------------
                  0.15    0.00    0.00   clock clk (rise edge)
                          0.00    0.00   clock network delay (ideal)
                  0.15    0.00    0.00 ^ _119_/CLK (sky130_fd_sc_hd__dfrtp_2)
                  0.16    0.45    0.45 ^ _119_/Q (sky130_fd_sc_hd__dfrtp_2)
     3    0.03                           u_sevenseg.refresh_count[3] (net)
                  0.16    0.01    0.46 ^ _072_/A (sky130_fd_sc_hd__or2_2)
                  0.16    0.22    0.68 ^ _072_/X (sky130_fd_sc_hd__or2_2)
     1    0.03                           _038_ (net)
                  0.16    0.01    0.69 ^ _073_/C (sky130_fd_sc_hd__and3_2)
                  0.14    0.27    0.95 ^ _073_/X (sky130_fd_sc_hd__and3_2)
     1    0.02                           _039_ (net)
                  0.14    0.00    0.95 ^ _074_/A (sky130_fd_sc_hd__buf_1)
                  0.39    0.32    1.28 ^ _074_/X (sky130_fd_sc_hd__buf_1)
     1    0.03                           _006_ (net)
                  0.39    0.01    1.28 ^ _119_/D (sky130_fd_sc_hd__dfrtp_2)
                                  1.28   data arrival time

                  0.15    0.00    0.00   clock clk (rise edge)
                          0.00    0.00   clock network delay (ideal)
                          0.25    0.25   clock uncertainty
                          0.00    0.25   clock reconvergence pessimism
                                  0.25 ^ _119_/CLK (sky130_fd_sc_hd__dfrtp_2)
                         -0.09    0.16   library hold time
                                  0.16   data required time
-----------------------------------------------------------------------------
                                  0.16   data required time
                                 -1.28   data arrival time
-----------------------------------------------------------------------------
                                  1.13   slack (MET)


Startpoint: _126_ (rising edge-triggered flip-flop clocked by clk)
Endpoint: _128_ (rising edge-triggered flip-flop clocked by clk)
Path Group: clk
Path Type: min

Fanout     Cap    Slew   Delay    Time   Description
-----------------------------------------------------------------------------
                  0.15    0.00    0.00   clock clk (rise edge)
                          0.00    0.00   clock network delay (ideal)
                  0.15    0.00    0.00 ^ _126_/CLK (sky130_fd_sc_hd__dfrtp_2)
                  0.40    0.61    0.61 ^ _126_/Q (sky130_fd_sc_hd__dfrtp_2)
     5    0.09                           u_sevenseg.refresh_count[10] (net)
                  0.40    0.00    0.62 ^ _096_/C (sky130_fd_sc_hd__nand4_2)
                  0.20    0.23    0.85 v _096_/Y (sky130_fd_sc_hd__nand4_2)
     1    0.02                           _053_ (net)
                  0.20    0.00    0.85 v _098_/B (sky130_fd_sc_hd__and3_2)
                  0.11    0.32    1.18 v _098_/X (sky130_fd_sc_hd__and3_2)
     1    0.04                           _055_ (net)
                  0.11    0.01    1.18 v _099_/A (sky130_fd_sc_hd__buf_1)
                  0.19    0.23    1.42 v _099_/X (sky130_fd_sc_hd__buf_1)
     1    0.03                           _003_ (net)
                  0.19    0.01    1.42 v _128_/D (sky130_fd_sc_hd__dfrtp_2)
                                  1.42   data arrival time

                  0.15    0.00    0.00   clock clk (rise edge)
                          0.00    0.00   clock network delay (ideal)
                          0.25    0.25   clock uncertainty
                          0.00    0.25   clock reconvergence pessimism
                                  0.25 ^ _128_/CLK (sky130_fd_sc_hd__dfrtp_2)
                         -0.08    0.17   library hold time
                                  0.17   data required time
-----------------------------------------------------------------------------
                                  0.17   data required time
                                 -1.42   data arrival time
-----------------------------------------------------------------------------
                                  1.25   slack (MET)


Startpoint: rst (input port clocked by clk)
Endpoint: _128_ (removal check against rising-edge clock clk)
Path Group: asynchronous
Path Type: min

Fanout     Cap    Slew   Delay    Time   Description
-----------------------------------------------------------------------------
                  0.15    0.00    0.00   clock clk (rise edge)
                          0.00    0.00   clock network delay (ideal)
                          2.00    2.00 v input external delay
                  0.24    0.18    2.18 v rst (in)
     5    0.11                           rst (net)
                  0.25    0.00    2.18 v _114_/A (sky130_fd_sc_hd__inv_2)
                  0.09    0.13    2.30 ^ _114_/Y (sky130_fd_sc_hd__inv_2)
     1    0.01                           _026_ (net)
                  0.09    0.00    2.31 ^ _128_/RESET_B (sky130_fd_sc_hd__dfrtp_2)
                                  2.31   data arrival time

                  0.15    0.00    0.00   clock clk (rise edge)
                          0.00    0.00   clock network delay (ideal)
                          0.25    0.25   clock uncertainty
                          0.00    0.25   clock reconvergence pessimism
                                  0.25 ^ _128_/CLK (sky130_fd_sc_hd__dfrtp_2)
                          0.36    0.61   library removal time
                                  0.61   data required time
-----------------------------------------------------------------------------
                                  0.61   data required time
                                 -2.31   data arrival time
-----------------------------------------------------------------------------
                                  1.69   slack (MET)


Startpoint: rst (input port clocked by clk)
Endpoint: _126_ (removal check against rising-edge clock clk)
Path Group: asynchronous
Path Type: min

Fanout     Cap    Slew   Delay    Time   Description
-----------------------------------------------------------------------------
                  0.15    0.00    0.00   clock clk (rise edge)
                          0.00    0.00   clock network delay (ideal)
                          2.00    2.00 v input external delay
                  0.24    0.18    2.18 v rst (in)
     5    0.11                           rst (net)
                  0.26    0.00    2.18 v _112_/A (sky130_fd_sc_hd__inv_2)
                  0.19    0.24    2.42 ^ _112_/Y (sky130_fd_sc_hd__inv_2)
     1    0.04                           _024_ (net)
                  0.19    0.01    2.43 ^ _126_/RESET_B (sky130_fd_sc_hd__dfrtp_2)
                                  2.43   data arrival time

                  0.15    0.00    0.00   clock clk (rise edge)
                          0.00    0.00   clock network delay (ideal)
                          0.25    0.25   clock uncertainty
                          0.00    0.25   clock reconvergence pessimism
                                  0.25 ^ _126_/CLK (sky130_fd_sc_hd__dfrtp_2)
                          0.39    0.64   library removal time
                                  0.64   data required time
-----------------------------------------------------------------------------
                                  0.64   data required time
                                 -2.43   data arrival time
-----------------------------------------------------------------------------
                                  1.79   slack (MET)


Startpoint: rst (input port clocked by clk)
Endpoint: _127_ (removal check against rising-edge clock clk)
Path Group: asynchronous
Path Type: min

Fanout     Cap    Slew   Delay    Time   Description
-----------------------------------------------------------------------------
                  0.15    0.00    0.00   clock clk (rise edge)
                          0.00    0.00   clock network delay (ideal)
                          2.00    2.00 v input external delay
                  0.24    0.18    2.18 v rst (in)
     5    0.11                           rst (net)
                  0.26    0.00    2.18 v _113_/A (sky130_fd_sc_hd__inv_2)
                  0.19    0.24    2.42 ^ _113_/Y (sky130_fd_sc_hd__inv_2)
     1    0.04                           _025_ (net)
                  0.19    0.01    2.43 ^ _127_/RESET_B (sky130_fd_sc_hd__dfrtp_2)
                                  2.43   data arrival time

                  0.15    0.00    0.00   clock clk (rise edge)
                          0.00    0.00   clock network delay (ideal)
                          0.25    0.25   clock uncertainty
                          0.00    0.25   clock reconvergence pessimism
                                  0.25 ^ _127_/CLK (sky130_fd_sc_hd__dfrtp_2)
                          0.39    0.64   library removal time
                                  0.64   data required time
-----------------------------------------------------------------------------
                                  0.64   data required time
                                 -2.43   data arrival time
-----------------------------------------------------------------------------
                                  1.79   slack (MET)


Startpoint: rst (input port clocked by clk)
Endpoint: _125_ (removal check against rising-edge clock clk)
Path Group: asynchronous
Path Type: min

Fanout     Cap    Slew   Delay    Time   Description
-----------------------------------------------------------------------------
                  0.15    0.00    0.00   clock clk (rise edge)
                          0.00    0.00   clock network delay (ideal)
                          2.00    2.00 v input external delay
                  0.24    0.17    2.17 v rst (in)
     5    0.11                           rst (net)
                  0.25    0.00    2.17 v _111_/A (sky130_fd_sc_hd__inv_2)
                  0.25    0.27    2.44 ^ _111_/Y (sky130_fd_sc_hd__inv_2)
     1    0.05                           _023_ (net)
                  0.25    0.01    2.46 ^ _125_/RESET_B (sky130_fd_sc_hd__dfrtp_2)
                                  2.46   data arrival time

                  0.15    0.00    0.00   clock clk (rise edge)
                          0.00    0.00   clock network delay (ideal)
                          0.25    0.25   clock uncertainty
                          0.00    0.25   clock reconvergence pessimism
                                  0.25 ^ _125_/CLK (sky130_fd_sc_hd__dfrtp_2)
                          0.40    0.65   library removal time
                                  0.65   data required time
-----------------------------------------------------------------------------
                                  0.65   data required time
                                 -2.46   data arrival time
-----------------------------------------------------------------------------
                                  1.80   slack (MET)


Startpoint: _115_ (rising edge-triggered flip-flop clocked by clk)
Endpoint: an[0] (output port clocked by clk)
Path Group: clk
Path Type: min

Fanout     Cap    Slew   Delay    Time   Description
-----------------------------------------------------------------------------
                  0.15    0.00    0.00   clock clk (rise edge)
                          0.00    0.00   clock network delay (ideal)
                  0.15    0.00    0.00 ^ _115_/CLK (sky130_fd_sc_hd__dfrtp_2)
                  0.26    0.60    0.60 v _115_/Q (sky130_fd_sc_hd__dfrtp_2)
     3    0.10                           an[0] (net)
                  0.26    0.01    0.61 v an[0] (out)
                                  0.61   data arrival time

                  0.15    0.00    0.00   clock clk (rise edge)
                          0.00    0.00   clock network delay (ideal)
                          0.25    0.25   clock uncertainty
                          0.00    0.25   clock reconvergence pessimism
                         -2.00   -1.75   output external delay
                                 -1.75   data required time
-----------------------------------------------------------------------------
                                 -1.75   data required time
                                 -0.61   data arrival time
-----------------------------------------------------------------------------
                                  2.36   slack (MET)


Startpoint: rst (input port clocked by clk)
Endpoint: _119_ (removal check against rising-edge clock clk)
Path Group: asynchronous
Path Type: min

Fanout     Cap    Slew   Delay    Time   Description
-----------------------------------------------------------------------------
                  0.15    0.00    0.00   clock clk (rise edge)
                          0.00    0.00   clock network delay (ideal)
                          2.00    2.00 v input external delay
                  0.24    0.18    2.18 v rst (in)
     5    0.11                           rst (net)
                  0.26    0.00    2.18 v _100_/A (sky130_fd_sc_hd__buf_1)
                  0.90    0.75    2.93 v _100_/X (sky130_fd_sc_hd__buf_1)
    10    0.16                           _056_ (net)
                  0.90    0.03    2.96 v _105_/A (sky130_fd_sc_hd__inv_2)
                  0.21    0.30    3.26 ^ _105_/Y (sky130_fd_sc_hd__inv_2)
     1    0.02                           _017_ (net)
                  0.21    0.00    3.26 ^ _119_/RESET_B (sky130_fd_sc_hd__dfrtp_2)
                                  3.26   data arrival time

                  0.15    0.00    0.00   clock clk (rise edge)
                          0.00    0.00   clock network delay (ideal)
                          0.25    0.25   clock uncertainty
                          0.00    0.25   clock reconvergence pessimism
                                  0.25 ^ _119_/CLK (sky130_fd_sc_hd__dfrtp_2)
                          0.39    0.64   library removal time
                                  0.64   data required time
-----------------------------------------------------------------------------
                                  0.64   data required time
                                 -3.26   data arrival time
-----------------------------------------------------------------------------
                                  2.62   slack (MET)


Startpoint: rst (input port clocked by clk)
Endpoint: _120_ (removal check against rising-edge clock clk)
Path Group: asynchronous
Path Type: min

Fanout     Cap    Slew   Delay    Time   Description
-----------------------------------------------------------------------------
                  0.15    0.00    0.00   clock clk (rise edge)
                          0.00    0.00   clock network delay (ideal)
                          2.00    2.00 v input external delay
                  0.24    0.18    2.18 v rst (in)
     5    0.11                           rst (net)
                  0.26    0.00    2.18 v _100_/A (sky130_fd_sc_hd__buf_1)
                  0.90    0.75    2.93 v _100_/X (sky130_fd_sc_hd__buf_1)
    10    0.16                           _056_ (net)
                  0.90    0.03    2.95 v _106_/A (sky130_fd_sc_hd__inv_2)
                  0.24    0.34    3.30 ^ _106_/Y (sky130_fd_sc_hd__inv_2)
     1    0.02                           _018_ (net)
                  0.24    0.00    3.30 ^ _120_/RESET_B (sky130_fd_sc_hd__dfrtp_2)
                                  3.30   data arrival time

                  0.15    0.00    0.00   clock clk (rise edge)
                          0.00    0.00   clock network delay (ideal)
                          0.25    0.25   clock uncertainty
                          0.00    0.25   clock reconvergence pessimism
                                  0.25 ^ _120_/CLK (sky130_fd_sc_hd__dfrtp_2)
                          0.40    0.65   library removal time
                                  0.65   data required time
-----------------------------------------------------------------------------
                                  0.65   data required time
                                 -3.30   data arrival time
-----------------------------------------------------------------------------
                                  2.65   slack (MET)


Startpoint: rst (input port clocked by clk)
Endpoint: _124_ (removal check against rising-edge clock clk)
Path Group: asynchronous
Path Type: min

Fanout     Cap    Slew   Delay    Time   Description
-----------------------------------------------------------------------------
                  0.15    0.00    0.00   clock clk (rise edge)
                          0.00    0.00   clock network delay (ideal)
                          2.00    2.00 v input external delay
                  0.24    0.18    2.18 v rst (in)
     5    0.11                           rst (net)
                  0.26    0.00    2.18 v _100_/A (sky130_fd_sc_hd__buf_1)
                  0.90    0.75    2.93 v _100_/X (sky130_fd_sc_hd__buf_1)
    10    0.16                           _056_ (net)
                  0.90    0.02    2.95 v _110_/A (sky130_fd_sc_hd__inv_2)
                  0.24    0.35    3.30 ^ _110_/Y (sky130_fd_sc_hd__inv_2)
     1    0.02                           _022_ (net)
                  0.24    0.00    3.30 ^ _124_/RESET_B (sky130_fd_sc_hd__dfrtp_2)
                                  3.30   data arrival time

                  0.15    0.00    0.00   clock clk (rise edge)
                          0.00    0.00   clock network delay (ideal)
                          0.25    0.25   clock uncertainty
                          0.00    0.25   clock reconvergence pessimism
                                  0.25 ^ _124_/CLK (sky130_fd_sc_hd__dfrtp_2)
                          0.40    0.65   library removal time
                                  0.65   data required time
-----------------------------------------------------------------------------
                                  0.65   data required time
                                 -3.30   data arrival time
-----------------------------------------------------------------------------
                                  2.65   slack (MET)


Startpoint: rst (input port clocked by clk)
Endpoint: _118_ (removal check against rising-edge clock clk)
Path Group: asynchronous
Path Type: min

Fanout     Cap    Slew   Delay    Time   Description
-----------------------------------------------------------------------------
                  0.15    0.00    0.00   clock clk (rise edge)
                          0.00    0.00   clock network delay (ideal)
                          2.00    2.00 v input external delay
                  0.24    0.18    2.18 v rst (in)
     5    0.11                           rst (net)
                  0.26    0.00    2.18 v _100_/A (sky130_fd_sc_hd__buf_1)
                  0.90    0.75    2.93 v _100_/X (sky130_fd_sc_hd__buf_1)
    10    0.16                           _056_ (net)
                  0.90    0.01    2.93 v _104_/A (sky130_fd_sc_hd__inv_2)
                  0.30    0.41    3.35 ^ _104_/Y (sky130_fd_sc_hd__inv_2)
     1    0.03                           _016_ (net)
                  0.30    0.01    3.35 ^ _118_/RESET_B (sky130_fd_sc_hd__dfrtp_2)
                                  3.35   data arrival time

                  0.15    0.00    0.00   clock clk (rise edge)
                          0.00    0.00   clock network delay (ideal)
                          0.25    0.25   clock uncertainty
                          0.00    0.25   clock reconvergence pessimism
                                  0.25 ^ _118_/CLK (sky130_fd_sc_hd__dfrtp_2)
                          0.42    0.67   library removal time
                                  0.67   data required time
-----------------------------------------------------------------------------
                                  0.67   data required time
                                 -3.35   data arrival time
-----------------------------------------------------------------------------
                                  2.68   slack (MET)


Startpoint: rst (input port clocked by clk)
Endpoint: _122_ (removal check against rising-edge clock clk)
Path Group: asynchronous
Path Type: min

Fanout     Cap    Slew   Delay    Time   Description
-----------------------------------------------------------------------------
                  0.15    0.00    0.00   clock clk (rise edge)
                          0.00    0.00   clock network delay (ideal)
                          2.00    2.00 v input external delay
                  0.24    0.18    2.18 v rst (in)
     5    0.11                           rst (net)
                  0.26    0.00    2.18 v _100_/A (sky130_fd_sc_hd__buf_1)
                  0.90    0.75    2.93 v _100_/X (sky130_fd_sc_hd__buf_1)
    10    0.16                           _056_ (net)
                  0.90    0.03    2.96 v _108_/A (sky130_fd_sc_hd__inv_2)
                  0.30    0.41    3.37 ^ _108_/Y (sky130_fd_sc_hd__inv_2)
     1    0.03                           _020_ (net)
                  0.30    0.01    3.37 ^ _122_/RESET_B (sky130_fd_sc_hd__dfrtp_2)
                                  3.37   data arrival time

                  0.15    0.00    0.00   clock clk (rise edge)
                          0.00    0.00   clock network delay (ideal)
                          0.25    0.25   clock uncertainty
                          0.00    0.25   clock reconvergence pessimism
                                  0.25 ^ _122_/CLK (sky130_fd_sc_hd__dfrtp_2)
                          0.42    0.67   library removal time
                                  0.67   data required time
-----------------------------------------------------------------------------
                                  0.67   data required time
                                 -3.37   data arrival time
-----------------------------------------------------------------------------
                                  2.71   slack (MET)


Startpoint: rst (input port clocked by clk)
Endpoint: _117_ (removal check against rising-edge clock clk)
Path Group: asynchronous
Path Type: min

Fanout     Cap    Slew   Delay    Time   Description
-----------------------------------------------------------------------------
                  0.15    0.00    0.00   clock clk (rise edge)
                          0.00    0.00   clock network delay (ideal)
                          2.00    2.00 v input external delay
                  0.24    0.18    2.18 v rst (in)
     5    0.11                           rst (net)
                  0.26    0.00    2.18 v _100_/A (sky130_fd_sc_hd__buf_1)
                  0.90    0.75    2.93 v _100_/X (sky130_fd_sc_hd__buf_1)
    10    0.16                           _056_ (net)
                  0.90    0.03    2.96 v _103_/A (sky130_fd_sc_hd__inv_2)
                  0.30    0.41    3.37 ^ _103_/Y (sky130_fd_sc_hd__inv_2)
     1    0.03                           _015_ (net)
                  0.30    0.01    3.38 ^ _117_/RESET_B (sky130_fd_sc_hd__dfrtp_2)
                                  3.38   data arrival time

                  0.15    0.00    0.00   clock clk (rise edge)
                          0.00    0.00   clock network delay (ideal)
                          0.25    0.25   clock uncertainty
                          0.00    0.25   clock reconvergence pessimism
                                  0.25 ^ _117_/CLK (sky130_fd_sc_hd__dfrtp_2)
                          0.42    0.67   library removal time
                                  0.67   data required time
-----------------------------------------------------------------------------
                                  0.67   data required time
                                 -3.38   data arrival time
-----------------------------------------------------------------------------
                                  2.71   slack (MET)


Startpoint: rst (input port clocked by clk)
Endpoint: _123_ (removal check against rising-edge clock clk)
Path Group: asynchronous
Path Type: min

Fanout     Cap    Slew   Delay    Time   Description
-----------------------------------------------------------------------------
                  0.15    0.00    0.00   clock clk (rise edge)
                          0.00    0.00   clock network delay (ideal)
                          2.00    2.00 v input external delay
                  0.24    0.18    2.18 v rst (in)
     5    0.11                           rst (net)
                  0.26    0.00    2.18 v _100_/A (sky130_fd_sc_hd__buf_1)
                  0.90    0.75    2.93 v _100_/X (sky130_fd_sc_hd__buf_1)
    10    0.16                           _056_ (net)
                  0.90    0.04    2.96 v _109_/A (sky130_fd_sc_hd__inv_2)
                  0.32    0.43    3.39 ^ _109_/Y (sky130_fd_sc_hd__inv_2)
     1    0.04                           _021_ (net)
                  0.32    0.01    3.40 ^ _123_/RESET_B (sky130_fd_sc_hd__dfrtp_2)
                                  3.40   data arrival time

                  0.15    0.00    0.00   clock clk (rise edge)
                          0.00    0.00   clock network delay (ideal)
                          0.25    0.25   clock uncertainty
                          0.00    0.25   clock reconvergence pessimism
                                  0.25 ^ _123_/CLK (sky130_fd_sc_hd__dfrtp_2)
                          0.42    0.67   library removal time
                                  0.67   data required time
-----------------------------------------------------------------------------
                                  0.67   data required time
                                 -3.40   data arrival time
-----------------------------------------------------------------------------
                                  2.72   slack (MET)


Startpoint: rst (input port clocked by clk)
Endpoint: _116_ (removal check against rising-edge clock clk)
Path Group: asynchronous
Path Type: min

Fanout     Cap    Slew   Delay    Time   Description
-----------------------------------------------------------------------------
                  0.15    0.00    0.00   clock clk (rise edge)
                          0.00    0.00   clock network delay (ideal)
                          2.00    2.00 v input external delay
                  0.24    0.18    2.18 v rst (in)
     5    0.11                           rst (net)
                  0.26    0.00    2.18 v _100_/A (sky130_fd_sc_hd__buf_1)
                  0.90    0.75    2.93 v _100_/X (sky130_fd_sc_hd__buf_1)
    10    0.16                           _056_ (net)
                  0.90    0.04    2.97 v _102_/A (sky130_fd_sc_hd__inv_2)
                  0.32    0.43    3.40 ^ _102_/Y (sky130_fd_sc_hd__inv_2)
     1    0.04                           _014_ (net)
                  0.32    0.01    3.40 ^ _116_/RESET_B (sky130_fd_sc_hd__dfrtp_2)
                                  3.40   data arrival time

                  0.15    0.00    0.00   clock clk (rise edge)
                          0.00    0.00   clock network delay (ideal)
                          0.25    0.25   clock uncertainty
                          0.00    0.25   clock reconvergence pessimism
                                  0.25 ^ _116_/CLK (sky130_fd_sc_hd__dfrtp_2)
                          0.42    0.67   library removal time
                                  0.67   data required time
-----------------------------------------------------------------------------
                                  0.67   data required time
                                 -3.40   data arrival time
-----------------------------------------------------------------------------
                                  2.73   slack (MET)


Startpoint: _115_ (rising edge-triggered flip-flop clocked by clk)
Endpoint: an[1] (output port clocked by clk)
Path Group: clk
Path Type: min

Fanout     Cap    Slew   Delay    Time   Description
-----------------------------------------------------------------------------
                  0.15    0.00    0.00   clock clk (rise edge)
                          0.00    0.00   clock network delay (ideal)
                  0.15    0.00    0.00 ^ _115_/CLK (sky130_fd_sc_hd__dfrtp_2)
                  0.49    0.67    0.67 ^ _115_/Q (sky130_fd_sc_hd__dfrtp_2)
     3    0.11                           an[0] (net)
                  0.49    0.01    0.68 ^ _057_/A (sky130_fd_sc_hd__inv_2)
                  0.26    0.28    0.96 v _057_/Y (sky130_fd_sc_hd__inv_2)
     1    0.09                           an[1] (net)
                  0.27    0.03    0.99 v an[1] (out)
                                  0.99   data arrival time

                  0.15    0.00    0.00   clock clk (rise edge)
                          0.00    0.00   clock network delay (ideal)
                          0.25    0.25   clock uncertainty
                          0.00    0.25   clock reconvergence pessimism
                         -2.00   -1.75   output external delay
                                 -1.75   data required time
-----------------------------------------------------------------------------
                                 -1.75   data required time
                                 -0.99   data arrival time
-----------------------------------------------------------------------------
                                  2.74   slack (MET)


Startpoint: rst (input port clocked by clk)
Endpoint: _121_ (removal check against rising-edge clock clk)
Path Group: asynchronous
Path Type: min

Fanout     Cap    Slew   Delay    Time   Description
-----------------------------------------------------------------------------
                  0.15    0.00    0.00   clock clk (rise edge)
                          0.00    0.00   clock network delay (ideal)
                          2.00    2.00 v input external delay
                  0.24    0.18    2.18 v rst (in)
     5    0.11                           rst (net)
                  0.26    0.00    2.18 v _100_/A (sky130_fd_sc_hd__buf_1)
                  0.90    0.75    2.93 v _100_/X (sky130_fd_sc_hd__buf_1)
    10    0.16                           _056_ (net)
                  0.90    0.04    2.97 v _107_/A (sky130_fd_sc_hd__inv_2)
                  0.36    0.50    3.47 ^ _107_/Y (sky130_fd_sc_hd__inv_2)
     1    0.05                           _019_ (net)
                  0.36    0.02    3.48 ^ _121_/RESET_B (sky130_fd_sc_hd__dfrtp_2)
                                  3.48   data arrival time

                  0.15    0.00    0.00   clock clk (rise edge)
                          0.00    0.00   clock network delay (ideal)
                          0.25    0.25   clock uncertainty
                          0.00    0.25   clock reconvergence pessimism
                                  0.25 ^ _121_/CLK (sky130_fd_sc_hd__dfrtp_2)
                          0.44    0.69   library removal time
                                  0.69   data required time
-----------------------------------------------------------------------------
                                  0.69   data required time
                                 -3.48   data arrival time
-----------------------------------------------------------------------------
                                  2.80   slack (MET)


Startpoint: rst (input port clocked by clk)
Endpoint: _115_ (removal check against rising-edge clock clk)
Path Group: asynchronous
Path Type: min

Fanout     Cap    Slew   Delay    Time   Description
-----------------------------------------------------------------------------
                  0.15    0.00    0.00   clock clk (rise edge)
                          0.00    0.00   clock network delay (ideal)
                          2.00    2.00 v input external delay
                  0.24    0.18    2.18 v rst (in)
     5    0.11                           rst (net)
                  0.26    0.00    2.18 v _100_/A (sky130_fd_sc_hd__buf_1)
                  0.90    0.75    2.93 v _100_/X (sky130_fd_sc_hd__buf_1)
    10    0.16                           _056_ (net)
                  0.90    0.03    2.96 v _101_/A (sky130_fd_sc_hd__inv_2)
                  0.37    0.51    3.47 ^ _101_/Y (sky130_fd_sc_hd__inv_2)
     1    0.06                           _013_ (net)
                  0.38    0.02    3.49 ^ _115_/RESET_B (sky130_fd_sc_hd__dfrtp_2)
                                  3.49   data arrival time

                  0.15    0.00    0.00   clock clk (rise edge)
                          0.00    0.00   clock network delay (ideal)
                          0.25    0.25   clock uncertainty
                          0.00    0.25   clock reconvergence pessimism
                                  0.25 ^ _115_/CLK (sky130_fd_sc_hd__dfrtp_2)
                          0.44    0.69   library removal time
                                  0.69   data required time
-----------------------------------------------------------------------------
                                  0.69   data required time
                                 -3.49   data arrival time
-----------------------------------------------------------------------------
                                  2.80   slack (MET)



