OpenROAD 41a51eaf4ca2171c92ff38afb91eb37bbd3f36da 
This program is licensed under the BSD-3 license. See the LICENSE file for details.
Components of this program may be licensed under more restrictive licenses which must be honored.
[INFO ODB-0222] Reading LEF file: /openlane/designs/part4_halfcpu/runs/RUN_2026.05.16_10.31.06/tmp/merged.max.lef
[INFO ODB-0223]     Created 14 technology layers
[INFO ODB-0224]     Created 25 technology vias
[INFO ODB-0225]     Created 441 library cells
[INFO ODB-0226] Finished LEF file:  /openlane/designs/part4_halfcpu/runs/RUN_2026.05.16_10.31.06/tmp/merged.max.lef
[INFO ODB-0127] Reading DEF file: /openlane/designs/part4_halfcpu/runs/RUN_2026.05.16_10.31.06/results/routing/cpu_top.def
[INFO ODB-0128] Design: cpu_top
[INFO ODB-0130]     Created 28 pins.
[INFO ODB-0131]     Created 23528 components and 87815 component-terminals.
[INFO ODB-0132]     Created 2 special nets and 87564 connections.
[INFO ODB-0133]     Created 77 nets and 243 connections.
[INFO ODB-0134] Finished DEF file: /openlane/designs/part4_halfcpu/runs/RUN_2026.05.16_10.31.06/results/routing/cpu_top.def
define_corners Typical
read_liberty -corner Typical /Users/egehuriel/.ciel/sky130A/libs.ref/sky130_fd_sc_hd/lib/sky130_fd_sc_hd__tt_025C_1v80.lib
Using 1e-12 for capacitance...
Using 1e+03 for resistance...
Using 1e-09 for time...
Using 1e+00 for voltage...
Using 1e-03 for current...
Using 1e-09 for power...
Using 1e-06 for distance...
Using RCX ruleset '/Users/egehuriel/.ciel/sky130A/libs.tech/openlane/rules.openrcx.sky130A.max.calibre'...
[INFO RCX-0431] Defined process_corner X with ext_model_index 0
[INFO RCX-0029] Defined extraction corner X
[INFO RCX-0008] extracting parasitics of cpu_top ...
[INFO RCX-0435] Reading extraction model file /Users/egehuriel/.ciel/sky130A/libs.tech/openlane/rules.openrcx.sky130A.max.calibre ...
[INFO RCX-0436] RC segment generation cpu_top (max_merge_res 50.0) ...
[INFO RCX-0040] Final 832 rc segments
[INFO RCX-0439] Coupling Cap extraction cpu_top ...
[INFO RCX-0440] Coupling threshhold is 0.1000 fF, coupling capacitance less than 0.1000 fF will be grounded.
[INFO RCX-0043] 8049 wires to be extracted
[INFO RCX-0442] 94% completion -- 7633 wires have been extracted
[INFO RCX-0442] 100% completion -- 8049 wires have been extracted
[INFO RCX-0045] Extract 77 nets, 909 rsegs, 909 caps, 478 ccs
[INFO RCX-0015] Finished extracting cpu_top.
Writing result to /openlane/designs/part4_halfcpu/runs/RUN_2026.05.16_10.31.06/results/routing/mca/process_corner_max/cpu_top.spef...
Setting global connections for newly added cells…
[WARNING] Did not save OpenROAD database!
Writing extracted parasitics to '/openlane/designs/part4_halfcpu/runs/RUN_2026.05.16_10.31.06/results/routing/mca/process_corner_max/cpu_top.spef'…
[INFO RCX-0016] Writing SPEF ...
[INFO RCX-0443] 77 nets finished
[INFO RCX-0017] Finished writing SPEF ...
