OpenROAD 41a51eaf4ca2171c92ff38afb91eb37bbd3f36da 
This program is licensed under the BSD-3 license. See the LICENSE file for details.
Components of this program may be licensed under more restrictive licenses which must be honored.
[INFO]: Reading ODB at '/openlane/designs/part4_halfcpu/runs/RUN_2026.05.16_10.31.06/results/routing/cpu_top.odb'…
define_corners Typical
read_liberty -corner Typical /Users/egehuriel/.ciel/sky130A/libs.ref/sky130_fd_sc_hd/lib/sky130_fd_sc_hd__tt_025C_1v80.lib
Using 1e-12 for capacitance...
Using 1e+03 for resistance...
Using 1e-09 for time...
Using 1e+00 for voltage...
Using 1e-03 for current...
Using 1e-09 for power...
Using 1e-06 for distance...
Reading design constraints file at '/openlane/designs/part4_halfcpu/runs/RUN_2026.05.16_10.31.06/results/cts/cpu_top.sdc'…
[INFO]: Setting RC values...
[INFO PSM-0002] Output voltage file is specified as: /openlane/designs/part4_halfcpu/runs/RUN_2026.05.16_10.31.06/reports/signoff/25-irdrop-VPWR.rpt.
[WARNING PSM-0016] Voltage pad location (VSRC) file not specified, defaulting pad location to checkerboard pattern on core area.
[WARNING PSM-0017] X direction bump pitch is not specified, defaulting to 140um.
[WARNING PSM-0018] Y direction bump pitch is not specified, defaulting to 140um.
[WARNING PSM-0019] Voltage on net VPWR is not explicitly set.
[WARNING PSM-0022] Using voltage 1.800V for VDD network.
[WARNING PSM-0065] VSRC location not specified, using default checkerboard pattern with one VDD every size bumps in x-direction and one in two bumps in the y-direction
[INFO PSM-0076] Setting metal node density to be standard cell height times 5.
[WARNING PSM-0030] VSRC location at (109.780um, 108.880um) and size 10.000um, is not located on an existing power stripe node. Moving to closest node at (110.520um, 115.880um).
[WARNING PSM-0030] VSRC location at (389.780um, 248.880um) and size 10.000um, is not located on an existing power stripe node. Moving to closest node at (385.520um, 240.880um).
[INFO PSM-0031] Number of PDN nodes on net VPWR = 16766.
[INFO PSM-0064] Number of voltage sources = 2.
[INFO PSM-0040] All PDN stripes on net VPWR are connected.
########## IR report #################
Worstcase voltage: 1.80e+00 V
Average IR drop  : 6.29e-05 V
Worstcase IR drop: 1.58e-04 V
######################################
[INFO PSM-0002] Output voltage file is specified as: /openlane/designs/part4_halfcpu/runs/RUN_2026.05.16_10.31.06/reports/signoff/25-irdrop-VGND.rpt.
[WARNING PSM-0016] Voltage pad location (VSRC) file not specified, defaulting pad location to checkerboard pattern on core area.
[WARNING PSM-0017] X direction bump pitch is not specified, defaulting to 140um.
[WARNING PSM-0018] Y direction bump pitch is not specified, defaulting to 140um.
[WARNING PSM-0019] Voltage on net VGND is not explicitly set.
[WARNING PSM-0021] Using voltage 0.000V for ground network.
[WARNING PSM-0065] VSRC location not specified, using default checkerboard pattern with one VDD every size bumps in x-direction and one in two bumps in the y-direction
[INFO PSM-0076] Setting metal node density to be standard cell height times 5.
[WARNING PSM-0030] VSRC location at (109.780um, 108.880um) and size 10.000um, is not located on an existing power stripe node. Moving to closest node at (113.820um, 119.180um).
[INFO PSM-0031] Number of PDN nodes on net VGND = 16766.
[INFO PSM-0064] Number of voltage sources = 2.
[INFO PSM-0040] All PDN stripes on net VGND are connected.
########## IR report #################
Worstcase voltage: 1.58e-04 V
Average IR drop  : 6.24e-05 V
Worstcase IR drop: 1.58e-04 V
######################################
