
Magic 8.3 revision 413 - Compiled on Wed Jul 12 10:33:53 UTC 2023.
Starting magic under Tcl interpreter
Using the terminal as the console.
Using NULL graphics device.
Processing system .magicrc file
Sourcing design .magicrc for technology sky130A ...
2 Magic internal units = 1 Lambda
Input style sky130(): scaleFactor=2, multiplier=2
The following types are not handled by extraction and will be treated as non-electrical types:
    ubm 
Scaled tech values by 2 / 1 to match internal grid scaling
Loading sky130A Device Generator Menu ...
Using technology "sky130A", version 1.0.493-0-g0fe599b
Reading LEF data from file /Users/egehuriel/.ciel/sky130A/libs.ref/sky130_fd_sc_hd/techlef/sky130_fd_sc_hd__nom.tlef.
This action cannot be undone.
LEF read, Line 82 (Message): Unknown keyword "ANTENNAMODEL" in LEF file; ignoring.
LEF read, Line 83 (Message): Unknown keyword "ANTENNADIFFSIDEAREARATIO" in LEF file; ignoring.
LEF read, Line 116 (Message): Unknown keyword "MINENCLOSEDAREA" in LEF file; ignoring.
LEF read, Line 118 (Message): Unknown keyword "ANTENNAMODEL" in LEF file; ignoring.
LEF read, Line 119 (Message): Unknown keyword "ANTENNADIFFSIDEAREARATIO" in LEF file; ignoring.
LEF read, Line 125 (Message): Unknown keyword "MAXIMUMDENSITY" in LEF file; ignoring.
LEF read, Line 126 (Message): Unknown keyword "DENSITYCHECKWINDOW" in LEF file; ignoring.
LEF read, Line 127 (Message): Unknown keyword "DENSITYCHECKSTEP" in LEF file; ignoring.
LEF read, Line 160 (Message): Unknown keyword "MINENCLOSEDAREA" in LEF file; ignoring.
LEF read, Line 168 (Message): Unknown keyword "ANTENNAMODEL" in LEF file; ignoring.
LEF read, Line 169 (Message): Unknown keyword "ANTENNADIFFSIDEAREARATIO" in LEF file; ignoring.
LEF read, Line 171 (Message): Unknown keyword "MAXIMUMDENSITY" in LEF file; ignoring.
LEF read, Line 172 (Message): Unknown keyword "DENSITYCHECKWINDOW" in LEF file; ignoring.
LEF read, Line 173 (Message): Unknown keyword "DENSITYCHECKSTEP" in LEF file; ignoring.
LEF read, Line 210 (Message): Unknown keyword "ANTENNAMODEL" in LEF file; ignoring.
LEF read, Line 211 (Message): Unknown keyword "ANTENNADIFFSIDEAREARATIO" in LEF file; ignoring.
LEF read, Line 213 (Message): Unknown keyword "MAXIMUMDENSITY" in LEF file; ignoring.
LEF read, Line 214 (Message): Unknown keyword "DENSITYCHECKWINDOW" in LEF file; ignoring.
LEF read, Line 215 (Message): Unknown keyword "DENSITYCHECKSTEP" in LEF file; ignoring.
LEF read, Line 252 (Message): Unknown keyword "ANTENNAMODEL" in LEF file; ignoring.
LEF read, Line 253 (Message): Unknown keyword "ANTENNADIFFSIDEAREARATIO" in LEF file; ignoring.
LEF read, Line 255 (Message): Unknown keyword "MAXIMUMDENSITY" in LEF file; ignoring.
LEF read, Line 256 (Message): Unknown keyword "DENSITYCHECKWINDOW" in LEF file; ignoring.
LEF read, Line 257 (Message): Unknown keyword "DENSITYCHECKSTEP" in LEF file; ignoring.
LEF read, Line 294 (Message): Unknown keyword "ANTENNAMODEL" in LEF file; ignoring.
LEF read, Line 295 (Message): Unknown keyword "ANTENNADIFFSIDEAREARATIO" in LEF file; ignoring.
LEF read: Processed 801 lines.
Reading DEF data from file /openlane/designs/part4_halfcpu/runs/RUN_2026.05.16_10.31.06/results/routing/cpu_top.def.
This action cannot be undone.
  Processed 4 vias total.
Cell sky130_fd_sc_hd__decap_3 read from path /Users/egehuriel/.ciel/sky130A/libs.ref/sky130_fd_sc_hd/maglef
Cell sky130_ef_sc_hd__decap_12 read from path /Users/egehuriel/.ciel/sky130A/libs.ref/sky130_fd_sc_hd/maglef
Cell sky130_fd_sc_hd__decap_8 read from path /Users/egehuriel/.ciel/sky130A/libs.ref/sky130_fd_sc_hd/maglef
Cell sky130_fd_sc_hd__fill_2 read from path /Users/egehuriel/.ciel/sky130A/libs.ref/sky130_fd_sc_hd/maglef
Cell sky130_fd_sc_hd__fill_1 read from path /Users/egehuriel/.ciel/sky130A/libs.ref/sky130_fd_sc_hd/maglef
Cell sky130_fd_sc_hd__decap_6 read from path /Users/egehuriel/.ciel/sky130A/libs.ref/sky130_fd_sc_hd/maglef
Cell sky130_fd_sc_hd__decap_4 read from path /Users/egehuriel/.ciel/sky130A/libs.ref/sky130_fd_sc_hd/maglef
Cell sky130_fd_sc_hd__tapvpwrvgnd_1 read from path /Users/egehuriel/.ciel/sky130A/libs.ref/sky130_fd_sc_hd/maglef
Cell sky130_fd_sc_hd__buf_1 read from path /Users/egehuriel/.ciel/sky130A/libs.ref/sky130_fd_sc_hd/maglef
Cell sky130_fd_sc_hd__nor2_2 read from path /Users/egehuriel/.ciel/sky130A/libs.ref/sky130_fd_sc_hd/maglef
Cell sky130_fd_sc_hd__a21oi_2 read from path /Users/egehuriel/.ciel/sky130A/libs.ref/sky130_fd_sc_hd/maglef
Cell sky130_fd_sc_hd__o21a_2 read from path /Users/egehuriel/.ciel/sky130A/libs.ref/sky130_fd_sc_hd/maglef
Cell sky130_fd_sc_hd__and3_2 read from path /Users/egehuriel/.ciel/sky130A/libs.ref/sky130_fd_sc_hd/maglef
Cell sky130_fd_sc_hd__nor3_2 read from path /Users/egehuriel/.ciel/sky130A/libs.ref/sky130_fd_sc_hd/maglef
Cell sky130_fd_sc_hd__and4_2 read from path /Users/egehuriel/.ciel/sky130A/libs.ref/sky130_fd_sc_hd/maglef
Cell sky130_fd_sc_hd__a31o_2 read from path /Users/egehuriel/.ciel/sky130A/libs.ref/sky130_fd_sc_hd/maglef
Cell sky130_fd_sc_hd__a31oi_2 read from path /Users/egehuriel/.ciel/sky130A/libs.ref/sky130_fd_sc_hd/maglef
Cell sky130_fd_sc_hd__inv_2 read from path /Users/egehuriel/.ciel/sky130A/libs.ref/sky130_fd_sc_hd/maglef
Cell sky130_fd_sc_hd__nand2_2 read from path /Users/egehuriel/.ciel/sky130A/libs.ref/sky130_fd_sc_hd/maglef
Cell sky130_fd_sc_hd__and2_2 read from path /Users/egehuriel/.ciel/sky130A/libs.ref/sky130_fd_sc_hd/maglef
Cell sky130_fd_sc_hd__a221oi_2 read from path /Users/egehuriel/.ciel/sky130A/libs.ref/sky130_fd_sc_hd/maglef
Cell sky130_fd_sc_hd__a21o_2 read from path /Users/egehuriel/.ciel/sky130A/libs.ref/sky130_fd_sc_hd/maglef
Cell sky130_fd_sc_hd__and2b_2 read from path /Users/egehuriel/.ciel/sky130A/libs.ref/sky130_fd_sc_hd/maglef
Cell sky130_fd_sc_hd__nand4_2 read from path /Users/egehuriel/.ciel/sky130A/libs.ref/sky130_fd_sc_hd/maglef
Cell sky130_fd_sc_hd__and3b_2 read from path /Users/egehuriel/.ciel/sky130A/libs.ref/sky130_fd_sc_hd/maglef
Cell sky130_fd_sc_hd__dfxtp_2 read from path /Users/egehuriel/.ciel/sky130A/libs.ref/sky130_fd_sc_hd/maglef
Cell sky130_fd_sc_hd__conb_1 read from path /Users/egehuriel/.ciel/sky130A/libs.ref/sky130_fd_sc_hd/maglef
Cell sky130_fd_sc_hd__clkbuf_16 read from path /Users/egehuriel/.ciel/sky130A/libs.ref/sky130_fd_sc_hd/maglef
  Processed 23528 subcell instances total.
  Processed 28 pins total.
  Processed 2 special nets total.
  Processed 77 nets total.
DEF read: Processed 44009 lines.
Moving label "_011_" from metal1 to via1 in cell cpu_top.
Processing cpu_top
Extracting sky130_ef_sc_hd__decap_12 into sky130_ef_sc_hd__decap_12.ext:
Extracting sky130_fd_sc_hd__decap_3 into sky130_fd_sc_hd__decap_3.ext:
Extracting sky130_fd_sc_hd__fill_1 into sky130_fd_sc_hd__fill_1.ext:
Extracting sky130_fd_sc_hd__tapvpwrvgnd_1 into sky130_fd_sc_hd__tapvpwrvgnd_1.ext:
Extracting sky130_fd_sc_hd__decap_4 into sky130_fd_sc_hd__decap_4.ext:
Extracting sky130_fd_sc_hd__decap_6 into sky130_fd_sc_hd__decap_6.ext:
Extracting sky130_fd_sc_hd__decap_8 into sky130_fd_sc_hd__decap_8.ext:
Extracting sky130_fd_sc_hd__fill_2 into sky130_fd_sc_hd__fill_2.ext:
Extracting sky130_fd_sc_hd__inv_2 into sky130_fd_sc_hd__inv_2.ext:
Extracting sky130_fd_sc_hd__a21oi_2 into sky130_fd_sc_hd__a21oi_2.ext:
Extracting sky130_fd_sc_hd__and3_2 into sky130_fd_sc_hd__and3_2.ext:
Extracting sky130_fd_sc_hd__buf_1 into sky130_fd_sc_hd__buf_1.ext:
Extracting sky130_fd_sc_hd__o21a_2 into sky130_fd_sc_hd__o21a_2.ext:
Extracting sky130_fd_sc_hd__dfxtp_2 into sky130_fd_sc_hd__dfxtp_2.ext:
Extracting sky130_fd_sc_hd__a21o_2 into sky130_fd_sc_hd__a21o_2.ext:
Extracting sky130_fd_sc_hd__nand4_2 into sky130_fd_sc_hd__nand4_2.ext:
Extracting sky130_fd_sc_hd__a31o_2 into sky130_fd_sc_hd__a31o_2.ext:
Extracting sky130_fd_sc_hd__a31oi_2 into sky130_fd_sc_hd__a31oi_2.ext:
Extracting sky130_fd_sc_hd__and3b_2 into sky130_fd_sc_hd__and3b_2.ext:
Extracting sky130_fd_sc_hd__nand2_2 into sky130_fd_sc_hd__nand2_2.ext:
Extracting sky130_fd_sc_hd__conb_1 into sky130_fd_sc_hd__conb_1.ext:
Extracting sky130_fd_sc_hd__and4_2 into sky130_fd_sc_hd__and4_2.ext:
Extracting sky130_fd_sc_hd__clkbuf_16 into sky130_fd_sc_hd__clkbuf_16.ext:
Extracting sky130_fd_sc_hd__nor2_2 into sky130_fd_sc_hd__nor2_2.ext:
Extracting sky130_fd_sc_hd__nor3_2 into sky130_fd_sc_hd__nor3_2.ext:
Extracting sky130_fd_sc_hd__a221oi_2 into sky130_fd_sc_hd__a221oi_2.ext:
Extracting sky130_fd_sc_hd__and2_2 into sky130_fd_sc_hd__and2_2.ext:
Extracting sky130_fd_sc_hd__and2b_2 into sky130_fd_sc_hd__and2b_2.ext:
Extracting cpu_top into cpu_top.ext:
exttospice finished.
