OpenROAD 41a51eaf4ca2171c92ff38afb91eb37bbd3f36da 
This program is licensed under the BSD-3 license. See the LICENSE file for details.
Components of this program may be licensed under more restrictive licenses which must be honored.
[INFO ODB-0222] Reading LEF file: /openlane/designs/part4_halfcpu/runs/RUN_2026.05.16_10.31.06/tmp/merged.nom.lef
[INFO ODB-0223]     Created 14 technology layers
[INFO ODB-0224]     Created 25 technology vias
[INFO ODB-0225]     Created 441 library cells
[INFO ODB-0226] Finished LEF file:  /openlane/designs/part4_halfcpu/runs/RUN_2026.05.16_10.31.06/tmp/merged.nom.lef
[INFO ODB-0127] Reading DEF file: /openlane/designs/part4_halfcpu/runs/RUN_2026.05.16_10.31.06/results/routing/cpu_top.def
[INFO ODB-0128] Design: cpu_top
[INFO ODB-0130]     Created 28 pins.
[INFO ODB-0131]     Created 23528 components and 87815 component-terminals.
[INFO ODB-0132]     Created 2 special nets and 87564 connections.
[INFO ODB-0133]     Created 77 nets and 243 connections.
[INFO ODB-0134] Finished DEF file: /openlane/designs/part4_halfcpu/runs/RUN_2026.05.16_10.31.06/results/routing/cpu_top.def
Top-level design name: cpu_top
Found default power net 'VPWR'
Found default ground net 'VGND'
Found 1 power ports.
Found 1 ground ports.
Modified power connections of 23528/23528 cells.
