
===========================================================================
report_checks -unconstrained
===========================================================================
======================= Typical Corner ===================================

Startpoint: B[6] (input port clocked by __VIRTUAL_CLK__)
Endpoint: Y[0] (output port clocked by __VIRTUAL_CLK__)
Path Group: __VIRTUAL_CLK__
Path Type: max

Fanout     Cap    Slew   Delay    Time   Description
-----------------------------------------------------------------------------
                  0.00    0.00    0.00   clock __VIRTUAL_CLK__ (rise edge)
                          0.00    0.00   clock network delay (ideal)
                          2.00    2.00 v input external delay
                  0.01    0.00    2.00 v B[6] (in)
     1    0.00                           B[6] (net)
                  0.01    0.00    2.00 v input15/A (sky130_fd_sc_hd__clkbuf_4)
                  0.09    0.18    2.18 v input15/X (sky130_fd_sc_hd__clkbuf_4)
     2    0.04                           net15 (net)
                  0.09    0.00    2.19 v _0658_/A (sky130_fd_sc_hd__or3_4)
                  0.14    0.54    2.72 v _0658_/X (sky130_fd_sc_hd__or3_4)
     5    0.06                           _0309_ (net)
                  0.14    0.00    2.73 v _0666_/D (sky130_fd_sc_hd__or4_4)
                  0.12    0.54    3.26 v _0666_/X (sky130_fd_sc_hd__or4_4)
     2    0.03                           _0395_ (net)
                  0.12    0.00    3.26 v _0667_/A3 (sky130_fd_sc_hd__o31a_4)
                  0.14    0.43    3.69 v _0667_/X (sky130_fd_sc_hd__o31a_4)
     4    0.08                           _0406_ (net)
                  0.14    0.01    3.70 v _0668_/B (sky130_fd_sc_hd__or2_4)
                  0.11    0.36    4.06 v _0668_/X (sky130_fd_sc_hd__or2_4)
     4    0.06                           _0417_ (net)
                  0.11    0.01    4.07 v _0676_/A2 (sky130_fd_sc_hd__a31o_4)
                  0.09    0.33    4.40 v _0676_/X (sky130_fd_sc_hd__a31o_4)
     5    0.05                           _0503_ (net)
                  0.09    0.00    4.40 v _0683_/A3 (sky130_fd_sc_hd__a41o_4)
                  0.09    0.35    4.75 v _0683_/X (sky130_fd_sc_hd__a41o_4)
     3    0.04                           _0578_ (net)
                  0.09    0.00    4.75 v _0690_/A2 (sky130_fd_sc_hd__a32o_4)
                  0.11    0.40    5.16 v _0690_/X (sky130_fd_sc_hd__a32o_4)
     3    0.05                           _0626_ (net)
                  0.11    0.01    5.17 v _0692_/A3 (sky130_fd_sc_hd__a31o_2)
                  0.07    0.32    5.49 v _0692_/X (sky130_fd_sc_hd__a31o_2)
     1    0.02                           _0628_ (net)
                  0.07    0.00    5.49 v _0693_/A2 (sky130_fd_sc_hd__a211oi_4)
                  0.29    0.35    5.85 ^ _0693_/Y (sky130_fd_sc_hd__a211oi_4)
     3    0.02                           _0629_ (net)
                  0.29    0.00    5.85 ^ max_cap52/A (sky130_fd_sc_hd__clkbuf_2)
                  0.13    0.25    6.10 ^ max_cap52/X (sky130_fd_sc_hd__clkbuf_2)
     2    0.02                           net52 (net)
                  0.13    0.00    6.10 ^ max_cap50/A (sky130_fd_sc_hd__clkbuf_2)
                  0.11    0.19    6.29 ^ max_cap50/X (sky130_fd_sc_hd__clkbuf_2)
     1    0.02                           net50 (net)
                  0.11    0.00    6.29 ^ _0716_/A (sky130_fd_sc_hd__nand2_8)
                  0.08    0.10    6.39 v _0716_/Y (sky130_fd_sc_hd__nand2_8)
     3    0.05                           _0652_ (net)
                  0.08    0.00    6.39 v _0717_/S (sky130_fd_sc_hd__mux2_8)
                  0.10    0.41    6.81 v _0717_/X (sky130_fd_sc_hd__mux2_8)
     4    0.06                           _0653_ (net)
                  0.10    0.01    6.82 v _0720_/A2 (sky130_fd_sc_hd__a22oi_4)
                  0.29    0.35    7.16 ^ _0720_/Y (sky130_fd_sc_hd__a22oi_4)
     2    0.03                           _0002_ (net)
                  0.29    0.00    7.17 ^ _0730_/A2 (sky130_fd_sc_hd__o31ai_1)
                  0.08    0.14    7.30 v _0730_/Y (sky130_fd_sc_hd__o31ai_1)
     1    0.00                           _0012_ (net)
                  0.08    0.00    7.30 v wire44/A (sky130_fd_sc_hd__buf_2)
                  0.07    0.19    7.49 v wire44/X (sky130_fd_sc_hd__buf_2)
     2    0.03                           net44 (net)
                  0.07    0.00    7.49 v _0732_/A2 (sky130_fd_sc_hd__a21oi_4)
                  0.36    0.36    7.86 ^ _0732_/Y (sky130_fd_sc_hd__a21oi_4)
     5    0.05                           _0014_ (net)
                  0.36    0.01    7.86 ^ _0733_/S (sky130_fd_sc_hd__mux2_4)
                  0.10    0.43    8.29 v _0733_/X (sky130_fd_sc_hd__mux2_4)
     3    0.04                           _0015_ (net)
                  0.10    0.00    8.29 v _0746_/B (sky130_fd_sc_hd__xnor2_1)
                  0.06    0.15    8.44 v _0746_/Y (sky130_fd_sc_hd__xnor2_1)
     1    0.00                           _0028_ (net)
                  0.06    0.00    8.44 v wire40/A (sky130_fd_sc_hd__buf_4)
                  0.07    0.19    8.63 v wire40/X (sky130_fd_sc_hd__buf_4)
     3    0.05                           net40 (net)
                  0.07    0.00    8.64 v _0763_/A1 (sky130_fd_sc_hd__a21o_4)
                  0.07    0.27    8.90 v _0763_/X (sky130_fd_sc_hd__a21o_4)
     2    0.04                           _0045_ (net)
                  0.08    0.00    8.91 v _0765_/A2 (sky130_fd_sc_hd__a21o_4)
                  0.11    0.32    9.22 v _0765_/X (sky130_fd_sc_hd__a21o_4)
     4    0.07                           _0047_ (net)
                  0.11    0.01    9.24 v _0776_/A1 (sky130_fd_sc_hd__a32oi_4)
                  0.31    0.32    9.56 ^ _0776_/Y (sky130_fd_sc_hd__a32oi_4)
     4    0.03                           _0058_ (net)
                  0.31    0.00    9.56 ^ _0780_/A2 (sky130_fd_sc_hd__a21oi_2)
                  0.11    0.17    9.73 v _0780_/Y (sky130_fd_sc_hd__a21oi_2)
     2    0.02                           _0062_ (net)
                  0.11    0.00    9.73 v max_cap38/A (sky130_fd_sc_hd__buf_4)
                  0.07    0.21    9.94 v max_cap38/X (sky130_fd_sc_hd__buf_4)
     4    0.04                           net38 (net)
                  0.07    0.00    9.95 v max_cap37/A (sky130_fd_sc_hd__buf_4)
                  0.07    0.20   10.14 v max_cap37/X (sky130_fd_sc_hd__buf_4)
     5    0.04                           net37 (net)
                  0.07    0.00   10.15 v _0788_/A2 (sky130_fd_sc_hd__o21ba_4)
                  0.09    0.28   10.43 v _0788_/X (sky130_fd_sc_hd__o21ba_4)
     4    0.05                           _0070_ (net)
                  0.09    0.00   10.43 v _0829_/A2 (sky130_fd_sc_hd__o31ai_1)
                  0.30    0.34   10.77 ^ _0829_/Y (sky130_fd_sc_hd__o31ai_1)
     1    0.01                           _0111_ (net)
                  0.30    0.00   10.77 ^ wire36/A (sky130_fd_sc_hd__buf_2)
                  0.13    0.26   11.03 ^ wire36/X (sky130_fd_sc_hd__buf_2)
     2    0.03                           net36 (net)
                  0.13    0.00   11.03 ^ _0834_/A3 (sky130_fd_sc_hd__a32o_1)
                  0.11    0.24   11.26 ^ _0834_/X (sky130_fd_sc_hd__a32o_1)
     1    0.01                           _0116_ (net)
                  0.11    0.00   11.26 ^ _0835_/B1 (sky130_fd_sc_hd__a41o_4)
                  0.13    0.19   11.45 ^ _0835_/X (sky130_fd_sc_hd__a41o_4)
     3    0.04                           _0117_ (net)
                  0.13    0.00   11.45 ^ _0836_/B (sky130_fd_sc_hd__and2_2)
                  0.14    0.25   11.70 ^ _0836_/X (sky130_fd_sc_hd__and2_2)
     1    0.03                           _0118_ (net)
                  0.14    0.00   11.71 ^ _0837_/A (sky130_fd_sc_hd__buf_6)
                  0.17    0.23   11.93 ^ _0837_/X (sky130_fd_sc_hd__buf_6)
     8    0.08                           _0119_ (net)
                  0.17    0.01   11.95 ^ _0850_/S (sky130_fd_sc_hd__mux2_2)
                  0.09    0.43   12.38 v _0850_/X (sky130_fd_sc_hd__mux2_2)
     2    0.02                           _0132_ (net)
                  0.09    0.00   12.38 v _0861_/A2 (sky130_fd_sc_hd__a221o_1)
                  0.08    0.42   12.80 v _0861_/X (sky130_fd_sc_hd__a221o_1)
     1    0.01                           _0143_ (net)
                  0.08    0.00   12.80 v _0863_/A2 (sky130_fd_sc_hd__a21o_1)
                  0.04    0.20   13.00 v _0863_/X (sky130_fd_sc_hd__a21o_1)
     1    0.00                           _0145_ (net)
                  0.04    0.00   13.00 v _0871_/A2 (sky130_fd_sc_hd__a21o_1)
                  0.08    0.23   13.23 v _0871_/X (sky130_fd_sc_hd__a21o_1)
     1    0.01                           _0153_ (net)
                  0.08    0.00   13.23 v _0881_/A1 (sky130_fd_sc_hd__a21oi_4)
                  0.20    0.22   13.45 ^ _0881_/Y (sky130_fd_sc_hd__a21oi_4)
     1    0.02                           _0163_ (net)
                  0.20    0.00   13.45 ^ _0895_/A (sky130_fd_sc_hd__or4_2)
                  0.09    0.22   13.67 ^ _0895_/X (sky130_fd_sc_hd__or4_2)
     1    0.02                           _0177_ (net)
                  0.10    0.00   13.67 ^ _0896_/A (sky130_fd_sc_hd__clkbuf_2)
                  0.10    0.17   13.84 ^ _0896_/X (sky130_fd_sc_hd__clkbuf_2)
     1    0.02                           net20 (net)
                  0.10    0.00   13.84 ^ output20/A (sky130_fd_sc_hd__buf_2)
                  0.17    0.23   14.07 ^ output20/X (sky130_fd_sc_hd__buf_2)
     1    0.03                           Y[0] (net)
                  0.17    0.00   14.07 ^ Y[0] (out)
                                 14.07   data arrival time

                  0.00   10.00   10.00   clock __VIRTUAL_CLK__ (rise edge)
                          0.00   10.00   clock network delay (ideal)
                         -0.25    9.75   clock uncertainty
                          0.00    9.75   clock reconvergence pessimism
                         -2.00    7.75   output external delay
                                  7.75   data required time
-----------------------------------------------------------------------------
                                  7.75   data required time
                                -14.07   data arrival time
-----------------------------------------------------------------------------
                                 -6.32   slack (VIOLATED)




===========================================================================
report_checks --slack_max -0.01
============================================================================
======================= Typical Corner ===================================

Startpoint: B[6] (input port clocked by __VIRTUAL_CLK__)
Endpoint: Y[0] (output port clocked by __VIRTUAL_CLK__)
Path Group: __VIRTUAL_CLK__
Path Type: max

Fanout     Cap    Slew   Delay    Time   Description
-----------------------------------------------------------------------------
                  0.00    0.00    0.00   clock __VIRTUAL_CLK__ (rise edge)
                          0.00    0.00   clock network delay (ideal)
                          2.00    2.00 v input external delay
                  0.01    0.00    2.00 v B[6] (in)
     1    0.00                           B[6] (net)
                  0.01    0.00    2.00 v input15/A (sky130_fd_sc_hd__clkbuf_4)
                  0.09    0.18    2.18 v input15/X (sky130_fd_sc_hd__clkbuf_4)
     2    0.04                           net15 (net)
                  0.09    0.00    2.19 v _0658_/A (sky130_fd_sc_hd__or3_4)
                  0.14    0.54    2.72 v _0658_/X (sky130_fd_sc_hd__or3_4)
     5    0.06                           _0309_ (net)
                  0.14    0.00    2.73 v _0666_/D (sky130_fd_sc_hd__or4_4)
                  0.12    0.54    3.26 v _0666_/X (sky130_fd_sc_hd__or4_4)
     2    0.03                           _0395_ (net)
                  0.12    0.00    3.26 v _0667_/A3 (sky130_fd_sc_hd__o31a_4)
                  0.14    0.43    3.69 v _0667_/X (sky130_fd_sc_hd__o31a_4)
     4    0.08                           _0406_ (net)
                  0.14    0.01    3.70 v _0668_/B (sky130_fd_sc_hd__or2_4)
                  0.11    0.36    4.06 v _0668_/X (sky130_fd_sc_hd__or2_4)
     4    0.06                           _0417_ (net)
                  0.11    0.01    4.07 v _0676_/A2 (sky130_fd_sc_hd__a31o_4)
                  0.09    0.33    4.40 v _0676_/X (sky130_fd_sc_hd__a31o_4)
     5    0.05                           _0503_ (net)
                  0.09    0.00    4.40 v _0683_/A3 (sky130_fd_sc_hd__a41o_4)
                  0.09    0.35    4.75 v _0683_/X (sky130_fd_sc_hd__a41o_4)
     3    0.04                           _0578_ (net)
                  0.09    0.00    4.75 v _0690_/A2 (sky130_fd_sc_hd__a32o_4)
                  0.11    0.40    5.16 v _0690_/X (sky130_fd_sc_hd__a32o_4)
     3    0.05                           _0626_ (net)
                  0.11    0.01    5.17 v _0692_/A3 (sky130_fd_sc_hd__a31o_2)
                  0.07    0.32    5.49 v _0692_/X (sky130_fd_sc_hd__a31o_2)
     1    0.02                           _0628_ (net)
                  0.07    0.00    5.49 v _0693_/A2 (sky130_fd_sc_hd__a211oi_4)
                  0.29    0.35    5.85 ^ _0693_/Y (sky130_fd_sc_hd__a211oi_4)
     3    0.02                           _0629_ (net)
                  0.29    0.00    5.85 ^ max_cap52/A (sky130_fd_sc_hd__clkbuf_2)
                  0.13    0.25    6.10 ^ max_cap52/X (sky130_fd_sc_hd__clkbuf_2)
     2    0.02                           net52 (net)
                  0.13    0.00    6.10 ^ max_cap50/A (sky130_fd_sc_hd__clkbuf_2)
                  0.11    0.19    6.29 ^ max_cap50/X (sky130_fd_sc_hd__clkbuf_2)
     1    0.02                           net50 (net)
                  0.11    0.00    6.29 ^ _0716_/A (sky130_fd_sc_hd__nand2_8)
                  0.08    0.10    6.39 v _0716_/Y (sky130_fd_sc_hd__nand2_8)
     3    0.05                           _0652_ (net)
                  0.08    0.00    6.39 v _0717_/S (sky130_fd_sc_hd__mux2_8)
                  0.10    0.41    6.81 v _0717_/X (sky130_fd_sc_hd__mux2_8)
     4    0.06                           _0653_ (net)
                  0.10    0.01    6.82 v _0720_/A2 (sky130_fd_sc_hd__a22oi_4)
                  0.29    0.35    7.16 ^ _0720_/Y (sky130_fd_sc_hd__a22oi_4)
     2    0.03                           _0002_ (net)
                  0.29    0.00    7.17 ^ _0730_/A2 (sky130_fd_sc_hd__o31ai_1)
                  0.08    0.14    7.30 v _0730_/Y (sky130_fd_sc_hd__o31ai_1)
     1    0.00                           _0012_ (net)
                  0.08    0.00    7.30 v wire44/A (sky130_fd_sc_hd__buf_2)
                  0.07    0.19    7.49 v wire44/X (sky130_fd_sc_hd__buf_2)
     2    0.03                           net44 (net)
                  0.07    0.00    7.49 v _0732_/A2 (sky130_fd_sc_hd__a21oi_4)
                  0.36    0.36    7.86 ^ _0732_/Y (sky130_fd_sc_hd__a21oi_4)
     5    0.05                           _0014_ (net)
                  0.36    0.01    7.86 ^ _0733_/S (sky130_fd_sc_hd__mux2_4)
                  0.10    0.43    8.29 v _0733_/X (sky130_fd_sc_hd__mux2_4)
     3    0.04                           _0015_ (net)
                  0.10    0.00    8.29 v _0746_/B (sky130_fd_sc_hd__xnor2_1)
                  0.06    0.15    8.44 v _0746_/Y (sky130_fd_sc_hd__xnor2_1)
     1    0.00                           _0028_ (net)
                  0.06    0.00    8.44 v wire40/A (sky130_fd_sc_hd__buf_4)
                  0.07    0.19    8.63 v wire40/X (sky130_fd_sc_hd__buf_4)
     3    0.05                           net40 (net)
                  0.07    0.00    8.64 v _0763_/A1 (sky130_fd_sc_hd__a21o_4)
                  0.07    0.27    8.90 v _0763_/X (sky130_fd_sc_hd__a21o_4)
     2    0.04                           _0045_ (net)
                  0.08    0.00    8.91 v _0765_/A2 (sky130_fd_sc_hd__a21o_4)
                  0.11    0.32    9.22 v _0765_/X (sky130_fd_sc_hd__a21o_4)
     4    0.07                           _0047_ (net)
                  0.11    0.01    9.24 v _0776_/A1 (sky130_fd_sc_hd__a32oi_4)
                  0.31    0.32    9.56 ^ _0776_/Y (sky130_fd_sc_hd__a32oi_4)
     4    0.03                           _0058_ (net)
                  0.31    0.00    9.56 ^ _0780_/A2 (sky130_fd_sc_hd__a21oi_2)
                  0.11    0.17    9.73 v _0780_/Y (sky130_fd_sc_hd__a21oi_2)
     2    0.02                           _0062_ (net)
                  0.11    0.00    9.73 v max_cap38/A (sky130_fd_sc_hd__buf_4)
                  0.07    0.21    9.94 v max_cap38/X (sky130_fd_sc_hd__buf_4)
     4    0.04                           net38 (net)
                  0.07    0.00    9.95 v max_cap37/A (sky130_fd_sc_hd__buf_4)
                  0.07    0.20   10.14 v max_cap37/X (sky130_fd_sc_hd__buf_4)
     5    0.04                           net37 (net)
                  0.07    0.00   10.15 v _0788_/A2 (sky130_fd_sc_hd__o21ba_4)
                  0.09    0.28   10.43 v _0788_/X (sky130_fd_sc_hd__o21ba_4)
     4    0.05                           _0070_ (net)
                  0.09    0.00   10.43 v _0829_/A2 (sky130_fd_sc_hd__o31ai_1)
                  0.30    0.34   10.77 ^ _0829_/Y (sky130_fd_sc_hd__o31ai_1)
     1    0.01                           _0111_ (net)
                  0.30    0.00   10.77 ^ wire36/A (sky130_fd_sc_hd__buf_2)
                  0.13    0.26   11.03 ^ wire36/X (sky130_fd_sc_hd__buf_2)
     2    0.03                           net36 (net)
                  0.13    0.00   11.03 ^ _0834_/A3 (sky130_fd_sc_hd__a32o_1)
                  0.11    0.24   11.26 ^ _0834_/X (sky130_fd_sc_hd__a32o_1)
     1    0.01                           _0116_ (net)
                  0.11    0.00   11.26 ^ _0835_/B1 (sky130_fd_sc_hd__a41o_4)
                  0.13    0.19   11.45 ^ _0835_/X (sky130_fd_sc_hd__a41o_4)
     3    0.04                           _0117_ (net)
                  0.13    0.00   11.45 ^ _0836_/B (sky130_fd_sc_hd__and2_2)
                  0.14    0.25   11.70 ^ _0836_/X (sky130_fd_sc_hd__and2_2)
     1    0.03                           _0118_ (net)
                  0.14    0.00   11.71 ^ _0837_/A (sky130_fd_sc_hd__buf_6)
                  0.17    0.23   11.93 ^ _0837_/X (sky130_fd_sc_hd__buf_6)
     8    0.08                           _0119_ (net)
                  0.17    0.01   11.95 ^ _0850_/S (sky130_fd_sc_hd__mux2_2)
                  0.09    0.43   12.38 v _0850_/X (sky130_fd_sc_hd__mux2_2)
     2    0.02                           _0132_ (net)
                  0.09    0.00   12.38 v _0861_/A2 (sky130_fd_sc_hd__a221o_1)
                  0.08    0.42   12.80 v _0861_/X (sky130_fd_sc_hd__a221o_1)
     1    0.01                           _0143_ (net)
                  0.08    0.00   12.80 v _0863_/A2 (sky130_fd_sc_hd__a21o_1)
                  0.04    0.20   13.00 v _0863_/X (sky130_fd_sc_hd__a21o_1)
     1    0.00                           _0145_ (net)
                  0.04    0.00   13.00 v _0871_/A2 (sky130_fd_sc_hd__a21o_1)
                  0.08    0.23   13.23 v _0871_/X (sky130_fd_sc_hd__a21o_1)
     1    0.01                           _0153_ (net)
                  0.08    0.00   13.23 v _0881_/A1 (sky130_fd_sc_hd__a21oi_4)
                  0.20    0.22   13.45 ^ _0881_/Y (sky130_fd_sc_hd__a21oi_4)
     1    0.02                           _0163_ (net)
                  0.20    0.00   13.45 ^ _0895_/A (sky130_fd_sc_hd__or4_2)
                  0.09    0.22   13.67 ^ _0895_/X (sky130_fd_sc_hd__or4_2)
     1    0.02                           _0177_ (net)
                  0.10    0.00   13.67 ^ _0896_/A (sky130_fd_sc_hd__clkbuf_2)
                  0.10    0.17   13.84 ^ _0896_/X (sky130_fd_sc_hd__clkbuf_2)
     1    0.02                           net20 (net)
                  0.10    0.00   13.84 ^ output20/A (sky130_fd_sc_hd__buf_2)
                  0.17    0.23   14.07 ^ output20/X (sky130_fd_sc_hd__buf_2)
     1    0.03                           Y[0] (net)
                  0.17    0.00   14.07 ^ Y[0] (out)
                                 14.07   data arrival time

                  0.00   10.00   10.00   clock __VIRTUAL_CLK__ (rise edge)
                          0.00   10.00   clock network delay (ideal)
                         -0.25    9.75   clock uncertainty
                          0.00    9.75   clock reconvergence pessimism
                         -2.00    7.75   output external delay
                                  7.75   data required time
-----------------------------------------------------------------------------
                                  7.75   data required time
                                -14.07   data arrival time
-----------------------------------------------------------------------------
                                 -6.32   slack (VIOLATED)




===========================================================================
 report_check_types -max_slew -max_cap -max_fanout -violators
============================================================================
======================= Typical Corner ===================================



===========================================================================
report_parasitic_annotation -report_unannotated
============================================================================
Found 752 unannotated drivers.
 A[0]
 A[1]
 A[2]
 A[3]
 A[4]
 A[5]
 A[6]
 A[7]
 B[0]
 B[1]
 B[2]
 B[3]
 B[4]
 B[5]
 B[6]
 B[7]
 op[0]
 op[1]
 op[2]
 _0654_/X
 _0655_/X
 _0656_/X
 _0657_/X
 _0658_/X
 _0659_/Y
 _0660_/Y
 _0661_/Y
 _0662_/X
 _0663_/Y
 _0664_/X
 _0665_/Y
 _0666_/X
 _0667_/X
 _0668_/X
 _0669_/Y
 _0670_/Y
 _0671_/X
 _0672_/Y
 _0673_/Y
 _0674_/X
 _0675_/Y
 _0676_/X
 _0677_/X
 _0678_/Y
 _0679_/Y
 _0680_/Y
 _0681_/X
 _0682_/X
 _0683_/X
 _0684_/X
 _0685_/X
 _0686_/Y
 _0687_/X
 _0688_/X
 _0689_/Y
 _0690_/X
 _0691_/X
 _0692_/X
 _0693_/Y
 _0694_/X
 _0695_/X
 _0696_/Y
 _0697_/X
 _0698_/Y
 _0699_/X
 _0700_/Y
 _0701_/Y
 _0702_/X
 _0703_/Y
 _0704_/X
 _0705_/Y
 _0706_/X
 _0707_/Y
 _0708_/Y
 _0709_/X
 _0710_/X
 _0711_/X
 _0712_/X
 _0713_/Y
 _0714_/X
 _0715_/Y
 _0716_/Y
 _0717_/X
 _0718_/Y
 _0719_/X
 _0720_/Y
 _0721_/X
 _0722_/Y
 _0723_/X
 _0724_/X
 _0725_/X
 _0726_/Y
 _0727_/X
 _0728_/X
 _0729_/X
 _0730_/Y
 _0731_/X
 _0732_/Y
 _0733_/X
 _0734_/X
 _0735_/X
 _0736_/X
 _0737_/X
 _0738_/X
 _0739_/X
 _0740_/Y
 _0741_/X
 _0742_/X
 _0743_/X
 _0744_/X
 _0745_/Y
 _0746_/Y
 _0747_/X
 _0748_/X
 _0749_/Y
 _0750_/Y
 _0751_/Y
 _0752_/X
 _0753_/Y
 _0754_/X
 _0755_/X
 _0756_/Y
 _0757_/X
 _0758_/X
 _0759_/X
 _0760_/X
 _0761_/X
 _0762_/Y
 _0763_/X
 _0764_/Y
 _0765_/X
 _0766_/Y
 _0767_/X
 _0768_/Y
 _0769_/Y
 _0770_/X
 _0771_/Y
 _0772_/X
 _0773_/Y
 _0774_/X
 _0775_/X
 _0776_/Y
 _0777_/X
 _0778_/X
 _0779_/X
 _0780_/Y
 _0781_/Y
 _0782_/X
 _0783_/X
 _0784_/Y
 _0785_/X
 _0786_/Y
 _0787_/X
 _0788_/X
 _0789_/Y
 _0790_/Y
 _0791_/Y
 _0792_/X
 _0793_/X
 _0794_/X
 _0795_/Y
 _0796_/Y
 _0797_/Y
 _0798_/X
 _0799_/X
 _0800_/X
 _0801_/X
 _0802_/X
 _0803_/X
 _0804_/X
 _0805_/X
 _0806_/X
 _0807_/Y
 _0808_/X
 _0809_/X
 _0810_/X
 _0811_/Y
 _0812_/Y
 _0813_/X
 _0814_/X
 _0815_/Y
 _0816_/X
 _0817_/X
 _0818_/Y
 _0819_/Y
 _0820_/X
 _0821_/Y
 _0822_/X
 _0823_/X
 _0824_/Y
 _0825_/Y
 _0826_/X
 _0827_/X
 _0828_/X
 _0829_/Y
 _0830_/Y
 _0831_/Y
 _0832_/X
 _0833_/X
 _0834_/X
 _0835_/X
 _0836_/X
 _0837_/X
 _0838_/X
 _0839_/X
 _0840_/Y
 _0841_/X
 _0842_/X
 _0843_/X
 _0844_/X
 _0845_/X
 _0846_/Y
 _0847_/X
 _0848_/Y
 _0849_/Y
 _0850_/X
 _0851_/X
 _0852_/X
 _0853_/X
 _0854_/Y
 _0855_/Y
 _0856_/Y
 _0857_/X
 _0858_/Y
 _0859_/X
 _0860_/X
 _0861_/X
 _0862_/X
 _0863_/X
 _0864_/Y
 _0865_/Y
 _0866_/Y
 _0867_/X
 _0868_/Y
 _0869_/X
 _0870_/X
 _0871_/X
 _0872_/X
 _0873_/X
 _0874_/X
 _0875_/X
 _0876_/X
 _0877_/X
 _0878_/X
 _0879_/Y
 _0880_/X
 _0881_/Y
 _0882_/X
 _0883_/X
 _0884_/Y
 _0885_/X
 _0886_/Y
 _0887_/X
 _0888_/X
 _0889_/X
 _0890_/X
 _0891_/X
 _0892_/Y
 _0893_/Y
 _0894_/Y
 _0895_/X
 _0896_/X
 _0897_/Y
 _0898_/Y
 _0899_/X
 _0900_/X
 _0901_/Y
 _0902_/X
 _0903_/X
 _0904_/X
 _0905_/X
 _0906_/X
 _0907_/Y
 _0908_/X
 _0909_/X
 _0910_/X
 _0911_/X
 _0912_/Y
 _0913_/X
 _0914_/X
 _0915_/X
 _0916_/X
 _0917_/X
 _0918_/X
 _0919_/Y
 _0920_/Y
 _0921_/Y
 _0922_/Y
 _0923_/Y
 _0924_/X
 _0925_/X
 _0926_/X
 _0927_/X
 _0928_/X
 _0929_/X
 _0930_/Y
 _0931_/X
 _0932_/Y
 _0933_/X
 _0934_/Y
 _0935_/X
 _0936_/Y
 _0937_/Y
 _0938_/Y
 _0939_/X
 _0940_/X
 _0941_/X
 _0942_/X
 _0943_/Y
 _0944_/X
 _0945_/Y
 _0946_/X
 _0947_/X
 _0948_/X
 _0949_/Y
 _0950_/X
 _0951_/Y
 _0952_/X
 _0953_/Y
 _0954_/X
 _0955_/X
 _0956_/Y
 _0957_/X
 _0958_/Y
 _0959_/X
 _0960_/X
 _0961_/X
 _0962_/Y
 _0963_/Y
 _0964_/X
 _0965_/X
 _0966_/X
 _0967_/X
 _0968_/Y
 _0969_/Y
 _0970_/Y
 _0971_/X
 _0972_/X
 _0973_/X
 _0974_/X
 _0975_/Y
 _0976_/X
 _0977_/X
 _0978_/X
 _0979_/X
 _0980_/X
 _0981_/Y
 _0982_/X
 _0983_/Y
 _0984_/X
 _0985_/X
 _0986_/Y
 _0987_/Y
 _0988_/X
 _0989_/Y
 _0990_/X
 _0991_/X
 _0992_/Y
 _0993_/X
 _0994_/X
 _0995_/Y
 _0996_/Y
 _0997_/X
 _0998_/X
 _0999_/Y
 _1000_/X
 _1001_/X
 _1002_/X
 _1003_/X
 _1004_/X
 _1005_/Y
 _1006_/Y
 _1007_/X
 _1008_/X
 _1009_/X
 _1010_/X
 _1011_/X
 _1012_/Y
 _1013_/Y
 _1014_/Y
 _1015_/X
 _1016_/Y
 _1017_/Y
 _1018_/Y
 _1019_/X
 _1020_/Y
 _1021_/Y
 _1022_/Y
 _1023_/X
 _1024_/Y
 _1025_/X
 _1026_/X
 _1027_/X
 _1028_/Y
 _1029_/Y
 _1030_/Y
 _1031_/X
 _1032_/X
 _1033_/X
 _1034_/Y
 _1035_/X
 _1036_/Y
 _1037_/X
 _1038_/Y
 _1039_/Y
 _1040_/Y
 _1041_/X
 _1042_/X
 _1043_/X
 _1044_/X
 _1045_/X
 _1046_/X
 _1047_/X
 _1048_/Y
 _1049_/X
 _1050_/Y
 _1051_/X
 _1052_/X
 _1053_/Y
 _1054_/X
 _1055_/Y
 _1056_/X
 _1057_/X
 _1058_/Y
 _1059_/Y
 _1060_/Y
 _1061_/X
 _1062_/X
 _1063_/Y
 _1064_/X
 _1065_/X
 _1066_/Y
 _1067_/Y
 _1068_/X
 _1069_/Y
 _1070_/X
 _1071_/Y
 _1072_/Y
 _1073_/Y
 _1074_/X
 _1075_/X
 _1076_/X
 _1077_/Y
 _1078_/Y
 _1079_/X
 _1080_/X
 _1081_/X
 _1082_/Y
 _1083_/Y
 _1084_/X
 _1085_/Y
 _1086_/Y
 _1087_/X
 _1088_/Y
 _1089_/Y
 _1090_/Y
 _1091_/X
 _1092_/X
 _1093_/Y
 _1094_/X
 _1095_/Y
 _1096_/Y
 _1097_/X
 _1098_/X
 _1099_/X
 _1100_/Y
 _1101_/X
 _1102_/X
 _1103_/Y
 _1104_/X
 _1105_/Y
 _1106_/X
 _1107_/Y
 _1108_/Y
 _1109_/X
 _1110_/X
 _1111_/Y
 _1112_/X
 _1113_/Y
 _1114_/X
 _1115_/X
 _1116_/Y
 _1117_/X
 _1118_/Y
 _1119_/Y
 _1120_/Y
 _1121_/Y
 _1122_/X
 _1123_/Y
 _1124_/Y
 _1125_/Y
 _1126_/X
 _1127_/Y
 _1128_/Y
 _1129_/Y
 _1130_/X
 _1131_/Y
 _1132_/Y
 _1133_/Y
 _1134_/X
 _1135_/X
 _1136_/X
 _1137_/X
 _1138_/Y
 _1139_/Y
 _1140_/X
 _1141_/X
 _1142_/Y
 _1143_/Y
 _1144_/Y
 _1145_/Y
 _1146_/Y
 _1147_/Y
 _1148_/Y
 _1149_/Y
 _1150_/X
 _1151_/X
 _1152_/Y
 _1153_/X
 _1154_/X
 _1155_/X
 _1156_/X
 _1157_/X
 _1158_/X
 _1159_/Y
 _1160_/X
 _1161_/X
 _1162_/Y
 _1163_/Y
 _1164_/Y
 _1165_/X
 _1166_/X
 _1167_/X
 _1168_/X
 _1169_/Y
 _1170_/Y
 _1171_/Y
 _1172_/X
 _1173_/X
 _1174_/X
 _1175_/X
 _1176_/Y
 _1177_/Y
 _1178_/X
 _1179_/X
 _1180_/X
 _1181_/Y
 _1182_/Y
 _1183_/Y
 _1184_/Y
 _1185_/Y
 _1186_/Y
 _1187_/Y
 _1188_/X
 _1189_/Y
 _1190_/Y
 _1191_/Y
 _1192_/X
 _1193_/Y
 _1194_/X
 _1195_/X
 _1196_/Y
 _1197_/X
 _1198_/X
 _1199_/Y
 _1200_/Y
 _1201_/X
 _1202_/Y
 _1203_/Y
 _1204_/Y
 _1205_/X
 _1206_/Y
 _1207_/Y
 _1208_/X
 _1209_/Y
 _1210_/Y
 _1211_/X
 _1212_/X
 _1213_/X
 _1214_/X
 _1215_/Y
 _1216_/X
 _1217_/X
 _1218_/Y
 _1219_/Y
 _1220_/Y
 _1221_/Y
 _1222_/X
 _1223_/X
 _1224_/Y
 _1225_/X
 _1226_/X
 _1227_/X
 _1228_/X
 _1229_/X
 _1230_/X
 _1231_/Y
 _1232_/Y
 _1233_/Y
 _1234_/X
 _1235_/X
 _1236_/X
 _1237_/X
 _1238_/X
 _1239_/X
 _1240_/X
 _1241_/X
 _1242_/Y
 _1243_/Y
 _1244_/X
 _1245_/Y
 _1246_/X
 _1247_/X
 _1248_/X
 _1249_/Y
 _1250_/Y
 _1251_/Y
 _1252_/X
 _1253_/X
 _1254_/Y
 _1255_/X
 _1256_/X
 _1257_/Y
 _1258_/X
 _1259_/Y
 _1260_/Y
 _1261_/Y
 _1262_/Y
 _1263_/X
 _1264_/X
 _1265_/Y
 _1266_/X
 _1267_/Y
 _1268_/X
 _1269_/X
 _1270_/X
 _1271_/X
 _1272_/Y
 _1273_/Y
 _1274_/X
 _1275_/Y
 _1276_/X
 _1277_/Y
 _1278_/X
 _1279_/Y
 _1280_/X
 _1281_/Y
 _1282_/X
 _1283_/X
 _1284_/X
 _1285_/X
 _1286_/X
 _1287_/X
 _1288_/Y
 _1289_/X
 _1290_/X
 _1291_/Y
 _1292_/Y
 _1293_/Y
 _1294_/X
 _1295_/Y
 _1296_/Y
 _1297_/X
 _1298_/X
 _1299_/Y
 _1300_/X
 _1301_/X
 _1302_/Y
 _1303_/X
 _1304_/Y
 _1305_/X
 _1306_/X
 _1307_/Y
 _1308_/X
 _1309_/Y
 _1310_/Y
 _1311_/X
 _1312_/X
 _1313_/Y
 _1314_/Y
 _1315_/Y
 _1316_/X
 _1317_/Y
 _1318_/Y
 _1319_/X
 _1320_/X
 _1321_/X
 _1322_/X
 _1323_/X
 input1/X
 input10/X
 input11/X
 input12/X
 input13/X
 input14/X
 input15/X
 input16/X
 input17/X
 input18/X
 input19/X
 input2/X
 input3/X
 input4/X
 input5/X
 input6/X
 input7/X
 input8/X
 input9/X
 max_cap37/X
 max_cap38/X
 max_cap39/X
 max_cap41/X
 max_cap42/X
 max_cap45/X
 max_cap48/X
 max_cap49/X
 max_cap50/X
 max_cap51/X
 max_cap52/X
 max_cap54/X
 max_cap55/X
 max_cap56/X
 max_cap57/X
 max_cap58/X
 max_cap60/X
 max_cap62/X
 max_cap63/X
 output20/X
 output21/X
 output22/X
 output23/X
 output24/X
 output25/X
 output26/X
 output27/X
 output28/X
 output29/X
 output30/X
 output31/X
 output32/X
 output33/X
 output34/X
 output35/X
 wire36/X
 wire40/X
 wire43/X
 wire44/X
 wire46/X
 wire47/X
 wire53/X
 wire59/X
 wire61/X
Found 0 partially unannotated drivers.

===========================================================================
max slew violation count 0
max fanout violation count 0
max cap violation count 0
============================================================================

===========================================================================
check_setup -verbose -unconstrained_endpoints -multiple_clock -no_clock -no_input_delay -loops -generated_clocks
===========================================================================
