
===========================================================================
report_checks -path_delay min (Hold)
============================================================================
======================= Typical Corner ===================================

Startpoint: _116_ (rising edge-triggered flip-flop clocked by clk)
Endpoint: _116_ (rising edge-triggered flip-flop clocked by clk)
Path Group: clk
Path Type: min

Fanout     Cap    Slew   Delay    Time   Description
-----------------------------------------------------------------------------
                          0.00    0.00   clock clk (rise edge)
                          0.00    0.00   clock source latency
                  0.30    0.20    0.20 ^ clk (in)
     1    0.07                           clk (net)
                  0.30    0.00    0.20 ^ clkbuf_0_clk/A (sky130_fd_sc_hd__clkbuf_16)
                  0.07    0.22    0.41 ^ clkbuf_0_clk/X (sky130_fd_sc_hd__clkbuf_16)
     2    0.05                           clknet_0_clk (net)
                  0.07    0.00    0.42 ^ clkbuf_1_1__f_clk/A (sky130_fd_sc_hd__clkbuf_16)
                  0.13    0.19    0.61 ^ clkbuf_1_1__f_clk/X (sky130_fd_sc_hd__clkbuf_16)
     8    0.11                           clknet_1_1__leaf_clk (net)
                  0.13    0.01    0.62 ^ _116_/CLK (sky130_fd_sc_hd__dfrtp_2)
                  0.31    0.62    1.23 v _116_/Q (sky130_fd_sc_hd__dfrtp_2)
     5    0.13                           u_sevenseg.refresh_count[0] (net)
                  0.31    0.03    1.26 v _065_/A (sky130_fd_sc_hd__inv_2)
                  0.20    0.25    1.51 ^ _065_/Y (sky130_fd_sc_hd__inv_2)
     1    0.04                           _000_ (net)
                  0.20    0.01    1.52 ^ _116_/D (sky130_fd_sc_hd__dfrtp_2)
                                  1.52   data arrival time

                          0.00    0.00   clock clk (rise edge)
                          0.00    0.00   clock source latency
                  0.30    0.22    0.22 ^ clk (in)
     1    0.07                           clk (net)
                  0.30    0.00    0.22 ^ clkbuf_0_clk/A (sky130_fd_sc_hd__clkbuf_16)
                  0.07    0.24    0.46 ^ clkbuf_0_clk/X (sky130_fd_sc_hd__clkbuf_16)
     2    0.05                           clknet_0_clk (net)
                  0.07    0.00    0.46 ^ clkbuf_1_1__f_clk/A (sky130_fd_sc_hd__clkbuf_16)
                  0.13    0.21    0.67 ^ clkbuf_1_1__f_clk/X (sky130_fd_sc_hd__clkbuf_16)
     8    0.11                           clknet_1_1__leaf_clk (net)
                  0.13    0.01    0.68 ^ _116_/CLK (sky130_fd_sc_hd__dfrtp_2)
                          0.25    0.93   clock uncertainty
                         -0.06    0.87   clock reconvergence pessimism
                         -0.05    0.82   library hold time
                                  0.82   data required time
-----------------------------------------------------------------------------
                                  0.82   data required time
                                 -1.52   data arrival time
-----------------------------------------------------------------------------
                                  0.70   slack (MET)


Startpoint: _122_ (rising edge-triggered flip-flop clocked by clk)
Endpoint: _122_ (rising edge-triggered flip-flop clocked by clk)
Path Group: clk
Path Type: min

Fanout     Cap    Slew   Delay    Time   Description
-----------------------------------------------------------------------------
                          0.00    0.00   clock clk (rise edge)
                          0.00    0.00   clock source latency
                  0.30    0.20    0.20 ^ clk (in)
     1    0.07                           clk (net)
                  0.30    0.00    0.20 ^ clkbuf_0_clk/A (sky130_fd_sc_hd__clkbuf_16)
                  0.07    0.22    0.41 ^ clkbuf_0_clk/X (sky130_fd_sc_hd__clkbuf_16)
     2    0.05                           clknet_0_clk (net)
                  0.07    0.00    0.42 ^ clkbuf_1_1__f_clk/A (sky130_fd_sc_hd__clkbuf_16)
                  0.13    0.19    0.61 ^ clkbuf_1_1__f_clk/X (sky130_fd_sc_hd__clkbuf_16)
     8    0.11                           clknet_1_1__leaf_clk (net)
                  0.13    0.01    0.62 ^ _122_/CLK (sky130_fd_sc_hd__dfrtp_2)
                  0.35    0.64    1.26 v _122_/Q (sky130_fd_sc_hd__dfrtp_2)
     4    0.15                           u_sevenseg.refresh_count[6] (net)
                  0.35    0.02    1.28 v _079_/A (sky130_fd_sc_hd__xor2_2)
                  0.07    0.30    1.58 v _079_/X (sky130_fd_sc_hd__xor2_2)
     1    0.02                           _009_ (net)
                  0.07    0.00    1.58 v _122_/D (sky130_fd_sc_hd__dfrtp_2)
                                  1.58   data arrival time

                          0.00    0.00   clock clk (rise edge)
                          0.00    0.00   clock source latency
                  0.30    0.22    0.22 ^ clk (in)
     1    0.07                           clk (net)
                  0.30    0.00    0.22 ^ clkbuf_0_clk/A (sky130_fd_sc_hd__clkbuf_16)
                  0.07    0.24    0.46 ^ clkbuf_0_clk/X (sky130_fd_sc_hd__clkbuf_16)
     2    0.05                           clknet_0_clk (net)
                  0.07    0.00    0.46 ^ clkbuf_1_1__f_clk/A (sky130_fd_sc_hd__clkbuf_16)
                  0.13    0.21    0.67 ^ clkbuf_1_1__f_clk/X (sky130_fd_sc_hd__clkbuf_16)
     8    0.11                           clknet_1_1__leaf_clk (net)
                  0.13    0.01    0.68 ^ _122_/CLK (sky130_fd_sc_hd__dfrtp_2)
                          0.25    0.93   clock uncertainty
                         -0.06    0.87   clock reconvergence pessimism
                         -0.03    0.84   library hold time
                                  0.84   data required time
-----------------------------------------------------------------------------
                                  0.84   data required time
                                 -1.58   data arrival time
-----------------------------------------------------------------------------
                                  0.74   slack (MET)


Startpoint: _116_ (rising edge-triggered flip-flop clocked by clk)
Endpoint: _117_ (rising edge-triggered flip-flop clocked by clk)
Path Group: clk
Path Type: min

Fanout     Cap    Slew   Delay    Time   Description
-----------------------------------------------------------------------------
                          0.00    0.00   clock clk (rise edge)
                          0.00    0.00   clock source latency
                  0.30    0.20    0.20 ^ clk (in)
     1    0.07                           clk (net)
                  0.30    0.00    0.20 ^ clkbuf_0_clk/A (sky130_fd_sc_hd__clkbuf_16)
                  0.07    0.22    0.41 ^ clkbuf_0_clk/X (sky130_fd_sc_hd__clkbuf_16)
     2    0.05                           clknet_0_clk (net)
                  0.07    0.00    0.42 ^ clkbuf_1_1__f_clk/A (sky130_fd_sc_hd__clkbuf_16)
                  0.13    0.19    0.61 ^ clkbuf_1_1__f_clk/X (sky130_fd_sc_hd__clkbuf_16)
     8    0.11                           clknet_1_1__leaf_clk (net)
                  0.13    0.01    0.62 ^ _116_/CLK (sky130_fd_sc_hd__dfrtp_2)
                  0.31    0.62    1.23 v _116_/Q (sky130_fd_sc_hd__dfrtp_2)
     5    0.13                           u_sevenseg.refresh_count[0] (net)
                  0.31    0.01    1.25 v _066_/B (sky130_fd_sc_hd__xor2_2)
                  0.14    0.33    1.57 v _066_/X (sky130_fd_sc_hd__xor2_2)
     1    0.05                           _004_ (net)
                  0.15    0.01    1.59 v _117_/D (sky130_fd_sc_hd__dfrtp_2)
                                  1.59   data arrival time

                          0.00    0.00   clock clk (rise edge)
                          0.00    0.00   clock source latency
                  0.30    0.22    0.22 ^ clk (in)
     1    0.07                           clk (net)
                  0.30    0.00    0.22 ^ clkbuf_0_clk/A (sky130_fd_sc_hd__clkbuf_16)
                  0.07    0.24    0.46 ^ clkbuf_0_clk/X (sky130_fd_sc_hd__clkbuf_16)
     2    0.05                           clknet_0_clk (net)
                  0.07    0.00    0.46 ^ clkbuf_1_0__f_clk/A (sky130_fd_sc_hd__clkbuf_16)
                  0.13    0.21    0.67 ^ clkbuf_1_0__f_clk/X (sky130_fd_sc_hd__clkbuf_16)
     7    0.11                           clknet_1_0__leaf_clk (net)
                  0.13    0.01    0.68 ^ _117_/CLK (sky130_fd_sc_hd__dfrtp_2)
                          0.25    0.93   clock uncertainty
                         -0.04    0.89   clock reconvergence pessimism
                         -0.06    0.82   library hold time
                                  0.82   data required time
-----------------------------------------------------------------------------
                                  0.82   data required time
                                 -1.59   data arrival time
-----------------------------------------------------------------------------
                                  0.76   slack (MET)


Startpoint: _120_ (rising edge-triggered flip-flop clocked by clk)
Endpoint: _120_ (rising edge-triggered flip-flop clocked by clk)
Path Group: clk
Path Type: min

Fanout     Cap    Slew   Delay    Time   Description
-----------------------------------------------------------------------------
                          0.00    0.00   clock clk (rise edge)
                          0.00    0.00   clock source latency
                  0.30    0.20    0.20 ^ clk (in)
     1    0.07                           clk (net)
                  0.30    0.00    0.20 ^ clkbuf_0_clk/A (sky130_fd_sc_hd__clkbuf_16)
                  0.07    0.22    0.41 ^ clkbuf_0_clk/X (sky130_fd_sc_hd__clkbuf_16)
     2    0.05                           clknet_0_clk (net)
                  0.07    0.00    0.42 ^ clkbuf_1_1__f_clk/A (sky130_fd_sc_hd__clkbuf_16)
                  0.13    0.19    0.61 ^ clkbuf_1_1__f_clk/X (sky130_fd_sc_hd__clkbuf_16)
     8    0.11                           clknet_1_1__leaf_clk (net)
                  0.13    0.00    0.61 ^ _120_/CLK (sky130_fd_sc_hd__dfrtp_2)
                  0.40    0.68    1.29 v _120_/Q (sky130_fd_sc_hd__dfrtp_2)
     5    0.17                           u_sevenseg.refresh_count[4] (net)
                  0.40    0.00    1.30 v _075_/A (sky130_fd_sc_hd__xor2_2)
                  0.06    0.30    1.59 v _075_/X (sky130_fd_sc_hd__xor2_2)
     1    0.01                           _007_ (net)
                  0.06    0.00    1.59 v _120_/D (sky130_fd_sc_hd__dfrtp_2)
                                  1.59   data arrival time

                          0.00    0.00   clock clk (rise edge)
                          0.00    0.00   clock source latency
                  0.30    0.22    0.22 ^ clk (in)
     1    0.07                           clk (net)
                  0.30    0.00    0.22 ^ clkbuf_0_clk/A (sky130_fd_sc_hd__clkbuf_16)
                  0.07    0.24    0.46 ^ clkbuf_0_clk/X (sky130_fd_sc_hd__clkbuf_16)
     2    0.05                           clknet_0_clk (net)
                  0.07    0.00    0.46 ^ clkbuf_1_1__f_clk/A (sky130_fd_sc_hd__clkbuf_16)
                  0.13    0.21    0.67 ^ clkbuf_1_1__f_clk/X (sky130_fd_sc_hd__clkbuf_16)
     8    0.11                           clknet_1_1__leaf_clk (net)
                  0.13    0.00    0.67 ^ _120_/CLK (sky130_fd_sc_hd__dfrtp_2)
                          0.25    0.92   clock uncertainty
                         -0.06    0.86   clock reconvergence pessimism
                         -0.03    0.83   library hold time
                                  0.83   data required time
-----------------------------------------------------------------------------
                                  0.83   data required time
                                 -1.59   data arrival time
-----------------------------------------------------------------------------
                                  0.76   slack (MET)


Startpoint: _115_ (rising edge-triggered flip-flop clocked by clk)
Endpoint: _115_ (rising edge-triggered flip-flop clocked by clk)
Path Group: clk
Path Type: min

Fanout     Cap    Slew   Delay    Time   Description
-----------------------------------------------------------------------------
                          0.00    0.00   clock clk (rise edge)
                          0.00    0.00   clock source latency
                  0.30    0.20    0.20 ^ clk (in)
     1    0.07                           clk (net)
                  0.30    0.00    0.20 ^ clkbuf_0_clk/A (sky130_fd_sc_hd__clkbuf_16)
                  0.07    0.22    0.41 ^ clkbuf_0_clk/X (sky130_fd_sc_hd__clkbuf_16)
     2    0.05                           clknet_0_clk (net)
                  0.07    0.00    0.42 ^ clkbuf_1_1__f_clk/A (sky130_fd_sc_hd__clkbuf_16)
                  0.13    0.19    0.61 ^ clkbuf_1_1__f_clk/X (sky130_fd_sc_hd__clkbuf_16)
     8    0.11                           clknet_1_1__leaf_clk (net)
                  0.13    0.00    0.61 ^ _115_/CLK (sky130_fd_sc_hd__dfrtp_2)
                  0.36    0.66    1.27 v _115_/Q (sky130_fd_sc_hd__dfrtp_2)
     3    0.15                           an[0] (net)
                  0.36    0.01    1.28 v _064_/A (sky130_fd_sc_hd__xnor2_2)
                  0.20    0.36    1.64 v _064_/Y (sky130_fd_sc_hd__xnor2_2)
     1    0.04                           _027_ (net)
                  0.20    0.01    1.65 v _115_/D (sky130_fd_sc_hd__dfrtp_2)
                                  1.65   data arrival time

                          0.00    0.00   clock clk (rise edge)
                          0.00    0.00   clock source latency
                  0.30    0.22    0.22 ^ clk (in)
     1    0.07                           clk (net)
                  0.30    0.00    0.22 ^ clkbuf_0_clk/A (sky130_fd_sc_hd__clkbuf_16)
                  0.07    0.24    0.46 ^ clkbuf_0_clk/X (sky130_fd_sc_hd__clkbuf_16)
     2    0.05                           clknet_0_clk (net)
                  0.07    0.00    0.46 ^ clkbuf_1_1__f_clk/A (sky130_fd_sc_hd__clkbuf_16)
                  0.13    0.21    0.67 ^ clkbuf_1_1__f_clk/X (sky130_fd_sc_hd__clkbuf_16)
     8    0.11                           clknet_1_1__leaf_clk (net)
                  0.13    0.00    0.68 ^ _115_/CLK (sky130_fd_sc_hd__dfrtp_2)
                          0.25    0.93   clock uncertainty
                         -0.06    0.86   clock reconvergence pessimism
                         -0.09    0.78   library hold time
                                  0.78   data required time
-----------------------------------------------------------------------------
                                  0.78   data required time
                                 -1.65   data arrival time
-----------------------------------------------------------------------------
                                  0.87   slack (MET)


Startpoint: _124_ (rising edge-triggered flip-flop clocked by clk)
Endpoint: _124_ (rising edge-triggered flip-flop clocked by clk)
Path Group: clk
Path Type: min

Fanout     Cap    Slew   Delay    Time   Description
-----------------------------------------------------------------------------
                          0.00    0.00   clock clk (rise edge)
                          0.00    0.00   clock source latency
                  0.30    0.20    0.20 ^ clk (in)
     1    0.07                           clk (net)
                  0.30    0.00    0.20 ^ clkbuf_0_clk/A (sky130_fd_sc_hd__clkbuf_16)
                  0.07    0.22    0.41 ^ clkbuf_0_clk/X (sky130_fd_sc_hd__clkbuf_16)
     2    0.05                           clknet_0_clk (net)
                  0.07    0.00    0.42 ^ clkbuf_1_0__f_clk/A (sky130_fd_sc_hd__clkbuf_16)
                  0.13    0.19    0.61 ^ clkbuf_1_0__f_clk/X (sky130_fd_sc_hd__clkbuf_16)
     7    0.11                           clknet_1_0__leaf_clk (net)
                  0.13    0.01    0.62 ^ _124_/CLK (sky130_fd_sc_hd__dfrtp_2)
                  0.22    0.56    1.18 v _124_/Q (sky130_fd_sc_hd__dfrtp_2)
     3    0.09                           u_sevenseg.refresh_count[8] (net)
                  0.22    0.01    1.19 v _085_/A (sky130_fd_sc_hd__inv_2)
                  0.23    0.25    1.44 ^ _085_/Y (sky130_fd_sc_hd__inv_2)
     2    0.05                           _046_ (net)
                  0.23    0.01    1.44 ^ _087_/A1 (sky130_fd_sc_hd__o211a_2)
                  0.14    0.27    1.72 ^ _087_/X (sky130_fd_sc_hd__o211a_2)
     1    0.02                           _011_ (net)
                  0.14    0.00    1.72 ^ _124_/D (sky130_fd_sc_hd__dfrtp_2)
                                  1.72   data arrival time

                          0.00    0.00   clock clk (rise edge)
                          0.00    0.00   clock source latency
                  0.30    0.22    0.22 ^ clk (in)
     1    0.07                           clk (net)
                  0.30    0.00    0.22 ^ clkbuf_0_clk/A (sky130_fd_sc_hd__clkbuf_16)
                  0.07    0.24    0.46 ^ clkbuf_0_clk/X (sky130_fd_sc_hd__clkbuf_16)
     2    0.05                           clknet_0_clk (net)
                  0.07    0.00    0.46 ^ clkbuf_1_0__f_clk/A (sky130_fd_sc_hd__clkbuf_16)
                  0.13    0.21    0.67 ^ clkbuf_1_0__f_clk/X (sky130_fd_sc_hd__clkbuf_16)
     7    0.11                           clknet_1_0__leaf_clk (net)
                  0.13    0.01    0.68 ^ _124_/CLK (sky130_fd_sc_hd__dfrtp_2)
                          0.25    0.93   clock uncertainty
                         -0.06    0.87   clock reconvergence pessimism
                         -0.04    0.83   library hold time
                                  0.83   data required time
-----------------------------------------------------------------------------
                                  0.83   data required time
                                 -1.72   data arrival time
-----------------------------------------------------------------------------
                                  0.89   slack (MET)


Startpoint: _127_ (rising edge-triggered flip-flop clocked by clk)
Endpoint: _127_ (rising edge-triggered flip-flop clocked by clk)
Path Group: clk
Path Type: min

Fanout     Cap    Slew   Delay    Time   Description
-----------------------------------------------------------------------------
                          0.00    0.00   clock clk (rise edge)
                          0.00    0.00   clock source latency
                  0.30    0.20    0.20 ^ clk (in)
     1    0.07                           clk (net)
                  0.30    0.00    0.20 ^ clkbuf_0_clk/A (sky130_fd_sc_hd__clkbuf_16)
                  0.07    0.22    0.41 ^ clkbuf_0_clk/X (sky130_fd_sc_hd__clkbuf_16)
     2    0.05                           clknet_0_clk (net)
                  0.07    0.00    0.42 ^ clkbuf_1_0__f_clk/A (sky130_fd_sc_hd__clkbuf_16)
                  0.13    0.19    0.61 ^ clkbuf_1_0__f_clk/X (sky130_fd_sc_hd__clkbuf_16)
     7    0.11                           clknet_1_0__leaf_clk (net)
                  0.13    0.00    0.61 ^ _127_/CLK (sky130_fd_sc_hd__dfrtp_2)
                  0.44    0.71    1.32 v _127_/Q (sky130_fd_sc_hd__dfrtp_2)
     4    0.18                           u_sevenseg.refresh_count[11] (net)
                  0.44    0.03    1.35 v _095_/A (sky130_fd_sc_hd__xnor2_2)
                  0.29    0.44    1.79 v _095_/Y (sky130_fd_sc_hd__xnor2_2)
     1    0.07                           _002_ (net)
                  0.29    0.02    1.81 v _127_/D (sky130_fd_sc_hd__dfrtp_2)
                                  1.81   data arrival time

                          0.00    0.00   clock clk (rise edge)
                          0.00    0.00   clock source latency
                  0.30    0.22    0.22 ^ clk (in)
     1    0.07                           clk (net)
                  0.30    0.00    0.22 ^ clkbuf_0_clk/A (sky130_fd_sc_hd__clkbuf_16)
                  0.07    0.24    0.46 ^ clkbuf_0_clk/X (sky130_fd_sc_hd__clkbuf_16)
     2    0.05                           clknet_0_clk (net)
                  0.07    0.00    0.46 ^ clkbuf_1_0__f_clk/A (sky130_fd_sc_hd__clkbuf_16)
                  0.13    0.21    0.67 ^ clkbuf_1_0__f_clk/X (sky130_fd_sc_hd__clkbuf_16)
     7    0.11                           clknet_1_0__leaf_clk (net)
                  0.13    0.00    0.68 ^ _127_/CLK (sky130_fd_sc_hd__dfrtp_2)
                          0.25    0.93   clock uncertainty
                         -0.06    0.86   clock reconvergence pessimism
                         -0.12    0.74   library hold time
                                  0.74   data required time
-----------------------------------------------------------------------------
                                  0.74   data required time
                                 -1.81   data arrival time
-----------------------------------------------------------------------------
                                  1.07   slack (MET)


Startpoint: rst (input port clocked by clk)
Endpoint: _128_ (removal check against rising-edge clock clk)
Path Group: asynchronous
Path Type: min

Fanout     Cap    Slew   Delay    Time   Description
-----------------------------------------------------------------------------
                          0.00    0.00   clock clk (rise edge)
                          0.00    0.00   clock network delay (propagated)
                          2.00    2.00 v input external delay
                  0.38    0.28    2.28 v rst (in)
     5    0.17                           rst (net)
                  0.40    0.00    2.28 v _114_/A (sky130_fd_sc_hd__inv_2)
                  0.13    0.19    2.47 ^ _114_/Y (sky130_fd_sc_hd__inv_2)
     1    0.01                           _026_ (net)
                  0.13    0.00    2.47 ^ _128_/RESET_B (sky130_fd_sc_hd__dfrtp_2)
                                  2.47   data arrival time

                          0.00    0.00   clock clk (rise edge)
                          0.00    0.00   clock source latency
                  0.30    0.22    0.22 ^ clk (in)
     1    0.07                           clk (net)
                  0.30    0.00    0.22 ^ clkbuf_0_clk/A (sky130_fd_sc_hd__clkbuf_16)
                  0.07    0.24    0.46 ^ clkbuf_0_clk/X (sky130_fd_sc_hd__clkbuf_16)
     2    0.05                           clknet_0_clk (net)
                  0.07    0.00    0.46 ^ clkbuf_1_0__f_clk/A (sky130_fd_sc_hd__clkbuf_16)
                  0.13    0.21    0.67 ^ clkbuf_1_0__f_clk/X (sky130_fd_sc_hd__clkbuf_16)
     7    0.11                           clknet_1_0__leaf_clk (net)
                  0.13    0.01    0.68 ^ _128_/CLK (sky130_fd_sc_hd__dfrtp_2)
                          0.25    0.93   clock uncertainty
                          0.00    0.93   clock reconvergence pessimism
                          0.37    1.29   library removal time
                                  1.29   data required time
-----------------------------------------------------------------------------
                                  1.29   data required time
                                 -2.47   data arrival time
-----------------------------------------------------------------------------
                                  1.17   slack (MET)


Startpoint: _124_ (rising edge-triggered flip-flop clocked by clk)
Endpoint: _125_ (rising edge-triggered flip-flop clocked by clk)
Path Group: clk
Path Type: min

Fanout     Cap    Slew   Delay    Time   Description
-----------------------------------------------------------------------------
                          0.00    0.00   clock clk (rise edge)
                          0.00    0.00   clock source latency
                  0.30    0.20    0.20 ^ clk (in)
     1    0.07                           clk (net)
                  0.30    0.00    0.20 ^ clkbuf_0_clk/A (sky130_fd_sc_hd__clkbuf_16)
                  0.07    0.22    0.41 ^ clkbuf_0_clk/X (sky130_fd_sc_hd__clkbuf_16)
     2    0.05                           clknet_0_clk (net)
                  0.07    0.00    0.42 ^ clkbuf_1_0__f_clk/A (sky130_fd_sc_hd__clkbuf_16)
                  0.13    0.19    0.61 ^ clkbuf_1_0__f_clk/X (sky130_fd_sc_hd__clkbuf_16)
     7    0.11                           clknet_1_0__leaf_clk (net)
                  0.13    0.01    0.62 ^ _124_/CLK (sky130_fd_sc_hd__dfrtp_2)
                  0.22    0.56    1.18 v _124_/Q (sky130_fd_sc_hd__dfrtp_2)
     3    0.09                           u_sevenseg.refresh_count[8] (net)
                  0.22    0.01    1.19 v _088_/A1 (sky130_fd_sc_hd__a31o_2)
                  0.19    0.38    1.58 v _088_/X (sky130_fd_sc_hd__a31o_2)
     1    0.07                           _048_ (net)
                  0.19    0.02    1.60 v _089_/B1 (sky130_fd_sc_hd__o211a_2)
                  0.23    0.34    1.94 v _089_/X (sky130_fd_sc_hd__o211a_2)
     1    0.10                           _012_ (net)
                  0.24    0.03    1.97 v _125_/D (sky130_fd_sc_hd__dfrtp_2)
                                  1.97   data arrival time

                          0.00    0.00   clock clk (rise edge)
                          0.00    0.00   clock source latency
                  0.30    0.22    0.22 ^ clk (in)
     1    0.07                           clk (net)
                  0.30    0.00    0.22 ^ clkbuf_0_clk/A (sky130_fd_sc_hd__clkbuf_16)
                  0.07    0.24    0.46 ^ clkbuf_0_clk/X (sky130_fd_sc_hd__clkbuf_16)
     2    0.05                           clknet_0_clk (net)
                  0.07    0.00    0.46 ^ clkbuf_1_1__f_clk/A (sky130_fd_sc_hd__clkbuf_16)
                  0.13    0.21    0.67 ^ clkbuf_1_1__f_clk/X (sky130_fd_sc_hd__clkbuf_16)
     8    0.11                           clknet_1_1__leaf_clk (net)
                  0.13    0.01    0.68 ^ _125_/CLK (sky130_fd_sc_hd__dfrtp_2)
                          0.25    0.93   clock uncertainty
                         -0.04    0.89   clock reconvergence pessimism
                         -0.10    0.79   library hold time
                                  0.79   data required time
-----------------------------------------------------------------------------
                                  0.79   data required time
                                 -1.97   data arrival time
-----------------------------------------------------------------------------
                                  1.19   slack (MET)


Startpoint: rst (input port clocked by clk)
Endpoint: _127_ (removal check against rising-edge clock clk)
Path Group: asynchronous
Path Type: min

Fanout     Cap    Slew   Delay    Time   Description
-----------------------------------------------------------------------------
                          0.00    0.00   clock clk (rise edge)
                          0.00    0.00   clock network delay (propagated)
                          2.00    2.00 v input external delay
                  0.38    0.29    2.29 v rst (in)
     5    0.17                           rst (net)
                  0.40    0.00    2.29 v _113_/A (sky130_fd_sc_hd__inv_2)
                  0.26    0.32    2.61 ^ _113_/Y (sky130_fd_sc_hd__inv_2)
     1    0.05                           _025_ (net)
                  0.26    0.01    2.62 ^ _127_/RESET_B (sky130_fd_sc_hd__dfrtp_2)
                                  2.62   data arrival time

                          0.00    0.00   clock clk (rise edge)
                          0.00    0.00   clock source latency
                  0.30    0.22    0.22 ^ clk (in)
     1    0.07                           clk (net)
                  0.30    0.00    0.22 ^ clkbuf_0_clk/A (sky130_fd_sc_hd__clkbuf_16)
                  0.07    0.24    0.46 ^ clkbuf_0_clk/X (sky130_fd_sc_hd__clkbuf_16)
     2    0.05                           clknet_0_clk (net)
                  0.07    0.00    0.46 ^ clkbuf_1_0__f_clk/A (sky130_fd_sc_hd__clkbuf_16)
                  0.13    0.21    0.67 ^ clkbuf_1_0__f_clk/X (sky130_fd_sc_hd__clkbuf_16)
     7    0.11                           clknet_1_0__leaf_clk (net)
                  0.13    0.00    0.68 ^ _127_/CLK (sky130_fd_sc_hd__dfrtp_2)
                          0.25    0.93   clock uncertainty
                          0.00    0.93   clock reconvergence pessimism
                          0.40    1.33   library removal time
                                  1.33   data required time
-----------------------------------------------------------------------------
                                  1.33   data required time
                                 -2.62   data arrival time
-----------------------------------------------------------------------------
                                  1.29   slack (MET)


Startpoint: rst (input port clocked by clk)
Endpoint: _125_ (removal check against rising-edge clock clk)
Path Group: asynchronous
Path Type: min

Fanout     Cap    Slew   Delay    Time   Description
-----------------------------------------------------------------------------
                          0.00    0.00   clock clk (rise edge)
                          0.00    0.00   clock network delay (propagated)
                          2.00    2.00 v input external delay
                  0.38    0.27    2.27 v rst (in)
     5    0.17                           rst (net)
                  0.40    0.00    2.27 v _111_/A (sky130_fd_sc_hd__inv_2)
                  0.39    0.41    2.69 ^ _111_/Y (sky130_fd_sc_hd__inv_2)
     1    0.08                           _023_ (net)
                  0.39    0.02    2.71 ^ _125_/RESET_B (sky130_fd_sc_hd__dfrtp_2)
                                  2.71   data arrival time

                          0.00    0.00   clock clk (rise edge)
                          0.00    0.00   clock source latency
                  0.30    0.22    0.22 ^ clk (in)
     1    0.07                           clk (net)
                  0.30    0.00    0.22 ^ clkbuf_0_clk/A (sky130_fd_sc_hd__clkbuf_16)
                  0.07    0.24    0.46 ^ clkbuf_0_clk/X (sky130_fd_sc_hd__clkbuf_16)
     2    0.05                           clknet_0_clk (net)
                  0.07    0.00    0.46 ^ clkbuf_1_1__f_clk/A (sky130_fd_sc_hd__clkbuf_16)
                  0.13    0.21    0.67 ^ clkbuf_1_1__f_clk/X (sky130_fd_sc_hd__clkbuf_16)
     8    0.11                           clknet_1_1__leaf_clk (net)
                  0.13    0.01    0.68 ^ _125_/CLK (sky130_fd_sc_hd__dfrtp_2)
                          0.25    0.93   clock uncertainty
                          0.00    0.93   clock reconvergence pessimism
                          0.44    1.37   library removal time
                                  1.37   data required time
-----------------------------------------------------------------------------
                                  1.37   data required time
                                 -2.71   data arrival time
-----------------------------------------------------------------------------
                                  1.34   slack (MET)


Startpoint: rst (input port clocked by clk)
Endpoint: _126_ (removal check against rising-edge clock clk)
Path Group: asynchronous
Path Type: min

Fanout     Cap    Slew   Delay    Time   Description
-----------------------------------------------------------------------------
                          0.00    0.00   clock clk (rise edge)
                          0.00    0.00   clock network delay (propagated)
                          2.00    2.00 v input external delay
                  0.38    0.29    2.29 v rst (in)
     5    0.17                           rst (net)
                  0.40    0.00    2.29 v _112_/A (sky130_fd_sc_hd__inv_2)
                  0.37    0.40    2.69 ^ _112_/Y (sky130_fd_sc_hd__inv_2)
     1    0.08                           _024_ (net)
                  0.38    0.02    2.71 ^ _126_/RESET_B (sky130_fd_sc_hd__dfrtp_2)
                                  2.71   data arrival time

                          0.00    0.00   clock clk (rise edge)
                          0.00    0.00   clock source latency
                  0.30    0.22    0.22 ^ clk (in)
     1    0.07                           clk (net)
                  0.30    0.00    0.22 ^ clkbuf_0_clk/A (sky130_fd_sc_hd__clkbuf_16)
                  0.07    0.24    0.46 ^ clkbuf_0_clk/X (sky130_fd_sc_hd__clkbuf_16)
     2    0.05                           clknet_0_clk (net)
                  0.07    0.00    0.46 ^ clkbuf_1_0__f_clk/A (sky130_fd_sc_hd__clkbuf_16)
                  0.13    0.21    0.67 ^ clkbuf_1_0__f_clk/X (sky130_fd_sc_hd__clkbuf_16)
     7    0.11                           clknet_1_0__leaf_clk (net)
                  0.13    0.01    0.68 ^ _126_/CLK (sky130_fd_sc_hd__dfrtp_2)
                          0.25    0.93   clock uncertainty
                          0.00    0.93   clock reconvergence pessimism
                          0.43    1.37   library removal time
                                  1.37   data required time
-----------------------------------------------------------------------------
                                  1.37   data required time
                                 -2.71   data arrival time
-----------------------------------------------------------------------------
                                  1.34   slack (MET)


Startpoint: _120_ (rising edge-triggered flip-flop clocked by clk)
Endpoint: _121_ (rising edge-triggered flip-flop clocked by clk)
Path Group: clk
Path Type: min

Fanout     Cap    Slew   Delay    Time   Description
-----------------------------------------------------------------------------
                          0.00    0.00   clock clk (rise edge)
                          0.00    0.00   clock source latency
                  0.30    0.20    0.20 ^ clk (in)
     1    0.07                           clk (net)
                  0.30    0.00    0.20 ^ clkbuf_0_clk/A (sky130_fd_sc_hd__clkbuf_16)
                  0.07    0.22    0.41 ^ clkbuf_0_clk/X (sky130_fd_sc_hd__clkbuf_16)
     2    0.05                           clknet_0_clk (net)
                  0.07    0.00    0.42 ^ clkbuf_1_1__f_clk/A (sky130_fd_sc_hd__clkbuf_16)
                  0.13    0.19    0.61 ^ clkbuf_1_1__f_clk/X (sky130_fd_sc_hd__clkbuf_16)
     8    0.11                           clknet_1_1__leaf_clk (net)
                  0.13    0.00    0.61 ^ _120_/CLK (sky130_fd_sc_hd__dfrtp_2)
                  0.40    0.68    1.29 v _120_/Q (sky130_fd_sc_hd__dfrtp_2)
     5    0.17                           u_sevenseg.refresh_count[4] (net)
                  0.40    0.00    1.30 v _077_/A1 (sky130_fd_sc_hd__a21oi_2)
                  0.50    0.54    1.84 ^ _077_/Y (sky130_fd_sc_hd__a21oi_2)
     1    0.04                           _041_ (net)
                  0.50    0.01    1.84 ^ _078_/B (sky130_fd_sc_hd__nor2_2)
                  0.27    0.29    2.13 v _078_/Y (sky130_fd_sc_hd__nor2_2)
     1    0.09                           _008_ (net)
                  0.28    0.03    2.17 v _121_/D (sky130_fd_sc_hd__dfrtp_2)
                                  2.17   data arrival time

                          0.00    0.00   clock clk (rise edge)
                          0.00    0.00   clock source latency
                  0.30    0.22    0.22 ^ clk (in)
     1    0.07                           clk (net)
                  0.30    0.00    0.22 ^ clkbuf_0_clk/A (sky130_fd_sc_hd__clkbuf_16)
                  0.07    0.24    0.46 ^ clkbuf_0_clk/X (sky130_fd_sc_hd__clkbuf_16)
     2    0.05                           clknet_0_clk (net)
                  0.07    0.00    0.46 ^ clkbuf_1_0__f_clk/A (sky130_fd_sc_hd__clkbuf_16)
                  0.13    0.21    0.67 ^ clkbuf_1_0__f_clk/X (sky130_fd_sc_hd__clkbuf_16)
     7    0.11                           clknet_1_0__leaf_clk (net)
                  0.13    0.01    0.68 ^ _121_/CLK (sky130_fd_sc_hd__dfrtp_2)
                          0.25    0.93   clock uncertainty
                         -0.04    0.89   clock reconvergence pessimism
                         -0.12    0.77   library hold time
                                  0.77   data required time
-----------------------------------------------------------------------------
                                  0.77   data required time
                                 -2.17   data arrival time
-----------------------------------------------------------------------------
                                  1.40   slack (MET)


Startpoint: _123_ (rising edge-triggered flip-flop clocked by clk)
Endpoint: _123_ (rising edge-triggered flip-flop clocked by clk)
Path Group: clk
Path Type: min

Fanout     Cap    Slew   Delay    Time   Description
-----------------------------------------------------------------------------
                          0.00    0.00   clock clk (rise edge)
                          0.00    0.00   clock source latency
                  0.30    0.20    0.20 ^ clk (in)
     1    0.07                           clk (net)
                  0.30    0.00    0.20 ^ clkbuf_0_clk/A (sky130_fd_sc_hd__clkbuf_16)
                  0.07    0.22    0.41 ^ clkbuf_0_clk/X (sky130_fd_sc_hd__clkbuf_16)
     2    0.05                           clknet_0_clk (net)
                  0.07    0.00    0.42 ^ clkbuf_1_1__f_clk/A (sky130_fd_sc_hd__clkbuf_16)
                  0.13    0.19    0.61 ^ clkbuf_1_1__f_clk/X (sky130_fd_sc_hd__clkbuf_16)
     8    0.11                           clknet_1_1__leaf_clk (net)
                  0.13    0.01    0.62 ^ _123_/CLK (sky130_fd_sc_hd__dfrtp_2)
                  0.27    0.59    1.21 v _123_/Q (sky130_fd_sc_hd__dfrtp_2)
     3    0.11                           u_sevenseg.refresh_count[7] (net)
                  0.27    0.00    1.21 v _080_/B1 (sky130_fd_sc_hd__a21o_2)
                  0.18    0.38    1.59 v _080_/X (sky130_fd_sc_hd__a21o_2)
     1    0.07                           _042_ (net)
                  0.18    0.02    1.61 v _083_/B (sky130_fd_sc_hd__and3_2)
                  0.20    0.38    1.99 v _083_/X (sky130_fd_sc_hd__and3_2)
     1    0.08                           _045_ (net)
                  0.20    0.02    2.01 v _084_/A (sky130_fd_sc_hd__buf_1)
                  0.11    0.21    2.21 v _084_/X (sky130_fd_sc_hd__buf_1)
     1    0.02                           _010_ (net)
                  0.11    0.00    2.22 v _123_/D (sky130_fd_sc_hd__dfrtp_2)
                                  2.22   data arrival time

                          0.00    0.00   clock clk (rise edge)
                          0.00    0.00   clock source latency
                  0.30    0.22    0.22 ^ clk (in)
     1    0.07                           clk (net)
                  0.30    0.00    0.22 ^ clkbuf_0_clk/A (sky130_fd_sc_hd__clkbuf_16)
                  0.07    0.24    0.46 ^ clkbuf_0_clk/X (sky130_fd_sc_hd__clkbuf_16)
     2    0.05                           clknet_0_clk (net)
                  0.07    0.00    0.46 ^ clkbuf_1_1__f_clk/A (sky130_fd_sc_hd__clkbuf_16)
                  0.13    0.21    0.67 ^ clkbuf_1_1__f_clk/X (sky130_fd_sc_hd__clkbuf_16)
     8    0.11                           clknet_1_1__leaf_clk (net)
                  0.13    0.01    0.68 ^ _123_/CLK (sky130_fd_sc_hd__dfrtp_2)
                          0.25    0.93   clock uncertainty
                         -0.06    0.87   clock reconvergence pessimism
                         -0.05    0.82   library hold time
                                  0.82   data required time
-----------------------------------------------------------------------------
                                  0.82   data required time
                                 -2.22   data arrival time
-----------------------------------------------------------------------------
                                  1.40   slack (MET)


Startpoint: _126_ (rising edge-triggered flip-flop clocked by clk)
Endpoint: _126_ (rising edge-triggered flip-flop clocked by clk)
Path Group: clk
Path Type: min

Fanout     Cap    Slew   Delay    Time   Description
-----------------------------------------------------------------------------
                          0.00    0.00   clock clk (rise edge)
                          0.00    0.00   clock source latency
                  0.30    0.20    0.20 ^ clk (in)
     1    0.07                           clk (net)
                  0.30    0.00    0.20 ^ clkbuf_0_clk/A (sky130_fd_sc_hd__clkbuf_16)
                  0.07    0.22    0.41 ^ clkbuf_0_clk/X (sky130_fd_sc_hd__clkbuf_16)
     2    0.05                           clknet_0_clk (net)
                  0.07    0.00    0.42 ^ clkbuf_1_0__f_clk/A (sky130_fd_sc_hd__clkbuf_16)
                  0.13    0.19    0.61 ^ clkbuf_1_0__f_clk/X (sky130_fd_sc_hd__clkbuf_16)
     7    0.11                           clknet_1_0__leaf_clk (net)
                  0.13    0.01    0.62 ^ _126_/CLK (sky130_fd_sc_hd__dfrtp_2)
                  0.36    0.66    1.28 v _126_/Q (sky130_fd_sc_hd__dfrtp_2)
     5    0.15                           u_sevenseg.refresh_count[10] (net)
                  0.36    0.01    1.29 v _092_/A (sky130_fd_sc_hd__nand2_2)
                  0.25    0.32    1.61 ^ _092_/Y (sky130_fd_sc_hd__nand2_2)
     2    0.05                           _051_ (net)
                  0.25    0.01    1.61 ^ _093_/B (sky130_fd_sc_hd__and2b_2)
                  0.17    0.27    1.89 ^ _093_/X (sky130_fd_sc_hd__and2b_2)
     1    0.03                           _052_ (net)
                  0.17    0.00    1.89 ^ _094_/A (sky130_fd_sc_hd__buf_1)
                  0.50    0.40    2.29 ^ _094_/X (sky130_fd_sc_hd__buf_1)
     1    0.04                           _001_ (net)
                  0.50    0.01    2.30 ^ _126_/D (sky130_fd_sc_hd__dfrtp_2)
                                  2.30   data arrival time

                          0.00    0.00   clock clk (rise edge)
                          0.00    0.00   clock source latency
                  0.30    0.22    0.22 ^ clk (in)
     1    0.07                           clk (net)
                  0.30    0.00    0.22 ^ clkbuf_0_clk/A (sky130_fd_sc_hd__clkbuf_16)
                  0.07    0.24    0.46 ^ clkbuf_0_clk/X (sky130_fd_sc_hd__clkbuf_16)
     2    0.05                           clknet_0_clk (net)
                  0.07    0.00    0.46 ^ clkbuf_1_0__f_clk/A (sky130_fd_sc_hd__clkbuf_16)
                  0.13    0.21    0.67 ^ clkbuf_1_0__f_clk/X (sky130_fd_sc_hd__clkbuf_16)
     7    0.11                           clknet_1_0__leaf_clk (net)
                  0.13    0.01    0.68 ^ _126_/CLK (sky130_fd_sc_hd__dfrtp_2)
                          0.25    0.93   clock uncertainty
                         -0.06    0.87   clock reconvergence pessimism
                         -0.12    0.75   library hold time
                                  0.75   data required time
-----------------------------------------------------------------------------
                                  0.75   data required time
                                 -2.30   data arrival time
-----------------------------------------------------------------------------
                                  1.54   slack (MET)


Startpoint: _119_ (rising edge-triggered flip-flop clocked by clk)
Endpoint: _119_ (rising edge-triggered flip-flop clocked by clk)
Path Group: clk
Path Type: min

Fanout     Cap    Slew   Delay    Time   Description
-----------------------------------------------------------------------------
                          0.00    0.00   clock clk (rise edge)
                          0.00    0.00   clock source latency
                  0.30    0.20    0.20 ^ clk (in)
     1    0.07                           clk (net)
                  0.30    0.00    0.20 ^ clkbuf_0_clk/A (sky130_fd_sc_hd__clkbuf_16)
                  0.07    0.22    0.41 ^ clkbuf_0_clk/X (sky130_fd_sc_hd__clkbuf_16)
     2    0.05                           clknet_0_clk (net)
                  0.07    0.00    0.42 ^ clkbuf_1_1__f_clk/A (sky130_fd_sc_hd__clkbuf_16)
                  0.13    0.19    0.61 ^ clkbuf_1_1__f_clk/X (sky130_fd_sc_hd__clkbuf_16)
     8    0.11                           clknet_1_1__leaf_clk (net)
                  0.13    0.01    0.62 ^ _119_/CLK (sky130_fd_sc_hd__dfrtp_2)
                  0.15    0.51    1.12 v _119_/Q (sky130_fd_sc_hd__dfrtp_2)
     3    0.05                           u_sevenseg.refresh_count[3] (net)
                  0.15    0.01    1.13 v _072_/A (sky130_fd_sc_hd__or2_2)
                  0.17    0.44    1.58 v _072_/X (sky130_fd_sc_hd__or2_2)
     1    0.05                           _038_ (net)
                  0.17    0.01    1.59 v _073_/C (sky130_fd_sc_hd__and3_2)
                  0.15    0.36    1.94 v _073_/X (sky130_fd_sc_hd__and3_2)
     1    0.05                           _039_ (net)
                  0.15    0.01    1.95 v _074_/A (sky130_fd_sc_hd__buf_1)
                  0.32    0.33    2.29 v _074_/X (sky130_fd_sc_hd__buf_1)
     1    0.06                           _006_ (net)
                  0.32    0.01    2.30 v _119_/D (sky130_fd_sc_hd__dfrtp_2)
                                  2.30   data arrival time

                          0.00    0.00   clock clk (rise edge)
                          0.00    0.00   clock source latency
                  0.30    0.22    0.22 ^ clk (in)
     1    0.07                           clk (net)
                  0.30    0.00    0.22 ^ clkbuf_0_clk/A (sky130_fd_sc_hd__clkbuf_16)
                  0.07    0.24    0.46 ^ clkbuf_0_clk/X (sky130_fd_sc_hd__clkbuf_16)
     2    0.05                           clknet_0_clk (net)
                  0.07    0.00    0.46 ^ clkbuf_1_1__f_clk/A (sky130_fd_sc_hd__clkbuf_16)
                  0.13    0.21    0.67 ^ clkbuf_1_1__f_clk/X (sky130_fd_sc_hd__clkbuf_16)
     8    0.11                           clknet_1_1__leaf_clk (net)
                  0.13    0.01    0.68 ^ _119_/CLK (sky130_fd_sc_hd__dfrtp_2)
                          0.25    0.93   clock uncertainty
                         -0.06    0.87   clock reconvergence pessimism
                         -0.14    0.73   library hold time
                                  0.73   data required time
-----------------------------------------------------------------------------
                                  0.73   data required time
                                 -2.30   data arrival time
-----------------------------------------------------------------------------
                                  1.57   slack (MET)


Startpoint: _118_ (rising edge-triggered flip-flop clocked by clk)
Endpoint: _118_ (rising edge-triggered flip-flop clocked by clk)
Path Group: clk
Path Type: min

Fanout     Cap    Slew   Delay    Time   Description
-----------------------------------------------------------------------------
                          0.00    0.00   clock clk (rise edge)
                          0.00    0.00   clock source latency
                  0.30    0.20    0.20 ^ clk (in)
     1    0.07                           clk (net)
                  0.30    0.00    0.20 ^ clkbuf_0_clk/A (sky130_fd_sc_hd__clkbuf_16)
                  0.07    0.22    0.41 ^ clkbuf_0_clk/X (sky130_fd_sc_hd__clkbuf_16)
     2    0.05                           clknet_0_clk (net)
                  0.07    0.00    0.42 ^ clkbuf_1_1__f_clk/A (sky130_fd_sc_hd__clkbuf_16)
                  0.13    0.19    0.61 ^ clkbuf_1_1__f_clk/X (sky130_fd_sc_hd__clkbuf_16)
     8    0.11                           clknet_1_1__leaf_clk (net)
                  0.13    0.01    0.62 ^ _118_/CLK (sky130_fd_sc_hd__dfrtp_2)
                  0.32    0.61    1.23 v _118_/Q (sky130_fd_sc_hd__dfrtp_2)
     3    0.13                           u_sevenseg.refresh_count[2] (net)
                  0.33    0.04    1.27 v _067_/B1 (sky130_fd_sc_hd__a21oi_2)
                  0.65    0.59    1.86 ^ _067_/Y (sky130_fd_sc_hd__a21oi_2)
     1    0.06                           _034_ (net)
                  0.65    0.02    1.88 ^ _068_/B (sky130_fd_sc_hd__nor2_2)
                  0.34    0.40    2.27 v _068_/Y (sky130_fd_sc_hd__nor2_2)
     1    0.13                           _005_ (net)
                  0.35    0.05    2.32 v _118_/D (sky130_fd_sc_hd__dfrtp_2)
                                  2.32   data arrival time

                          0.00    0.00   clock clk (rise edge)
                          0.00    0.00   clock source latency
                  0.30    0.22    0.22 ^ clk (in)
     1    0.07                           clk (net)
                  0.30    0.00    0.22 ^ clkbuf_0_clk/A (sky130_fd_sc_hd__clkbuf_16)
                  0.07    0.24    0.46 ^ clkbuf_0_clk/X (sky130_fd_sc_hd__clkbuf_16)
     2    0.05                           clknet_0_clk (net)
                  0.07    0.00    0.46 ^ clkbuf_1_1__f_clk/A (sky130_fd_sc_hd__clkbuf_16)
                  0.13    0.21    0.67 ^ clkbuf_1_1__f_clk/X (sky130_fd_sc_hd__clkbuf_16)
     8    0.11                           clknet_1_1__leaf_clk (net)
                  0.13    0.01    0.68 ^ _118_/CLK (sky130_fd_sc_hd__dfrtp_2)
                          0.25    0.93   clock uncertainty
                         -0.06    0.87   clock reconvergence pessimism
                         -0.15    0.72   library hold time
                                  0.72   data required time
-----------------------------------------------------------------------------
                                  0.72   data required time
                                 -2.32   data arrival time
-----------------------------------------------------------------------------
                                  1.60   slack (MET)


Startpoint: _126_ (rising edge-triggered flip-flop clocked by clk)
Endpoint: _128_ (rising edge-triggered flip-flop clocked by clk)
Path Group: clk
Path Type: min

Fanout     Cap    Slew   Delay    Time   Description
-----------------------------------------------------------------------------
                          0.00    0.00   clock clk (rise edge)
                          0.00    0.00   clock source latency
                  0.30    0.20    0.20 ^ clk (in)
     1    0.07                           clk (net)
                  0.30    0.00    0.20 ^ clkbuf_0_clk/A (sky130_fd_sc_hd__clkbuf_16)
                  0.07    0.22    0.41 ^ clkbuf_0_clk/X (sky130_fd_sc_hd__clkbuf_16)
     2    0.05                           clknet_0_clk (net)
                  0.07    0.00    0.42 ^ clkbuf_1_0__f_clk/A (sky130_fd_sc_hd__clkbuf_16)
                  0.13    0.19    0.61 ^ clkbuf_1_0__f_clk/X (sky130_fd_sc_hd__clkbuf_16)
     7    0.11                           clknet_1_0__leaf_clk (net)
                  0.13    0.01    0.62 ^ _126_/CLK (sky130_fd_sc_hd__dfrtp_2)
                  0.36    0.66    1.28 v _126_/Q (sky130_fd_sc_hd__dfrtp_2)
     5    0.15                           u_sevenseg.refresh_count[10] (net)
                  0.36    0.03    1.30 v _097_/A2 (sky130_fd_sc_hd__a31o_2)
                  0.17    0.46    1.76 v _097_/X (sky130_fd_sc_hd__a31o_2)
     1    0.06                           _054_ (net)
                  0.17    0.02    1.78 v _098_/C (sky130_fd_sc_hd__and3_2)
                  0.15    0.36    2.13 v _098_/X (sky130_fd_sc_hd__and3_2)
     1    0.05                           _055_ (net)
                  0.15    0.01    2.15 v _099_/A (sky130_fd_sc_hd__buf_1)
                  0.26    0.29    2.44 v _099_/X (sky130_fd_sc_hd__buf_1)
     1    0.05                           _003_ (net)
                  0.26    0.01    2.45 v _128_/D (sky130_fd_sc_hd__dfrtp_2)
                                  2.45   data arrival time

                          0.00    0.00   clock clk (rise edge)
                          0.00    0.00   clock source latency
                  0.30    0.22    0.22 ^ clk (in)
     1    0.07                           clk (net)
                  0.30    0.00    0.22 ^ clkbuf_0_clk/A (sky130_fd_sc_hd__clkbuf_16)
                  0.07    0.24    0.46 ^ clkbuf_0_clk/X (sky130_fd_sc_hd__clkbuf_16)
     2    0.05                           clknet_0_clk (net)
                  0.07    0.00    0.46 ^ clkbuf_1_0__f_clk/A (sky130_fd_sc_hd__clkbuf_16)
                  0.13    0.21    0.67 ^ clkbuf_1_0__f_clk/X (sky130_fd_sc_hd__clkbuf_16)
     7    0.11                           clknet_1_0__leaf_clk (net)
                  0.13    0.01    0.68 ^ _128_/CLK (sky130_fd_sc_hd__dfrtp_2)
                          0.25    0.93   clock uncertainty
                         -0.06    0.86   clock reconvergence pessimism
                         -0.11    0.75   library hold time
                                  0.75   data required time
-----------------------------------------------------------------------------
                                  0.75   data required time
                                 -2.45   data arrival time
-----------------------------------------------------------------------------
                                  1.69   slack (MET)


Startpoint: rst (input port clocked by clk)
Endpoint: _119_ (removal check against rising-edge clock clk)
Path Group: asynchronous
Path Type: min

Fanout     Cap    Slew   Delay    Time   Description
-----------------------------------------------------------------------------
                          0.00    0.00   clock clk (rise edge)
                          0.00    0.00   clock network delay (propagated)
                          2.00    2.00 v input external delay
                  0.38    0.28    2.28 v rst (in)
     5    0.17                           rst (net)
                  0.40    0.00    2.28 v _100_/A (sky130_fd_sc_hd__buf_1)
                  1.24    1.00    3.28 v _100_/X (sky130_fd_sc_hd__buf_1)
    10    0.22                           _056_ (net)
                  1.24    0.05    3.34 v _105_/A (sky130_fd_sc_hd__inv_2)
                  0.33    0.45    3.79 ^ _105_/Y (sky130_fd_sc_hd__inv_2)
     1    0.03                           _017_ (net)
                  0.33    0.00    3.79 ^ _119_/RESET_B (sky130_fd_sc_hd__dfrtp_2)
                                  3.79   data arrival time

                          0.00    0.00   clock clk (rise edge)
                          0.00    0.00   clock source latency
                  0.30    0.22    0.22 ^ clk (in)
     1    0.07                           clk (net)
                  0.30    0.00    0.22 ^ clkbuf_0_clk/A (sky130_fd_sc_hd__clkbuf_16)
                  0.07    0.24    0.46 ^ clkbuf_0_clk/X (sky130_fd_sc_hd__clkbuf_16)
     2    0.05                           clknet_0_clk (net)
                  0.07    0.00    0.46 ^ clkbuf_1_1__f_clk/A (sky130_fd_sc_hd__clkbuf_16)
                  0.13    0.21    0.67 ^ clkbuf_1_1__f_clk/X (sky130_fd_sc_hd__clkbuf_16)
     8    0.11                           clknet_1_1__leaf_clk (net)
                  0.13    0.01    0.68 ^ _119_/CLK (sky130_fd_sc_hd__dfrtp_2)
                          0.25    0.93   clock uncertainty
                          0.00    0.93   clock reconvergence pessimism
                          0.42    1.35   library removal time
                                  1.35   data required time
-----------------------------------------------------------------------------
                                  1.35   data required time
                                 -3.79   data arrival time
-----------------------------------------------------------------------------
                                  2.44   slack (MET)


Startpoint: rst (input port clocked by clk)
Endpoint: _120_ (removal check against rising-edge clock clk)
Path Group: asynchronous
Path Type: min

Fanout     Cap    Slew   Delay    Time   Description
-----------------------------------------------------------------------------
                          0.00    0.00   clock clk (rise edge)
                          0.00    0.00   clock network delay (propagated)
                          2.00    2.00 v input external delay
                  0.38    0.28    2.28 v rst (in)
     5    0.17                           rst (net)
                  0.40    0.00    2.28 v _100_/A (sky130_fd_sc_hd__buf_1)
                  1.24    1.00    3.28 v _100_/X (sky130_fd_sc_hd__buf_1)
    10    0.22                           _056_ (net)
                  1.24    0.05    3.33 v _106_/A (sky130_fd_sc_hd__inv_2)
                  0.36    0.49    3.82 ^ _106_/Y (sky130_fd_sc_hd__inv_2)
     1    0.03                           _018_ (net)
                  0.36    0.00    3.82 ^ _120_/RESET_B (sky130_fd_sc_hd__dfrtp_2)
                                  3.82   data arrival time

                          0.00    0.00   clock clk (rise edge)
                          0.00    0.00   clock source latency
                  0.30    0.22    0.22 ^ clk (in)
     1    0.07                           clk (net)
                  0.30    0.00    0.22 ^ clkbuf_0_clk/A (sky130_fd_sc_hd__clkbuf_16)
                  0.07    0.24    0.46 ^ clkbuf_0_clk/X (sky130_fd_sc_hd__clkbuf_16)
     2    0.05                           clknet_0_clk (net)
                  0.07    0.00    0.46 ^ clkbuf_1_1__f_clk/A (sky130_fd_sc_hd__clkbuf_16)
                  0.13    0.21    0.67 ^ clkbuf_1_1__f_clk/X (sky130_fd_sc_hd__clkbuf_16)
     8    0.11                           clknet_1_1__leaf_clk (net)
                  0.13    0.00    0.67 ^ _120_/CLK (sky130_fd_sc_hd__dfrtp_2)
                          0.25    0.92   clock uncertainty
                          0.00    0.92   clock reconvergence pessimism
                          0.43    1.35   library removal time
                                  1.35   data required time
-----------------------------------------------------------------------------
                                  1.35   data required time
                                 -3.82   data arrival time
-----------------------------------------------------------------------------
                                  2.47   slack (MET)


Startpoint: rst (input port clocked by clk)
Endpoint: _118_ (removal check against rising-edge clock clk)
Path Group: asynchronous
Path Type: min

Fanout     Cap    Slew   Delay    Time   Description
-----------------------------------------------------------------------------
                          0.00    0.00   clock clk (rise edge)
                          0.00    0.00   clock network delay (propagated)
                          2.00    2.00 v input external delay
                  0.38    0.28    2.28 v rst (in)
     5    0.17                           rst (net)
                  0.40    0.00    2.28 v _100_/A (sky130_fd_sc_hd__buf_1)
                  1.24    1.00    3.28 v _100_/X (sky130_fd_sc_hd__buf_1)
    10    0.22                           _056_ (net)
                  1.24    0.01    3.30 v _104_/A (sky130_fd_sc_hd__inv_2)
                  0.39    0.55    3.85 ^ _104_/Y (sky130_fd_sc_hd__inv_2)
     1    0.04                           _016_ (net)
                  0.39    0.01    3.86 ^ _118_/RESET_B (sky130_fd_sc_hd__dfrtp_2)
                                  3.86   data arrival time

                          0.00    0.00   clock clk (rise edge)
                          0.00    0.00   clock source latency
                  0.30    0.22    0.22 ^ clk (in)
     1    0.07                           clk (net)
                  0.30    0.00    0.22 ^ clkbuf_0_clk/A (sky130_fd_sc_hd__clkbuf_16)
                  0.07    0.24    0.46 ^ clkbuf_0_clk/X (sky130_fd_sc_hd__clkbuf_16)
     2    0.05                           clknet_0_clk (net)
                  0.07    0.00    0.46 ^ clkbuf_1_1__f_clk/A (sky130_fd_sc_hd__clkbuf_16)
                  0.13    0.21    0.67 ^ clkbuf_1_1__f_clk/X (sky130_fd_sc_hd__clkbuf_16)
     8    0.11                           clknet_1_1__leaf_clk (net)
                  0.13    0.01    0.68 ^ _118_/CLK (sky130_fd_sc_hd__dfrtp_2)
                          0.25    0.93   clock uncertainty
                          0.00    0.93   clock reconvergence pessimism
                          0.44    1.37   library removal time
                                  1.37   data required time
-----------------------------------------------------------------------------
                                  1.37   data required time
                                 -3.86   data arrival time
-----------------------------------------------------------------------------
                                  2.49   slack (MET)


Startpoint: rst (input port clocked by clk)
Endpoint: _124_ (removal check against rising-edge clock clk)
Path Group: asynchronous
Path Type: min

Fanout     Cap    Slew   Delay    Time   Description
-----------------------------------------------------------------------------
                          0.00    0.00   clock clk (rise edge)
                          0.00    0.00   clock network delay (propagated)
                          2.00    2.00 v input external delay
                  0.38    0.28    2.28 v rst (in)
     5    0.17                           rst (net)
                  0.40    0.00    2.28 v _100_/A (sky130_fd_sc_hd__buf_1)
                  1.24    1.00    3.28 v _100_/X (sky130_fd_sc_hd__buf_1)
    10    0.22                           _056_ (net)
                  1.24    0.04    3.32 v _110_/A (sky130_fd_sc_hd__inv_2)
                  0.38    0.55    3.87 ^ _110_/Y (sky130_fd_sc_hd__inv_2)
     1    0.04                           _022_ (net)
                  0.38    0.01    3.87 ^ _124_/RESET_B (sky130_fd_sc_hd__dfrtp_2)
                                  3.87   data arrival time

                          0.00    0.00   clock clk (rise edge)
                          0.00    0.00   clock source latency
                  0.30    0.22    0.22 ^ clk (in)
     1    0.07                           clk (net)
                  0.30    0.00    0.22 ^ clkbuf_0_clk/A (sky130_fd_sc_hd__clkbuf_16)
                  0.07    0.24    0.46 ^ clkbuf_0_clk/X (sky130_fd_sc_hd__clkbuf_16)
     2    0.05                           clknet_0_clk (net)
                  0.07    0.00    0.46 ^ clkbuf_1_0__f_clk/A (sky130_fd_sc_hd__clkbuf_16)
                  0.13    0.21    0.67 ^ clkbuf_1_0__f_clk/X (sky130_fd_sc_hd__clkbuf_16)
     7    0.11                           clknet_1_0__leaf_clk (net)
                  0.13    0.01    0.68 ^ _124_/CLK (sky130_fd_sc_hd__dfrtp_2)
                          0.25    0.93   clock uncertainty
                          0.00    0.93   clock reconvergence pessimism
                          0.44    1.37   library removal time
                                  1.37   data required time
-----------------------------------------------------------------------------
                                  1.37   data required time
                                 -3.87   data arrival time
-----------------------------------------------------------------------------
                                  2.50   slack (MET)


Startpoint: rst (input port clocked by clk)
Endpoint: _122_ (removal check against rising-edge clock clk)
Path Group: asynchronous
Path Type: min

Fanout     Cap    Slew   Delay    Time   Description
-----------------------------------------------------------------------------
                          0.00    0.00   clock clk (rise edge)
                          0.00    0.00   clock network delay (propagated)
                          2.00    2.00 v input external delay
                  0.38    0.28    2.28 v rst (in)
     5    0.17                           rst (net)
                  0.40    0.00    2.28 v _100_/A (sky130_fd_sc_hd__buf_1)
                  1.24    1.00    3.28 v _100_/X (sky130_fd_sc_hd__buf_1)
    10    0.22                           _056_ (net)
                  1.24    0.05    3.33 v _108_/A (sky130_fd_sc_hd__inv_2)
                  0.41    0.58    3.91 ^ _108_/Y (sky130_fd_sc_hd__inv_2)
     1    0.05                           _020_ (net)
                  0.41    0.01    3.92 ^ _122_/RESET_B (sky130_fd_sc_hd__dfrtp_2)
                                  3.92   data arrival time

                          0.00    0.00   clock clk (rise edge)
                          0.00    0.00   clock source latency
                  0.30    0.22    0.22 ^ clk (in)
     1    0.07                           clk (net)
                  0.30    0.00    0.22 ^ clkbuf_0_clk/A (sky130_fd_sc_hd__clkbuf_16)
                  0.07    0.24    0.46 ^ clkbuf_0_clk/X (sky130_fd_sc_hd__clkbuf_16)
     2    0.05                           clknet_0_clk (net)
                  0.07    0.00    0.46 ^ clkbuf_1_1__f_clk/A (sky130_fd_sc_hd__clkbuf_16)
                  0.13    0.21    0.67 ^ clkbuf_1_1__f_clk/X (sky130_fd_sc_hd__clkbuf_16)
     8    0.11                           clknet_1_1__leaf_clk (net)
                  0.13    0.01    0.68 ^ _122_/CLK (sky130_fd_sc_hd__dfrtp_2)
                          0.25    0.93   clock uncertainty
                          0.00    0.93   clock reconvergence pessimism
                          0.44    1.38   library removal time
                                  1.38   data required time
-----------------------------------------------------------------------------
                                  1.38   data required time
                                 -3.92   data arrival time
-----------------------------------------------------------------------------
                                  2.54   slack (MET)


Startpoint: rst (input port clocked by clk)
Endpoint: _117_ (removal check against rising-edge clock clk)
Path Group: asynchronous
Path Type: min

Fanout     Cap    Slew   Delay    Time   Description
-----------------------------------------------------------------------------
                          0.00    0.00   clock clk (rise edge)
                          0.00    0.00   clock network delay (propagated)
                          2.00    2.00 v input external delay
                  0.38    0.28    2.28 v rst (in)
     5    0.17                           rst (net)
                  0.40    0.00    2.28 v _100_/A (sky130_fd_sc_hd__buf_1)
                  1.24    1.00    3.28 v _100_/X (sky130_fd_sc_hd__buf_1)
    10    0.22                           _056_ (net)
                  1.24    0.06    3.34 v _103_/A (sky130_fd_sc_hd__inv_2)
                  0.41    0.58    3.93 ^ _103_/Y (sky130_fd_sc_hd__inv_2)
     1    0.05                           _015_ (net)
                  0.41    0.01    3.94 ^ _117_/RESET_B (sky130_fd_sc_hd__dfrtp_2)
                                  3.94   data arrival time

                          0.00    0.00   clock clk (rise edge)
                          0.00    0.00   clock source latency
                  0.30    0.22    0.22 ^ clk (in)
     1    0.07                           clk (net)
                  0.30    0.00    0.22 ^ clkbuf_0_clk/A (sky130_fd_sc_hd__clkbuf_16)
                  0.07    0.24    0.46 ^ clkbuf_0_clk/X (sky130_fd_sc_hd__clkbuf_16)
     2    0.05                           clknet_0_clk (net)
                  0.07    0.00    0.46 ^ clkbuf_1_0__f_clk/A (sky130_fd_sc_hd__clkbuf_16)
                  0.13    0.21    0.67 ^ clkbuf_1_0__f_clk/X (sky130_fd_sc_hd__clkbuf_16)
     7    0.11                           clknet_1_0__leaf_clk (net)
                  0.13    0.01    0.68 ^ _117_/CLK (sky130_fd_sc_hd__dfrtp_2)
                          0.25    0.93   clock uncertainty
                          0.00    0.93   clock reconvergence pessimism
                          0.44    1.37   library removal time
                                  1.37   data required time
-----------------------------------------------------------------------------
                                  1.37   data required time
                                 -3.94   data arrival time
-----------------------------------------------------------------------------
                                  2.56   slack (MET)


Startpoint: rst (input port clocked by clk)
Endpoint: _123_ (removal check against rising-edge clock clk)
Path Group: asynchronous
Path Type: min

Fanout     Cap    Slew   Delay    Time   Description
-----------------------------------------------------------------------------
                          0.00    0.00   clock clk (rise edge)
                          0.00    0.00   clock network delay (propagated)
                          2.00    2.00 v input external delay
                  0.38    0.28    2.28 v rst (in)
     5    0.17                           rst (net)
                  0.40    0.00    2.28 v _100_/A (sky130_fd_sc_hd__buf_1)
                  1.24    1.00    3.28 v _100_/X (sky130_fd_sc_hd__buf_1)
    10    0.22                           _056_ (net)
                  1.24    0.06    3.34 v _109_/A (sky130_fd_sc_hd__inv_2)
                  0.45    0.62    3.97 ^ _109_/Y (sky130_fd_sc_hd__inv_2)
     1    0.06                           _021_ (net)
                  0.45    0.01    3.98 ^ _123_/RESET_B (sky130_fd_sc_hd__dfrtp_2)
                                  3.98   data arrival time

                          0.00    0.00   clock clk (rise edge)
                          0.00    0.00   clock source latency
                  0.30    0.22    0.22 ^ clk (in)
     1    0.07                           clk (net)
                  0.30    0.00    0.22 ^ clkbuf_0_clk/A (sky130_fd_sc_hd__clkbuf_16)
                  0.07    0.24    0.46 ^ clkbuf_0_clk/X (sky130_fd_sc_hd__clkbuf_16)
     2    0.05                           clknet_0_clk (net)
                  0.07    0.00    0.46 ^ clkbuf_1_1__f_clk/A (sky130_fd_sc_hd__clkbuf_16)
                  0.13    0.21    0.67 ^ clkbuf_1_1__f_clk/X (sky130_fd_sc_hd__clkbuf_16)
     8    0.11                           clknet_1_1__leaf_clk (net)
                  0.13    0.01    0.68 ^ _123_/CLK (sky130_fd_sc_hd__dfrtp_2)
                          0.25    0.93   clock uncertainty
                          0.00    0.93   clock reconvergence pessimism
                          0.45    1.38   library removal time
                                  1.38   data required time
-----------------------------------------------------------------------------
                                  1.38   data required time
                                 -3.98   data arrival time
-----------------------------------------------------------------------------
                                  2.59   slack (MET)


Startpoint: rst (input port clocked by clk)
Endpoint: _116_ (removal check against rising-edge clock clk)
Path Group: asynchronous
Path Type: min

Fanout     Cap    Slew   Delay    Time   Description
-----------------------------------------------------------------------------
                          0.00    0.00   clock clk (rise edge)
                          0.00    0.00   clock network delay (propagated)
                          2.00    2.00 v input external delay
                  0.38    0.28    2.28 v rst (in)
     5    0.17                           rst (net)
                  0.40    0.00    2.28 v _100_/A (sky130_fd_sc_hd__buf_1)
                  1.24    1.00    3.28 v _100_/X (sky130_fd_sc_hd__buf_1)
    10    0.22                           _056_ (net)
                  1.25    0.07    3.35 v _102_/A (sky130_fd_sc_hd__inv_2)
                  0.47    0.64    3.99 ^ _102_/Y (sky130_fd_sc_hd__inv_2)
     1    0.06                           _014_ (net)
                  0.47    0.02    4.01 ^ _116_/RESET_B (sky130_fd_sc_hd__dfrtp_2)
                                  4.01   data arrival time

                          0.00    0.00   clock clk (rise edge)
                          0.00    0.00   clock source latency
                  0.30    0.22    0.22 ^ clk (in)
     1    0.07                           clk (net)
                  0.30    0.00    0.22 ^ clkbuf_0_clk/A (sky130_fd_sc_hd__clkbuf_16)
                  0.07    0.24    0.46 ^ clkbuf_0_clk/X (sky130_fd_sc_hd__clkbuf_16)
     2    0.05                           clknet_0_clk (net)
                  0.07    0.00    0.46 ^ clkbuf_1_1__f_clk/A (sky130_fd_sc_hd__clkbuf_16)
                  0.13    0.21    0.67 ^ clkbuf_1_1__f_clk/X (sky130_fd_sc_hd__clkbuf_16)
     8    0.11                           clknet_1_1__leaf_clk (net)
                  0.13    0.01    0.68 ^ _116_/CLK (sky130_fd_sc_hd__dfrtp_2)
                          0.25    0.93   clock uncertainty
                          0.00    0.93   clock reconvergence pessimism
                          0.46    1.39   library removal time
                                  1.39   data required time
-----------------------------------------------------------------------------
                                  1.39   data required time
                                 -4.01   data arrival time
-----------------------------------------------------------------------------
                                  2.61   slack (MET)


Startpoint: rst (input port clocked by clk)
Endpoint: _115_ (removal check against rising-edge clock clk)
Path Group: asynchronous
Path Type: min

Fanout     Cap    Slew   Delay    Time   Description
-----------------------------------------------------------------------------
                          0.00    0.00   clock clk (rise edge)
                          0.00    0.00   clock network delay (propagated)
                          2.00    2.00 v input external delay
                  0.38    0.28    2.28 v rst (in)
     5    0.17                           rst (net)
                  0.40    0.00    2.28 v _100_/A (sky130_fd_sc_hd__buf_1)
                  1.24    1.00    3.28 v _100_/X (sky130_fd_sc_hd__buf_1)
    10    0.22                           _056_ (net)
                  1.24    0.06    3.34 v _101_/A (sky130_fd_sc_hd__inv_2)
                  0.61    0.78    4.12 ^ _101_/Y (sky130_fd_sc_hd__inv_2)
     2    0.10                           _013_ (net)
                  0.61    0.03    4.15 ^ _115_/RESET_B (sky130_fd_sc_hd__dfrtp_2)
                                  4.15   data arrival time

                          0.00    0.00   clock clk (rise edge)
                          0.00    0.00   clock source latency
                  0.30    0.22    0.22 ^ clk (in)
     1    0.07                           clk (net)
                  0.30    0.00    0.22 ^ clkbuf_0_clk/A (sky130_fd_sc_hd__clkbuf_16)
                  0.07    0.24    0.46 ^ clkbuf_0_clk/X (sky130_fd_sc_hd__clkbuf_16)
     2    0.05                           clknet_0_clk (net)
                  0.07    0.00    0.46 ^ clkbuf_1_1__f_clk/A (sky130_fd_sc_hd__clkbuf_16)
                  0.13    0.21    0.67 ^ clkbuf_1_1__f_clk/X (sky130_fd_sc_hd__clkbuf_16)
     8    0.11                           clknet_1_1__leaf_clk (net)
                  0.13    0.00    0.68 ^ _115_/CLK (sky130_fd_sc_hd__dfrtp_2)
                          0.25    0.93   clock uncertainty
                          0.00    0.93   clock reconvergence pessimism
                          0.50    1.42   library removal time
                                  1.42   data required time
-----------------------------------------------------------------------------
                                  1.42   data required time
                                 -4.15   data arrival time
-----------------------------------------------------------------------------
                                  2.73   slack (MET)


Startpoint: rst (input port clocked by clk)
Endpoint: _121_ (removal check against rising-edge clock clk)
Path Group: asynchronous
Path Type: min

Fanout     Cap    Slew   Delay    Time   Description
-----------------------------------------------------------------------------
                          0.00    0.00   clock clk (rise edge)
                          0.00    0.00   clock network delay (propagated)
                          2.00    2.00 v input external delay
                  0.38    0.28    2.28 v rst (in)
     5    0.17                           rst (net)
                  0.40    0.00    2.28 v _100_/A (sky130_fd_sc_hd__buf_1)
                  1.24    1.00    3.28 v _100_/X (sky130_fd_sc_hd__buf_1)
    10    0.22                           _056_ (net)
                  1.25    0.07    3.35 v _107_/A (sky130_fd_sc_hd__inv_2)
                  0.63    0.80    4.15 ^ _107_/Y (sky130_fd_sc_hd__inv_2)
     2    0.10                           _019_ (net)
                  0.64    0.03    4.18 ^ _121_/RESET_B (sky130_fd_sc_hd__dfrtp_2)
                                  4.18   data arrival time

                          0.00    0.00   clock clk (rise edge)
                          0.00    0.00   clock source latency
                  0.30    0.22    0.22 ^ clk (in)
     1    0.07                           clk (net)
                  0.30    0.00    0.22 ^ clkbuf_0_clk/A (sky130_fd_sc_hd__clkbuf_16)
                  0.07    0.24    0.46 ^ clkbuf_0_clk/X (sky130_fd_sc_hd__clkbuf_16)
     2    0.05                           clknet_0_clk (net)
                  0.07    0.00    0.46 ^ clkbuf_1_0__f_clk/A (sky130_fd_sc_hd__clkbuf_16)
                  0.13    0.21    0.67 ^ clkbuf_1_0__f_clk/X (sky130_fd_sc_hd__clkbuf_16)
     7    0.11                           clknet_1_0__leaf_clk (net)
                  0.13    0.01    0.68 ^ _121_/CLK (sky130_fd_sc_hd__dfrtp_2)
                          0.25    0.93   clock uncertainty
                          0.00    0.93   clock reconvergence pessimism
                          0.50    1.44   library removal time
                                  1.44   data required time
-----------------------------------------------------------------------------
                                  1.44   data required time
                                 -4.18   data arrival time
-----------------------------------------------------------------------------
                                  2.75   slack (MET)


Startpoint: _115_ (rising edge-triggered flip-flop clocked by clk)
Endpoint: an[0] (output port clocked by clk)
Path Group: clk
Path Type: min

Fanout     Cap    Slew   Delay    Time   Description
-----------------------------------------------------------------------------
                          0.00    0.00   clock clk (rise edge)
                          0.00    0.00   clock source latency
                  0.30    0.20    0.20 ^ clk (in)
     1    0.07                           clk (net)
                  0.30    0.00    0.20 ^ clkbuf_0_clk/A (sky130_fd_sc_hd__clkbuf_16)
                  0.07    0.22    0.41 ^ clkbuf_0_clk/X (sky130_fd_sc_hd__clkbuf_16)
     2    0.05                           clknet_0_clk (net)
                  0.07    0.00    0.42 ^ clkbuf_1_1__f_clk/A (sky130_fd_sc_hd__clkbuf_16)
                  0.13    0.19    0.61 ^ clkbuf_1_1__f_clk/X (sky130_fd_sc_hd__clkbuf_16)
     8    0.11                           clknet_1_1__leaf_clk (net)
                  0.13    0.00    0.61 ^ _115_/CLK (sky130_fd_sc_hd__dfrtp_2)
                  0.36    0.66    1.27 v _115_/Q (sky130_fd_sc_hd__dfrtp_2)
     3    0.15                           an[0] (net)
                  0.36    0.02    1.29 v an[0] (out)
                                  1.29   data arrival time

                          0.00    0.00   clock clk (rise edge)
                          0.00    0.00   clock network delay (propagated)
                          0.25    0.25   clock uncertainty
                          0.00    0.25   clock reconvergence pessimism
                         -2.00   -1.75   output external delay
                                 -1.75   data required time
-----------------------------------------------------------------------------
                                 -1.75   data required time
                                 -1.29   data arrival time
-----------------------------------------------------------------------------
                                  3.04   slack (MET)


Startpoint: _115_ (rising edge-triggered flip-flop clocked by clk)
Endpoint: an[1] (output port clocked by clk)
Path Group: clk
Path Type: min

Fanout     Cap    Slew   Delay    Time   Description
-----------------------------------------------------------------------------
                          0.00    0.00   clock clk (rise edge)
                          0.00    0.00   clock source latency
                  0.30    0.20    0.20 ^ clk (in)
     1    0.07                           clk (net)
                  0.30    0.00    0.20 ^ clkbuf_0_clk/A (sky130_fd_sc_hd__clkbuf_16)
                  0.07    0.22    0.41 ^ clkbuf_0_clk/X (sky130_fd_sc_hd__clkbuf_16)
     2    0.05                           clknet_0_clk (net)
                  0.07    0.00    0.42 ^ clkbuf_1_1__f_clk/A (sky130_fd_sc_hd__clkbuf_16)
                  0.13    0.19    0.61 ^ clkbuf_1_1__f_clk/X (sky130_fd_sc_hd__clkbuf_16)
     8    0.11                           clknet_1_1__leaf_clk (net)
                  0.13    0.00    0.61 ^ _115_/CLK (sky130_fd_sc_hd__dfrtp_2)
                  0.36    0.66    1.27 v _115_/Q (sky130_fd_sc_hd__dfrtp_2)
     3    0.15                           an[0] (net)
                  0.36    0.01    1.28 v _057_/A (sky130_fd_sc_hd__inv_2)
                  0.60    0.53    1.82 ^ _057_/Y (sky130_fd_sc_hd__inv_2)
     1    0.13                           an[1] (net)
                  0.61    0.05    1.87 ^ an[1] (out)
                                  1.87   data arrival time

                          0.00    0.00   clock clk (rise edge)
                          0.00    0.00   clock network delay (propagated)
                          0.25    0.25   clock uncertainty
                          0.00    0.25   clock reconvergence pessimism
                         -2.00   -1.75   output external delay
                                 -1.75   data required time
-----------------------------------------------------------------------------
                                 -1.75   data required time
                                 -1.87   data arrival time
-----------------------------------------------------------------------------
                                  3.62   slack (MET)



