Partial/Required:  6.92, Required:    400.0, Partial:  2766.67, Net: _008_, Pin: _121_/D, Layer: met1
Partial/Required:  5.82, Required:    400.0, Partial:  2329.56, Net: _002_, Pin: _127_/D, Layer: met1
Partial/Required:  5.21, Required:    400.0, Partial:  2082.56, Net: u_sevenseg.refresh_count\[7\], Pin: _081_/D, Layer: met1
Partial/Required:  5.09, Required:    400.0, Partial:  2035.67, Net: u_sevenseg.refresh_count\[2\], Pin: _069_/D, Layer: met1
Partial/Required:  5.08, Required:    400.0, Partial:  2033.22, Net: u_sevenseg.refresh_count\[1\], Pin: _069_/A, Layer: met1
Partial/Required:  4.40, Required:    400.0, Partial:  1760.56, Net: u_sevenseg.refresh_count\[5\], Pin: _076_/A, Layer: met1
Partial/Required:  4.26, Required:    400.0, Partial:  1702.28, Net: _042_, Pin: _083_/B, Layer: met1
Partial/Required:  3.91, Required:    400.0, Partial:  1563.11, Net: _031_, Pin: _062_/D_N, Layer: met1
Partial/Required:  3.40, Required:    400.0, Partial:  1359.44, Net: u_sevenseg.refresh_count\[12\], Pin: _060_/D_N, Layer: met1
Partial/Required:  3.09, Required:    400.0, Partial:  1235.11, Net: u_sevenseg.refresh_count\[5\], Pin: _059_/B, Layer: met1
Partial/Required:  3.04, Required:    400.0, Partial:  1215.44, Net: _036_, Pin: _090_/B, Layer: met1
Partial/Required:  2.98, Required:    400.0, Partial:  1193.33, Net: u_sevenseg.refresh_count\[4\], Pin: _081_/B, Layer: met1
Partial/Required:  2.95, Required:    400.0, Partial:  1179.08, Net: clknet_1_0__leaf_clk, Pin: _121_/CLK, Layer: met1
Partial/Required:  2.90, Required:    400.0, Partial:   1160.0, Net: _030_, Pin: _062_/C, Layer: met1
Partial/Required:  2.54, Required:    400.0, Partial:  1016.37, Net: _043_, Pin: _088_/A3, Layer: met1
Partial/Required:  2.54, Required:    400.0, Partial:  1014.06, Net: _015_, Pin: _117_/RESET_B, Layer: met1
Partial/Required:  2.53, Required:    400.0, Partial:  1013.56, Net: _028_, Pin: _090_/A_N, Layer: met1
Partial/Required:  2.33, Required:    400.0, Partial:   933.33, Net: _001_, Pin: _126_/D, Layer: met1
Partial/Required:  2.17, Required:    400.0, Partial:   867.82, Net: clknet_1_1__leaf_clk, Pin: _115_/CLK, Layer: met1
Partial/Required:  2.06, Required:    400.0, Partial:   824.44, Net: u_sevenseg.refresh_count\[7\], Pin: _060_/C_N, Layer: met1
Partial/Required:  2.01, Required:    400.0, Partial:    804.0, Net: _027_, Pin: _115_/D, Layer: met1
Partial/Required:  2.00, Required:    400.0, Partial:   798.89, Net: _033_, Pin: _098_/A, Layer: met1
Partial/Required:  1.80, Required:    400.0, Partial:   719.67, Net: _014_, Pin: _116_/RESET_B, Layer: met1
Partial/Required:  1.75, Required:    400.0, Partial:   699.12, Net: clknet_1_1__leaf_clk, Pin: _119_/CLK, Layer: met1
Partial/Required:  1.71, Required:    400.0, Partial:   685.33, Net: _031_, Pin: _072_/B, Layer: met1
Partial/Required:  1.68, Required:    400.0, Partial:   671.41, Net: _049_, Pin: _096_/D, Layer: met1
Partial/Required:  1.59, Required:    400.0, Partial:   634.56, Net: u_sevenseg.refresh_count\[3\], Pin: _059_/A, Layer: met1
Partial/Required:  1.56, Required:    400.0, Partial:   623.33, Net: _033_, Pin: _073_/A, Layer: met1
Partial/Required:  1.55, Required:    400.0, Partial:   619.89, Net: u_sevenseg.refresh_count\[4\], Pin: _059_/C, Layer: met1
Partial/Required:  1.49, Required:    400.0, Partial:   597.78, Net: u_sevenseg.refresh_count\[6\], Pin: _059_/D, Layer: met1
Partial/Required:  1.49, Required:    400.0, Partial:    597.0, Net: _050_, Pin: _093_/A_N, Layer: met1
Partial/Required:  1.47, Required:    400.0, Partial:   586.78, Net: u_sevenseg.refresh_count\[4\], Pin: _076_/B, Layer: met1
Partial/Required:  1.38, Required:    400.0, Partial:   553.61, Net: _040_, Pin: _080_/A2, Layer: met1
Partial/Required:  1.30, Required:    400.0, Partial:   520.15, Net: _034_, Pin: _068_/B, Layer: met1
Partial/Required:  1.15, Required:    400.0, Partial:   461.56, Net: _004_, Pin: _117_/D, Layer: met1
Partial/Required:  1.10, Required:    400.0, Partial:   440.11, Net: u_sevenseg.refresh_count\[2\], Pin: _061_/C, Layer: met1
Partial/Required:  1.08, Required:    400.0, Partial:   431.97, Net: _032_, Pin: _063_/A, Layer: met1
Partial/Required:  1.04, Required:    400.0, Partial:   417.22, Net: _020_, Pin: _122_/RESET_B, Layer: met1
Partial/Required:  1.01, Required:    400.0, Partial:    402.8, Net: _056_, Pin: _101_/A, Layer: met1
