
===========================================================================
report_checks -unconstrained
===========================================================================
======================= Fastest Corner ===================================

Startpoint: rst (input port clocked by clk)
Endpoint: _121_ (recovery check against rising-edge clock clk)
Path Group: asynchronous
Path Type: max
Corner: Fastest

Fanout     Cap    Slew   Delay    Time   Description
-----------------------------------------------------------------------------
                          0.00    0.00   clock clk (rise edge)
                          0.00    0.00   clock network delay (propagated)
                          2.00    2.00 v input external delay
                  0.27    0.24    2.24 v rst (in)
     5    0.18                           rst (net)
                  0.32    0.00    2.24 v _100_/A (sky130_fd_sc_hd__buf_1)
                  0.90    0.75    2.99 v _100_/X (sky130_fd_sc_hd__buf_1)
    10    0.23                           _056_ (net)
                  0.91    0.10    3.09 v _107_/A (sky130_fd_sc_hd__inv_2)
                  0.48    0.62    3.71 ^ _107_/Y (sky130_fd_sc_hd__inv_2)
     2    0.11                           _019_ (net)
                  0.48    0.04    3.75 ^ _121_/RESET_B (sky130_fd_sc_hd__dfrtp_2)
                                  3.75   data arrival time

                         10.00   10.00   clock clk (rise edge)
                          0.00   10.00   clock source latency
                  0.24    0.16   10.16 ^ clk (in)
     1    0.07                           clk (net)
                  0.24    0.00   10.16 ^ clkbuf_0_clk/A (sky130_fd_sc_hd__clkbuf_16)
                  0.06    0.14   10.30 ^ clkbuf_0_clk/X (sky130_fd_sc_hd__clkbuf_16)
     2    0.05                           clknet_0_clk (net)
                  0.06    0.00   10.30 ^ clkbuf_1_0__f_clk/A (sky130_fd_sc_hd__clkbuf_16)
                  0.11    0.13   10.44 ^ clkbuf_1_0__f_clk/X (sky130_fd_sc_hd__clkbuf_16)
     7    0.12                           clknet_1_0__leaf_clk (net)
                  0.11    0.01   10.45 ^ _121_/CLK (sky130_fd_sc_hd__dfrtp_2)
                         -0.25   10.20   clock uncertainty
                          0.00   10.20   clock reconvergence pessimism
                          0.03   10.23   library recovery time
                                 10.23   data required time
-----------------------------------------------------------------------------
                                 10.23   data required time
                                 -3.75   data arrival time
-----------------------------------------------------------------------------
                                  6.48   slack (MET)


Startpoint: _117_ (rising edge-triggered flip-flop clocked by clk)
Endpoint: _128_ (rising edge-triggered flip-flop clocked by clk)
Path Group: clk
Path Type: max
Corner: Fastest

Fanout     Cap    Slew   Delay    Time   Description
-----------------------------------------------------------------------------
                          0.00    0.00   clock clk (rise edge)
                          0.00    0.00   clock source latency
                  0.24    0.18    0.18 ^ clk (in)
     1    0.07                           clk (net)
                  0.24    0.00    0.18 ^ clkbuf_0_clk/A (sky130_fd_sc_hd__clkbuf_16)
                  0.06    0.15    0.33 ^ clkbuf_0_clk/X (sky130_fd_sc_hd__clkbuf_16)
     2    0.05                           clknet_0_clk (net)
                  0.06    0.00    0.33 ^ clkbuf_1_0__f_clk/A (sky130_fd_sc_hd__clkbuf_16)
                  0.11    0.15    0.48 ^ clkbuf_1_0__f_clk/X (sky130_fd_sc_hd__clkbuf_16)
     7    0.12                           clknet_1_0__leaf_clk (net)
                  0.11    0.01    0.49 ^ _117_/CLK (sky130_fd_sc_hd__dfrtp_2)
                  0.61    0.63    1.12 ^ _117_/Q (sky130_fd_sc_hd__dfrtp_2)
     4    0.17                           u_sevenseg.refresh_count[1] (net)
                  0.63    0.08    1.21 ^ _069_/A (sky130_fd_sc_hd__and4_2)
                  0.19    0.33    1.54 ^ _069_/X (sky130_fd_sc_hd__and4_2)
     1    0.05                           _035_ (net)
                  0.19    0.01    1.55 ^ _070_/A (sky130_fd_sc_hd__buf_1)
                  1.43    1.05    2.60 ^ _070_/X (sky130_fd_sc_hd__buf_1)
     7    0.17                           _036_ (net)
                  1.43    0.05    2.65 ^ _090_/B (sky130_fd_sc_hd__and3b_2)
                  0.60    0.55    3.20 ^ _090_/X (sky130_fd_sc_hd__and3b_2)
     4    0.16                           _049_ (net)
                  0.61    0.06    3.26 ^ _097_/A3 (sky130_fd_sc_hd__a31o_2)
                  0.29    0.30    3.56 ^ _097_/X (sky130_fd_sc_hd__a31o_2)
     1    0.07                           _054_ (net)
                  0.30    0.02    3.59 ^ _098_/C (sky130_fd_sc_hd__and3_2)
                  0.23    0.29    3.87 ^ _098_/X (sky130_fd_sc_hd__and3_2)
     1    0.06                           _055_ (net)
                  0.23    0.02    3.89 ^ _099_/A (sky130_fd_sc_hd__buf_1)
                  0.42    0.34    4.23 ^ _099_/X (sky130_fd_sc_hd__buf_1)
     1    0.05                           _003_ (net)
                  0.42    0.01    4.25 ^ _128_/D (sky130_fd_sc_hd__dfrtp_2)
                                  4.25   data arrival time

                         10.00   10.00   clock clk (rise edge)
                          0.00   10.00   clock source latency
                  0.24    0.16   10.16 ^ clk (in)
     1    0.07                           clk (net)
                  0.24    0.00   10.16 ^ clkbuf_0_clk/A (sky130_fd_sc_hd__clkbuf_16)
                  0.06    0.14   10.30 ^ clkbuf_0_clk/X (sky130_fd_sc_hd__clkbuf_16)
     2    0.05                           clknet_0_clk (net)
                  0.06    0.00   10.30 ^ clkbuf_1_0__f_clk/A (sky130_fd_sc_hd__clkbuf_16)
                  0.11    0.13   10.44 ^ clkbuf_1_0__f_clk/X (sky130_fd_sc_hd__clkbuf_16)
     7    0.12                           clknet_1_0__leaf_clk (net)
                  0.11    0.01   10.45 ^ _128_/CLK (sky130_fd_sc_hd__dfrtp_2)
                         -0.25   10.20   clock uncertainty
                          0.05   10.24   clock reconvergence pessimism
                         -0.07   10.17   library setup time
                                 10.17   data required time
-----------------------------------------------------------------------------
                                 10.17   data required time
                                 -4.25   data arrival time
-----------------------------------------------------------------------------
                                  5.92   slack (MET)



======================= Slowest Corner ===================================

Startpoint: rst (input port clocked by clk)
Endpoint: _121_ (recovery check against rising-edge clock clk)
Path Group: asynchronous
Path Type: max
Corner: Slowest

Fanout     Cap    Slew   Delay    Time   Description
-----------------------------------------------------------------------------
                          0.00    0.00   clock clk (rise edge)
                          0.00    0.00   clock network delay (propagated)
                          2.00    2.00 v input external delay
                  0.76    0.61    2.61 v rst (in)
     5    0.18                           rst (net)
                  0.78    0.00    2.61 v _100_/A (sky130_fd_sc_hd__buf_1)
                  2.50    2.24    4.85 v _100_/X (sky130_fd_sc_hd__buf_1)
    10    0.23                           _056_ (net)
                  2.51    0.10    4.95 v _107_/A (sky130_fd_sc_hd__inv_2)
                  1.08    1.65    6.61 ^ _107_/Y (sky130_fd_sc_hd__inv_2)
     2    0.11                           _019_ (net)
                  1.08    0.04    6.65 ^ _121_/RESET_B (sky130_fd_sc_hd__dfrtp_2)
                                  6.65   data arrival time

                         10.00   10.00   clock clk (rise edge)
                          0.00   10.00   clock source latency
                  0.51    0.34   10.34 ^ clk (in)
     1    0.07                           clk (net)
                  0.51    0.00   10.34 ^ clkbuf_0_clk/A (sky130_fd_sc_hd__clkbuf_16)
                  0.11    0.43   10.77 ^ clkbuf_0_clk/X (sky130_fd_sc_hd__clkbuf_16)
     2    0.05                           clknet_0_clk (net)
                  0.11    0.00   10.77 ^ clkbuf_1_0__f_clk/A (sky130_fd_sc_hd__clkbuf_16)
                  0.21    0.33   11.11 ^ clkbuf_1_0__f_clk/X (sky130_fd_sc_hd__clkbuf_16)
     7    0.12                           clknet_1_0__leaf_clk (net)
                  0.21    0.01   11.12 ^ _121_/CLK (sky130_fd_sc_hd__dfrtp_2)
                         -0.25   10.87   clock uncertainty
                          0.00   10.87   clock reconvergence pessimism
                          0.06   10.93   library recovery time
                                 10.93   data required time
-----------------------------------------------------------------------------
                                 10.93   data required time
                                 -6.65   data arrival time
-----------------------------------------------------------------------------
                                  4.28   slack (MET)


Startpoint: _117_ (rising edge-triggered flip-flop clocked by clk)
Endpoint: _128_ (rising edge-triggered flip-flop clocked by clk)
Path Group: clk
Path Type: max
Corner: Slowest

Fanout     Cap    Slew   Delay    Time   Description
-----------------------------------------------------------------------------
                          0.00    0.00   clock clk (rise edge)
                          0.00    0.00   clock source latency
                  0.51    0.38    0.38 ^ clk (in)
     1    0.07                           clk (net)
                  0.51    0.00    0.38 ^ clkbuf_0_clk/A (sky130_fd_sc_hd__clkbuf_16)
                  0.11    0.47    0.85 ^ clkbuf_0_clk/X (sky130_fd_sc_hd__clkbuf_16)
     2    0.05                           clknet_0_clk (net)
                  0.11    0.00    0.85 ^ clkbuf_1_0__f_clk/A (sky130_fd_sc_hd__clkbuf_16)
                  0.21    0.37    1.22 ^ clkbuf_1_0__f_clk/X (sky130_fd_sc_hd__clkbuf_16)
     7    0.12                           clknet_1_0__leaf_clk (net)
                  0.21    0.01    1.23 ^ _117_/CLK (sky130_fd_sc_hd__dfrtp_2)
                  1.28    1.69    2.92 ^ _117_/Q (sky130_fd_sc_hd__dfrtp_2)
     4    0.17                           u_sevenseg.refresh_count[1] (net)
                  1.29    0.09    3.01 ^ _069_/A (sky130_fd_sc_hd__and4_2)
                  0.44    1.21    4.22 ^ _069_/X (sky130_fd_sc_hd__and4_2)
     1    0.05                           _035_ (net)
                  0.44    0.01    4.23 ^ _070_/A (sky130_fd_sc_hd__buf_1)
                  3.06    2.48    6.71 ^ _070_/X (sky130_fd_sc_hd__buf_1)
     7    0.17                           _036_ (net)
                  3.06    0.05    6.76 ^ _090_/B (sky130_fd_sc_hd__and3b_2)
                  1.26    2.06    8.83 ^ _090_/X (sky130_fd_sc_hd__and3b_2)
     4    0.16                           _049_ (net)
                  1.27    0.06    8.89 ^ _097_/A3 (sky130_fd_sc_hd__a31o_2)
                  0.60    1.11   10.00 ^ _097_/X (sky130_fd_sc_hd__a31o_2)
     1    0.07                           _054_ (net)
                  0.60    0.02   10.02 ^ _098_/C (sky130_fd_sc_hd__and3_2)
                  0.50    0.91   10.93 ^ _098_/X (sky130_fd_sc_hd__and3_2)
     1    0.06                           _055_ (net)
                  0.50    0.02   10.95 ^ _099_/A (sky130_fd_sc_hd__buf_1)
                  0.90    0.92   11.87 ^ _099_/X (sky130_fd_sc_hd__buf_1)
     1    0.05                           _003_ (net)
                  0.90    0.01   11.88 ^ _128_/D (sky130_fd_sc_hd__dfrtp_2)
                                 11.88   data arrival time

                         10.00   10.00   clock clk (rise edge)
                          0.00   10.00   clock source latency
                  0.51    0.34   10.34 ^ clk (in)
     1    0.07                           clk (net)
                  0.51    0.00   10.34 ^ clkbuf_0_clk/A (sky130_fd_sc_hd__clkbuf_16)
                  0.11    0.43   10.77 ^ clkbuf_0_clk/X (sky130_fd_sc_hd__clkbuf_16)
     2    0.05                           clknet_0_clk (net)
                  0.11    0.00   10.77 ^ clkbuf_1_0__f_clk/A (sky130_fd_sc_hd__clkbuf_16)
                  0.21    0.33   11.11 ^ clkbuf_1_0__f_clk/X (sky130_fd_sc_hd__clkbuf_16)
     7    0.12                           clknet_1_0__leaf_clk (net)
                  0.21    0.01   11.11 ^ _128_/CLK (sky130_fd_sc_hd__dfrtp_2)
                         -0.25   10.86   clock uncertainty
                          0.12   10.98   clock reconvergence pessimism
                         -0.32   10.66   library setup time
                                 10.66   data required time
-----------------------------------------------------------------------------
                                 10.66   data required time
                                -11.88   data arrival time
-----------------------------------------------------------------------------
                                 -1.23   slack (VIOLATED)



======================= Typical Corner ===================================

Startpoint: rst (input port clocked by clk)
Endpoint: _121_ (recovery check against rising-edge clock clk)
Path Group: asynchronous
Path Type: max
Corner: Typical

Fanout     Cap    Slew   Delay    Time   Description
-----------------------------------------------------------------------------
                          0.00    0.00   clock clk (rise edge)
                          0.00    0.00   clock network delay (propagated)
                          2.00    2.00 v input external delay
                  0.40    0.33    2.33 v rst (in)
     5    0.18                           rst (net)
                  0.43    0.00    2.33 v _100_/A (sky130_fd_sc_hd__buf_1)
                  1.31    1.14    3.47 v _100_/X (sky130_fd_sc_hd__buf_1)
    10    0.23                           _056_ (net)
                  1.32    0.10    3.58 v _107_/A (sky130_fd_sc_hd__inv_2)
                  0.68    0.94    4.51 ^ _107_/Y (sky130_fd_sc_hd__inv_2)
     2    0.11                           _019_ (net)
                  0.68    0.04    4.55 ^ _121_/RESET_B (sky130_fd_sc_hd__dfrtp_2)
                                  4.55   data arrival time

                         10.00   10.00   clock clk (rise edge)
                          0.00   10.00   clock source latency
                  0.33    0.22   10.22 ^ clk (in)
     1    0.07                           clk (net)
                  0.33    0.00   10.22 ^ clkbuf_0_clk/A (sky130_fd_sc_hd__clkbuf_16)
                  0.07    0.22   10.44 ^ clkbuf_0_clk/X (sky130_fd_sc_hd__clkbuf_16)
     2    0.05                           clknet_0_clk (net)
                  0.07    0.00   10.44 ^ clkbuf_1_0__f_clk/A (sky130_fd_sc_hd__clkbuf_16)
                  0.13    0.19   10.64 ^ clkbuf_1_0__f_clk/X (sky130_fd_sc_hd__clkbuf_16)
     7    0.12                           clknet_1_0__leaf_clk (net)
                  0.14    0.01   10.65 ^ _121_/CLK (sky130_fd_sc_hd__dfrtp_2)
                         -0.25   10.40   clock uncertainty
                          0.00   10.40   clock reconvergence pessimism
                          0.05   10.45   library recovery time
                                 10.45   data required time
-----------------------------------------------------------------------------
                                 10.45   data required time
                                 -4.55   data arrival time
-----------------------------------------------------------------------------
                                  5.89   slack (MET)


Startpoint: _117_ (rising edge-triggered flip-flop clocked by clk)
Endpoint: _128_ (rising edge-triggered flip-flop clocked by clk)
Path Group: clk
Path Type: max
Corner: Typical

Fanout     Cap    Slew   Delay    Time   Description
-----------------------------------------------------------------------------
                          0.00    0.00   clock clk (rise edge)
                          0.00    0.00   clock source latency
                  0.33    0.24    0.24 ^ clk (in)
     1    0.07                           clk (net)
                  0.33    0.00    0.24 ^ clkbuf_0_clk/A (sky130_fd_sc_hd__clkbuf_16)
                  0.07    0.24    0.48 ^ clkbuf_0_clk/X (sky130_fd_sc_hd__clkbuf_16)
     2    0.05                           clknet_0_clk (net)
                  0.07    0.00    0.49 ^ clkbuf_1_0__f_clk/A (sky130_fd_sc_hd__clkbuf_16)
                  0.13    0.22    0.70 ^ clkbuf_1_0__f_clk/X (sky130_fd_sc_hd__clkbuf_16)
     7    0.12                           clknet_1_0__leaf_clk (net)
                  0.14    0.01    0.71 ^ _117_/CLK (sky130_fd_sc_hd__dfrtp_2)
                  0.81    0.92    1.64 ^ _117_/Q (sky130_fd_sc_hd__dfrtp_2)
     4    0.17                           u_sevenseg.refresh_count[1] (net)
                  0.82    0.08    1.72 ^ _069_/A (sky130_fd_sc_hd__and4_2)
                  0.26    0.58    2.31 ^ _069_/X (sky130_fd_sc_hd__and4_2)
     1    0.05                           _035_ (net)
                  0.26    0.01    2.31 ^ _070_/A (sky130_fd_sc_hd__buf_1)
                  1.90    1.47    3.78 ^ _070_/X (sky130_fd_sc_hd__buf_1)
     7    0.17                           _036_ (net)
                  1.90    0.05    3.83 ^ _090_/B (sky130_fd_sc_hd__and3b_2)
                  0.80    1.00    4.84 ^ _090_/X (sky130_fd_sc_hd__and3b_2)
     4    0.16                           _049_ (net)
                  0.80    0.06    4.90 ^ _097_/A3 (sky130_fd_sc_hd__a31o_2)
                  0.38    0.52    5.42 ^ _097_/X (sky130_fd_sc_hd__a31o_2)
     1    0.07                           _054_ (net)
                  0.39    0.02    5.45 ^ _098_/C (sky130_fd_sc_hd__and3_2)
                  0.31    0.46    5.90 ^ _098_/X (sky130_fd_sc_hd__and3_2)
     1    0.06                           _055_ (net)
                  0.31    0.02    5.92 ^ _099_/A (sky130_fd_sc_hd__buf_1)
                  0.56    0.51    6.43 ^ _099_/X (sky130_fd_sc_hd__buf_1)
     1    0.05                           _003_ (net)
                  0.57    0.01    6.45 ^ _128_/D (sky130_fd_sc_hd__dfrtp_2)
                                  6.45   data arrival time

                         10.00   10.00   clock clk (rise edge)
                          0.00   10.00   clock source latency
                  0.33    0.22   10.22 ^ clk (in)
     1    0.07                           clk (net)
                  0.33    0.00   10.22 ^ clkbuf_0_clk/A (sky130_fd_sc_hd__clkbuf_16)
                  0.07    0.22   10.44 ^ clkbuf_0_clk/X (sky130_fd_sc_hd__clkbuf_16)
     2    0.05                           clknet_0_clk (net)
                  0.07    0.00   10.44 ^ clkbuf_1_0__f_clk/A (sky130_fd_sc_hd__clkbuf_16)
                  0.13    0.19   10.64 ^ clkbuf_1_0__f_clk/X (sky130_fd_sc_hd__clkbuf_16)
     7    0.12                           clknet_1_0__leaf_clk (net)
                  0.14    0.01   10.64 ^ _128_/CLK (sky130_fd_sc_hd__dfrtp_2)
                         -0.25   10.39   clock uncertainty
                          0.07   10.46   clock reconvergence pessimism
                         -0.16   10.30   library setup time
                                 10.30   data required time
-----------------------------------------------------------------------------
                                 10.30   data required time
                                 -6.45   data arrival time
-----------------------------------------------------------------------------
                                  3.86   slack (MET)




===========================================================================
report_checks --slack_max -0.01
============================================================================
======================= Fastest Corner ===================================

No paths found.

======================= Slowest Corner ===================================

Startpoint: _117_ (rising edge-triggered flip-flop clocked by clk)
Endpoint: _128_ (rising edge-triggered flip-flop clocked by clk)
Path Group: clk
Path Type: max
Corner: Slowest

Fanout     Cap    Slew   Delay    Time   Description
-----------------------------------------------------------------------------
                          0.00    0.00   clock clk (rise edge)
                          0.00    0.00   clock source latency
                  0.51    0.38    0.38 ^ clk (in)
     1    0.07                           clk (net)
                  0.51    0.00    0.38 ^ clkbuf_0_clk/A (sky130_fd_sc_hd__clkbuf_16)
                  0.11    0.47    0.85 ^ clkbuf_0_clk/X (sky130_fd_sc_hd__clkbuf_16)
     2    0.05                           clknet_0_clk (net)
                  0.11    0.00    0.85 ^ clkbuf_1_0__f_clk/A (sky130_fd_sc_hd__clkbuf_16)
                  0.21    0.37    1.22 ^ clkbuf_1_0__f_clk/X (sky130_fd_sc_hd__clkbuf_16)
     7    0.12                           clknet_1_0__leaf_clk (net)
                  0.21    0.01    1.23 ^ _117_/CLK (sky130_fd_sc_hd__dfrtp_2)
                  1.28    1.69    2.92 ^ _117_/Q (sky130_fd_sc_hd__dfrtp_2)
     4    0.17                           u_sevenseg.refresh_count[1] (net)
                  1.29    0.09    3.01 ^ _069_/A (sky130_fd_sc_hd__and4_2)
                  0.44    1.21    4.22 ^ _069_/X (sky130_fd_sc_hd__and4_2)
     1    0.05                           _035_ (net)
                  0.44    0.01    4.23 ^ _070_/A (sky130_fd_sc_hd__buf_1)
                  3.06    2.48    6.71 ^ _070_/X (sky130_fd_sc_hd__buf_1)
     7    0.17                           _036_ (net)
                  3.06    0.05    6.76 ^ _090_/B (sky130_fd_sc_hd__and3b_2)
                  1.26    2.06    8.83 ^ _090_/X (sky130_fd_sc_hd__and3b_2)
     4    0.16                           _049_ (net)
                  1.27    0.06    8.89 ^ _097_/A3 (sky130_fd_sc_hd__a31o_2)
                  0.60    1.11   10.00 ^ _097_/X (sky130_fd_sc_hd__a31o_2)
     1    0.07                           _054_ (net)
                  0.60    0.02   10.02 ^ _098_/C (sky130_fd_sc_hd__and3_2)
                  0.50    0.91   10.93 ^ _098_/X (sky130_fd_sc_hd__and3_2)
     1    0.06                           _055_ (net)
                  0.50    0.02   10.95 ^ _099_/A (sky130_fd_sc_hd__buf_1)
                  0.90    0.92   11.87 ^ _099_/X (sky130_fd_sc_hd__buf_1)
     1    0.05                           _003_ (net)
                  0.90    0.01   11.88 ^ _128_/D (sky130_fd_sc_hd__dfrtp_2)
                                 11.88   data arrival time

                         10.00   10.00   clock clk (rise edge)
                          0.00   10.00   clock source latency
                  0.51    0.34   10.34 ^ clk (in)
     1    0.07                           clk (net)
                  0.51    0.00   10.34 ^ clkbuf_0_clk/A (sky130_fd_sc_hd__clkbuf_16)
                  0.11    0.43   10.77 ^ clkbuf_0_clk/X (sky130_fd_sc_hd__clkbuf_16)
     2    0.05                           clknet_0_clk (net)
                  0.11    0.00   10.77 ^ clkbuf_1_0__f_clk/A (sky130_fd_sc_hd__clkbuf_16)
                  0.21    0.33   11.11 ^ clkbuf_1_0__f_clk/X (sky130_fd_sc_hd__clkbuf_16)
     7    0.12                           clknet_1_0__leaf_clk (net)
                  0.21    0.01   11.11 ^ _128_/CLK (sky130_fd_sc_hd__dfrtp_2)
                         -0.25   10.86   clock uncertainty
                          0.12   10.98   clock reconvergence pessimism
                         -0.32   10.66   library setup time
                                 10.66   data required time
-----------------------------------------------------------------------------
                                 10.66   data required time
                                -11.88   data arrival time
-----------------------------------------------------------------------------
                                 -1.23   slack (VIOLATED)



======================= Typical Corner ===================================

No paths found.


===========================================================================
 report_check_types -max_slew -max_cap -max_fanout -violators
============================================================================
======================= Fastest Corner ===================================

max slew

Pin                                    Limit    Slew   Slack
------------------------------------------------------------
_107_/A                                 0.75    1.98   -1.23 (VIOLATED)
_102_/A                                 0.75    1.98   -1.23 (VIOLATED)
_109_/A                                 0.75    1.98   -1.23 (VIOLATED)
_101_/A                                 0.75    1.98   -1.23 (VIOLATED)
_103_/A                                 0.75    1.98   -1.23 (VIOLATED)
_105_/A                                 0.75    1.98   -1.23 (VIOLATED)
_108_/A                                 0.75    1.98   -1.23 (VIOLATED)
_106_/A                                 0.75    1.98   -1.23 (VIOLATED)
_110_/A                                 0.75    1.98   -1.23 (VIOLATED)
_104_/A                                 0.75    1.98   -1.23 (VIOLATED)
_100_/X                                 0.75    1.98   -1.23 (VIOLATED)
_090_/B                                 0.75    1.43   -0.68 (VIOLATED)
_088_/A2                                0.75    1.43   -0.68 (VIOLATED)
_075_/B                                 0.75    1.43   -0.68 (VIOLATED)
_077_/A2                                0.75    1.43   -0.68 (VIOLATED)
_082_/A                                 0.75    1.43   -0.68 (VIOLATED)
_076_/C                                 0.75    1.43   -0.68 (VIOLATED)
_071_/A                                 0.75    1.43   -0.68 (VIOLATED)
_070_/X                                 0.75    1.43   -0.68 (VIOLATED)
_089_/C1                                0.75    1.30   -0.55 (VIOLATED)
_083_/A                                 0.75    1.30   -0.55 (VIOLATED)
_064_/B                                 0.75    1.30   -0.55 (VIOLATED)
_087_/C1                                0.75    1.30   -0.55 (VIOLATED)
_098_/A                                 0.75    1.30   -0.55 (VIOLATED)
_073_/A                                 0.75    1.29   -0.54 (VIOLATED)
_063_/X                                 0.75    1.29   -0.54 (VIOLATED)
_118_/D                                 0.75    1.01   -0.26 (VIOLATED)
_068_/Y                                 0.75    1.00   -0.25 (VIOLATED)

max capacitance

Pin                                    Limit     Cap   Slack
------------------------------------------------------------
_100_/X                                 0.17    0.23   -0.06 (VIOLATED)


======================= Slowest Corner ===================================

max slew

Pin                                    Limit    Slew   Slack
------------------------------------------------------------
_107_/A                                 0.75    4.20   -3.45 (VIOLATED)
_102_/A                                 0.75    4.20   -3.45 (VIOLATED)
_109_/A                                 0.75    4.20   -3.45 (VIOLATED)
_101_/A                                 0.75    4.20   -3.45 (VIOLATED)
_103_/A                                 0.75    4.20   -3.45 (VIOLATED)
_105_/A                                 0.75    4.19   -3.44 (VIOLATED)
_108_/A                                 0.75    4.19   -3.44 (VIOLATED)
_106_/A                                 0.75    4.19   -3.44 (VIOLATED)
_110_/A                                 0.75    4.19   -3.44 (VIOLATED)
_104_/A                                 0.75    4.19   -3.44 (VIOLATED)
_100_/X                                 0.75    4.19   -3.44 (VIOLATED)
_090_/B                                 0.75    3.06   -2.31 (VIOLATED)
_088_/A2                                0.75    3.06   -2.31 (VIOLATED)
_075_/B                                 0.75    3.06   -2.31 (VIOLATED)
_077_/A2                                0.75    3.06   -2.31 (VIOLATED)
_082_/A                                 0.75    3.06   -2.31 (VIOLATED)
_076_/C                                 0.75    3.06   -2.31 (VIOLATED)
_071_/A                                 0.75    3.06   -2.31 (VIOLATED)
_070_/X                                 0.75    3.06   -2.31 (VIOLATED)
_089_/C1                                0.75    2.73   -1.98 (VIOLATED)
_083_/A                                 0.75    2.73   -1.98 (VIOLATED)
_064_/B                                 0.75    2.73   -1.98 (VIOLATED)
_087_/C1                                0.75    2.73   -1.98 (VIOLATED)
_098_/A                                 0.75    2.73   -1.98 (VIOLATED)
_073_/A                                 0.75    2.72   -1.97 (VIOLATED)
_063_/X                                 0.75    2.72   -1.97 (VIOLATED)
_118_/D                                 0.75    2.26   -1.51 (VIOLATED)
_068_/Y                                 0.75    2.25   -1.50 (VIOLATED)
_121_/D                                 0.75    1.64   -0.89 (VIOLATED)
_078_/Y                                 0.75    1.63   -0.88 (VIOLATED)
_095_/A                                 0.75    1.42   -0.67 (VIOLATED)
_096_/B                                 0.75    1.42   -0.67 (VIOLATED)
_060_/A                                 0.75    1.42   -0.67 (VIOLATED)
_097_/A1                                0.75    1.42   -0.67 (VIOLATED)
_127_/Q                                 0.75    1.42   -0.67 (VIOLATED)
_059_/B                                 0.75    1.38   -0.63 (VIOLATED)
_077_/B1                                0.75    1.38   -0.63 (VIOLATED)
_076_/A                                 0.75    1.38   -0.63 (VIOLATED)
_081_/A                                 0.75    1.38   -0.63 (VIOLATED)
_121_/Q                                 0.75    1.38   -0.63 (VIOLATED)
_086_/B                                 0.75    1.37   -0.62 (VIOLATED)
_089_/A2                                0.75    1.37   -0.62 (VIOLATED)
_083_/C                                 0.75    1.37   -0.62 (VIOLATED)
_087_/A2                                0.75    1.37   -0.62 (VIOLATED)
_082_/Y                                 0.75    1.37   -0.62 (VIOLATED)
_127_/D                                 0.75    1.35   -0.60 (VIOLATED)
_095_/Y                                 0.75    1.35   -0.60 (VIOLATED)
_090_/A_N                               0.75    1.33   -0.58 (VIOLATED)
_062_/A                                 0.75    1.32   -0.57 (VIOLATED)
_089_/A1                                0.75    1.32   -0.57 (VIOLATED)
_058_/Y                                 0.75    1.32   -0.57 (VIOLATED)
_113_/A                                 0.75    1.31   -0.56 (VIOLATED)
_112_/A                                 0.75    1.31   -0.56 (VIOLATED)
_100_/A                                 0.75    1.31   -0.56 (VIOLATED)
_114_/A                                 0.75    1.31   -0.56 (VIOLATED)
_111_/A                                 0.75    1.31   -0.56 (VIOLATED)
rst                                     0.75    1.30   -0.55 (VIOLATED)
_081_/B                                 0.75    1.29   -0.54 (VIOLATED)
_097_/B1                                0.75    1.29   -0.54 (VIOLATED)
_076_/B                                 0.75    1.29   -0.54 (VIOLATED)
_069_/A                                 0.75    1.29   -0.54 (VIOLATED)
_059_/C                                 0.75    1.29   -0.54 (VIOLATED)
_077_/A1                                0.75    1.29   -0.54 (VIOLATED)
_075_/A                                 0.75    1.29   -0.54 (VIOLATED)
_120_/Q                                 0.75    1.28   -0.53 (VIOLATED)
_096_/A                                 0.75    1.28   -0.53 (VIOLATED)
_066_/A                                 0.75    1.28   -0.53 (VIOLATED)
_067_/A1                                0.75    1.28   -0.53 (VIOLATED)
_061_/A                                 0.75    1.28   -0.53 (VIOLATED)
_060_/D_N                               0.75    1.28   -0.53 (VIOLATED)
_117_/Q                                 0.75    1.28   -0.53 (VIOLATED)
_128_/Q                                 0.75    1.28   -0.53 (VIOLATED)
_097_/A3                                0.75    1.27   -0.52 (VIOLATED)
_096_/D                                 0.75    1.26   -0.51 (VIOLATED)
_091_/B                                 0.75    1.26   -0.51 (VIOLATED)
_092_/B                                 0.75    1.26   -0.51 (VIOLATED)
_090_/X                                 0.75    1.26   -0.51 (VIOLATED)
_090_/C                                 0.75    1.20   -0.45 (VIOLATED)
_088_/A3                                0.75    1.19   -0.44 (VIOLATED)
_082_/B                                 0.75    1.19   -0.44 (VIOLATED)
_081_/X                                 0.75    1.19   -0.44 (VIOLATED)
_068_/B                                 0.75    1.17   -0.42 (VIOLATED)
_067_/Y                                 0.75    1.17   -0.42 (VIOLATED)
_097_/A2                                0.75    1.17   -0.42 (VIOLATED)
_091_/A                                 0.75    1.17   -0.42 (VIOLATED)
_060_/B                                 0.75    1.17   -0.42 (VIOLATED)
_096_/C                                 0.75    1.17   -0.42 (VIOLATED)
_092_/A                                 0.75    1.17   -0.42 (VIOLATED)
_126_/Q                                 0.75    1.17   -0.42 (VIOLATED)
an[0]                                   0.75    1.15   -0.40 (VIOLATED)
_064_/A                                 0.75    1.15   -0.40 (VIOLATED)
_057_/A                                 0.75    1.15   -0.40 (VIOLATED)
_115_/Q                                 0.75    1.15   -0.40 (VIOLATED)
_059_/D                                 0.75    1.14   -0.39 (VIOLATED)
_080_/A1                                0.75    1.14   -0.39 (VIOLATED)
_079_/A                                 0.75    1.14   -0.39 (VIOLATED)
_081_/C                                 0.75    1.14   -0.39 (VIOLATED)
_122_/Q                                 0.75    1.13   -0.38 (VIOLATED)
_121_/RESET_B                           0.75    1.10   -0.35 (VIOLATED)
ANTENNA_2/DIODE                         0.75    1.10   -0.35 (VIOLATED)
_107_/Y                                 0.75    1.10   -0.35 (VIOLATED)
_117_/D                                 0.75    1.08   -0.33 (VIOLATED)
_066_/X                                 0.75    1.08   -0.33 (VIOLATED)
_119_/D                                 0.75    1.08   -0.33 (VIOLATED)
_074_/X                                 0.75    1.08   -0.33 (VIOLATED)
_115_/RESET_B                           0.75    1.08   -0.33 (VIOLATED)
ANTENNA_1/DIODE                         0.75    1.08   -0.33 (VIOLATED)
_101_/Y                                 0.75    1.08   -0.33 (VIOLATED)
_093_/A_N                               0.75    1.06   -0.31 (VIOLATED)
_091_/Y                                 0.75    1.06   -0.31 (VIOLATED)
_115_/D                                 0.75    1.05   -0.30 (VIOLATED)
_064_/Y                                 0.75    1.05   -0.30 (VIOLATED)
_069_/D                                 0.75    1.04   -0.29 (VIOLATED)
_067_/B1                                0.75    1.03   -0.28 (VIOLATED)
_061_/C                                 0.75    1.03   -0.28 (VIOLATED)
_118_/Q                                 0.75    1.03   -0.28 (VIOLATED)
an[1]                                   0.75    1.02   -0.27 (VIOLATED)
_057_/Y                                 0.75    1.01   -0.26 (VIOLATED)
_069_/B                                 0.75    1.01   -0.26 (VIOLATED)
_067_/A2                                0.75    1.01   -0.26 (VIOLATED)
_065_/A                                 0.75    1.01   -0.26 (VIOLATED)
_061_/B                                 0.75    1.01   -0.26 (VIOLATED)
_066_/B                                 0.75    1.01   -0.26 (VIOLATED)
_116_/Q                                 0.75    1.01   -0.26 (VIOLATED)
_123_/RESET_B                           0.75    0.99   -0.24 (VIOLATED)
_109_/Y                                 0.75    0.99   -0.24 (VIOLATED)
_079_/B                                 0.75    0.99   -0.24 (VIOLATED)
_078_/A                                 0.75    0.99   -0.24 (VIOLATED)
_080_/A2                                0.75    0.99   -0.24 (VIOLATED)
_076_/X                                 0.75    0.99   -0.24 (VIOLATED)
_125_/D                                 0.75    0.93   -0.18 (VIOLATED)
_116_/RESET_B                           0.75    0.93   -0.18 (VIOLATED)
_078_/B                                 0.75    0.93   -0.18 (VIOLATED)
_077_/Y                                 0.75    0.93   -0.18 (VIOLATED)
_102_/Y                                 0.75    0.92   -0.17 (VIOLATED)
_089_/X                                 0.75    0.92   -0.17 (VIOLATED)
_128_/D                                 0.75    0.90   -0.15 (VIOLATED)
_099_/X                                 0.75    0.90   -0.15 (VIOLATED)
_117_/RESET_B                           0.75    0.90   -0.15 (VIOLATED)
_103_/Y                                 0.75    0.90   -0.15 (VIOLATED)
_122_/RESET_B                           0.75    0.90   -0.15 (VIOLATED)
_108_/Y                                 0.75    0.90   -0.15 (VIOLATED)
_081_/D                                 0.75    0.84   -0.09 (VIOLATED)
_060_/C_N                               0.75    0.84   -0.09 (VIOLATED)
_080_/B1                                0.75    0.84   -0.09 (VIOLATED)
_123_/Q                                 0.75    0.84   -0.09 (VIOLATED)
_118_/RESET_B                           0.75    0.83   -0.08 (VIOLATED)
_104_/Y                                 0.75    0.83   -0.08 (VIOLATED)
_126_/D                                 0.75    0.82   -0.07 (VIOLATED)
_094_/X                                 0.75    0.82   -0.07 (VIOLATED)
_124_/RESET_B                           0.75    0.81   -0.06 (VIOLATED)
_110_/Y                                 0.75    0.81   -0.06 (VIOLATED)
_098_/B                                 0.75    0.81   -0.06 (VIOLATED)
_096_/Y                                 0.75    0.81   -0.06 (VIOLATED)
_068_/A                                 0.75    0.78   -0.03 (VIOLATED)
_072_/B                                 0.75    0.78   -0.03 (VIOLATED)
_062_/D_N                               0.75    0.78   -0.03 (VIOLATED)
_061_/X                                 0.75    0.77   -0.02 (VIOLATED)

max capacitance

Pin                                    Limit     Cap   Slack
------------------------------------------------------------
_100_/X                                 0.08    0.23   -0.15 (VIOLATED)
_070_/X                                 0.08    0.17   -0.09 (VIOLATED)
_063_/X                                 0.08    0.15   -0.07 (VIOLATED)
_068_/Y                                 0.09    0.13   -0.05 (VIOLATED)
_078_/Y                                 0.09    0.09   -0.01 (VIOLATED)


======================= Typical Corner ===================================

max slew

Pin                                    Limit    Slew   Slack
------------------------------------------------------------
_107_/A                                 0.75    2.65   -1.90 (VIOLATED)
_102_/A                                 0.75    2.65   -1.90 (VIOLATED)
_109_/A                                 0.75    2.65   -1.90 (VIOLATED)
_101_/A                                 0.75    2.65   -1.90 (VIOLATED)
_103_/A                                 0.75    2.65   -1.90 (VIOLATED)
_105_/A                                 0.75    2.65   -1.90 (VIOLATED)
_108_/A                                 0.75    2.65   -1.90 (VIOLATED)
_106_/A                                 0.75    2.65   -1.90 (VIOLATED)
_110_/A                                 0.75    2.65   -1.90 (VIOLATED)
_104_/A                                 0.75    2.65   -1.90 (VIOLATED)
_100_/X                                 0.75    2.65   -1.90 (VIOLATED)
_090_/B                                 0.75    1.90   -1.15 (VIOLATED)
_088_/A2                                0.75    1.90   -1.15 (VIOLATED)
_075_/B                                 0.75    1.90   -1.15 (VIOLATED)
_077_/A2                                0.75    1.90   -1.15 (VIOLATED)
_082_/A                                 0.75    1.90   -1.15 (VIOLATED)
_076_/C                                 0.75    1.90   -1.15 (VIOLATED)
_071_/A                                 0.75    1.90   -1.15 (VIOLATED)
_070_/X                                 0.75    1.90   -1.15 (VIOLATED)
_089_/C1                                0.75    1.72   -0.97 (VIOLATED)
_083_/A                                 0.75    1.72   -0.97 (VIOLATED)
_064_/B                                 0.75    1.72   -0.97 (VIOLATED)
_087_/C1                                0.75    1.72   -0.97 (VIOLATED)
_098_/A                                 0.75    1.72   -0.97 (VIOLATED)
_073_/A                                 0.75    1.71   -0.96 (VIOLATED)
_063_/X                                 0.75    1.71   -0.96 (VIOLATED)
_118_/D                                 0.75    1.38   -0.63 (VIOLATED)
_068_/Y                                 0.75    1.38   -0.63 (VIOLATED)
_121_/D                                 0.75    1.00   -0.25 (VIOLATED)
_078_/Y                                 0.75    1.00   -0.25 (VIOLATED)
_095_/A                                 0.75    0.90   -0.15 (VIOLATED)
_096_/B                                 0.75    0.90   -0.15 (VIOLATED)
_060_/A                                 0.75    0.90   -0.15 (VIOLATED)
_097_/A1                                0.75    0.90   -0.15 (VIOLATED)
_127_/Q                                 0.75    0.90   -0.15 (VIOLATED)
_059_/B                                 0.75    0.88   -0.13 (VIOLATED)
_077_/B1                                0.75    0.88   -0.13 (VIOLATED)
_076_/A                                 0.75    0.88   -0.13 (VIOLATED)
_081_/A                                 0.75    0.88   -0.13 (VIOLATED)
_121_/Q                                 0.75    0.88   -0.13 (VIOLATED)
_127_/D                                 0.75    0.85   -0.10 (VIOLATED)
_095_/Y                                 0.75    0.85   -0.10 (VIOLATED)
_113_/A                                 0.75    0.83   -0.08 (VIOLATED)
_112_/A                                 0.75    0.83   -0.08 (VIOLATED)
_100_/A                                 0.75    0.83   -0.08 (VIOLATED)
_114_/A                                 0.75    0.83   -0.08 (VIOLATED)
_111_/A                                 0.75    0.83   -0.08 (VIOLATED)
_097_/B1                                0.75    0.82   -0.07 (VIOLATED)
_069_/A                                 0.75    0.82   -0.07 (VIOLATED)
_081_/B                                 0.75    0.82   -0.07 (VIOLATED)
_076_/B                                 0.75    0.82   -0.07 (VIOLATED)
_059_/C                                 0.75    0.82   -0.07 (VIOLATED)
_096_/A                                 0.75    0.82   -0.07 (VIOLATED)
_077_/A1                                0.75    0.82   -0.07 (VIOLATED)
_075_/A                                 0.75    0.82   -0.07 (VIOLATED)
_120_/Q                                 0.75    0.82   -0.07 (VIOLATED)
_066_/A                                 0.75    0.82   -0.07 (VIOLATED)
_067_/A1                                0.75    0.82   -0.07 (VIOLATED)
_061_/A                                 0.75    0.82   -0.07 (VIOLATED)
_060_/D_N                               0.75    0.81   -0.06 (VIOLATED)
_090_/A_N                               0.75    0.81   -0.06 (VIOLATED)
rst                                     0.75    0.81   -0.06 (VIOLATED)
_117_/Q                                 0.75    0.81   -0.06 (VIOLATED)
_128_/Q                                 0.75    0.81   -0.06 (VIOLATED)
_121_/RESET_B                           0.75    0.81   -0.06 (VIOLATED)
ANTENNA_2/DIODE                         0.75    0.81   -0.06 (VIOLATED)
_062_/A                                 0.75    0.81   -0.06 (VIOLATED)
_089_/A1                                0.75    0.81   -0.06 (VIOLATED)
_107_/Y                                 0.75    0.81   -0.06 (VIOLATED)
_058_/Y                                 0.75    0.81   -0.06 (VIOLATED)
_097_/A3                                0.75    0.80   -0.05 (VIOLATED)
_096_/D                                 0.75    0.80   -0.05 (VIOLATED)
_091_/B                                 0.75    0.80   -0.05 (VIOLATED)
_092_/B                                 0.75    0.80   -0.05 (VIOLATED)
_090_/X                                 0.75    0.80   -0.05 (VIOLATED)
_115_/RESET_B                           0.75    0.79   -0.04 (VIOLATED)
ANTENNA_1/DIODE                         0.75    0.79   -0.04 (VIOLATED)
_101_/Y                                 0.75    0.78   -0.03 (VIOLATED)
_086_/B                                 0.75    0.76   -0.01 (VIOLATED)
_089_/A2                                0.75    0.76   -0.01 (VIOLATED)
_083_/C                                 0.75    0.76   -0.01 (VIOLATED)
_087_/A2                                0.75    0.76   -0.01 (VIOLATED)
_082_/Y                                 0.75    0.76   -0.01 (VIOLATED)
_090_/C                                 0.75    0.75   -0.00 (VIOLATED)
_088_/A3                                0.75    0.75   -0.00 (VIOLATED)

max capacitance

Pin                                    Limit     Cap   Slack
------------------------------------------------------------
_100_/X                                 0.13    0.23   -0.10 (VIOLATED)
_070_/X                                 0.13    0.17   -0.04 (VIOLATED)
_063_/X                                 0.13    0.15   -0.02 (VIOLATED)



===========================================================================
report_parasitic_annotation -report_unannotated
============================================================================
Found 9 unannotated drivers.
 btn_step
 _129_/LO
 _130_/LO
 _131_/HI
 _132_/HI
 _133_/HI
 _134_/HI
 _135_/HI
 _136_/HI
Found 0 partially unannotated drivers.

===========================================================================
max slew violation count 158
max fanout violation count 0
max cap violation count 5
============================================================================

===========================================================================
check_setup -verbose -unconstrained_endpoints -multiple_clock -no_clock -no_input_delay -loops -generated_clocks
===========================================================================
Warning: There are 8 unconstrained endpoints.
  dp
  seg[0]
  seg[1]
  seg[2]
  seg[3]
  seg[4]
  seg[5]
  seg[6]
