
===========================================================================
 report_power
============================================================================
======================= Fastest Corner ===================================

Group                  Internal  Switching    Leakage      Total
                          Power      Power      Power      Power (Watts)
----------------------------------------------------------------
Sequential             5.38e-05   1.86e-04   6.85e-08   2.40e-04  36.8%
Combinational          9.16e-05   3.21e-04   1.81e-08   4.12e-04  63.2%
Macro                  0.00e+00   0.00e+00   0.00e+00   0.00e+00   0.0%
Pad                    0.00e+00   0.00e+00   0.00e+00   0.00e+00   0.0%
----------------------------------------------------------------
Total                  1.45e-04   5.07e-04   8.66e-08   6.52e-04 100.0%
                          22.3%      77.7%       0.0%

======================= Slowest Corner ===================================

Group                  Internal  Switching    Leakage      Total
                          Power      Power      Power      Power (Watts)
----------------------------------------------------------------
Sequential             3.46e-05   1.25e-04   2.73e-07   1.60e-04  36.6%
Combinational          6.26e-05   2.15e-04   3.61e-07   2.78e-04  63.4%
Macro                  0.00e+00   0.00e+00   0.00e+00   0.00e+00   0.0%
Pad                    0.00e+00   0.00e+00   0.00e+00   0.00e+00   0.0%
----------------------------------------------------------------
Total                  9.73e-05   3.40e-04   6.34e-07   4.38e-04 100.0%
                          22.2%      77.6%       0.1%

======================= Typical Corner ===================================

Group                  Internal  Switching    Leakage      Total
                          Power      Power      Power      Power (Watts)
----------------------------------------------------------------
Sequential             4.59e-05   1.59e-04   6.84e-08   2.05e-04  36.8%
Combinational          7.79e-05   2.73e-04   1.77e-08   3.50e-04  63.2%
Macro                  0.00e+00   0.00e+00   0.00e+00   0.00e+00   0.0%
Pad                    0.00e+00   0.00e+00   0.00e+00   0.00e+00   0.0%
----------------------------------------------------------------
Total                  1.24e-04   4.31e-04   8.62e-08   5.55e-04 100.0%
                          22.3%      77.7%       0.0%

