
 /----------------------------------------------------------------------------\
 |                                                                            |
 |  yosys -- Yosys Open SYnthesis Suite                                       |
 |                                                                            |
 |  Copyright (C) 2012 - 2020  Claire Xenia Wolf <claire@yosyshq.com>         |
 |                                                                            |
 |  Permission to use, copy, modify, and/or distribute this software for any  |
 |  purpose with or without fee is hereby granted, provided that the above    |
 |  copyright notice and this permission notice appear in all copies.         |
 |                                                                            |
 |  THE SOFTWARE IS PROVIDED "AS IS" AND THE AUTHOR DISCLAIMS ALL WARRANTIES  |
 |  WITH REGARD TO THIS SOFTWARE INCLUDING ALL IMPLIED WARRANTIES OF          |
 |  MERCHANTABILITY AND FITNESS. IN NO EVENT SHALL THE AUTHOR BE LIABLE FOR   |
 |  ANY SPECIAL, DIRECT, INDIRECT, OR CONSEQUENTIAL DAMAGES OR ANY DAMAGES    |
 |  WHATSOEVER RESULTING FROM LOSS OF USE, DATA OR PROFITS, WHETHER IN AN     |
 |  ACTION OF CONTRACT, NEGLIGENCE OR OTHER TORTIOUS ACTION, ARISING OUT OF   |
 |  OR IN CONNECTION WITH THE USE OR PERFORMANCE OF THIS SOFTWARE.            |
 |                                                                            |
 \----------------------------------------------------------------------------/

 Yosys 0.30+48 (git sha1 14d50a176d5, gcc 8.3.1 -fPIC -Os)

[TCL: yosys -import] Command name collision: found pre-existing command `cd' -> skip.
[TCL: yosys -import] Command name collision: found pre-existing command `eval' -> skip.
[TCL: yosys -import] Command name collision: found pre-existing command `exec' -> skip.
[TCL: yosys -import] Command name collision: found pre-existing command `read' -> skip.
[TCL: yosys -import] Command name collision: found pre-existing command `trace' -> skip.

1. Executing Verilog-2005 frontend: /openlane/designs/part3_regfile/src/register_file.v
Parsing SystemVerilog input from `/openlane/designs/part3_regfile/src/register_file.v' to AST representation.
Generating RTLIL representation for module `\register_file'.
Successfully finished Verilog frontend.

2. Generating Graphviz representation of design.
Writing dot description to `/openlane/designs/part3_regfile/runs/RUN_2026.05.16_10.05.05/tmp/synthesis/hierarchy.dot'.
Dumping module register_file to page 1.

3. Executing HIERARCHY pass (managing design hierarchy).

3.1. Analyzing design hierarchy..
Top module:  \register_file

3.2. Analyzing design hierarchy..
Top module:  \register_file
Removed 0 unused modules.

4. Executing TRIBUF pass.

5. Executing HIERARCHY pass (managing design hierarchy).

5.1. Analyzing design hierarchy..
Top module:  \register_file

5.2. Analyzing design hierarchy..
Top module:  \register_file
Removed 0 unused modules.

6. Executing PROC_CLEAN pass (remove empty switches from decision trees).
Cleaned up 0 empty switches.

7. Executing PROC_RMDEAD pass (remove dead branches from decision trees).
Marked 2 switch rules as full_case in process $proc$/openlane/designs/part3_regfile/src/register_file.v:16$19 in module register_file.
Removed a total of 0 dead cases.

8. Executing PROC_PRUNE pass (remove redundant assignments in processes).
Removed 0 redundant assignments.
Promoted 21 assignments to connections.

9. Executing PROC_INIT pass (extract init attributes).

10. Executing PROC_ARST pass (detect async resets in processes).

11. Executing PROC_ROM pass (convert switches to ROMs).
Converted 0 switches.
<suppressed ~2 debug messages>

12. Executing PROC_MUX pass (convert decision trees to multiplexers).
Creating decoders for process `\register_file.$proc$/openlane/designs/part3_regfile/src/register_file.v:25$61'.
Creating decoders for process `\register_file.$proc$/openlane/designs/part3_regfile/src/register_file.v:16$19'.
     1/23: $2$memwr$\regs$/openlane/designs/part3_regfile/src/register_file.v:21$18_EN[15:0]$60
     2/23: $2$memwr$\regs$/openlane/designs/part3_regfile/src/register_file.v:21$18_DATA[15:0]$59
     3/23: $2$memwr$\regs$/openlane/designs/part3_regfile/src/register_file.v:21$18_ADDR[3:0]$58
     4/23: $1\i[31:0]
     5/23: $1$memwr$\regs$/openlane/designs/part3_regfile/src/register_file.v:19$17_EN[15:0]$54
     6/23: $1$memwr$\regs$/openlane/designs/part3_regfile/src/register_file.v:19$16_EN[15:0]$53
     7/23: $1$memwr$\regs$/openlane/designs/part3_regfile/src/register_file.v:19$15_EN[15:0]$52
     8/23: $1$memwr$\regs$/openlane/designs/part3_regfile/src/register_file.v:19$14_EN[15:0]$51
     9/23: $1$memwr$\regs$/openlane/designs/part3_regfile/src/register_file.v:19$13_EN[15:0]$50
    10/23: $1$memwr$\regs$/openlane/designs/part3_regfile/src/register_file.v:19$12_EN[15:0]$49
    11/23: $1$memwr$\regs$/openlane/designs/part3_regfile/src/register_file.v:19$11_EN[15:0]$48
    12/23: $1$memwr$\regs$/openlane/designs/part3_regfile/src/register_file.v:19$10_EN[15:0]$47
    13/23: $1$memwr$\regs$/openlane/designs/part3_regfile/src/register_file.v:19$9_EN[15:0]$46
    14/23: $1$memwr$\regs$/openlane/designs/part3_regfile/src/register_file.v:19$8_EN[15:0]$45
    15/23: $1$memwr$\regs$/openlane/designs/part3_regfile/src/register_file.v:19$7_EN[15:0]$44
    16/23: $1$memwr$\regs$/openlane/designs/part3_regfile/src/register_file.v:19$6_EN[15:0]$43
    17/23: $1$memwr$\regs$/openlane/designs/part3_regfile/src/register_file.v:19$5_EN[15:0]$42
    18/23: $1$memwr$\regs$/openlane/designs/part3_regfile/src/register_file.v:19$4_EN[15:0]$41
    19/23: $1$memwr$\regs$/openlane/designs/part3_regfile/src/register_file.v:19$3_EN[15:0]$40
    20/23: $1$memwr$\regs$/openlane/designs/part3_regfile/src/register_file.v:19$2_EN[15:0]$39
    21/23: $1$memwr$\regs$/openlane/designs/part3_regfile/src/register_file.v:21$18_EN[15:0]$57
    22/23: $1$memwr$\regs$/openlane/designs/part3_regfile/src/register_file.v:21$18_DATA[15:0]$56
    23/23: $1$memwr$\regs$/openlane/designs/part3_regfile/src/register_file.v:21$18_ADDR[3:0]$55

13. Executing PROC_DLATCH pass (convert process syncs to latches).
No latch inferred for signal `\register_file.\data_out' from process `\register_file.$proc$/openlane/designs/part3_regfile/src/register_file.v:25$61'.

14. Executing PROC_DFF pass (convert process syncs to FFs).
Creating register for signal `\register_file.\i' using process `\register_file.$proc$/openlane/designs/part3_regfile/src/register_file.v:16$19'.
  created $dff cell `$procdff$141' with positive edge clock.
Creating register for signal `\register_file.$memwr$\regs$/openlane/designs/part3_regfile/src/register_file.v:19$2_EN' using process `\register_file.$proc$/openlane/designs/part3_regfile/src/register_file.v:16$19'.
  created $dff cell `$procdff$142' with positive edge clock.
Creating register for signal `\register_file.$memwr$\regs$/openlane/designs/part3_regfile/src/register_file.v:19$3_EN' using process `\register_file.$proc$/openlane/designs/part3_regfile/src/register_file.v:16$19'.
  created $dff cell `$procdff$143' with positive edge clock.
Creating register for signal `\register_file.$memwr$\regs$/openlane/designs/part3_regfile/src/register_file.v:19$4_EN' using process `\register_file.$proc$/openlane/designs/part3_regfile/src/register_file.v:16$19'.
  created $dff cell `$procdff$144' with positive edge clock.
Creating register for signal `\register_file.$memwr$\regs$/openlane/designs/part3_regfile/src/register_file.v:19$5_EN' using process `\register_file.$proc$/openlane/designs/part3_regfile/src/register_file.v:16$19'.
  created $dff cell `$procdff$145' with positive edge clock.
Creating register for signal `\register_file.$memwr$\regs$/openlane/designs/part3_regfile/src/register_file.v:19$6_EN' using process `\register_file.$proc$/openlane/designs/part3_regfile/src/register_file.v:16$19'.
  created $dff cell `$procdff$146' with positive edge clock.
Creating register for signal `\register_file.$memwr$\regs$/openlane/designs/part3_regfile/src/register_file.v:19$7_EN' using process `\register_file.$proc$/openlane/designs/part3_regfile/src/register_file.v:16$19'.
  created $dff cell `$procdff$147' with positive edge clock.
Creating register for signal `\register_file.$memwr$\regs$/openlane/designs/part3_regfile/src/register_file.v:19$8_EN' using process `\register_file.$proc$/openlane/designs/part3_regfile/src/register_file.v:16$19'.
  created $dff cell `$procdff$148' with positive edge clock.
Creating register for signal `\register_file.$memwr$\regs$/openlane/designs/part3_regfile/src/register_file.v:19$9_EN' using process `\register_file.$proc$/openlane/designs/part3_regfile/src/register_file.v:16$19'.
  created $dff cell `$procdff$149' with positive edge clock.
Creating register for signal `\register_file.$memwr$\regs$/openlane/designs/part3_regfile/src/register_file.v:19$10_EN' using process `\register_file.$proc$/openlane/designs/part3_regfile/src/register_file.v:16$19'.
  created $dff cell `$procdff$150' with positive edge clock.
Creating register for signal `\register_file.$memwr$\regs$/openlane/designs/part3_regfile/src/register_file.v:19$11_EN' using process `\register_file.$proc$/openlane/designs/part3_regfile/src/register_file.v:16$19'.
  created $dff cell `$procdff$151' with positive edge clock.
Creating register for signal `\register_file.$memwr$\regs$/openlane/designs/part3_regfile/src/register_file.v:19$12_EN' using process `\register_file.$proc$/openlane/designs/part3_regfile/src/register_file.v:16$19'.
  created $dff cell `$procdff$152' with positive edge clock.
Creating register for signal `\register_file.$memwr$\regs$/openlane/designs/part3_regfile/src/register_file.v:19$13_EN' using process `\register_file.$proc$/openlane/designs/part3_regfile/src/register_file.v:16$19'.
  created $dff cell `$procdff$153' with positive edge clock.
Creating register for signal `\register_file.$memwr$\regs$/openlane/designs/part3_regfile/src/register_file.v:19$14_EN' using process `\register_file.$proc$/openlane/designs/part3_regfile/src/register_file.v:16$19'.
  created $dff cell `$procdff$154' with positive edge clock.
Creating register for signal `\register_file.$memwr$\regs$/openlane/designs/part3_regfile/src/register_file.v:19$15_EN' using process `\register_file.$proc$/openlane/designs/part3_regfile/src/register_file.v:16$19'.
  created $dff cell `$procdff$155' with positive edge clock.
Creating register for signal `\register_file.$memwr$\regs$/openlane/designs/part3_regfile/src/register_file.v:19$16_EN' using process `\register_file.$proc$/openlane/designs/part3_regfile/src/register_file.v:16$19'.
  created $dff cell `$procdff$156' with positive edge clock.
Creating register for signal `\register_file.$memwr$\regs$/openlane/designs/part3_regfile/src/register_file.v:19$17_EN' using process `\register_file.$proc$/openlane/designs/part3_regfile/src/register_file.v:16$19'.
  created $dff cell `$procdff$157' with positive edge clock.
Creating register for signal `\register_file.$memwr$\regs$/openlane/designs/part3_regfile/src/register_file.v:21$18_ADDR' using process `\register_file.$proc$/openlane/designs/part3_regfile/src/register_file.v:16$19'.
  created $dff cell `$procdff$158' with positive edge clock.
Creating register for signal `\register_file.$memwr$\regs$/openlane/designs/part3_regfile/src/register_file.v:21$18_DATA' using process `\register_file.$proc$/openlane/designs/part3_regfile/src/register_file.v:16$19'.
  created $dff cell `$procdff$159' with positive edge clock.
Creating register for signal `\register_file.$memwr$\regs$/openlane/designs/part3_regfile/src/register_file.v:21$18_EN' using process `\register_file.$proc$/openlane/designs/part3_regfile/src/register_file.v:16$19'.
  created $dff cell `$procdff$160' with positive edge clock.

15. Executing PROC_MEMWR pass (convert process memory writes to cells).

16. Executing PROC_CLEAN pass (remove empty switches from decision trees).
Removing empty process `register_file.$proc$/openlane/designs/part3_regfile/src/register_file.v:25$61'.
Found and cleaned up 2 empty switches in `\register_file.$proc$/openlane/designs/part3_regfile/src/register_file.v:16$19'.
Removing empty process `register_file.$proc$/openlane/designs/part3_regfile/src/register_file.v:16$19'.
Cleaned up 2 empty switches.

17. Executing CHECK pass (checking for obvious problems).
Checking module register_file...
Found and reported 0 problems.

18. Executing OPT_EXPR pass (perform const folding).
Optimizing module register_file.

19. Executing FLATTEN pass (flatten design).

20. Executing OPT_EXPR pass (perform const folding).
Optimizing module register_file.

21. Executing OPT_CLEAN pass (remove unused cells and wires).
Finding unused cells or wires in module \register_file..
Removed 21 unused cells and 92 unused wires.
<suppressed ~23 debug messages>

22. Executing OPT pass (performing simple optimizations).

22.1. Executing OPT_EXPR pass (perform const folding).
Optimizing module register_file.

22.2. Executing OPT_MERGE pass (detect identical cells).
Finding identical cells in module `\register_file'.
Removed a total of 0 cells.

22.3. Executing OPT_MUXTREE pass (detect dead branches in mux trees).
Running muxtree optimizer on module \register_file..
  Creating internal representation of mux trees.
  Evaluating internal representation of mux trees.
  Analyzing evaluation results.
    dead port 1/2 on $mux $procmux$67.
    dead port 1/2 on $mux $procmux$73.
    dead port 1/2 on $mux $procmux$79.
Removed 3 multiplexer ports.
<suppressed ~19 debug messages>

22.4. Executing OPT_REDUCE pass (consolidate $*mux and $reduce_* inputs).
  Optimizing cells in module \register_file.
    Consolidated identical input bits for $mux cell $procmux$100:
      Old ports: A=16'0000000000000000, B=16'1111111111111111, Y=$0$memwr$\regs$/openlane/designs/part3_regfile/src/register_file.v:19$12_EN[15:0]$30
      New ports: A=1'0, B=1'1, Y=$0$memwr$\regs$/openlane/designs/part3_regfile/src/register_file.v:19$12_EN[15:0]$30 [0]
      New connections: $0$memwr$\regs$/openlane/designs/part3_regfile/src/register_file.v:19$12_EN[15:0]$30 [15:1] = { $0$memwr$\regs$/openlane/designs/part3_regfile/src/register_file.v:19$12_EN[15:0]$30 [0] $0$memwr$\regs$/openlane/designs/part3_regfile/src/register_file.v:19$12_EN[15:0]$30 [0] $0$memwr$\regs$/openlane/designs/part3_regfile/src/register_file.v:19$12_EN[15:0]$30 [0] $0$memwr$\regs$/openlane/designs/part3_regfile/src/register_file.v:19$12_EN[15:0]$30 [0] $0$memwr$\regs$/openlane/designs/part3_regfile/src/register_file.v:19$12_EN[15:0]$30 [0] $0$memwr$\regs$/openlane/designs/part3_regfile/src/register_file.v:19$12_EN[15:0]$30 [0] $0$memwr$\regs$/openlane/designs/part3_regfile/src/register_file.v:19$12_EN[15:0]$30 [0] $0$memwr$\regs$/openlane/designs/part3_regfile/src/register_file.v:19$12_EN[15:0]$30 [0] $0$memwr$\regs$/openlane/designs/part3_regfile/src/register_file.v:19$12_EN[15:0]$30 [0] $0$memwr$\regs$/openlane/designs/part3_regfile/src/register_file.v:19$12_EN[15:0]$30 [0] $0$memwr$\regs$/openlane/designs/part3_regfile/src/register_file.v:19$12_EN[15:0]$30 [0] $0$memwr$\regs$/openlane/designs/part3_regfile/src/register_file.v:19$12_EN[15:0]$30 [0] $0$memwr$\regs$/openlane/designs/part3_regfile/src/register_file.v:19$12_EN[15:0]$30 [0] $0$memwr$\regs$/openlane/designs/part3_regfile/src/register_file.v:19$12_EN[15:0]$30 [0] $0$memwr$\regs$/openlane/designs/part3_regfile/src/register_file.v:19$12_EN[15:0]$30 [0] }
    Consolidated identical input bits for $mux cell $procmux$103:
      Old ports: A=16'0000000000000000, B=16'1111111111111111, Y=$0$memwr$\regs$/openlane/designs/part3_regfile/src/register_file.v:19$11_EN[15:0]$29
      New ports: A=1'0, B=1'1, Y=$0$memwr$\regs$/openlane/designs/part3_regfile/src/register_file.v:19$11_EN[15:0]$29 [0]
      New connections: $0$memwr$\regs$/openlane/designs/part3_regfile/src/register_file.v:19$11_EN[15:0]$29 [15:1] = { $0$memwr$\regs$/openlane/designs/part3_regfile/src/register_file.v:19$11_EN[15:0]$29 [0] $0$memwr$\regs$/openlane/designs/part3_regfile/src/register_file.v:19$11_EN[15:0]$29 [0] $0$memwr$\regs$/openlane/designs/part3_regfile/src/register_file.v:19$11_EN[15:0]$29 [0] $0$memwr$\regs$/openlane/designs/part3_regfile/src/register_file.v:19$11_EN[15:0]$29 [0] $0$memwr$\regs$/openlane/designs/part3_regfile/src/register_file.v:19$11_EN[15:0]$29 [0] $0$memwr$\regs$/openlane/designs/part3_regfile/src/register_file.v:19$11_EN[15:0]$29 [0] $0$memwr$\regs$/openlane/designs/part3_regfile/src/register_file.v:19$11_EN[15:0]$29 [0] $0$memwr$\regs$/openlane/designs/part3_regfile/src/register_file.v:19$11_EN[15:0]$29 [0] $0$memwr$\regs$/openlane/designs/part3_regfile/src/register_file.v:19$11_EN[15:0]$29 [0] $0$memwr$\regs$/openlane/designs/part3_regfile/src/register_file.v:19$11_EN[15:0]$29 [0] $0$memwr$\regs$/openlane/designs/part3_regfile/src/register_file.v:19$11_EN[15:0]$29 [0] $0$memwr$\regs$/openlane/designs/part3_regfile/src/register_file.v:19$11_EN[15:0]$29 [0] $0$memwr$\regs$/openlane/designs/part3_regfile/src/register_file.v:19$11_EN[15:0]$29 [0] $0$memwr$\regs$/openlane/designs/part3_regfile/src/register_file.v:19$11_EN[15:0]$29 [0] $0$memwr$\regs$/openlane/designs/part3_regfile/src/register_file.v:19$11_EN[15:0]$29 [0] }
    Consolidated identical input bits for $mux cell $procmux$106:
      Old ports: A=16'0000000000000000, B=16'1111111111111111, Y=$0$memwr$\regs$/openlane/designs/part3_regfile/src/register_file.v:19$10_EN[15:0]$28
      New ports: A=1'0, B=1'1, Y=$0$memwr$\regs$/openlane/designs/part3_regfile/src/register_file.v:19$10_EN[15:0]$28 [0]
      New connections: $0$memwr$\regs$/openlane/designs/part3_regfile/src/register_file.v:19$10_EN[15:0]$28 [15:1] = { $0$memwr$\regs$/openlane/designs/part3_regfile/src/register_file.v:19$10_EN[15:0]$28 [0] $0$memwr$\regs$/openlane/designs/part3_regfile/src/register_file.v:19$10_EN[15:0]$28 [0] $0$memwr$\regs$/openlane/designs/part3_regfile/src/register_file.v:19$10_EN[15:0]$28 [0] $0$memwr$\regs$/openlane/designs/part3_regfile/src/register_file.v:19$10_EN[15:0]$28 [0] $0$memwr$\regs$/openlane/designs/part3_regfile/src/register_file.v:19$10_EN[15:0]$28 [0] $0$memwr$\regs$/openlane/designs/part3_regfile/src/register_file.v:19$10_EN[15:0]$28 [0] $0$memwr$\regs$/openlane/designs/part3_regfile/src/register_file.v:19$10_EN[15:0]$28 [0] $0$memwr$\regs$/openlane/designs/part3_regfile/src/register_file.v:19$10_EN[15:0]$28 [0] $0$memwr$\regs$/openlane/designs/part3_regfile/src/register_file.v:19$10_EN[15:0]$28 [0] $0$memwr$\regs$/openlane/designs/part3_regfile/src/register_file.v:19$10_EN[15:0]$28 [0] $0$memwr$\regs$/openlane/designs/part3_regfile/src/register_file.v:19$10_EN[15:0]$28 [0] $0$memwr$\regs$/openlane/designs/part3_regfile/src/register_file.v:19$10_EN[15:0]$28 [0] $0$memwr$\regs$/openlane/designs/part3_regfile/src/register_file.v:19$10_EN[15:0]$28 [0] $0$memwr$\regs$/openlane/designs/part3_regfile/src/register_file.v:19$10_EN[15:0]$28 [0] $0$memwr$\regs$/openlane/designs/part3_regfile/src/register_file.v:19$10_EN[15:0]$28 [0] }
    Consolidated identical input bits for $mux cell $procmux$109:
      Old ports: A=16'0000000000000000, B=16'1111111111111111, Y=$0$memwr$\regs$/openlane/designs/part3_regfile/src/register_file.v:19$9_EN[15:0]$27
      New ports: A=1'0, B=1'1, Y=$0$memwr$\regs$/openlane/designs/part3_regfile/src/register_file.v:19$9_EN[15:0]$27 [0]
      New connections: $0$memwr$\regs$/openlane/designs/part3_regfile/src/register_file.v:19$9_EN[15:0]$27 [15:1] = { $0$memwr$\regs$/openlane/designs/part3_regfile/src/register_file.v:19$9_EN[15:0]$27 [0] $0$memwr$\regs$/openlane/designs/part3_regfile/src/register_file.v:19$9_EN[15:0]$27 [0] $0$memwr$\regs$/openlane/designs/part3_regfile/src/register_file.v:19$9_EN[15:0]$27 [0] $0$memwr$\regs$/openlane/designs/part3_regfile/src/register_file.v:19$9_EN[15:0]$27 [0] $0$memwr$\regs$/openlane/designs/part3_regfile/src/register_file.v:19$9_EN[15:0]$27 [0] $0$memwr$\regs$/openlane/designs/part3_regfile/src/register_file.v:19$9_EN[15:0]$27 [0] $0$memwr$\regs$/openlane/designs/part3_regfile/src/register_file.v:19$9_EN[15:0]$27 [0] $0$memwr$\regs$/openlane/designs/part3_regfile/src/register_file.v:19$9_EN[15:0]$27 [0] $0$memwr$\regs$/openlane/designs/part3_regfile/src/register_file.v:19$9_EN[15:0]$27 [0] $0$memwr$\regs$/openlane/designs/part3_regfile/src/register_file.v:19$9_EN[15:0]$27 [0] $0$memwr$\regs$/openlane/designs/part3_regfile/src/register_file.v:19$9_EN[15:0]$27 [0] $0$memwr$\regs$/openlane/designs/part3_regfile/src/register_file.v:19$9_EN[15:0]$27 [0] $0$memwr$\regs$/openlane/designs/part3_regfile/src/register_file.v:19$9_EN[15:0]$27 [0] $0$memwr$\regs$/openlane/designs/part3_regfile/src/register_file.v:19$9_EN[15:0]$27 [0] $0$memwr$\regs$/openlane/designs/part3_regfile/src/register_file.v:19$9_EN[15:0]$27 [0] }
    Consolidated identical input bits for $mux cell $procmux$112:
      Old ports: A=16'0000000000000000, B=16'1111111111111111, Y=$0$memwr$\regs$/openlane/designs/part3_regfile/src/register_file.v:19$8_EN[15:0]$26
      New ports: A=1'0, B=1'1, Y=$0$memwr$\regs$/openlane/designs/part3_regfile/src/register_file.v:19$8_EN[15:0]$26 [0]
      New connections: $0$memwr$\regs$/openlane/designs/part3_regfile/src/register_file.v:19$8_EN[15:0]$26 [15:1] = { $0$memwr$\regs$/openlane/designs/part3_regfile/src/register_file.v:19$8_EN[15:0]$26 [0] $0$memwr$\regs$/openlane/designs/part3_regfile/src/register_file.v:19$8_EN[15:0]$26 [0] $0$memwr$\regs$/openlane/designs/part3_regfile/src/register_file.v:19$8_EN[15:0]$26 [0] $0$memwr$\regs$/openlane/designs/part3_regfile/src/register_file.v:19$8_EN[15:0]$26 [0] $0$memwr$\regs$/openlane/designs/part3_regfile/src/register_file.v:19$8_EN[15:0]$26 [0] $0$memwr$\regs$/openlane/designs/part3_regfile/src/register_file.v:19$8_EN[15:0]$26 [0] $0$memwr$\regs$/openlane/designs/part3_regfile/src/register_file.v:19$8_EN[15:0]$26 [0] $0$memwr$\regs$/openlane/designs/part3_regfile/src/register_file.v:19$8_EN[15:0]$26 [0] $0$memwr$\regs$/openlane/designs/part3_regfile/src/register_file.v:19$8_EN[15:0]$26 [0] $0$memwr$\regs$/openlane/designs/part3_regfile/src/register_file.v:19$8_EN[15:0]$26 [0] $0$memwr$\regs$/openlane/designs/part3_regfile/src/register_file.v:19$8_EN[15:0]$26 [0] $0$memwr$\regs$/openlane/designs/part3_regfile/src/register_file.v:19$8_EN[15:0]$26 [0] $0$memwr$\regs$/openlane/designs/part3_regfile/src/register_file.v:19$8_EN[15:0]$26 [0] $0$memwr$\regs$/openlane/designs/part3_regfile/src/register_file.v:19$8_EN[15:0]$26 [0] $0$memwr$\regs$/openlane/designs/part3_regfile/src/register_file.v:19$8_EN[15:0]$26 [0] }
    Consolidated identical input bits for $mux cell $procmux$115:
      Old ports: A=16'0000000000000000, B=16'1111111111111111, Y=$0$memwr$\regs$/openlane/designs/part3_regfile/src/register_file.v:19$7_EN[15:0]$25
      New ports: A=1'0, B=1'1, Y=$0$memwr$\regs$/openlane/designs/part3_regfile/src/register_file.v:19$7_EN[15:0]$25 [0]
      New connections: $0$memwr$\regs$/openlane/designs/part3_regfile/src/register_file.v:19$7_EN[15:0]$25 [15:1] = { $0$memwr$\regs$/openlane/designs/part3_regfile/src/register_file.v:19$7_EN[15:0]$25 [0] $0$memwr$\regs$/openlane/designs/part3_regfile/src/register_file.v:19$7_EN[15:0]$25 [0] $0$memwr$\regs$/openlane/designs/part3_regfile/src/register_file.v:19$7_EN[15:0]$25 [0] $0$memwr$\regs$/openlane/designs/part3_regfile/src/register_file.v:19$7_EN[15:0]$25 [0] $0$memwr$\regs$/openlane/designs/part3_regfile/src/register_file.v:19$7_EN[15:0]$25 [0] $0$memwr$\regs$/openlane/designs/part3_regfile/src/register_file.v:19$7_EN[15:0]$25 [0] $0$memwr$\regs$/openlane/designs/part3_regfile/src/register_file.v:19$7_EN[15:0]$25 [0] $0$memwr$\regs$/openlane/designs/part3_regfile/src/register_file.v:19$7_EN[15:0]$25 [0] $0$memwr$\regs$/openlane/designs/part3_regfile/src/register_file.v:19$7_EN[15:0]$25 [0] $0$memwr$\regs$/openlane/designs/part3_regfile/src/register_file.v:19$7_EN[15:0]$25 [0] $0$memwr$\regs$/openlane/designs/part3_regfile/src/register_file.v:19$7_EN[15:0]$25 [0] $0$memwr$\regs$/openlane/designs/part3_regfile/src/register_file.v:19$7_EN[15:0]$25 [0] $0$memwr$\regs$/openlane/designs/part3_regfile/src/register_file.v:19$7_EN[15:0]$25 [0] $0$memwr$\regs$/openlane/designs/part3_regfile/src/register_file.v:19$7_EN[15:0]$25 [0] $0$memwr$\regs$/openlane/designs/part3_regfile/src/register_file.v:19$7_EN[15:0]$25 [0] }
    Consolidated identical input bits for $mux cell $procmux$118:
      Old ports: A=16'0000000000000000, B=16'1111111111111111, Y=$0$memwr$\regs$/openlane/designs/part3_regfile/src/register_file.v:19$6_EN[15:0]$24
      New ports: A=1'0, B=1'1, Y=$0$memwr$\regs$/openlane/designs/part3_regfile/src/register_file.v:19$6_EN[15:0]$24 [0]
      New connections: $0$memwr$\regs$/openlane/designs/part3_regfile/src/register_file.v:19$6_EN[15:0]$24 [15:1] = { $0$memwr$\regs$/openlane/designs/part3_regfile/src/register_file.v:19$6_EN[15:0]$24 [0] $0$memwr$\regs$/openlane/designs/part3_regfile/src/register_file.v:19$6_EN[15:0]$24 [0] $0$memwr$\regs$/openlane/designs/part3_regfile/src/register_file.v:19$6_EN[15:0]$24 [0] $0$memwr$\regs$/openlane/designs/part3_regfile/src/register_file.v:19$6_EN[15:0]$24 [0] $0$memwr$\regs$/openlane/designs/part3_regfile/src/register_file.v:19$6_EN[15:0]$24 [0] $0$memwr$\regs$/openlane/designs/part3_regfile/src/register_file.v:19$6_EN[15:0]$24 [0] $0$memwr$\regs$/openlane/designs/part3_regfile/src/register_file.v:19$6_EN[15:0]$24 [0] $0$memwr$\regs$/openlane/designs/part3_regfile/src/register_file.v:19$6_EN[15:0]$24 [0] $0$memwr$\regs$/openlane/designs/part3_regfile/src/register_file.v:19$6_EN[15:0]$24 [0] $0$memwr$\regs$/openlane/designs/part3_regfile/src/register_file.v:19$6_EN[15:0]$24 [0] $0$memwr$\regs$/openlane/designs/part3_regfile/src/register_file.v:19$6_EN[15:0]$24 [0] $0$memwr$\regs$/openlane/designs/part3_regfile/src/register_file.v:19$6_EN[15:0]$24 [0] $0$memwr$\regs$/openlane/designs/part3_regfile/src/register_file.v:19$6_EN[15:0]$24 [0] $0$memwr$\regs$/openlane/designs/part3_regfile/src/register_file.v:19$6_EN[15:0]$24 [0] $0$memwr$\regs$/openlane/designs/part3_regfile/src/register_file.v:19$6_EN[15:0]$24 [0] }
    Consolidated identical input bits for $mux cell $procmux$121:
      Old ports: A=16'0000000000000000, B=16'1111111111111111, Y=$0$memwr$\regs$/openlane/designs/part3_regfile/src/register_file.v:19$5_EN[15:0]$23
      New ports: A=1'0, B=1'1, Y=$0$memwr$\regs$/openlane/designs/part3_regfile/src/register_file.v:19$5_EN[15:0]$23 [0]
      New connections: $0$memwr$\regs$/openlane/designs/part3_regfile/src/register_file.v:19$5_EN[15:0]$23 [15:1] = { $0$memwr$\regs$/openlane/designs/part3_regfile/src/register_file.v:19$5_EN[15:0]$23 [0] $0$memwr$\regs$/openlane/designs/part3_regfile/src/register_file.v:19$5_EN[15:0]$23 [0] $0$memwr$\regs$/openlane/designs/part3_regfile/src/register_file.v:19$5_EN[15:0]$23 [0] $0$memwr$\regs$/openlane/designs/part3_regfile/src/register_file.v:19$5_EN[15:0]$23 [0] $0$memwr$\regs$/openlane/designs/part3_regfile/src/register_file.v:19$5_EN[15:0]$23 [0] $0$memwr$\regs$/openlane/designs/part3_regfile/src/register_file.v:19$5_EN[15:0]$23 [0] $0$memwr$\regs$/openlane/designs/part3_regfile/src/register_file.v:19$5_EN[15:0]$23 [0] $0$memwr$\regs$/openlane/designs/part3_regfile/src/register_file.v:19$5_EN[15:0]$23 [0] $0$memwr$\regs$/openlane/designs/part3_regfile/src/register_file.v:19$5_EN[15:0]$23 [0] $0$memwr$\regs$/openlane/designs/part3_regfile/src/register_file.v:19$5_EN[15:0]$23 [0] $0$memwr$\regs$/openlane/designs/part3_regfile/src/register_file.v:19$5_EN[15:0]$23 [0] $0$memwr$\regs$/openlane/designs/part3_regfile/src/register_file.v:19$5_EN[15:0]$23 [0] $0$memwr$\regs$/openlane/designs/part3_regfile/src/register_file.v:19$5_EN[15:0]$23 [0] $0$memwr$\regs$/openlane/designs/part3_regfile/src/register_file.v:19$5_EN[15:0]$23 [0] $0$memwr$\regs$/openlane/designs/part3_regfile/src/register_file.v:19$5_EN[15:0]$23 [0] }
    Consolidated identical input bits for $mux cell $procmux$124:
      Old ports: A=16'0000000000000000, B=16'1111111111111111, Y=$0$memwr$\regs$/openlane/designs/part3_regfile/src/register_file.v:19$4_EN[15:0]$22
      New ports: A=1'0, B=1'1, Y=$0$memwr$\regs$/openlane/designs/part3_regfile/src/register_file.v:19$4_EN[15:0]$22 [0]
      New connections: $0$memwr$\regs$/openlane/designs/part3_regfile/src/register_file.v:19$4_EN[15:0]$22 [15:1] = { $0$memwr$\regs$/openlane/designs/part3_regfile/src/register_file.v:19$4_EN[15:0]$22 [0] $0$memwr$\regs$/openlane/designs/part3_regfile/src/register_file.v:19$4_EN[15:0]$22 [0] $0$memwr$\regs$/openlane/designs/part3_regfile/src/register_file.v:19$4_EN[15:0]$22 [0] $0$memwr$\regs$/openlane/designs/part3_regfile/src/register_file.v:19$4_EN[15:0]$22 [0] $0$memwr$\regs$/openlane/designs/part3_regfile/src/register_file.v:19$4_EN[15:0]$22 [0] $0$memwr$\regs$/openlane/designs/part3_regfile/src/register_file.v:19$4_EN[15:0]$22 [0] $0$memwr$\regs$/openlane/designs/part3_regfile/src/register_file.v:19$4_EN[15:0]$22 [0] $0$memwr$\regs$/openlane/designs/part3_regfile/src/register_file.v:19$4_EN[15:0]$22 [0] $0$memwr$\regs$/openlane/designs/part3_regfile/src/register_file.v:19$4_EN[15:0]$22 [0] $0$memwr$\regs$/openlane/designs/part3_regfile/src/register_file.v:19$4_EN[15:0]$22 [0] $0$memwr$\regs$/openlane/designs/part3_regfile/src/register_file.v:19$4_EN[15:0]$22 [0] $0$memwr$\regs$/openlane/designs/part3_regfile/src/register_file.v:19$4_EN[15:0]$22 [0] $0$memwr$\regs$/openlane/designs/part3_regfile/src/register_file.v:19$4_EN[15:0]$22 [0] $0$memwr$\regs$/openlane/designs/part3_regfile/src/register_file.v:19$4_EN[15:0]$22 [0] $0$memwr$\regs$/openlane/designs/part3_regfile/src/register_file.v:19$4_EN[15:0]$22 [0] }
    Consolidated identical input bits for $mux cell $procmux$127:
      Old ports: A=16'0000000000000000, B=16'1111111111111111, Y=$0$memwr$\regs$/openlane/designs/part3_regfile/src/register_file.v:19$3_EN[15:0]$21
      New ports: A=1'0, B=1'1, Y=$0$memwr$\regs$/openlane/designs/part3_regfile/src/register_file.v:19$3_EN[15:0]$21 [0]
      New connections: $0$memwr$\regs$/openlane/designs/part3_regfile/src/register_file.v:19$3_EN[15:0]$21 [15:1] = { $0$memwr$\regs$/openlane/designs/part3_regfile/src/register_file.v:19$3_EN[15:0]$21 [0] $0$memwr$\regs$/openlane/designs/part3_regfile/src/register_file.v:19$3_EN[15:0]$21 [0] $0$memwr$\regs$/openlane/designs/part3_regfile/src/register_file.v:19$3_EN[15:0]$21 [0] $0$memwr$\regs$/openlane/designs/part3_regfile/src/register_file.v:19$3_EN[15:0]$21 [0] $0$memwr$\regs$/openlane/designs/part3_regfile/src/register_file.v:19$3_EN[15:0]$21 [0] $0$memwr$\regs$/openlane/designs/part3_regfile/src/register_file.v:19$3_EN[15:0]$21 [0] $0$memwr$\regs$/openlane/designs/part3_regfile/src/register_file.v:19$3_EN[15:0]$21 [0] $0$memwr$\regs$/openlane/designs/part3_regfile/src/register_file.v:19$3_EN[15:0]$21 [0] $0$memwr$\regs$/openlane/designs/part3_regfile/src/register_file.v:19$3_EN[15:0]$21 [0] $0$memwr$\regs$/openlane/designs/part3_regfile/src/register_file.v:19$3_EN[15:0]$21 [0] $0$memwr$\regs$/openlane/designs/part3_regfile/src/register_file.v:19$3_EN[15:0]$21 [0] $0$memwr$\regs$/openlane/designs/part3_regfile/src/register_file.v:19$3_EN[15:0]$21 [0] $0$memwr$\regs$/openlane/designs/part3_regfile/src/register_file.v:19$3_EN[15:0]$21 [0] $0$memwr$\regs$/openlane/designs/part3_regfile/src/register_file.v:19$3_EN[15:0]$21 [0] $0$memwr$\regs$/openlane/designs/part3_regfile/src/register_file.v:19$3_EN[15:0]$21 [0] }
    Consolidated identical input bits for $mux cell $procmux$130:
      Old ports: A=16'0000000000000000, B=16'1111111111111111, Y=$0$memwr$\regs$/openlane/designs/part3_regfile/src/register_file.v:19$2_EN[15:0]$20
      New ports: A=1'0, B=1'1, Y=$0$memwr$\regs$/openlane/designs/part3_regfile/src/register_file.v:19$2_EN[15:0]$20 [0]
      New connections: $0$memwr$\regs$/openlane/designs/part3_regfile/src/register_file.v:19$2_EN[15:0]$20 [15:1] = { $0$memwr$\regs$/openlane/designs/part3_regfile/src/register_file.v:19$2_EN[15:0]$20 [0] $0$memwr$\regs$/openlane/designs/part3_regfile/src/register_file.v:19$2_EN[15:0]$20 [0] $0$memwr$\regs$/openlane/designs/part3_regfile/src/register_file.v:19$2_EN[15:0]$20 [0] $0$memwr$\regs$/openlane/designs/part3_regfile/src/register_file.v:19$2_EN[15:0]$20 [0] $0$memwr$\regs$/openlane/designs/part3_regfile/src/register_file.v:19$2_EN[15:0]$20 [0] $0$memwr$\regs$/openlane/designs/part3_regfile/src/register_file.v:19$2_EN[15:0]$20 [0] $0$memwr$\regs$/openlane/designs/part3_regfile/src/register_file.v:19$2_EN[15:0]$20 [0] $0$memwr$\regs$/openlane/designs/part3_regfile/src/register_file.v:19$2_EN[15:0]$20 [0] $0$memwr$\regs$/openlane/designs/part3_regfile/src/register_file.v:19$2_EN[15:0]$20 [0] $0$memwr$\regs$/openlane/designs/part3_regfile/src/register_file.v:19$2_EN[15:0]$20 [0] $0$memwr$\regs$/openlane/designs/part3_regfile/src/register_file.v:19$2_EN[15:0]$20 [0] $0$memwr$\regs$/openlane/designs/part3_regfile/src/register_file.v:19$2_EN[15:0]$20 [0] $0$memwr$\regs$/openlane/designs/part3_regfile/src/register_file.v:19$2_EN[15:0]$20 [0] $0$memwr$\regs$/openlane/designs/part3_regfile/src/register_file.v:19$2_EN[15:0]$20 [0] $0$memwr$\regs$/openlane/designs/part3_regfile/src/register_file.v:19$2_EN[15:0]$20 [0] }
    Consolidated identical input bits for $mux cell $procmux$64:
      Old ports: A=16'0000000000000000, B=16'1111111111111111, Y=$procmux$64_Y
      New ports: A=1'0, B=1'1, Y=$procmux$64_Y [0]
      New connections: $procmux$64_Y [15:1] = { $procmux$64_Y [0] $procmux$64_Y [0] $procmux$64_Y [0] $procmux$64_Y [0] $procmux$64_Y [0] $procmux$64_Y [0] $procmux$64_Y [0] $procmux$64_Y [0] $procmux$64_Y [0] $procmux$64_Y [0] $procmux$64_Y [0] $procmux$64_Y [0] $procmux$64_Y [0] $procmux$64_Y [0] $procmux$64_Y [0] }
    Consolidated identical input bits for $mux cell $procmux$85:
      Old ports: A=16'0000000000000000, B=16'1111111111111111, Y=$0$memwr$\regs$/openlane/designs/part3_regfile/src/register_file.v:19$17_EN[15:0]$35
      New ports: A=1'0, B=1'1, Y=$0$memwr$\regs$/openlane/designs/part3_regfile/src/register_file.v:19$17_EN[15:0]$35 [0]
      New connections: $0$memwr$\regs$/openlane/designs/part3_regfile/src/register_file.v:19$17_EN[15:0]$35 [15:1] = { $0$memwr$\regs$/openlane/designs/part3_regfile/src/register_file.v:19$17_EN[15:0]$35 [0] $0$memwr$\regs$/openlane/designs/part3_regfile/src/register_file.v:19$17_EN[15:0]$35 [0] $0$memwr$\regs$/openlane/designs/part3_regfile/src/register_file.v:19$17_EN[15:0]$35 [0] $0$memwr$\regs$/openlane/designs/part3_regfile/src/register_file.v:19$17_EN[15:0]$35 [0] $0$memwr$\regs$/openlane/designs/part3_regfile/src/register_file.v:19$17_EN[15:0]$35 [0] $0$memwr$\regs$/openlane/designs/part3_regfile/src/register_file.v:19$17_EN[15:0]$35 [0] $0$memwr$\regs$/openlane/designs/part3_regfile/src/register_file.v:19$17_EN[15:0]$35 [0] $0$memwr$\regs$/openlane/designs/part3_regfile/src/register_file.v:19$17_EN[15:0]$35 [0] $0$memwr$\regs$/openlane/designs/part3_regfile/src/register_file.v:19$17_EN[15:0]$35 [0] $0$memwr$\regs$/openlane/designs/part3_regfile/src/register_file.v:19$17_EN[15:0]$35 [0] $0$memwr$\regs$/openlane/designs/part3_regfile/src/register_file.v:19$17_EN[15:0]$35 [0] $0$memwr$\regs$/openlane/designs/part3_regfile/src/register_file.v:19$17_EN[15:0]$35 [0] $0$memwr$\regs$/openlane/designs/part3_regfile/src/register_file.v:19$17_EN[15:0]$35 [0] $0$memwr$\regs$/openlane/designs/part3_regfile/src/register_file.v:19$17_EN[15:0]$35 [0] $0$memwr$\regs$/openlane/designs/part3_regfile/src/register_file.v:19$17_EN[15:0]$35 [0] }
    Consolidated identical input bits for $mux cell $procmux$88:
      Old ports: A=16'0000000000000000, B=16'1111111111111111, Y=$0$memwr$\regs$/openlane/designs/part3_regfile/src/register_file.v:19$16_EN[15:0]$34
      New ports: A=1'0, B=1'1, Y=$0$memwr$\regs$/openlane/designs/part3_regfile/src/register_file.v:19$16_EN[15:0]$34 [0]
      New connections: $0$memwr$\regs$/openlane/designs/part3_regfile/src/register_file.v:19$16_EN[15:0]$34 [15:1] = { $0$memwr$\regs$/openlane/designs/part3_regfile/src/register_file.v:19$16_EN[15:0]$34 [0] $0$memwr$\regs$/openlane/designs/part3_regfile/src/register_file.v:19$16_EN[15:0]$34 [0] $0$memwr$\regs$/openlane/designs/part3_regfile/src/register_file.v:19$16_EN[15:0]$34 [0] $0$memwr$\regs$/openlane/designs/part3_regfile/src/register_file.v:19$16_EN[15:0]$34 [0] $0$memwr$\regs$/openlane/designs/part3_regfile/src/register_file.v:19$16_EN[15:0]$34 [0] $0$memwr$\regs$/openlane/designs/part3_regfile/src/register_file.v:19$16_EN[15:0]$34 [0] $0$memwr$\regs$/openlane/designs/part3_regfile/src/register_file.v:19$16_EN[15:0]$34 [0] $0$memwr$\regs$/openlane/designs/part3_regfile/src/register_file.v:19$16_EN[15:0]$34 [0] $0$memwr$\regs$/openlane/designs/part3_regfile/src/register_file.v:19$16_EN[15:0]$34 [0] $0$memwr$\regs$/openlane/designs/part3_regfile/src/register_file.v:19$16_EN[15:0]$34 [0] $0$memwr$\regs$/openlane/designs/part3_regfile/src/register_file.v:19$16_EN[15:0]$34 [0] $0$memwr$\regs$/openlane/designs/part3_regfile/src/register_file.v:19$16_EN[15:0]$34 [0] $0$memwr$\regs$/openlane/designs/part3_regfile/src/register_file.v:19$16_EN[15:0]$34 [0] $0$memwr$\regs$/openlane/designs/part3_regfile/src/register_file.v:19$16_EN[15:0]$34 [0] $0$memwr$\regs$/openlane/designs/part3_regfile/src/register_file.v:19$16_EN[15:0]$34 [0] }
    Consolidated identical input bits for $mux cell $procmux$91:
      Old ports: A=16'0000000000000000, B=16'1111111111111111, Y=$0$memwr$\regs$/openlane/designs/part3_regfile/src/register_file.v:19$15_EN[15:0]$33
      New ports: A=1'0, B=1'1, Y=$0$memwr$\regs$/openlane/designs/part3_regfile/src/register_file.v:19$15_EN[15:0]$33 [0]
      New connections: $0$memwr$\regs$/openlane/designs/part3_regfile/src/register_file.v:19$15_EN[15:0]$33 [15:1] = { $0$memwr$\regs$/openlane/designs/part3_regfile/src/register_file.v:19$15_EN[15:0]$33 [0] $0$memwr$\regs$/openlane/designs/part3_regfile/src/register_file.v:19$15_EN[15:0]$33 [0] $0$memwr$\regs$/openlane/designs/part3_regfile/src/register_file.v:19$15_EN[15:0]$33 [0] $0$memwr$\regs$/openlane/designs/part3_regfile/src/register_file.v:19$15_EN[15:0]$33 [0] $0$memwr$\regs$/openlane/designs/part3_regfile/src/register_file.v:19$15_EN[15:0]$33 [0] $0$memwr$\regs$/openlane/designs/part3_regfile/src/register_file.v:19$15_EN[15:0]$33 [0] $0$memwr$\regs$/openlane/designs/part3_regfile/src/register_file.v:19$15_EN[15:0]$33 [0] $0$memwr$\regs$/openlane/designs/part3_regfile/src/register_file.v:19$15_EN[15:0]$33 [0] $0$memwr$\regs$/openlane/designs/part3_regfile/src/register_file.v:19$15_EN[15:0]$33 [0] $0$memwr$\regs$/openlane/designs/part3_regfile/src/register_file.v:19$15_EN[15:0]$33 [0] $0$memwr$\regs$/openlane/designs/part3_regfile/src/register_file.v:19$15_EN[15:0]$33 [0] $0$memwr$\regs$/openlane/designs/part3_regfile/src/register_file.v:19$15_EN[15:0]$33 [0] $0$memwr$\regs$/openlane/designs/part3_regfile/src/register_file.v:19$15_EN[15:0]$33 [0] $0$memwr$\regs$/openlane/designs/part3_regfile/src/register_file.v:19$15_EN[15:0]$33 [0] $0$memwr$\regs$/openlane/designs/part3_regfile/src/register_file.v:19$15_EN[15:0]$33 [0] }
    Consolidated identical input bits for $mux cell $procmux$94:
      Old ports: A=16'0000000000000000, B=16'1111111111111111, Y=$0$memwr$\regs$/openlane/designs/part3_regfile/src/register_file.v:19$14_EN[15:0]$32
      New ports: A=1'0, B=1'1, Y=$0$memwr$\regs$/openlane/designs/part3_regfile/src/register_file.v:19$14_EN[15:0]$32 [0]
      New connections: $0$memwr$\regs$/openlane/designs/part3_regfile/src/register_file.v:19$14_EN[15:0]$32 [15:1] = { $0$memwr$\regs$/openlane/designs/part3_regfile/src/register_file.v:19$14_EN[15:0]$32 [0] $0$memwr$\regs$/openlane/designs/part3_regfile/src/register_file.v:19$14_EN[15:0]$32 [0] $0$memwr$\regs$/openlane/designs/part3_regfile/src/register_file.v:19$14_EN[15:0]$32 [0] $0$memwr$\regs$/openlane/designs/part3_regfile/src/register_file.v:19$14_EN[15:0]$32 [0] $0$memwr$\regs$/openlane/designs/part3_regfile/src/register_file.v:19$14_EN[15:0]$32 [0] $0$memwr$\regs$/openlane/designs/part3_regfile/src/register_file.v:19$14_EN[15:0]$32 [0] $0$memwr$\regs$/openlane/designs/part3_regfile/src/register_file.v:19$14_EN[15:0]$32 [0] $0$memwr$\regs$/openlane/designs/part3_regfile/src/register_file.v:19$14_EN[15:0]$32 [0] $0$memwr$\regs$/openlane/designs/part3_regfile/src/register_file.v:19$14_EN[15:0]$32 [0] $0$memwr$\regs$/openlane/designs/part3_regfile/src/register_file.v:19$14_EN[15:0]$32 [0] $0$memwr$\regs$/openlane/designs/part3_regfile/src/register_file.v:19$14_EN[15:0]$32 [0] $0$memwr$\regs$/openlane/designs/part3_regfile/src/register_file.v:19$14_EN[15:0]$32 [0] $0$memwr$\regs$/openlane/designs/part3_regfile/src/register_file.v:19$14_EN[15:0]$32 [0] $0$memwr$\regs$/openlane/designs/part3_regfile/src/register_file.v:19$14_EN[15:0]$32 [0] $0$memwr$\regs$/openlane/designs/part3_regfile/src/register_file.v:19$14_EN[15:0]$32 [0] }
    Consolidated identical input bits for $mux cell $procmux$97:
      Old ports: A=16'0000000000000000, B=16'1111111111111111, Y=$0$memwr$\regs$/openlane/designs/part3_regfile/src/register_file.v:19$13_EN[15:0]$31
      New ports: A=1'0, B=1'1, Y=$0$memwr$\regs$/openlane/designs/part3_regfile/src/register_file.v:19$13_EN[15:0]$31 [0]
      New connections: $0$memwr$\regs$/openlane/designs/part3_regfile/src/register_file.v:19$13_EN[15:0]$31 [15:1] = { $0$memwr$\regs$/openlane/designs/part3_regfile/src/register_file.v:19$13_EN[15:0]$31 [0] $0$memwr$\regs$/openlane/designs/part3_regfile/src/register_file.v:19$13_EN[15:0]$31 [0] $0$memwr$\regs$/openlane/designs/part3_regfile/src/register_file.v:19$13_EN[15:0]$31 [0] $0$memwr$\regs$/openlane/designs/part3_regfile/src/register_file.v:19$13_EN[15:0]$31 [0] $0$memwr$\regs$/openlane/designs/part3_regfile/src/register_file.v:19$13_EN[15:0]$31 [0] $0$memwr$\regs$/openlane/designs/part3_regfile/src/register_file.v:19$13_EN[15:0]$31 [0] $0$memwr$\regs$/openlane/designs/part3_regfile/src/register_file.v:19$13_EN[15:0]$31 [0] $0$memwr$\regs$/openlane/designs/part3_regfile/src/register_file.v:19$13_EN[15:0]$31 [0] $0$memwr$\regs$/openlane/designs/part3_regfile/src/register_file.v:19$13_EN[15:0]$31 [0] $0$memwr$\regs$/openlane/designs/part3_regfile/src/register_file.v:19$13_EN[15:0]$31 [0] $0$memwr$\regs$/openlane/designs/part3_regfile/src/register_file.v:19$13_EN[15:0]$31 [0] $0$memwr$\regs$/openlane/designs/part3_regfile/src/register_file.v:19$13_EN[15:0]$31 [0] $0$memwr$\regs$/openlane/designs/part3_regfile/src/register_file.v:19$13_EN[15:0]$31 [0] $0$memwr$\regs$/openlane/designs/part3_regfile/src/register_file.v:19$13_EN[15:0]$31 [0] $0$memwr$\regs$/openlane/designs/part3_regfile/src/register_file.v:19$13_EN[15:0]$31 [0] }
  Optimizing cells in module \register_file.
    Consolidated identical input bits for $mux cell $procmux$133:
      Old ports: A=$2$memwr$\regs$/openlane/designs/part3_regfile/src/register_file.v:21$18_EN[15:0]$60, B=16'0000000000000000, Y=$0$memwr$\regs$/openlane/designs/part3_regfile/src/register_file.v:21$18_EN[15:0]$38
      New ports: A=$procmux$64_Y [0], B=1'0, Y=$0$memwr$\regs$/openlane/designs/part3_regfile/src/register_file.v:21$18_EN[15:0]$38 [0]
      New connections: $0$memwr$\regs$/openlane/designs/part3_regfile/src/register_file.v:21$18_EN[15:0]$38 [15:1] = { $0$memwr$\regs$/openlane/designs/part3_regfile/src/register_file.v:21$18_EN[15:0]$38 [0] $0$memwr$\regs$/openlane/designs/part3_regfile/src/register_file.v:21$18_EN[15:0]$38 [0] $0$memwr$\regs$/openlane/designs/part3_regfile/src/register_file.v:21$18_EN[15:0]$38 [0] $0$memwr$\regs$/openlane/designs/part3_regfile/src/register_file.v:21$18_EN[15:0]$38 [0] $0$memwr$\regs$/openlane/designs/part3_regfile/src/register_file.v:21$18_EN[15:0]$38 [0] $0$memwr$\regs$/openlane/designs/part3_regfile/src/register_file.v:21$18_EN[15:0]$38 [0] $0$memwr$\regs$/openlane/designs/part3_regfile/src/register_file.v:21$18_EN[15:0]$38 [0] $0$memwr$\regs$/openlane/designs/part3_regfile/src/register_file.v:21$18_EN[15:0]$38 [0] $0$memwr$\regs$/openlane/designs/part3_regfile/src/register_file.v:21$18_EN[15:0]$38 [0] $0$memwr$\regs$/openlane/designs/part3_regfile/src/register_file.v:21$18_EN[15:0]$38 [0] $0$memwr$\regs$/openlane/designs/part3_regfile/src/register_file.v:21$18_EN[15:0]$38 [0] $0$memwr$\regs$/openlane/designs/part3_regfile/src/register_file.v:21$18_EN[15:0]$38 [0] $0$memwr$\regs$/openlane/designs/part3_regfile/src/register_file.v:21$18_EN[15:0]$38 [0] $0$memwr$\regs$/openlane/designs/part3_regfile/src/register_file.v:21$18_EN[15:0]$38 [0] $0$memwr$\regs$/openlane/designs/part3_regfile/src/register_file.v:21$18_EN[15:0]$38 [0] }
  Optimizing cells in module \register_file.
Performed a total of 18 changes.

22.5. Executing OPT_MERGE pass (detect identical cells).
Finding identical cells in module `\register_file'.
<suppressed ~45 debug messages>
Removed a total of 15 cells.

22.6. Executing OPT_DFF pass (perform DFF optimizations).

22.7. Executing OPT_CLEAN pass (remove unused cells and wires).
Finding unused cells or wires in module \register_file..
Removed 0 unused cells and 18 unused wires.
<suppressed ~1 debug messages>

22.8. Executing OPT_EXPR pass (perform const folding).
Optimizing module register_file.

22.9. Rerunning OPT passes. (Maybe there is more to do..)

22.10. Executing OPT_MUXTREE pass (detect dead branches in mux trees).
Running muxtree optimizer on module \register_file..
  Creating internal representation of mux trees.
  Evaluating internal representation of mux trees.
  Analyzing evaluation results.
Removed 0 multiplexer ports.
<suppressed ~4 debug messages>

22.11. Executing OPT_REDUCE pass (consolidate $*mux and $reduce_* inputs).
  Optimizing cells in module \register_file.
Performed a total of 0 changes.

22.12. Executing OPT_MERGE pass (detect identical cells).
Finding identical cells in module `\register_file'.
Removed a total of 0 cells.

22.13. Executing OPT_DFF pass (perform DFF optimizations).

22.14. Executing OPT_CLEAN pass (remove unused cells and wires).
Finding unused cells or wires in module \register_file..

22.15. Executing OPT_EXPR pass (perform const folding).
Optimizing module register_file.

22.16. Finished OPT passes. (There is nothing left to do.)

23. Executing FSM pass (extract and optimize FSM).

23.1. Executing FSM_DETECT pass (finding FSMs in design).

23.2. Executing FSM_EXTRACT pass (extracting FSM from design).

23.3. Executing FSM_OPT pass (simple optimizations of FSMs).

23.4. Executing OPT_CLEAN pass (remove unused cells and wires).
Finding unused cells or wires in module \register_file..

23.5. Executing FSM_OPT pass (simple optimizations of FSMs).

23.6. Executing FSM_RECODE pass (re-assigning FSM state encoding).

23.7. Executing FSM_INFO pass (dumping all available information on FSM cells).

23.8. Executing FSM_MAP pass (mapping FSMs to basic logic).

24. Executing OPT pass (performing simple optimizations).

24.1. Executing OPT_EXPR pass (perform const folding).
Optimizing module register_file.

24.2. Executing OPT_MERGE pass (detect identical cells).
Finding identical cells in module `\register_file'.
Removed a total of 0 cells.

24.3. Executing OPT_MUXTREE pass (detect dead branches in mux trees).
Running muxtree optimizer on module \register_file..
  Creating internal representation of mux trees.
  Evaluating internal representation of mux trees.
  Analyzing evaluation results.
Removed 0 multiplexer ports.
<suppressed ~4 debug messages>

24.4. Executing OPT_REDUCE pass (consolidate $*mux and $reduce_* inputs).
  Optimizing cells in module \register_file.
Performed a total of 0 changes.

24.5. Executing OPT_MERGE pass (detect identical cells).
Finding identical cells in module `\register_file'.
Removed a total of 0 cells.

24.6. Executing OPT_DFF pass (perform DFF optimizations).

24.7. Executing OPT_CLEAN pass (remove unused cells and wires).
Finding unused cells or wires in module \register_file..

24.8. Executing OPT_EXPR pass (perform const folding).
Optimizing module register_file.

24.9. Finished OPT passes. (There is nothing left to do.)

25. Executing WREDUCE pass (reducing word size of cells).
Removed top 28 address bits (of 32) from memory init port register_file.$auto$proc_memwr.cc:45:proc_memwr$161 (regs).
Removed top 28 address bits (of 32) from memory init port register_file.$auto$proc_memwr.cc:45:proc_memwr$162 (regs).
Removed top 28 address bits (of 32) from memory init port register_file.$auto$proc_memwr.cc:45:proc_memwr$163 (regs).
Removed top 28 address bits (of 32) from memory init port register_file.$auto$proc_memwr.cc:45:proc_memwr$164 (regs).
Removed top 28 address bits (of 32) from memory init port register_file.$auto$proc_memwr.cc:45:proc_memwr$165 (regs).
Removed top 28 address bits (of 32) from memory init port register_file.$auto$proc_memwr.cc:45:proc_memwr$166 (regs).
Removed top 28 address bits (of 32) from memory init port register_file.$auto$proc_memwr.cc:45:proc_memwr$167 (regs).
Removed top 28 address bits (of 32) from memory init port register_file.$auto$proc_memwr.cc:45:proc_memwr$168 (regs).
Removed top 28 address bits (of 32) from memory init port register_file.$auto$proc_memwr.cc:45:proc_memwr$169 (regs).
Removed top 28 address bits (of 32) from memory init port register_file.$auto$proc_memwr.cc:45:proc_memwr$170 (regs).
Removed top 28 address bits (of 32) from memory init port register_file.$auto$proc_memwr.cc:45:proc_memwr$171 (regs).
Removed top 28 address bits (of 32) from memory init port register_file.$auto$proc_memwr.cc:45:proc_memwr$172 (regs).
Removed top 28 address bits (of 32) from memory init port register_file.$auto$proc_memwr.cc:45:proc_memwr$173 (regs).
Removed top 28 address bits (of 32) from memory init port register_file.$auto$proc_memwr.cc:45:proc_memwr$174 (regs).
Removed top 28 address bits (of 32) from memory init port register_file.$auto$proc_memwr.cc:45:proc_memwr$175 (regs).
Removed top 28 address bits (of 32) from memory init port register_file.$auto$proc_memwr.cc:45:proc_memwr$176 (regs).

26. Executing PEEPOPT pass (run peephole optimizers).

27. Executing OPT_CLEAN pass (remove unused cells and wires).
Finding unused cells or wires in module \register_file..

28. Executing ALUMACC pass (create $alu and $macc cells).
Extracting $alu and $macc cells in module register_file:
  created 0 $alu and 0 $macc cells.

29. Executing SHARE pass (SAT-based resource sharing).

30. Executing OPT pass (performing simple optimizations).

30.1. Executing OPT_EXPR pass (perform const folding).
Optimizing module register_file.

30.2. Executing OPT_MERGE pass (detect identical cells).
Finding identical cells in module `\register_file'.
Removed a total of 0 cells.

30.3. Executing OPT_MUXTREE pass (detect dead branches in mux trees).
Running muxtree optimizer on module \register_file..
  Creating internal representation of mux trees.
  Evaluating internal representation of mux trees.
  Analyzing evaluation results.
Removed 0 multiplexer ports.
<suppressed ~4 debug messages>

30.4. Executing OPT_REDUCE pass (consolidate $*mux and $reduce_* inputs).
  Optimizing cells in module \register_file.
Performed a total of 0 changes.

30.5. Executing OPT_MERGE pass (detect identical cells).
Finding identical cells in module `\register_file'.
Removed a total of 0 cells.

30.6. Executing OPT_DFF pass (perform DFF optimizations).

30.7. Executing OPT_CLEAN pass (remove unused cells and wires).
Finding unused cells or wires in module \register_file..

30.8. Executing OPT_EXPR pass (perform const folding).
Optimizing module register_file.

30.9. Finished OPT passes. (There is nothing left to do.)

31. Executing MEMORY pass.

31.1. Executing OPT_MEM pass (optimize memories).
Performed a total of 0 transformations.

31.2. Executing OPT_MEM_PRIORITY pass (removing unnecessary memory write priority relations).
Performed a total of 120 transformations.

31.3. Executing OPT_MEM_FEEDBACK pass (finding memory read-to-write feedback paths).
  Analyzing register_file.regs write port 0.
  Analyzing register_file.regs write port 1.
  Analyzing register_file.regs write port 2.
  Analyzing register_file.regs write port 3.
  Analyzing register_file.regs write port 4.
  Analyzing register_file.regs write port 5.
  Analyzing register_file.regs write port 6.
  Analyzing register_file.regs write port 7.
  Analyzing register_file.regs write port 8.
  Analyzing register_file.regs write port 9.
  Analyzing register_file.regs write port 10.
  Analyzing register_file.regs write port 11.
  Analyzing register_file.regs write port 12.
  Analyzing register_file.regs write port 13.
  Analyzing register_file.regs write port 14.
  Analyzing register_file.regs write port 15.
  Analyzing register_file.regs write port 16.

31.4. Executing MEMORY_BMUX2ROM pass (converting muxes to ROMs).

31.5. Executing MEMORY_DFF pass (merging $dff cells to $memrd).
Checking read port `\regs'[0] in module `\register_file': no output FF found.
Checking read port address `\regs'[0] in module `\register_file': no address FF found.

31.6. Executing OPT_CLEAN pass (remove unused cells and wires).
Finding unused cells or wires in module \register_file..

31.7. Executing MEMORY_SHARE pass (consolidating $memrd/$memwr cells).
Consolidating write ports of memory register_file.regs by address:
  Merging ports 0, 1 (address 4'0000).
  Merging ports 0, 2 (address 4'0000).
  Merging ports 0, 3 (address 4'0000).
  Merging ports 0, 4 (address 4'0000).
  Merging ports 0, 5 (address 4'0000).
  Merging ports 0, 6 (address 4'0000).
  Merging ports 0, 7 (address 4'0000).
  Merging ports 0, 8 (address 4'0000).
  Merging ports 10, 11 (address 4'1010).
  Merging ports 12, 13 (address 4'1100).
  Merging ports 12, 14 (address 4'1100).
  Merging ports 12, 15 (address 4'1100).
Consolidating write ports of memory register_file.regs by address:
  Merging ports 1, 2 (address 4'1001).
  Merging ports 1, 3 (address 4'1000).
Consolidating write ports of memory register_file.regs by address:
Consolidating write ports of memory register_file.regs using sat-based resource sharing:

31.8. Executing OPT_MEM_WIDEN pass (optimize memories where all ports are wide).
Performed a total of 0 transformations.

31.9. Executing OPT_CLEAN pass (remove unused cells and wires).
Finding unused cells or wires in module \register_file..

31.10. Executing MEMORY_COLLECT pass (generating $mem cells).

32. Executing OPT_CLEAN pass (remove unused cells and wires).
Finding unused cells or wires in module \register_file..

33. Executing OPT pass (performing simple optimizations).

33.1. Executing OPT_EXPR pass (perform const folding).
Optimizing module register_file.
<suppressed ~6 debug messages>

33.2. Executing OPT_MERGE pass (detect identical cells).
Finding identical cells in module `\register_file'.
Removed a total of 0 cells.

33.3. Executing OPT_DFF pass (perform DFF optimizations).

33.4. Executing OPT_CLEAN pass (remove unused cells and wires).
Finding unused cells or wires in module \register_file..
Removed 0 unused cells and 6 unused wires.
<suppressed ~1 debug messages>

33.5. Finished fast OPT passes.

34. Executing MEMORY_MAP pass (converting memories to logic and flip-flops).
Mapping memory \regs in module \register_file:
  created 16 $dff cells and 0 static cells of width 16.
  read interface: 0 $dff and 15 $mux cells.
  write interface: 48 write mux blocks.

35. Executing OPT pass (performing simple optimizations).

35.1. Executing OPT_EXPR pass (perform const folding).
Optimizing module register_file.
<suppressed ~59 debug messages>

35.2. Executing OPT_MERGE pass (detect identical cells).
Finding identical cells in module `\register_file'.
Removed a total of 0 cells.

35.3. Executing OPT_MUXTREE pass (detect dead branches in mux trees).
Running muxtree optimizer on module \register_file..
  Creating internal representation of mux trees.
  Evaluating internal representation of mux trees.
  Analyzing evaluation results.
Removed 0 multiplexer ports.
<suppressed ~18 debug messages>

35.4. Executing OPT_REDUCE pass (consolidate $*mux and $reduce_* inputs).
  Optimizing cells in module \register_file.
Performed a total of 0 changes.

35.5. Executing OPT_MERGE pass (detect identical cells).
Finding identical cells in module `\register_file'.
Removed a total of 0 cells.

35.6. Executing OPT_SHARE pass.

35.7. Executing OPT_DFF pass (perform DFF optimizations).

35.8. Executing OPT_CLEAN pass (remove unused cells and wires).
Finding unused cells or wires in module \register_file..
Removed 0 unused cells and 87 unused wires.
<suppressed ~1 debug messages>

35.9. Executing OPT_EXPR pass (perform const folding).
Optimizing module register_file.

35.10. Rerunning OPT passes. (Maybe there is more to do..)

35.11. Executing OPT_MUXTREE pass (detect dead branches in mux trees).
Running muxtree optimizer on module \register_file..
  Creating internal representation of mux trees.
  Evaluating internal representation of mux trees.
  Analyzing evaluation results.
Removed 0 multiplexer ports.
<suppressed ~18 debug messages>

35.12. Executing OPT_REDUCE pass (consolidate $*mux and $reduce_* inputs).
  Optimizing cells in module \register_file.
Performed a total of 0 changes.

35.13. Executing OPT_MERGE pass (detect identical cells).
Finding identical cells in module `\register_file'.
Removed a total of 0 cells.

35.14. Executing OPT_SHARE pass.

35.15. Executing OPT_DFF pass (perform DFF optimizations).
Adding EN signal on $memory\regs[9]$198 ($dff) from module register_file (D = $memory\regs$wrmux[9][2][0]$y$432, Q = \regs[9]).
Adding EN signal on $memory\regs[8]$196 ($dff) from module register_file (D = $memory\regs$wrmux[8][2][0]$y$418, Q = \regs[8]).
Adding EN signal on $memory\regs[7]$194 ($dff) from module register_file (D = $memory\regs$wrmux[7][2][0]$y$398, Q = \regs[7]).
Adding EN signal on $memory\regs[6]$192 ($dff) from module register_file (D = $memory\regs$wrmux[6][2][0]$y$384, Q = \regs[6]).
Adding EN signal on $memory\regs[5]$190 ($dff) from module register_file (D = $memory\regs$wrmux[5][2][0]$y$370, Q = \regs[5]).
Adding EN signal on $memory\regs[4]$188 ($dff) from module register_file (D = $memory\regs$wrmux[4][2][0]$y$356, Q = \regs[4]).
Adding EN signal on $memory\regs[3]$186 ($dff) from module register_file (D = $memory\regs$wrmux[3][2][0]$y$338, Q = \regs[3]).
Adding EN signal on $memory\regs[2]$184 ($dff) from module register_file (D = $memory\regs$wrmux[2][2][0]$y$322, Q = \regs[2]).
Adding EN signal on $memory\regs[1]$182 ($dff) from module register_file (D = $memory\regs$wrmux[1][2][0]$y$304, Q = \regs[1]).
Adding EN signal on $memory\regs[15]$210 ($dff) from module register_file (D = $memory\regs$wrmux[15][2][0]$y$518, Q = \regs[15]).
Adding EN signal on $memory\regs[14]$208 ($dff) from module register_file (D = $memory\regs$wrmux[14][2][0]$y$504, Q = \regs[14]).
Adding EN signal on $memory\regs[13]$206 ($dff) from module register_file (D = $memory\regs$wrmux[13][2][0]$y$490, Q = \regs[13]).
Adding EN signal on $memory\regs[12]$204 ($dff) from module register_file (D = $memory\regs$wrmux[12][2][0]$y$476, Q = \regs[12]).
Adding EN signal on $memory\regs[11]$202 ($dff) from module register_file (D = $memory\regs$wrmux[11][2][0]$y$460, Q = \regs[11]).
Adding EN signal on $memory\regs[10]$200 ($dff) from module register_file (D = $memory\regs$wrmux[10][2][0]$y$446, Q = \regs[10]).
Adding EN signal on $memory\regs[0]$180 ($dff) from module register_file (D = $memory\regs$wrmux[0][2][0]$y$286, Q = \regs[0]).

35.16. Executing OPT_CLEAN pass (remove unused cells and wires).
Finding unused cells or wires in module \register_file..

35.17. Executing OPT_EXPR pass (perform const folding).
Optimizing module register_file.
<suppressed ~32 debug messages>

35.18. Rerunning OPT passes. (Maybe there is more to do..)

35.19. Executing OPT_MUXTREE pass (detect dead branches in mux trees).
Running muxtree optimizer on module \register_file..
  Creating internal representation of mux trees.
  Evaluating internal representation of mux trees.
  Analyzing evaluation results.
Removed 0 multiplexer ports.
<suppressed ~18 debug messages>

35.20. Executing OPT_REDUCE pass (consolidate $*mux and $reduce_* inputs).
  Optimizing cells in module \register_file.
Performed a total of 0 changes.

35.21. Executing OPT_MERGE pass (detect identical cells).
Finding identical cells in module `\register_file'.
Removed a total of 0 cells.

35.22. Executing OPT_SHARE pass.

35.23. Executing OPT_DFF pass (perform DFF optimizations).
Adding SRST signal on $auto$ff.cc:266:slice$546 ($dffe) from module register_file (D = \data_in, Q = \regs[15], rval = 16'0000000000000000).
Adding SRST signal on $auto$ff.cc:266:slice$543 ($dffe) from module register_file (D = \data_in, Q = \regs[1], rval = 16'0000000000000000).
Adding SRST signal on $auto$ff.cc:266:slice$540 ($dffe) from module register_file (D = \data_in, Q = \regs[2], rval = 16'0000000000000000).
Adding SRST signal on $auto$ff.cc:266:slice$537 ($dffe) from module register_file (D = \data_in, Q = \regs[3], rval = 16'0000000000000000).
Adding SRST signal on $auto$ff.cc:266:slice$534 ($dffe) from module register_file (D = \data_in, Q = \regs[4], rval = 16'0000000000000000).
Adding SRST signal on $auto$ff.cc:266:slice$528 ($dffe) from module register_file (D = \data_in, Q = \regs[6], rval = 16'0000000000000000).
Adding SRST signal on $auto$ff.cc:266:slice$531 ($dffe) from module register_file (D = \data_in, Q = \regs[5], rval = 16'0000000000000000).
Adding SRST signal on $auto$ff.cc:266:slice$519 ($dffe) from module register_file (D = \data_in, Q = \regs[9], rval = 16'0000000000000000).
Adding SRST signal on $auto$ff.cc:266:slice$522 ($dffe) from module register_file (D = \data_in, Q = \regs[8], rval = 16'0000000000000000).
Adding SRST signal on $auto$ff.cc:266:slice$564 ($dffe) from module register_file (D = \data_in, Q = \regs[0], rval = 16'0000000000000000).
Adding SRST signal on $auto$ff.cc:266:slice$561 ($dffe) from module register_file (D = \data_in, Q = \regs[10], rval = 16'0000000000000000).
Adding SRST signal on $auto$ff.cc:266:slice$558 ($dffe) from module register_file (D = \data_in, Q = \regs[11], rval = 16'0000000000000000).
Adding SRST signal on $auto$ff.cc:266:slice$555 ($dffe) from module register_file (D = \data_in, Q = \regs[12], rval = 16'0000000000000000).
Adding SRST signal on $auto$ff.cc:266:slice$552 ($dffe) from module register_file (D = \data_in, Q = \regs[13], rval = 16'0000000000000000).
Adding SRST signal on $auto$ff.cc:266:slice$549 ($dffe) from module register_file (D = \data_in, Q = \regs[14], rval = 16'0000000000000000).
Adding SRST signal on $auto$ff.cc:266:slice$525 ($dffe) from module register_file (D = \data_in, Q = \regs[7], rval = 16'0000000000000000).

35.24. Executing OPT_CLEAN pass (remove unused cells and wires).
Finding unused cells or wires in module \register_file..
Removed 16 unused cells and 32 unused wires.
<suppressed ~17 debug messages>

35.25. Executing OPT_EXPR pass (perform const folding).
Optimizing module register_file.

35.26. Rerunning OPT passes. (Maybe there is more to do..)

35.27. Executing OPT_MUXTREE pass (detect dead branches in mux trees).
Running muxtree optimizer on module \register_file..
  Creating internal representation of mux trees.
  Evaluating internal representation of mux trees.
  Analyzing evaluation results.
Removed 0 multiplexer ports.
<suppressed ~2 debug messages>

35.28. Executing OPT_REDUCE pass (consolidate $*mux and $reduce_* inputs).
  Optimizing cells in module \register_file.
Performed a total of 0 changes.

35.29. Executing OPT_MERGE pass (detect identical cells).
Finding identical cells in module `\register_file'.
Removed a total of 0 cells.

35.30. Executing OPT_SHARE pass.

35.31. Executing OPT_DFF pass (perform DFF optimizations).

35.32. Executing OPT_CLEAN pass (remove unused cells and wires).
Finding unused cells or wires in module \register_file..

35.33. Executing OPT_EXPR pass (perform const folding).
Optimizing module register_file.

35.34. Finished OPT passes. (There is nothing left to do.)

36. Executing TECHMAP pass (map to technology primitives).

36.1. Executing Verilog-2005 frontend: /build/bin/../share/yosys/techmap.v
Parsing Verilog input from `/build/bin/../share/yosys/techmap.v' to AST representation.
Generating RTLIL representation for module `\_90_simplemap_bool_ops'.
Generating RTLIL representation for module `\_90_simplemap_reduce_ops'.
Generating RTLIL representation for module `\_90_simplemap_logic_ops'.
Generating RTLIL representation for module `\_90_simplemap_compare_ops'.
Generating RTLIL representation for module `\_90_simplemap_various'.
Generating RTLIL representation for module `\_90_simplemap_registers'.
Generating RTLIL representation for module `\_90_shift_ops_shr_shl_sshl_sshr'.
Generating RTLIL representation for module `\_90_shift_shiftx'.
Generating RTLIL representation for module `\_90_fa'.
Generating RTLIL representation for module `\_90_lcu'.
Generating RTLIL representation for module `\_90_alu'.
Generating RTLIL representation for module `\_90_macc'.
Generating RTLIL representation for module `\_90_alumacc'.
Generating RTLIL representation for module `\$__div_mod_u'.
Generating RTLIL representation for module `\$__div_mod_trunc'.
Generating RTLIL representation for module `\_90_div'.
Generating RTLIL representation for module `\_90_mod'.
Generating RTLIL representation for module `\$__div_mod_floor'.
Generating RTLIL representation for module `\_90_divfloor'.
Generating RTLIL representation for module `\_90_modfloor'.
Generating RTLIL representation for module `\_90_pow'.
Generating RTLIL representation for module `\_90_pmux'.
Generating RTLIL representation for module `\_90_demux'.
Generating RTLIL representation for module `\_90_lut'.
Successfully finished Verilog frontend.

36.2. Continuing TECHMAP pass.
Using extmapper simplemap for cells of type $and.
Using extmapper simplemap for cells of type $sdffce.
Using extmapper simplemap for cells of type $not.
Using extmapper simplemap for cells of type $mux.
Using extmapper simplemap for cells of type $reduce_bool.
No more expansions possible.
<suppressed ~165 debug messages>

37. Executing OPT pass (performing simple optimizations).

37.1. Executing OPT_EXPR pass (perform const folding).
Optimizing module register_file.

37.2. Executing OPT_MERGE pass (detect identical cells).
Finding identical cells in module `\register_file'.
Removed a total of 0 cells.

37.3. Executing OPT_DFF pass (perform DFF optimizations).

37.4. Executing OPT_CLEAN pass (remove unused cells and wires).
Finding unused cells or wires in module \register_file..
Removed 0 unused cells and 16 unused wires.
<suppressed ~1 debug messages>

37.5. Finished fast OPT passes.

38. Executing ABC pass (technology mapping using ABC).

38.1. Extracting gate netlist of module `\register_file' to `<abc-temp-dir>/input.blif'..
Extracted 301 gates and 564 wires to a netlist network with 262 inputs and 48 outputs.

38.1.1. Executing ABC.
Running ABC command: "<yosys-exe-dir>/yosys-abc" -s -f <abc-temp-dir>/abc.script 2>&1
ABC: ABC command line: "source <abc-temp-dir>/abc.script".
ABC: 
ABC: + read_blif <abc-temp-dir>/input.blif 
ABC: + read_library <abc-temp-dir>/stdcells.genlib 
ABC: Entered genlib library with 13 gates from file "<abc-temp-dir>/stdcells.genlib".
ABC: + strash 
ABC: + dretime 
ABC: + map 
ABC: + write_blif <abc-temp-dir>/output.blif 

38.1.2. Re-integrating ABC results.
ABC RESULTS:              NAND cells:        2
ABC RESULTS:             ORNOT cells:        4
ABC RESULTS:            ANDNOT cells:       17
ABC RESULTS:                OR cells:       34
ABC RESULTS:               NOT cells:        3
ABC RESULTS:               MUX cells:      240
ABC RESULTS:        internal signals:      254
ABC RESULTS:           input signals:      262
ABC RESULTS:          output signals:       48
Removing temp directory.

39. Executing OPT pass (performing simple optimizations).

39.1. Executing OPT_EXPR pass (perform const folding).
Optimizing module register_file.
<suppressed ~112 debug messages>

39.2. Executing OPT_MERGE pass (detect identical cells).
Finding identical cells in module `\register_file'.
Removed a total of 0 cells.

39.3. Executing OPT_DFF pass (perform DFF optimizations).

39.4. Executing OPT_CLEAN pass (remove unused cells and wires).
Finding unused cells or wires in module \register_file..
Removed 3 unused cells and 356 unused wires.
<suppressed ~4 debug messages>

39.5. Finished fast OPT passes.

40. Executing HIERARCHY pass (managing design hierarchy).

40.1. Analyzing design hierarchy..
Top module:  \register_file

40.2. Analyzing design hierarchy..
Top module:  \register_file
Removed 0 unused modules.

41. Printing statistics.

=== register_file ===

   Number of wires:                303
   Number of wire bits:            588
   Number of public wires:          22
   Number of public wire bits:     307
   Number of memories:               0
   Number of memory bits:            0
   Number of processes:              0
   Number of cells:                553
     $_ANDNOT_                      17
     $_MUX_                        240
     $_NAND_                         2
     $_ORNOT_                        4
     $_OR_                          34
     $_SDFFCE_PN0P_                256

42. Executing CHECK pass (checking for obvious problems).
Checking module register_file...
Found and reported 0 problems.

43. Generating Graphviz representation of design.
Writing dot description to `/openlane/designs/part3_regfile/runs/RUN_2026.05.16_10.05.05/tmp/synthesis/post_techmap.dot'.
Dumping module register_file to page 1.

44. Executing SHARE pass (SAT-based resource sharing).

45. Executing OPT pass (performing simple optimizations).

45.1. Executing OPT_EXPR pass (perform const folding).
Optimizing module register_file.

45.2. Executing OPT_MERGE pass (detect identical cells).
Finding identical cells in module `\register_file'.
Removed a total of 0 cells.

45.3. Executing OPT_MUXTREE pass (detect dead branches in mux trees).
Running muxtree optimizer on module \register_file..
  Creating internal representation of mux trees.
  No muxes found in this module.
Removed 0 multiplexer ports.

45.4. Executing OPT_REDUCE pass (consolidate $*mux and $reduce_* inputs).
  Optimizing cells in module \register_file.
Performed a total of 0 changes.

45.5. Executing OPT_MERGE pass (detect identical cells).
Finding identical cells in module `\register_file'.
Removed a total of 0 cells.

45.6. Executing OPT_DFF pass (perform DFF optimizations).

45.7. Executing OPT_CLEAN pass (remove unused cells and wires).
Finding unused cells or wires in module \register_file..

45.8. Executing OPT_EXPR pass (perform const folding).
Optimizing module register_file.

45.9. Finished OPT passes. (There is nothing left to do.)

46. Executing OPT_CLEAN pass (remove unused cells and wires).
Finding unused cells or wires in module \register_file..

47. Printing statistics.

=== register_file ===

   Number of wires:                303
   Number of wire bits:            588
   Number of public wires:          22
   Number of public wire bits:     307
   Number of memories:               0
   Number of memory bits:            0
   Number of processes:              0
   Number of cells:                553
     $_ANDNOT_                      17
     $_MUX_                        240
     $_NAND_                         2
     $_ORNOT_                        4
     $_OR_                          34
     $_SDFFCE_PN0P_                256

mapping tbuf

48. Executing TECHMAP pass (map to technology primitives).

48.1. Executing Verilog-2005 frontend: /Users/egehuriel/.ciel/sky130A/libs.tech/openlane/sky130_fd_sc_hd/tribuff_map.v
Parsing Verilog input from `/Users/egehuriel/.ciel/sky130A/libs.tech/openlane/sky130_fd_sc_hd/tribuff_map.v' to AST representation.
Generating RTLIL representation for module `\$_TBUF_'.
Successfully finished Verilog frontend.

48.2. Continuing TECHMAP pass.
No more expansions possible.
<suppressed ~3 debug messages>

49. Executing SIMPLEMAP pass (map simple cells to gate primitives).

50. Executing TECHMAP pass (map to technology primitives).

50.1. Executing Verilog-2005 frontend: /Users/egehuriel/.ciel/sky130A/libs.tech/openlane/sky130_fd_sc_hd/latch_map.v
Parsing Verilog input from `/Users/egehuriel/.ciel/sky130A/libs.tech/openlane/sky130_fd_sc_hd/latch_map.v' to AST representation.
Generating RTLIL representation for module `\$_DLATCH_P_'.
Generating RTLIL representation for module `\$_DLATCH_N_'.
Successfully finished Verilog frontend.

50.2. Continuing TECHMAP pass.
No more expansions possible.
<suppressed ~4 debug messages>

51. Executing SIMPLEMAP pass (map simple cells to gate primitives).

52. Executing DFFLIBMAP pass (mapping DFF cells to sequential cells from liberty file).
  cell sky130_fd_sc_hd__dfxtp_2 (noninv, pins=3, area=21.27) is a direct match for cell type $_DFF_P_.
  cell sky130_fd_sc_hd__dfrtp_2 (noninv, pins=4, area=26.28) is a direct match for cell type $_DFF_PN0_.
  cell sky130_fd_sc_hd__dfstp_2 (noninv, pins=4, area=26.28) is a direct match for cell type $_DFF_PN1_.
  cell sky130_fd_sc_hd__dfbbn_2 (noninv, pins=6, area=35.03) is a direct match for cell type $_DFFSR_NNN_.
  final dff cell mappings:
    unmapped dff cell: $_DFF_N_
    \sky130_fd_sc_hd__dfxtp_2 _DFF_P_ (.CLK( C), .D( D), .Q( Q));
    unmapped dff cell: $_DFF_NN0_
    unmapped dff cell: $_DFF_NN1_
    unmapped dff cell: $_DFF_NP0_
    unmapped dff cell: $_DFF_NP1_
    \sky130_fd_sc_hd__dfrtp_2 _DFF_PN0_ (.CLK( C), .D( D), .Q( Q), .RESET_B( R));
    \sky130_fd_sc_hd__dfstp_2 _DFF_PN1_ (.CLK( C), .D( D), .Q( Q), .SET_B( R));
    unmapped dff cell: $_DFF_PP0_
    unmapped dff cell: $_DFF_PP1_
    \sky130_fd_sc_hd__dfbbn_2 _DFFSR_NNN_ (.CLK_N( C), .D( D), .Q( Q), .Q_N(~Q), .RESET_B( R), .SET_B( S));
    unmapped dff cell: $_DFFSR_NNP_
    unmapped dff cell: $_DFFSR_NPN_
    unmapped dff cell: $_DFFSR_NPP_
    unmapped dff cell: $_DFFSR_PNN_
    unmapped dff cell: $_DFFSR_PNP_
    unmapped dff cell: $_DFFSR_PPN_
    unmapped dff cell: $_DFFSR_PPP_

52.1. Executing DFFLEGALIZE pass (convert FFs to types supported by the target).
Mapping DFF cells in module `\register_file':
  mapped 256 $_DFF_P_ cells to \sky130_fd_sc_hd__dfxtp_2 cells.

53. Printing statistics.

=== register_file ===

   Number of wires:                815
   Number of wire bits:           1100
   Number of public wires:          22
   Number of public wire bits:     307
   Number of memories:               0
   Number of memory bits:            0
   Number of processes:              0
   Number of cells:               1065
     $_ANDNOT_                      17
     $_MUX_                        752
     $_NAND_                         2
     $_ORNOT_                        4
     $_OR_                          34
     sky130_fd_sc_hd__dfxtp_2      256

[INFO]: USING STRATEGY AREA 0

54. Executing ABC pass (technology mapping using ABC).

54.1. Extracting gate netlist of module `\register_file' to `/tmp/yosys-abc-qtuX2B/input.blif'..
Extracted 809 gates and 1088 wires to a netlist network with 278 inputs and 272 outputs.

54.1.1. Executing ABC.
Running ABC command: "/build/bin/yosys-abc" -s -f /tmp/yosys-abc-qtuX2B/abc.script 2>&1
ABC: ABC command line: "source /tmp/yosys-abc-qtuX2B/abc.script".
ABC: 
ABC: + read_blif /tmp/yosys-abc-qtuX2B/input.blif 
ABC: + read_lib -w /openlane/designs/part3_regfile/runs/RUN_2026.05.16_10.05.05/tmp/synthesis/trimmed.lib 
ABC: Parsing finished successfully.  Parsing time =     0.04 sec
ABC: Scl_LibertyReadGenlib() skipped sequential cell "sky130_fd_sc_hd__dfbbn_2".
ABC: Scl_LibertyReadGenlib() skipped sequential cell "sky130_fd_sc_hd__dfrbp_2".
ABC: Scl_LibertyReadGenlib() skipped sequential cell "sky130_fd_sc_hd__dfrtp_2".
ABC: Scl_LibertyReadGenlib() skipped sequential cell "sky130_fd_sc_hd__dfrtp_4".
ABC: Scl_LibertyReadGenlib() skipped sequential cell "sky130_fd_sc_hd__dfsbp_2".
ABC: Scl_LibertyReadGenlib() skipped sequential cell "sky130_fd_sc_hd__dfstp_2".
ABC: Scl_LibertyReadGenlib() skipped sequential cell "sky130_fd_sc_hd__dfstp_4".
ABC: Scl_LibertyReadGenlib() skipped sequential cell "sky130_fd_sc_hd__dfxbp_2".
ABC: Scl_LibertyReadGenlib() skipped sequential cell "sky130_fd_sc_hd__dfxtp_2".
ABC: Scl_LibertyReadGenlib() skipped sequential cell "sky130_fd_sc_hd__dfxtp_4".
ABC: Scl_LibertyReadGenlib() skipped sequential cell "sky130_fd_sc_hd__dlxtn_1".
ABC: Scl_LibertyReadGenlib() skipped sequential cell "sky130_fd_sc_hd__dlxtn_2".
ABC: Scl_LibertyReadGenlib() skipped sequential cell "sky130_fd_sc_hd__dlxtn_4".
ABC: Scl_LibertyReadGenlib() skipped sequential cell "sky130_fd_sc_hd__dlxtp_1".
ABC: Scl_LibertyReadGenlib() skipped three-state cell "sky130_fd_sc_hd__ebufn_2".
ABC: Scl_LibertyReadGenlib() skipped three-state cell "sky130_fd_sc_hd__ebufn_4".
ABC: Scl_LibertyReadGenlib() skipped three-state cell "sky130_fd_sc_hd__ebufn_8".
ABC: Library "sky130A_merged" from "/openlane/designs/part3_regfile/runs/RUN_2026.05.16_10.05.05/tmp/synthesis/trimmed.lib" has 175 cells (17 skipped: 14 seq; 3 tri-state; 0 no func; 0 dont_use).  Time =     0.06 sec
ABC: Memory =    9.54 MB. Time =     0.06 sec
ABC: Warning: Detected 2 multi-output gates (for example, "sky130_fd_sc_hd__fa_1").
ABC: + read_constr -v /openlane/designs/part3_regfile/runs/RUN_2026.05.16_10.05.05/tmp/synthesis/synthesis.sdc 
ABC: Setting driving cell to be "sky130_fd_sc_hd__inv_2".
ABC: Setting output load to be 33.442001.
ABC: + read_constr /openlane/designs/part3_regfile/runs/RUN_2026.05.16_10.05.05/tmp/synthesis/synthesis.sdc 
ABC: + fx 
ABC: + mfs 
ABC: + strash 
ABC: + refactor 
ABC: + balance 
ABC: + rewrite 
ABC: + refactor 
ABC: + balance 
ABC: + rewrite 
ABC: + rewrite -z 
ABC: + balance 
ABC: + refactor -z 
ABC: + rewrite -z 
ABC: + balance 
ABC: + retime -D -D 10000 -M 5 
ABC: + scleanup 
ABC: Error: The network is combinational.
ABC: + fraig_store 
ABC: + balance 
ABC: + fraig_store 
ABC: + balance 
ABC: + rewrite 
ABC: + refactor 
ABC: + balance 
ABC: + rewrite 
ABC: + rewrite -z 
ABC: + balance 
ABC: + refactor -z 
ABC: + rewrite -z 
ABC: + balance 
ABC: + fraig_store 
ABC: + balance 
ABC: + rewrite 
ABC: + refactor 
ABC: + balance 
ABC: + rewrite 
ABC: + rewrite -z 
ABC: + balance 
ABC: + refactor -z 
ABC: + rewrite -z 
ABC: + balance 
ABC: + fraig_store 
ABC: + balance 
ABC: + rewrite 
ABC: + refactor 
ABC: + balance 
ABC: + rewrite 
ABC: + rewrite -z 
ABC: + balance 
ABC: + refactor -z 
ABC: + rewrite -z 
ABC: + balance 
ABC: + fraig_store 
ABC: + fraig_restore 
ABC: + amap -m -Q 0.1 -F 20 -A 20 -C 5000 
ABC: + retime -D -D 10000 
ABC: + &get -n 
ABC: + &st 
ABC: + &dch 
ABC: + &nf 
ABC: + &put 
ABC: + buffer -N 10 -S 750.0 
ABC: + upsize -D 10000 
ABC: Current delay (1732.38 ps) does not exceed the target delay (10000.00 ps). Upsizing is not performed.
ABC: + dnsize -D 10000 
ABC: + stime -p 
ABC: WireLoad = "none"  Gates =    578 ( 17.8 %)   Cap = 16.1 ff (  8.7 %)   Area =     5696.71 ( 73.5 %)   Delay =  1887.64 ps  (  5.4 %)               
ABC: Path  0 --      18 : 0    5 pi                      A =   0.00  Df =  31.1  -17.4 ps  S =  48.7 ps  Cin =  0.0 ff  Cout =   9.1 ff  Cmax =   0.0 ff  G =    0  
ABC: Path  1 --     553 : 1   10 sky130_fd_sc_hd__buf_1  A =   3.75  Df = 275.3 -104.6 ps  S = 279.6 ps  Cin =  2.1 ff  Cout =  23.2 ff  Cmax = 130.0 ff  G = 1054  
ABC: Path  2 --     554 : 1   10 sky130_fd_sc_hd__buf_1  A =   3.75  Df = 800.7 -316.2 ps  S = 623.4 ps  Cin =  2.1 ff  Cout =  53.4 ff  Cmax = 130.0 ff  G = 2405  
ABC: Path  3 --    1044 : 3    1 sky130_fd_sc_hd__and3_2 A =   7.51  Df =1084.6 -311.1 ps  S =  48.8 ps  Cin =  1.5 ff  Cout =   2.2 ff  Cmax = 309.5 ff  G =  141  
ABC: Path  4 --    1045 : 1    7 sky130_fd_sc_hd__buf_1  A =   3.75  Df =1281.9 -369.5 ps  S = 211.5 ps  Cin =  2.1 ff  Cout =  17.3 ff  Cmax = 130.0 ff  G =  777  
ABC: Path  5 --    1046 : 1   10 sky130_fd_sc_hd__buf_1  A =   3.75  Df =1574.5 -467.8 ps  S = 301.6 ps  Cin =  2.1 ff  Cout =  25.2 ff  Cmax = 130.0 ff  G = 1128  
ABC: Path  6 --    1049 : 4    1 sky130_fd_sc_hd__a22o_2 A =  10.01  Df =1887.6 -379.4 ps  S = 180.2 ps  Cin =  2.3 ff  Cout =  33.4 ff  Cmax = 301.2 ff  G = 1424  
ABC: Start-point = pi17 (\address [0]).  End-point = po208 ($auto$rtlil.cc:2607:MuxGate$2306).
ABC: + print_stats -m 
ABC: netlist                       : i/o =  278/  272  lat =    0  nd =   578  edge =   1965  area =5696.48  delay = 6.00  lev = 6
ABC: + write_blif /tmp/yosys-abc-qtuX2B/output.blif 

54.1.2. Re-integrating ABC results.
ABC RESULTS:   sky130_fd_sc_hd__mux2_2 cells:       16
ABC RESULTS:   sky130_fd_sc_hd__mux4_2 cells:       48
ABC RESULTS:   sky130_fd_sc_hd__a21bo_2 cells:       16
ABC RESULTS:   sky130_fd_sc_hd__or3b_2 cells:       32
ABC RESULTS:   sky130_fd_sc_hd__nand3b_2 cells:       16
ABC RESULTS:   sky130_fd_sc_hd__and4_2 cells:       16
ABC RESULTS:   sky130_fd_sc_hd__o22a_2 cells:       16
ABC RESULTS:   sky130_fd_sc_hd__and2b_2 cells:        1
ABC RESULTS:   sky130_fd_sc_hd__or4b_2 cells:        1
ABC RESULTS:   sky130_fd_sc_hd__nor3_2 cells:        1
ABC RESULTS:   sky130_fd_sc_hd__o31a_2 cells:       17
ABC RESULTS:   sky130_fd_sc_hd__nor2b_2 cells:        2
ABC RESULTS:   sky130_fd_sc_hd__nor4b_2 cells:        2
ABC RESULTS:   sky130_fd_sc_hd__and4b_2 cells:        1
ABC RESULTS:   sky130_fd_sc_hd__and4bb_2 cells:        2
ABC RESULTS:   sky130_fd_sc_hd__inv_2 cells:        3
ABC RESULTS:   sky130_fd_sc_hd__and3_2 cells:        1
ABC RESULTS:   sky130_fd_sc_hd__a31oi_2 cells:        1
ABC RESULTS:   sky130_fd_sc_hd__and2_2 cells:       16
ABC RESULTS:   sky130_fd_sc_hd__a21oi_2 cells:       14
ABC RESULTS:   sky130_fd_sc_hd__buf_1 cells:      100
ABC RESULTS:   sky130_fd_sc_hd__a22o_2 cells:      256
ABC RESULTS:        internal signals:      538
ABC RESULTS:           input signals:      278
ABC RESULTS:          output signals:      272
Removing temp directory.

55. Executing SETUNDEF pass (replace undef values with defined constants).

56. Executing HILOMAP pass (mapping to constant drivers).

57. Executing SPLITNETS pass (splitting up multi-bit signals).

58. Executing OPT_CLEAN pass (remove unused cells and wires).
Finding unused cells or wires in module \register_file..
Removed 0 unused cells and 1087 unused wires.
<suppressed ~1 debug messages>

59. Executing INSBUF pass (insert buffer cells for connected wires).

60. Executing CHECK pass (checking for obvious problems).
Checking module register_file...
Warning: Wire register_file.\data_out [15] is used but has no driver.
Warning: Wire register_file.\data_out [14] is used but has no driver.
Warning: Wire register_file.\data_out [13] is used but has no driver.
Warning: Wire register_file.\data_out [12] is used but has no driver.
Warning: Wire register_file.\data_out [11] is used but has no driver.
Warning: Wire register_file.\data_out [10] is used but has no driver.
Warning: Wire register_file.\data_out [9] is used but has no driver.
Warning: Wire register_file.\data_out [8] is used but has no driver.
Warning: Wire register_file.\data_out [7] is used but has no driver.
Warning: Wire register_file.\data_out [6] is used but has no driver.
Warning: Wire register_file.\data_out [5] is used but has no driver.
Warning: Wire register_file.\data_out [4] is used but has no driver.
Warning: Wire register_file.\data_out [3] is used but has no driver.
Warning: Wire register_file.\data_out [2] is used but has no driver.
Warning: Wire register_file.\data_out [1] is used but has no driver.
Warning: Wire register_file.\data_out [0] is used but has no driver.
Found and reported 16 problems.

61. Printing statistics.

=== register_file ===

   Number of wires:                824
   Number of wire bits:            869
   Number of public wires:         262
   Number of public wire bits:     307
   Number of memories:               0
   Number of memory bits:            0
   Number of processes:              0
   Number of cells:                834
     sky130_fd_sc_hd__a21bo_2       16
     sky130_fd_sc_hd__a21oi_2       14
     sky130_fd_sc_hd__a22o_2       256
     sky130_fd_sc_hd__a31oi_2        1
     sky130_fd_sc_hd__and2_2        16
     sky130_fd_sc_hd__and2b_2        1
     sky130_fd_sc_hd__and3_2         1
     sky130_fd_sc_hd__and4_2        16
     sky130_fd_sc_hd__and4b_2        1
     sky130_fd_sc_hd__and4bb_2       2
     sky130_fd_sc_hd__buf_1        100
     sky130_fd_sc_hd__dfxtp_2      256
     sky130_fd_sc_hd__inv_2          3
     sky130_fd_sc_hd__mux2_2        16
     sky130_fd_sc_hd__mux4_2        48
     sky130_fd_sc_hd__nand3b_2      16
     sky130_fd_sc_hd__nor2b_2        2
     sky130_fd_sc_hd__nor3_2         1
     sky130_fd_sc_hd__nor4b_2        2
     sky130_fd_sc_hd__o22a_2        16
     sky130_fd_sc_hd__o31a_2        17
     sky130_fd_sc_hd__or3b_2        32
     sky130_fd_sc_hd__or4b_2         1

   Chip area for module '\register_file': 11141.936000

62. Executing Verilog backend.
Dumping module `\register_file'.

Warnings: 16 unique messages, 16 total
End of script. Logfile hash: 5ccfb7d68b, CPU: user 0.45s system 0.02s, MEM: 31.11 MB peak
Yosys 0.30+48 (git sha1 14d50a176d5, gcc 8.3.1 -fPIC -Os)
Time spent: 65% 2x abc (0 sec), 8% 2x write_verilog (0 sec), ...
