[INFO]: Run Directory: /openlane/designs/part1_alu/runs/RUN_2026.05.15_10.31.42
[INFO]: Saving runtime environment...
[INFO]: Preparing LEF files for the nom corner...
[INFO]: Preparing LEF files for the min corner...
[INFO]: Preparing LEF files for the max corner...
[INFO]: Running linter (Verilator) (log: designs/part1_alu/runs/RUN_2026.05.15_10.31.42/logs/synthesis/linter.log)...
[INFO]: 0 errors found by linter
[INFO]: 0 warnings found by linter
[INFO]: Running Synthesis (log: designs/part1_alu/runs/RUN_2026.05.15_10.31.42/logs/synthesis/1-synthesis.log)...
[INFO]: Running Single-Corner Static Timing Analysis (log: designs/part1_alu/runs/RUN_2026.05.15_10.31.42/logs/synthesis/2-sta.log)...
[INFO]: Running Initial Floorplanning (log: designs/part1_alu/runs/RUN_2026.05.15_10.31.42/logs/floorplan/3-initial_fp.log)...
[INFO]: Floorplanned with width 288.88 and height 277.44.
[INFO]: Running IO Placement (log: designs/part1_alu/runs/RUN_2026.05.15_10.31.42/logs/floorplan/4-place_io.log)...
[INFO]: Running Tap/Decap Insertion (log: designs/part1_alu/runs/RUN_2026.05.15_10.31.42/logs/floorplan/5-tap.log)...
[INFO]: Power planning with power {VPWR} and ground {VGND}...
[INFO]: Generating PDN (log: designs/part1_alu/runs/RUN_2026.05.15_10.31.42/logs/floorplan/6-pdn.log)...
[INFO]: Performing Random Global Placement (log: designs/part1_alu/runs/RUN_2026.05.15_10.31.42/logs/placement/7-global.log)...
[INFO]: Running Placement Resizer Design Optimizations (log: designs/part1_alu/runs/RUN_2026.05.15_10.31.42/logs/placement/8-resizer.log)...
[INFO]: Running Detailed Placement (log: designs/part1_alu/runs/RUN_2026.05.15_10.31.42/logs/placement/9-detailed.log)...
[INFO]: Running Single-Corner Static Timing Analysis (log: designs/part1_alu/runs/RUN_2026.05.15_10.31.42/logs/placement/10-dpl_sta.log)...
[INFO]: Skipping Placement Resizer Timing Optimizations.
[INFO]: Running Global Routing Resizer Design Optimizations (log: designs/part1_alu/runs/RUN_2026.05.15_10.31.42/logs/routing/11-resizer_design.log)...
[INFO]: Running Single-Corner Static Timing Analysis (log: designs/part1_alu/runs/RUN_2026.05.15_10.31.42/logs/routing/12-rsz_design_sta.log)...
[INFO]: Skipping Global Routing Resizer Timing Optimizations.
[INFO]: Running Global Routing (log: designs/part1_alu/runs/RUN_2026.05.15_10.31.42/logs/routing/13-global.log)...
[INFO]: Starting OpenROAD Antenna Repair Iterations...
[INFO]: Writing Verilog (log: designs/part1_alu/runs/RUN_2026.05.15_10.31.42/logs/routing/13-global_write_netlist.log)...
[INFO]: Running Single-Corner Static Timing Analysis (log: designs/part1_alu/runs/RUN_2026.05.15_10.31.42/logs/routing/15-grt_sta.log)...
[INFO]: Running Fill Insertion (log: designs/part1_alu/runs/RUN_2026.05.15_10.31.42/logs/routing/16-fill.log)...
[INFO]: Running Detailed Routing (log: designs/part1_alu/runs/RUN_2026.05.15_10.31.42/logs/routing/17-detailed.log)...
[INFO]: No DRC violations after detailed routing.
[INFO]: Checking Wire Lengths (log: designs/part1_alu/runs/RUN_2026.05.15_10.31.42/logs/routing/18-wire_lengths.log)...
[INFO]: Running SPEF Extraction at the min process corner (log: designs/part1_alu/runs/RUN_2026.05.15_10.31.42/logs/signoff/19-parasitics_extraction.min.log)...
[INFO]: Running Multi-Corner Static Timing Analysis at the min process corner (log: designs/part1_alu/runs/RUN_2026.05.15_10.31.42/logs/signoff/20-rcx_mcsta.min.log)...
[INFO]: Running SPEF Extraction at the max process corner (log: designs/part1_alu/runs/RUN_2026.05.15_10.31.42/logs/signoff/21-parasitics_extraction.max.log)...
[INFO]: Running Multi-Corner Static Timing Analysis at the max process corner (log: designs/part1_alu/runs/RUN_2026.05.15_10.31.42/logs/signoff/22-rcx_mcsta.max.log)...
[INFO]: Running SPEF Extraction at the nom process corner (log: designs/part1_alu/runs/RUN_2026.05.15_10.31.42/logs/signoff/23-parasitics_extraction.nom.log)...
[INFO]: Running Multi-Corner Static Timing Analysis at the nom process corner (log: designs/part1_alu/runs/RUN_2026.05.15_10.31.42/logs/signoff/24-rcx_mcsta.nom.log)...
[INFO]: Running Single-Corner Static Timing Analysis at the nom process corner (log: designs/part1_alu/runs/RUN_2026.05.15_10.31.42/logs/signoff/25-rcx_sta.log)...
[WARNING]: Module sky130_fd_sc_hd__tapvpwrvgnd_1 blackboxed during sta
[WARNING]: Module sky130_ef_sc_hd__decap_12 blackboxed during sta
[WARNING]: Module sky130_fd_sc_hd__fill_1 blackboxed during sta
[WARNING]: Module sky130_fd_sc_hd__fill_2 blackboxed during sta
[INFO]: Creating IR Drop Report (log: designs/part1_alu/runs/RUN_2026.05.15_10.31.42/logs/signoff/26-irdrop.log)...
[WARNING]: VSRC_LOC_FILES is not defined. The IR drop analysis will run, but the values may be inaccurate.
[INFO]: Running Magic to generate various views...
[INFO]: Streaming out GDSII with Magic (log: designs/part1_alu/runs/RUN_2026.05.15_10.31.42/logs/signoff/27-gdsii.log)...
[INFO]: Generating MAGLEF views...
[INFO]: Generating lef with Magic (/openlane/designs/part1_alu/runs/RUN_2026.05.15_10.31.42/logs/signoff/27-lef.log)...
[INFO]: Streaming out GDSII with KLayout (log: designs/part1_alu/runs/RUN_2026.05.15_10.31.42/logs/signoff/28-gdsii-klayout.log)...
[INFO]: Running XOR on the layouts using KLayout (log: designs/part1_alu/runs/RUN_2026.05.15_10.31.42/logs/signoff/29-xor.log)...
[INFO]: No XOR differences between KLayout and Magic gds.
[INFO]: Running Magic Spice Export from LEF (log: designs/part1_alu/runs/RUN_2026.05.15_10.31.42/logs/signoff/30-spice.log)...
[INFO]: Writing Powered Verilog (logs: designs/part1_alu/runs/RUN_2026.05.15_10.31.42/logs/signoff/31-write_powered_def.log, designs/part1_alu/runs/RUN_2026.05.15_10.31.42/logs/signoff/31-write_powered_verilog.log)...
[INFO]: Writing Verilog (log: designs/part1_alu/runs/RUN_2026.05.15_10.31.42/logs/signoff/31-write_powered_verilog.log)...
[INFO]: Running LVS (log: designs/part1_alu/runs/RUN_2026.05.15_10.31.42/logs/signoff/33-lvs.lef.log)...
[INFO]: Running Magic DRC (log: designs/part1_alu/runs/RUN_2026.05.15_10.31.42/logs/signoff/34-drc.log)...
[INFO]: Converting Magic DRC database to various tool-readable formats...
[INFO]: No DRC violations after GDS streaming out.
[INFO]: Running OpenROAD Antenna Rule Checker (log: designs/part1_alu/runs/RUN_2026.05.15_10.31.42/logs/signoff/35-arc.log)...
[INFO]: Running Circuit Validity Checker ERC (log: designs/part1_alu/runs/RUN_2026.05.15_10.31.42/logs/signoff/36-erc_screen.log)...
[INFO]: Saving current set of views in 'designs/part1_alu/runs/RUN_2026.05.15_10.31.42/results/final'...
[INFO]: Saving runtime environment...
[INFO]: Generating final set of reports...
[INFO]: Created manufacturability report at 'designs/part1_alu/runs/RUN_2026.05.15_10.31.42/reports/manufacturability.rpt'.
[INFO]: Created metrics report at 'designs/part1_alu/runs/RUN_2026.05.15_10.31.42/reports/metrics.csv'.
[WARNING]: There are max slew violations in the design at the typical corner. Please refer to 'designs/part1_alu/runs/RUN_2026.05.15_10.31.42/reports/signoff/25-rcx_sta.checks.rpt'.
[INFO]: There are no hold violations in the design at the typical corner.
[ERROR]: There are setup violations in the design at the typical corner. Please refer to 'designs/part1_alu/runs/RUN_2026.05.15_10.31.42/reports/signoff/25-rcx_sta.max.rpt'.
[INFO]: Saving current set of views in 'designs/part1_alu/runs/RUN_2026.05.15_10.31.42/results/final'...
[INFO]: Generating final set of reports...
[INFO]: Created manufacturability report at 'designs/part1_alu/runs/RUN_2026.05.15_10.31.42/reports/manufacturability.rpt'.
[INFO]: Created metrics report at 'designs/part1_alu/runs/RUN_2026.05.15_10.31.42/reports/metrics.csv'.
[INFO]: Saving runtime environment...
[ERROR]: Flow failed.
[INFO]: The failure may have been because of the following warnings:
