OpenROAD 41a51eaf4ca2171c92ff38afb91eb37bbd3f36da 
This program is licensed under the BSD-3 license. See the LICENSE file for details.
Components of this program may be licensed under more restrictive licenses which must be honored.
[INFO ODB-0222] Reading LEF file: /openlane/designs/part2_alu_flags/runs/RUN_2026.05.15_10.53.13/tmp/merged.min.lef
[INFO ODB-0223]     Created 14 technology layers
[INFO ODB-0224]     Created 25 technology vias
[INFO ODB-0225]     Created 441 library cells
[INFO ODB-0226] Finished LEF file:  /openlane/designs/part2_alu_flags/runs/RUN_2026.05.15_10.53.13/tmp/merged.min.lef
[INFO ODB-0127] Reading DEF file: /openlane/designs/part2_alu_flags/runs/RUN_2026.05.15_10.53.13/results/routing/alu_flags.def
[INFO ODB-0128] Design: alu_flags
[INFO ODB-0130]     Created 41 pins.
[INFO ODB-0131]     Created 15738 components and 61349 component-terminals.
[INFO ODB-0132]     Created 2 special nets and 58722 connections.
[INFO ODB-0133]     Created 704 nets and 2627 connections.
[INFO ODB-0134] Finished DEF file: /openlane/designs/part2_alu_flags/runs/RUN_2026.05.15_10.53.13/results/routing/alu_flags.def
define_corners Typical
read_liberty -corner Typical /Users/egehuriel/.ciel/sky130A/libs.ref/sky130_fd_sc_hd/lib/sky130_fd_sc_hd__tt_025C_1v80.lib
Using 1e-12 for capacitance...
Using 1e+03 for resistance...
Using 1e-09 for time...
Using 1e+00 for voltage...
Using 1e-03 for current...
Using 1e-09 for power...
Using 1e-06 for distance...
Using RCX ruleset '/Users/egehuriel/.ciel/sky130A/libs.tech/openlane/rules.openrcx.sky130A.min.calibre'...
[INFO RCX-0431] Defined process_corner X with ext_model_index 0
[INFO RCX-0029] Defined extraction corner X
[INFO RCX-0008] extracting parasitics of alu_flags ...
[INFO RCX-0435] Reading extraction model file /Users/egehuriel/.ciel/sky130A/libs.tech/openlane/rules.openrcx.sky130A.min.calibre ...
[INFO RCX-0436] RC segment generation alu_flags (max_merge_res 50.0) ...
[INFO RCX-0040] Final 6386 rc segments
[INFO RCX-0439] Coupling Cap extraction alu_flags ...
[INFO RCX-0440] Coupling threshhold is 0.1000 fF, coupling capacitance less than 0.1000 fF will be grounded.
[INFO RCX-0043] 16036 wires to be extracted
[INFO RCX-0442] 63% completion -- 10237 wires have been extracted
[INFO RCX-0442] 100% completion -- 16036 wires have been extracted
[INFO RCX-0045] Extract 704 nets, 7090 rsegs, 7090 caps, 16015 ccs
[INFO RCX-0015] Finished extracting alu_flags.
Writing result to /openlane/designs/part2_alu_flags/runs/RUN_2026.05.15_10.53.13/results/routing/mca/process_corner_min/alu_flags.spef...
Setting global connections for newly added cells…
[WARNING] Did not save OpenROAD database!
Writing extracted parasitics to '/openlane/designs/part2_alu_flags/runs/RUN_2026.05.15_10.53.13/results/routing/mca/process_corner_min/alu_flags.spef'…
[INFO RCX-0016] Writing SPEF ...
[INFO RCX-0443] 704 nets finished
[INFO RCX-0017] Finished writing SPEF ...
