OpenROAD 41a51eaf4ca2171c92ff38afb91eb37bbd3f36da 
This program is licensed under the BSD-3 license. See the LICENSE file for details.
Components of this program may be licensed under more restrictive licenses which must be honored.
[INFO ODB-0222] Reading LEF file: /openlane/designs/part2_alu_flags/runs/RUN_2026.05.15_10.53.13/tmp/merged.nom.lef
[INFO ODB-0223]     Created 14 technology layers
[INFO ODB-0224]     Created 25 technology vias
[INFO ODB-0225]     Created 441 library cells
[INFO ODB-0226] Finished LEF file:  /openlane/designs/part2_alu_flags/runs/RUN_2026.05.15_10.53.13/tmp/merged.nom.lef
[INFO ODB-0127] Reading DEF file: /openlane/designs/part2_alu_flags/runs/RUN_2026.05.15_10.53.13/results/routing/alu_flags.def
[INFO ODB-0128] Design: alu_flags
[INFO ODB-0130]     Created 41 pins.
[INFO ODB-0131]     Created 15738 components and 61349 component-terminals.
[INFO ODB-0132]     Created 2 special nets and 58722 connections.
[INFO ODB-0133]     Created 704 nets and 2627 connections.
[INFO ODB-0134] Finished DEF file: /openlane/designs/part2_alu_flags/runs/RUN_2026.05.15_10.53.13/results/routing/alu_flags.def
Top-level design name: alu_flags
Found default power net 'VPWR'
Found default ground net 'VGND'
Found 1 power ports.
Found 1 ground ports.
Modified power connections of 15738/15738 cells.
