violation type: Vertical congestion
	srcs: net:_0020_ net:_0079_ net:_0081_ net:_0092_ net:_0109_ net:_0115_ net:_0155_ net:_0158_ net:_0285_ net:_0286_ net:_0317_ net:_0338_ net:_0363_ net:_0365_ net:_0468_ net:_0591_ net:net59 
	congestion information: capacity:14 usage:15 overflow:1
	bbox = ( 41.4, 172.5 ) - ( 48.3, 179.4) on Layer -
violation type: Vertical congestion
	srcs: net:_0001_ net:_0097_ net:_0124_ net:_0170_ net:_0291_ net:_0292_ net:_0294_ net:_0305_ net:_0384_ net:_0399_ net:_0539_ net:net9 net:net19 net:net41 
	congestion information: capacity:9 usage:10 overflow:1
	bbox = ( 62.1, 172.5 ) - ( 69, 179.4) on Layer -
violation type: Vertical congestion
	srcs: net:_0026_ net:_0055_ net:_0062_ net:_0067_ net:_0154_ net:_0164_ net:_0257_ net:_0348_ net:_0373_ net:_0386_ net:_0417_ net:_0425_ net:_0545_ net:_0633_ net:net8 
	congestion information: capacity:14 usage:15 overflow:1
	bbox = ( 89.7, 172.5 ) - ( 96.6, 179.4) on Layer -
violation type: Vertical congestion
	srcs: net:_0006_ net:_0063_ net:_0065_ net:_0150_ net:_0219_ net:_0239_ net:_0266_ net:_0322_ net:_0406_ net:_0479_ net:_0480_ net:_0518_ net:_0520_ net:_0523_ net:_0560_ net:net54 
	congestion information: capacity:9 usage:10 overflow:1
	bbox = ( 138, 172.5 ) - ( 144.9, 179.4) on Layer -
violation type: Vertical congestion
	srcs: net:_0031_ net:_0068_ net:_0273_ net:_0284_ net:_0309_ net:_0349_ net:_0351_ net:_0391_ net:_0393_ net:_0394_ net:_0407_ net:_0432_ net:_0447_ net:_0507_ net:_0520_ net:_0615_ net:_0619_ 
	congestion information: capacity:14 usage:15 overflow:1
	bbox = ( 144.9, 172.5 ) - ( 151.8, 179.4) on Layer -
violation type: Vertical congestion
	srcs: net:_0003_ net:_0007_ net:_0026_ net:_0049_ net:_0051_ net:_0057_ net:_0062_ net:_0259_ net:_0330_ net:_0354_ net:_0355_ net:_0364_ net:_0390_ net:_0392_ net:_0423_ net:_0614_ 
	congestion information: capacity:12 usage:13 overflow:1
	bbox = ( 179.4, 172.5 ) - ( 186.3, 179.4) on Layer -
violation type: Vertical congestion
	srcs: net:_0039_ net:_0095_ net:_0139_ net:_0174_ net:_0181_ net:_0225_ net:_0319_ net:_0321_ net:_0359_ net:_0439_ net:_0448_ net:_0465_ net:_0573_ net:_0576_ net:_0642_ net:_0664_ net:net17 net:net24 net:net25 
	congestion information: capacity:14 usage:15 overflow:1
	bbox = ( 248.4, 172.5 ) - ( 255.3, 179.4) on Layer -
