[INFO]: Run Directory: /openlane/designs/part1_alu/runs/RUN_2026.05.15_10.29.37
[INFO]: Saving runtime environment...
[INFO]: Preparing LEF files for the nom corner...
[INFO]: Preparing LEF files for the min corner...
[INFO]: Preparing LEF files for the max corner...
[INFO]: Running linter (Verilator) (log: designs/part1_alu/runs/RUN_2026.05.15_10.29.37/logs/synthesis/linter.log)...
[INFO]: 0 errors found by linter
[INFO]: 0 warnings found by linter
[INFO]: Running Synthesis (log: designs/part1_alu/runs/RUN_2026.05.15_10.29.37/logs/synthesis/1-synthesis.log)...
[INFO]: Running Single-Corner Static Timing Analysis (log: designs/part1_alu/runs/RUN_2026.05.15_10.29.37/logs/synthesis/2-sta.log)...
[INFO]: Running Initial Floorplanning (log: designs/part1_alu/runs/RUN_2026.05.15_10.29.37/logs/floorplan/3-initial_fp.log)...
[INFO]: Floorplanned with width 138.92 and height 127.84.
[INFO]: Running IO Placement (log: designs/part1_alu/runs/RUN_2026.05.15_10.29.37/logs/floorplan/4-place_io.log)...
[INFO]: Running Tap/Decap Insertion (log: designs/part1_alu/runs/RUN_2026.05.15_10.29.37/logs/floorplan/5-tap.log)...
[INFO]: Power planning with power {VPWR} and ground {VGND}...
[INFO]: Generating PDN (log: designs/part1_alu/runs/RUN_2026.05.15_10.29.37/logs/floorplan/6-pdn.log)...
[INFO]: Performing Random Global Placement (log: designs/part1_alu/runs/RUN_2026.05.15_10.29.37/logs/placement/7-global.log)...
[INFO]: Running Placement Resizer Design Optimizations (log: designs/part1_alu/runs/RUN_2026.05.15_10.29.37/logs/placement/8-resizer.log)...
[INFO]: Running Detailed Placement (log: designs/part1_alu/runs/RUN_2026.05.15_10.29.37/logs/placement/9-detailed.log)...
[INFO]: Running Single-Corner Static Timing Analysis (log: designs/part1_alu/runs/RUN_2026.05.15_10.29.37/logs/placement/10-dpl_sta.log)...
[INFO]: Running Placement Resizer Timing Optimizations (log: designs/part1_alu/runs/RUN_2026.05.15_10.29.37/logs/cts/11-resizer.log)...
[INFO]: Running Global Routing Resizer Design Optimizations (log: designs/part1_alu/runs/RUN_2026.05.15_10.29.37/logs/routing/12-resizer_design.log)...
[ERROR]: during executing openroad script /openlane/scripts/openroad/resizer_routing_design.tcl
[ERROR]: Log: designs/part1_alu/runs/RUN_2026.05.15_10.29.37/logs/routing/12-resizer_design.log
[ERROR]: Last 10 lines:
[INFO GRT-0101] Running extra iterations to remove overflow.
[INFO GRT-0103] Extra Run for hard benchmark.
[INFO GRT-0197] Via related to pin nodes: 5079
[INFO GRT-0198] Via related Steiner nodes: 506
[INFO GRT-0199] Via filling finished.
[INFO GRT-0111] Final number of vias: 9092
[INFO GRT-0112] Final usage 3D: 43629
[ERROR GRT-0119] Routing congestion too high. Check the congestion heatmap in the GUI and load /openlane/designs/part1_alu/runs/RUN_2026.05.15_10.29.37/tmp/routing/resizer-routing-design-congestion.rpt in the DRC viewer.
Error: resizer_routing_design.tcl, 46 GRT-0119
child process exited abnormally

[ERROR]: Creating issue reproducible...
[INFO]: Saving runtime environment...
[INFO]: Reproducible packaged: Please tarball and upload 'designs/part1_alu/runs/RUN_2026.05.15_10.29.37/issue_reproducible' if you're going to submit an issue.
[ERROR]: Step 12 (routing) failed with error:
-code 1 -level 0 -errorcode NONE -errorinfo {
    while executing
"throw_error"
    (procedure "run_tcl_script" line 219)
    invoked from within
"run_tcl_script -tool openroad -no_consume {*}$args"
    (procedure "run_openroad_script" line 2)
    invoked from within
"run_openroad_script $::env(SCRIPTS_DIR)/openroad/resizer_routing_design.tcl -indexed_log $log -save "dir=$::env(routing_tmpfiles),def,sdc,odb,netlist,..."
    (procedure "run_resizer_design_routing" line 9)
    invoked from within
"run_resizer_design_routing"
    (procedure "run_routing" line 8)
    invoked from within
"run_routing"
    (procedure "run_routing_step" line 7)
    invoked from within
"run_routing_step"} -errorline 1
[INFO]: Saving current set of views in 'designs/part1_alu/runs/RUN_2026.05.15_10.29.37/results/final'...
[INFO]: Generating final set of reports...
[INFO]: Created manufacturability report at 'designs/part1_alu/runs/RUN_2026.05.15_10.29.37/reports/manufacturability.rpt'.
[INFO]: Created metrics report at 'designs/part1_alu/runs/RUN_2026.05.15_10.29.37/reports/metrics.csv'.
[INFO]: Saving runtime environment...
[ERROR]: Flow failed.
