
===========================================================================
report_checks -path_delay min (Hold)
============================================================================
======================= Typical Corner ===================================

Startpoint: _099_ (rising edge-triggered flip-flop clocked by clk)
Endpoint: _099_ (rising edge-triggered flip-flop clocked by clk)
Path Group: clk
Path Type: min

Fanout     Cap    Slew   Delay    Time   Description
-----------------------------------------------------------------------------
                          0.00    0.00   clock clk (rise edge)
                          0.00    0.00   clock source latency
                  0.20    0.13    0.13 ^ clk (in)
     1    0.04                           clk (net)
                  0.20    0.00    0.13 ^ clkbuf_0_clk/A (sky130_fd_sc_hd__clkbuf_16)
                  0.05    0.18    0.31 ^ clkbuf_0_clk/X (sky130_fd_sc_hd__clkbuf_16)
     2    0.03                           clknet_0_clk (net)
                  0.05    0.00    0.31 ^ clkbuf_1_1__f_clk/A (sky130_fd_sc_hd__clkbuf_16)
                  0.08    0.15    0.47 ^ clkbuf_1_1__f_clk/X (sky130_fd_sc_hd__clkbuf_16)
     7    0.06                           clknet_1_1__leaf_clk (net)
                  0.08    0.00    0.47 ^ _099_/CLK (sky130_fd_sc_hd__dfxtp_2)
                  0.20    0.44    0.90 v _099_/Q (sky130_fd_sc_hd__dfxtp_2)
     3    0.09                           pc_out[3] (net)
                  0.20    0.00    0.91 v _058_/A1 (sky130_fd_sc_hd__o21a_2)
                  0.05    0.28    1.18 v _058_/X (sky130_fd_sc_hd__o21a_2)
     1    0.01                           _003_ (net)
                  0.05    0.00    1.19 v _099_/D (sky130_fd_sc_hd__dfxtp_2)
                                  1.19   data arrival time

                          0.00    0.00   clock clk (rise edge)
                          0.00    0.00   clock source latency
                  0.20    0.15    0.15 ^ clk (in)
     1    0.04                           clk (net)
                  0.20    0.00    0.15 ^ clkbuf_0_clk/A (sky130_fd_sc_hd__clkbuf_16)
                  0.05    0.20    0.35 ^ clkbuf_0_clk/X (sky130_fd_sc_hd__clkbuf_16)
     2    0.03                           clknet_0_clk (net)
                  0.05    0.00    0.35 ^ clkbuf_1_1__f_clk/A (sky130_fd_sc_hd__clkbuf_16)
                  0.08    0.17    0.52 ^ clkbuf_1_1__f_clk/X (sky130_fd_sc_hd__clkbuf_16)
     7    0.06                           clknet_1_1__leaf_clk (net)
                  0.08    0.00    0.52 ^ _099_/CLK (sky130_fd_sc_hd__dfxtp_2)
                          0.25    0.77   clock uncertainty
                         -0.05    0.72   clock reconvergence pessimism
                         -0.04    0.68   library hold time
                                  0.68   data required time
-----------------------------------------------------------------------------
                                  0.68   data required time
                                 -1.19   data arrival time
-----------------------------------------------------------------------------
                                  0.51   slack (MET)


Startpoint: _105_ (rising edge-triggered flip-flop clocked by clk)
Endpoint: _105_ (rising edge-triggered flip-flop clocked by clk)
Path Group: clk
Path Type: min

Fanout     Cap    Slew   Delay    Time   Description
-----------------------------------------------------------------------------
                          0.00    0.00   clock clk (rise edge)
                          0.00    0.00   clock source latency
                  0.20    0.13    0.13 ^ clk (in)
     1    0.04                           clk (net)
                  0.20    0.00    0.13 ^ clkbuf_0_clk/A (sky130_fd_sc_hd__clkbuf_16)
                  0.05    0.18    0.31 ^ clkbuf_0_clk/X (sky130_fd_sc_hd__clkbuf_16)
     2    0.03                           clknet_0_clk (net)
                  0.05    0.00    0.31 ^ clkbuf_1_0__f_clk/A (sky130_fd_sc_hd__clkbuf_16)
                  0.09    0.16    0.47 ^ clkbuf_1_0__f_clk/X (sky130_fd_sc_hd__clkbuf_16)
     9    0.07                           clknet_1_0__leaf_clk (net)
                  0.09    0.00    0.47 ^ _105_/CLK (sky130_fd_sc_hd__dfxtp_2)
                  0.17    0.42    0.89 v _105_/Q (sky130_fd_sc_hd__dfxtp_2)
     3    0.07                           pc_out[9] (net)
                  0.17    0.01    0.90 v _075_/A1 (sky130_fd_sc_hd__o21a_2)
                  0.07    0.29    1.19 v _075_/X (sky130_fd_sc_hd__o21a_2)
     1    0.02                           _009_ (net)
                  0.07    0.00    1.19 v _105_/D (sky130_fd_sc_hd__dfxtp_2)
                                  1.19   data arrival time

                          0.00    0.00   clock clk (rise edge)
                          0.00    0.00   clock source latency
                  0.20    0.15    0.15 ^ clk (in)
     1    0.04                           clk (net)
                  0.20    0.00    0.15 ^ clkbuf_0_clk/A (sky130_fd_sc_hd__clkbuf_16)
                  0.05    0.20    0.35 ^ clkbuf_0_clk/X (sky130_fd_sc_hd__clkbuf_16)
     2    0.03                           clknet_0_clk (net)
                  0.05    0.00    0.35 ^ clkbuf_1_0__f_clk/A (sky130_fd_sc_hd__clkbuf_16)
                  0.09    0.18    0.52 ^ clkbuf_1_0__f_clk/X (sky130_fd_sc_hd__clkbuf_16)
     9    0.07                           clknet_1_0__leaf_clk (net)
                  0.09    0.00    0.52 ^ _105_/CLK (sky130_fd_sc_hd__dfxtp_2)
                          0.25    0.77   clock uncertainty
                         -0.05    0.72   clock reconvergence pessimism
                         -0.05    0.67   library hold time
                                  0.67   data required time
-----------------------------------------------------------------------------
                                  0.67   data required time
                                 -1.19   data arrival time
-----------------------------------------------------------------------------
                                  0.52   slack (MET)


Startpoint: _101_ (rising edge-triggered flip-flop clocked by clk)
Endpoint: _101_ (rising edge-triggered flip-flop clocked by clk)
Path Group: clk
Path Type: min

Fanout     Cap    Slew   Delay    Time   Description
-----------------------------------------------------------------------------
                          0.00    0.00   clock clk (rise edge)
                          0.00    0.00   clock source latency
                  0.20    0.13    0.13 ^ clk (in)
     1    0.04                           clk (net)
                  0.20    0.00    0.13 ^ clkbuf_0_clk/A (sky130_fd_sc_hd__clkbuf_16)
                  0.05    0.18    0.31 ^ clkbuf_0_clk/X (sky130_fd_sc_hd__clkbuf_16)
     2    0.03                           clknet_0_clk (net)
                  0.05    0.00    0.31 ^ clkbuf_1_1__f_clk/A (sky130_fd_sc_hd__clkbuf_16)
                  0.08    0.15    0.47 ^ clkbuf_1_1__f_clk/X (sky130_fd_sc_hd__clkbuf_16)
     7    0.06                           clknet_1_1__leaf_clk (net)
                  0.08    0.00    0.47 ^ _101_/CLK (sky130_fd_sc_hd__dfxtp_2)
                  0.23    0.46    0.92 v _101_/Q (sky130_fd_sc_hd__dfxtp_2)
     5    0.10                           pc_out[5] (net)
                  0.23    0.01    0.93 v _061_/B1 (sky130_fd_sc_hd__a21oi_2)
                  0.20    0.24    1.17 ^ _061_/Y (sky130_fd_sc_hd__a21oi_2)
     1    0.01                           _024_ (net)
                  0.20    0.00    1.17 ^ _063_/A (sky130_fd_sc_hd__nor2_2)
                  0.03    0.07    1.24 v _063_/Y (sky130_fd_sc_hd__nor2_2)
     1    0.01                           _005_ (net)
                  0.03    0.00    1.24 v _101_/D (sky130_fd_sc_hd__dfxtp_2)
                                  1.24   data arrival time

                          0.00    0.00   clock clk (rise edge)
                          0.00    0.00   clock source latency
                  0.20    0.15    0.15 ^ clk (in)
     1    0.04                           clk (net)
                  0.20    0.00    0.15 ^ clkbuf_0_clk/A (sky130_fd_sc_hd__clkbuf_16)
                  0.05    0.20    0.35 ^ clkbuf_0_clk/X (sky130_fd_sc_hd__clkbuf_16)
     2    0.03                           clknet_0_clk (net)
                  0.05    0.00    0.35 ^ clkbuf_1_1__f_clk/A (sky130_fd_sc_hd__clkbuf_16)
                  0.08    0.17    0.52 ^ clkbuf_1_1__f_clk/X (sky130_fd_sc_hd__clkbuf_16)
     7    0.06                           clknet_1_1__leaf_clk (net)
                  0.08    0.00    0.52 ^ _101_/CLK (sky130_fd_sc_hd__dfxtp_2)
                          0.25    0.77   clock uncertainty
                         -0.05    0.72   clock reconvergence pessimism
                         -0.03    0.69   library hold time
                                  0.69   data required time
-----------------------------------------------------------------------------
                                  0.69   data required time
                                 -1.24   data arrival time
-----------------------------------------------------------------------------
                                  0.55   slack (MET)


Startpoint: _097_ (rising edge-triggered flip-flop clocked by clk)
Endpoint: _097_ (rising edge-triggered flip-flop clocked by clk)
Path Group: clk
Path Type: min

Fanout     Cap    Slew   Delay    Time   Description
-----------------------------------------------------------------------------
                          0.00    0.00   clock clk (rise edge)
                          0.00    0.00   clock source latency
                  0.20    0.13    0.13 ^ clk (in)
     1    0.04                           clk (net)
                  0.20    0.00    0.13 ^ clkbuf_0_clk/A (sky130_fd_sc_hd__clkbuf_16)
                  0.05    0.18    0.31 ^ clkbuf_0_clk/X (sky130_fd_sc_hd__clkbuf_16)
     2    0.03                           clknet_0_clk (net)
                  0.05    0.00    0.31 ^ clkbuf_1_1__f_clk/A (sky130_fd_sc_hd__clkbuf_16)
                  0.08    0.15    0.47 ^ clkbuf_1_1__f_clk/X (sky130_fd_sc_hd__clkbuf_16)
     7    0.06                           clknet_1_1__leaf_clk (net)
                  0.08    0.00    0.47 ^ _097_/CLK (sky130_fd_sc_hd__dfxtp_2)
                  0.28    0.49    0.96 v _097_/Q (sky130_fd_sc_hd__dfxtp_2)
     6    0.12                           pc_out[1] (net)
                  0.29    0.01    0.97 v _051_/A2 (sky130_fd_sc_hd__o21a_2)
                  0.05    0.30    1.27 v _051_/X (sky130_fd_sc_hd__o21a_2)
     1    0.01                           _001_ (net)
                  0.05    0.00    1.27 v _097_/D (sky130_fd_sc_hd__dfxtp_2)
                                  1.27   data arrival time

                          0.00    0.00   clock clk (rise edge)
                          0.00    0.00   clock source latency
                  0.20    0.15    0.15 ^ clk (in)
     1    0.04                           clk (net)
                  0.20    0.00    0.15 ^ clkbuf_0_clk/A (sky130_fd_sc_hd__clkbuf_16)
                  0.05    0.20    0.35 ^ clkbuf_0_clk/X (sky130_fd_sc_hd__clkbuf_16)
     2    0.03                           clknet_0_clk (net)
                  0.05    0.00    0.35 ^ clkbuf_1_1__f_clk/A (sky130_fd_sc_hd__clkbuf_16)
                  0.08    0.17    0.52 ^ clkbuf_1_1__f_clk/X (sky130_fd_sc_hd__clkbuf_16)
     7    0.06                           clknet_1_1__leaf_clk (net)
                  0.08    0.00    0.52 ^ _097_/CLK (sky130_fd_sc_hd__dfxtp_2)
                          0.25    0.77   clock uncertainty
                         -0.05    0.72   clock reconvergence pessimism
                         -0.04    0.68   library hold time
                                  0.68   data required time
-----------------------------------------------------------------------------
                                  0.68   data required time
                                 -1.27   data arrival time
-----------------------------------------------------------------------------
                                  0.59   slack (MET)


Startpoint: _096_ (rising edge-triggered flip-flop clocked by clk)
Endpoint: _096_ (rising edge-triggered flip-flop clocked by clk)
Path Group: clk
Path Type: min

Fanout     Cap    Slew   Delay    Time   Description
-----------------------------------------------------------------------------
                          0.00    0.00   clock clk (rise edge)
                          0.00    0.00   clock source latency
                  0.20    0.13    0.13 ^ clk (in)
     1    0.04                           clk (net)
                  0.20    0.00    0.13 ^ clkbuf_0_clk/A (sky130_fd_sc_hd__clkbuf_16)
                  0.05    0.18    0.31 ^ clkbuf_0_clk/X (sky130_fd_sc_hd__clkbuf_16)
     2    0.03                           clknet_0_clk (net)
                  0.05    0.00    0.31 ^ clkbuf_1_0__f_clk/A (sky130_fd_sc_hd__clkbuf_16)
                  0.09    0.16    0.47 ^ clkbuf_1_0__f_clk/X (sky130_fd_sc_hd__clkbuf_16)
     9    0.07                           clknet_1_0__leaf_clk (net)
                  0.09    0.00    0.47 ^ _096_/CLK (sky130_fd_sc_hd__dfxtp_2)
                  0.32    0.52    0.99 v _096_/Q (sky130_fd_sc_hd__dfxtp_2)
     7    0.14                           pc_out[0] (net)
                  0.33    0.01    1.00 v _049_/A (sky130_fd_sc_hd__nor2_2)
                  0.18    0.26    1.27 ^ _049_/Y (sky130_fd_sc_hd__nor2_2)
     1    0.01                           _000_ (net)
                  0.18    0.00    1.27 ^ _096_/D (sky130_fd_sc_hd__dfxtp_2)
                                  1.27   data arrival time

                          0.00    0.00   clock clk (rise edge)
                          0.00    0.00   clock source latency
                  0.20    0.15    0.15 ^ clk (in)
     1    0.04                           clk (net)
                  0.20    0.00    0.15 ^ clkbuf_0_clk/A (sky130_fd_sc_hd__clkbuf_16)
                  0.05    0.20    0.35 ^ clkbuf_0_clk/X (sky130_fd_sc_hd__clkbuf_16)
     2    0.03                           clknet_0_clk (net)
                  0.05    0.00    0.35 ^ clkbuf_1_0__f_clk/A (sky130_fd_sc_hd__clkbuf_16)
                  0.09    0.18    0.52 ^ clkbuf_1_0__f_clk/X (sky130_fd_sc_hd__clkbuf_16)
     9    0.07                           clknet_1_0__leaf_clk (net)
                  0.09    0.00    0.52 ^ _096_/CLK (sky130_fd_sc_hd__dfxtp_2)
                          0.25    0.77   clock uncertainty
                         -0.05    0.72   clock reconvergence pessimism
                         -0.05    0.67   library hold time
                                  0.67   data required time
-----------------------------------------------------------------------------
                                  0.67   data required time
                                 -1.27   data arrival time
-----------------------------------------------------------------------------
                                  0.60   slack (MET)


Startpoint: _108_ (rising edge-triggered flip-flop clocked by clk)
Endpoint: _108_ (rising edge-triggered flip-flop clocked by clk)
Path Group: clk
Path Type: min

Fanout     Cap    Slew   Delay    Time   Description
-----------------------------------------------------------------------------
                          0.00    0.00   clock clk (rise edge)
                          0.00    0.00   clock source latency
                  0.20    0.13    0.13 ^ clk (in)
     1    0.04                           clk (net)
                  0.20    0.00    0.13 ^ clkbuf_0_clk/A (sky130_fd_sc_hd__clkbuf_16)
                  0.05    0.18    0.31 ^ clkbuf_0_clk/X (sky130_fd_sc_hd__clkbuf_16)
     2    0.03                           clknet_0_clk (net)
                  0.05    0.00    0.31 ^ clkbuf_1_1__f_clk/A (sky130_fd_sc_hd__clkbuf_16)
                  0.08    0.15    0.47 ^ clkbuf_1_1__f_clk/X (sky130_fd_sc_hd__clkbuf_16)
     7    0.06                           clknet_1_1__leaf_clk (net)
                  0.08    0.00    0.47 ^ _108_/CLK (sky130_fd_sc_hd__dfxtp_2)
                  0.26    0.49    0.95 v _108_/Q (sky130_fd_sc_hd__dfxtp_2)
     5    0.12                           pc_out[12] (net)
                  0.26    0.01    0.96 v _083_/A1 (sky130_fd_sc_hd__o21a_2)
                  0.08    0.33    1.29 v _083_/X (sky130_fd_sc_hd__o21a_2)
     1    0.03                           _012_ (net)
                  0.08    0.00    1.30 v _108_/D (sky130_fd_sc_hd__dfxtp_2)
                                  1.30   data arrival time

                          0.00    0.00   clock clk (rise edge)
                          0.00    0.00   clock source latency
                  0.20    0.15    0.15 ^ clk (in)
     1    0.04                           clk (net)
                  0.20    0.00    0.15 ^ clkbuf_0_clk/A (sky130_fd_sc_hd__clkbuf_16)
                  0.05    0.20    0.35 ^ clkbuf_0_clk/X (sky130_fd_sc_hd__clkbuf_16)
     2    0.03                           clknet_0_clk (net)
                  0.05    0.00    0.35 ^ clkbuf_1_1__f_clk/A (sky130_fd_sc_hd__clkbuf_16)
                  0.08    0.17    0.52 ^ clkbuf_1_1__f_clk/X (sky130_fd_sc_hd__clkbuf_16)
     7    0.06                           clknet_1_1__leaf_clk (net)
                  0.08    0.00    0.52 ^ _108_/CLK (sky130_fd_sc_hd__dfxtp_2)
                          0.25    0.77   clock uncertainty
                         -0.05    0.72   clock reconvergence pessimism
                         -0.05    0.67   library hold time
                                  0.67   data required time
-----------------------------------------------------------------------------
                                  0.67   data required time
                                 -1.30   data arrival time
-----------------------------------------------------------------------------
                                  0.63   slack (MET)


Startpoint: _109_ (rising edge-triggered flip-flop clocked by clk)
Endpoint: _109_ (rising edge-triggered flip-flop clocked by clk)
Path Group: clk
Path Type: min

Fanout     Cap    Slew   Delay    Time   Description
-----------------------------------------------------------------------------
                          0.00    0.00   clock clk (rise edge)
                          0.00    0.00   clock source latency
                  0.20    0.13    0.13 ^ clk (in)
     1    0.04                           clk (net)
                  0.20    0.00    0.13 ^ clkbuf_0_clk/A (sky130_fd_sc_hd__clkbuf_16)
                  0.05    0.18    0.31 ^ clkbuf_0_clk/X (sky130_fd_sc_hd__clkbuf_16)
     2    0.03                           clknet_0_clk (net)
                  0.05    0.00    0.31 ^ clkbuf_1_0__f_clk/A (sky130_fd_sc_hd__clkbuf_16)
                  0.09    0.16    0.47 ^ clkbuf_1_0__f_clk/X (sky130_fd_sc_hd__clkbuf_16)
     9    0.07                           clknet_1_0__leaf_clk (net)
                  0.09    0.00    0.47 ^ _109_/CLK (sky130_fd_sc_hd__dfxtp_2)
                  0.23    0.47    0.94 v _109_/Q (sky130_fd_sc_hd__dfxtp_2)
     3    0.10                           pc_out[13] (net)
                  0.23    0.00    0.94 v _084_/A (sky130_fd_sc_hd__inv_2)
                  0.19    0.22    1.16 ^ _084_/Y (sky130_fd_sc_hd__inv_2)
     1    0.04                           _039_ (net)
                  0.19    0.01    1.17 ^ _087_/A1 (sky130_fd_sc_hd__a221oi_2)
                  0.12    0.14    1.31 v _087_/Y (sky130_fd_sc_hd__a221oi_2)
     1    0.02                           _013_ (net)
                  0.12    0.00    1.31 v _109_/D (sky130_fd_sc_hd__dfxtp_2)
                                  1.31   data arrival time

                          0.00    0.00   clock clk (rise edge)
                          0.00    0.00   clock source latency
                  0.20    0.15    0.15 ^ clk (in)
     1    0.04                           clk (net)
                  0.20    0.00    0.15 ^ clkbuf_0_clk/A (sky130_fd_sc_hd__clkbuf_16)
                  0.05    0.20    0.35 ^ clkbuf_0_clk/X (sky130_fd_sc_hd__clkbuf_16)
     2    0.03                           clknet_0_clk (net)
                  0.05    0.00    0.35 ^ clkbuf_1_0__f_clk/A (sky130_fd_sc_hd__clkbuf_16)
                  0.09    0.18    0.52 ^ clkbuf_1_0__f_clk/X (sky130_fd_sc_hd__clkbuf_16)
     9    0.07                           clknet_1_0__leaf_clk (net)
                  0.09    0.00    0.52 ^ _109_/CLK (sky130_fd_sc_hd__dfxtp_2)
                          0.25    0.77   clock uncertainty
                         -0.05    0.72   clock reconvergence pessimism
                         -0.07    0.66   library hold time
                                  0.66   data required time
-----------------------------------------------------------------------------
                                  0.66   data required time
                                 -1.31   data arrival time
-----------------------------------------------------------------------------
                                  0.66   slack (MET)


Startpoint: _103_ (rising edge-triggered flip-flop clocked by clk)
Endpoint: _103_ (rising edge-triggered flip-flop clocked by clk)
Path Group: clk
Path Type: min

Fanout     Cap    Slew   Delay    Time   Description
-----------------------------------------------------------------------------
                          0.00    0.00   clock clk (rise edge)
                          0.00    0.00   clock source latency
                  0.20    0.13    0.13 ^ clk (in)
     1    0.04                           clk (net)
                  0.20    0.00    0.13 ^ clkbuf_0_clk/A (sky130_fd_sc_hd__clkbuf_16)
                  0.05    0.18    0.31 ^ clkbuf_0_clk/X (sky130_fd_sc_hd__clkbuf_16)
     2    0.03                           clknet_0_clk (net)
                  0.05    0.00    0.31 ^ clkbuf_1_0__f_clk/A (sky130_fd_sc_hd__clkbuf_16)
                  0.09    0.16    0.47 ^ clkbuf_1_0__f_clk/X (sky130_fd_sc_hd__clkbuf_16)
     9    0.07                           clknet_1_0__leaf_clk (net)
                  0.09    0.00    0.47 ^ _103_/CLK (sky130_fd_sc_hd__dfxtp_2)
                  0.30    0.50    0.98 v _103_/Q (sky130_fd_sc_hd__dfxtp_2)
     6    0.13                           pc_out[7] (net)
                  0.30    0.01    0.99 v _069_/A1 (sky130_fd_sc_hd__o21a_2)
                  0.08    0.34    1.33 v _069_/X (sky130_fd_sc_hd__o21a_2)
     1    0.03                           _007_ (net)
                  0.08    0.00    1.33 v _103_/D (sky130_fd_sc_hd__dfxtp_2)
                                  1.33   data arrival time

                          0.00    0.00   clock clk (rise edge)
                          0.00    0.00   clock source latency
                  0.20    0.15    0.15 ^ clk (in)
     1    0.04                           clk (net)
                  0.20    0.00    0.15 ^ clkbuf_0_clk/A (sky130_fd_sc_hd__clkbuf_16)
                  0.05    0.20    0.35 ^ clkbuf_0_clk/X (sky130_fd_sc_hd__clkbuf_16)
     2    0.03                           clknet_0_clk (net)
                  0.05    0.00    0.35 ^ clkbuf_1_0__f_clk/A (sky130_fd_sc_hd__clkbuf_16)
                  0.09    0.18    0.52 ^ clkbuf_1_0__f_clk/X (sky130_fd_sc_hd__clkbuf_16)
     9    0.07                           clknet_1_0__leaf_clk (net)
                  0.09    0.00    0.52 ^ _103_/CLK (sky130_fd_sc_hd__dfxtp_2)
                          0.25    0.77   clock uncertainty
                         -0.05    0.72   clock reconvergence pessimism
                         -0.05    0.67   library hold time
                                  0.67   data required time
-----------------------------------------------------------------------------
                                  0.67   data required time
                                 -1.33   data arrival time
-----------------------------------------------------------------------------
                                  0.66   slack (MET)


Startpoint: _106_ (rising edge-triggered flip-flop clocked by clk)
Endpoint: _106_ (rising edge-triggered flip-flop clocked by clk)
Path Group: clk
Path Type: min

Fanout     Cap    Slew   Delay    Time   Description
-----------------------------------------------------------------------------
                          0.00    0.00   clock clk (rise edge)
                          0.00    0.00   clock source latency
                  0.20    0.13    0.13 ^ clk (in)
     1    0.04                           clk (net)
                  0.20    0.00    0.13 ^ clkbuf_0_clk/A (sky130_fd_sc_hd__clkbuf_16)
                  0.05    0.18    0.31 ^ clkbuf_0_clk/X (sky130_fd_sc_hd__clkbuf_16)
     2    0.03                           clknet_0_clk (net)
                  0.05    0.00    0.31 ^ clkbuf_1_1__f_clk/A (sky130_fd_sc_hd__clkbuf_16)
                  0.08    0.15    0.47 ^ clkbuf_1_1__f_clk/X (sky130_fd_sc_hd__clkbuf_16)
     7    0.06                           clknet_1_1__leaf_clk (net)
                  0.08    0.00    0.47 ^ _106_/CLK (sky130_fd_sc_hd__dfxtp_2)
                  0.29    0.47    0.94 v _106_/Q (sky130_fd_sc_hd__dfxtp_2)
     5    0.13                           pc_out[10] (net)
                  0.30    0.04    0.98 v _077_/A1 (sky130_fd_sc_hd__o21a_2)
                  0.10    0.36    1.34 v _077_/X (sky130_fd_sc_hd__o21a_2)
     1    0.04                           _010_ (net)
                  0.10    0.01    1.35 v _106_/D (sky130_fd_sc_hd__dfxtp_2)
                                  1.35   data arrival time

                          0.00    0.00   clock clk (rise edge)
                          0.00    0.00   clock source latency
                  0.20    0.15    0.15 ^ clk (in)
     1    0.04                           clk (net)
                  0.20    0.00    0.15 ^ clkbuf_0_clk/A (sky130_fd_sc_hd__clkbuf_16)
                  0.05    0.20    0.35 ^ clkbuf_0_clk/X (sky130_fd_sc_hd__clkbuf_16)
     2    0.03                           clknet_0_clk (net)
                  0.05    0.00    0.35 ^ clkbuf_1_1__f_clk/A (sky130_fd_sc_hd__clkbuf_16)
                  0.08    0.17    0.52 ^ clkbuf_1_1__f_clk/X (sky130_fd_sc_hd__clkbuf_16)
     7    0.06                           clknet_1_1__leaf_clk (net)
                  0.08    0.00    0.52 ^ _106_/CLK (sky130_fd_sc_hd__dfxtp_2)
                          0.25    0.77   clock uncertainty
                         -0.05    0.72   clock reconvergence pessimism
                         -0.06    0.66   library hold time
                                  0.66   data required time
-----------------------------------------------------------------------------
                                  0.66   data required time
                                 -1.35   data arrival time
-----------------------------------------------------------------------------
                                  0.69   slack (MET)


Startpoint: _100_ (rising edge-triggered flip-flop clocked by clk)
Endpoint: _100_ (rising edge-triggered flip-flop clocked by clk)
Path Group: clk
Path Type: min

Fanout     Cap    Slew   Delay    Time   Description
-----------------------------------------------------------------------------
                          0.00    0.00   clock clk (rise edge)
                          0.00    0.00   clock source latency
                  0.20    0.13    0.13 ^ clk (in)
     1    0.04                           clk (net)
                  0.20    0.00    0.13 ^ clkbuf_0_clk/A (sky130_fd_sc_hd__clkbuf_16)
                  0.05    0.18    0.31 ^ clkbuf_0_clk/X (sky130_fd_sc_hd__clkbuf_16)
     2    0.03                           clknet_0_clk (net)
                  0.05    0.00    0.31 ^ clkbuf_1_0__f_clk/A (sky130_fd_sc_hd__clkbuf_16)
                  0.09    0.16    0.47 ^ clkbuf_1_0__f_clk/X (sky130_fd_sc_hd__clkbuf_16)
     9    0.07                           clknet_1_0__leaf_clk (net)
                  0.09    0.00    0.47 ^ _100_/CLK (sky130_fd_sc_hd__dfxtp_2)
                  0.31    0.52    0.99 v _100_/Q (sky130_fd_sc_hd__dfxtp_2)
     7    0.14                           pc_out[4] (net)
                  0.32    0.02    1.01 v _060_/A1 (sky130_fd_sc_hd__o21a_2)
                  0.10    0.36    1.37 v _060_/X (sky130_fd_sc_hd__o21a_2)
     1    0.04                           _004_ (net)
                  0.10    0.01    1.38 v _100_/D (sky130_fd_sc_hd__dfxtp_2)
                                  1.38   data arrival time

                          0.00    0.00   clock clk (rise edge)
                          0.00    0.00   clock source latency
                  0.20    0.15    0.15 ^ clk (in)
     1    0.04                           clk (net)
                  0.20    0.00    0.15 ^ clkbuf_0_clk/A (sky130_fd_sc_hd__clkbuf_16)
                  0.05    0.20    0.35 ^ clkbuf_0_clk/X (sky130_fd_sc_hd__clkbuf_16)
     2    0.03                           clknet_0_clk (net)
                  0.05    0.00    0.35 ^ clkbuf_1_0__f_clk/A (sky130_fd_sc_hd__clkbuf_16)
                  0.09    0.18    0.52 ^ clkbuf_1_0__f_clk/X (sky130_fd_sc_hd__clkbuf_16)
     9    0.07                           clknet_1_0__leaf_clk (net)
                  0.09    0.00    0.52 ^ _100_/CLK (sky130_fd_sc_hd__dfxtp_2)
                          0.25    0.77   clock uncertainty
                         -0.05    0.72   clock reconvergence pessimism
                         -0.06    0.66   library hold time
                                  0.66   data required time
-----------------------------------------------------------------------------
                                  0.66   data required time
                                 -1.38   data arrival time
-----------------------------------------------------------------------------
                                  0.71   slack (MET)


Startpoint: _102_ (rising edge-triggered flip-flop clocked by clk)
Endpoint: _102_ (rising edge-triggered flip-flop clocked by clk)
Path Group: clk
Path Type: min

Fanout     Cap    Slew   Delay    Time   Description
-----------------------------------------------------------------------------
                          0.00    0.00   clock clk (rise edge)
                          0.00    0.00   clock source latency
                  0.20    0.13    0.13 ^ clk (in)
     1    0.04                           clk (net)
                  0.20    0.00    0.13 ^ clkbuf_0_clk/A (sky130_fd_sc_hd__clkbuf_16)
                  0.05    0.18    0.31 ^ clkbuf_0_clk/X (sky130_fd_sc_hd__clkbuf_16)
     2    0.03                           clknet_0_clk (net)
                  0.05    0.00    0.31 ^ clkbuf_1_1__f_clk/A (sky130_fd_sc_hd__clkbuf_16)
                  0.08    0.15    0.47 ^ clkbuf_1_1__f_clk/X (sky130_fd_sc_hd__clkbuf_16)
     7    0.06                           clknet_1_1__leaf_clk (net)
                  0.08    0.00    0.47 ^ _102_/CLK (sky130_fd_sc_hd__dfxtp_2)
                  0.20    0.44    0.91 v _102_/Q (sky130_fd_sc_hd__dfxtp_2)
     3    0.09                           pc_out[6] (net)
                  0.20    0.01    0.92 v _064_/B1 (sky130_fd_sc_hd__a31oi_2)
                  0.35    0.39    1.31 ^ _064_/Y (sky130_fd_sc_hd__a31oi_2)
     1    0.03                           _026_ (net)
                  0.35    0.00    1.31 ^ _067_/B (sky130_fd_sc_hd__nor3_2)
                  0.09    0.11    1.42 v _067_/Y (sky130_fd_sc_hd__nor3_2)
     1    0.01                           _006_ (net)
                  0.09    0.00    1.42 v _102_/D (sky130_fd_sc_hd__dfxtp_2)
                                  1.42   data arrival time

                          0.00    0.00   clock clk (rise edge)
                          0.00    0.00   clock source latency
                  0.20    0.15    0.15 ^ clk (in)
     1    0.04                           clk (net)
                  0.20    0.00    0.15 ^ clkbuf_0_clk/A (sky130_fd_sc_hd__clkbuf_16)
                  0.05    0.20    0.35 ^ clkbuf_0_clk/X (sky130_fd_sc_hd__clkbuf_16)
     2    0.03                           clknet_0_clk (net)
                  0.05    0.00    0.35 ^ clkbuf_1_1__f_clk/A (sky130_fd_sc_hd__clkbuf_16)
                  0.08    0.17    0.52 ^ clkbuf_1_1__f_clk/X (sky130_fd_sc_hd__clkbuf_16)
     7    0.06                           clknet_1_1__leaf_clk (net)
                  0.08    0.00    0.52 ^ _102_/CLK (sky130_fd_sc_hd__dfxtp_2)
                          0.25    0.77   clock uncertainty
                         -0.05    0.72   clock reconvergence pessimism
                         -0.06    0.66   library hold time
                                  0.66   data required time
-----------------------------------------------------------------------------
                                  0.66   data required time
                                 -1.42   data arrival time
-----------------------------------------------------------------------------
                                  0.76   slack (MET)


Startpoint: _104_ (rising edge-triggered flip-flop clocked by clk)
Endpoint: _104_ (rising edge-triggered flip-flop clocked by clk)
Path Group: clk
Path Type: min

Fanout     Cap    Slew   Delay    Time   Description
-----------------------------------------------------------------------------
                          0.00    0.00   clock clk (rise edge)
                          0.00    0.00   clock source latency
                  0.20    0.13    0.13 ^ clk (in)
     1    0.04                           clk (net)
                  0.20    0.00    0.13 ^ clkbuf_0_clk/A (sky130_fd_sc_hd__clkbuf_16)
                  0.05    0.18    0.31 ^ clkbuf_0_clk/X (sky130_fd_sc_hd__clkbuf_16)
     2    0.03                           clknet_0_clk (net)
                  0.05    0.00    0.31 ^ clkbuf_1_0__f_clk/A (sky130_fd_sc_hd__clkbuf_16)
                  0.09    0.16    0.47 ^ clkbuf_1_0__f_clk/X (sky130_fd_sc_hd__clkbuf_16)
     9    0.07                           clknet_1_0__leaf_clk (net)
                  0.09    0.00    0.47 ^ _104_/CLK (sky130_fd_sc_hd__dfxtp_2)
                  0.23    0.46    0.94 v _104_/Q (sky130_fd_sc_hd__dfxtp_2)
     4    0.10                           pc_out[8] (net)
                  0.23    0.02    0.95 v _070_/B1 (sky130_fd_sc_hd__a21oi_2)
                  0.32    0.33    1.28 ^ _070_/Y (sky130_fd_sc_hd__a21oi_2)
     1    0.03                           _030_ (net)
                  0.32    0.00    1.28 ^ _072_/B (sky130_fd_sc_hd__nor3_2)
                  0.12    0.15    1.44 v _072_/Y (sky130_fd_sc_hd__nor3_2)
     1    0.03                           _008_ (net)
                  0.12    0.00    1.44 v _104_/D (sky130_fd_sc_hd__dfxtp_2)
                                  1.44   data arrival time

                          0.00    0.00   clock clk (rise edge)
                          0.00    0.00   clock source latency
                  0.20    0.15    0.15 ^ clk (in)
     1    0.04                           clk (net)
                  0.20    0.00    0.15 ^ clkbuf_0_clk/A (sky130_fd_sc_hd__clkbuf_16)
                  0.05    0.20    0.35 ^ clkbuf_0_clk/X (sky130_fd_sc_hd__clkbuf_16)
     2    0.03                           clknet_0_clk (net)
                  0.05    0.00    0.35 ^ clkbuf_1_0__f_clk/A (sky130_fd_sc_hd__clkbuf_16)
                  0.09    0.18    0.52 ^ clkbuf_1_0__f_clk/X (sky130_fd_sc_hd__clkbuf_16)
     9    0.07                           clknet_1_0__leaf_clk (net)
                  0.09    0.00    0.52 ^ _104_/CLK (sky130_fd_sc_hd__dfxtp_2)
                          0.25    0.77   clock uncertainty
                         -0.05    0.72   clock reconvergence pessimism
                         -0.07    0.66   library hold time
                                  0.66   data required time
-----------------------------------------------------------------------------
                                  0.66   data required time
                                 -1.44   data arrival time
-----------------------------------------------------------------------------
                                  0.78   slack (MET)


Startpoint: _107_ (rising edge-triggered flip-flop clocked by clk)
Endpoint: _107_ (rising edge-triggered flip-flop clocked by clk)
Path Group: clk
Path Type: min

Fanout     Cap    Slew   Delay    Time   Description
-----------------------------------------------------------------------------
                          0.00    0.00   clock clk (rise edge)
                          0.00    0.00   clock source latency
                  0.20    0.13    0.13 ^ clk (in)
     1    0.04                           clk (net)
                  0.20    0.00    0.13 ^ clkbuf_0_clk/A (sky130_fd_sc_hd__clkbuf_16)
                  0.05    0.18    0.31 ^ clkbuf_0_clk/X (sky130_fd_sc_hd__clkbuf_16)
     2    0.03                           clknet_0_clk (net)
                  0.05    0.00    0.31 ^ clkbuf_1_0__f_clk/A (sky130_fd_sc_hd__clkbuf_16)
                  0.09    0.16    0.47 ^ clkbuf_1_0__f_clk/X (sky130_fd_sc_hd__clkbuf_16)
     9    0.07                           clknet_1_0__leaf_clk (net)
                  0.09    0.00    0.47 ^ _107_/CLK (sky130_fd_sc_hd__dfxtp_2)
                  0.19    0.44    0.91 v _107_/Q (sky130_fd_sc_hd__dfxtp_2)
     3    0.08                           pc_out[11] (net)
                  0.19    0.01    0.92 v _078_/B1 (sky130_fd_sc_hd__a21oi_2)
                  0.51    0.44    1.36 ^ _078_/Y (sky130_fd_sc_hd__a21oi_2)
     1    0.04                           _035_ (net)
                  0.51    0.01    1.37 ^ _081_/B (sky130_fd_sc_hd__nor3_2)
                  0.14    0.16    1.53 v _081_/Y (sky130_fd_sc_hd__nor3_2)
     1    0.02                           _011_ (net)
                  0.14    0.00    1.53 v _107_/D (sky130_fd_sc_hd__dfxtp_2)
                                  1.53   data arrival time

                          0.00    0.00   clock clk (rise edge)
                          0.00    0.00   clock source latency
                  0.20    0.15    0.15 ^ clk (in)
     1    0.04                           clk (net)
                  0.20    0.00    0.15 ^ clkbuf_0_clk/A (sky130_fd_sc_hd__clkbuf_16)
                  0.05    0.20    0.35 ^ clkbuf_0_clk/X (sky130_fd_sc_hd__clkbuf_16)
     2    0.03                           clknet_0_clk (net)
                  0.05    0.00    0.35 ^ clkbuf_1_0__f_clk/A (sky130_fd_sc_hd__clkbuf_16)
                  0.09    0.18    0.52 ^ clkbuf_1_0__f_clk/X (sky130_fd_sc_hd__clkbuf_16)
     9    0.07                           clknet_1_0__leaf_clk (net)
                  0.09    0.00    0.52 ^ _107_/CLK (sky130_fd_sc_hd__dfxtp_2)
                          0.25    0.77   clock uncertainty
                         -0.05    0.72   clock reconvergence pessimism
                         -0.08    0.65   library hold time
                                  0.65   data required time
-----------------------------------------------------------------------------
                                  0.65   data required time
                                 -1.53   data arrival time
-----------------------------------------------------------------------------
                                  0.89   slack (MET)


Startpoint: _098_ (rising edge-triggered flip-flop clocked by clk)
Endpoint: _098_ (rising edge-triggered flip-flop clocked by clk)
Path Group: clk
Path Type: min

Fanout     Cap    Slew   Delay    Time   Description
-----------------------------------------------------------------------------
                          0.00    0.00   clock clk (rise edge)
                          0.00    0.00   clock source latency
                  0.20    0.13    0.13 ^ clk (in)
     1    0.04                           clk (net)
                  0.20    0.00    0.13 ^ clkbuf_0_clk/A (sky130_fd_sc_hd__clkbuf_16)
                  0.05    0.18    0.31 ^ clkbuf_0_clk/X (sky130_fd_sc_hd__clkbuf_16)
     2    0.03                           clknet_0_clk (net)
                  0.05    0.00    0.31 ^ clkbuf_1_0__f_clk/A (sky130_fd_sc_hd__clkbuf_16)
                  0.09    0.16    0.47 ^ clkbuf_1_0__f_clk/X (sky130_fd_sc_hd__clkbuf_16)
     9    0.07                           clknet_1_0__leaf_clk (net)
                  0.09    0.00    0.47 ^ _098_/CLK (sky130_fd_sc_hd__dfxtp_2)
                  0.26    0.48    0.95 v _098_/Q (sky130_fd_sc_hd__dfxtp_2)
     4    0.11                           pc_out[2] (net)
                  0.26    0.00    0.95 v _053_/B1 (sky130_fd_sc_hd__a21oi_2)
                  0.47    0.44    1.40 ^ _053_/Y (sky130_fd_sc_hd__a21oi_2)
     1    0.04                           _019_ (net)
                  0.47    0.01    1.40 ^ _054_/C (sky130_fd_sc_hd__nor3_2)
                  0.13    0.19    1.59 v _054_/Y (sky130_fd_sc_hd__nor3_2)
     1    0.03                           _002_ (net)
                  0.13    0.01    1.60 v _098_/D (sky130_fd_sc_hd__dfxtp_2)
                                  1.60   data arrival time

                          0.00    0.00   clock clk (rise edge)
                          0.00    0.00   clock source latency
                  0.20    0.15    0.15 ^ clk (in)
     1    0.04                           clk (net)
                  0.20    0.00    0.15 ^ clkbuf_0_clk/A (sky130_fd_sc_hd__clkbuf_16)
                  0.05    0.20    0.35 ^ clkbuf_0_clk/X (sky130_fd_sc_hd__clkbuf_16)
     2    0.03                           clknet_0_clk (net)
                  0.05    0.00    0.35 ^ clkbuf_1_0__f_clk/A (sky130_fd_sc_hd__clkbuf_16)
                  0.09    0.18    0.52 ^ clkbuf_1_0__f_clk/X (sky130_fd_sc_hd__clkbuf_16)
     9    0.07                           clknet_1_0__leaf_clk (net)
                  0.09    0.00    0.52 ^ _098_/CLK (sky130_fd_sc_hd__dfxtp_2)
                          0.25    0.77   clock uncertainty
                         -0.05    0.72   clock reconvergence pessimism
                         -0.07    0.65   library hold time
                                  0.65   data required time
-----------------------------------------------------------------------------
                                  0.65   data required time
                                 -1.60   data arrival time
-----------------------------------------------------------------------------
                                  0.94   slack (MET)


Startpoint: _110_ (rising edge-triggered flip-flop clocked by clk)
Endpoint: _110_ (rising edge-triggered flip-flop clocked by clk)
Path Group: clk
Path Type: min

Fanout     Cap    Slew   Delay    Time   Description
-----------------------------------------------------------------------------
                          0.00    0.00   clock clk (rise edge)
                          0.00    0.00   clock source latency
                  0.20    0.13    0.13 ^ clk (in)
     1    0.04                           clk (net)
                  0.20    0.00    0.13 ^ clkbuf_0_clk/A (sky130_fd_sc_hd__clkbuf_16)
                  0.05    0.18    0.31 ^ clkbuf_0_clk/X (sky130_fd_sc_hd__clkbuf_16)
     2    0.03                           clknet_0_clk (net)
                  0.05    0.00    0.31 ^ clkbuf_1_0__f_clk/A (sky130_fd_sc_hd__clkbuf_16)
                  0.09    0.16    0.47 ^ clkbuf_1_0__f_clk/X (sky130_fd_sc_hd__clkbuf_16)
     9    0.07                           clknet_1_0__leaf_clk (net)
                  0.09    0.00    0.47 ^ _110_/CLK (sky130_fd_sc_hd__dfxtp_2)
                  0.23    0.46    0.93 v _110_/Q (sky130_fd_sc_hd__dfxtp_2)
     5    0.10                           pc_out[14] (net)
                  0.23    0.00    0.93 v _089_/B1 (sky130_fd_sc_hd__a21o_2)
                  0.10    0.31    1.24 v _089_/X (sky130_fd_sc_hd__a21o_2)
     1    0.03                           _043_ (net)
                  0.10    0.00    1.24 v _090_/B (sky130_fd_sc_hd__and2b_2)
                  0.14    0.30    1.54 v _090_/X (sky130_fd_sc_hd__and2b_2)
     1    0.05                           _044_ (net)
                  0.14    0.01    1.56 v _091_/A (sky130_fd_sc_hd__buf_1)
                  0.09    0.17    1.73 v _091_/X (sky130_fd_sc_hd__buf_1)
     1    0.02                           _014_ (net)
                  0.09    0.00    1.73 v _110_/D (sky130_fd_sc_hd__dfxtp_2)
                                  1.73   data arrival time

                          0.00    0.00   clock clk (rise edge)
                          0.00    0.00   clock source latency
                  0.20    0.15    0.15 ^ clk (in)
     1    0.04                           clk (net)
                  0.20    0.00    0.15 ^ clkbuf_0_clk/A (sky130_fd_sc_hd__clkbuf_16)
                  0.05    0.20    0.35 ^ clkbuf_0_clk/X (sky130_fd_sc_hd__clkbuf_16)
     2    0.03                           clknet_0_clk (net)
                  0.05    0.00    0.35 ^ clkbuf_1_0__f_clk/A (sky130_fd_sc_hd__clkbuf_16)
                  0.09    0.18    0.52 ^ clkbuf_1_0__f_clk/X (sky130_fd_sc_hd__clkbuf_16)
     9    0.07                           clknet_1_0__leaf_clk (net)
                  0.09    0.00    0.52 ^ _110_/CLK (sky130_fd_sc_hd__dfxtp_2)
                          0.25    0.77   clock uncertainty
                         -0.05    0.72   clock reconvergence pessimism
                         -0.06    0.67   library hold time
                                  0.67   data required time
-----------------------------------------------------------------------------
                                  0.67   data required time
                                 -1.73   data arrival time
-----------------------------------------------------------------------------
                                  1.07   slack (MET)


Startpoint: _110_ (rising edge-triggered flip-flop clocked by clk)
Endpoint: _111_ (rising edge-triggered flip-flop clocked by clk)
Path Group: clk
Path Type: min

Fanout     Cap    Slew   Delay    Time   Description
-----------------------------------------------------------------------------
                          0.00    0.00   clock clk (rise edge)
                          0.00    0.00   clock source latency
                  0.20    0.13    0.13 ^ clk (in)
     1    0.04                           clk (net)
                  0.20    0.00    0.13 ^ clkbuf_0_clk/A (sky130_fd_sc_hd__clkbuf_16)
                  0.05    0.18    0.31 ^ clkbuf_0_clk/X (sky130_fd_sc_hd__clkbuf_16)
     2    0.03                           clknet_0_clk (net)
                  0.05    0.00    0.31 ^ clkbuf_1_0__f_clk/A (sky130_fd_sc_hd__clkbuf_16)
                  0.09    0.16    0.47 ^ clkbuf_1_0__f_clk/X (sky130_fd_sc_hd__clkbuf_16)
     9    0.07                           clknet_1_0__leaf_clk (net)
                  0.09    0.00    0.47 ^ _110_/CLK (sky130_fd_sc_hd__dfxtp_2)
                  0.23    0.46    0.93 v _110_/Q (sky130_fd_sc_hd__dfxtp_2)
     5    0.10                           pc_out[14] (net)
                  0.23    0.00    0.93 v _093_/A1 (sky130_fd_sc_hd__a31o_2)
                  0.04    0.26    1.19 v _093_/X (sky130_fd_sc_hd__a31o_2)
     1    0.00                           _046_ (net)
                  0.04    0.00    1.19 v _094_/C (sky130_fd_sc_hd__and3b_2)
                  0.17    0.31    1.50 v _094_/X (sky130_fd_sc_hd__and3b_2)
     1    0.07                           _047_ (net)
                  0.17    0.02    1.53 v _095_/A (sky130_fd_sc_hd__buf_1)
                  0.13    0.21    1.74 v _095_/X (sky130_fd_sc_hd__buf_1)
     1    0.02                           _015_ (net)
                  0.13    0.00    1.74 v _111_/D (sky130_fd_sc_hd__dfxtp_2)
                                  1.74   data arrival time

                          0.00    0.00   clock clk (rise edge)
                          0.00    0.00   clock source latency
                  0.20    0.15    0.15 ^ clk (in)
     1    0.04                           clk (net)
                  0.20    0.00    0.15 ^ clkbuf_0_clk/A (sky130_fd_sc_hd__clkbuf_16)
                  0.05    0.20    0.35 ^ clkbuf_0_clk/X (sky130_fd_sc_hd__clkbuf_16)
     2    0.03                           clknet_0_clk (net)
                  0.05    0.00    0.35 ^ clkbuf_1_1__f_clk/A (sky130_fd_sc_hd__clkbuf_16)
                  0.08    0.17    0.52 ^ clkbuf_1_1__f_clk/X (sky130_fd_sc_hd__clkbuf_16)
     7    0.06                           clknet_1_1__leaf_clk (net)
                  0.08    0.00    0.52 ^ _111_/CLK (sky130_fd_sc_hd__dfxtp_2)
                          0.25    0.77   clock uncertainty
                         -0.03    0.73   clock reconvergence pessimism
                         -0.07    0.66   library hold time
                                  0.66   data required time
-----------------------------------------------------------------------------
                                  0.66   data required time
                                 -1.74   data arrival time
-----------------------------------------------------------------------------
                                  1.08   slack (MET)


Startpoint: _105_ (rising edge-triggered flip-flop clocked by clk)
Endpoint: pc_out[9] (output port clocked by clk)
Path Group: clk
Path Type: min

Fanout     Cap    Slew   Delay    Time   Description
-----------------------------------------------------------------------------
                          0.00    0.00   clock clk (rise edge)
                          0.00    0.00   clock source latency
                  0.20    0.13    0.13 ^ clk (in)
     1    0.04                           clk (net)
                  0.20    0.00    0.13 ^ clkbuf_0_clk/A (sky130_fd_sc_hd__clkbuf_16)
                  0.05    0.18    0.31 ^ clkbuf_0_clk/X (sky130_fd_sc_hd__clkbuf_16)
     2    0.03                           clknet_0_clk (net)
                  0.05    0.00    0.31 ^ clkbuf_1_0__f_clk/A (sky130_fd_sc_hd__clkbuf_16)
                  0.09    0.16    0.47 ^ clkbuf_1_0__f_clk/X (sky130_fd_sc_hd__clkbuf_16)
     9    0.07                           clknet_1_0__leaf_clk (net)
                  0.09    0.00    0.47 ^ _105_/CLK (sky130_fd_sc_hd__dfxtp_2)
                  0.17    0.42    0.89 v _105_/Q (sky130_fd_sc_hd__dfxtp_2)
     3    0.07                           pc_out[9] (net)
                  0.17    0.01    0.90 v pc_out[9] (out)
                                  0.90   data arrival time

                          0.00    0.00   clock clk (rise edge)
                          0.00    0.00   clock network delay (propagated)
                          0.25    0.25   clock uncertainty
                          0.00    0.25   clock reconvergence pessimism
                         -2.00   -1.75   output external delay
                                 -1.75   data required time
-----------------------------------------------------------------------------
                                 -1.75   data required time
                                 -0.90   data arrival time
-----------------------------------------------------------------------------
                                  2.65   slack (MET)


Startpoint: _102_ (rising edge-triggered flip-flop clocked by clk)
Endpoint: pc_out[6] (output port clocked by clk)
Path Group: clk
Path Type: min

Fanout     Cap    Slew   Delay    Time   Description
-----------------------------------------------------------------------------
                          0.00    0.00   clock clk (rise edge)
                          0.00    0.00   clock source latency
                  0.20    0.13    0.13 ^ clk (in)
     1    0.04                           clk (net)
                  0.20    0.00    0.13 ^ clkbuf_0_clk/A (sky130_fd_sc_hd__clkbuf_16)
                  0.05    0.18    0.31 ^ clkbuf_0_clk/X (sky130_fd_sc_hd__clkbuf_16)
     2    0.03                           clknet_0_clk (net)
                  0.05    0.00    0.31 ^ clkbuf_1_1__f_clk/A (sky130_fd_sc_hd__clkbuf_16)
                  0.08    0.15    0.47 ^ clkbuf_1_1__f_clk/X (sky130_fd_sc_hd__clkbuf_16)
     7    0.06                           clknet_1_1__leaf_clk (net)
                  0.08    0.00    0.47 ^ _102_/CLK (sky130_fd_sc_hd__dfxtp_2)
                  0.20    0.44    0.91 v _102_/Q (sky130_fd_sc_hd__dfxtp_2)
     3    0.09                           pc_out[6] (net)
                  0.20    0.01    0.91 v pc_out[6] (out)
                                  0.91   data arrival time

                          0.00    0.00   clock clk (rise edge)
                          0.00    0.00   clock network delay (propagated)
                          0.25    0.25   clock uncertainty
                          0.00    0.25   clock reconvergence pessimism
                         -2.00   -1.75   output external delay
                                 -1.75   data required time
-----------------------------------------------------------------------------
                                 -1.75   data required time
                                 -0.91   data arrival time
-----------------------------------------------------------------------------
                                  2.66   slack (MET)


Startpoint: _107_ (rising edge-triggered flip-flop clocked by clk)
Endpoint: pc_out[11] (output port clocked by clk)
Path Group: clk
Path Type: min

Fanout     Cap    Slew   Delay    Time   Description
-----------------------------------------------------------------------------
                          0.00    0.00   clock clk (rise edge)
                          0.00    0.00   clock source latency
                  0.20    0.13    0.13 ^ clk (in)
     1    0.04                           clk (net)
                  0.20    0.00    0.13 ^ clkbuf_0_clk/A (sky130_fd_sc_hd__clkbuf_16)
                  0.05    0.18    0.31 ^ clkbuf_0_clk/X (sky130_fd_sc_hd__clkbuf_16)
     2    0.03                           clknet_0_clk (net)
                  0.05    0.00    0.31 ^ clkbuf_1_0__f_clk/A (sky130_fd_sc_hd__clkbuf_16)
                  0.09    0.16    0.47 ^ clkbuf_1_0__f_clk/X (sky130_fd_sc_hd__clkbuf_16)
     9    0.07                           clknet_1_0__leaf_clk (net)
                  0.09    0.00    0.47 ^ _107_/CLK (sky130_fd_sc_hd__dfxtp_2)
                  0.19    0.44    0.91 v _107_/Q (sky130_fd_sc_hd__dfxtp_2)
     3    0.08                           pc_out[11] (net)
                  0.19    0.01    0.92 v pc_out[11] (out)
                                  0.92   data arrival time

                          0.00    0.00   clock clk (rise edge)
                          0.00    0.00   clock network delay (propagated)
                          0.25    0.25   clock uncertainty
                          0.00    0.25   clock reconvergence pessimism
                         -2.00   -1.75   output external delay
                                 -1.75   data required time
-----------------------------------------------------------------------------
                                 -1.75   data required time
                                 -0.92   data arrival time
-----------------------------------------------------------------------------
                                  2.67   slack (MET)


Startpoint: _099_ (rising edge-triggered flip-flop clocked by clk)
Endpoint: pc_out[3] (output port clocked by clk)
Path Group: clk
Path Type: min

Fanout     Cap    Slew   Delay    Time   Description
-----------------------------------------------------------------------------
                          0.00    0.00   clock clk (rise edge)
                          0.00    0.00   clock source latency
                  0.20    0.13    0.13 ^ clk (in)
     1    0.04                           clk (net)
                  0.20    0.00    0.13 ^ clkbuf_0_clk/A (sky130_fd_sc_hd__clkbuf_16)
                  0.05    0.18    0.31 ^ clkbuf_0_clk/X (sky130_fd_sc_hd__clkbuf_16)
     2    0.03                           clknet_0_clk (net)
                  0.05    0.00    0.31 ^ clkbuf_1_1__f_clk/A (sky130_fd_sc_hd__clkbuf_16)
                  0.08    0.15    0.47 ^ clkbuf_1_1__f_clk/X (sky130_fd_sc_hd__clkbuf_16)
     7    0.06                           clknet_1_1__leaf_clk (net)
                  0.08    0.00    0.47 ^ _099_/CLK (sky130_fd_sc_hd__dfxtp_2)
                  0.20    0.44    0.90 v _099_/Q (sky130_fd_sc_hd__dfxtp_2)
     3    0.09                           pc_out[3] (net)
                  0.20    0.02    0.92 v pc_out[3] (out)
                                  0.92   data arrival time

                          0.00    0.00   clock clk (rise edge)
                          0.00    0.00   clock network delay (propagated)
                          0.25    0.25   clock uncertainty
                          0.00    0.25   clock reconvergence pessimism
                         -2.00   -1.75   output external delay
                                 -1.75   data required time
-----------------------------------------------------------------------------
                                 -1.75   data required time
                                 -0.92   data arrival time
-----------------------------------------------------------------------------
                                  2.67   slack (MET)


Startpoint: _104_ (rising edge-triggered flip-flop clocked by clk)
Endpoint: pc_out[8] (output port clocked by clk)
Path Group: clk
Path Type: min

Fanout     Cap    Slew   Delay    Time   Description
-----------------------------------------------------------------------------
                          0.00    0.00   clock clk (rise edge)
                          0.00    0.00   clock source latency
                  0.20    0.13    0.13 ^ clk (in)
     1    0.04                           clk (net)
                  0.20    0.00    0.13 ^ clkbuf_0_clk/A (sky130_fd_sc_hd__clkbuf_16)
                  0.05    0.18    0.31 ^ clkbuf_0_clk/X (sky130_fd_sc_hd__clkbuf_16)
     2    0.03                           clknet_0_clk (net)
                  0.05    0.00    0.31 ^ clkbuf_1_0__f_clk/A (sky130_fd_sc_hd__clkbuf_16)
                  0.09    0.16    0.47 ^ clkbuf_1_0__f_clk/X (sky130_fd_sc_hd__clkbuf_16)
     9    0.07                           clknet_1_0__leaf_clk (net)
                  0.09    0.00    0.47 ^ _104_/CLK (sky130_fd_sc_hd__dfxtp_2)
                  0.23    0.46    0.94 v _104_/Q (sky130_fd_sc_hd__dfxtp_2)
     4    0.10                           pc_out[8] (net)
                  0.23    0.01    0.94 v pc_out[8] (out)
                                  0.94   data arrival time

                          0.00    0.00   clock clk (rise edge)
                          0.00    0.00   clock network delay (propagated)
                          0.25    0.25   clock uncertainty
                          0.00    0.25   clock reconvergence pessimism
                         -2.00   -1.75   output external delay
                                 -1.75   data required time
-----------------------------------------------------------------------------
                                 -1.75   data required time
                                 -0.94   data arrival time
-----------------------------------------------------------------------------
                                  2.69   slack (MET)


Startpoint: _101_ (rising edge-triggered flip-flop clocked by clk)
Endpoint: pc_out[5] (output port clocked by clk)
Path Group: clk
Path Type: min

Fanout     Cap    Slew   Delay    Time   Description
-----------------------------------------------------------------------------
                          0.00    0.00   clock clk (rise edge)
                          0.00    0.00   clock source latency
                  0.20    0.13    0.13 ^ clk (in)
     1    0.04                           clk (net)
                  0.20    0.00    0.13 ^ clkbuf_0_clk/A (sky130_fd_sc_hd__clkbuf_16)
                  0.05    0.18    0.31 ^ clkbuf_0_clk/X (sky130_fd_sc_hd__clkbuf_16)
     2    0.03                           clknet_0_clk (net)
                  0.05    0.00    0.31 ^ clkbuf_1_1__f_clk/A (sky130_fd_sc_hd__clkbuf_16)
                  0.08    0.15    0.47 ^ clkbuf_1_1__f_clk/X (sky130_fd_sc_hd__clkbuf_16)
     7    0.06                           clknet_1_1__leaf_clk (net)
                  0.08    0.00    0.47 ^ _101_/CLK (sky130_fd_sc_hd__dfxtp_2)
                  0.23    0.46    0.92 v _101_/Q (sky130_fd_sc_hd__dfxtp_2)
     5    0.10                           pc_out[5] (net)
                  0.23    0.02    0.94 v pc_out[5] (out)
                                  0.94   data arrival time

                          0.00    0.00   clock clk (rise edge)
                          0.00    0.00   clock network delay (propagated)
                          0.25    0.25   clock uncertainty
                          0.00    0.25   clock reconvergence pessimism
                         -2.00   -1.75   output external delay
                                 -1.75   data required time
-----------------------------------------------------------------------------
                                 -1.75   data required time
                                 -0.94   data arrival time
-----------------------------------------------------------------------------
                                  2.69   slack (MET)


Startpoint: _109_ (rising edge-triggered flip-flop clocked by clk)
Endpoint: pc_out[13] (output port clocked by clk)
Path Group: clk
Path Type: min

Fanout     Cap    Slew   Delay    Time   Description
-----------------------------------------------------------------------------
                          0.00    0.00   clock clk (rise edge)
                          0.00    0.00   clock source latency
                  0.20    0.13    0.13 ^ clk (in)
     1    0.04                           clk (net)
                  0.20    0.00    0.13 ^ clkbuf_0_clk/A (sky130_fd_sc_hd__clkbuf_16)
                  0.05    0.18    0.31 ^ clkbuf_0_clk/X (sky130_fd_sc_hd__clkbuf_16)
     2    0.03                           clknet_0_clk (net)
                  0.05    0.00    0.31 ^ clkbuf_1_0__f_clk/A (sky130_fd_sc_hd__clkbuf_16)
                  0.09    0.16    0.47 ^ clkbuf_1_0__f_clk/X (sky130_fd_sc_hd__clkbuf_16)
     9    0.07                           clknet_1_0__leaf_clk (net)
                  0.09    0.00    0.47 ^ _109_/CLK (sky130_fd_sc_hd__dfxtp_2)
                  0.23    0.47    0.94 v _109_/Q (sky130_fd_sc_hd__dfxtp_2)
     3    0.10                           pc_out[13] (net)
                  0.23    0.01    0.94 v pc_out[13] (out)
                                  0.94   data arrival time

                          0.00    0.00   clock clk (rise edge)
                          0.00    0.00   clock network delay (propagated)
                          0.25    0.25   clock uncertainty
                          0.00    0.25   clock reconvergence pessimism
                         -2.00   -1.75   output external delay
                                 -1.75   data required time
-----------------------------------------------------------------------------
                                 -1.75   data required time
                                 -0.94   data arrival time
-----------------------------------------------------------------------------
                                  2.69   slack (MET)


Startpoint: _110_ (rising edge-triggered flip-flop clocked by clk)
Endpoint: pc_out[14] (output port clocked by clk)
Path Group: clk
Path Type: min

Fanout     Cap    Slew   Delay    Time   Description
-----------------------------------------------------------------------------
                          0.00    0.00   clock clk (rise edge)
                          0.00    0.00   clock source latency
                  0.20    0.13    0.13 ^ clk (in)
     1    0.04                           clk (net)
                  0.20    0.00    0.13 ^ clkbuf_0_clk/A (sky130_fd_sc_hd__clkbuf_16)
                  0.05    0.18    0.31 ^ clkbuf_0_clk/X (sky130_fd_sc_hd__clkbuf_16)
     2    0.03                           clknet_0_clk (net)
                  0.05    0.00    0.31 ^ clkbuf_1_0__f_clk/A (sky130_fd_sc_hd__clkbuf_16)
                  0.09    0.16    0.47 ^ clkbuf_1_0__f_clk/X (sky130_fd_sc_hd__clkbuf_16)
     9    0.07                           clknet_1_0__leaf_clk (net)
                  0.09    0.00    0.47 ^ _110_/CLK (sky130_fd_sc_hd__dfxtp_2)
                  0.23    0.46    0.93 v _110_/Q (sky130_fd_sc_hd__dfxtp_2)
     5    0.10                           pc_out[14] (net)
                  0.23    0.02    0.95 v pc_out[14] (out)
                                  0.95   data arrival time

                          0.00    0.00   clock clk (rise edge)
                          0.00    0.00   clock network delay (propagated)
                          0.25    0.25   clock uncertainty
                          0.00    0.25   clock reconvergence pessimism
                         -2.00   -1.75   output external delay
                                 -1.75   data required time
-----------------------------------------------------------------------------
                                 -1.75   data required time
                                 -0.95   data arrival time
-----------------------------------------------------------------------------
                                  2.70   slack (MET)


Startpoint: _111_ (rising edge-triggered flip-flop clocked by clk)
Endpoint: pc_out[15] (output port clocked by clk)
Path Group: clk
Path Type: min

Fanout     Cap    Slew   Delay    Time   Description
-----------------------------------------------------------------------------
                          0.00    0.00   clock clk (rise edge)
                          0.00    0.00   clock source latency
                  0.20    0.13    0.13 ^ clk (in)
     1    0.04                           clk (net)
                  0.20    0.00    0.13 ^ clkbuf_0_clk/A (sky130_fd_sc_hd__clkbuf_16)
                  0.05    0.18    0.31 ^ clkbuf_0_clk/X (sky130_fd_sc_hd__clkbuf_16)
     2    0.03                           clknet_0_clk (net)
                  0.05    0.00    0.31 ^ clkbuf_1_1__f_clk/A (sky130_fd_sc_hd__clkbuf_16)
                  0.08    0.15    0.47 ^ clkbuf_1_1__f_clk/X (sky130_fd_sc_hd__clkbuf_16)
     7    0.06                           clknet_1_1__leaf_clk (net)
                  0.08    0.00    0.47 ^ _111_/CLK (sky130_fd_sc_hd__dfxtp_2)
                  0.25    0.45    0.92 v _111_/Q (sky130_fd_sc_hd__dfxtp_2)
     3    0.11                           pc_out[15] (net)
                  0.26    0.03    0.96 v pc_out[15] (out)
                                  0.96   data arrival time

                          0.00    0.00   clock clk (rise edge)
                          0.00    0.00   clock network delay (propagated)
                          0.25    0.25   clock uncertainty
                          0.00    0.25   clock reconvergence pessimism
                         -2.00   -1.75   output external delay
                                 -1.75   data required time
-----------------------------------------------------------------------------
                                 -1.75   data required time
                                 -0.96   data arrival time
-----------------------------------------------------------------------------
                                  2.71   slack (MET)


Startpoint: _108_ (rising edge-triggered flip-flop clocked by clk)
Endpoint: pc_out[12] (output port clocked by clk)
Path Group: clk
Path Type: min

Fanout     Cap    Slew   Delay    Time   Description
-----------------------------------------------------------------------------
                          0.00    0.00   clock clk (rise edge)
                          0.00    0.00   clock source latency
                  0.20    0.13    0.13 ^ clk (in)
     1    0.04                           clk (net)
                  0.20    0.00    0.13 ^ clkbuf_0_clk/A (sky130_fd_sc_hd__clkbuf_16)
                  0.05    0.18    0.31 ^ clkbuf_0_clk/X (sky130_fd_sc_hd__clkbuf_16)
     2    0.03                           clknet_0_clk (net)
                  0.05    0.00    0.31 ^ clkbuf_1_1__f_clk/A (sky130_fd_sc_hd__clkbuf_16)
                  0.08    0.15    0.47 ^ clkbuf_1_1__f_clk/X (sky130_fd_sc_hd__clkbuf_16)
     7    0.06                           clknet_1_1__leaf_clk (net)
                  0.08    0.00    0.47 ^ _108_/CLK (sky130_fd_sc_hd__dfxtp_2)
                  0.26    0.49    0.95 v _108_/Q (sky130_fd_sc_hd__dfxtp_2)
     5    0.12                           pc_out[12] (net)
                  0.26    0.01    0.96 v pc_out[12] (out)
                                  0.96   data arrival time

                          0.00    0.00   clock clk (rise edge)
                          0.00    0.00   clock network delay (propagated)
                          0.25    0.25   clock uncertainty
                          0.00    0.25   clock reconvergence pessimism
                         -2.00   -1.75   output external delay
                                 -1.75   data required time
-----------------------------------------------------------------------------
                                 -1.75   data required time
                                 -0.96   data arrival time
-----------------------------------------------------------------------------
                                  2.71   slack (MET)


Startpoint: _098_ (rising edge-triggered flip-flop clocked by clk)
Endpoint: pc_out[2] (output port clocked by clk)
Path Group: clk
Path Type: min

Fanout     Cap    Slew   Delay    Time   Description
-----------------------------------------------------------------------------
                          0.00    0.00   clock clk (rise edge)
                          0.00    0.00   clock source latency
                  0.20    0.13    0.13 ^ clk (in)
     1    0.04                           clk (net)
                  0.20    0.00    0.13 ^ clkbuf_0_clk/A (sky130_fd_sc_hd__clkbuf_16)
                  0.05    0.18    0.31 ^ clkbuf_0_clk/X (sky130_fd_sc_hd__clkbuf_16)
     2    0.03                           clknet_0_clk (net)
                  0.05    0.00    0.31 ^ clkbuf_1_0__f_clk/A (sky130_fd_sc_hd__clkbuf_16)
                  0.09    0.16    0.47 ^ clkbuf_1_0__f_clk/X (sky130_fd_sc_hd__clkbuf_16)
     9    0.07                           clknet_1_0__leaf_clk (net)
                  0.09    0.00    0.47 ^ _098_/CLK (sky130_fd_sc_hd__dfxtp_2)
                  0.26    0.48    0.95 v _098_/Q (sky130_fd_sc_hd__dfxtp_2)
     4    0.11                           pc_out[2] (net)
                  0.26    0.03    0.98 v pc_out[2] (out)
                                  0.98   data arrival time

                          0.00    0.00   clock clk (rise edge)
                          0.00    0.00   clock network delay (propagated)
                          0.25    0.25   clock uncertainty
                          0.00    0.25   clock reconvergence pessimism
                         -2.00   -1.75   output external delay
                                 -1.75   data required time
-----------------------------------------------------------------------------
                                 -1.75   data required time
                                 -0.98   data arrival time
-----------------------------------------------------------------------------
                                  2.73   slack (MET)


Startpoint: _097_ (rising edge-triggered flip-flop clocked by clk)
Endpoint: pc_out[1] (output port clocked by clk)
Path Group: clk
Path Type: min

Fanout     Cap    Slew   Delay    Time   Description
-----------------------------------------------------------------------------
                          0.00    0.00   clock clk (rise edge)
                          0.00    0.00   clock source latency
                  0.20    0.13    0.13 ^ clk (in)
     1    0.04                           clk (net)
                  0.20    0.00    0.13 ^ clkbuf_0_clk/A (sky130_fd_sc_hd__clkbuf_16)
                  0.05    0.18    0.31 ^ clkbuf_0_clk/X (sky130_fd_sc_hd__clkbuf_16)
     2    0.03                           clknet_0_clk (net)
                  0.05    0.00    0.31 ^ clkbuf_1_1__f_clk/A (sky130_fd_sc_hd__clkbuf_16)
                  0.08    0.15    0.47 ^ clkbuf_1_1__f_clk/X (sky130_fd_sc_hd__clkbuf_16)
     7    0.06                           clknet_1_1__leaf_clk (net)
                  0.08    0.00    0.47 ^ _097_/CLK (sky130_fd_sc_hd__dfxtp_2)
                  0.28    0.49    0.96 v _097_/Q (sky130_fd_sc_hd__dfxtp_2)
     6    0.12                           pc_out[1] (net)
                  0.29    0.03    0.99 v pc_out[1] (out)
                                  0.99   data arrival time

                          0.00    0.00   clock clk (rise edge)
                          0.00    0.00   clock network delay (propagated)
                          0.25    0.25   clock uncertainty
                          0.00    0.25   clock reconvergence pessimism
                         -2.00   -1.75   output external delay
                                 -1.75   data required time
-----------------------------------------------------------------------------
                                 -1.75   data required time
                                 -0.99   data arrival time
-----------------------------------------------------------------------------
                                  2.74   slack (MET)


Startpoint: _106_ (rising edge-triggered flip-flop clocked by clk)
Endpoint: pc_out[10] (output port clocked by clk)
Path Group: clk
Path Type: min

Fanout     Cap    Slew   Delay    Time   Description
-----------------------------------------------------------------------------
                          0.00    0.00   clock clk (rise edge)
                          0.00    0.00   clock source latency
                  0.20    0.13    0.13 ^ clk (in)
     1    0.04                           clk (net)
                  0.20    0.00    0.13 ^ clkbuf_0_clk/A (sky130_fd_sc_hd__clkbuf_16)
                  0.05    0.18    0.31 ^ clkbuf_0_clk/X (sky130_fd_sc_hd__clkbuf_16)
     2    0.03                           clknet_0_clk (net)
                  0.05    0.00    0.31 ^ clkbuf_1_1__f_clk/A (sky130_fd_sc_hd__clkbuf_16)
                  0.08    0.15    0.47 ^ clkbuf_1_1__f_clk/X (sky130_fd_sc_hd__clkbuf_16)
     7    0.06                           clknet_1_1__leaf_clk (net)
                  0.08    0.00    0.47 ^ _106_/CLK (sky130_fd_sc_hd__dfxtp_2)
                  0.29    0.47    0.94 v _106_/Q (sky130_fd_sc_hd__dfxtp_2)
     5    0.13                           pc_out[10] (net)
                  0.31    0.06    1.00 v pc_out[10] (out)
                                  1.00   data arrival time

                          0.00    0.00   clock clk (rise edge)
                          0.00    0.00   clock network delay (propagated)
                          0.25    0.25   clock uncertainty
                          0.00    0.25   clock reconvergence pessimism
                         -2.00   -1.75   output external delay
                                 -1.75   data required time
-----------------------------------------------------------------------------
                                 -1.75   data required time
                                 -1.00   data arrival time
-----------------------------------------------------------------------------
                                  2.75   slack (MET)


Startpoint: _103_ (rising edge-triggered flip-flop clocked by clk)
Endpoint: pc_out[7] (output port clocked by clk)
Path Group: clk
Path Type: min

Fanout     Cap    Slew   Delay    Time   Description
-----------------------------------------------------------------------------
                          0.00    0.00   clock clk (rise edge)
                          0.00    0.00   clock source latency
                  0.20    0.13    0.13 ^ clk (in)
     1    0.04                           clk (net)
                  0.20    0.00    0.13 ^ clkbuf_0_clk/A (sky130_fd_sc_hd__clkbuf_16)
                  0.05    0.18    0.31 ^ clkbuf_0_clk/X (sky130_fd_sc_hd__clkbuf_16)
     2    0.03                           clknet_0_clk (net)
                  0.05    0.00    0.31 ^ clkbuf_1_0__f_clk/A (sky130_fd_sc_hd__clkbuf_16)
                  0.09    0.16    0.47 ^ clkbuf_1_0__f_clk/X (sky130_fd_sc_hd__clkbuf_16)
     9    0.07                           clknet_1_0__leaf_clk (net)
                  0.09    0.00    0.47 ^ _103_/CLK (sky130_fd_sc_hd__dfxtp_2)
                  0.30    0.50    0.98 v _103_/Q (sky130_fd_sc_hd__dfxtp_2)
     6    0.13                           pc_out[7] (net)
                  0.30    0.03    1.00 v pc_out[7] (out)
                                  1.00   data arrival time

                          0.00    0.00   clock clk (rise edge)
                          0.00    0.00   clock network delay (propagated)
                          0.25    0.25   clock uncertainty
                          0.00    0.25   clock reconvergence pessimism
                         -2.00   -1.75   output external delay
                                 -1.75   data required time
-----------------------------------------------------------------------------
                                 -1.75   data required time
                                 -1.00   data arrival time
-----------------------------------------------------------------------------
                                  2.75   slack (MET)


Startpoint: _100_ (rising edge-triggered flip-flop clocked by clk)
Endpoint: pc_out[4] (output port clocked by clk)
Path Group: clk
Path Type: min

Fanout     Cap    Slew   Delay    Time   Description
-----------------------------------------------------------------------------
                          0.00    0.00   clock clk (rise edge)
                          0.00    0.00   clock source latency
                  0.20    0.13    0.13 ^ clk (in)
     1    0.04                           clk (net)
                  0.20    0.00    0.13 ^ clkbuf_0_clk/A (sky130_fd_sc_hd__clkbuf_16)
                  0.05    0.18    0.31 ^ clkbuf_0_clk/X (sky130_fd_sc_hd__clkbuf_16)
     2    0.03                           clknet_0_clk (net)
                  0.05    0.00    0.31 ^ clkbuf_1_0__f_clk/A (sky130_fd_sc_hd__clkbuf_16)
                  0.09    0.16    0.47 ^ clkbuf_1_0__f_clk/X (sky130_fd_sc_hd__clkbuf_16)
     9    0.07                           clknet_1_0__leaf_clk (net)
                  0.09    0.00    0.47 ^ _100_/CLK (sky130_fd_sc_hd__dfxtp_2)
                  0.31    0.52    0.99 v _100_/Q (sky130_fd_sc_hd__dfxtp_2)
     7    0.14                           pc_out[4] (net)
                  0.32    0.02    1.01 v pc_out[4] (out)
                                  1.01   data arrival time

                          0.00    0.00   clock clk (rise edge)
                          0.00    0.00   clock network delay (propagated)
                          0.25    0.25   clock uncertainty
                          0.00    0.25   clock reconvergence pessimism
                         -2.00   -1.75   output external delay
                                 -1.75   data required time
-----------------------------------------------------------------------------
                                 -1.75   data required time
                                 -1.01   data arrival time
-----------------------------------------------------------------------------
                                  2.76   slack (MET)


Startpoint: _096_ (rising edge-triggered flip-flop clocked by clk)
Endpoint: pc_out[0] (output port clocked by clk)
Path Group: clk
Path Type: min

Fanout     Cap    Slew   Delay    Time   Description
-----------------------------------------------------------------------------
                          0.00    0.00   clock clk (rise edge)
                          0.00    0.00   clock source latency
                  0.20    0.13    0.13 ^ clk (in)
     1    0.04                           clk (net)
                  0.20    0.00    0.13 ^ clkbuf_0_clk/A (sky130_fd_sc_hd__clkbuf_16)
                  0.05    0.18    0.31 ^ clkbuf_0_clk/X (sky130_fd_sc_hd__clkbuf_16)
     2    0.03                           clknet_0_clk (net)
                  0.05    0.00    0.31 ^ clkbuf_1_0__f_clk/A (sky130_fd_sc_hd__clkbuf_16)
                  0.09    0.16    0.47 ^ clkbuf_1_0__f_clk/X (sky130_fd_sc_hd__clkbuf_16)
     9    0.07                           clknet_1_0__leaf_clk (net)
                  0.09    0.00    0.47 ^ _096_/CLK (sky130_fd_sc_hd__dfxtp_2)
                  0.32    0.52    0.99 v _096_/Q (sky130_fd_sc_hd__dfxtp_2)
     7    0.14                           pc_out[0] (net)
                  0.33    0.04    1.03 v pc_out[0] (out)
                                  1.03   data arrival time

                          0.00    0.00   clock clk (rise edge)
                          0.00    0.00   clock network delay (propagated)
                          0.25    0.25   clock uncertainty
                          0.00    0.25   clock reconvergence pessimism
                         -2.00   -1.75   output external delay
                                 -1.75   data required time
-----------------------------------------------------------------------------
                                 -1.75   data required time
                                 -1.03   data arrival time
-----------------------------------------------------------------------------
                                  2.78   slack (MET)



