
===========================================================================
report_checks -path_delay max (Setup)
============================================================================
======================= Typical Corner ===================================

Startpoint: _096_ (rising edge-triggered flip-flop clocked by clk)
Endpoint: _111_ (rising edge-triggered flip-flop clocked by clk)
Path Group: clk
Path Type: max

Fanout     Cap    Slew   Delay    Time   Description
-----------------------------------------------------------------------------
                          0.00    0.00   clock clk (rise edge)
                          0.00    0.00   clock source latency
                  0.20    0.15    0.15 ^ clk (in)
     1    0.04                           clk (net)
                  0.20    0.00    0.15 ^ clkbuf_0_clk/A (sky130_fd_sc_hd__clkbuf_16)
                  0.05    0.20    0.35 ^ clkbuf_0_clk/X (sky130_fd_sc_hd__clkbuf_16)
     2    0.03                           clknet_0_clk (net)
                  0.05    0.00    0.35 ^ clkbuf_1_0__f_clk/A (sky130_fd_sc_hd__clkbuf_16)
                  0.09    0.18    0.52 ^ clkbuf_1_0__f_clk/X (sky130_fd_sc_hd__clkbuf_16)
     9    0.07                           clknet_1_0__leaf_clk (net)
                  0.09    0.00    0.52 ^ _096_/CLK (sky130_fd_sc_hd__dfxtp_2)
                  0.71    0.83    1.35 ^ _096_/Q (sky130_fd_sc_hd__dfxtp_2)
     7    0.14                           pc_out[0] (net)
                  0.72    0.01    1.36 ^ _055_/A (sky130_fd_sc_hd__and4_2)
                  0.22    0.54    1.90 ^ _055_/X (sky130_fd_sc_hd__and4_2)
     1    0.04                           _020_ (net)
                  0.22    0.01    1.91 ^ _056_/A (sky130_fd_sc_hd__buf_1)
                  1.19    0.95    2.86 ^ _056_/X (sky130_fd_sc_hd__buf_1)
     7    0.10                           _021_ (net)
                  1.19    0.01    2.88 ^ _065_/D (sky130_fd_sc_hd__and4_2)
                  0.16    0.48    3.36 ^ _065_/X (sky130_fd_sc_hd__and4_2)
     1    0.03                           _027_ (net)
                  0.16    0.00    3.36 ^ _066_/A (sky130_fd_sc_hd__buf_1)
                  1.08    0.86    4.22 ^ _066_/X (sky130_fd_sc_hd__buf_1)
     6    0.09                           _028_ (net)
                  1.08    0.02    4.24 ^ _073_/D (sky130_fd_sc_hd__and4_2)
                  0.43    0.69    4.93 ^ _073_/X (sky130_fd_sc_hd__and4_2)
     5    0.08                           _032_ (net)
                  0.43    0.01    4.93 ^ _079_/C (sky130_fd_sc_hd__and3_2)
                  0.18    0.38    5.31 ^ _079_/X (sky130_fd_sc_hd__and3_2)
     1    0.03                           _036_ (net)
                  0.18    0.01    5.32 ^ _080_/A (sky130_fd_sc_hd__buf_1)
                  1.17    0.93    6.25 ^ _080_/X (sky130_fd_sc_hd__buf_1)
     9    0.10                           _037_ (net)
                  1.17    0.01    6.26 ^ _092_/C (sky130_fd_sc_hd__nand4_2)
                  0.29    0.35    6.61 v _092_/Y (sky130_fd_sc_hd__nand4_2)
     1    0.02                           _045_ (net)
                  0.29    0.00    6.61 v _094_/B (sky130_fd_sc_hd__and3b_2)
                  0.17    0.46    7.07 v _094_/X (sky130_fd_sc_hd__and3b_2)
     1    0.07                           _047_ (net)
                  0.18    0.02    7.09 v _095_/A (sky130_fd_sc_hd__buf_1)
                  0.13    0.23    7.33 v _095_/X (sky130_fd_sc_hd__buf_1)
     1    0.02                           _015_ (net)
                  0.13    0.00    7.33 v _111_/D (sky130_fd_sc_hd__dfxtp_2)
                                  7.33   data arrival time

                         10.00   10.00   clock clk (rise edge)
                          0.00   10.00   clock source latency
                  0.20    0.13   10.13 ^ clk (in)
     1    0.04                           clk (net)
                  0.20    0.00   10.13 ^ clkbuf_0_clk/A (sky130_fd_sc_hd__clkbuf_16)
                  0.05    0.18   10.31 ^ clkbuf_0_clk/X (sky130_fd_sc_hd__clkbuf_16)
     2    0.03                           clknet_0_clk (net)
                  0.05    0.00   10.31 ^ clkbuf_1_1__f_clk/A (sky130_fd_sc_hd__clkbuf_16)
                  0.08    0.15   10.47 ^ clkbuf_1_1__f_clk/X (sky130_fd_sc_hd__clkbuf_16)
     7    0.06                           clknet_1_1__leaf_clk (net)
                  0.08    0.00   10.47 ^ _111_/CLK (sky130_fd_sc_hd__dfxtp_2)
                         -0.25   10.22   clock uncertainty
                          0.03   10.25   clock reconvergence pessimism
                         -0.14   10.11   library setup time
                                 10.11   data required time
-----------------------------------------------------------------------------
                                 10.11   data required time
                                 -7.33   data arrival time
-----------------------------------------------------------------------------
                                  2.78   slack (MET)


Startpoint: _096_ (rising edge-triggered flip-flop clocked by clk)
Endpoint: _110_ (rising edge-triggered flip-flop clocked by clk)
Path Group: clk
Path Type: max

Fanout     Cap    Slew   Delay    Time   Description
-----------------------------------------------------------------------------
                          0.00    0.00   clock clk (rise edge)
                          0.00    0.00   clock source latency
                  0.20    0.15    0.15 ^ clk (in)
     1    0.04                           clk (net)
                  0.20    0.00    0.15 ^ clkbuf_0_clk/A (sky130_fd_sc_hd__clkbuf_16)
                  0.05    0.20    0.35 ^ clkbuf_0_clk/X (sky130_fd_sc_hd__clkbuf_16)
     2    0.03                           clknet_0_clk (net)
                  0.05    0.00    0.35 ^ clkbuf_1_0__f_clk/A (sky130_fd_sc_hd__clkbuf_16)
                  0.09    0.18    0.52 ^ clkbuf_1_0__f_clk/X (sky130_fd_sc_hd__clkbuf_16)
     9    0.07                           clknet_1_0__leaf_clk (net)
                  0.09    0.00    0.52 ^ _096_/CLK (sky130_fd_sc_hd__dfxtp_2)
                  0.71    0.83    1.35 ^ _096_/Q (sky130_fd_sc_hd__dfxtp_2)
     7    0.14                           pc_out[0] (net)
                  0.72    0.01    1.36 ^ _055_/A (sky130_fd_sc_hd__and4_2)
                  0.22    0.54    1.90 ^ _055_/X (sky130_fd_sc_hd__and4_2)
     1    0.04                           _020_ (net)
                  0.22    0.01    1.91 ^ _056_/A (sky130_fd_sc_hd__buf_1)
                  1.19    0.95    2.86 ^ _056_/X (sky130_fd_sc_hd__buf_1)
     7    0.10                           _021_ (net)
                  1.19    0.01    2.88 ^ _065_/D (sky130_fd_sc_hd__and4_2)
                  0.16    0.48    3.36 ^ _065_/X (sky130_fd_sc_hd__and4_2)
     1    0.03                           _027_ (net)
                  0.16    0.00    3.36 ^ _066_/A (sky130_fd_sc_hd__buf_1)
                  1.08    0.86    4.22 ^ _066_/X (sky130_fd_sc_hd__buf_1)
     6    0.09                           _028_ (net)
                  1.08    0.02    4.24 ^ _073_/D (sky130_fd_sc_hd__and4_2)
                  0.43    0.69    4.93 ^ _073_/X (sky130_fd_sc_hd__and4_2)
     5    0.08                           _032_ (net)
                  0.43    0.01    4.93 ^ _079_/C (sky130_fd_sc_hd__and3_2)
                  0.18    0.38    5.31 ^ _079_/X (sky130_fd_sc_hd__and3_2)
     1    0.03                           _036_ (net)
                  0.18    0.01    5.32 ^ _080_/A (sky130_fd_sc_hd__buf_1)
                  1.17    0.93    6.25 ^ _080_/X (sky130_fd_sc_hd__buf_1)
     9    0.10                           _037_ (net)
                  1.18    0.02    6.27 ^ _088_/A2 (sky130_fd_sc_hd__a31o_2)
                  0.22    0.46    6.73 ^ _088_/X (sky130_fd_sc_hd__a31o_2)
     1    0.04                           _042_ (net)
                  0.22    0.01    6.73 ^ _090_/A_N (sky130_fd_sc_hd__and2b_2)
                  0.14    0.37    7.10 v _090_/X (sky130_fd_sc_hd__and2b_2)
     1    0.05                           _044_ (net)
                  0.14    0.02    7.12 v _091_/A (sky130_fd_sc_hd__buf_1)
                  0.09    0.19    7.31 v _091_/X (sky130_fd_sc_hd__buf_1)
     1    0.02                           _014_ (net)
                  0.09    0.00    7.31 v _110_/D (sky130_fd_sc_hd__dfxtp_2)
                                  7.31   data arrival time

                         10.00   10.00   clock clk (rise edge)
                          0.00   10.00   clock source latency
                  0.20    0.13   10.13 ^ clk (in)
     1    0.04                           clk (net)
                  0.20    0.00   10.13 ^ clkbuf_0_clk/A (sky130_fd_sc_hd__clkbuf_16)
                  0.05    0.18   10.31 ^ clkbuf_0_clk/X (sky130_fd_sc_hd__clkbuf_16)
     2    0.03                           clknet_0_clk (net)
                  0.05    0.00   10.31 ^ clkbuf_1_0__f_clk/A (sky130_fd_sc_hd__clkbuf_16)
                  0.09    0.16   10.47 ^ clkbuf_1_0__f_clk/X (sky130_fd_sc_hd__clkbuf_16)
     9    0.07                           clknet_1_0__leaf_clk (net)
                  0.09    0.00   10.47 ^ _110_/CLK (sky130_fd_sc_hd__dfxtp_2)
                         -0.25   10.22   clock uncertainty
                          0.05   10.27   clock reconvergence pessimism
                         -0.12   10.15   library setup time
                                 10.15   data required time
-----------------------------------------------------------------------------
                                 10.15   data required time
                                 -7.31   data arrival time
-----------------------------------------------------------------------------
                                  2.83   slack (MET)


Startpoint: _096_ (rising edge-triggered flip-flop clocked by clk)
Endpoint: _109_ (rising edge-triggered flip-flop clocked by clk)
Path Group: clk
Path Type: max

Fanout     Cap    Slew   Delay    Time   Description
-----------------------------------------------------------------------------
                          0.00    0.00   clock clk (rise edge)
                          0.00    0.00   clock source latency
                  0.20    0.15    0.15 ^ clk (in)
     1    0.04                           clk (net)
                  0.20    0.00    0.15 ^ clkbuf_0_clk/A (sky130_fd_sc_hd__clkbuf_16)
                  0.05    0.20    0.35 ^ clkbuf_0_clk/X (sky130_fd_sc_hd__clkbuf_16)
     2    0.03                           clknet_0_clk (net)
                  0.05    0.00    0.35 ^ clkbuf_1_0__f_clk/A (sky130_fd_sc_hd__clkbuf_16)
                  0.09    0.18    0.52 ^ clkbuf_1_0__f_clk/X (sky130_fd_sc_hd__clkbuf_16)
     9    0.07                           clknet_1_0__leaf_clk (net)
                  0.09    0.00    0.52 ^ _096_/CLK (sky130_fd_sc_hd__dfxtp_2)
                  0.71    0.83    1.35 ^ _096_/Q (sky130_fd_sc_hd__dfxtp_2)
     7    0.14                           pc_out[0] (net)
                  0.72    0.01    1.36 ^ _055_/A (sky130_fd_sc_hd__and4_2)
                  0.22    0.54    1.90 ^ _055_/X (sky130_fd_sc_hd__and4_2)
     1    0.04                           _020_ (net)
                  0.22    0.01    1.91 ^ _056_/A (sky130_fd_sc_hd__buf_1)
                  1.19    0.95    2.86 ^ _056_/X (sky130_fd_sc_hd__buf_1)
     7    0.10                           _021_ (net)
                  1.19    0.01    2.88 ^ _065_/D (sky130_fd_sc_hd__and4_2)
                  0.16    0.48    3.36 ^ _065_/X (sky130_fd_sc_hd__and4_2)
     1    0.03                           _027_ (net)
                  0.16    0.00    3.36 ^ _066_/A (sky130_fd_sc_hd__buf_1)
                  1.08    0.86    4.22 ^ _066_/X (sky130_fd_sc_hd__buf_1)
     6    0.09                           _028_ (net)
                  1.08    0.02    4.24 ^ _073_/D (sky130_fd_sc_hd__and4_2)
                  0.43    0.69    4.93 ^ _073_/X (sky130_fd_sc_hd__and4_2)
     5    0.08                           _032_ (net)
                  0.43    0.01    4.93 ^ _079_/C (sky130_fd_sc_hd__and3_2)
                  0.18    0.38    5.31 ^ _079_/X (sky130_fd_sc_hd__and3_2)
     1    0.03                           _036_ (net)
                  0.18    0.01    5.32 ^ _080_/A (sky130_fd_sc_hd__buf_1)
                  1.17    0.93    6.25 ^ _080_/X (sky130_fd_sc_hd__buf_1)
     9    0.10                           _037_ (net)
                  1.17    0.00    6.25 ^ _085_/B (sky130_fd_sc_hd__nand2_2)
                  0.28    0.36    6.61 v _085_/Y (sky130_fd_sc_hd__nand2_2)
     1    0.04                           _040_ (net)
                  0.28    0.01    6.61 v _087_/A2 (sky130_fd_sc_hd__a221oi_2)
                  0.49    0.59    7.20 ^ _087_/Y (sky130_fd_sc_hd__a221oi_2)
     1    0.02                           _013_ (net)
                  0.49    0.00    7.20 ^ _109_/D (sky130_fd_sc_hd__dfxtp_2)
                                  7.20   data arrival time

                         10.00   10.00   clock clk (rise edge)
                          0.00   10.00   clock source latency
                  0.20    0.13   10.13 ^ clk (in)
     1    0.04                           clk (net)
                  0.20    0.00   10.13 ^ clkbuf_0_clk/A (sky130_fd_sc_hd__clkbuf_16)
                  0.05    0.18   10.31 ^ clkbuf_0_clk/X (sky130_fd_sc_hd__clkbuf_16)
     2    0.03                           clknet_0_clk (net)
                  0.05    0.00   10.31 ^ clkbuf_1_0__f_clk/A (sky130_fd_sc_hd__clkbuf_16)
                  0.09    0.16   10.47 ^ clkbuf_1_0__f_clk/X (sky130_fd_sc_hd__clkbuf_16)
     9    0.07                           clknet_1_0__leaf_clk (net)
                  0.09    0.00   10.47 ^ _109_/CLK (sky130_fd_sc_hd__dfxtp_2)
                         -0.25   10.22   clock uncertainty
                          0.05   10.27   clock reconvergence pessimism
                         -0.16   10.12   library setup time
                                 10.12   data required time
-----------------------------------------------------------------------------
                                 10.12   data required time
                                 -7.20   data arrival time
-----------------------------------------------------------------------------
                                  2.91   slack (MET)


Startpoint: _096_ (rising edge-triggered flip-flop clocked by clk)
Endpoint: _108_ (rising edge-triggered flip-flop clocked by clk)
Path Group: clk
Path Type: max

Fanout     Cap    Slew   Delay    Time   Description
-----------------------------------------------------------------------------
                          0.00    0.00   clock clk (rise edge)
                          0.00    0.00   clock source latency
                  0.20    0.15    0.15 ^ clk (in)
     1    0.04                           clk (net)
                  0.20    0.00    0.15 ^ clkbuf_0_clk/A (sky130_fd_sc_hd__clkbuf_16)
                  0.05    0.20    0.35 ^ clkbuf_0_clk/X (sky130_fd_sc_hd__clkbuf_16)
     2    0.03                           clknet_0_clk (net)
                  0.05    0.00    0.35 ^ clkbuf_1_0__f_clk/A (sky130_fd_sc_hd__clkbuf_16)
                  0.09    0.18    0.52 ^ clkbuf_1_0__f_clk/X (sky130_fd_sc_hd__clkbuf_16)
     9    0.07                           clknet_1_0__leaf_clk (net)
                  0.09    0.00    0.52 ^ _096_/CLK (sky130_fd_sc_hd__dfxtp_2)
                  0.71    0.83    1.35 ^ _096_/Q (sky130_fd_sc_hd__dfxtp_2)
     7    0.14                           pc_out[0] (net)
                  0.72    0.01    1.36 ^ _055_/A (sky130_fd_sc_hd__and4_2)
                  0.22    0.54    1.90 ^ _055_/X (sky130_fd_sc_hd__and4_2)
     1    0.04                           _020_ (net)
                  0.22    0.01    1.91 ^ _056_/A (sky130_fd_sc_hd__buf_1)
                  1.19    0.95    2.86 ^ _056_/X (sky130_fd_sc_hd__buf_1)
     7    0.10                           _021_ (net)
                  1.19    0.01    2.88 ^ _065_/D (sky130_fd_sc_hd__and4_2)
                  0.16    0.48    3.36 ^ _065_/X (sky130_fd_sc_hd__and4_2)
     1    0.03                           _027_ (net)
                  0.16    0.00    3.36 ^ _066_/A (sky130_fd_sc_hd__buf_1)
                  1.08    0.86    4.22 ^ _066_/X (sky130_fd_sc_hd__buf_1)
     6    0.09                           _028_ (net)
                  1.08    0.02    4.24 ^ _073_/D (sky130_fd_sc_hd__and4_2)
                  0.43    0.69    4.93 ^ _073_/X (sky130_fd_sc_hd__and4_2)
     5    0.08                           _032_ (net)
                  0.43    0.01    4.93 ^ _079_/C (sky130_fd_sc_hd__and3_2)
                  0.18    0.38    5.31 ^ _079_/X (sky130_fd_sc_hd__and3_2)
     1    0.03                           _036_ (net)
                  0.18    0.01    5.32 ^ _080_/A (sky130_fd_sc_hd__buf_1)
                  1.17    0.93    6.25 ^ _080_/X (sky130_fd_sc_hd__buf_1)
     9    0.10                           _037_ (net)
                  1.17    0.00    6.25 ^ _082_/A2 (sky130_fd_sc_hd__a21oi_2)
                  0.33    0.44    6.69 v _082_/Y (sky130_fd_sc_hd__a21oi_2)
     1    0.06                           _038_ (net)
                  0.34    0.02    6.71 v _083_/B1 (sky130_fd_sc_hd__o21a_2)
                  0.09    0.31    7.01 v _083_/X (sky130_fd_sc_hd__o21a_2)
     1    0.03                           _012_ (net)
                  0.09    0.00    7.02 v _108_/D (sky130_fd_sc_hd__dfxtp_2)
                                  7.02   data arrival time

                         10.00   10.00   clock clk (rise edge)
                          0.00   10.00   clock source latency
                  0.20    0.13   10.13 ^ clk (in)
     1    0.04                           clk (net)
                  0.20    0.00   10.13 ^ clkbuf_0_clk/A (sky130_fd_sc_hd__clkbuf_16)
                  0.05    0.18   10.31 ^ clkbuf_0_clk/X (sky130_fd_sc_hd__clkbuf_16)
     2    0.03                           clknet_0_clk (net)
                  0.05    0.00   10.31 ^ clkbuf_1_1__f_clk/A (sky130_fd_sc_hd__clkbuf_16)
                  0.08    0.15   10.47 ^ clkbuf_1_1__f_clk/X (sky130_fd_sc_hd__clkbuf_16)
     7    0.06                           clknet_1_1__leaf_clk (net)
                  0.08    0.00   10.47 ^ _108_/CLK (sky130_fd_sc_hd__dfxtp_2)
                         -0.25   10.22   clock uncertainty
                          0.03   10.25   clock reconvergence pessimism
                         -0.13   10.13   library setup time
                                 10.13   data required time
-----------------------------------------------------------------------------
                                 10.13   data required time
                                 -7.02   data arrival time
-----------------------------------------------------------------------------
                                  3.11   slack (MET)


Startpoint: _096_ (rising edge-triggered flip-flop clocked by clk)
Endpoint: _107_ (rising edge-triggered flip-flop clocked by clk)
Path Group: clk
Path Type: max

Fanout     Cap    Slew   Delay    Time   Description
-----------------------------------------------------------------------------
                          0.00    0.00   clock clk (rise edge)
                          0.00    0.00   clock source latency
                  0.20    0.15    0.15 ^ clk (in)
     1    0.04                           clk (net)
                  0.20    0.00    0.15 ^ clkbuf_0_clk/A (sky130_fd_sc_hd__clkbuf_16)
                  0.05    0.20    0.35 ^ clkbuf_0_clk/X (sky130_fd_sc_hd__clkbuf_16)
     2    0.03                           clknet_0_clk (net)
                  0.05    0.00    0.35 ^ clkbuf_1_0__f_clk/A (sky130_fd_sc_hd__clkbuf_16)
                  0.09    0.18    0.52 ^ clkbuf_1_0__f_clk/X (sky130_fd_sc_hd__clkbuf_16)
     9    0.07                           clknet_1_0__leaf_clk (net)
                  0.09    0.00    0.52 ^ _096_/CLK (sky130_fd_sc_hd__dfxtp_2)
                  0.71    0.83    1.35 ^ _096_/Q (sky130_fd_sc_hd__dfxtp_2)
     7    0.14                           pc_out[0] (net)
                  0.72    0.01    1.36 ^ _055_/A (sky130_fd_sc_hd__and4_2)
                  0.22    0.54    1.90 ^ _055_/X (sky130_fd_sc_hd__and4_2)
     1    0.04                           _020_ (net)
                  0.22    0.01    1.91 ^ _056_/A (sky130_fd_sc_hd__buf_1)
                  1.19    0.95    2.86 ^ _056_/X (sky130_fd_sc_hd__buf_1)
     7    0.10                           _021_ (net)
                  1.19    0.01    2.88 ^ _065_/D (sky130_fd_sc_hd__and4_2)
                  0.16    0.48    3.36 ^ _065_/X (sky130_fd_sc_hd__and4_2)
     1    0.03                           _027_ (net)
                  0.16    0.00    3.36 ^ _066_/A (sky130_fd_sc_hd__buf_1)
                  1.08    0.86    4.22 ^ _066_/X (sky130_fd_sc_hd__buf_1)
     6    0.09                           _028_ (net)
                  1.08    0.02    4.24 ^ _073_/D (sky130_fd_sc_hd__and4_2)
                  0.43    0.69    4.93 ^ _073_/X (sky130_fd_sc_hd__and4_2)
     5    0.08                           _032_ (net)
                  0.43    0.01    4.93 ^ _079_/C (sky130_fd_sc_hd__and3_2)
                  0.18    0.38    5.31 ^ _079_/X (sky130_fd_sc_hd__and3_2)
     1    0.03                           _036_ (net)
                  0.18    0.01    5.32 ^ _080_/A (sky130_fd_sc_hd__buf_1)
                  1.17    0.93    6.25 ^ _080_/X (sky130_fd_sc_hd__buf_1)
     9    0.10                           _037_ (net)
                  1.18    0.03    6.27 ^ _081_/C (sky130_fd_sc_hd__nor3_2)
                  0.27    0.21    6.49 v _081_/Y (sky130_fd_sc_hd__nor3_2)
     1    0.02                           _011_ (net)
                  0.27    0.00    6.49 v _107_/D (sky130_fd_sc_hd__dfxtp_2)
                                  6.49   data arrival time

                         10.00   10.00   clock clk (rise edge)
                          0.00   10.00   clock source latency
                  0.20    0.13   10.13 ^ clk (in)
     1    0.04                           clk (net)
                  0.20    0.00   10.13 ^ clkbuf_0_clk/A (sky130_fd_sc_hd__clkbuf_16)
                  0.05    0.18   10.31 ^ clkbuf_0_clk/X (sky130_fd_sc_hd__clkbuf_16)
     2    0.03                           clknet_0_clk (net)
                  0.05    0.00   10.31 ^ clkbuf_1_0__f_clk/A (sky130_fd_sc_hd__clkbuf_16)
                  0.09    0.16   10.47 ^ clkbuf_1_0__f_clk/X (sky130_fd_sc_hd__clkbuf_16)
     9    0.07                           clknet_1_0__leaf_clk (net)
                  0.09    0.00   10.47 ^ _107_/CLK (sky130_fd_sc_hd__dfxtp_2)
                         -0.25   10.22   clock uncertainty
                          0.05   10.27   clock reconvergence pessimism
                         -0.20   10.07   library setup time
                                 10.07   data required time
-----------------------------------------------------------------------------
                                 10.07   data required time
                                 -6.49   data arrival time
-----------------------------------------------------------------------------
                                  3.58   slack (MET)


Startpoint: _096_ (rising edge-triggered flip-flop clocked by clk)
Endpoint: _106_ (rising edge-triggered flip-flop clocked by clk)
Path Group: clk
Path Type: max

Fanout     Cap    Slew   Delay    Time   Description
-----------------------------------------------------------------------------
                          0.00    0.00   clock clk (rise edge)
                          0.00    0.00   clock source latency
                  0.20    0.15    0.15 ^ clk (in)
     1    0.04                           clk (net)
                  0.20    0.00    0.15 ^ clkbuf_0_clk/A (sky130_fd_sc_hd__clkbuf_16)
                  0.05    0.20    0.35 ^ clkbuf_0_clk/X (sky130_fd_sc_hd__clkbuf_16)
     2    0.03                           clknet_0_clk (net)
                  0.05    0.00    0.35 ^ clkbuf_1_0__f_clk/A (sky130_fd_sc_hd__clkbuf_16)
                  0.09    0.18    0.52 ^ clkbuf_1_0__f_clk/X (sky130_fd_sc_hd__clkbuf_16)
     9    0.07                           clknet_1_0__leaf_clk (net)
                  0.09    0.00    0.52 ^ _096_/CLK (sky130_fd_sc_hd__dfxtp_2)
                  0.71    0.83    1.35 ^ _096_/Q (sky130_fd_sc_hd__dfxtp_2)
     7    0.14                           pc_out[0] (net)
                  0.72    0.01    1.36 ^ _055_/A (sky130_fd_sc_hd__and4_2)
                  0.22    0.54    1.90 ^ _055_/X (sky130_fd_sc_hd__and4_2)
     1    0.04                           _020_ (net)
                  0.22    0.01    1.91 ^ _056_/A (sky130_fd_sc_hd__buf_1)
                  1.19    0.95    2.86 ^ _056_/X (sky130_fd_sc_hd__buf_1)
     7    0.10                           _021_ (net)
                  1.19    0.01    2.88 ^ _065_/D (sky130_fd_sc_hd__and4_2)
                  0.16    0.48    3.36 ^ _065_/X (sky130_fd_sc_hd__and4_2)
     1    0.03                           _027_ (net)
                  0.16    0.00    3.36 ^ _066_/A (sky130_fd_sc_hd__buf_1)
                  1.08    0.86    4.22 ^ _066_/X (sky130_fd_sc_hd__buf_1)
     6    0.09                           _028_ (net)
                  1.08    0.02    4.24 ^ _073_/D (sky130_fd_sc_hd__and4_2)
                  0.43    0.69    4.93 ^ _073_/X (sky130_fd_sc_hd__and4_2)
     5    0.08                           _032_ (net)
                  0.43    0.01    4.93 ^ _076_/A2 (sky130_fd_sc_hd__a21oi_2)
                  0.26    0.17    5.10 v _076_/Y (sky130_fd_sc_hd__a21oi_2)
     1    0.02                           _034_ (net)
                  0.26    0.00    5.10 v _077_/B1 (sky130_fd_sc_hd__o21a_2)
                  0.11    0.30    5.40 v _077_/X (sky130_fd_sc_hd__o21a_2)
     1    0.04                           _010_ (net)
                  0.11    0.01    5.41 v _106_/D (sky130_fd_sc_hd__dfxtp_2)
                                  5.41   data arrival time

                         10.00   10.00   clock clk (rise edge)
                          0.00   10.00   clock source latency
                  0.20    0.13   10.13 ^ clk (in)
     1    0.04                           clk (net)
                  0.20    0.00   10.13 ^ clkbuf_0_clk/A (sky130_fd_sc_hd__clkbuf_16)
                  0.05    0.18   10.31 ^ clkbuf_0_clk/X (sky130_fd_sc_hd__clkbuf_16)
     2    0.03                           clknet_0_clk (net)
                  0.05    0.00   10.31 ^ clkbuf_1_1__f_clk/A (sky130_fd_sc_hd__clkbuf_16)
                  0.08    0.15   10.47 ^ clkbuf_1_1__f_clk/X (sky130_fd_sc_hd__clkbuf_16)
     7    0.06                           clknet_1_1__leaf_clk (net)
                  0.08    0.00   10.47 ^ _106_/CLK (sky130_fd_sc_hd__dfxtp_2)
                         -0.25   10.22   clock uncertainty
                          0.03   10.25   clock reconvergence pessimism
                         -0.13   10.12   library setup time
                                 10.12   data required time
-----------------------------------------------------------------------------
                                 10.12   data required time
                                 -5.41   data arrival time
-----------------------------------------------------------------------------
                                  4.71   slack (MET)


Startpoint: _096_ (rising edge-triggered flip-flop clocked by clk)
Endpoint: _105_ (rising edge-triggered flip-flop clocked by clk)
Path Group: clk
Path Type: max

Fanout     Cap    Slew   Delay    Time   Description
-----------------------------------------------------------------------------
                          0.00    0.00   clock clk (rise edge)
                          0.00    0.00   clock source latency
                  0.20    0.15    0.15 ^ clk (in)
     1    0.04                           clk (net)
                  0.20    0.00    0.15 ^ clkbuf_0_clk/A (sky130_fd_sc_hd__clkbuf_16)
                  0.05    0.20    0.35 ^ clkbuf_0_clk/X (sky130_fd_sc_hd__clkbuf_16)
     2    0.03                           clknet_0_clk (net)
                  0.05    0.00    0.35 ^ clkbuf_1_0__f_clk/A (sky130_fd_sc_hd__clkbuf_16)
                  0.09    0.18    0.52 ^ clkbuf_1_0__f_clk/X (sky130_fd_sc_hd__clkbuf_16)
     9    0.07                           clknet_1_0__leaf_clk (net)
                  0.09    0.00    0.52 ^ _096_/CLK (sky130_fd_sc_hd__dfxtp_2)
                  0.71    0.83    1.35 ^ _096_/Q (sky130_fd_sc_hd__dfxtp_2)
     7    0.14                           pc_out[0] (net)
                  0.72    0.01    1.36 ^ _055_/A (sky130_fd_sc_hd__and4_2)
                  0.22    0.54    1.90 ^ _055_/X (sky130_fd_sc_hd__and4_2)
     1    0.04                           _020_ (net)
                  0.22    0.01    1.91 ^ _056_/A (sky130_fd_sc_hd__buf_1)
                  1.19    0.95    2.86 ^ _056_/X (sky130_fd_sc_hd__buf_1)
     7    0.10                           _021_ (net)
                  1.19    0.01    2.88 ^ _065_/D (sky130_fd_sc_hd__and4_2)
                  0.16    0.48    3.36 ^ _065_/X (sky130_fd_sc_hd__and4_2)
     1    0.03                           _027_ (net)
                  0.16    0.00    3.36 ^ _066_/A (sky130_fd_sc_hd__buf_1)
                  1.08    0.86    4.22 ^ _066_/X (sky130_fd_sc_hd__buf_1)
     6    0.09                           _028_ (net)
                  1.08    0.02    4.24 ^ _073_/D (sky130_fd_sc_hd__and4_2)
                  0.43    0.69    4.93 ^ _073_/X (sky130_fd_sc_hd__and4_2)
     5    0.08                           _032_ (net)
                  0.43    0.01    4.93 ^ _074_/B (sky130_fd_sc_hd__nor2_2)
                  0.16    0.17    5.10 v _074_/Y (sky130_fd_sc_hd__nor2_2)
     1    0.03                           _033_ (net)
                  0.16    0.01    5.11 v _075_/B1 (sky130_fd_sc_hd__o21a_2)
                  0.08    0.22    5.33 v _075_/X (sky130_fd_sc_hd__o21a_2)
     1    0.02                           _009_ (net)
                  0.08    0.00    5.34 v _105_/D (sky130_fd_sc_hd__dfxtp_2)
                                  5.34   data arrival time

                         10.00   10.00   clock clk (rise edge)
                          0.00   10.00   clock source latency
                  0.20    0.13   10.13 ^ clk (in)
     1    0.04                           clk (net)
                  0.20    0.00   10.13 ^ clkbuf_0_clk/A (sky130_fd_sc_hd__clkbuf_16)
                  0.05    0.18   10.31 ^ clkbuf_0_clk/X (sky130_fd_sc_hd__clkbuf_16)
     2    0.03                           clknet_0_clk (net)
                  0.05    0.00   10.31 ^ clkbuf_1_0__f_clk/A (sky130_fd_sc_hd__clkbuf_16)
                  0.09    0.16   10.47 ^ clkbuf_1_0__f_clk/X (sky130_fd_sc_hd__clkbuf_16)
     9    0.07                           clknet_1_0__leaf_clk (net)
                  0.09    0.00   10.47 ^ _105_/CLK (sky130_fd_sc_hd__dfxtp_2)
                         -0.25   10.22   clock uncertainty
                          0.05   10.27   clock reconvergence pessimism
                         -0.12   10.15   library setup time
                                 10.15   data required time
-----------------------------------------------------------------------------
                                 10.15   data required time
                                 -5.34   data arrival time
-----------------------------------------------------------------------------
                                  4.82   slack (MET)


Startpoint: _096_ (rising edge-triggered flip-flop clocked by clk)
Endpoint: _104_ (rising edge-triggered flip-flop clocked by clk)
Path Group: clk
Path Type: max

Fanout     Cap    Slew   Delay    Time   Description
-----------------------------------------------------------------------------
                          0.00    0.00   clock clk (rise edge)
                          0.00    0.00   clock source latency
                  0.20    0.15    0.15 ^ clk (in)
     1    0.04                           clk (net)
                  0.20    0.00    0.15 ^ clkbuf_0_clk/A (sky130_fd_sc_hd__clkbuf_16)
                  0.05    0.20    0.35 ^ clkbuf_0_clk/X (sky130_fd_sc_hd__clkbuf_16)
     2    0.03                           clknet_0_clk (net)
                  0.05    0.00    0.35 ^ clkbuf_1_0__f_clk/A (sky130_fd_sc_hd__clkbuf_16)
                  0.09    0.18    0.52 ^ clkbuf_1_0__f_clk/X (sky130_fd_sc_hd__clkbuf_16)
     9    0.07                           clknet_1_0__leaf_clk (net)
                  0.09    0.00    0.52 ^ _096_/CLK (sky130_fd_sc_hd__dfxtp_2)
                  0.71    0.83    1.35 ^ _096_/Q (sky130_fd_sc_hd__dfxtp_2)
     7    0.14                           pc_out[0] (net)
                  0.72    0.01    1.36 ^ _055_/A (sky130_fd_sc_hd__and4_2)
                  0.22    0.54    1.90 ^ _055_/X (sky130_fd_sc_hd__and4_2)
     1    0.04                           _020_ (net)
                  0.22    0.01    1.91 ^ _056_/A (sky130_fd_sc_hd__buf_1)
                  1.19    0.95    2.86 ^ _056_/X (sky130_fd_sc_hd__buf_1)
     7    0.10                           _021_ (net)
                  1.19    0.01    2.88 ^ _065_/D (sky130_fd_sc_hd__and4_2)
                  0.16    0.48    3.36 ^ _065_/X (sky130_fd_sc_hd__and4_2)
     1    0.03                           _027_ (net)
                  0.16    0.00    3.36 ^ _066_/A (sky130_fd_sc_hd__buf_1)
                  1.08    0.86    4.22 ^ _066_/X (sky130_fd_sc_hd__buf_1)
     6    0.09                           _028_ (net)
                  1.08    0.02    4.25 ^ _071_/C (sky130_fd_sc_hd__and3_2)
                  0.33    0.56    4.81 ^ _071_/X (sky130_fd_sc_hd__and3_2)
     2    0.06                           _031_ (net)
                  0.33    0.01    4.82 ^ _072_/C (sky130_fd_sc_hd__nor3_2)
                  0.30    0.16    4.98 v _072_/Y (sky130_fd_sc_hd__nor3_2)
     1    0.03                           _008_ (net)
                  0.30    0.00    4.99 v _104_/D (sky130_fd_sc_hd__dfxtp_2)
                                  4.99   data arrival time

                         10.00   10.00   clock clk (rise edge)
                          0.00   10.00   clock source latency
                  0.20    0.13   10.13 ^ clk (in)
     1    0.04                           clk (net)
                  0.20    0.00   10.13 ^ clkbuf_0_clk/A (sky130_fd_sc_hd__clkbuf_16)
                  0.05    0.18   10.31 ^ clkbuf_0_clk/X (sky130_fd_sc_hd__clkbuf_16)
     2    0.03                           clknet_0_clk (net)
                  0.05    0.00   10.31 ^ clkbuf_1_0__f_clk/A (sky130_fd_sc_hd__clkbuf_16)
                  0.09    0.16   10.47 ^ clkbuf_1_0__f_clk/X (sky130_fd_sc_hd__clkbuf_16)
     9    0.07                           clknet_1_0__leaf_clk (net)
                  0.09    0.00   10.47 ^ _104_/CLK (sky130_fd_sc_hd__dfxtp_2)
                         -0.25   10.22   clock uncertainty
                          0.05   10.27   clock reconvergence pessimism
                         -0.21   10.06   library setup time
                                 10.06   data required time
-----------------------------------------------------------------------------
                                 10.06   data required time
                                 -4.99   data arrival time
-----------------------------------------------------------------------------
                                  5.07   slack (MET)


Startpoint: _096_ (rising edge-triggered flip-flop clocked by clk)
Endpoint: _103_ (rising edge-triggered flip-flop clocked by clk)
Path Group: clk
Path Type: max

Fanout     Cap    Slew   Delay    Time   Description
-----------------------------------------------------------------------------
                          0.00    0.00   clock clk (rise edge)
                          0.00    0.00   clock source latency
                  0.20    0.15    0.15 ^ clk (in)
     1    0.04                           clk (net)
                  0.20    0.00    0.15 ^ clkbuf_0_clk/A (sky130_fd_sc_hd__clkbuf_16)
                  0.05    0.20    0.35 ^ clkbuf_0_clk/X (sky130_fd_sc_hd__clkbuf_16)
     2    0.03                           clknet_0_clk (net)
                  0.05    0.00    0.35 ^ clkbuf_1_0__f_clk/A (sky130_fd_sc_hd__clkbuf_16)
                  0.09    0.18    0.52 ^ clkbuf_1_0__f_clk/X (sky130_fd_sc_hd__clkbuf_16)
     9    0.07                           clknet_1_0__leaf_clk (net)
                  0.09    0.00    0.52 ^ _096_/CLK (sky130_fd_sc_hd__dfxtp_2)
                  0.71    0.83    1.35 ^ _096_/Q (sky130_fd_sc_hd__dfxtp_2)
     7    0.14                           pc_out[0] (net)
                  0.72    0.01    1.36 ^ _055_/A (sky130_fd_sc_hd__and4_2)
                  0.22    0.54    1.90 ^ _055_/X (sky130_fd_sc_hd__and4_2)
     1    0.04                           _020_ (net)
                  0.22    0.01    1.91 ^ _056_/A (sky130_fd_sc_hd__buf_1)
                  1.19    0.95    2.86 ^ _056_/X (sky130_fd_sc_hd__buf_1)
     7    0.10                           _021_ (net)
                  1.19    0.01    2.88 ^ _065_/D (sky130_fd_sc_hd__and4_2)
                  0.16    0.48    3.36 ^ _065_/X (sky130_fd_sc_hd__and4_2)
     1    0.03                           _027_ (net)
                  0.16    0.00    3.36 ^ _066_/A (sky130_fd_sc_hd__buf_1)
                  1.08    0.86    4.22 ^ _066_/X (sky130_fd_sc_hd__buf_1)
     6    0.09                           _028_ (net)
                  1.08    0.00    4.22 ^ _068_/A2 (sky130_fd_sc_hd__a21oi_2)
                  0.35    0.35    4.57 v _068_/Y (sky130_fd_sc_hd__a21oi_2)
     1    0.04                           _029_ (net)
                  0.35    0.01    4.58 v _069_/B1 (sky130_fd_sc_hd__o21a_2)
                  0.09    0.31    4.89 v _069_/X (sky130_fd_sc_hd__o21a_2)
     1    0.03                           _007_ (net)
                  0.09    0.00    4.89 v _103_/D (sky130_fd_sc_hd__dfxtp_2)
                                  4.89   data arrival time

                         10.00   10.00   clock clk (rise edge)
                          0.00   10.00   clock source latency
                  0.20    0.13   10.13 ^ clk (in)
     1    0.04                           clk (net)
                  0.20    0.00   10.13 ^ clkbuf_0_clk/A (sky130_fd_sc_hd__clkbuf_16)
                  0.05    0.18   10.31 ^ clkbuf_0_clk/X (sky130_fd_sc_hd__clkbuf_16)
     2    0.03                           clknet_0_clk (net)
                  0.05    0.00   10.31 ^ clkbuf_1_0__f_clk/A (sky130_fd_sc_hd__clkbuf_16)
                  0.09    0.16   10.47 ^ clkbuf_1_0__f_clk/X (sky130_fd_sc_hd__clkbuf_16)
     9    0.07                           clknet_1_0__leaf_clk (net)
                  0.09    0.00   10.47 ^ _103_/CLK (sky130_fd_sc_hd__dfxtp_2)
                         -0.25   10.22   clock uncertainty
                          0.05   10.27   clock reconvergence pessimism
                         -0.12   10.15   library setup time
                                 10.15   data required time
-----------------------------------------------------------------------------
                                 10.15   data required time
                                 -4.89   data arrival time
-----------------------------------------------------------------------------
                                  5.25   slack (MET)


Startpoint: _096_ (rising edge-triggered flip-flop clocked by clk)
Endpoint: _102_ (rising edge-triggered flip-flop clocked by clk)
Path Group: clk
Path Type: max

Fanout     Cap    Slew   Delay    Time   Description
-----------------------------------------------------------------------------
                          0.00    0.00   clock clk (rise edge)
                          0.00    0.00   clock source latency
                  0.20    0.15    0.15 ^ clk (in)
     1    0.04                           clk (net)
                  0.20    0.00    0.15 ^ clkbuf_0_clk/A (sky130_fd_sc_hd__clkbuf_16)
                  0.05    0.20    0.35 ^ clkbuf_0_clk/X (sky130_fd_sc_hd__clkbuf_16)
     2    0.03                           clknet_0_clk (net)
                  0.05    0.00    0.35 ^ clkbuf_1_0__f_clk/A (sky130_fd_sc_hd__clkbuf_16)
                  0.09    0.18    0.52 ^ clkbuf_1_0__f_clk/X (sky130_fd_sc_hd__clkbuf_16)
     9    0.07                           clknet_1_0__leaf_clk (net)
                  0.09    0.00    0.52 ^ _096_/CLK (sky130_fd_sc_hd__dfxtp_2)
                  0.71    0.83    1.35 ^ _096_/Q (sky130_fd_sc_hd__dfxtp_2)
     7    0.14                           pc_out[0] (net)
                  0.72    0.01    1.36 ^ _055_/A (sky130_fd_sc_hd__and4_2)
                  0.22    0.54    1.90 ^ _055_/X (sky130_fd_sc_hd__and4_2)
     1    0.04                           _020_ (net)
                  0.22    0.01    1.91 ^ _056_/A (sky130_fd_sc_hd__buf_1)
                  1.19    0.95    2.86 ^ _056_/X (sky130_fd_sc_hd__buf_1)
     7    0.10                           _021_ (net)
                  1.19    0.01    2.88 ^ _065_/D (sky130_fd_sc_hd__and4_2)
                  0.16    0.48    3.36 ^ _065_/X (sky130_fd_sc_hd__and4_2)
     1    0.03                           _027_ (net)
                  0.16    0.00    3.36 ^ _066_/A (sky130_fd_sc_hd__buf_1)
                  1.08    0.86    4.22 ^ _066_/X (sky130_fd_sc_hd__buf_1)
     6    0.09                           _028_ (net)
                  1.08    0.02    4.24 ^ _067_/C (sky130_fd_sc_hd__nor3_2)
                  0.23    0.13    4.37 v _067_/Y (sky130_fd_sc_hd__nor3_2)
     1    0.01                           _006_ (net)
                  0.23    0.00    4.37 v _102_/D (sky130_fd_sc_hd__dfxtp_2)
                                  4.37   data arrival time

                         10.00   10.00   clock clk (rise edge)
                          0.00   10.00   clock source latency
                  0.20    0.13   10.13 ^ clk (in)
     1    0.04                           clk (net)
                  0.20    0.00   10.13 ^ clkbuf_0_clk/A (sky130_fd_sc_hd__clkbuf_16)
                  0.05    0.18   10.31 ^ clkbuf_0_clk/X (sky130_fd_sc_hd__clkbuf_16)
     2    0.03                           clknet_0_clk (net)
                  0.05    0.00   10.31 ^ clkbuf_1_1__f_clk/A (sky130_fd_sc_hd__clkbuf_16)
                  0.08    0.15   10.47 ^ clkbuf_1_1__f_clk/X (sky130_fd_sc_hd__clkbuf_16)
     7    0.06                           clknet_1_1__leaf_clk (net)
                  0.08    0.00   10.47 ^ _102_/CLK (sky130_fd_sc_hd__dfxtp_2)
                         -0.25   10.22   clock uncertainty
                          0.03   10.25   clock reconvergence pessimism
                         -0.19   10.07   library setup time
                                 10.07   data required time
-----------------------------------------------------------------------------
                                 10.07   data required time
                                 -4.37   data arrival time
-----------------------------------------------------------------------------
                                  5.69   slack (MET)


Startpoint: rst (input port clocked by clk)
Endpoint: _100_ (rising edge-triggered flip-flop clocked by clk)
Path Group: clk
Path Type: max

Fanout     Cap    Slew   Delay    Time   Description
-----------------------------------------------------------------------------
                          0.00    0.00   clock clk (rise edge)
                          0.00    0.00   clock network delay (propagated)
                          2.00    2.00 ^ input external delay
                  0.54    0.41    2.41 ^ rst (in)
     7    0.12                           rst (net)
                  0.54    0.00    2.41 ^ _048_/A (sky130_fd_sc_hd__buf_1)
                  1.51    1.21    3.61 ^ _048_/X (sky130_fd_sc_hd__buf_1)
    10    0.13                           _016_ (net)
                  1.51    0.02    3.64 ^ _059_/B1 (sky130_fd_sc_hd__a21oi_2)
                  0.27    0.17    3.80 v _059_/Y (sky130_fd_sc_hd__a21oi_2)
     1    0.02                           _023_ (net)
                  0.27    0.00    3.81 v _060_/B1 (sky130_fd_sc_hd__o21a_2)
                  0.11    0.30    4.11 v _060_/X (sky130_fd_sc_hd__o21a_2)
     1    0.04                           _004_ (net)
                  0.11    0.01    4.11 v _100_/D (sky130_fd_sc_hd__dfxtp_2)
                                  4.11   data arrival time

                         10.00   10.00   clock clk (rise edge)
                          0.00   10.00   clock source latency
                  0.20    0.13   10.13 ^ clk (in)
     1    0.04                           clk (net)
                  0.20    0.00   10.13 ^ clkbuf_0_clk/A (sky130_fd_sc_hd__clkbuf_16)
                  0.05    0.18   10.31 ^ clkbuf_0_clk/X (sky130_fd_sc_hd__clkbuf_16)
     2    0.03                           clknet_0_clk (net)
                  0.05    0.00   10.31 ^ clkbuf_1_0__f_clk/A (sky130_fd_sc_hd__clkbuf_16)
                  0.09    0.16   10.47 ^ clkbuf_1_0__f_clk/X (sky130_fd_sc_hd__clkbuf_16)
     9    0.07                           clknet_1_0__leaf_clk (net)
                  0.09    0.00   10.47 ^ _100_/CLK (sky130_fd_sc_hd__dfxtp_2)
                         -0.25   10.22   clock uncertainty
                          0.00   10.22   clock reconvergence pessimism
                         -0.13   10.09   library setup time
                                 10.09   data required time
-----------------------------------------------------------------------------
                                 10.09   data required time
                                 -4.11   data arrival time
-----------------------------------------------------------------------------
                                  5.98   slack (MET)


Startpoint: rst (input port clocked by clk)
Endpoint: _098_ (rising edge-triggered flip-flop clocked by clk)
Path Group: clk
Path Type: max

Fanout     Cap    Slew   Delay    Time   Description
-----------------------------------------------------------------------------
                          0.00    0.00   clock clk (rise edge)
                          0.00    0.00   clock network delay (propagated)
                          2.00    2.00 ^ input external delay
                  0.54    0.41    2.41 ^ rst (in)
     7    0.12                           rst (net)
                  0.54    0.00    2.41 ^ _048_/A (sky130_fd_sc_hd__buf_1)
                  1.51    1.21    3.61 ^ _048_/X (sky130_fd_sc_hd__buf_1)
    10    0.13                           _016_ (net)
                  1.51    0.00    3.62 ^ _054_/A (sky130_fd_sc_hd__nor3_2)
                  0.32    0.33    3.95 v _054_/Y (sky130_fd_sc_hd__nor3_2)
     1    0.03                           _002_ (net)
                  0.32    0.01    3.95 v _098_/D (sky130_fd_sc_hd__dfxtp_2)
                                  3.95   data arrival time

                         10.00   10.00   clock clk (rise edge)
                          0.00   10.00   clock source latency
                  0.20    0.13   10.13 ^ clk (in)
     1    0.04                           clk (net)
                  0.20    0.00   10.13 ^ clkbuf_0_clk/A (sky130_fd_sc_hd__clkbuf_16)
                  0.05    0.18   10.31 ^ clkbuf_0_clk/X (sky130_fd_sc_hd__clkbuf_16)
     2    0.03                           clknet_0_clk (net)
                  0.05    0.00   10.31 ^ clkbuf_1_0__f_clk/A (sky130_fd_sc_hd__clkbuf_16)
                  0.09    0.16   10.47 ^ clkbuf_1_0__f_clk/X (sky130_fd_sc_hd__clkbuf_16)
     9    0.07                           clknet_1_0__leaf_clk (net)
                  0.09    0.00   10.47 ^ _098_/CLK (sky130_fd_sc_hd__dfxtp_2)
                         -0.25   10.22   clock uncertainty
                          0.00   10.22   clock reconvergence pessimism
                         -0.22   10.00   library setup time
                                 10.00   data required time
-----------------------------------------------------------------------------
                                 10.00   data required time
                                 -3.95   data arrival time
-----------------------------------------------------------------------------
                                  6.05   slack (MET)


Startpoint: rst (input port clocked by clk)
Endpoint: _097_ (rising edge-triggered flip-flop clocked by clk)
Path Group: clk
Path Type: max

Fanout     Cap    Slew   Delay    Time   Description
-----------------------------------------------------------------------------
                          0.00    0.00   clock clk (rise edge)
                          0.00    0.00   clock network delay (propagated)
                          2.00    2.00 ^ input external delay
                  0.54    0.41    2.41 ^ rst (in)
     7    0.12                           rst (net)
                  0.54    0.00    2.41 ^ _048_/A (sky130_fd_sc_hd__buf_1)
                  1.51    1.21    3.61 ^ _048_/X (sky130_fd_sc_hd__buf_1)
    10    0.13                           _016_ (net)
                  1.51    0.01    3.62 ^ _050_/B1 (sky130_fd_sc_hd__a21oi_2)
                  0.25    0.12    3.74 v _050_/Y (sky130_fd_sc_hd__a21oi_2)
     1    0.01                           _017_ (net)
                  0.25    0.00    3.75 v _051_/B1 (sky130_fd_sc_hd__o21a_2)
                  0.06    0.24    3.98 v _051_/X (sky130_fd_sc_hd__o21a_2)
     1    0.01                           _001_ (net)
                  0.06    0.00    3.98 v _097_/D (sky130_fd_sc_hd__dfxtp_2)
                                  3.98   data arrival time

                         10.00   10.00   clock clk (rise edge)
                          0.00   10.00   clock source latency
                  0.20    0.13   10.13 ^ clk (in)
     1    0.04                           clk (net)
                  0.20    0.00   10.13 ^ clkbuf_0_clk/A (sky130_fd_sc_hd__clkbuf_16)
                  0.05    0.18   10.31 ^ clkbuf_0_clk/X (sky130_fd_sc_hd__clkbuf_16)
     2    0.03                           clknet_0_clk (net)
                  0.05    0.00   10.31 ^ clkbuf_1_1__f_clk/A (sky130_fd_sc_hd__clkbuf_16)
                  0.08    0.15   10.47 ^ clkbuf_1_1__f_clk/X (sky130_fd_sc_hd__clkbuf_16)
     7    0.06                           clknet_1_1__leaf_clk (net)
                  0.08    0.00   10.47 ^ _097_/CLK (sky130_fd_sc_hd__dfxtp_2)
                         -0.25   10.22   clock uncertainty
                          0.00   10.22   clock reconvergence pessimism
                         -0.11   10.11   library setup time
                                 10.11   data required time
-----------------------------------------------------------------------------
                                 10.11   data required time
                                 -3.98   data arrival time
-----------------------------------------------------------------------------
                                  6.12   slack (MET)


Startpoint: rst (input port clocked by clk)
Endpoint: _096_ (rising edge-triggered flip-flop clocked by clk)
Path Group: clk
Path Type: max

Fanout     Cap    Slew   Delay    Time   Description
-----------------------------------------------------------------------------
                          0.00    0.00   clock clk (rise edge)
                          0.00    0.00   clock network delay (propagated)
                          2.00    2.00 ^ input external delay
                  0.54    0.41    2.41 ^ rst (in)
     7    0.12                           rst (net)
                  0.54    0.00    2.41 ^ _048_/A (sky130_fd_sc_hd__buf_1)
                  1.51    1.21    3.61 ^ _048_/X (sky130_fd_sc_hd__buf_1)
    10    0.13                           _016_ (net)
                  1.51    0.02    3.64 ^ _049_/B (sky130_fd_sc_hd__nor2_2)
                  0.23    0.14    3.77 v _049_/Y (sky130_fd_sc_hd__nor2_2)
     1    0.01                           _000_ (net)
                  0.23    0.00    3.77 v _096_/D (sky130_fd_sc_hd__dfxtp_2)
                                  3.77   data arrival time

                         10.00   10.00   clock clk (rise edge)
                          0.00   10.00   clock source latency
                  0.20    0.13   10.13 ^ clk (in)
     1    0.04                           clk (net)
                  0.20    0.00   10.13 ^ clkbuf_0_clk/A (sky130_fd_sc_hd__clkbuf_16)
                  0.05    0.18   10.31 ^ clkbuf_0_clk/X (sky130_fd_sc_hd__clkbuf_16)
     2    0.03                           clknet_0_clk (net)
                  0.05    0.00   10.31 ^ clkbuf_1_0__f_clk/A (sky130_fd_sc_hd__clkbuf_16)
                  0.09    0.16   10.47 ^ clkbuf_1_0__f_clk/X (sky130_fd_sc_hd__clkbuf_16)
     9    0.07                           clknet_1_0__leaf_clk (net)
                  0.09    0.00   10.47 ^ _096_/CLK (sky130_fd_sc_hd__dfxtp_2)
                         -0.25   10.22   clock uncertainty
                          0.00   10.22   clock reconvergence pessimism
                         -0.18   10.04   library setup time
                                 10.04   data required time
-----------------------------------------------------------------------------
                                 10.04   data required time
                                 -3.77   data arrival time
-----------------------------------------------------------------------------
                                  6.26   slack (MET)


Startpoint: _096_ (rising edge-triggered flip-flop clocked by clk)
Endpoint: pc_out[0] (output port clocked by clk)
Path Group: clk
Path Type: max

Fanout     Cap    Slew   Delay    Time   Description
-----------------------------------------------------------------------------
                          0.00    0.00   clock clk (rise edge)
                          0.00    0.00   clock source latency
                  0.20    0.15    0.15 ^ clk (in)
     1    0.04                           clk (net)
                  0.20    0.00    0.15 ^ clkbuf_0_clk/A (sky130_fd_sc_hd__clkbuf_16)
                  0.05    0.20    0.35 ^ clkbuf_0_clk/X (sky130_fd_sc_hd__clkbuf_16)
     2    0.03                           clknet_0_clk (net)
                  0.05    0.00    0.35 ^ clkbuf_1_0__f_clk/A (sky130_fd_sc_hd__clkbuf_16)
                  0.09    0.18    0.52 ^ clkbuf_1_0__f_clk/X (sky130_fd_sc_hd__clkbuf_16)
     9    0.07                           clknet_1_0__leaf_clk (net)
                  0.09    0.00    0.52 ^ _096_/CLK (sky130_fd_sc_hd__dfxtp_2)
                  0.71    0.83    1.35 ^ _096_/Q (sky130_fd_sc_hd__dfxtp_2)
     7    0.14                           pc_out[0] (net)
                  0.72    0.05    1.40 ^ pc_out[0] (out)
                                  1.40   data arrival time

                         10.00   10.00   clock clk (rise edge)
                          0.00   10.00   clock network delay (propagated)
                         -0.25    9.75   clock uncertainty
                          0.00    9.75   clock reconvergence pessimism
                         -2.00    7.75   output external delay
                                  7.75   data required time
-----------------------------------------------------------------------------
                                  7.75   data required time
                                 -1.40   data arrival time
-----------------------------------------------------------------------------
                                  6.35   slack (MET)


Startpoint: _100_ (rising edge-triggered flip-flop clocked by clk)
Endpoint: pc_out[4] (output port clocked by clk)
Path Group: clk
Path Type: max

Fanout     Cap    Slew   Delay    Time   Description
-----------------------------------------------------------------------------
                          0.00    0.00   clock clk (rise edge)
                          0.00    0.00   clock source latency
                  0.20    0.15    0.15 ^ clk (in)
     1    0.04                           clk (net)
                  0.20    0.00    0.15 ^ clkbuf_0_clk/A (sky130_fd_sc_hd__clkbuf_16)
                  0.05    0.20    0.35 ^ clkbuf_0_clk/X (sky130_fd_sc_hd__clkbuf_16)
     2    0.03                           clknet_0_clk (net)
                  0.05    0.00    0.35 ^ clkbuf_1_0__f_clk/A (sky130_fd_sc_hd__clkbuf_16)
                  0.09    0.18    0.52 ^ clkbuf_1_0__f_clk/X (sky130_fd_sc_hd__clkbuf_16)
     9    0.07                           clknet_1_0__leaf_clk (net)
                  0.09    0.00    0.52 ^ _100_/CLK (sky130_fd_sc_hd__dfxtp_2)
                  0.69    0.82    1.34 ^ _100_/Q (sky130_fd_sc_hd__dfxtp_2)
     7    0.14                           pc_out[4] (net)
                  0.70    0.02    1.36 ^ pc_out[4] (out)
                                  1.36   data arrival time

                         10.00   10.00   clock clk (rise edge)
                          0.00   10.00   clock network delay (propagated)
                         -0.25    9.75   clock uncertainty
                          0.00    9.75   clock reconvergence pessimism
                         -2.00    7.75   output external delay
                                  7.75   data required time
-----------------------------------------------------------------------------
                                  7.75   data required time
                                 -1.36   data arrival time
-----------------------------------------------------------------------------
                                  6.39   slack (MET)


Startpoint: _103_ (rising edge-triggered flip-flop clocked by clk)
Endpoint: pc_out[7] (output port clocked by clk)
Path Group: clk
Path Type: max

Fanout     Cap    Slew   Delay    Time   Description
-----------------------------------------------------------------------------
                          0.00    0.00   clock clk (rise edge)
                          0.00    0.00   clock source latency
                  0.20    0.15    0.15 ^ clk (in)
     1    0.04                           clk (net)
                  0.20    0.00    0.15 ^ clkbuf_0_clk/A (sky130_fd_sc_hd__clkbuf_16)
                  0.05    0.20    0.35 ^ clkbuf_0_clk/X (sky130_fd_sc_hd__clkbuf_16)
     2    0.03                           clknet_0_clk (net)
                  0.05    0.00    0.35 ^ clkbuf_1_0__f_clk/A (sky130_fd_sc_hd__clkbuf_16)
                  0.09    0.18    0.52 ^ clkbuf_1_0__f_clk/X (sky130_fd_sc_hd__clkbuf_16)
     9    0.07                           clknet_1_0__leaf_clk (net)
                  0.09    0.00    0.52 ^ _103_/CLK (sky130_fd_sc_hd__dfxtp_2)
                  0.66    0.79    1.31 ^ _103_/Q (sky130_fd_sc_hd__dfxtp_2)
     6    0.13                           pc_out[7] (net)
                  0.66    0.03    1.34 ^ pc_out[7] (out)
                                  1.34   data arrival time

                         10.00   10.00   clock clk (rise edge)
                          0.00   10.00   clock network delay (propagated)
                         -0.25    9.75   clock uncertainty
                          0.00    9.75   clock reconvergence pessimism
                         -2.00    7.75   output external delay
                                  7.75   data required time
-----------------------------------------------------------------------------
                                  7.75   data required time
                                 -1.34   data arrival time
-----------------------------------------------------------------------------
                                  6.41   slack (MET)


Startpoint: _106_ (rising edge-triggered flip-flop clocked by clk)
Endpoint: pc_out[10] (output port clocked by clk)
Path Group: clk
Path Type: max

Fanout     Cap    Slew   Delay    Time   Description
-----------------------------------------------------------------------------
                          0.00    0.00   clock clk (rise edge)
                          0.00    0.00   clock source latency
                  0.20    0.15    0.15 ^ clk (in)
     1    0.04                           clk (net)
                  0.20    0.00    0.15 ^ clkbuf_0_clk/A (sky130_fd_sc_hd__clkbuf_16)
                  0.05    0.20    0.35 ^ clkbuf_0_clk/X (sky130_fd_sc_hd__clkbuf_16)
     2    0.03                           clknet_0_clk (net)
                  0.05    0.00    0.35 ^ clkbuf_1_1__f_clk/A (sky130_fd_sc_hd__clkbuf_16)
                  0.08    0.17    0.52 ^ clkbuf_1_1__f_clk/X (sky130_fd_sc_hd__clkbuf_16)
     7    0.06                           clknet_1_1__leaf_clk (net)
                  0.08    0.00    0.52 ^ _106_/CLK (sky130_fd_sc_hd__dfxtp_2)
                  0.64    0.75    1.27 ^ _106_/Q (sky130_fd_sc_hd__dfxtp_2)
     5    0.13                           pc_out[10] (net)
                  0.65    0.06    1.33 ^ pc_out[10] (out)
                                  1.33   data arrival time

                         10.00   10.00   clock clk (rise edge)
                          0.00   10.00   clock network delay (propagated)
                         -0.25    9.75   clock uncertainty
                          0.00    9.75   clock reconvergence pessimism
                         -2.00    7.75   output external delay
                                  7.75   data required time
-----------------------------------------------------------------------------
                                  7.75   data required time
                                 -1.33   data arrival time
-----------------------------------------------------------------------------
                                  6.42   slack (MET)


Startpoint: _097_ (rising edge-triggered flip-flop clocked by clk)
Endpoint: pc_out[1] (output port clocked by clk)
Path Group: clk
Path Type: max

Fanout     Cap    Slew   Delay    Time   Description
-----------------------------------------------------------------------------
                          0.00    0.00   clock clk (rise edge)
                          0.00    0.00   clock source latency
                  0.20    0.15    0.15 ^ clk (in)
     1    0.04                           clk (net)
                  0.20    0.00    0.15 ^ clkbuf_0_clk/A (sky130_fd_sc_hd__clkbuf_16)
                  0.05    0.20    0.35 ^ clkbuf_0_clk/X (sky130_fd_sc_hd__clkbuf_16)
     2    0.03                           clknet_0_clk (net)
                  0.05    0.00    0.35 ^ clkbuf_1_1__f_clk/A (sky130_fd_sc_hd__clkbuf_16)
                  0.08    0.17    0.52 ^ clkbuf_1_1__f_clk/X (sky130_fd_sc_hd__clkbuf_16)
     7    0.06                           clknet_1_1__leaf_clk (net)
                  0.08    0.00    0.52 ^ _097_/CLK (sky130_fd_sc_hd__dfxtp_2)
                  0.63    0.77    1.28 ^ _097_/Q (sky130_fd_sc_hd__dfxtp_2)
     6    0.13                           pc_out[1] (net)
                  0.63    0.03    1.32 ^ pc_out[1] (out)
                                  1.32   data arrival time

                         10.00   10.00   clock clk (rise edge)
                          0.00   10.00   clock network delay (propagated)
                         -0.25    9.75   clock uncertainty
                          0.00    9.75   clock reconvergence pessimism
                         -2.00    7.75   output external delay
                                  7.75   data required time
-----------------------------------------------------------------------------
                                  7.75   data required time
                                 -1.32   data arrival time
-----------------------------------------------------------------------------
                                  6.43   slack (MET)


Startpoint: _098_ (rising edge-triggered flip-flop clocked by clk)
Endpoint: pc_out[2] (output port clocked by clk)
Path Group: clk
Path Type: max

Fanout     Cap    Slew   Delay    Time   Description
-----------------------------------------------------------------------------
                          0.00    0.00   clock clk (rise edge)
                          0.00    0.00   clock source latency
                  0.20    0.15    0.15 ^ clk (in)
     1    0.04                           clk (net)
                  0.20    0.00    0.15 ^ clkbuf_0_clk/A (sky130_fd_sc_hd__clkbuf_16)
                  0.05    0.20    0.35 ^ clkbuf_0_clk/X (sky130_fd_sc_hd__clkbuf_16)
     2    0.03                           clknet_0_clk (net)
                  0.05    0.00    0.35 ^ clkbuf_1_0__f_clk/A (sky130_fd_sc_hd__clkbuf_16)
                  0.09    0.18    0.52 ^ clkbuf_1_0__f_clk/X (sky130_fd_sc_hd__clkbuf_16)
     9    0.07                           clknet_1_0__leaf_clk (net)
                  0.09    0.00    0.52 ^ _098_/CLK (sky130_fd_sc_hd__dfxtp_2)
                  0.56    0.72    1.25 ^ _098_/Q (sky130_fd_sc_hd__dfxtp_2)
     4    0.11                           pc_out[2] (net)
                  0.57    0.03    1.28 ^ pc_out[2] (out)
                                  1.28   data arrival time

                         10.00   10.00   clock clk (rise edge)
                          0.00   10.00   clock network delay (propagated)
                         -0.25    9.75   clock uncertainty
                          0.00    9.75   clock reconvergence pessimism
                         -2.00    7.75   output external delay
                                  7.75   data required time
-----------------------------------------------------------------------------
                                  7.75   data required time
                                 -1.28   data arrival time
-----------------------------------------------------------------------------
                                  6.47   slack (MET)


Startpoint: _108_ (rising edge-triggered flip-flop clocked by clk)
Endpoint: pc_out[12] (output port clocked by clk)
Path Group: clk
Path Type: max

Fanout     Cap    Slew   Delay    Time   Description
-----------------------------------------------------------------------------
                          0.00    0.00   clock clk (rise edge)
                          0.00    0.00   clock source latency
                  0.20    0.15    0.15 ^ clk (in)
     1    0.04                           clk (net)
                  0.20    0.00    0.15 ^ clkbuf_0_clk/A (sky130_fd_sc_hd__clkbuf_16)
                  0.05    0.20    0.35 ^ clkbuf_0_clk/X (sky130_fd_sc_hd__clkbuf_16)
     2    0.03                           clknet_0_clk (net)
                  0.05    0.00    0.35 ^ clkbuf_1_1__f_clk/A (sky130_fd_sc_hd__clkbuf_16)
                  0.08    0.17    0.52 ^ clkbuf_1_1__f_clk/X (sky130_fd_sc_hd__clkbuf_16)
     7    0.06                           clknet_1_1__leaf_clk (net)
                  0.08    0.00    0.52 ^ _108_/CLK (sky130_fd_sc_hd__dfxtp_2)
                  0.58    0.74    1.26 ^ _108_/Q (sky130_fd_sc_hd__dfxtp_2)
     5    0.12                           pc_out[12] (net)
                  0.58    0.01    1.27 ^ pc_out[12] (out)
                                  1.27   data arrival time

                         10.00   10.00   clock clk (rise edge)
                          0.00   10.00   clock network delay (propagated)
                         -0.25    9.75   clock uncertainty
                          0.00    9.75   clock reconvergence pessimism
                         -2.00    7.75   output external delay
                                  7.75   data required time
-----------------------------------------------------------------------------
                                  7.75   data required time
                                 -1.27   data arrival time
-----------------------------------------------------------------------------
                                  6.48   slack (MET)


Startpoint: _111_ (rising edge-triggered flip-flop clocked by clk)
Endpoint: pc_out[15] (output port clocked by clk)
Path Group: clk
Path Type: max

Fanout     Cap    Slew   Delay    Time   Description
-----------------------------------------------------------------------------
                          0.00    0.00   clock clk (rise edge)
                          0.00    0.00   clock source latency
                  0.20    0.15    0.15 ^ clk (in)
     1    0.04                           clk (net)
                  0.20    0.00    0.15 ^ clkbuf_0_clk/A (sky130_fd_sc_hd__clkbuf_16)
                  0.05    0.20    0.35 ^ clkbuf_0_clk/X (sky130_fd_sc_hd__clkbuf_16)
     2    0.03                           clknet_0_clk (net)
                  0.05    0.00    0.35 ^ clkbuf_1_1__f_clk/A (sky130_fd_sc_hd__clkbuf_16)
                  0.08    0.17    0.52 ^ clkbuf_1_1__f_clk/X (sky130_fd_sc_hd__clkbuf_16)
     7    0.06                           clknet_1_1__leaf_clk (net)
                  0.08    0.00    0.52 ^ _111_/CLK (sky130_fd_sc_hd__dfxtp_2)
                  0.54    0.69    1.21 ^ _111_/Q (sky130_fd_sc_hd__dfxtp_2)
     3    0.11                           pc_out[15] (net)
                  0.54    0.04    1.25 ^ pc_out[15] (out)
                                  1.25   data arrival time

                         10.00   10.00   clock clk (rise edge)
                          0.00   10.00   clock network delay (propagated)
                         -0.25    9.75   clock uncertainty
                          0.00    9.75   clock reconvergence pessimism
                         -2.00    7.75   output external delay
                                  7.75   data required time
-----------------------------------------------------------------------------
                                  7.75   data required time
                                 -1.25   data arrival time
-----------------------------------------------------------------------------
                                  6.50   slack (MET)


Startpoint: _109_ (rising edge-triggered flip-flop clocked by clk)
Endpoint: pc_out[13] (output port clocked by clk)
Path Group: clk
Path Type: max

Fanout     Cap    Slew   Delay    Time   Description
-----------------------------------------------------------------------------
                          0.00    0.00   clock clk (rise edge)
                          0.00    0.00   clock source latency
                  0.20    0.15    0.15 ^ clk (in)
     1    0.04                           clk (net)
                  0.20    0.00    0.15 ^ clkbuf_0_clk/A (sky130_fd_sc_hd__clkbuf_16)
                  0.05    0.20    0.35 ^ clkbuf_0_clk/X (sky130_fd_sc_hd__clkbuf_16)
     2    0.03                           clknet_0_clk (net)
                  0.05    0.00    0.35 ^ clkbuf_1_0__f_clk/A (sky130_fd_sc_hd__clkbuf_16)
                  0.09    0.18    0.52 ^ clkbuf_1_0__f_clk/X (sky130_fd_sc_hd__clkbuf_16)
     9    0.07                           clknet_1_0__leaf_clk (net)
                  0.09    0.00    0.52 ^ _109_/CLK (sky130_fd_sc_hd__dfxtp_2)
                  0.50    0.69    1.21 ^ _109_/Q (sky130_fd_sc_hd__dfxtp_2)
     3    0.10                           pc_out[13] (net)
                  0.50    0.01    1.22 ^ pc_out[13] (out)
                                  1.22   data arrival time

                         10.00   10.00   clock clk (rise edge)
                          0.00   10.00   clock network delay (propagated)
                         -0.25    9.75   clock uncertainty
                          0.00    9.75   clock reconvergence pessimism
                         -2.00    7.75   output external delay
                                  7.75   data required time
-----------------------------------------------------------------------------
                                  7.75   data required time
                                 -1.22   data arrival time
-----------------------------------------------------------------------------
                                  6.53   slack (MET)


Startpoint: _110_ (rising edge-triggered flip-flop clocked by clk)
Endpoint: pc_out[14] (output port clocked by clk)
Path Group: clk
Path Type: max

Fanout     Cap    Slew   Delay    Time   Description
-----------------------------------------------------------------------------
                          0.00    0.00   clock clk (rise edge)
                          0.00    0.00   clock source latency
                  0.20    0.15    0.15 ^ clk (in)
     1    0.04                           clk (net)
                  0.20    0.00    0.15 ^ clkbuf_0_clk/A (sky130_fd_sc_hd__clkbuf_16)
                  0.05    0.20    0.35 ^ clkbuf_0_clk/X (sky130_fd_sc_hd__clkbuf_16)
     2    0.03                           clknet_0_clk (net)
                  0.05    0.00    0.35 ^ clkbuf_1_0__f_clk/A (sky130_fd_sc_hd__clkbuf_16)
                  0.09    0.18    0.52 ^ clkbuf_1_0__f_clk/X (sky130_fd_sc_hd__clkbuf_16)
     9    0.07                           clknet_1_0__leaf_clk (net)
                  0.09    0.00    0.52 ^ _110_/CLK (sky130_fd_sc_hd__dfxtp_2)
                  0.49    0.67    1.20 ^ _110_/Q (sky130_fd_sc_hd__dfxtp_2)
     5    0.10                           pc_out[14] (net)
                  0.49    0.02    1.22 ^ pc_out[14] (out)
                                  1.22   data arrival time

                         10.00   10.00   clock clk (rise edge)
                          0.00   10.00   clock network delay (propagated)
                         -0.25    9.75   clock uncertainty
                          0.00    9.75   clock reconvergence pessimism
                         -2.00    7.75   output external delay
                                  7.75   data required time
-----------------------------------------------------------------------------
                                  7.75   data required time
                                 -1.22   data arrival time
-----------------------------------------------------------------------------
                                  6.53   slack (MET)


Startpoint: _104_ (rising edge-triggered flip-flop clocked by clk)
Endpoint: pc_out[8] (output port clocked by clk)
Path Group: clk
Path Type: max

Fanout     Cap    Slew   Delay    Time   Description
-----------------------------------------------------------------------------
                          0.00    0.00   clock clk (rise edge)
                          0.00    0.00   clock source latency
                  0.20    0.15    0.15 ^ clk (in)
     1    0.04                           clk (net)
                  0.20    0.00    0.15 ^ clkbuf_0_clk/A (sky130_fd_sc_hd__clkbuf_16)
                  0.05    0.20    0.35 ^ clkbuf_0_clk/X (sky130_fd_sc_hd__clkbuf_16)
     2    0.03                           clknet_0_clk (net)
                  0.05    0.00    0.35 ^ clkbuf_1_0__f_clk/A (sky130_fd_sc_hd__clkbuf_16)
                  0.09    0.18    0.52 ^ clkbuf_1_0__f_clk/X (sky130_fd_sc_hd__clkbuf_16)
     9    0.07                           clknet_1_0__leaf_clk (net)
                  0.09    0.00    0.52 ^ _104_/CLK (sky130_fd_sc_hd__dfxtp_2)
                  0.50    0.69    1.21 ^ _104_/Q (sky130_fd_sc_hd__dfxtp_2)
     4    0.10                           pc_out[8] (net)
                  0.50    0.01    1.22 ^ pc_out[8] (out)
                                  1.22   data arrival time

                         10.00   10.00   clock clk (rise edge)
                          0.00   10.00   clock network delay (propagated)
                         -0.25    9.75   clock uncertainty
                          0.00    9.75   clock reconvergence pessimism
                         -2.00    7.75   output external delay
                                  7.75   data required time
-----------------------------------------------------------------------------
                                  7.75   data required time
                                 -1.22   data arrival time
-----------------------------------------------------------------------------
                                  6.53   slack (MET)


Startpoint: _101_ (rising edge-triggered flip-flop clocked by clk)
Endpoint: pc_out[5] (output port clocked by clk)
Path Group: clk
Path Type: max

Fanout     Cap    Slew   Delay    Time   Description
-----------------------------------------------------------------------------
                          0.00    0.00   clock clk (rise edge)
                          0.00    0.00   clock source latency
                  0.20    0.15    0.15 ^ clk (in)
     1    0.04                           clk (net)
                  0.20    0.00    0.15 ^ clkbuf_0_clk/A (sky130_fd_sc_hd__clkbuf_16)
                  0.05    0.20    0.35 ^ clkbuf_0_clk/X (sky130_fd_sc_hd__clkbuf_16)
     2    0.03                           clknet_0_clk (net)
                  0.05    0.00    0.35 ^ clkbuf_1_1__f_clk/A (sky130_fd_sc_hd__clkbuf_16)
                  0.08    0.17    0.52 ^ clkbuf_1_1__f_clk/X (sky130_fd_sc_hd__clkbuf_16)
     7    0.06                           clknet_1_1__leaf_clk (net)
                  0.08    0.00    0.52 ^ _101_/CLK (sky130_fd_sc_hd__dfxtp_2)
                  0.50    0.68    1.19 ^ _101_/Q (sky130_fd_sc_hd__dfxtp_2)
     5    0.10                           pc_out[5] (net)
                  0.50    0.02    1.22 ^ pc_out[5] (out)
                                  1.22   data arrival time

                         10.00   10.00   clock clk (rise edge)
                          0.00   10.00   clock network delay (propagated)
                         -0.25    9.75   clock uncertainty
                          0.00    9.75   clock reconvergence pessimism
                         -2.00    7.75   output external delay
                                  7.75   data required time
-----------------------------------------------------------------------------
                                  7.75   data required time
                                 -1.22   data arrival time
-----------------------------------------------------------------------------
                                  6.53   slack (MET)


Startpoint: _099_ (rising edge-triggered flip-flop clocked by clk)
Endpoint: pc_out[3] (output port clocked by clk)
Path Group: clk
Path Type: max

Fanout     Cap    Slew   Delay    Time   Description
-----------------------------------------------------------------------------
                          0.00    0.00   clock clk (rise edge)
                          0.00    0.00   clock source latency
                  0.20    0.15    0.15 ^ clk (in)
     1    0.04                           clk (net)
                  0.20    0.00    0.15 ^ clkbuf_0_clk/A (sky130_fd_sc_hd__clkbuf_16)
                  0.05    0.20    0.35 ^ clkbuf_0_clk/X (sky130_fd_sc_hd__clkbuf_16)
     2    0.03                           clknet_0_clk (net)
                  0.05    0.00    0.35 ^ clkbuf_1_1__f_clk/A (sky130_fd_sc_hd__clkbuf_16)
                  0.08    0.17    0.52 ^ clkbuf_1_1__f_clk/X (sky130_fd_sc_hd__clkbuf_16)
     7    0.06                           clknet_1_1__leaf_clk (net)
                  0.08    0.00    0.52 ^ _099_/CLK (sky130_fd_sc_hd__dfxtp_2)
                  0.43    0.63    1.15 ^ _099_/Q (sky130_fd_sc_hd__dfxtp_2)
     3    0.09                           pc_out[3] (net)
                  0.43    0.02    1.17 ^ pc_out[3] (out)
                                  1.17   data arrival time

                         10.00   10.00   clock clk (rise edge)
                          0.00   10.00   clock network delay (propagated)
                         -0.25    9.75   clock uncertainty
                          0.00    9.75   clock reconvergence pessimism
                         -2.00    7.75   output external delay
                                  7.75   data required time
-----------------------------------------------------------------------------
                                  7.75   data required time
                                 -1.17   data arrival time
-----------------------------------------------------------------------------
                                  6.58   slack (MET)


Startpoint: _107_ (rising edge-triggered flip-flop clocked by clk)
Endpoint: pc_out[11] (output port clocked by clk)
Path Group: clk
Path Type: max

Fanout     Cap    Slew   Delay    Time   Description
-----------------------------------------------------------------------------
                          0.00    0.00   clock clk (rise edge)
                          0.00    0.00   clock source latency
                  0.20    0.15    0.15 ^ clk (in)
     1    0.04                           clk (net)
                  0.20    0.00    0.15 ^ clkbuf_0_clk/A (sky130_fd_sc_hd__clkbuf_16)
                  0.05    0.20    0.35 ^ clkbuf_0_clk/X (sky130_fd_sc_hd__clkbuf_16)
     2    0.03                           clknet_0_clk (net)
                  0.05    0.00    0.35 ^ clkbuf_1_0__f_clk/A (sky130_fd_sc_hd__clkbuf_16)
                  0.09    0.18    0.52 ^ clkbuf_1_0__f_clk/X (sky130_fd_sc_hd__clkbuf_16)
     9    0.07                           clknet_1_0__leaf_clk (net)
                  0.09    0.00    0.52 ^ _107_/CLK (sky130_fd_sc_hd__dfxtp_2)
                  0.42    0.62    1.15 ^ _107_/Q (sky130_fd_sc_hd__dfxtp_2)
     3    0.08                           pc_out[11] (net)
                  0.42    0.01    1.16 ^ pc_out[11] (out)
                                  1.16   data arrival time

                         10.00   10.00   clock clk (rise edge)
                          0.00   10.00   clock network delay (propagated)
                         -0.25    9.75   clock uncertainty
                          0.00    9.75   clock reconvergence pessimism
                         -2.00    7.75   output external delay
                                  7.75   data required time
-----------------------------------------------------------------------------
                                  7.75   data required time
                                 -1.16   data arrival time
-----------------------------------------------------------------------------
                                  6.59   slack (MET)


Startpoint: _102_ (rising edge-triggered flip-flop clocked by clk)
Endpoint: pc_out[6] (output port clocked by clk)
Path Group: clk
Path Type: max

Fanout     Cap    Slew   Delay    Time   Description
-----------------------------------------------------------------------------
                          0.00    0.00   clock clk (rise edge)
                          0.00    0.00   clock source latency
                  0.20    0.15    0.15 ^ clk (in)
     1    0.04                           clk (net)
                  0.20    0.00    0.15 ^ clkbuf_0_clk/A (sky130_fd_sc_hd__clkbuf_16)
                  0.05    0.20    0.35 ^ clkbuf_0_clk/X (sky130_fd_sc_hd__clkbuf_16)
     2    0.03                           clknet_0_clk (net)
                  0.05    0.00    0.35 ^ clkbuf_1_1__f_clk/A (sky130_fd_sc_hd__clkbuf_16)
                  0.08    0.17    0.52 ^ clkbuf_1_1__f_clk/X (sky130_fd_sc_hd__clkbuf_16)
     7    0.06                           clknet_1_1__leaf_clk (net)
                  0.08    0.00    0.52 ^ _102_/CLK (sky130_fd_sc_hd__dfxtp_2)
                  0.43    0.63    1.15 ^ _102_/Q (sky130_fd_sc_hd__dfxtp_2)
     3    0.09                           pc_out[6] (net)
                  0.43    0.01    1.16 ^ pc_out[6] (out)
                                  1.16   data arrival time

                         10.00   10.00   clock clk (rise edge)
                          0.00   10.00   clock network delay (propagated)
                         -0.25    9.75   clock uncertainty
                          0.00    9.75   clock reconvergence pessimism
                         -2.00    7.75   output external delay
                                  7.75   data required time
-----------------------------------------------------------------------------
                                  7.75   data required time
                                 -1.16   data arrival time
-----------------------------------------------------------------------------
                                  6.59   slack (MET)


Startpoint: _105_ (rising edge-triggered flip-flop clocked by clk)
Endpoint: pc_out[9] (output port clocked by clk)
Path Group: clk
Path Type: max

Fanout     Cap    Slew   Delay    Time   Description
-----------------------------------------------------------------------------
                          0.00    0.00   clock clk (rise edge)
                          0.00    0.00   clock source latency
                  0.20    0.15    0.15 ^ clk (in)
     1    0.04                           clk (net)
                  0.20    0.00    0.15 ^ clkbuf_0_clk/A (sky130_fd_sc_hd__clkbuf_16)
                  0.05    0.20    0.35 ^ clkbuf_0_clk/X (sky130_fd_sc_hd__clkbuf_16)
     2    0.03                           clknet_0_clk (net)
                  0.05    0.00    0.35 ^ clkbuf_1_0__f_clk/A (sky130_fd_sc_hd__clkbuf_16)
                  0.09    0.18    0.52 ^ clkbuf_1_0__f_clk/X (sky130_fd_sc_hd__clkbuf_16)
     9    0.07                           clknet_1_0__leaf_clk (net)
                  0.09    0.00    0.52 ^ _105_/CLK (sky130_fd_sc_hd__dfxtp_2)
                  0.36    0.58    1.11 ^ _105_/Q (sky130_fd_sc_hd__dfxtp_2)
     3    0.07                           pc_out[9] (net)
                  0.36    0.01    1.12 ^ pc_out[9] (out)
                                  1.12   data arrival time

                         10.00   10.00   clock clk (rise edge)
                          0.00   10.00   clock network delay (propagated)
                         -0.25    9.75   clock uncertainty
                          0.00    9.75   clock reconvergence pessimism
                         -2.00    7.75   output external delay
                                  7.75   data required time
-----------------------------------------------------------------------------
                                  7.75   data required time
                                 -1.12   data arrival time
-----------------------------------------------------------------------------
                                  6.63   slack (MET)


Startpoint: _096_ (rising edge-triggered flip-flop clocked by clk)
Endpoint: _099_ (rising edge-triggered flip-flop clocked by clk)
Path Group: clk
Path Type: max

Fanout     Cap    Slew   Delay    Time   Description
-----------------------------------------------------------------------------
                          0.00    0.00   clock clk (rise edge)
                          0.00    0.00   clock source latency
                  0.20    0.15    0.15 ^ clk (in)
     1    0.04                           clk (net)
                  0.20    0.00    0.15 ^ clkbuf_0_clk/A (sky130_fd_sc_hd__clkbuf_16)
                  0.05    0.20    0.35 ^ clkbuf_0_clk/X (sky130_fd_sc_hd__clkbuf_16)
     2    0.03                           clknet_0_clk (net)
                  0.05    0.00    0.35 ^ clkbuf_1_0__f_clk/A (sky130_fd_sc_hd__clkbuf_16)
                  0.09    0.18    0.52 ^ clkbuf_1_0__f_clk/X (sky130_fd_sc_hd__clkbuf_16)
     9    0.07                           clknet_1_0__leaf_clk (net)
                  0.09    0.00    0.52 ^ _096_/CLK (sky130_fd_sc_hd__dfxtp_2)
                  0.71    0.83    1.35 ^ _096_/Q (sky130_fd_sc_hd__dfxtp_2)
     7    0.14                           pc_out[0] (net)
                  0.72    0.01    1.36 ^ _055_/A (sky130_fd_sc_hd__and4_2)
                  0.22    0.54    1.90 ^ _055_/X (sky130_fd_sc_hd__and4_2)
     1    0.04                           _020_ (net)
                  0.22    0.01    1.91 ^ _056_/A (sky130_fd_sc_hd__buf_1)
                  1.19    0.95    2.86 ^ _056_/X (sky130_fd_sc_hd__buf_1)
     7    0.10                           _021_ (net)
                  1.19    0.01    2.87 ^ _057_/B (sky130_fd_sc_hd__nor2_2)
                  0.26    0.25    3.12 v _057_/Y (sky130_fd_sc_hd__nor2_2)
     1    0.03                           _022_ (net)
                  0.26    0.01    3.12 v _058_/B1 (sky130_fd_sc_hd__o21a_2)
                  0.06    0.25    3.37 v _058_/X (sky130_fd_sc_hd__o21a_2)
     1    0.01                           _003_ (net)
                  0.06    0.00    3.37 v _099_/D (sky130_fd_sc_hd__dfxtp_2)
                                  3.37   data arrival time

                         10.00   10.00   clock clk (rise edge)
                          0.00   10.00   clock source latency
                  0.20    0.13   10.13 ^ clk (in)
     1    0.04                           clk (net)
                  0.20    0.00   10.13 ^ clkbuf_0_clk/A (sky130_fd_sc_hd__clkbuf_16)
                  0.05    0.18   10.31 ^ clkbuf_0_clk/X (sky130_fd_sc_hd__clkbuf_16)
     2    0.03                           clknet_0_clk (net)
                  0.05    0.00   10.31 ^ clkbuf_1_1__f_clk/A (sky130_fd_sc_hd__clkbuf_16)
                  0.08    0.15   10.47 ^ clkbuf_1_1__f_clk/X (sky130_fd_sc_hd__clkbuf_16)
     7    0.06                           clknet_1_1__leaf_clk (net)
                  0.08    0.00   10.47 ^ _099_/CLK (sky130_fd_sc_hd__dfxtp_2)
                         -0.25   10.22   clock uncertainty
                          0.03   10.25   clock reconvergence pessimism
                         -0.11   10.14   library setup time
                                 10.14   data required time
-----------------------------------------------------------------------------
                                 10.14   data required time
                                 -3.37   data arrival time
-----------------------------------------------------------------------------
                                  6.77   slack (MET)


Startpoint: _096_ (rising edge-triggered flip-flop clocked by clk)
Endpoint: _101_ (rising edge-triggered flip-flop clocked by clk)
Path Group: clk
Path Type: max

Fanout     Cap    Slew   Delay    Time   Description
-----------------------------------------------------------------------------
                          0.00    0.00   clock clk (rise edge)
                          0.00    0.00   clock source latency
                  0.20    0.15    0.15 ^ clk (in)
     1    0.04                           clk (net)
                  0.20    0.00    0.15 ^ clkbuf_0_clk/A (sky130_fd_sc_hd__clkbuf_16)
                  0.05    0.20    0.35 ^ clkbuf_0_clk/X (sky130_fd_sc_hd__clkbuf_16)
     2    0.03                           clknet_0_clk (net)
                  0.05    0.00    0.35 ^ clkbuf_1_0__f_clk/A (sky130_fd_sc_hd__clkbuf_16)
                  0.09    0.18    0.52 ^ clkbuf_1_0__f_clk/X (sky130_fd_sc_hd__clkbuf_16)
     9    0.07                           clknet_1_0__leaf_clk (net)
                  0.09    0.00    0.52 ^ _096_/CLK (sky130_fd_sc_hd__dfxtp_2)
                  0.71    0.83    1.35 ^ _096_/Q (sky130_fd_sc_hd__dfxtp_2)
     7    0.14                           pc_out[0] (net)
                  0.72    0.01    1.36 ^ _055_/A (sky130_fd_sc_hd__and4_2)
                  0.22    0.54    1.90 ^ _055_/X (sky130_fd_sc_hd__and4_2)
     1    0.04                           _020_ (net)
                  0.22    0.01    1.91 ^ _056_/A (sky130_fd_sc_hd__buf_1)
                  1.19    0.95    2.86 ^ _056_/X (sky130_fd_sc_hd__buf_1)
     7    0.10                           _021_ (net)
                  1.19    0.01    2.87 ^ _062_/A3 (sky130_fd_sc_hd__a31o_2)
                  0.11    0.35    3.22 ^ _062_/X (sky130_fd_sc_hd__a31o_2)
     1    0.01                           _025_ (net)
                  0.11    0.00    3.22 ^ _063_/B (sky130_fd_sc_hd__nor2_2)
                  0.06    0.05    3.27 v _063_/Y (sky130_fd_sc_hd__nor2_2)
     1    0.01                           _005_ (net)
                  0.06    0.00    3.27 v _101_/D (sky130_fd_sc_hd__dfxtp_2)
                                  3.27   data arrival time

                         10.00   10.00   clock clk (rise edge)
                          0.00   10.00   clock source latency
                  0.20    0.13   10.13 ^ clk (in)
     1    0.04                           clk (net)
                  0.20    0.00   10.13 ^ clkbuf_0_clk/A (sky130_fd_sc_hd__clkbuf_16)
                  0.05    0.18   10.31 ^ clkbuf_0_clk/X (sky130_fd_sc_hd__clkbuf_16)
     2    0.03                           clknet_0_clk (net)
                  0.05    0.00   10.31 ^ clkbuf_1_1__f_clk/A (sky130_fd_sc_hd__clkbuf_16)
                  0.08    0.15   10.47 ^ clkbuf_1_1__f_clk/X (sky130_fd_sc_hd__clkbuf_16)
     7    0.06                           clknet_1_1__leaf_clk (net)
                  0.08    0.00   10.47 ^ _101_/CLK (sky130_fd_sc_hd__dfxtp_2)
                         -0.25   10.22   clock uncertainty
                          0.03   10.25   clock reconvergence pessimism
                         -0.11   10.14   library setup time
                                 10.14   data required time
-----------------------------------------------------------------------------
                                 10.14   data required time
                                 -3.27   data arrival time
-----------------------------------------------------------------------------
                                  6.87   slack (MET)



