OpenROAD 41a51eaf4ca2171c92ff38afb91eb37bbd3f36da 
This program is licensed under the BSD-3 license. See the LICENSE file for details.
Components of this program may be licensed under more restrictive licenses which must be honored.
Top-level design name: register_file
Block boundaries: 0 0 300000 300000
Horizontal Tracks Origin: 340, Count: 441, Step: 680
Vertical Tracks Origin: 230, Count: 652, Step: 460
Placement details for the #E side
Virtual pin count:  0
Actual pin count:  16
Total pin count:  16
Tracks count:  221
Tracks per pin:  13
Used tracks count:  196
Unused track count:  25
Starting track index:  12
Placement Map:
[340, 1700, 3060, 4420, 5780, 7140, 8500, 9860, 11220, 12580, 13940, 15300, [91m16660[0m, 18020, 19380, 20740, 22100, 23460, 24820, 26180, 27540, 28900, 30260, 31620, 32980, [91m34340[0m, 35700, 37060, 38420, 39780, 41140, 42500, 43860, 45220, 46580, 47940, 49300, 50660, [91m52020[0m, 53380, 54740, 56100, 57460, 58820, 60180, 61540, 62900, 64260, 65620, 66980, 68340, [91m69700[0m, 71060, 72420, 73780, 75140, 76500, 77860, 79220, 80580, 81940, 83300, 84660, 86020, [91m87380[0m, 88740, 90100, 91460, 92820, 94180, 95540, 96900, 98260, 99620, 100980, 102340, 103700, [91m105060[0m, 106420, 107780, 109140, 110500, 111860, 113220, 114580, 115940, 117300, 118660, 120020, 121380, [91m122740[0m, 124100, 125460, 126820, 128180, 129540, 130900, 132260, 133620, 134980, 136340, 137700, 139060, [91m140420[0m, 141780, 143140, 144500, 145860, 147220, 148580, 149940, 151300, 152660, 154020, 155380, 156740, [91m158100[0m, 159460, 160820, 162180, 163540, 164900, 166260, 167620, 168980, 170340, 171700, 173060, 174420, [91m175780[0m, 177140, 178500, 179860, 181220, 182580, 183940, 185300, 186660, 188020, 189380, 190740, 192100, [91m193460[0m, 194820, 196180, 197540, 198900, 200260, 201620, 202980, 204340, 205700, 207060, 208420, 209780, [91m211140[0m, 212500, 213860, 215220, 216580, 217940, 219300, 220660, 222020, 223380, 224740, 226100, 227460, [91m228820[0m, 230180, 231540, 232900, 234260, 235620, 236980, 238340, 239700, 241060, 242420, 243780, 245140, [91m246500[0m, 247860, 249220, 250580, 251940, 253300, 254660, 256020, 257380, 258740, 260100, 261460, 262820, [91m264180[0m, 265540, 266900, 268260, 269620, 270980, 272340, 273700, 275060, 276420, 277780, 279140, 280500, [91m281860[0m, 283220, 284580, 285940, 287300, 288660, 290020, 291380, 292740, 294100, 295460, 296820, 298180, 299540, ]
Indices of used tracks: [12, 25, 38, 51, 64, 77, 90, 103, 116, 129, 142, 155, 168, 181, 194, 207]
---
Placement details for the #W side
Virtual pin count:  0
Actual pin count:  35
Total pin count:  35
Tracks count:  221
Tracks per pin:  6
Used tracks count:  205
Unused track count:  16
Starting track index:  8
Placement Map:
[340, 1700, 3060, 4420, 5780, 7140, 8500, 9860, [91m11220[0m, 12580, 13940, 15300, 16660, 18020, [91m19380[0m, 20740, 22100, 23460, 24820, 26180, [91m27540[0m, 28900, 30260, 31620, 32980, 34340, [91m35700[0m, 37060, 38420, 39780, 41140, 42500, [91m43860[0m, 45220, 46580, 47940, 49300, 50660, [91m52020[0m, 53380, 54740, 56100, 57460, 58820, [91m60180[0m, 61540, 62900, 64260, 65620, 66980, [91m68340[0m, 69700, 71060, 72420, 73780, 75140, [91m76500[0m, 77860, 79220, 80580, 81940, 83300, [91m84660[0m, 86020, 87380, 88740, 90100, 91460, [91m92820[0m, 94180, 95540, 96900, 98260, 99620, [91m100980[0m, 102340, 103700, 105060, 106420, 107780, [91m109140[0m, 110500, 111860, 113220, 114580, 115940, [91m117300[0m, 118660, 120020, 121380, 122740, 124100, [91m125460[0m, 126820, 128180, 129540, 130900, 132260, [91m133620[0m, 134980, 136340, 137700, 139060, 140420, [91m141780[0m, 143140, 144500, 145860, 147220, 148580, [91m149940[0m, 151300, 152660, 154020, 155380, 156740, [91m158100[0m, 159460, 160820, 162180, 163540, 164900, [91m166260[0m, 167620, 168980, 170340, 171700, 173060, [91m174420[0m, 175780, 177140, 178500, 179860, 181220, [91m182580[0m, 183940, 185300, 186660, 188020, 189380, [91m190740[0m, 192100, 193460, 194820, 196180, 197540, [91m198900[0m, 200260, 201620, 202980, 204340, 205700, [91m207060[0m, 208420, 209780, 211140, 212500, 213860, [91m215220[0m, 216580, 217940, 219300, 220660, 222020, [91m223380[0m, 224740, 226100, 227460, 228820, 230180, [91m231540[0m, 232900, 234260, 235620, 236980, 238340, [91m239700[0m, 241060, 242420, 243780, 245140, 246500, [91m247860[0m, 249220, 250580, 251940, 253300, 254660, [91m256020[0m, 257380, 258740, 260100, 261460, 262820, [91m264180[0m, 265540, 266900, 268260, 269620, 270980, [91m272340[0m, 273700, 275060, 276420, 277780, 279140, [91m280500[0m, 281860, 283220, 284580, 285940, 287300, [91m288660[0m, 290020, 291380, 292740, 294100, 295460, 296820, 298180, 299540, ]
Indices of used tracks: [8, 14, 20, 26, 32, 38, 44, 50, 56, 62, 68, 74, 80, 86, 92, 98, 104, 110, 116, 122, 128, 134, 140, 146, 152, 158, 164, 170, 176, 182, 188, 194, 200, 206, 212]
---
