
===========================================================================
 report_power
============================================================================
======================= Fastest Corner ===================================

Group                  Internal  Switching    Leakage      Total
                          Power      Power      Power      Power (Watts)
----------------------------------------------------------------
Sequential             1.25e-03   2.89e-04   4.51e-09   1.54e-03  29.9%
Combinational          1.77e-03   1.83e-03   2.41e-08   3.60e-03  70.1%
Macro                  0.00e+00   0.00e+00   0.00e+00   0.00e+00   0.0%
Pad                    0.00e+00   0.00e+00   0.00e+00   0.00e+00   0.0%
----------------------------------------------------------------
Total                  3.03e-03   2.12e-03   2.86e-08   5.14e-03 100.0%
                          58.8%      41.2%       0.0%

======================= Slowest Corner ===================================

Group                  Internal  Switching    Leakage      Total
                          Power      Power      Power      Power (Watts)
----------------------------------------------------------------
Sequential             8.40e-04   1.94e-04   3.94e-06   1.04e-03  29.9%
Combinational          1.21e-03   1.21e-03   4.96e-06   2.43e-03  70.1%
Macro                  0.00e+00   0.00e+00   0.00e+00   0.00e+00   0.0%
Pad                    0.00e+00   0.00e+00   0.00e+00   0.00e+00   0.0%
----------------------------------------------------------------
Total                  2.05e-03   1.41e-03   8.90e-06   3.47e-03 100.0%
                          59.1%      40.6%       0.3%

======================= Typical Corner ===================================

Group                  Internal  Switching    Leakage      Total
                          Power      Power      Power      Power (Watts)
----------------------------------------------------------------
Sequential             1.08e-03   2.46e-04   2.16e-09   1.32e-03  30.2%
Combinational          1.50e-03   1.55e-03   1.65e-08   3.05e-03  69.8%
Macro                  0.00e+00   0.00e+00   0.00e+00   0.00e+00   0.0%
Pad                    0.00e+00   0.00e+00   0.00e+00   0.00e+00   0.0%
----------------------------------------------------------------
Total                  2.58e-03   1.80e-03   1.87e-08   4.38e-03 100.0%
                          59.0%      41.0%       0.0%

