
===========================================================================
 report_power
============================================================================
======================= Fastest Corner ===================================

Group                  Internal  Switching    Leakage      Total
                          Power      Power      Power      Power (Watts)
----------------------------------------------------------------
Sequential             0.00e+00   0.00e+00   0.00e+00   0.00e+00   0.0%
Combinational          4.54e-04   2.07e-03   1.84e-08   2.53e-03 100.0%
Macro                  0.00e+00   0.00e+00   0.00e+00   0.00e+00   0.0%
Pad                    0.00e+00   0.00e+00   0.00e+00   0.00e+00   0.0%
----------------------------------------------------------------
Total                  4.54e-04   2.07e-03   1.84e-08   2.53e-03 100.0%
                          18.0%      82.0%       0.0%

======================= Slowest Corner ===================================

Group                  Internal  Switching    Leakage      Total
                          Power      Power      Power      Power (Watts)
----------------------------------------------------------------
Sequential             0.00e+00   0.00e+00   0.00e+00   0.00e+00   0.0%
Combinational          2.95e-04   1.40e-03   4.88e-06   1.69e-03 100.0%
Macro                  0.00e+00   0.00e+00   0.00e+00   0.00e+00   0.0%
Pad                    0.00e+00   0.00e+00   0.00e+00   0.00e+00   0.0%
----------------------------------------------------------------
Total                  2.95e-04   1.40e-03   4.88e-06   1.69e-03 100.0%
                          17.4%      82.3%       0.3%

======================= Typical Corner ===================================

Group                  Internal  Switching    Leakage      Total
                          Power      Power      Power      Power (Watts)
----------------------------------------------------------------
Sequential             0.00e+00   0.00e+00   0.00e+00   0.00e+00   0.0%
Combinational          4.02e-04   1.77e-03   9.13e-09   2.17e-03 100.0%
Macro                  0.00e+00   0.00e+00   0.00e+00   0.00e+00   0.0%
Pad                    0.00e+00   0.00e+00   0.00e+00   0.00e+00   0.0%
----------------------------------------------------------------
Total                  4.02e-04   1.77e-03   9.13e-09   2.17e-03 100.0%
                          18.5%      81.5%       0.0%

