
===========================================================================
report_checks -unconstrained
===========================================================================
======================= Fastest Corner ===================================

Startpoint: B[0] (input port clocked by __VIRTUAL_CLK__)
Endpoint: Y[0] (output port clocked by __VIRTUAL_CLK__)
Path Group: __VIRTUAL_CLK__
Path Type: max
Corner: Fastest

Fanout     Cap    Slew   Delay    Time   Description
-----------------------------------------------------------------------------
                  0.00    0.00    0.00   clock __VIRTUAL_CLK__ (rise edge)
                          0.00    0.00   clock network delay (ideal)
                          2.00    2.00 ^ input external delay
                  0.02    0.01    2.01 ^ B[0] (in)
     1    0.00                           B[0] (net)
                  0.02    0.00    2.01 ^ input9/A (sky130_fd_sc_hd__buf_4)
                  0.21    0.20    2.20 ^ input9/X (sky130_fd_sc_hd__buf_4)
     3    0.10                           net9 (net)
                  0.22    0.02    2.22 ^ _0664_/B_N (sky130_fd_sc_hd__or2b_4)
                  0.11    0.26    2.49 v _0664_/X (sky130_fd_sc_hd__or2b_4)
     2    0.10                           _0374_ (net)
                  0.12    0.02    2.51 v _0665_/A2 (sky130_fd_sc_hd__a21oi_4)
                  0.56    0.48    3.00 ^ _0665_/Y (sky130_fd_sc_hd__a21oi_4)
     3    0.11                           _0385_ (net)
                  0.56    0.02    3.02 ^ _0667_/A2 (sky130_fd_sc_hd__o31a_4)
                  0.24    0.25    3.27 ^ _0667_/X (sky130_fd_sc_hd__o31a_4)
     4    0.11                           _0406_ (net)
                  0.25    0.03    3.30 ^ _0668_/B (sky130_fd_sc_hd__or2_4)
                  0.27    0.29    3.59 ^ _0668_/X (sky130_fd_sc_hd__or2_4)
     4    0.12                           _0417_ (net)
                  0.27    0.01    3.60 ^ _0676_/A2 (sky130_fd_sc_hd__a31o_4)
                  0.39    0.37    3.97 ^ _0676_/X (sky130_fd_sc_hd__a31o_4)
     6    0.16                           _0503_ (net)
                  0.39    0.04    4.00 ^ _0687_/D_N (sky130_fd_sc_hd__or4b_4)
                  0.12    0.38    4.38 v _0687_/X (sky130_fd_sc_hd__or4b_4)
     3    0.06                           _0619_ (net)
                  0.12    0.01    4.39 v _0690_/A3 (sky130_fd_sc_hd__a32o_4)
                  0.09    0.26    4.65 v _0690_/X (sky130_fd_sc_hd__a32o_4)
     3    0.06                           _0626_ (net)
                  0.09    0.01    4.66 v _0692_/A3 (sky130_fd_sc_hd__a31o_2)
                  0.10    0.26    4.91 v _0692_/X (sky130_fd_sc_hd__a31o_2)
     1    0.05                           _0628_ (net)
                  0.10    0.01    4.93 v _0693_/A2 (sky130_fd_sc_hd__a211oi_4)
                  0.38    0.39    5.32 ^ _0693_/Y (sky130_fd_sc_hd__a211oi_4)
     2    0.04                           _0629_ (net)
                  0.38    0.00    5.32 ^ wire53/A (sky130_fd_sc_hd__buf_2)
                  0.16    0.21    5.53 ^ wire53/X (sky130_fd_sc_hd__buf_2)
     3    0.04                           net53 (net)
                  0.16    0.01    5.53 ^ max_cap52/A (sky130_fd_sc_hd__clkbuf_2)
                  0.16    0.19    5.72 ^ max_cap52/X (sky130_fd_sc_hd__clkbuf_2)
     1    0.04                           net52 (net)
                  0.17    0.01    5.73 ^ _0701_/B (sky130_fd_sc_hd__nand3b_4)
                  0.24    0.21    5.95 v _0701_/Y (sky130_fd_sc_hd__nand3b_4)
     4    0.11                           _0637_ (net)
                  0.24    0.02    5.96 v _0706_/A2 (sky130_fd_sc_hd__a21o_4)
                  0.11    0.29    6.25 v _0706_/X (sky130_fd_sc_hd__a21o_4)
     3    0.10                           _0642_ (net)
                  0.12    0.03    6.28 v _0720_/B2 (sky130_fd_sc_hd__a22oi_4)
                  0.25    0.24    6.53 ^ _0720_/Y (sky130_fd_sc_hd__a22oi_4)
     2    0.06                           _0002_ (net)
                  0.25    0.00    6.53 ^ _0730_/A2 (sky130_fd_sc_hd__o31ai_4)
                  0.13    0.12    6.65 v _0730_/Y (sky130_fd_sc_hd__o31ai_4)
     2    0.05                           _0012_ (net)
                  0.13    0.01    6.66 v _0732_/A2 (sky130_fd_sc_hd__a21oi_4)
                  0.44    0.40    7.06 ^ _0732_/Y (sky130_fd_sc_hd__a21oi_4)
     3    0.08                           _0014_ (net)
                  0.44    0.01    7.07 ^ max_cap46/A (sky130_fd_sc_hd__buf_4)
                  0.13    0.18    7.25 ^ max_cap46/X (sky130_fd_sc_hd__buf_4)
     3    0.06                           net46 (net)
                  0.13    0.01    7.26 ^ _0733_/S (sky130_fd_sc_hd__mux2_8)
                  0.09    0.30    7.56 v _0733_/X (sky130_fd_sc_hd__mux2_8)
     3    0.09                           _0015_ (net)
                  0.10    0.01    7.58 v _0746_/B (sky130_fd_sc_hd__xnor2_1)
                  0.21    0.22    7.80 ^ _0746_/Y (sky130_fd_sc_hd__xnor2_1)
     1    0.01                           _0028_ (net)
                  0.21    0.00    7.80 ^ wire42/A (sky130_fd_sc_hd__buf_4)
                  0.23    0.23    8.03 ^ wire42/X (sky130_fd_sc_hd__buf_4)
     3    0.11                           net42 (net)
                  0.24    0.04    8.07 ^ _0763_/A1 (sky130_fd_sc_hd__a21o_4)
                  0.18    0.20    8.26 ^ _0763_/X (sky130_fd_sc_hd__a21o_4)
     2    0.09                           _0045_ (net)
                  0.19    0.03    8.29 ^ _0765_/A2 (sky130_fd_sc_hd__a21o_4)
                  0.35    0.31    8.60 ^ _0765_/X (sky130_fd_sc_hd__a21o_4)
     4    0.17                           _0047_ (net)
                  0.35    0.03    8.63 ^ _0776_/A1 (sky130_fd_sc_hd__a32oi_4)
                  0.22    0.21    8.84 v _0776_/Y (sky130_fd_sc_hd__a32oi_4)
     3    0.07                           _0058_ (net)
                  0.22    0.02    8.86 v _0780_/A2 (sky130_fd_sc_hd__a21oi_4)
                  0.28    0.33    9.19 ^ _0780_/Y (sky130_fd_sc_hd__a21oi_4)
     5    0.05                           _0062_ (net)
                  0.28    0.00    9.19 ^ max_cap39/A (sky130_fd_sc_hd__buf_4)
                  0.15    0.19    9.38 ^ max_cap39/X (sky130_fd_sc_hd__buf_4)
     4    0.07                           net39 (net)
                  0.15    0.02    9.39 ^ _0788_/A2 (sky130_fd_sc_hd__o21ba_4)
                  0.40    0.34    9.74 ^ _0788_/X (sky130_fd_sc_hd__o21ba_4)
     4    0.15                           _0070_ (net)
                  0.41    0.04    9.78 ^ _0789_/B (sky130_fd_sc_hd__xnor2_4)
                  0.20    0.19    9.97 v _0789_/Y (sky130_fd_sc_hd__xnor2_4)
     3    0.10                           _0071_ (net)
                  0.21    0.03   10.00 v _0825_/A (sky130_fd_sc_hd__nor2_2)
                  0.35    0.36   10.36 ^ _0825_/Y (sky130_fd_sc_hd__nor2_2)
     2    0.05                           _0107_ (net)
                  0.35    0.01   10.37 ^ _0835_/A4 (sky130_fd_sc_hd__a41o_4)
                  0.20    0.27   10.64 ^ _0835_/X (sky130_fd_sc_hd__a41o_4)
     3    0.09                           _0117_ (net)
                  0.20    0.03   10.67 ^ _0836_/B (sky130_fd_sc_hd__and2_1)
                  0.22    0.24   10.92 ^ _0836_/X (sky130_fd_sc_hd__and2_1)
     1    0.03                           _0118_ (net)
                  0.22    0.00   10.92 ^ _0837_/A (sky130_fd_sc_hd__buf_6)
                  0.25    0.24   11.16 ^ _0837_/X (sky130_fd_sc_hd__buf_6)
     8    0.17                           _0119_ (net)
                  0.25    0.02   11.18 ^ _0850_/S (sky130_fd_sc_hd__mux2_4)
                  0.23    0.28   11.47 ^ _0850_/X (sky130_fd_sc_hd__mux2_4)
     4    0.10                           _0132_ (net)
                  0.23    0.01   11.48 ^ _0851_/B1 (sky130_fd_sc_hd__o22a_2)
                  0.20    0.23   11.71 ^ _0851_/X (sky130_fd_sc_hd__o22a_2)
     1    0.05                           _0133_ (net)
                  0.20    0.01   11.72 ^ _0863_/A1 (sky130_fd_sc_hd__a21o_1)
                  0.26    0.25   11.97 ^ _0863_/X (sky130_fd_sc_hd__a21o_1)
     1    0.04                           _0145_ (net)
                  0.26    0.00   11.98 ^ _0871_/A2 (sky130_fd_sc_hd__a21o_1)
                  0.18    0.20   12.18 ^ _0871_/X (sky130_fd_sc_hd__a21o_1)
     1    0.03                           _0153_ (net)
                  0.18    0.00   12.18 ^ _0881_/A1 (sky130_fd_sc_hd__a21oi_2)
                  0.12    0.12   12.30 v _0881_/Y (sky130_fd_sc_hd__a21oi_2)
     2    0.04                           _0163_ (net)
                  0.12    0.01   12.31 v _0895_/A (sky130_fd_sc_hd__or4_2)
                  0.12    0.50   12.81 v _0895_/X (sky130_fd_sc_hd__or4_2)
     1    0.03                           _0177_ (net)
                  0.12    0.00   12.81 v _0896_/A (sky130_fd_sc_hd__buf_1)
                  0.04    0.12   12.93 v _0896_/X (sky130_fd_sc_hd__buf_1)
     1    0.01                           net20 (net)
                  0.04    0.00   12.93 v output20/A (sky130_fd_sc_hd__clkbuf_4)
                  0.06    0.13   13.06 v output20/X (sky130_fd_sc_hd__clkbuf_4)
     1    0.03                           Y[0] (net)
                  0.06    0.00   13.06 v Y[0] (out)
                                 13.06   data arrival time

                  0.00   10.00   10.00   clock __VIRTUAL_CLK__ (rise edge)
                          0.00   10.00   clock network delay (ideal)
                         -0.25    9.75   clock uncertainty
                          0.00    9.75   clock reconvergence pessimism
                         -2.00    7.75   output external delay
                                  7.75   data required time
-----------------------------------------------------------------------------
                                  7.75   data required time
                                -13.06   data arrival time
-----------------------------------------------------------------------------
                                 -5.31   slack (VIOLATED)



======================= Slowest Corner ===================================

Startpoint: B[0] (input port clocked by __VIRTUAL_CLK__)
Endpoint: Y[0] (output port clocked by __VIRTUAL_CLK__)
Path Group: __VIRTUAL_CLK__
Path Type: max
Corner: Slowest

Fanout     Cap    Slew   Delay    Time   Description
-----------------------------------------------------------------------------
                  0.00    0.00    0.00   clock __VIRTUAL_CLK__ (rise edge)
                          0.00    0.00   clock network delay (ideal)
                          2.00    2.00 ^ input external delay
                  0.04    0.02    2.02 ^ B[0] (in)
     1    0.00                           B[0] (net)
                  0.04    0.00    2.02 ^ input9/A (sky130_fd_sc_hd__buf_4)
                  0.45    0.48    2.50 ^ input9/X (sky130_fd_sc_hd__buf_4)
     3    0.10                           net9 (net)
                  0.45    0.02    2.52 ^ _0664_/B_N (sky130_fd_sc_hd__or2b_4)
                  0.27    0.90    3.42 v _0664_/X (sky130_fd_sc_hd__or2b_4)
     2    0.10                           _0374_ (net)
                  0.27    0.02    3.44 v _0665_/A2 (sky130_fd_sc_hd__a21oi_4)
                  1.18    1.12    4.56 ^ _0665_/Y (sky130_fd_sc_hd__a21oi_4)
     3    0.11                           _0385_ (net)
                  1.18    0.02    4.58 ^ _0667_/A2 (sky130_fd_sc_hd__o31a_4)
                  0.51    0.97    5.55 ^ _0667_/X (sky130_fd_sc_hd__o31a_4)
     4    0.11                           _0406_ (net)
                  0.51    0.03    5.58 ^ _0668_/B (sky130_fd_sc_hd__or2_4)
                  0.56    0.80    6.38 ^ _0668_/X (sky130_fd_sc_hd__or2_4)
     4    0.12                           _0417_ (net)
                  0.56    0.01    6.39 ^ _0676_/A2 (sky130_fd_sc_hd__a31o_4)
                  0.78    1.05    7.44 ^ _0676_/X (sky130_fd_sc_hd__a31o_4)
     6    0.16                           _0503_ (net)
                  0.78    0.04    7.48 ^ _0687_/D_N (sky130_fd_sc_hd__or4b_4)
                  0.30    1.43    8.91 v _0687_/X (sky130_fd_sc_hd__or4b_4)
     3    0.06                           _0619_ (net)
                  0.30    0.01    8.92 v _0690_/A3 (sky130_fd_sc_hd__a32o_4)
                  0.20    0.82    9.74 v _0690_/X (sky130_fd_sc_hd__a32o_4)
     3    0.06                           _0626_ (net)
                  0.20    0.01    9.74 v _0692_/A3 (sky130_fd_sc_hd__a31o_2)
                  0.26    0.73   10.47 v _0692_/X (sky130_fd_sc_hd__a31o_2)
     1    0.05                           _0628_ (net)
                  0.26    0.01   10.48 v _0693_/A2 (sky130_fd_sc_hd__a211oi_4)
                  0.83    0.95   11.43 ^ _0693_/Y (sky130_fd_sc_hd__a211oi_4)
     2    0.04                           _0629_ (net)
                  0.83    0.00   11.44 ^ wire53/A (sky130_fd_sc_hd__buf_2)
                  0.34    0.70   12.14 ^ wire53/X (sky130_fd_sc_hd__buf_2)
     3    0.04                           net53 (net)
                  0.34    0.01   12.15 ^ max_cap52/A (sky130_fd_sc_hd__clkbuf_2)
                  0.33    0.52   12.67 ^ max_cap52/X (sky130_fd_sc_hd__clkbuf_2)
     1    0.04                           net52 (net)
                  0.33    0.01   12.67 ^ _0701_/B (sky130_fd_sc_hd__nand3b_4)
                  0.75    0.75   13.43 v _0701_/Y (sky130_fd_sc_hd__nand3b_4)
     4    0.11                           _0637_ (net)
                  0.75    0.02   13.44 v _0706_/A2 (sky130_fd_sc_hd__a21o_4)
                  0.26    0.89   14.34 v _0706_/X (sky130_fd_sc_hd__a21o_4)
     3    0.10                           _0642_ (net)
                  0.26    0.04   14.37 v _0720_/B2 (sky130_fd_sc_hd__a22oi_4)
                  0.70    0.74   15.11 ^ _0720_/Y (sky130_fd_sc_hd__a22oi_4)
     2    0.06                           _0002_ (net)
                  0.70    0.00   15.11 ^ _0730_/A2 (sky130_fd_sc_hd__o31ai_4)
                  0.31    0.50   15.61 v _0730_/Y (sky130_fd_sc_hd__o31ai_4)
     2    0.05                           _0012_ (net)
                  0.31    0.01   15.62 v _0732_/A2 (sky130_fd_sc_hd__a21oi_4)
                  0.93    0.94   16.56 ^ _0732_/Y (sky130_fd_sc_hd__a21oi_4)
     3    0.08                           _0014_ (net)
                  0.93    0.01   16.57 ^ max_cap46/A (sky130_fd_sc_hd__buf_4)
                  0.28    0.70   17.27 ^ max_cap46/X (sky130_fd_sc_hd__buf_4)
     3    0.06                           net46 (net)
                  0.28    0.01   17.28 ^ _0733_/S (sky130_fd_sc_hd__mux2_8)
                  0.20    0.94   18.22 v _0733_/X (sky130_fd_sc_hd__mux2_8)
     3    0.09                           _0015_ (net)
                  0.20    0.01   18.24 v _0746_/B (sky130_fd_sc_hd__xnor2_1)
                  0.49    0.53   18.76 ^ _0746_/Y (sky130_fd_sc_hd__xnor2_1)
     1    0.01                           _0028_ (net)
                  0.49    0.00   18.77 ^ wire42/A (sky130_fd_sc_hd__buf_4)
                  0.48    0.70   19.46 ^ wire42/X (sky130_fd_sc_hd__buf_4)
     3    0.11                           net42 (net)
                  0.48    0.04   19.50 ^ _0763_/A1 (sky130_fd_sc_hd__a21o_4)
                  0.39    0.65   20.15 ^ _0763_/X (sky130_fd_sc_hd__a21o_4)
     2    0.09                           _0045_ (net)
                  0.39    0.03   20.18 ^ _0765_/A2 (sky130_fd_sc_hd__a21o_4)
                  0.72    0.86   21.04 ^ _0765_/X (sky130_fd_sc_hd__a21o_4)
     4    0.17                           _0047_ (net)
                  0.72    0.03   21.07 ^ _0776_/A1 (sky130_fd_sc_hd__a32oi_4)
                  0.57    0.78   21.85 v _0776_/Y (sky130_fd_sc_hd__a32oi_4)
     3    0.07                           _0058_ (net)
                  0.57    0.02   21.87 v _0780_/A2 (sky130_fd_sc_hd__a21oi_4)
                  0.59    0.80   22.67 ^ _0780_/Y (sky130_fd_sc_hd__a21oi_4)
     5    0.05                           _0062_ (net)
                  0.59    0.00   22.67 ^ max_cap39/A (sky130_fd_sc_hd__buf_4)
                  0.31    0.62   23.29 ^ max_cap39/X (sky130_fd_sc_hd__buf_4)
     4    0.07                           net39 (net)
                  0.31    0.02   23.31 ^ _0788_/A2 (sky130_fd_sc_hd__o21ba_4)
                  0.80    0.88   24.19 ^ _0788_/X (sky130_fd_sc_hd__o21ba_4)
     4    0.15                           _0070_ (net)
                  0.80    0.05   24.23 ^ _0789_/B (sky130_fd_sc_hd__xnor2_4)
                  0.53    0.70   24.93 v _0789_/Y (sky130_fd_sc_hd__xnor2_4)
     3    0.10                           _0071_ (net)
                  0.53    0.03   24.96 v _0825_/A (sky130_fd_sc_hd__nor2_2)
                  0.80    0.90   25.86 ^ _0825_/Y (sky130_fd_sc_hd__nor2_2)
     2    0.05                           _0107_ (net)
                  0.80    0.01   25.86 ^ _0835_/A4 (sky130_fd_sc_hd__a41o_4)
                  0.42    1.00   26.87 ^ _0835_/X (sky130_fd_sc_hd__a41o_4)
     3    0.09                           _0117_ (net)
                  0.43    0.03   26.90 ^ _0836_/B (sky130_fd_sc_hd__and2_1)
                  0.48    0.68   27.58 ^ _0836_/X (sky130_fd_sc_hd__and2_1)
     1    0.03                           _0118_ (net)
                  0.48    0.00   27.58 ^ _0837_/A (sky130_fd_sc_hd__buf_6)
                  0.52    0.69   28.27 ^ _0837_/X (sky130_fd_sc_hd__buf_6)
     8    0.17                           _0119_ (net)
                  0.52    0.03   28.29 ^ _0850_/S (sky130_fd_sc_hd__mux2_4)
                  0.48    0.85   29.14 ^ _0850_/X (sky130_fd_sc_hd__mux2_4)
     4    0.11                           _0132_ (net)
                  0.48    0.01   29.16 ^ _0851_/B1 (sky130_fd_sc_hd__o22a_2)
                  0.44    0.77   29.93 ^ _0851_/X (sky130_fd_sc_hd__o22a_2)
     1    0.05                           _0133_ (net)
                  0.44    0.01   29.94 ^ _0863_/A1 (sky130_fd_sc_hd__a21o_1)
                  0.54    0.72   30.66 ^ _0863_/X (sky130_fd_sc_hd__a21o_1)
     1    0.04                           _0145_ (net)
                  0.54    0.00   30.66 ^ _0871_/A2 (sky130_fd_sc_hd__a21o_1)
                  0.37    0.64   31.30 ^ _0871_/X (sky130_fd_sc_hd__a21o_1)
     1    0.03                           _0153_ (net)
                  0.37    0.00   31.30 ^ _0881_/A1 (sky130_fd_sc_hd__a21oi_2)
                  0.34    0.45   31.75 v _0881_/Y (sky130_fd_sc_hd__a21oi_2)
     2    0.04                           _0163_ (net)
                  0.34    0.01   31.76 v _0895_/A (sky130_fd_sc_hd__or4_2)
                  0.38    2.03   33.79 v _0895_/X (sky130_fd_sc_hd__or4_2)
     1    0.03                           _0177_ (net)
                  0.38    0.00   33.79 v _0896_/A (sky130_fd_sc_hd__buf_1)
                  0.12    0.36   34.15 v _0896_/X (sky130_fd_sc_hd__buf_1)
     1    0.01                           net20 (net)
                  0.12    0.00   34.15 v output20/A (sky130_fd_sc_hd__clkbuf_4)
                  0.14    0.36   34.51 v output20/X (sky130_fd_sc_hd__clkbuf_4)
     1    0.03                           Y[0] (net)
                  0.14    0.00   34.51 v Y[0] (out)
                                 34.51   data arrival time

                  0.00   10.00   10.00   clock __VIRTUAL_CLK__ (rise edge)
                          0.00   10.00   clock network delay (ideal)
                         -0.25    9.75   clock uncertainty
                          0.00    9.75   clock reconvergence pessimism
                         -2.00    7.75   output external delay
                                  7.75   data required time
-----------------------------------------------------------------------------
                                  7.75   data required time
                                -34.51   data arrival time
-----------------------------------------------------------------------------
                                -26.76   slack (VIOLATED)



======================= Typical Corner ===================================

Startpoint: B[0] (input port clocked by __VIRTUAL_CLK__)
Endpoint: Y[0] (output port clocked by __VIRTUAL_CLK__)
Path Group: __VIRTUAL_CLK__
Path Type: max
Corner: Typical

Fanout     Cap    Slew   Delay    Time   Description
-----------------------------------------------------------------------------
                  0.00    0.00    0.00   clock __VIRTUAL_CLK__ (rise edge)
                          0.00    0.00   clock network delay (ideal)
                          2.00    2.00 ^ input external delay
                  0.02    0.01    2.01 ^ B[0] (in)
     1    0.00                           B[0] (net)
                  0.02    0.00    2.01 ^ input9/A (sky130_fd_sc_hd__buf_4)
                  0.28    0.28    2.29 ^ input9/X (sky130_fd_sc_hd__buf_4)
     3    0.10                           net9 (net)
                  0.29    0.02    2.31 ^ _0664_/B_N (sky130_fd_sc_hd__or2b_4)
                  0.16    0.45    2.75 v _0664_/X (sky130_fd_sc_hd__or2b_4)
     2    0.10                           _0374_ (net)
                  0.16    0.02    2.78 v _0665_/A2 (sky130_fd_sc_hd__a21oi_4)
                  0.74    0.68    3.46 ^ _0665_/Y (sky130_fd_sc_hd__a21oi_4)
     3    0.11                           _0385_ (net)
                  0.74    0.02    3.48 ^ _0667_/A2 (sky130_fd_sc_hd__o31a_4)
                  0.32    0.46    3.93 ^ _0667_/X (sky130_fd_sc_hd__o31a_4)
     4    0.11                           _0406_ (net)
                  0.33    0.03    3.97 ^ _0668_/B (sky130_fd_sc_hd__or2_4)
                  0.36    0.43    4.40 ^ _0668_/X (sky130_fd_sc_hd__or2_4)
     4    0.12                           _0417_ (net)
                  0.36    0.01    4.41 ^ _0676_/A2 (sky130_fd_sc_hd__a31o_4)
                  0.50    0.56    4.98 ^ _0676_/X (sky130_fd_sc_hd__a31o_4)
     6    0.16                           _0503_ (net)
                  0.51    0.04    5.01 ^ _0687_/D_N (sky130_fd_sc_hd__or4b_4)
                  0.16    0.68    5.69 v _0687_/X (sky130_fd_sc_hd__or4b_4)
     3    0.06                           _0619_ (net)
                  0.17    0.01    5.70 v _0690_/A3 (sky130_fd_sc_hd__a32o_4)
                  0.11    0.46    6.17 v _0690_/X (sky130_fd_sc_hd__a32o_4)
     3    0.06                           _0626_ (net)
                  0.11    0.01    6.17 v _0692_/A3 (sky130_fd_sc_hd__a31o_2)
                  0.14    0.39    6.56 v _0692_/X (sky130_fd_sc_hd__a31o_2)
     1    0.05                           _0628_ (net)
                  0.14    0.01    6.58 v _0693_/A2 (sky130_fd_sc_hd__a211oi_4)
                  0.51    0.56    7.13 ^ _0693_/Y (sky130_fd_sc_hd__a211oi_4)
     2    0.04                           _0629_ (net)
                  0.51    0.00    7.14 ^ wire53/A (sky130_fd_sc_hd__buf_2)
                  0.22    0.35    7.49 ^ wire53/X (sky130_fd_sc_hd__buf_2)
     3    0.04                           net53 (net)
                  0.22    0.01    7.50 ^ max_cap52/A (sky130_fd_sc_hd__clkbuf_2)
                  0.21    0.29    7.78 ^ max_cap52/X (sky130_fd_sc_hd__clkbuf_2)
     1    0.04                           net52 (net)
                  0.21    0.01    7.79 ^ _0701_/B (sky130_fd_sc_hd__nand3b_4)
                  0.36    0.35    8.14 v _0701_/Y (sky130_fd_sc_hd__nand3b_4)
     4    0.11                           _0637_ (net)
                  0.36    0.02    8.16 v _0706_/A2 (sky130_fd_sc_hd__a21o_4)
                  0.15    0.45    8.61 v _0706_/X (sky130_fd_sc_hd__a21o_4)
     3    0.10                           _0642_ (net)
                  0.16    0.04    8.65 v _0720_/B2 (sky130_fd_sc_hd__a22oi_4)
                  0.44    0.45    9.09 ^ _0720_/Y (sky130_fd_sc_hd__a22oi_4)
     2    0.06                           _0002_ (net)
                  0.44    0.00    9.10 ^ _0730_/A2 (sky130_fd_sc_hd__o31ai_4)
                  0.18    0.23    9.32 v _0730_/Y (sky130_fd_sc_hd__o31ai_4)
     2    0.05                           _0012_ (net)
                  0.18    0.01    9.33 v _0732_/A2 (sky130_fd_sc_hd__a21oi_4)
                  0.59    0.57    9.90 ^ _0732_/Y (sky130_fd_sc_hd__a21oi_4)
     3    0.08                           _0014_ (net)
                  0.59    0.01    9.91 ^ max_cap46/A (sky130_fd_sc_hd__buf_4)
                  0.17    0.34   10.25 ^ max_cap46/X (sky130_fd_sc_hd__buf_4)
     3    0.06                           net46 (net)
                  0.18    0.01   10.26 ^ _0733_/S (sky130_fd_sc_hd__mux2_8)
                  0.11    0.49   10.75 v _0733_/X (sky130_fd_sc_hd__mux2_8)
     3    0.09                           _0015_ (net)
                  0.12    0.01   10.76 v _0746_/B (sky130_fd_sc_hd__xnor2_1)
                  0.30    0.31   11.07 ^ _0746_/Y (sky130_fd_sc_hd__xnor2_1)
     1    0.01                           _0028_ (net)
                  0.30    0.00   11.07 ^ wire42/A (sky130_fd_sc_hd__buf_4)
                  0.30    0.37   11.44 ^ wire42/X (sky130_fd_sc_hd__buf_4)
     3    0.11                           net42 (net)
                  0.31    0.04   11.48 ^ _0763_/A1 (sky130_fd_sc_hd__a21o_4)
                  0.25    0.33   11.81 ^ _0763_/X (sky130_fd_sc_hd__a21o_4)
     2    0.09                           _0045_ (net)
                  0.25    0.03   11.84 ^ _0765_/A2 (sky130_fd_sc_hd__a21o_4)
                  0.46    0.47   12.31 ^ _0765_/X (sky130_fd_sc_hd__a21o_4)
     4    0.17                           _0047_ (net)
                  0.46    0.03   12.34 ^ _0776_/A1 (sky130_fd_sc_hd__a32oi_4)
                  0.31    0.37   12.71 v _0776_/Y (sky130_fd_sc_hd__a32oi_4)
     3    0.07                           _0058_ (net)
                  0.31    0.02   12.73 v _0780_/A2 (sky130_fd_sc_hd__a21oi_4)
                  0.38    0.47   13.20 ^ _0780_/Y (sky130_fd_sc_hd__a21oi_4)
     5    0.05                           _0062_ (net)
                  0.38    0.00   13.20 ^ max_cap39/A (sky130_fd_sc_hd__buf_4)
                  0.19    0.31   13.51 ^ max_cap39/X (sky130_fd_sc_hd__buf_4)
     4    0.07                           net39 (net)
                  0.19    0.02   13.53 ^ _0788_/A2 (sky130_fd_sc_hd__o21ba_4)
                  0.52    0.49   14.02 ^ _0788_/X (sky130_fd_sc_hd__o21ba_4)
     4    0.15                           _0070_ (net)
                  0.53    0.04   14.07 ^ _0789_/B (sky130_fd_sc_hd__xnor2_4)
                  0.28    0.34   14.40 v _0789_/Y (sky130_fd_sc_hd__xnor2_4)
     3    0.10                           _0071_ (net)
                  0.29    0.03   14.43 v _0825_/A (sky130_fd_sc_hd__nor2_2)
                  0.49    0.52   14.95 ^ _0825_/Y (sky130_fd_sc_hd__nor2_2)
     2    0.05                           _0107_ (net)
                  0.49    0.01   14.95 ^ _0835_/A4 (sky130_fd_sc_hd__a41o_4)
                  0.26    0.47   15.42 ^ _0835_/X (sky130_fd_sc_hd__a41o_4)
     3    0.09                           _0117_ (net)
                  0.27    0.03   15.45 ^ _0836_/B (sky130_fd_sc_hd__and2_1)
                  0.30    0.37   15.82 ^ _0836_/X (sky130_fd_sc_hd__and2_1)
     1    0.03                           _0118_ (net)
                  0.30    0.00   15.83 ^ _0837_/A (sky130_fd_sc_hd__buf_6)
                  0.33    0.37   16.20 ^ _0837_/X (sky130_fd_sc_hd__buf_6)
     8    0.17                           _0119_ (net)
                  0.33    0.03   16.22 ^ _0850_/S (sky130_fd_sc_hd__mux2_4)
                  0.31    0.44   16.66 ^ _0850_/X (sky130_fd_sc_hd__mux2_4)
     4    0.10                           _0132_ (net)
                  0.31    0.01   16.68 ^ _0851_/B1 (sky130_fd_sc_hd__o22a_2)
                  0.27    0.40   17.08 ^ _0851_/X (sky130_fd_sc_hd__o22a_2)
     1    0.05                           _0133_ (net)
                  0.27    0.01   17.09 ^ _0863_/A1 (sky130_fd_sc_hd__a21o_1)
                  0.34    0.39   17.48 ^ _0863_/X (sky130_fd_sc_hd__a21o_1)
     1    0.04                           _0145_ (net)
                  0.34    0.00   17.48 ^ _0871_/A2 (sky130_fd_sc_hd__a21o_1)
                  0.24    0.33   17.81 ^ _0871_/X (sky130_fd_sc_hd__a21o_1)
     1    0.03                           _0153_ (net)
                  0.24    0.00   17.81 ^ _0881_/A1 (sky130_fd_sc_hd__a21oi_2)
                  0.17    0.21   18.02 v _0881_/Y (sky130_fd_sc_hd__a21oi_2)
     2    0.04                           _0163_ (net)
                  0.17    0.01   18.03 v _0895_/A (sky130_fd_sc_hd__or4_2)
                  0.19    0.87   18.90 v _0895_/X (sky130_fd_sc_hd__or4_2)
     1    0.03                           _0177_ (net)
                  0.19    0.00   18.90 v _0896_/A (sky130_fd_sc_hd__buf_1)
                  0.06    0.18   19.08 v _0896_/X (sky130_fd_sc_hd__buf_1)
     1    0.01                           net20 (net)
                  0.06    0.00   19.08 v output20/A (sky130_fd_sc_hd__clkbuf_4)
                  0.08    0.20   19.28 v output20/X (sky130_fd_sc_hd__clkbuf_4)
     1    0.03                           Y[0] (net)
                  0.08    0.00   19.28 v Y[0] (out)
                                 19.28   data arrival time

                  0.00   10.00   10.00   clock __VIRTUAL_CLK__ (rise edge)
                          0.00   10.00   clock network delay (ideal)
                         -0.25    9.75   clock uncertainty
                          0.00    9.75   clock reconvergence pessimism
                         -2.00    7.75   output external delay
                                  7.75   data required time
-----------------------------------------------------------------------------
                                  7.75   data required time
                                -19.28   data arrival time
-----------------------------------------------------------------------------
                                -11.53   slack (VIOLATED)




===========================================================================
report_checks --slack_max -0.01
============================================================================
======================= Fastest Corner ===================================

Startpoint: B[0] (input port clocked by __VIRTUAL_CLK__)
Endpoint: Y[0] (output port clocked by __VIRTUAL_CLK__)
Path Group: __VIRTUAL_CLK__
Path Type: max
Corner: Fastest

Fanout     Cap    Slew   Delay    Time   Description
-----------------------------------------------------------------------------
                  0.00    0.00    0.00   clock __VIRTUAL_CLK__ (rise edge)
                          0.00    0.00   clock network delay (ideal)
                          2.00    2.00 ^ input external delay
                  0.02    0.01    2.01 ^ B[0] (in)
     1    0.00                           B[0] (net)
                  0.02    0.00    2.01 ^ input9/A (sky130_fd_sc_hd__buf_4)
                  0.21    0.20    2.20 ^ input9/X (sky130_fd_sc_hd__buf_4)
     3    0.10                           net9 (net)
                  0.22    0.02    2.22 ^ _0664_/B_N (sky130_fd_sc_hd__or2b_4)
                  0.11    0.26    2.49 v _0664_/X (sky130_fd_sc_hd__or2b_4)
     2    0.10                           _0374_ (net)
                  0.12    0.02    2.51 v _0665_/A2 (sky130_fd_sc_hd__a21oi_4)
                  0.56    0.48    3.00 ^ _0665_/Y (sky130_fd_sc_hd__a21oi_4)
     3    0.11                           _0385_ (net)
                  0.56    0.02    3.02 ^ _0667_/A2 (sky130_fd_sc_hd__o31a_4)
                  0.24    0.25    3.27 ^ _0667_/X (sky130_fd_sc_hd__o31a_4)
     4    0.11                           _0406_ (net)
                  0.25    0.03    3.30 ^ _0668_/B (sky130_fd_sc_hd__or2_4)
                  0.27    0.29    3.59 ^ _0668_/X (sky130_fd_sc_hd__or2_4)
     4    0.12                           _0417_ (net)
                  0.27    0.01    3.60 ^ _0676_/A2 (sky130_fd_sc_hd__a31o_4)
                  0.39    0.37    3.97 ^ _0676_/X (sky130_fd_sc_hd__a31o_4)
     6    0.16                           _0503_ (net)
                  0.39    0.04    4.00 ^ _0687_/D_N (sky130_fd_sc_hd__or4b_4)
                  0.12    0.38    4.38 v _0687_/X (sky130_fd_sc_hd__or4b_4)
     3    0.06                           _0619_ (net)
                  0.12    0.01    4.39 v _0690_/A3 (sky130_fd_sc_hd__a32o_4)
                  0.09    0.26    4.65 v _0690_/X (sky130_fd_sc_hd__a32o_4)
     3    0.06                           _0626_ (net)
                  0.09    0.01    4.66 v _0692_/A3 (sky130_fd_sc_hd__a31o_2)
                  0.10    0.26    4.91 v _0692_/X (sky130_fd_sc_hd__a31o_2)
     1    0.05                           _0628_ (net)
                  0.10    0.01    4.93 v _0693_/A2 (sky130_fd_sc_hd__a211oi_4)
                  0.38    0.39    5.32 ^ _0693_/Y (sky130_fd_sc_hd__a211oi_4)
     2    0.04                           _0629_ (net)
                  0.38    0.00    5.32 ^ wire53/A (sky130_fd_sc_hd__buf_2)
                  0.16    0.21    5.53 ^ wire53/X (sky130_fd_sc_hd__buf_2)
     3    0.04                           net53 (net)
                  0.16    0.01    5.53 ^ max_cap52/A (sky130_fd_sc_hd__clkbuf_2)
                  0.16    0.19    5.72 ^ max_cap52/X (sky130_fd_sc_hd__clkbuf_2)
     1    0.04                           net52 (net)
                  0.17    0.01    5.73 ^ _0701_/B (sky130_fd_sc_hd__nand3b_4)
                  0.24    0.21    5.95 v _0701_/Y (sky130_fd_sc_hd__nand3b_4)
     4    0.11                           _0637_ (net)
                  0.24    0.02    5.96 v _0706_/A2 (sky130_fd_sc_hd__a21o_4)
                  0.11    0.29    6.25 v _0706_/X (sky130_fd_sc_hd__a21o_4)
     3    0.10                           _0642_ (net)
                  0.12    0.03    6.28 v _0720_/B2 (sky130_fd_sc_hd__a22oi_4)
                  0.25    0.24    6.53 ^ _0720_/Y (sky130_fd_sc_hd__a22oi_4)
     2    0.06                           _0002_ (net)
                  0.25    0.00    6.53 ^ _0730_/A2 (sky130_fd_sc_hd__o31ai_4)
                  0.13    0.12    6.65 v _0730_/Y (sky130_fd_sc_hd__o31ai_4)
     2    0.05                           _0012_ (net)
                  0.13    0.01    6.66 v _0732_/A2 (sky130_fd_sc_hd__a21oi_4)
                  0.44    0.40    7.06 ^ _0732_/Y (sky130_fd_sc_hd__a21oi_4)
     3    0.08                           _0014_ (net)
                  0.44    0.01    7.07 ^ max_cap46/A (sky130_fd_sc_hd__buf_4)
                  0.13    0.18    7.25 ^ max_cap46/X (sky130_fd_sc_hd__buf_4)
     3    0.06                           net46 (net)
                  0.13    0.01    7.26 ^ _0733_/S (sky130_fd_sc_hd__mux2_8)
                  0.09    0.30    7.56 v _0733_/X (sky130_fd_sc_hd__mux2_8)
     3    0.09                           _0015_ (net)
                  0.10    0.01    7.58 v _0746_/B (sky130_fd_sc_hd__xnor2_1)
                  0.21    0.22    7.80 ^ _0746_/Y (sky130_fd_sc_hd__xnor2_1)
     1    0.01                           _0028_ (net)
                  0.21    0.00    7.80 ^ wire42/A (sky130_fd_sc_hd__buf_4)
                  0.23    0.23    8.03 ^ wire42/X (sky130_fd_sc_hd__buf_4)
     3    0.11                           net42 (net)
                  0.24    0.04    8.07 ^ _0763_/A1 (sky130_fd_sc_hd__a21o_4)
                  0.18    0.20    8.26 ^ _0763_/X (sky130_fd_sc_hd__a21o_4)
     2    0.09                           _0045_ (net)
                  0.19    0.03    8.29 ^ _0765_/A2 (sky130_fd_sc_hd__a21o_4)
                  0.35    0.31    8.60 ^ _0765_/X (sky130_fd_sc_hd__a21o_4)
     4    0.17                           _0047_ (net)
                  0.35    0.03    8.63 ^ _0776_/A1 (sky130_fd_sc_hd__a32oi_4)
                  0.22    0.21    8.84 v _0776_/Y (sky130_fd_sc_hd__a32oi_4)
     3    0.07                           _0058_ (net)
                  0.22    0.02    8.86 v _0780_/A2 (sky130_fd_sc_hd__a21oi_4)
                  0.28    0.33    9.19 ^ _0780_/Y (sky130_fd_sc_hd__a21oi_4)
     5    0.05                           _0062_ (net)
                  0.28    0.00    9.19 ^ max_cap39/A (sky130_fd_sc_hd__buf_4)
                  0.15    0.19    9.38 ^ max_cap39/X (sky130_fd_sc_hd__buf_4)
     4    0.07                           net39 (net)
                  0.15    0.02    9.39 ^ _0788_/A2 (sky130_fd_sc_hd__o21ba_4)
                  0.40    0.34    9.74 ^ _0788_/X (sky130_fd_sc_hd__o21ba_4)
     4    0.15                           _0070_ (net)
                  0.41    0.04    9.78 ^ _0789_/B (sky130_fd_sc_hd__xnor2_4)
                  0.20    0.19    9.97 v _0789_/Y (sky130_fd_sc_hd__xnor2_4)
     3    0.10                           _0071_ (net)
                  0.21    0.03   10.00 v _0825_/A (sky130_fd_sc_hd__nor2_2)
                  0.35    0.36   10.36 ^ _0825_/Y (sky130_fd_sc_hd__nor2_2)
     2    0.05                           _0107_ (net)
                  0.35    0.01   10.37 ^ _0835_/A4 (sky130_fd_sc_hd__a41o_4)
                  0.20    0.27   10.64 ^ _0835_/X (sky130_fd_sc_hd__a41o_4)
     3    0.09                           _0117_ (net)
                  0.20    0.03   10.67 ^ _0836_/B (sky130_fd_sc_hd__and2_1)
                  0.22    0.24   10.92 ^ _0836_/X (sky130_fd_sc_hd__and2_1)
     1    0.03                           _0118_ (net)
                  0.22    0.00   10.92 ^ _0837_/A (sky130_fd_sc_hd__buf_6)
                  0.25    0.24   11.16 ^ _0837_/X (sky130_fd_sc_hd__buf_6)
     8    0.17                           _0119_ (net)
                  0.25    0.02   11.18 ^ _0850_/S (sky130_fd_sc_hd__mux2_4)
                  0.23    0.28   11.47 ^ _0850_/X (sky130_fd_sc_hd__mux2_4)
     4    0.10                           _0132_ (net)
                  0.23    0.01   11.48 ^ _0851_/B1 (sky130_fd_sc_hd__o22a_2)
                  0.20    0.23   11.71 ^ _0851_/X (sky130_fd_sc_hd__o22a_2)
     1    0.05                           _0133_ (net)
                  0.20    0.01   11.72 ^ _0863_/A1 (sky130_fd_sc_hd__a21o_1)
                  0.26    0.25   11.97 ^ _0863_/X (sky130_fd_sc_hd__a21o_1)
     1    0.04                           _0145_ (net)
                  0.26    0.00   11.98 ^ _0871_/A2 (sky130_fd_sc_hd__a21o_1)
                  0.18    0.20   12.18 ^ _0871_/X (sky130_fd_sc_hd__a21o_1)
     1    0.03                           _0153_ (net)
                  0.18    0.00   12.18 ^ _0881_/A1 (sky130_fd_sc_hd__a21oi_2)
                  0.12    0.12   12.30 v _0881_/Y (sky130_fd_sc_hd__a21oi_2)
     2    0.04                           _0163_ (net)
                  0.12    0.01   12.31 v _0895_/A (sky130_fd_sc_hd__or4_2)
                  0.12    0.50   12.81 v _0895_/X (sky130_fd_sc_hd__or4_2)
     1    0.03                           _0177_ (net)
                  0.12    0.00   12.81 v _0896_/A (sky130_fd_sc_hd__buf_1)
                  0.04    0.12   12.93 v _0896_/X (sky130_fd_sc_hd__buf_1)
     1    0.01                           net20 (net)
                  0.04    0.00   12.93 v output20/A (sky130_fd_sc_hd__clkbuf_4)
                  0.06    0.13   13.06 v output20/X (sky130_fd_sc_hd__clkbuf_4)
     1    0.03                           Y[0] (net)
                  0.06    0.00   13.06 v Y[0] (out)
                                 13.06   data arrival time

                  0.00   10.00   10.00   clock __VIRTUAL_CLK__ (rise edge)
                          0.00   10.00   clock network delay (ideal)
                         -0.25    9.75   clock uncertainty
                          0.00    9.75   clock reconvergence pessimism
                         -2.00    7.75   output external delay
                                  7.75   data required time
-----------------------------------------------------------------------------
                                  7.75   data required time
                                -13.06   data arrival time
-----------------------------------------------------------------------------
                                 -5.31   slack (VIOLATED)



======================= Slowest Corner ===================================

Startpoint: B[0] (input port clocked by __VIRTUAL_CLK__)
Endpoint: Y[0] (output port clocked by __VIRTUAL_CLK__)
Path Group: __VIRTUAL_CLK__
Path Type: max
Corner: Slowest

Fanout     Cap    Slew   Delay    Time   Description
-----------------------------------------------------------------------------
                  0.00    0.00    0.00   clock __VIRTUAL_CLK__ (rise edge)
                          0.00    0.00   clock network delay (ideal)
                          2.00    2.00 ^ input external delay
                  0.04    0.02    2.02 ^ B[0] (in)
     1    0.00                           B[0] (net)
                  0.04    0.00    2.02 ^ input9/A (sky130_fd_sc_hd__buf_4)
                  0.45    0.48    2.50 ^ input9/X (sky130_fd_sc_hd__buf_4)
     3    0.10                           net9 (net)
                  0.45    0.02    2.52 ^ _0664_/B_N (sky130_fd_sc_hd__or2b_4)
                  0.27    0.90    3.42 v _0664_/X (sky130_fd_sc_hd__or2b_4)
     2    0.10                           _0374_ (net)
                  0.27    0.02    3.44 v _0665_/A2 (sky130_fd_sc_hd__a21oi_4)
                  1.18    1.12    4.56 ^ _0665_/Y (sky130_fd_sc_hd__a21oi_4)
     3    0.11                           _0385_ (net)
                  1.18    0.02    4.58 ^ _0667_/A2 (sky130_fd_sc_hd__o31a_4)
                  0.51    0.97    5.55 ^ _0667_/X (sky130_fd_sc_hd__o31a_4)
     4    0.11                           _0406_ (net)
                  0.51    0.03    5.58 ^ _0668_/B (sky130_fd_sc_hd__or2_4)
                  0.56    0.80    6.38 ^ _0668_/X (sky130_fd_sc_hd__or2_4)
     4    0.12                           _0417_ (net)
                  0.56    0.01    6.39 ^ _0676_/A2 (sky130_fd_sc_hd__a31o_4)
                  0.78    1.05    7.44 ^ _0676_/X (sky130_fd_sc_hd__a31o_4)
     6    0.16                           _0503_ (net)
                  0.78    0.04    7.48 ^ _0687_/D_N (sky130_fd_sc_hd__or4b_4)
                  0.30    1.43    8.91 v _0687_/X (sky130_fd_sc_hd__or4b_4)
     3    0.06                           _0619_ (net)
                  0.30    0.01    8.92 v _0690_/A3 (sky130_fd_sc_hd__a32o_4)
                  0.20    0.82    9.74 v _0690_/X (sky130_fd_sc_hd__a32o_4)
     3    0.06                           _0626_ (net)
                  0.20    0.01    9.74 v _0692_/A3 (sky130_fd_sc_hd__a31o_2)
                  0.26    0.73   10.47 v _0692_/X (sky130_fd_sc_hd__a31o_2)
     1    0.05                           _0628_ (net)
                  0.26    0.01   10.48 v _0693_/A2 (sky130_fd_sc_hd__a211oi_4)
                  0.83    0.95   11.43 ^ _0693_/Y (sky130_fd_sc_hd__a211oi_4)
     2    0.04                           _0629_ (net)
                  0.83    0.00   11.44 ^ wire53/A (sky130_fd_sc_hd__buf_2)
                  0.34    0.70   12.14 ^ wire53/X (sky130_fd_sc_hd__buf_2)
     3    0.04                           net53 (net)
                  0.34    0.01   12.15 ^ max_cap52/A (sky130_fd_sc_hd__clkbuf_2)
                  0.33    0.52   12.67 ^ max_cap52/X (sky130_fd_sc_hd__clkbuf_2)
     1    0.04                           net52 (net)
                  0.33    0.01   12.67 ^ _0701_/B (sky130_fd_sc_hd__nand3b_4)
                  0.75    0.75   13.43 v _0701_/Y (sky130_fd_sc_hd__nand3b_4)
     4    0.11                           _0637_ (net)
                  0.75    0.02   13.44 v _0706_/A2 (sky130_fd_sc_hd__a21o_4)
                  0.26    0.89   14.34 v _0706_/X (sky130_fd_sc_hd__a21o_4)
     3    0.10                           _0642_ (net)
                  0.26    0.04   14.37 v _0720_/B2 (sky130_fd_sc_hd__a22oi_4)
                  0.70    0.74   15.11 ^ _0720_/Y (sky130_fd_sc_hd__a22oi_4)
     2    0.06                           _0002_ (net)
                  0.70    0.00   15.11 ^ _0730_/A2 (sky130_fd_sc_hd__o31ai_4)
                  0.31    0.50   15.61 v _0730_/Y (sky130_fd_sc_hd__o31ai_4)
     2    0.05                           _0012_ (net)
                  0.31    0.01   15.62 v _0732_/A2 (sky130_fd_sc_hd__a21oi_4)
                  0.93    0.94   16.56 ^ _0732_/Y (sky130_fd_sc_hd__a21oi_4)
     3    0.08                           _0014_ (net)
                  0.93    0.01   16.57 ^ max_cap46/A (sky130_fd_sc_hd__buf_4)
                  0.28    0.70   17.27 ^ max_cap46/X (sky130_fd_sc_hd__buf_4)
     3    0.06                           net46 (net)
                  0.28    0.01   17.28 ^ _0733_/S (sky130_fd_sc_hd__mux2_8)
                  0.20    0.94   18.22 v _0733_/X (sky130_fd_sc_hd__mux2_8)
     3    0.09                           _0015_ (net)
                  0.20    0.01   18.24 v _0746_/B (sky130_fd_sc_hd__xnor2_1)
                  0.49    0.53   18.76 ^ _0746_/Y (sky130_fd_sc_hd__xnor2_1)
     1    0.01                           _0028_ (net)
                  0.49    0.00   18.77 ^ wire42/A (sky130_fd_sc_hd__buf_4)
                  0.48    0.70   19.46 ^ wire42/X (sky130_fd_sc_hd__buf_4)
     3    0.11                           net42 (net)
                  0.48    0.04   19.50 ^ _0763_/A1 (sky130_fd_sc_hd__a21o_4)
                  0.39    0.65   20.15 ^ _0763_/X (sky130_fd_sc_hd__a21o_4)
     2    0.09                           _0045_ (net)
                  0.39    0.03   20.18 ^ _0765_/A2 (sky130_fd_sc_hd__a21o_4)
                  0.72    0.86   21.04 ^ _0765_/X (sky130_fd_sc_hd__a21o_4)
     4    0.17                           _0047_ (net)
                  0.72    0.03   21.07 ^ _0776_/A1 (sky130_fd_sc_hd__a32oi_4)
                  0.57    0.78   21.85 v _0776_/Y (sky130_fd_sc_hd__a32oi_4)
     3    0.07                           _0058_ (net)
                  0.57    0.02   21.87 v _0780_/A2 (sky130_fd_sc_hd__a21oi_4)
                  0.59    0.80   22.67 ^ _0780_/Y (sky130_fd_sc_hd__a21oi_4)
     5    0.05                           _0062_ (net)
                  0.59    0.00   22.67 ^ max_cap39/A (sky130_fd_sc_hd__buf_4)
                  0.31    0.62   23.29 ^ max_cap39/X (sky130_fd_sc_hd__buf_4)
     4    0.07                           net39 (net)
                  0.31    0.02   23.31 ^ _0788_/A2 (sky130_fd_sc_hd__o21ba_4)
                  0.80    0.88   24.19 ^ _0788_/X (sky130_fd_sc_hd__o21ba_4)
     4    0.15                           _0070_ (net)
                  0.80    0.05   24.23 ^ _0789_/B (sky130_fd_sc_hd__xnor2_4)
                  0.53    0.70   24.93 v _0789_/Y (sky130_fd_sc_hd__xnor2_4)
     3    0.10                           _0071_ (net)
                  0.53    0.03   24.96 v _0825_/A (sky130_fd_sc_hd__nor2_2)
                  0.80    0.90   25.86 ^ _0825_/Y (sky130_fd_sc_hd__nor2_2)
     2    0.05                           _0107_ (net)
                  0.80    0.01   25.86 ^ _0835_/A4 (sky130_fd_sc_hd__a41o_4)
                  0.42    1.00   26.87 ^ _0835_/X (sky130_fd_sc_hd__a41o_4)
     3    0.09                           _0117_ (net)
                  0.43    0.03   26.90 ^ _0836_/B (sky130_fd_sc_hd__and2_1)
                  0.48    0.68   27.58 ^ _0836_/X (sky130_fd_sc_hd__and2_1)
     1    0.03                           _0118_ (net)
                  0.48    0.00   27.58 ^ _0837_/A (sky130_fd_sc_hd__buf_6)
                  0.52    0.69   28.27 ^ _0837_/X (sky130_fd_sc_hd__buf_6)
     8    0.17                           _0119_ (net)
                  0.52    0.03   28.29 ^ _0850_/S (sky130_fd_sc_hd__mux2_4)
                  0.48    0.85   29.14 ^ _0850_/X (sky130_fd_sc_hd__mux2_4)
     4    0.11                           _0132_ (net)
                  0.48    0.01   29.16 ^ _0851_/B1 (sky130_fd_sc_hd__o22a_2)
                  0.44    0.77   29.93 ^ _0851_/X (sky130_fd_sc_hd__o22a_2)
     1    0.05                           _0133_ (net)
                  0.44    0.01   29.94 ^ _0863_/A1 (sky130_fd_sc_hd__a21o_1)
                  0.54    0.72   30.66 ^ _0863_/X (sky130_fd_sc_hd__a21o_1)
     1    0.04                           _0145_ (net)
                  0.54    0.00   30.66 ^ _0871_/A2 (sky130_fd_sc_hd__a21o_1)
                  0.37    0.64   31.30 ^ _0871_/X (sky130_fd_sc_hd__a21o_1)
     1    0.03                           _0153_ (net)
                  0.37    0.00   31.30 ^ _0881_/A1 (sky130_fd_sc_hd__a21oi_2)
                  0.34    0.45   31.75 v _0881_/Y (sky130_fd_sc_hd__a21oi_2)
     2    0.04                           _0163_ (net)
                  0.34    0.01   31.76 v _0895_/A (sky130_fd_sc_hd__or4_2)
                  0.38    2.03   33.79 v _0895_/X (sky130_fd_sc_hd__or4_2)
     1    0.03                           _0177_ (net)
                  0.38    0.00   33.79 v _0896_/A (sky130_fd_sc_hd__buf_1)
                  0.12    0.36   34.15 v _0896_/X (sky130_fd_sc_hd__buf_1)
     1    0.01                           net20 (net)
                  0.12    0.00   34.15 v output20/A (sky130_fd_sc_hd__clkbuf_4)
                  0.14    0.36   34.51 v output20/X (sky130_fd_sc_hd__clkbuf_4)
     1    0.03                           Y[0] (net)
                  0.14    0.00   34.51 v Y[0] (out)
                                 34.51   data arrival time

                  0.00   10.00   10.00   clock __VIRTUAL_CLK__ (rise edge)
                          0.00   10.00   clock network delay (ideal)
                         -0.25    9.75   clock uncertainty
                          0.00    9.75   clock reconvergence pessimism
                         -2.00    7.75   output external delay
                                  7.75   data required time
-----------------------------------------------------------------------------
                                  7.75   data required time
                                -34.51   data arrival time
-----------------------------------------------------------------------------
                                -26.76   slack (VIOLATED)



======================= Typical Corner ===================================

Startpoint: B[0] (input port clocked by __VIRTUAL_CLK__)
Endpoint: Y[0] (output port clocked by __VIRTUAL_CLK__)
Path Group: __VIRTUAL_CLK__
Path Type: max
Corner: Typical

Fanout     Cap    Slew   Delay    Time   Description
-----------------------------------------------------------------------------
                  0.00    0.00    0.00   clock __VIRTUAL_CLK__ (rise edge)
                          0.00    0.00   clock network delay (ideal)
                          2.00    2.00 ^ input external delay
                  0.02    0.01    2.01 ^ B[0] (in)
     1    0.00                           B[0] (net)
                  0.02    0.00    2.01 ^ input9/A (sky130_fd_sc_hd__buf_4)
                  0.28    0.28    2.29 ^ input9/X (sky130_fd_sc_hd__buf_4)
     3    0.10                           net9 (net)
                  0.29    0.02    2.31 ^ _0664_/B_N (sky130_fd_sc_hd__or2b_4)
                  0.16    0.45    2.75 v _0664_/X (sky130_fd_sc_hd__or2b_4)
     2    0.10                           _0374_ (net)
                  0.16    0.02    2.78 v _0665_/A2 (sky130_fd_sc_hd__a21oi_4)
                  0.74    0.68    3.46 ^ _0665_/Y (sky130_fd_sc_hd__a21oi_4)
     3    0.11                           _0385_ (net)
                  0.74    0.02    3.48 ^ _0667_/A2 (sky130_fd_sc_hd__o31a_4)
                  0.32    0.46    3.93 ^ _0667_/X (sky130_fd_sc_hd__o31a_4)
     4    0.11                           _0406_ (net)
                  0.33    0.03    3.97 ^ _0668_/B (sky130_fd_sc_hd__or2_4)
                  0.36    0.43    4.40 ^ _0668_/X (sky130_fd_sc_hd__or2_4)
     4    0.12                           _0417_ (net)
                  0.36    0.01    4.41 ^ _0676_/A2 (sky130_fd_sc_hd__a31o_4)
                  0.50    0.56    4.98 ^ _0676_/X (sky130_fd_sc_hd__a31o_4)
     6    0.16                           _0503_ (net)
                  0.51    0.04    5.01 ^ _0687_/D_N (sky130_fd_sc_hd__or4b_4)
                  0.16    0.68    5.69 v _0687_/X (sky130_fd_sc_hd__or4b_4)
     3    0.06                           _0619_ (net)
                  0.17    0.01    5.70 v _0690_/A3 (sky130_fd_sc_hd__a32o_4)
                  0.11    0.46    6.17 v _0690_/X (sky130_fd_sc_hd__a32o_4)
     3    0.06                           _0626_ (net)
                  0.11    0.01    6.17 v _0692_/A3 (sky130_fd_sc_hd__a31o_2)
                  0.14    0.39    6.56 v _0692_/X (sky130_fd_sc_hd__a31o_2)
     1    0.05                           _0628_ (net)
                  0.14    0.01    6.58 v _0693_/A2 (sky130_fd_sc_hd__a211oi_4)
                  0.51    0.56    7.13 ^ _0693_/Y (sky130_fd_sc_hd__a211oi_4)
     2    0.04                           _0629_ (net)
                  0.51    0.00    7.14 ^ wire53/A (sky130_fd_sc_hd__buf_2)
                  0.22    0.35    7.49 ^ wire53/X (sky130_fd_sc_hd__buf_2)
     3    0.04                           net53 (net)
                  0.22    0.01    7.50 ^ max_cap52/A (sky130_fd_sc_hd__clkbuf_2)
                  0.21    0.29    7.78 ^ max_cap52/X (sky130_fd_sc_hd__clkbuf_2)
     1    0.04                           net52 (net)
                  0.21    0.01    7.79 ^ _0701_/B (sky130_fd_sc_hd__nand3b_4)
                  0.36    0.35    8.14 v _0701_/Y (sky130_fd_sc_hd__nand3b_4)
     4    0.11                           _0637_ (net)
                  0.36    0.02    8.16 v _0706_/A2 (sky130_fd_sc_hd__a21o_4)
                  0.15    0.45    8.61 v _0706_/X (sky130_fd_sc_hd__a21o_4)
     3    0.10                           _0642_ (net)
                  0.16    0.04    8.65 v _0720_/B2 (sky130_fd_sc_hd__a22oi_4)
                  0.44    0.45    9.09 ^ _0720_/Y (sky130_fd_sc_hd__a22oi_4)
     2    0.06                           _0002_ (net)
                  0.44    0.00    9.10 ^ _0730_/A2 (sky130_fd_sc_hd__o31ai_4)
                  0.18    0.23    9.32 v _0730_/Y (sky130_fd_sc_hd__o31ai_4)
     2    0.05                           _0012_ (net)
                  0.18    0.01    9.33 v _0732_/A2 (sky130_fd_sc_hd__a21oi_4)
                  0.59    0.57    9.90 ^ _0732_/Y (sky130_fd_sc_hd__a21oi_4)
     3    0.08                           _0014_ (net)
                  0.59    0.01    9.91 ^ max_cap46/A (sky130_fd_sc_hd__buf_4)
                  0.17    0.34   10.25 ^ max_cap46/X (sky130_fd_sc_hd__buf_4)
     3    0.06                           net46 (net)
                  0.18    0.01   10.26 ^ _0733_/S (sky130_fd_sc_hd__mux2_8)
                  0.11    0.49   10.75 v _0733_/X (sky130_fd_sc_hd__mux2_8)
     3    0.09                           _0015_ (net)
                  0.12    0.01   10.76 v _0746_/B (sky130_fd_sc_hd__xnor2_1)
                  0.30    0.31   11.07 ^ _0746_/Y (sky130_fd_sc_hd__xnor2_1)
     1    0.01                           _0028_ (net)
                  0.30    0.00   11.07 ^ wire42/A (sky130_fd_sc_hd__buf_4)
                  0.30    0.37   11.44 ^ wire42/X (sky130_fd_sc_hd__buf_4)
     3    0.11                           net42 (net)
                  0.31    0.04   11.48 ^ _0763_/A1 (sky130_fd_sc_hd__a21o_4)
                  0.25    0.33   11.81 ^ _0763_/X (sky130_fd_sc_hd__a21o_4)
     2    0.09                           _0045_ (net)
                  0.25    0.03   11.84 ^ _0765_/A2 (sky130_fd_sc_hd__a21o_4)
                  0.46    0.47   12.31 ^ _0765_/X (sky130_fd_sc_hd__a21o_4)
     4    0.17                           _0047_ (net)
                  0.46    0.03   12.34 ^ _0776_/A1 (sky130_fd_sc_hd__a32oi_4)
                  0.31    0.37   12.71 v _0776_/Y (sky130_fd_sc_hd__a32oi_4)
     3    0.07                           _0058_ (net)
                  0.31    0.02   12.73 v _0780_/A2 (sky130_fd_sc_hd__a21oi_4)
                  0.38    0.47   13.20 ^ _0780_/Y (sky130_fd_sc_hd__a21oi_4)
     5    0.05                           _0062_ (net)
                  0.38    0.00   13.20 ^ max_cap39/A (sky130_fd_sc_hd__buf_4)
                  0.19    0.31   13.51 ^ max_cap39/X (sky130_fd_sc_hd__buf_4)
     4    0.07                           net39 (net)
                  0.19    0.02   13.53 ^ _0788_/A2 (sky130_fd_sc_hd__o21ba_4)
                  0.52    0.49   14.02 ^ _0788_/X (sky130_fd_sc_hd__o21ba_4)
     4    0.15                           _0070_ (net)
                  0.53    0.04   14.07 ^ _0789_/B (sky130_fd_sc_hd__xnor2_4)
                  0.28    0.34   14.40 v _0789_/Y (sky130_fd_sc_hd__xnor2_4)
     3    0.10                           _0071_ (net)
                  0.29    0.03   14.43 v _0825_/A (sky130_fd_sc_hd__nor2_2)
                  0.49    0.52   14.95 ^ _0825_/Y (sky130_fd_sc_hd__nor2_2)
     2    0.05                           _0107_ (net)
                  0.49    0.01   14.95 ^ _0835_/A4 (sky130_fd_sc_hd__a41o_4)
                  0.26    0.47   15.42 ^ _0835_/X (sky130_fd_sc_hd__a41o_4)
     3    0.09                           _0117_ (net)
                  0.27    0.03   15.45 ^ _0836_/B (sky130_fd_sc_hd__and2_1)
                  0.30    0.37   15.82 ^ _0836_/X (sky130_fd_sc_hd__and2_1)
     1    0.03                           _0118_ (net)
                  0.30    0.00   15.83 ^ _0837_/A (sky130_fd_sc_hd__buf_6)
                  0.33    0.37   16.20 ^ _0837_/X (sky130_fd_sc_hd__buf_6)
     8    0.17                           _0119_ (net)
                  0.33    0.03   16.22 ^ _0850_/S (sky130_fd_sc_hd__mux2_4)
                  0.31    0.44   16.66 ^ _0850_/X (sky130_fd_sc_hd__mux2_4)
     4    0.10                           _0132_ (net)
                  0.31    0.01   16.68 ^ _0851_/B1 (sky130_fd_sc_hd__o22a_2)
                  0.27    0.40   17.08 ^ _0851_/X (sky130_fd_sc_hd__o22a_2)
     1    0.05                           _0133_ (net)
                  0.27    0.01   17.09 ^ _0863_/A1 (sky130_fd_sc_hd__a21o_1)
                  0.34    0.39   17.48 ^ _0863_/X (sky130_fd_sc_hd__a21o_1)
     1    0.04                           _0145_ (net)
                  0.34    0.00   17.48 ^ _0871_/A2 (sky130_fd_sc_hd__a21o_1)
                  0.24    0.33   17.81 ^ _0871_/X (sky130_fd_sc_hd__a21o_1)
     1    0.03                           _0153_ (net)
                  0.24    0.00   17.81 ^ _0881_/A1 (sky130_fd_sc_hd__a21oi_2)
                  0.17    0.21   18.02 v _0881_/Y (sky130_fd_sc_hd__a21oi_2)
     2    0.04                           _0163_ (net)
                  0.17    0.01   18.03 v _0895_/A (sky130_fd_sc_hd__or4_2)
                  0.19    0.87   18.90 v _0895_/X (sky130_fd_sc_hd__or4_2)
     1    0.03                           _0177_ (net)
                  0.19    0.00   18.90 v _0896_/A (sky130_fd_sc_hd__buf_1)
                  0.06    0.18   19.08 v _0896_/X (sky130_fd_sc_hd__buf_1)
     1    0.01                           net20 (net)
                  0.06    0.00   19.08 v output20/A (sky130_fd_sc_hd__clkbuf_4)
                  0.08    0.20   19.28 v output20/X (sky130_fd_sc_hd__clkbuf_4)
     1    0.03                           Y[0] (net)
                  0.08    0.00   19.28 v Y[0] (out)
                                 19.28   data arrival time

                  0.00   10.00   10.00   clock __VIRTUAL_CLK__ (rise edge)
                          0.00   10.00   clock network delay (ideal)
                         -0.25    9.75   clock uncertainty
                          0.00    9.75   clock reconvergence pessimism
                         -2.00    7.75   output external delay
                                  7.75   data required time
-----------------------------------------------------------------------------
                                  7.75   data required time
                                -19.28   data arrival time
-----------------------------------------------------------------------------
                                -11.53   slack (VIOLATED)




===========================================================================
 report_check_types -max_slew -max_cap -max_fanout -violators
============================================================================
======================= Fastest Corner ===================================

max fanout

Pin                                   Limit Fanout  Slack
---------------------------------------------------------
_0711_/X                                 10     11        (VIOLATED)
_0755_/X                                 10     11        (VIOLATED)


======================= Slowest Corner ===================================

max slew

Pin                                    Limit    Slew   Slack
------------------------------------------------------------
_1115_/B1                               0.75    1.27   -0.52 (VIOLATED)
_1113_/Y                                0.75    1.27   -0.52 (VIOLATED)
_0866_/A                                0.75    1.21   -0.46 (VIOLATED)
_0867_/A1                               0.75    1.21   -0.46 (VIOLATED)
ANTENNA_88/DIODE                        0.75    1.21   -0.46 (VIOLATED)
_0864_/Y                                0.75    1.21   -0.46 (VIOLATED)
_0814_/A1                               0.75    1.21   -0.46 (VIOLATED)
_0813_/X                                0.75    1.21   -0.46 (VIOLATED)
_0827_/B1                               0.75    1.18   -0.43 (VIOLATED)
_0667_/A2                               0.75    1.18   -0.43 (VIOLATED)
_1094_/B1                               0.75    1.18   -0.43 (VIOLATED)
ANTENNA_38/DIODE                        0.75    1.18   -0.43 (VIOLATED)
_0822_/B1                               0.75    1.18   -0.43 (VIOLATED)
_0821_/Y                                0.75    1.18   -0.43 (VIOLATED)
_0665_/Y                                0.75    1.18   -0.43 (VIOLATED)
_1246_/A                                0.75    1.17   -0.42 (VIOLATED)
_1216_/B                                0.75    1.17   -0.42 (VIOLATED)
_1247_/A1                               0.75    1.17   -0.42 (VIOLATED)
_1215_/Y                                0.75    1.17   -0.42 (VIOLATED)
_1177_/B                                0.75    1.16   -0.41 (VIOLATED)
_1178_/B                                0.75    1.16   -0.41 (VIOLATED)
_1176_/Y                                0.75    1.16   -0.41 (VIOLATED)
_1239_/A1                               0.75    1.13   -0.38 (VIOLATED)
_1213_/A                                0.75    1.13   -0.38 (VIOLATED)
_1211_/X                                0.75    1.13   -0.38 (VIOLATED)
_0825_/A                                0.75    1.13   -0.38 (VIOLATED)
_0810_/B_N                              0.75    1.13   -0.38 (VIOLATED)
_0809_/A                                0.75    1.13   -0.38 (VIOLATED)
_0789_/Y                                0.75    1.13   -0.38 (VIOLATED)
_0913_/A2                               0.75    1.13   -0.38 (VIOLATED)
_1097_/A2                               0.75    1.13   -0.38 (VIOLATED)
_0926_/A2_N                             0.75    1.13   -0.38 (VIOLATED)
_0894_/B                                0.75    1.13   -0.38 (VIOLATED)
_1109_/A2                               0.75    1.13   -0.38 (VIOLATED)
_0965_/A2_N                             0.75    1.13   -0.38 (VIOLATED)
_0995_/B                                0.75    1.13   -0.38 (VIOLATED)
_1047_/A2                               0.75    1.13   -0.38 (VIOLATED)
_0893_/Y                                0.75    1.13   -0.38 (VIOLATED)
_0695_/A                                0.75    1.13   -0.38 (VIOLATED)
ANTENNA_59/DIODE                        0.75    1.13   -0.38 (VIOLATED)
_0687_/B                                0.75    1.13   -0.38 (VIOLATED)
ANTENNA_58/DIODE                        0.75    1.13   -0.38 (VIOLATED)
_0686_/Y                                0.75    1.13   -0.38 (VIOLATED)
_1221_/B                                0.75    1.11   -0.36 (VIOLATED)
_1227_/B1                               0.75    1.11   -0.36 (VIOLATED)
_1220_/Y                                0.75    1.11   -0.36 (VIOLATED)
wire60/A                                0.75    1.11   -0.36 (VIOLATED)
_0901_/Y                                0.75    1.11   -0.36 (VIOLATED)
ANTENNA_31/DIODE                        0.75    1.10   -0.35 (VIOLATED)
_1032_/A                                0.75    1.10   -0.35 (VIOLATED)
ANTENNA_32/DIODE                        0.75    1.10   -0.35 (VIOLATED)
ANTENNA_33/DIODE                        0.75    1.10   -0.35 (VIOLATED)
ANTENNA_29/DIODE                        0.75    1.10   -0.35 (VIOLATED)
ANTENNA_28/DIODE                        0.75    1.10   -0.35 (VIOLATED)
ANTENNA_30/DIODE                        0.75    1.10   -0.35 (VIOLATED)
_1030_/Y                                0.75    1.10   -0.35 (VIOLATED)
_1073_/A                                0.75    1.09   -0.34 (VIOLATED)
_1074_/A                                0.75    1.08   -0.33 (VIOLATED)
_1061_/X                                0.75    1.08   -0.33 (VIOLATED)
_1184_/B                                0.75    1.08   -0.33 (VIOLATED)
_1198_/B_N                              0.75    1.08   -0.33 (VIOLATED)
_1183_/Y                                0.75    1.08   -0.33 (VIOLATED)
_0763_/B1                               0.75    1.06   -0.31 (VIOLATED)
_0762_/Y                                0.75    1.06   -0.31 (VIOLATED)
_1093_/C1                               0.75    1.05   -0.30 (VIOLATED)
_1091_/A2                               0.75    1.05   -0.30 (VIOLATED)
_1098_/B1                               0.75    1.05   -0.30 (VIOLATED)
_1090_/B                                0.75    1.05   -0.30 (VIOLATED)
_1092_/A2                               0.75    1.05   -0.30 (VIOLATED)
_1088_/Y                                0.75    1.05   -0.30 (VIOLATED)
_1267_/B1                               0.75    1.05   -0.30 (VIOLATED)
_1266_/A                                0.75    1.05   -0.30 (VIOLATED)
_1262_/Y                                0.75    1.05   -0.30 (VIOLATED)
_1164_/B1                               0.75    1.05   -0.30 (VIOLATED)
_1165_/C                                0.75    1.05   -0.30 (VIOLATED)
_1163_/Y                                0.75    1.05   -0.30 (VIOLATED)
_1181_/A                                0.75    1.04   -0.29 (VIOLATED)
_1180_/A                                0.75    1.04   -0.29 (VIOLATED)
_1172_/X                                0.75    1.04   -0.29 (VIOLATED)
_1223_/B1                               0.75    1.04   -0.29 (VIOLATED)
ANTENNA_98/DIODE                        0.75    1.04   -0.29 (VIOLATED)
_1224_/C                                0.75    1.04   -0.29 (VIOLATED)
_1222_/X                                0.75    1.04   -0.29 (VIOLATED)
_0802_/C1                               0.75    1.03   -0.28 (VIOLATED)
_0817_/A                                0.75    1.03   -0.28 (VIOLATED)
_0787_/D1                               0.75    1.03   -0.28 (VIOLATED)
_0827_/C1                               0.75    1.03   -0.28 (VIOLATED)
_0786_/Y                                0.75    1.03   -0.28 (VIOLATED)
_0931_/B2                               0.75    1.02   -0.27 (VIOLATED)
ANTENNA_16/DIODE                        0.75    1.02   -0.27 (VIOLATED)
_1253_/A1                               0.75    1.02   -0.27 (VIOLATED)
_1298_/A1                               0.75    1.02   -0.27 (VIOLATED)
_1009_/A1                               0.75    1.02   -0.27 (VIOLATED)
max_cap59/A                             0.75    1.02   -0.27 (VIOLATED)
_0943_/Y                                0.75    1.02   -0.27 (VIOLATED)
_1056_/B                                0.75    1.02   -0.27 (VIOLATED)
_1029_/B                                0.75    1.02   -0.27 (VIOLATED)
_0930_/Y                                0.75    1.02   -0.27 (VIOLATED)
_1028_/Y                                0.75    1.02   -0.27 (VIOLATED)
_0929_/A2                               0.75    1.02   -0.27 (VIOLATED)
_0899_/B                                0.75    1.02   -0.27 (VIOLATED)
_0898_/Y                                0.75    1.02   -0.27 (VIOLATED)
_1243_/A                                0.75    1.01   -0.26 (VIOLATED)
ANTENNA_45/DIODE                        0.75    1.01   -0.26 (VIOLATED)
_1244_/A                                0.75    1.01   -0.26 (VIOLATED)
ANTENNA_46/DIODE                        0.75    1.01   -0.26 (VIOLATED)
_1234_/X                                0.75    1.00   -0.25 (VIOLATED)
_1193_/B                                0.75    1.00   -0.25 (VIOLATED)
_1187_/B                                0.75    1.00   -0.25 (VIOLATED)
_1186_/Y                                0.75    1.00   -0.25 (VIOLATED)
_0921_/A                                0.75    1.00   -0.25 (VIOLATED)
_0926_/B1                               0.75    1.00   -0.25 (VIOLATED)
_0980_/B                                0.75    1.00   -0.25 (VIOLATED)
_0919_/Y                                0.75    1.00   -0.25 (VIOLATED)
_0939_/B                                0.75    0.99   -0.24 (VIOLATED)
_0938_/B                                0.75    0.99   -0.24 (VIOLATED)
ANTENNA_18/DIODE                        0.75    0.99   -0.24 (VIOLATED)
_0937_/Y                                0.75    0.99   -0.24 (VIOLATED)
_1040_/B                                0.75    0.99   -0.24 (VIOLATED)
_1038_/B                                0.75    0.99   -0.24 (VIOLATED)
_1037_/B                                0.75    0.99   -0.24 (VIOLATED)
_1036_/Y                                0.75    0.99   -0.24 (VIOLATED)
_1068_/C                                0.75    0.98   -0.23 (VIOLATED)
_1067_/B1                               0.75    0.98   -0.23 (VIOLATED)
_1066_/Y                                0.75    0.98   -0.23 (VIOLATED)
_1101_/B1                               0.75    0.98   -0.23 (VIOLATED)
_1100_/Y                                0.75    0.97   -0.22 (VIOLATED)
_1211_/A                                0.75    0.96   -0.21 (VIOLATED)
_1229_/A3                               0.75    0.96   -0.21 (VIOLATED)
ANTENNA_97/DIODE                        0.75    0.96   -0.21 (VIOLATED)
_1209_/Y                                0.75    0.96   -0.21 (VIOLATED)
_0958_/A                                0.75    0.96   -0.21 (VIOLATED)
_0956_/Y                                0.75    0.96   -0.21 (VIOLATED)
_0950_/C                                0.75    0.95   -0.20 (VIOLATED)
ANTENNA_19/DIODE                        0.75    0.95   -0.20 (VIOLATED)
_0951_/B1                               0.75    0.95   -0.20 (VIOLATED)
_0949_/Y                                0.75    0.95   -0.20 (VIOLATED)
_1206_/A                                0.75    0.94   -0.19 (VIOLATED)
_1228_/B1_N                             0.75    0.94   -0.19 (VIOLATED)
_1204_/Y                                0.75    0.94   -0.19 (VIOLATED)
_0936_/B1                               0.75    0.94   -0.19 (VIOLATED)
ANTENNA_17/DIODE                        0.75    0.93   -0.18 (VIOLATED)
_0935_/C                                0.75    0.93   -0.18 (VIOLATED)
_0934_/Y                                0.75    0.93   -0.18 (VIOLATED)
_0834_/A1                               0.75    0.93   -0.18 (VIOLATED)
_0835_/A2                               0.75    0.93   -0.18 (VIOLATED)
_0815_/Y                                0.75    0.93   -0.18 (VIOLATED)
_0731_/A2                               0.75    0.93   -0.18 (VIOLATED)
_0709_/B1                               0.75    0.93   -0.18 (VIOLATED)
_0698_/A                                0.75    0.93   -0.18 (VIOLATED)
_0696_/Y                                0.75    0.93   -0.18 (VIOLATED)
_0790_/A2                               0.75    0.93   -0.18 (VIOLATED)
_0972_/B2                               0.75    0.93   -0.18 (VIOLATED)
max_cap46/A                             0.75    0.93   -0.18 (VIOLATED)
_0732_/Y                                0.75    0.93   -0.18 (VIOLATED)
_1115_/A2                               0.75    0.93   -0.18 (VIOLATED)
_1111_/Y                                0.75    0.93   -0.18 (VIOLATED)
_1157_/B2                               0.75    0.92   -0.17 (VIOLATED)
_1148_/A                                0.75    0.92   -0.17 (VIOLATED)
_1120_/Y                                0.75    0.92   -0.17 (VIOLATED)
_1159_/A1                               0.75    0.92   -0.17 (VIOLATED)
_1147_/A                                0.75    0.92   -0.17 (VIOLATED)
_1127_/Y                                0.75    0.92   -0.17 (VIOLATED)
_0820_/A_N                              0.75    0.92   -0.17 (VIOLATED)
_0765_/B1                               0.75    0.92   -0.17 (VIOLATED)
_0764_/Y                                0.75    0.92   -0.17 (VIOLATED)
_0780_/A2                               0.75    0.91   -0.16 (VIOLATED)
_0822_/A2                               0.75    0.91   -0.16 (VIOLATED)
max_cap40/A                             0.75    0.91   -0.16 (VIOLATED)
_0776_/Y                                0.75    0.91   -0.16 (VIOLATED)
_1179_/A                                0.75    0.91   -0.16 (VIOLATED)
_1177_/Y                                0.75    0.91   -0.16 (VIOLATED)
_1100_/A2                               0.75    0.91   -0.16 (VIOLATED)
_1090_/Y                                0.75    0.91   -0.16 (VIOLATED)
_1240_/A                                0.75    0.90   -0.15 (VIOLATED)
ANTENNA_48/DIODE                        0.75    0.90   -0.15 (VIOLATED)
ANTENNA_47/DIODE                        0.75    0.90   -0.15 (VIOLATED)
_1241_/B_N                              0.75    0.90   -0.15 (VIOLATED)
ANTENNA_49/DIODE                        0.75    0.90   -0.15 (VIOLATED)
_1238_/X                                0.75    0.90   -0.15 (VIOLATED)
_1078_/B                                0.75    0.90   -0.15 (VIOLATED)
_1120_/B1                               0.75    0.90   -0.15 (VIOLATED)
_1077_/Y                                0.75    0.90   -0.15 (VIOLATED)
_1304_/B                                0.75    0.90   -0.15 (VIOLATED)
_1305_/B                                0.75    0.90   -0.15 (VIOLATED)
ANTENNA_99/DIODE                        0.75    0.90   -0.15 (VIOLATED)
_1303_/X                                0.75    0.90   -0.15 (VIOLATED)
_1314_/A                                0.75    0.90   -0.15 (VIOLATED)
_1091_/A1                               0.75    0.90   -0.15 (VIOLATED)
_1092_/A1                               0.75    0.90   -0.15 (VIOLATED)
wire47/A                                0.75    0.89   -0.14 (VIOLATED)
_0732_/A2                               0.75    0.89   -0.14 (VIOLATED)
_1090_/A                                0.75    0.89   -0.14 (VIOLATED)
_0730_/Y                                0.75    0.89   -0.14 (VIOLATED)
_1107_/A1                               0.75    0.89   -0.14 (VIOLATED)
_1093_/B1                               0.75    0.89   -0.14 (VIOLATED)
_1106_/A                                0.75    0.89   -0.14 (VIOLATED)
_1086_/Y                                0.75    0.89   -0.14 (VIOLATED)
_1232_/B                                0.75    0.89   -0.14 (VIOLATED)
_1231_/Y                                0.75    0.89   -0.14 (VIOLATED)
_1140_/B1                               0.75    0.89   -0.14 (VIOLATED)
_1139_/C                                0.75    0.89   -0.14 (VIOLATED)
_1138_/Y                                0.75    0.89   -0.14 (VIOLATED)
_1306_/A                                0.75    0.88   -0.13 (VIOLATED)
ANTENNA_57/DIODE                        0.75    0.88   -0.13 (VIOLATED)
_1304_/Y                                0.75    0.88   -0.13 (VIOLATED)
_1262_/A                                0.75    0.88   -0.13 (VIOLATED)
_1280_/A3                               0.75    0.88   -0.13 (VIOLATED)
_1260_/Y                                0.75    0.88   -0.13 (VIOLATED)
_0970_/B                                0.75    0.88   -0.13 (VIOLATED)
_0971_/B                                0.75    0.88   -0.13 (VIOLATED)
_1003_/A2                               0.75    0.88   -0.13 (VIOLATED)
_0969_/Y                                0.75    0.88   -0.13 (VIOLATED)
_1002_/B1                               0.75    0.88   -0.13 (VIOLATED)
_0995_/Y                                0.75    0.88   -0.13 (VIOLATED)
_1131_/A                                0.75    0.87   -0.12 (VIOLATED)
_1129_/Y                                0.75    0.87   -0.12 (VIOLATED)
ANTENNA_53/DIODE                        0.75    0.87   -0.12 (VIOLATED)
_1268_/B                                0.75    0.87   -0.12 (VIOLATED)
_1267_/Y                                0.75    0.87   -0.12 (VIOLATED)
_0859_/B1                               0.75    0.87   -0.12 (VIOLATED)
ANTENNA_6/DIODE                         0.75    0.87   -0.12 (VIOLATED)
_0674_/A3                               0.75    0.87   -0.12 (VIOLATED)
_0876_/C_N                              0.75    0.87   -0.12 (VIOLATED)
_1111_/B1                               0.75    0.87   -0.12 (VIOLATED)
_0672_/Y                                0.75    0.87   -0.12 (VIOLATED)
ANTENNA_7/DIODE                         0.75    0.87   -0.12 (VIOLATED)
_0860_/C                                0.75    0.87   -0.12 (VIOLATED)
_0902_/A                                0.75    0.87   -0.12 (VIOLATED)
_0858_/Y                                0.75    0.87   -0.12 (VIOLATED)
_1020_/A                                0.75    0.87   -0.12 (VIOLATED)
_0865_/B1                               0.75    0.87   -0.12 (VIOLATED)
_1054_/A2                               0.75    0.87   -0.12 (VIOLATED)
_1018_/Y                                0.75    0.87   -0.12 (VIOLATED)
_0834_/A3                               0.75    0.87   -0.12 (VIOLATED)
_0829_/Y                                0.75    0.87   -0.12 (VIOLATED)
_1030_/A                                0.75    0.86   -0.11 (VIOLATED)
_1031_/A                                0.75    0.86   -0.11 (VIOLATED)
ANTENNA_25/DIODE                        0.75    0.86   -0.11 (VIOLATED)
_1021_/Y                                0.75    0.86   -0.11 (VIOLATED)
_1034_/A2                               0.75    0.86   -0.11 (VIOLATED)
_0988_/A1                               0.75    0.86   -0.11 (VIOLATED)
_0952_/B                                0.75    0.86   -0.11 (VIOLATED)
_1033_/B                                0.75    0.86   -0.11 (VIOLATED)
ANTENNA_91/DIODE                        0.75    0.86   -0.11 (VIOLATED)
_0989_/A                                0.75    0.86   -0.11 (VIOLATED)
_0951_/Y                                0.75    0.86   -0.11 (VIOLATED)
_0987_/B                                0.75    0.86   -0.11 (VIOLATED)
_0986_/Y                                0.75    0.86   -0.11 (VIOLATED)
_1317_/A                                0.75    0.86   -0.11 (VIOLATED)
_1321_/A2                               0.75    0.86   -0.11 (VIOLATED)
_1315_/Y                                0.75    0.86   -0.11 (VIOLATED)
_0895_/D                                0.75    0.85   -0.10 (VIOLATED)
_0894_/Y                                0.75    0.85   -0.10 (VIOLATED)
_1127_/A                                0.75    0.85   -0.10 (VIOLATED)
_1158_/B1_N                             0.75    0.85   -0.10 (VIOLATED)
_1125_/Y                                0.75    0.85   -0.10 (VIOLATED)
_1227_/A1                               0.75    0.85   -0.10 (VIOLATED)
max_cap48/A                             0.75    0.85   -0.10 (VIOLATED)
_1199_/Y                                0.75    0.85   -0.10 (VIOLATED)
_0921_/B                                0.75    0.84   -0.09 (VIOLATED)
_0969_/A1                               0.75    0.84   -0.09 (VIOLATED)
_0835_/A3                               0.75    0.84   -0.09 (VIOLATED)
_0920_/Y                                0.75    0.84   -0.09 (VIOLATED)
_0834_/A2                               0.75    0.84   -0.09 (VIOLATED)
ANTENNA_87/DIODE                        0.75    0.84   -0.09 (VIOLATED)
_0819_/Y                                0.75    0.84   -0.09 (VIOLATED)
_1071_/B                                0.75    0.84   -0.09 (VIOLATED)
_1070_/B                                0.75    0.84   -0.09 (VIOLATED)
ANTENNA_36/DIODE                        0.75    0.84   -0.09 (VIOLATED)
_1069_/Y                                0.75    0.84   -0.09 (VIOLATED)
_1183_/B                                0.75    0.84   -0.09 (VIOLATED)
_1182_/Y                                0.75    0.84   -0.09 (VIOLATED)
_1312_/B1                               0.75    0.84   -0.09 (VIOLATED)
_1225_/B1                               0.75    0.84   -0.09 (VIOLATED)
wire44/A                                0.75    0.84   -0.09 (VIOLATED)
_1190_/Y                                0.75    0.84   -0.09 (VIOLATED)
_0843_/A                                0.75    0.83   -0.08 (VIOLATED)
ANTENNA_86/DIODE                        0.75    0.83   -0.08 (VIOLATED)
_0808_/B1                               0.75    0.83   -0.08 (VIOLATED)
ANTENNA_85/DIODE                        0.75    0.83   -0.08 (VIOLATED)
_0807_/Y                                0.75    0.83   -0.08 (VIOLATED)
_1126_/A                                0.75    0.83   -0.08 (VIOLATED)
_1125_/A                                0.75    0.83   -0.08 (VIOLATED)
_1123_/Y                                0.75    0.83   -0.08 (VIOLATED)
_0709_/A2                               0.75    0.83   -0.08 (VIOLATED)
wire53/A                                0.75    0.83   -0.08 (VIOLATED)
_0693_/Y                                0.75    0.83   -0.08 (VIOLATED)
_1185_/B                                0.75    0.82   -0.07 (VIOLATED)
_1194_/B_N                              0.75    0.82   -0.07 (VIOLATED)
_1184_/Y                                0.75    0.82   -0.07 (VIOLATED)
_1085_/A                                0.75    0.82   -0.07 (VIOLATED)
_1041_/B1                               0.75    0.82   -0.07 (VIOLATED)
_1084_/A                                0.75    0.82   -0.07 (VIOLATED)
_1040_/Y                                0.75    0.82   -0.07 (VIOLATED)
_0895_/A                                0.75    0.82   -0.07 (VIOLATED)
ANTENNA_101/DIODE                       0.75    0.82   -0.07 (VIOLATED)
_0881_/Y                                0.75    0.82   -0.07 (VIOLATED)
_1163_/B                                0.75    0.82   -0.07 (VIOLATED)
_1162_/Y                                0.75    0.82   -0.07 (VIOLATED)
_1251_/C                                0.75    0.81   -0.06 (VIOLATED)
_1252_/B1                               0.75    0.81   -0.06 (VIOLATED)
_1250_/Y                                0.75    0.81   -0.06 (VIOLATED)
_0794_/A1                               0.75    0.81   -0.06 (VIOLATED)
_0793_/X                                0.75    0.81   -0.06 (VIOLATED)
_0839_/A2                               0.75    0.80   -0.05 (VIOLATED)
_0838_/A0                               0.75    0.80   -0.05 (VIOLATED)
_0789_/B                                0.75    0.80   -0.05 (VIOLATED)
_0829_/A2                               0.75    0.80   -0.05 (VIOLATED)
_1260_/B                                0.75    0.80   -0.05 (VIOLATED)
_1259_/Y                                0.75    0.80   -0.05 (VIOLATED)
_0865_/A2                               0.75    0.80   -0.05 (VIOLATED)
_0835_/A4                               0.75    0.80   -0.05 (VIOLATED)
_0788_/X                                0.75    0.80   -0.05 (VIOLATED)
_0825_/Y                                0.75    0.80   -0.05 (VIOLATED)
_1085_/B                                0.75    0.80   -0.05 (VIOLATED)
_1084_/B                                0.75    0.80   -0.05 (VIOLATED)
_1079_/A                                0.75    0.80   -0.05 (VIOLATED)
_1083_/Y                                0.75    0.80   -0.05 (VIOLATED)
_1120_/A1                               0.75    0.80   -0.05 (VIOLATED)
_1055_/Y                                0.75    0.80   -0.05 (VIOLATED)
_1258_/C                                0.75    0.80   -0.05 (VIOLATED)
_1259_/B1                               0.75    0.80   -0.05 (VIOLATED)
_1257_/Y                                0.75    0.80   -0.05 (VIOLATED)
_0850_/A1                               0.75    0.79   -0.04 (VIOLATED)
_0849_/Y                                0.75    0.79   -0.04 (VIOLATED)
_1061_/A                                0.75    0.79   -0.04 (VIOLATED)
_1059_/Y                                0.75    0.79   -0.04 (VIOLATED)
_0770_/A1                               0.75    0.78   -0.03 (VIOLATED)
_0769_/Y                                0.75    0.78   -0.03 (VIOLATED)
_0781_/A                                0.75    0.78   -0.03 (VIOLATED)
_0780_/A1                               0.75    0.78   -0.03 (VIOLATED)
ANTENNA_44/DIODE                        0.75    0.78   -0.03 (VIOLATED)
_0687_/D_N                              0.75    0.78   -0.03 (VIOLATED)
_0683_/A3                               0.75    0.78   -0.03 (VIOLATED)
_0678_/A2                               0.75    0.78   -0.03 (VIOLATED)
_0822_/A1                               0.75    0.78   -0.03 (VIOLATED)
_0923_/B                                0.75    0.78   -0.03 (VIOLATED)
_0681_/B                                0.75    0.78   -0.03 (VIOLATED)
_0695_/C_N                              0.75    0.78   -0.03 (VIOLATED)
_0676_/X                                0.75    0.78   -0.03 (VIOLATED)
_0930_/A                                0.75    0.78   -0.03 (VIOLATED)
_0804_/A1                               0.75    0.78   -0.03 (VIOLATED)
_0927_/B1                               0.75    0.78   -0.03 (VIOLATED)
_0924_/B1                               0.75    0.78   -0.03 (VIOLATED)
_0921_/Y                                0.75    0.78   -0.03 (VIOLATED)
_0774_/A                                0.75    0.78   -0.03 (VIOLATED)
_0841_/A1                               0.75    0.78   -0.03 (VIOLATED)
_0840_/Y                                0.75    0.78   -0.03 (VIOLATED)
_1038_/A                                0.75    0.77   -0.02 (VIOLATED)
_0990_/A                                0.75    0.77   -0.02 (VIOLATED)
_1037_/A                                0.75    0.77   -0.02 (VIOLATED)
_0988_/X                                0.75    0.77   -0.02 (VIOLATED)
_0800_/A1                               0.75    0.77   -0.02 (VIOLATED)
_0955_/A                                0.75    0.77   -0.02 (VIOLATED)
_0989_/B                                0.75    0.77   -0.02 (VIOLATED)
_0988_/A2                               0.75    0.77   -0.02 (VIOLATED)
_0953_/Y                                0.75    0.77   -0.02 (VIOLATED)
_0737_/X                                0.75    0.77   -0.02 (VIOLATED)
_1098_/B2                               0.75    0.77   -0.02 (VIOLATED)
_1096_/Y                                0.75    0.77   -0.02 (VIOLATED)
_1316_/A                                0.75    0.76   -0.01 (VIOLATED)
_1315_/A1                               0.75    0.76   -0.01 (VIOLATED)
_1313_/Y                                0.75    0.76   -0.01 (VIOLATED)
wire62/A                                0.75    0.76   -0.01 (VIOLATED)
_0659_/Y                                0.75    0.76   -0.01 (VIOLATED)
_1313_/A                                0.75    0.75   -0.00 (VIOLATED)
_1303_/A                                0.75    0.75   -0.00 (VIOLATED)
_1286_/A                                0.75    0.75   -0.00 (VIOLATED)
_1284_/X                                0.75    0.75   -0.00 (VIOLATED)

max fanout

Pin                                   Limit Fanout  Slack
---------------------------------------------------------
_0711_/X                                 10     11        (VIOLATED)
_0755_/X                                 10     11        (VIOLATED)


======================= Typical Corner ===================================

max slew

Pin                                    Limit    Slew   Slack
------------------------------------------------------------
_0814_/A1                               0.75    0.78   -0.03 (VIOLATED)
_0866_/A                                0.75    0.78   -0.03 (VIOLATED)
_0867_/A1                               0.75    0.78   -0.03 (VIOLATED)
ANTENNA_88/DIODE                        0.75    0.78   -0.03 (VIOLATED)
_0813_/X                                0.75    0.78   -0.03 (VIOLATED)
_0864_/Y                                0.75    0.78   -0.03 (VIOLATED)
_1115_/B1                               0.75    0.77   -0.02 (VIOLATED)
_1113_/Y                                0.75    0.77   -0.02 (VIOLATED)
_0827_/B1                               0.75    0.76   -0.01 (VIOLATED)
_0822_/B1                               0.75    0.76   -0.01 (VIOLATED)
_0821_/Y                                0.75    0.76   -0.01 (VIOLATED)

max fanout

Pin                                   Limit Fanout  Slack
---------------------------------------------------------
_0711_/X                                 10     11        (VIOLATED)
_0755_/X                                 10     11        (VIOLATED)



===========================================================================
report_parasitic_annotation -report_unannotated
============================================================================
Found 0 unannotated drivers.
Found 0 partially unannotated drivers.

===========================================================================
max slew violation count 370
max fanout violation count 2
max cap violation count 0
============================================================================

===========================================================================
check_setup -verbose -unconstrained_endpoints -multiple_clock -no_clock -no_input_delay -loops -generated_clocks
===========================================================================
